[2021-11-13 13:18:26,777] {manager.py:504} INFO - Processing files using up to 2 processes at a time 
[2021-11-13 13:18:26,777] {manager.py:505} INFO - Process each file at most once every 30 seconds
[2021-11-13 13:18:26,777] {manager.py:507} INFO - Checking for new files in /opt/airflow/dags every 300 seconds
[2021-11-13 13:18:26,778] {manager.py:653} INFO - Searching for files in /opt/airflow/dags
[2021-11-13 13:18:26,796] {manager.py:656} INFO - There are 33 files in /opt/airflow/dags
[2021-11-13 13:18:26,906] {manager.py:1051} INFO - Finding 'running' jobs without a recent heartbeat
[2021-11-13 13:18:26,907] {manager.py:1055} INFO - Failing jobs without heartbeat after 2021-11-13 13:13:26.907185+00:00
[2021-11-13 13:18:26,962] {manager.py:774} INFO - 
================================================================================
DAG File Processing Stats

File Path                                                                                                           PID  Runtime      # DAGs    # Errors  Last Runtime    Last Run
----------------------------------------------------------------------------------------------------------------  -----  ---------  --------  ----------  --------------  ----------
/home/airflow/.local/lib/python3.7/site-packages/airflow/example_dags/example_bash_operator.py                       38  0.05s             0           0
/home/airflow/.local/lib/python3.7/site-packages/airflow/example_dags/example_latest_only.py                         39  0.05s             0           0
/home/airflow/.local/lib/python3.7/site-packages/airflow/example_dags/example_task_group.py                                                0           0
/home/airflow/.local/lib/python3.7/site-packages/airflow/example_dags/example_task_group_decorator.py                                      0           0
/home/airflow/.local/lib/python3.7/site-packages/airflow/example_dags/example_nested_branch_dag.py                                         0           0
/home/airflow/.local/lib/python3.7/site-packages/airflow/example_dags/example_kubernetes_executor.py                                       0           0
/home/airflow/.local/lib/python3.7/site-packages/airflow/example_dags/example_branch_datetime_operator.py                                  0           0
/home/airflow/.local/lib/python3.7/site-packages/airflow/example_dags/example_kubernetes_executor_config.py                                0           0
/home/airflow/.local/lib/python3.7/site-packages/airflow/example_dags/example_complex.py                                                   0           0
/home/airflow/.local/lib/python3.7/site-packages/airflow/example_dags/example_time_delta_sensor_async.py                                   0           0
/home/airflow/.local/lib/python3.7/site-packages/airflow/example_dags/example_xcomargs.py                                                  0           0
/home/airflow/.local/lib/python3.7/site-packages/airflow/example_dags/example_short_circuit_operator.py                                    0           0
/home/airflow/.local/lib/python3.7/site-packages/airflow/example_dags/tutorial.py                                                          0           0
/home/airflow/.local/lib/python3.7/site-packages/airflow/example_dags/test_utils.py                                                        0           0
/home/airflow/.local/lib/python3.7/site-packages/airflow/example_dags/tutorial_taskflow_api_etl_virtualenv.py                              0           0
/home/airflow/.local/lib/python3.7/site-packages/airflow/example_dags/tutorial_etl_dag.py                                                  0           0
/home/airflow/.local/lib/python3.7/site-packages/airflow/example_dags/example_passing_params_via_test_command.py                           0           0
/home/airflow/.local/lib/python3.7/site-packages/airflow/example_dags/example_dag_decorator.py                                             0           0
/home/airflow/.local/lib/python3.7/site-packages/airflow/example_dags/tutorial_taskflow_api_etl.py                                         0           0
/home/airflow/.local/lib/python3.7/site-packages/airflow/example_dags/example_external_task_marker_dag.py                                  0           0
/home/airflow/.local/lib/python3.7/site-packages/airflow/example_dags/example_skip_dag.py                                                  0           0
/home/airflow/.local/lib/python3.7/site-packages/airflow/example_dags/example_branch_operator.py                                           0           0
/home/airflow/.local/lib/python3.7/site-packages/airflow/example_dags/example_subdag_operator.py                                           0           0
/home/airflow/.local/lib/python3.7/site-packages/airflow/example_dags/example_trigger_target_dag.py                                        0           0
/home/airflow/.local/lib/python3.7/site-packages/airflow/example_dags/example_branch_python_dop_operator_3.py                              0           0
/home/airflow/.local/lib/python3.7/site-packages/airflow/example_dags/example_xcom.py                                                      0           0
/home/airflow/.local/lib/python3.7/site-packages/airflow/example_dags/example_trigger_controller_dag.py                                    0           0
/home/airflow/.local/lib/python3.7/site-packages/airflow/example_dags/example_branch_day_of_week_operator.py                               0           0
/home/airflow/.local/lib/python3.7/site-packages/airflow/example_dags/example_branch_labels.py                                             0           0
/home/airflow/.local/lib/python3.7/site-packages/airflow/example_dags/example_python_operator.py                                           0           0
/home/airflow/.local/lib/python3.7/site-packages/airflow/example_dags/example_latest_only_with_trigger.py                                  0           0
/home/airflow/.local/lib/python3.7/site-packages/airflow/example_dags/subdags/subdag.py                                                    0           0
/home/airflow/.local/lib/python3.7/site-packages/airflow/example_dags/plugins/workday.py                                                   0           0
================================================================================
[2021-11-13 13:18:37,144] {manager.py:1051} INFO - Finding 'running' jobs without a recent heartbeat
[2021-11-13 13:18:37,144] {manager.py:1055} INFO - Failing jobs without heartbeat after 2021-11-13 13:13:37.144631+00:00
[2021-11-13 13:18:47,191] {manager.py:1051} INFO - Finding 'running' jobs without a recent heartbeat
[2021-11-13 13:18:47,192] {manager.py:1055} INFO - Failing jobs without heartbeat after 2021-11-13 13:13:47.192420+00:00
[2021-11-13 13:18:57,629] {manager.py:1051} INFO - Finding 'running' jobs without a recent heartbeat
[2021-11-13 13:18:57,630] {manager.py:1055} INFO - Failing jobs without heartbeat after 2021-11-13 13:13:57.630056+00:00
[2021-11-13 13:18:57,654] {manager.py:774} INFO - 
================================================================================
DAG File Processing Stats

File Path                                                                                                           PID  Runtime      # DAGs    # Errors  Last Runtime    Last Run
----------------------------------------------------------------------------------------------------------------  -----  ---------  --------  ----------  --------------  -------------------
/home/airflow/.local/lib/python3.7/site-packages/airflow/example_dags/tutorial_taskflow_api_etl_virtualenv.py       181  3.03s             0           0
/home/airflow/.local/lib/python3.7/site-packages/airflow/example_dags/tutorial_etl_dag.py                           182  2.90s             0           0
/home/airflow/.local/lib/python3.7/site-packages/airflow/example_dags/example_passing_params_via_test_command.py                           0           0
/home/airflow/.local/lib/python3.7/site-packages/airflow/example_dags/example_dag_decorator.py                                             0           0
/home/airflow/.local/lib/python3.7/site-packages/airflow/example_dags/tutorial_taskflow_api_etl.py                                         0           0
/home/airflow/.local/lib/python3.7/site-packages/airflow/example_dags/example_external_task_marker_dag.py                                  0           0
/home/airflow/.local/lib/python3.7/site-packages/airflow/example_dags/example_skip_dag.py                                                  0           0
/home/airflow/.local/lib/python3.7/site-packages/airflow/example_dags/example_branch_operator.py                                           0           0
/home/airflow/.local/lib/python3.7/site-packages/airflow/example_dags/example_subdag_operator.py                                           0           0
/home/airflow/.local/lib/python3.7/site-packages/airflow/example_dags/example_trigger_target_dag.py                                        0           0
/home/airflow/.local/lib/python3.7/site-packages/airflow/example_dags/example_branch_python_dop_operator_3.py                              0           0
/home/airflow/.local/lib/python3.7/site-packages/airflow/example_dags/example_xcom.py                                                      0           0
/home/airflow/.local/lib/python3.7/site-packages/airflow/example_dags/example_trigger_controller_dag.py                                    0           0
/home/airflow/.local/lib/python3.7/site-packages/airflow/example_dags/example_branch_day_of_week_operator.py                               0           0
/home/airflow/.local/lib/python3.7/site-packages/airflow/example_dags/example_branch_labels.py                                             0           0
/home/airflow/.local/lib/python3.7/site-packages/airflow/example_dags/example_python_operator.py                                           0           0
/home/airflow/.local/lib/python3.7/site-packages/airflow/example_dags/example_latest_only_with_trigger.py                                  0           0
/home/airflow/.local/lib/python3.7/site-packages/airflow/example_dags/subdags/subdag.py                                                    0           0
/home/airflow/.local/lib/python3.7/site-packages/airflow/example_dags/plugins/workday.py                                                   0           0
/home/airflow/.local/lib/python3.7/site-packages/airflow/example_dags/example_bash_operator.py                                             1           0  7.25s           2021-11-13T13:18:34
/home/airflow/.local/lib/python3.7/site-packages/airflow/example_dags/example_latest_only.py                                               1           0  7.23s           2021-11-13T13:18:34
/home/airflow/.local/lib/python3.7/site-packages/airflow/example_dags/example_task_group.py                                                1           0  3.23s           2021-11-13T13:18:37
/home/airflow/.local/lib/python3.7/site-packages/airflow/example_dags/example_task_group_decorator.py                                      1           0  3.32s           2021-11-13T13:18:37
/home/airflow/.local/lib/python3.7/site-packages/airflow/example_dags/example_nested_branch_dag.py                                         1           0  4.59s           2021-11-13T13:18:41
/home/airflow/.local/lib/python3.7/site-packages/airflow/example_dags/example_kubernetes_executor.py                                       1           0  4.45s           2021-11-13T13:18:41
/home/airflow/.local/lib/python3.7/site-packages/airflow/example_dags/example_branch_datetime_operator.py                                  1           0  4.26s           2021-11-13T13:18:46
/home/airflow/.local/lib/python3.7/site-packages/airflow/example_dags/example_kubernetes_executor_config.py                                1           0  4.01s           2021-11-13T13:18:45
/home/airflow/.local/lib/python3.7/site-packages/airflow/example_dags/example_complex.py                                                   1           0  3.27s           2021-11-13T13:18:49
/home/airflow/.local/lib/python3.7/site-packages/airflow/example_dags/example_time_delta_sensor_async.py                                   1           0  3.25s           2021-11-13T13:18:49
/home/airflow/.local/lib/python3.7/site-packages/airflow/example_dags/example_short_circuit_operator.py                                    1           0  2.39s           2021-11-13T13:18:51
/home/airflow/.local/lib/python3.7/site-packages/airflow/example_dags/tutorial.py                                                          1           0  2.98s           2021-11-13T13:18:54
/home/airflow/.local/lib/python3.7/site-packages/airflow/example_dags/test_utils.py                                                        1           0  2.91s           2021-11-13T13:18:54
/home/airflow/.local/lib/python3.7/site-packages/airflow/example_dags/example_xcomargs.py                                                  2           0  2.40s           2021-11-13T13:18:51
================================================================================
[2021-11-13 13:19:07,705] {manager.py:1051} INFO - Finding 'running' jobs without a recent heartbeat
[2021-11-13 13:19:07,706] {manager.py:1055} INFO - Failing jobs without heartbeat after 2021-11-13 13:14:07.706258+00:00
[2021-11-13 13:19:17,772] {manager.py:1051} INFO - Finding 'running' jobs without a recent heartbeat
[2021-11-13 13:19:17,772] {manager.py:1055} INFO - Failing jobs without heartbeat after 2021-11-13 13:14:17.772517+00:00
[2021-11-13 13:19:27,970] {manager.py:1051} INFO - Finding 'running' jobs without a recent heartbeat
[2021-11-13 13:19:27,971] {manager.py:1055} INFO - Failing jobs without heartbeat after 2021-11-13 13:14:27.971158+00:00
[2021-11-13 13:19:28,005] {manager.py:774} INFO - 
================================================================================
DAG File Processing Stats

File Path                                                                                                           PID  Runtime      # DAGs    # Errors  Last Runtime    Last Run
----------------------------------------------------------------------------------------------------------------  -----  ---------  --------  ----------  --------------  -------------------
/home/airflow/.local/lib/python3.7/site-packages/airflow/example_dags/subdags/subdag.py                                                    0           0  0.04s           2021-11-13T13:19:16
/home/airflow/.local/lib/python3.7/site-packages/airflow/example_dags/plugins/workday.py                                                   0           0  0.04s           2021-11-13T13:19:16
/home/airflow/.local/lib/python3.7/site-packages/airflow/example_dags/example_bash_operator.py                                             1           0  0.08s           2021-11-13T13:19:16
/home/airflow/.local/lib/python3.7/site-packages/airflow/example_dags/example_latest_only.py                                               1           0  0.09s           2021-11-13T13:19:16
/home/airflow/.local/lib/python3.7/site-packages/airflow/example_dags/example_task_group.py                                                1           0  0.09s           2021-11-13T13:19:16
/home/airflow/.local/lib/python3.7/site-packages/airflow/example_dags/example_task_group_decorator.py                                      1           0  0.49s           2021-11-13T13:19:17
/home/airflow/.local/lib/python3.7/site-packages/airflow/example_dags/example_nested_branch_dag.py                                         1           0  0.12s           2021-11-13T13:19:17
/home/airflow/.local/lib/python3.7/site-packages/airflow/example_dags/example_kubernetes_executor.py                                       1           0  0.12s           2021-11-13T13:19:17
/home/airflow/.local/lib/python3.7/site-packages/airflow/example_dags/example_branch_datetime_operator.py                                  1           0  0.13s           2021-11-13T13:19:17
/home/airflow/.local/lib/python3.7/site-packages/airflow/example_dags/example_kubernetes_executor_config.py                                1           0  0.09s           2021-11-13T13:19:17
/home/airflow/.local/lib/python3.7/site-packages/airflow/example_dags/example_complex.py                                                   1           0  0.08s           2021-11-13T13:19:19
/home/airflow/.local/lib/python3.7/site-packages/airflow/example_dags/example_time_delta_sensor_async.py                                   1           0  0.06s           2021-11-13T13:19:19
/home/airflow/.local/lib/python3.7/site-packages/airflow/example_dags/example_short_circuit_operator.py                                    1           0  0.07s           2021-11-13T13:19:21
/home/airflow/.local/lib/python3.7/site-packages/airflow/example_dags/tutorial.py                                                          1           0  0.09s           2021-11-13T13:19:25
/home/airflow/.local/lib/python3.7/site-packages/airflow/example_dags/test_utils.py                                                        1           0  0.09s           2021-11-13T13:19:25
/home/airflow/.local/lib/python3.7/site-packages/airflow/example_dags/tutorial_taskflow_api_etl_virtualenv.py       366  0.01s             1           0  3.12s           2021-11-13T13:18:57
/home/airflow/.local/lib/python3.7/site-packages/airflow/example_dags/tutorial_etl_dag.py                           367  0.00s             1           0  3.03s           2021-11-13T13:18:57
/home/airflow/.local/lib/python3.7/site-packages/airflow/example_dags/example_passing_params_via_test_command.py                           1           0  2.49s           2021-11-13T13:19:00
/home/airflow/.local/lib/python3.7/site-packages/airflow/example_dags/example_dag_decorator.py                                             1           0  2.50s           2021-11-13T13:19:00
/home/airflow/.local/lib/python3.7/site-packages/airflow/example_dags/tutorial_taskflow_api_etl.py                                         1           0  2.63s           2021-11-13T13:19:02
/home/airflow/.local/lib/python3.7/site-packages/airflow/example_dags/example_skip_dag.py                                                  1           0  2.83s           2021-11-13T13:19:05
/home/airflow/.local/lib/python3.7/site-packages/airflow/example_dags/example_branch_operator.py                                           1           0  2.87s           2021-11-13T13:19:05
/home/airflow/.local/lib/python3.7/site-packages/airflow/example_dags/example_trigger_target_dag.py                                        1           0  3.02s           2021-11-13T13:19:08
/home/airflow/.local/lib/python3.7/site-packages/airflow/example_dags/example_branch_python_dop_operator_3.py                              1           0  2.62s           2021-11-13T13:19:11
/home/airflow/.local/lib/python3.7/site-packages/airflow/example_dags/example_xcom.py                                                      1           0  2.57s           2021-11-13T13:19:11
/home/airflow/.local/lib/python3.7/site-packages/airflow/example_dags/example_trigger_controller_dag.py                                    1           0  2.45s           2021-11-13T13:19:13
/home/airflow/.local/lib/python3.7/site-packages/airflow/example_dags/example_branch_day_of_week_operator.py                               1           0  2.47s           2021-11-13T13:19:13
/home/airflow/.local/lib/python3.7/site-packages/airflow/example_dags/example_branch_labels.py                                             1           0  2.59s           2021-11-13T13:19:16
/home/airflow/.local/lib/python3.7/site-packages/airflow/example_dags/example_python_operator.py                                           1           0  2.56s           2021-11-13T13:19:16
/home/airflow/.local/lib/python3.7/site-packages/airflow/example_dags/example_latest_only_with_trigger.py                                  1           0  2.56s           2021-11-13T13:19:19
/home/airflow/.local/lib/python3.7/site-packages/airflow/example_dags/example_xcomargs.py                                                  2           0  0.37s           2021-11-13T13:19:22
/home/airflow/.local/lib/python3.7/site-packages/airflow/example_dags/example_external_task_marker_dag.py                                  2           0  2.67s           2021-11-13T13:19:02
/home/airflow/.local/lib/python3.7/site-packages/airflow/example_dags/example_subdag_operator.py                                           3           0  3.17s           2021-11-13T13:19:08
================================================================================
[2021-11-13 13:19:38,890] {manager.py:1051} INFO - Finding 'running' jobs without a recent heartbeat
[2021-11-13 13:19:38,891] {manager.py:1055} INFO - Failing jobs without heartbeat after 2021-11-13 13:14:38.891663+00:00
[2021-11-13 13:19:49,221] {manager.py:1051} INFO - Finding 'running' jobs without a recent heartbeat
[2021-11-13 13:19:49,221] {manager.py:1055} INFO - Failing jobs without heartbeat after 2021-11-13 13:14:49.221659+00:00
[2021-11-13 13:19:58,462] {manager.py:774} INFO - 
================================================================================
DAG File Processing Stats

File Path                                                                                                           PID  Runtime      # DAGs    # Errors  Last Runtime    Last Run
----------------------------------------------------------------------------------------------------------------  -----  ---------  --------  ----------  --------------  -------------------
/home/airflow/.local/lib/python3.7/site-packages/airflow/example_dags/subdags/subdag.py                                                    0           0  0.04s           2021-11-13T13:19:47
/home/airflow/.local/lib/python3.7/site-packages/airflow/example_dags/plugins/workday.py                                                   0           0  0.05s           2021-11-13T13:19:47
/home/airflow/.local/lib/python3.7/site-packages/airflow/example_dags/example_bash_operator.py                                             1           0  0.10s           2021-11-13T13:19:47
/home/airflow/.local/lib/python3.7/site-packages/airflow/example_dags/example_latest_only.py                                               1           0  0.09s           2021-11-13T13:19:47
/home/airflow/.local/lib/python3.7/site-packages/airflow/example_dags/example_task_group.py                                                1           0  0.09s           2021-11-13T13:19:47
/home/airflow/.local/lib/python3.7/site-packages/airflow/example_dags/example_task_group_decorator.py                                      1           0  0.48s           2021-11-13T13:19:47
/home/airflow/.local/lib/python3.7/site-packages/airflow/example_dags/example_nested_branch_dag.py                                         1           0  0.11s           2021-11-13T13:19:48
/home/airflow/.local/lib/python3.7/site-packages/airflow/example_dags/example_kubernetes_executor.py                                       1           0  0.12s           2021-11-13T13:19:48
/home/airflow/.local/lib/python3.7/site-packages/airflow/example_dags/example_branch_datetime_operator.py                                  1           0  0.10s           2021-11-13T13:19:48
/home/airflow/.local/lib/python3.7/site-packages/airflow/example_dags/example_kubernetes_executor_config.py                                1           0  0.14s           2021-11-13T13:19:48
/home/airflow/.local/lib/python3.7/site-packages/airflow/example_dags/example_complex.py                                                   1           0  0.12s           2021-11-13T13:19:50
/home/airflow/.local/lib/python3.7/site-packages/airflow/example_dags/example_time_delta_sensor_async.py                                   1           0  0.09s           2021-11-13T13:19:50
/home/airflow/.local/lib/python3.7/site-packages/airflow/example_dags/example_short_circuit_operator.py                                    1           0  0.08s           2021-11-13T13:19:52
/home/airflow/.local/lib/python3.7/site-packages/airflow/example_dags/tutorial.py                                                          1           0  0.06s           2021-11-13T13:19:55
/home/airflow/.local/lib/python3.7/site-packages/airflow/example_dags/test_utils.py                                                        1           0  0.06s           2021-11-13T13:19:55
/home/airflow/.local/lib/python3.7/site-packages/airflow/example_dags/tutorial_taskflow_api_etl_virtualenv.py       423  0.01s             1           0  0.34s           2021-11-13T13:19:28
/home/airflow/.local/lib/python3.7/site-packages/airflow/example_dags/tutorial_etl_dag.py                           424  0.00s             1           0  0.09s           2021-11-13T13:19:28
/home/airflow/.local/lib/python3.7/site-packages/airflow/example_dags/example_passing_params_via_test_command.py                           1           0  0.07s           2021-11-13T13:19:30
/home/airflow/.local/lib/python3.7/site-packages/airflow/example_dags/example_dag_decorator.py                                             1           0  0.34s           2021-11-13T13:19:30
/home/airflow/.local/lib/python3.7/site-packages/airflow/example_dags/tutorial_taskflow_api_etl.py                                         1           0  0.35s           2021-11-13T13:19:33
/home/airflow/.local/lib/python3.7/site-packages/airflow/example_dags/example_skip_dag.py                                                  1           0  0.10s           2021-11-13T13:19:35
/home/airflow/.local/lib/python3.7/site-packages/airflow/example_dags/example_branch_operator.py                                           1           0  0.08s           2021-11-13T13:19:35
/home/airflow/.local/lib/python3.7/site-packages/airflow/example_dags/example_trigger_target_dag.py                                        1           0  0.09s           2021-11-13T13:19:39
/home/airflow/.local/lib/python3.7/site-packages/airflow/example_dags/example_branch_python_dop_operator_3.py                              1           0  0.08s           2021-11-13T13:19:42
/home/airflow/.local/lib/python3.7/site-packages/airflow/example_dags/example_xcom.py                                                      1           0  0.33s           2021-11-13T13:19:42
/home/airflow/.local/lib/python3.7/site-packages/airflow/example_dags/example_trigger_controller_dag.py                                    1           0  0.07s           2021-11-13T13:19:44
/home/airflow/.local/lib/python3.7/site-packages/airflow/example_dags/example_branch_day_of_week_operator.py                               1           0  0.07s           2021-11-13T13:19:44
/home/airflow/.local/lib/python3.7/site-packages/airflow/example_dags/example_branch_labels.py                                             1           0  0.09s           2021-11-13T13:19:47
/home/airflow/.local/lib/python3.7/site-packages/airflow/example_dags/example_python_operator.py                                           1           0  0.09s           2021-11-13T13:19:47
/home/airflow/.local/lib/python3.7/site-packages/airflow/example_dags/example_latest_only_with_trigger.py                                  1           0  0.08s           2021-11-13T13:19:49
/home/airflow/.local/lib/python3.7/site-packages/airflow/example_dags/example_xcomargs.py                                                  2           0  0.34s           2021-11-13T13:19:52
/home/airflow/.local/lib/python3.7/site-packages/airflow/example_dags/example_external_task_marker_dag.py                                  2           0  0.08s           2021-11-13T13:19:33
/home/airflow/.local/lib/python3.7/site-packages/airflow/example_dags/example_subdag_operator.py                                           3           0  0.12s           2021-11-13T13:19:39
================================================================================
[2021-11-13 13:19:59,541] {manager.py:1051} INFO - Finding 'running' jobs without a recent heartbeat
[2021-11-13 13:19:59,541] {manager.py:1055} INFO - Failing jobs without heartbeat after 2021-11-13 13:14:59.541340+00:00
[2021-11-13 13:20:10,165] {manager.py:1051} INFO - Finding 'running' jobs without a recent heartbeat
[2021-11-13 13:20:10,166] {manager.py:1055} INFO - Failing jobs without heartbeat after 2021-11-13 13:15:10.166016+00:00
[2021-11-13 13:20:20,214] {manager.py:1051} INFO - Finding 'running' jobs without a recent heartbeat
[2021-11-13 13:20:20,214] {manager.py:1055} INFO - Failing jobs without heartbeat after 2021-11-13 13:15:20.214741+00:00
[2021-11-13 13:20:28,714] {manager.py:774} INFO - 
================================================================================
DAG File Processing Stats

File Path                                                                                                           PID  Runtime      # DAGs    # Errors  Last Runtime    Last Run
----------------------------------------------------------------------------------------------------------------  -----  ---------  --------  ----------  --------------  -------------------
/home/airflow/.local/lib/python3.7/site-packages/airflow/example_dags/subdags/subdag.py                                                    0           0  0.06s           2021-11-13T13:20:17
/home/airflow/.local/lib/python3.7/site-packages/airflow/example_dags/plugins/workday.py                                                   0           0  0.03s           2021-11-13T13:20:17
/home/airflow/.local/lib/python3.7/site-packages/airflow/example_dags/example_bash_operator.py                                             1           0  0.11s           2021-11-13T13:20:17
/home/airflow/.local/lib/python3.7/site-packages/airflow/example_dags/example_latest_only.py                                               1           0  0.10s           2021-11-13T13:20:17
/home/airflow/.local/lib/python3.7/site-packages/airflow/example_dags/example_task_group.py                                                1           0  0.07s           2021-11-13T13:20:17
/home/airflow/.local/lib/python3.7/site-packages/airflow/example_dags/example_task_group_decorator.py                                      1           0  0.42s           2021-11-13T13:20:19
/home/airflow/.local/lib/python3.7/site-packages/airflow/example_dags/example_nested_branch_dag.py                                         1           0  0.11s           2021-11-13T13:20:18
/home/airflow/.local/lib/python3.7/site-packages/airflow/example_dags/example_kubernetes_executor.py                                       1           0  0.07s           2021-11-13T13:20:18
/home/airflow/.local/lib/python3.7/site-packages/airflow/example_dags/example_branch_datetime_operator.py                                  1           0  0.08s           2021-11-13T13:20:19
/home/airflow/.local/lib/python3.7/site-packages/airflow/example_dags/example_kubernetes_executor_config.py                                1           0  0.10s           2021-11-13T13:20:19
/home/airflow/.local/lib/python3.7/site-packages/airflow/example_dags/example_complex.py                                                   1           0  0.09s           2021-11-13T13:20:21
/home/airflow/.local/lib/python3.7/site-packages/airflow/example_dags/example_time_delta_sensor_async.py                                   1           0  0.08s           2021-11-13T13:20:21
/home/airflow/.local/lib/python3.7/site-packages/airflow/example_dags/example_short_circuit_operator.py                                    1           0  0.07s           2021-11-13T13:20:23
/home/airflow/.local/lib/python3.7/site-packages/airflow/example_dags/tutorial.py                                                          1           0  0.07s           2021-11-13T13:20:25
/home/airflow/.local/lib/python3.7/site-packages/airflow/example_dags/test_utils.py                                                        1           0  0.07s           2021-11-13T13:20:25
/home/airflow/.local/lib/python3.7/site-packages/airflow/example_dags/tutorial_taskflow_api_etl_virtualenv.py                              1           0  0.39s           2021-11-13T13:19:58
/home/airflow/.local/lib/python3.7/site-packages/airflow/example_dags/tutorial_etl_dag.py                           472  0.01s             1           0  0.09s           2021-11-13T13:19:58
/home/airflow/.local/lib/python3.7/site-packages/airflow/example_dags/example_passing_params_via_test_command.py                           1           0  0.09s           2021-11-13T13:20:00
/home/airflow/.local/lib/python3.7/site-packages/airflow/example_dags/example_dag_decorator.py                                             1           0  0.33s           2021-11-13T13:20:01
/home/airflow/.local/lib/python3.7/site-packages/airflow/example_dags/tutorial_taskflow_api_etl.py                                         1           0  0.33s           2021-11-13T13:20:04
/home/airflow/.local/lib/python3.7/site-packages/airflow/example_dags/example_skip_dag.py                                                  1           0  0.08s           2021-11-13T13:20:06
/home/airflow/.local/lib/python3.7/site-packages/airflow/example_dags/example_branch_operator.py                                           1           0  0.09s           2021-11-13T13:20:06
/home/airflow/.local/lib/python3.7/site-packages/airflow/example_dags/example_trigger_target_dag.py                                        1           0  0.07s           2021-11-13T13:20:09
/home/airflow/.local/lib/python3.7/site-packages/airflow/example_dags/example_branch_python_dop_operator_3.py                              1           0  0.11s           2021-11-13T13:20:12
/home/airflow/.local/lib/python3.7/site-packages/airflow/example_dags/example_xcom.py                                                      1           0  0.37s           2021-11-13T13:20:13
/home/airflow/.local/lib/python3.7/site-packages/airflow/example_dags/example_trigger_controller_dag.py                                    1           0  0.12s           2021-11-13T13:20:14
/home/airflow/.local/lib/python3.7/site-packages/airflow/example_dags/example_branch_day_of_week_operator.py                               1           0  0.11s           2021-11-13T13:20:14
/home/airflow/.local/lib/python3.7/site-packages/airflow/example_dags/example_branch_labels.py                                             1           0  0.07s           2021-11-13T13:20:17
/home/airflow/.local/lib/python3.7/site-packages/airflow/example_dags/example_python_operator.py                                           1           0  0.11s           2021-11-13T13:20:17
/home/airflow/.local/lib/python3.7/site-packages/airflow/example_dags/example_latest_only_with_trigger.py                                  1           0  0.11s           2021-11-13T13:20:20
/home/airflow/.local/lib/python3.7/site-packages/airflow/example_dags/example_xcomargs.py                                                  2           0  0.34s           2021-11-13T13:20:23
/home/airflow/.local/lib/python3.7/site-packages/airflow/example_dags/example_external_task_marker_dag.py                                  2           0  0.07s           2021-11-13T13:20:03
/home/airflow/.local/lib/python3.7/site-packages/airflow/example_dags/example_subdag_operator.py                                           3           0  0.09s           2021-11-13T13:20:09
================================================================================
[2021-11-13 13:20:30,785] {manager.py:1051} INFO - Finding 'running' jobs without a recent heartbeat
[2021-11-13 13:20:30,786] {manager.py:1055} INFO - Failing jobs without heartbeat after 2021-11-13 13:15:30.786605+00:00
[2021-11-13 13:20:41,513] {manager.py:1051} INFO - Finding 'running' jobs without a recent heartbeat
[2021-11-13 13:20:41,514] {manager.py:1055} INFO - Failing jobs without heartbeat after 2021-11-13 13:15:41.514593+00:00
[2021-11-13 13:20:51,610] {manager.py:1051} INFO - Finding 'running' jobs without a recent heartbeat
[2021-11-13 13:20:51,610] {manager.py:1055} INFO - Failing jobs without heartbeat after 2021-11-13 13:15:51.610978+00:00
[2021-11-13 13:20:58,815] {manager.py:774} INFO - 
================================================================================
DAG File Processing Stats

File Path                                                                                                           PID  Runtime      # DAGs    # Errors  Last Runtime    Last Run
----------------------------------------------------------------------------------------------------------------  -----  ---------  --------  ----------  --------------  -------------------
/home/airflow/.local/lib/python3.7/site-packages/airflow/example_dags/subdags/subdag.py                                                    0           0  0.04s           2021-11-13T13:20:47
/home/airflow/.local/lib/python3.7/site-packages/airflow/example_dags/plugins/workday.py                                                   0           0  0.04s           2021-11-13T13:20:47
/home/airflow/.local/lib/python3.7/site-packages/airflow/example_dags/example_bash_operator.py                                             1           0  0.08s           2021-11-13T13:20:47
/home/airflow/.local/lib/python3.7/site-packages/airflow/example_dags/example_latest_only.py                                               1           0  0.07s           2021-11-13T13:20:47
/home/airflow/.local/lib/python3.7/site-packages/airflow/example_dags/example_task_group.py                                                1           0  0.07s           2021-11-13T13:20:47
/home/airflow/.local/lib/python3.7/site-packages/airflow/example_dags/example_task_group_decorator.py                                      1           0  0.35s           2021-11-13T13:20:49
/home/airflow/.local/lib/python3.7/site-packages/airflow/example_dags/example_nested_branch_dag.py                                         1           0  0.07s           2021-11-13T13:20:49
/home/airflow/.local/lib/python3.7/site-packages/airflow/example_dags/example_kubernetes_executor.py                                       1           0  0.07s           2021-11-13T13:20:49
/home/airflow/.local/lib/python3.7/site-packages/airflow/example_dags/example_branch_datetime_operator.py                                  1           0  0.07s           2021-11-13T13:20:49
/home/airflow/.local/lib/python3.7/site-packages/airflow/example_dags/example_kubernetes_executor_config.py                                1           0  0.07s           2021-11-13T13:20:49
/home/airflow/.local/lib/python3.7/site-packages/airflow/example_dags/example_complex.py                                                   1           0  0.08s           2021-11-13T13:20:51
/home/airflow/.local/lib/python3.7/site-packages/airflow/example_dags/example_time_delta_sensor_async.py                                   1           0  0.06s           2021-11-13T13:20:51
/home/airflow/.local/lib/python3.7/site-packages/airflow/example_dags/example_short_circuit_operator.py                                    1           0  0.07s           2021-11-13T13:20:53
/home/airflow/.local/lib/python3.7/site-packages/airflow/example_dags/tutorial.py                                                          1           0  0.11s           2021-11-13T13:20:55
/home/airflow/.local/lib/python3.7/site-packages/airflow/example_dags/test_utils.py                                                        1           0  0.10s           2021-11-13T13:20:55
/home/airflow/.local/lib/python3.7/site-packages/airflow/example_dags/tutorial_taskflow_api_etl_virtualenv.py                              1           0  0.37s           2021-11-13T13:20:30
/home/airflow/.local/lib/python3.7/site-packages/airflow/example_dags/tutorial_etl_dag.py                           523  0.00s             1           0  0.10s           2021-11-13T13:20:28
/home/airflow/.local/lib/python3.7/site-packages/airflow/example_dags/example_passing_params_via_test_command.py                           1           0  0.10s           2021-11-13T13:20:30
/home/airflow/.local/lib/python3.7/site-packages/airflow/example_dags/example_dag_decorator.py                                             1           0  0.37s           2021-11-13T13:20:32
/home/airflow/.local/lib/python3.7/site-packages/airflow/example_dags/tutorial_taskflow_api_etl.py                                         1           0  0.39s           2021-11-13T13:20:35
/home/airflow/.local/lib/python3.7/site-packages/airflow/example_dags/example_skip_dag.py                                                  1           0  0.08s           2021-11-13T13:20:36
/home/airflow/.local/lib/python3.7/site-packages/airflow/example_dags/example_branch_operator.py                                           1           0  0.07s           2021-11-13T13:20:36
/home/airflow/.local/lib/python3.7/site-packages/airflow/example_dags/example_trigger_target_dag.py                                        1           0  0.09s           2021-11-13T13:20:39
/home/airflow/.local/lib/python3.7/site-packages/airflow/example_dags/example_branch_python_dop_operator_3.py                              1           0  0.10s           2021-11-13T13:20:42
/home/airflow/.local/lib/python3.7/site-packages/airflow/example_dags/example_xcom.py                                                      1           0  0.33s           2021-11-13T13:20:43
/home/airflow/.local/lib/python3.7/site-packages/airflow/example_dags/example_trigger_controller_dag.py                                    1           0  0.07s           2021-11-13T13:20:44
/home/airflow/.local/lib/python3.7/site-packages/airflow/example_dags/example_branch_day_of_week_operator.py                               1           0  0.08s           2021-11-13T13:20:44
/home/airflow/.local/lib/python3.7/site-packages/airflow/example_dags/example_branch_labels.py                                             1           0  0.07s           2021-11-13T13:20:47
/home/airflow/.local/lib/python3.7/site-packages/airflow/example_dags/example_python_operator.py                                           1           0  0.09s           2021-11-13T13:20:47
/home/airflow/.local/lib/python3.7/site-packages/airflow/example_dags/example_latest_only_with_trigger.py                                  1           0  0.07s           2021-11-13T13:20:50
/home/airflow/.local/lib/python3.7/site-packages/airflow/example_dags/example_xcomargs.py                                                  2           0  0.34s           2021-11-13T13:20:54
/home/airflow/.local/lib/python3.7/site-packages/airflow/example_dags/example_external_task_marker_dag.py                                  2           0  0.07s           2021-11-13T13:20:34
/home/airflow/.local/lib/python3.7/site-packages/airflow/example_dags/example_subdag_operator.py                                           3           0  0.14s           2021-11-13T13:20:39
================================================================================
[2021-11-13 13:21:02,132] {manager.py:1051} INFO - Finding 'running' jobs without a recent heartbeat
[2021-11-13 13:21:02,133] {manager.py:1055} INFO - Failing jobs without heartbeat after 2021-11-13 13:16:02.133195+00:00
[2021-11-13 13:21:12,764] {manager.py:1051} INFO - Finding 'running' jobs without a recent heartbeat
[2021-11-13 13:21:12,764] {manager.py:1055} INFO - Failing jobs without heartbeat after 2021-11-13 13:16:12.764307+00:00
[2021-11-13 13:21:22,843] {manager.py:1051} INFO - Finding 'running' jobs without a recent heartbeat
[2021-11-13 13:21:22,843] {manager.py:1055} INFO - Failing jobs without heartbeat after 2021-11-13 13:16:22.843963+00:00
[2021-11-13 13:21:28,972] {manager.py:774} INFO - 
================================================================================
DAG File Processing Stats

File Path                                                                                                           PID  Runtime      # DAGs    # Errors  Last Runtime    Last Run
----------------------------------------------------------------------------------------------------------------  -----  ---------  --------  ----------  --------------  -------------------
/home/airflow/.local/lib/python3.7/site-packages/airflow/example_dags/subdags/subdag.py                                                    0           0  0.03s           2021-11-13T13:21:18
/home/airflow/.local/lib/python3.7/site-packages/airflow/example_dags/plugins/workday.py                                                   0           0  0.03s           2021-11-13T13:21:18
/home/airflow/.local/lib/python3.7/site-packages/airflow/example_dags/example_bash_operator.py                                             1           0  0.07s           2021-11-13T13:21:18
/home/airflow/.local/lib/python3.7/site-packages/airflow/example_dags/example_latest_only.py                                               1           0  0.07s           2021-11-13T13:21:18
/home/airflow/.local/lib/python3.7/site-packages/airflow/example_dags/example_task_group.py                                                1           0  0.07s           2021-11-13T13:21:18
/home/airflow/.local/lib/python3.7/site-packages/airflow/example_dags/example_task_group_decorator.py                                      1           0  0.32s           2021-11-13T13:21:20
/home/airflow/.local/lib/python3.7/site-packages/airflow/example_dags/example_nested_branch_dag.py                                         1           0  0.11s           2021-11-13T13:21:19
/home/airflow/.local/lib/python3.7/site-packages/airflow/example_dags/example_kubernetes_executor.py                                       1           0  0.10s           2021-11-13T13:21:19
/home/airflow/.local/lib/python3.7/site-packages/airflow/example_dags/example_branch_datetime_operator.py                                  1           0  0.07s           2021-11-13T13:21:19
/home/airflow/.local/lib/python3.7/site-packages/airflow/example_dags/example_kubernetes_executor_config.py                                1           0  0.07s           2021-11-13T13:21:19
/home/airflow/.local/lib/python3.7/site-packages/airflow/example_dags/example_complex.py                                                   1           0  0.11s           2021-11-13T13:21:21
/home/airflow/.local/lib/python3.7/site-packages/airflow/example_dags/example_time_delta_sensor_async.py                                   1           0  0.08s           2021-11-13T13:21:21
/home/airflow/.local/lib/python3.7/site-packages/airflow/example_dags/example_short_circuit_operator.py                                    1           0  0.07s           2021-11-13T13:21:23
/home/airflow/.local/lib/python3.7/site-packages/airflow/example_dags/tutorial.py                                                          1           0  0.10s           2021-11-13T13:21:26
/home/airflow/.local/lib/python3.7/site-packages/airflow/example_dags/test_utils.py                                                        1           0  0.10s           2021-11-13T13:21:26
/home/airflow/.local/lib/python3.7/site-packages/airflow/example_dags/tutorial_taskflow_api_etl_virtualenv.py                              1           0  0.31s           2021-11-13T13:21:01
/home/airflow/.local/lib/python3.7/site-packages/airflow/example_dags/tutorial_etl_dag.py                           580  0.01s             1           0  0.08s           2021-11-13T13:20:58
/home/airflow/.local/lib/python3.7/site-packages/airflow/example_dags/example_passing_params_via_test_command.py                           1           0  0.07s           2021-11-13T13:21:01
/home/airflow/.local/lib/python3.7/site-packages/airflow/example_dags/example_dag_decorator.py                                             1           0  0.34s           2021-11-13T13:21:03
/home/airflow/.local/lib/python3.7/site-packages/airflow/example_dags/tutorial_taskflow_api_etl.py                                         1           0  0.37s           2021-11-13T13:21:06
/home/airflow/.local/lib/python3.7/site-packages/airflow/example_dags/example_skip_dag.py                                                  1           0  0.08s           2021-11-13T13:21:06
/home/airflow/.local/lib/python3.7/site-packages/airflow/example_dags/example_branch_operator.py                                           1           0  0.09s           2021-11-13T13:21:06
/home/airflow/.local/lib/python3.7/site-packages/airflow/example_dags/example_trigger_target_dag.py                                        1           0  0.07s           2021-11-13T13:21:09
/home/airflow/.local/lib/python3.7/site-packages/airflow/example_dags/example_branch_python_dop_operator_3.py                              1           0  0.07s           2021-11-13T13:21:12
/home/airflow/.local/lib/python3.7/site-packages/airflow/example_dags/example_xcom.py                                                      1           0  0.36s           2021-11-13T13:21:15
/home/airflow/.local/lib/python3.7/site-packages/airflow/example_dags/example_trigger_controller_dag.py                                    1           0  0.09s           2021-11-13T13:21:14
/home/airflow/.local/lib/python3.7/site-packages/airflow/example_dags/example_branch_day_of_week_operator.py                               1           0  0.07s           2021-11-13T13:21:14
/home/airflow/.local/lib/python3.7/site-packages/airflow/example_dags/example_branch_labels.py                                             1           0  0.07s           2021-11-13T13:21:18
/home/airflow/.local/lib/python3.7/site-packages/airflow/example_dags/example_python_operator.py                                           1           0  0.07s           2021-11-13T13:21:18
/home/airflow/.local/lib/python3.7/site-packages/airflow/example_dags/example_latest_only_with_trigger.py                                  1           0  0.07s           2021-11-13T13:21:20
/home/airflow/.local/lib/python3.7/site-packages/airflow/example_dags/example_xcomargs.py                                                  2           0  0.31s           2021-11-13T13:21:25
/home/airflow/.local/lib/python3.7/site-packages/airflow/example_dags/example_external_task_marker_dag.py                                  2           0  0.07s           2021-11-13T13:21:04
/home/airflow/.local/lib/python3.7/site-packages/airflow/example_dags/example_subdag_operator.py                                           3           0  0.10s           2021-11-13T13:21:09
================================================================================
[2021-11-13 13:21:33,053] {manager.py:1051} INFO - Finding 'running' jobs without a recent heartbeat
[2021-11-13 13:21:33,053] {manager.py:1055} INFO - Failing jobs without heartbeat after 2021-11-13 13:16:33.053860+00:00
[2021-11-13 13:21:43,683] {manager.py:1051} INFO - Finding 'running' jobs without a recent heartbeat
[2021-11-13 13:21:43,684] {manager.py:1055} INFO - Failing jobs without heartbeat after 2021-11-13 13:16:43.684020+00:00
[2021-11-13 13:21:53,912] {manager.py:1051} INFO - Finding 'running' jobs without a recent heartbeat
[2021-11-13 13:21:53,913] {manager.py:1055} INFO - Failing jobs without heartbeat after 2021-11-13 13:16:53.912991+00:00
[2021-11-13 13:21:59,413] {manager.py:774} INFO - 
================================================================================
DAG File Processing Stats

File Path                                                                                                           PID  Runtime      # DAGs    # Errors  Last Runtime    Last Run
----------------------------------------------------------------------------------------------------------------  -----  ---------  --------  ----------  --------------  -------------------
/home/airflow/.local/lib/python3.7/site-packages/airflow/example_dags/subdags/subdag.py                                                    0           0  0.03s           2021-11-13T13:21:48
/home/airflow/.local/lib/python3.7/site-packages/airflow/example_dags/plugins/workday.py                                                   0           0  0.03s           2021-11-13T13:21:48
/home/airflow/.local/lib/python3.7/site-packages/airflow/example_dags/example_bash_operator.py                                             1           0  0.06s           2021-11-13T13:21:48
/home/airflow/.local/lib/python3.7/site-packages/airflow/example_dags/example_latest_only.py                                               1           0  0.07s           2021-11-13T13:21:48
/home/airflow/.local/lib/python3.7/site-packages/airflow/example_dags/example_task_group.py                                                1           0  0.07s           2021-11-13T13:21:48
/home/airflow/.local/lib/python3.7/site-packages/airflow/example_dags/example_task_group_decorator.py                                      1           0  0.38s           2021-11-13T13:21:51
/home/airflow/.local/lib/python3.7/site-packages/airflow/example_dags/example_nested_branch_dag.py                                         1           0  0.08s           2021-11-13T13:21:49
/home/airflow/.local/lib/python3.7/site-packages/airflow/example_dags/example_kubernetes_executor.py                                       1           0  0.07s           2021-11-13T13:21:49
/home/airflow/.local/lib/python3.7/site-packages/airflow/example_dags/example_branch_datetime_operator.py                                  1           0  0.08s           2021-11-13T13:21:49
/home/airflow/.local/lib/python3.7/site-packages/airflow/example_dags/example_kubernetes_executor_config.py                                1           0  0.07s           2021-11-13T13:21:49
/home/airflow/.local/lib/python3.7/site-packages/airflow/example_dags/example_complex.py                                                   1           0  0.11s           2021-11-13T13:21:52
/home/airflow/.local/lib/python3.7/site-packages/airflow/example_dags/example_time_delta_sensor_async.py                                   1           0  0.10s           2021-11-13T13:21:52
/home/airflow/.local/lib/python3.7/site-packages/airflow/example_dags/example_short_circuit_operator.py                                    1           0  0.08s           2021-11-13T13:21:54
/home/airflow/.local/lib/python3.7/site-packages/airflow/example_dags/tutorial.py                                                          1           0  0.09s           2021-11-13T13:21:56
/home/airflow/.local/lib/python3.7/site-packages/airflow/example_dags/test_utils.py                                                        1           0  0.08s           2021-11-13T13:21:56
/home/airflow/.local/lib/python3.7/site-packages/airflow/example_dags/tutorial_taskflow_api_etl_virtualenv.py                              1           0  0.33s           2021-11-13T13:21:32
/home/airflow/.local/lib/python3.7/site-packages/airflow/example_dags/tutorial_etl_dag.py                           630  0.00s             1           0  0.09s           2021-11-13T13:21:29
/home/airflow/.local/lib/python3.7/site-packages/airflow/example_dags/example_passing_params_via_test_command.py                           1           0  0.07s           2021-11-13T13:21:32
/home/airflow/.local/lib/python3.7/site-packages/airflow/example_dags/example_dag_decorator.py                                             1           0  0.39s           2021-11-13T13:21:34
/home/airflow/.local/lib/python3.7/site-packages/airflow/example_dags/tutorial_taskflow_api_etl.py                                         1           0  0.30s           2021-11-13T13:21:37
/home/airflow/.local/lib/python3.7/site-packages/airflow/example_dags/example_skip_dag.py                                                  1           0  0.07s           2021-11-13T13:21:37
/home/airflow/.local/lib/python3.7/site-packages/airflow/example_dags/example_branch_operator.py                                           1           0  0.07s           2021-11-13T13:21:37
/home/airflow/.local/lib/python3.7/site-packages/airflow/example_dags/example_trigger_target_dag.py                                        1           0  0.11s           2021-11-13T13:21:40
/home/airflow/.local/lib/python3.7/site-packages/airflow/example_dags/example_branch_python_dop_operator_3.py                              1           0  0.07s           2021-11-13T13:21:43
/home/airflow/.local/lib/python3.7/site-packages/airflow/example_dags/example_xcom.py                                                      1           0  0.34s           2021-11-13T13:21:46
/home/airflow/.local/lib/python3.7/site-packages/airflow/example_dags/example_trigger_controller_dag.py                                    1           0  0.08s           2021-11-13T13:21:45
/home/airflow/.local/lib/python3.7/site-packages/airflow/example_dags/example_branch_day_of_week_operator.py                               1           0  0.07s           2021-11-13T13:21:45
/home/airflow/.local/lib/python3.7/site-packages/airflow/example_dags/example_branch_labels.py                                             1           0  0.07s           2021-11-13T13:21:48
/home/airflow/.local/lib/python3.7/site-packages/airflow/example_dags/example_python_operator.py                                           1           0  0.07s           2021-11-13T13:21:48
/home/airflow/.local/lib/python3.7/site-packages/airflow/example_dags/example_latest_only_with_trigger.py                                  1           0  0.10s           2021-11-13T13:21:51
/home/airflow/.local/lib/python3.7/site-packages/airflow/example_dags/example_xcomargs.py                                                  2           0  0.37s           2021-11-13T13:21:56
/home/airflow/.local/lib/python3.7/site-packages/airflow/example_dags/example_external_task_marker_dag.py                                  2           0  0.08s           2021-11-13T13:21:34
/home/airflow/.local/lib/python3.7/site-packages/airflow/example_dags/example_subdag_operator.py                                           3           0  0.14s           2021-11-13T13:21:40
================================================================================
[2021-11-13 13:22:04,504] {manager.py:1051} INFO - Finding 'running' jobs without a recent heartbeat
[2021-11-13 13:22:04,504] {manager.py:1055} INFO - Failing jobs without heartbeat after 2021-11-13 13:17:04.504885+00:00
[2021-11-13 13:22:14,828] {manager.py:1051} INFO - Finding 'running' jobs without a recent heartbeat
[2021-11-13 13:22:14,829] {manager.py:1055} INFO - Failing jobs without heartbeat after 2021-11-13 13:17:14.829017+00:00
[2021-11-13 13:22:25,308] {manager.py:1051} INFO - Finding 'running' jobs without a recent heartbeat
[2021-11-13 13:22:25,309] {manager.py:1055} INFO - Failing jobs without heartbeat after 2021-11-13 13:17:25.309110+00:00
[2021-11-13 13:22:29,544] {manager.py:774} INFO - 
================================================================================
DAG File Processing Stats

File Path                                                                                                           PID  Runtime      # DAGs    # Errors  Last Runtime    Last Run
----------------------------------------------------------------------------------------------------------------  -----  ---------  --------  ----------  --------------  -------------------
/home/airflow/.local/lib/python3.7/site-packages/airflow/example_dags/subdags/subdag.py                                                    0           0  0.03s           2021-11-13T13:22:18
/home/airflow/.local/lib/python3.7/site-packages/airflow/example_dags/plugins/workday.py                                                   0           0  0.03s           2021-11-13T13:22:18
/home/airflow/.local/lib/python3.7/site-packages/airflow/example_dags/example_bash_operator.py                                             1           0  0.11s           2021-11-13T13:22:18
/home/airflow/.local/lib/python3.7/site-packages/airflow/example_dags/example_latest_only.py                                               1           0  0.09s           2021-11-13T13:22:18
/home/airflow/.local/lib/python3.7/site-packages/airflow/example_dags/example_task_group.py                                                1           0  0.08s           2021-11-13T13:22:18
/home/airflow/.local/lib/python3.7/site-packages/airflow/example_dags/example_task_group_decorator.py                                      1           0  0.56s           2021-11-13T13:22:23
/home/airflow/.local/lib/python3.7/site-packages/airflow/example_dags/example_nested_branch_dag.py                                         1           0  0.09s           2021-11-13T13:22:19
/home/airflow/.local/lib/python3.7/site-packages/airflow/example_dags/example_kubernetes_executor.py                                       1           0  0.09s           2021-11-13T13:22:19
/home/airflow/.local/lib/python3.7/site-packages/airflow/example_dags/example_branch_datetime_operator.py                                  1           0  0.10s           2021-11-13T13:22:19
/home/airflow/.local/lib/python3.7/site-packages/airflow/example_dags/example_kubernetes_executor_config.py                                1           0  0.10s           2021-11-13T13:22:19
/home/airflow/.local/lib/python3.7/site-packages/airflow/example_dags/example_complex.py                                                   1           0  0.12s           2021-11-13T13:22:22
/home/airflow/.local/lib/python3.7/site-packages/airflow/example_dags/example_time_delta_sensor_async.py                                   1           0  0.14s           2021-11-13T13:22:23
/home/airflow/.local/lib/python3.7/site-packages/airflow/example_dags/example_short_circuit_operator.py                                    1           0  0.09s           2021-11-13T13:22:24
/home/airflow/.local/lib/python3.7/site-packages/airflow/example_dags/tutorial.py                                                          1           0  0.10s           2021-11-13T13:22:26
/home/airflow/.local/lib/python3.7/site-packages/airflow/example_dags/test_utils.py                                                        1           0  0.10s           2021-11-13T13:22:26
/home/airflow/.local/lib/python3.7/site-packages/airflow/example_dags/tutorial_taskflow_api_etl_virtualenv.py                              1           0  0.30s           2021-11-13T13:22:02
/home/airflow/.local/lib/python3.7/site-packages/airflow/example_dags/tutorial_etl_dag.py                           687  0.01s             1           0  0.06s           2021-11-13T13:21:59
/home/airflow/.local/lib/python3.7/site-packages/airflow/example_dags/example_passing_params_via_test_command.py                           1           0  0.07s           2021-11-13T13:22:02
/home/airflow/.local/lib/python3.7/site-packages/airflow/example_dags/example_dag_decorator.py                                             1           0  0.33s           2021-11-13T13:22:04
/home/airflow/.local/lib/python3.7/site-packages/airflow/example_dags/tutorial_taskflow_api_etl.py                                         1           0  0.38s           2021-11-13T13:22:09
/home/airflow/.local/lib/python3.7/site-packages/airflow/example_dags/example_skip_dag.py                                                  1           0  0.08s           2021-11-13T13:22:07
/home/airflow/.local/lib/python3.7/site-packages/airflow/example_dags/example_branch_operator.py                                           1           0  0.08s           2021-11-13T13:22:07
/home/airflow/.local/lib/python3.7/site-packages/airflow/example_dags/example_trigger_target_dag.py                                        1           0  0.08s           2021-11-13T13:22:10
/home/airflow/.local/lib/python3.7/site-packages/airflow/example_dags/example_branch_python_dop_operator_3.py                              1           0  0.10s           2021-11-13T13:22:13
/home/airflow/.local/lib/python3.7/site-packages/airflow/example_dags/example_xcom.py                                                      1           0  0.34s           2021-11-13T13:22:17
/home/airflow/.local/lib/python3.7/site-packages/airflow/example_dags/example_trigger_controller_dag.py                                    1           0  0.07s           2021-11-13T13:22:15
/home/airflow/.local/lib/python3.7/site-packages/airflow/example_dags/example_branch_day_of_week_operator.py                               1           0  0.07s           2021-11-13T13:22:15
/home/airflow/.local/lib/python3.7/site-packages/airflow/example_dags/example_branch_labels.py                                             1           0  0.07s           2021-11-13T13:22:18
/home/airflow/.local/lib/python3.7/site-packages/airflow/example_dags/example_python_operator.py                                           1           0  0.07s           2021-11-13T13:22:18
/home/airflow/.local/lib/python3.7/site-packages/airflow/example_dags/example_latest_only_with_trigger.py                                  1           0  0.07s           2021-11-13T13:22:21
/home/airflow/.local/lib/python3.7/site-packages/airflow/example_dags/example_xcomargs.py                                                  2           0  0.14s           2021-11-13T13:22:26
/home/airflow/.local/lib/python3.7/site-packages/airflow/example_dags/example_external_task_marker_dag.py                                  2           0  0.08s           2021-11-13T13:22:04
/home/airflow/.local/lib/python3.7/site-packages/airflow/example_dags/example_subdag_operator.py                                           3           0  0.11s           2021-11-13T13:22:10
================================================================================
[2021-11-13 13:22:35,715] {manager.py:1051} INFO - Finding 'running' jobs without a recent heartbeat
[2021-11-13 13:22:35,715] {manager.py:1055} INFO - Failing jobs without heartbeat after 2021-11-13 13:17:35.715632+00:00
[2021-11-13 13:22:46,069] {manager.py:1051} INFO - Finding 'running' jobs without a recent heartbeat
[2021-11-13 13:22:46,071] {manager.py:1055} INFO - Failing jobs without heartbeat after 2021-11-13 13:17:46.071175+00:00
[2021-11-13 13:22:56,469] {manager.py:1051} INFO - Finding 'running' jobs without a recent heartbeat
[2021-11-13 13:22:56,469] {manager.py:1055} INFO - Failing jobs without heartbeat after 2021-11-13 13:17:56.469707+00:00
[2021-11-13 13:22:59,715] {manager.py:774} INFO - 
================================================================================
DAG File Processing Stats

File Path                                                                                                           PID  Runtime      # DAGs    # Errors  Last Runtime    Last Run
----------------------------------------------------------------------------------------------------------------  -----  ---------  --------  ----------  --------------  -------------------
/home/airflow/.local/lib/python3.7/site-packages/airflow/example_dags/subdags/subdag.py                                                    0           0  0.03s           2021-11-13T13:22:48
/home/airflow/.local/lib/python3.7/site-packages/airflow/example_dags/plugins/workday.py                                                   0           0  0.03s           2021-11-13T13:22:48
/home/airflow/.local/lib/python3.7/site-packages/airflow/example_dags/example_bash_operator.py                                             1           0  0.07s           2021-11-13T13:22:48
/home/airflow/.local/lib/python3.7/site-packages/airflow/example_dags/example_latest_only.py                                               1           0  0.07s           2021-11-13T13:22:48
/home/airflow/.local/lib/python3.7/site-packages/airflow/example_dags/example_task_group.py                                                1           0  0.08s           2021-11-13T13:22:48
/home/airflow/.local/lib/python3.7/site-packages/airflow/example_dags/example_task_group_decorator.py                                      1           0  0.36s           2021-11-13T13:22:54
/home/airflow/.local/lib/python3.7/site-packages/airflow/example_dags/example_nested_branch_dag.py                                         1           0  0.09s           2021-11-13T13:22:49
/home/airflow/.local/lib/python3.7/site-packages/airflow/example_dags/example_kubernetes_executor.py                                       1           0  0.09s           2021-11-13T13:22:49
/home/airflow/.local/lib/python3.7/site-packages/airflow/example_dags/example_branch_datetime_operator.py                                  1           0  0.09s           2021-11-13T13:22:49
/home/airflow/.local/lib/python3.7/site-packages/airflow/example_dags/example_kubernetes_executor_config.py                                1           0  0.09s           2021-11-13T13:22:49
/home/airflow/.local/lib/python3.7/site-packages/airflow/example_dags/example_complex.py                                                   1           0  0.10s           2021-11-13T13:22:53
/home/airflow/.local/lib/python3.7/site-packages/airflow/example_dags/example_time_delta_sensor_async.py                                   1           0  0.08s           2021-11-13T13:22:53
/home/airflow/.local/lib/python3.7/site-packages/airflow/example_dags/example_short_circuit_operator.py                                    1           0  0.06s           2021-11-13T13:22:54
/home/airflow/.local/lib/python3.7/site-packages/airflow/example_dags/tutorial.py                                                          1           0  0.07s           2021-11-13T13:22:56
/home/airflow/.local/lib/python3.7/site-packages/airflow/example_dags/test_utils.py                                                        1           0  0.07s           2021-11-13T13:22:56
/home/airflow/.local/lib/python3.7/site-packages/airflow/example_dags/tutorial_taskflow_api_etl_virtualenv.py                              1           0  0.36s           2021-11-13T13:22:33
/home/airflow/.local/lib/python3.7/site-packages/airflow/example_dags/tutorial_etl_dag.py                           736  0.01s             1           0  0.09s           2021-11-13T13:22:29
/home/airflow/.local/lib/python3.7/site-packages/airflow/example_dags/example_passing_params_via_test_command.py                           1           0  0.10s           2021-11-13T13:22:32
/home/airflow/.local/lib/python3.7/site-packages/airflow/example_dags/example_dag_decorator.py                                             1           0  0.34s           2021-11-13T13:22:36
/home/airflow/.local/lib/python3.7/site-packages/airflow/example_dags/tutorial_taskflow_api_etl.py                                         1           0  0.34s           2021-11-13T13:22:40
/home/airflow/.local/lib/python3.7/site-packages/airflow/example_dags/example_skip_dag.py                                                  1           0  0.07s           2021-11-13T13:22:37
/home/airflow/.local/lib/python3.7/site-packages/airflow/example_dags/example_branch_operator.py                                           1           0  0.08s           2021-11-13T13:22:37
/home/airflow/.local/lib/python3.7/site-packages/airflow/example_dags/example_trigger_target_dag.py                                        1           0  0.11s           2021-11-13T13:22:41
/home/airflow/.local/lib/python3.7/site-packages/airflow/example_dags/example_branch_python_dop_operator_3.py                              1           0  0.11s           2021-11-13T13:22:44
/home/airflow/.local/lib/python3.7/site-packages/airflow/example_dags/example_xcom.py                                                      1           0  0.36s           2021-11-13T13:22:48
/home/airflow/.local/lib/python3.7/site-packages/airflow/example_dags/example_trigger_controller_dag.py                                    1           0  0.07s           2021-11-13T13:22:46
/home/airflow/.local/lib/python3.7/site-packages/airflow/example_dags/example_branch_day_of_week_operator.py                               1           0  0.08s           2021-11-13T13:22:46
/home/airflow/.local/lib/python3.7/site-packages/airflow/example_dags/example_branch_labels.py                                             1           0  0.08s           2021-11-13T13:22:48
/home/airflow/.local/lib/python3.7/site-packages/airflow/example_dags/example_python_operator.py                                           1           0  0.08s           2021-11-13T13:22:48
/home/airflow/.local/lib/python3.7/site-packages/airflow/example_dags/example_latest_only_with_trigger.py                                  1           0  0.06s           2021-11-13T13:22:52
/home/airflow/.local/lib/python3.7/site-packages/airflow/example_dags/example_xcomargs.py                                                  2           0  0.34s           2021-11-13T13:22:56
/home/airflow/.local/lib/python3.7/site-packages/airflow/example_dags/example_external_task_marker_dag.py                                  2           0  0.10s           2021-11-13T13:22:34
/home/airflow/.local/lib/python3.7/site-packages/airflow/example_dags/example_subdag_operator.py                                           3           0  0.15s           2021-11-13T13:22:41
================================================================================
[2021-11-13 13:23:06,529] {manager.py:1051} INFO - Finding 'running' jobs without a recent heartbeat
[2021-11-13 13:23:06,530] {manager.py:1055} INFO - Failing jobs without heartbeat after 2021-11-13 13:18:06.530219+00:00
[2021-11-13 13:23:17,502] {manager.py:1051} INFO - Finding 'running' jobs without a recent heartbeat
[2021-11-13 13:23:17,503] {manager.py:1055} INFO - Failing jobs without heartbeat after 2021-11-13 13:18:17.502984+00:00
[2021-11-13 13:23:27,330] {manager.py:653} INFO - Searching for files in /opt/airflow/dags
[2021-11-13 13:23:27,338] {manager.py:656} INFO - There are 33 files in /opt/airflow/dags
[2021-11-13 13:23:27,759] {manager.py:1051} INFO - Finding 'running' jobs without a recent heartbeat
[2021-11-13 13:23:27,759] {manager.py:1055} INFO - Failing jobs without heartbeat after 2021-11-13 13:18:27.759787+00:00
[2021-11-13 13:23:29,785] {manager.py:774} INFO - 
================================================================================
DAG File Processing Stats

File Path                                                                                                           PID  Runtime      # DAGs    # Errors  Last Runtime    Last Run
----------------------------------------------------------------------------------------------------------------  -----  ---------  --------  ----------  --------------  -------------------
/home/airflow/.local/lib/python3.7/site-packages/airflow/example_dags/subdags/subdag.py                                                    0           0  0.05s           2021-11-13T13:23:19
/home/airflow/.local/lib/python3.7/site-packages/airflow/example_dags/plugins/workday.py                                                   0           0  0.04s           2021-11-13T13:23:19
/home/airflow/.local/lib/python3.7/site-packages/airflow/example_dags/example_bash_operator.py                                             1           0  0.09s           2021-11-13T13:23:19
/home/airflow/.local/lib/python3.7/site-packages/airflow/example_dags/example_latest_only.py                                               1           0  0.08s           2021-11-13T13:23:19
/home/airflow/.local/lib/python3.7/site-packages/airflow/example_dags/example_task_group.py                                                1           0  0.07s           2021-11-13T13:23:19
/home/airflow/.local/lib/python3.7/site-packages/airflow/example_dags/example_task_group_decorator.py                                      1           0  0.35s           2021-11-13T13:23:25
/home/airflow/.local/lib/python3.7/site-packages/airflow/example_dags/example_nested_branch_dag.py                                         1           0  0.09s           2021-11-13T13:23:19
/home/airflow/.local/lib/python3.7/site-packages/airflow/example_dags/example_kubernetes_executor.py                                       1           0  0.07s           2021-11-13T13:23:20
/home/airflow/.local/lib/python3.7/site-packages/airflow/example_dags/example_branch_datetime_operator.py                                  1           0  0.07s           2021-11-13T13:23:20
/home/airflow/.local/lib/python3.7/site-packages/airflow/example_dags/example_kubernetes_executor_config.py                                1           0  0.08s           2021-11-13T13:23:20
/home/airflow/.local/lib/python3.7/site-packages/airflow/example_dags/example_complex.py                                                   1           0  0.10s           2021-11-13T13:23:23
/home/airflow/.local/lib/python3.7/site-packages/airflow/example_dags/example_time_delta_sensor_async.py                                   1           0  0.08s           2021-11-13T13:23:23
/home/airflow/.local/lib/python3.7/site-packages/airflow/example_dags/example_short_circuit_operator.py                                    1           0  0.07s           2021-11-13T13:23:25
/home/airflow/.local/lib/python3.7/site-packages/airflow/example_dags/tutorial.py                                                          1           0  0.07s           2021-11-13T13:23:27
/home/airflow/.local/lib/python3.7/site-packages/airflow/example_dags/test_utils.py                                                        1           0  0.08s           2021-11-13T13:23:27
/home/airflow/.local/lib/python3.7/site-packages/airflow/example_dags/tutorial_taskflow_api_etl_virtualenv.py                              1           0  0.35s           2021-11-13T13:23:05
/home/airflow/.local/lib/python3.7/site-packages/airflow/example_dags/tutorial_etl_dag.py                           793  0.00s             1           0  0.09s           2021-11-13T13:22:59
/home/airflow/.local/lib/python3.7/site-packages/airflow/example_dags/example_passing_params_via_test_command.py                           1           0  0.07s           2021-11-13T13:23:02
/home/airflow/.local/lib/python3.7/site-packages/airflow/example_dags/example_dag_decorator.py                                             1           0  0.38s           2021-11-13T13:23:06
/home/airflow/.local/lib/python3.7/site-packages/airflow/example_dags/tutorial_taskflow_api_etl.py                                         1           0  0.37s           2021-11-13T13:23:10
/home/airflow/.local/lib/python3.7/site-packages/airflow/example_dags/example_skip_dag.py                                                  1           0  0.06s           2021-11-13T13:23:08
/home/airflow/.local/lib/python3.7/site-packages/airflow/example_dags/example_branch_operator.py                                           1           0  0.07s           2021-11-13T13:23:08
/home/airflow/.local/lib/python3.7/site-packages/airflow/example_dags/example_trigger_target_dag.py                                        1           0  0.08s           2021-11-13T13:23:11
/home/airflow/.local/lib/python3.7/site-packages/airflow/example_dags/example_branch_python_dop_operator_3.py                              1           0  0.07s           2021-11-13T13:23:14
/home/airflow/.local/lib/python3.7/site-packages/airflow/example_dags/example_xcom.py                                                      1           0  0.37s           2021-11-13T13:23:20
/home/airflow/.local/lib/python3.7/site-packages/airflow/example_dags/example_trigger_controller_dag.py                                    1           0  0.08s           2021-11-13T13:23:16
/home/airflow/.local/lib/python3.7/site-packages/airflow/example_dags/example_branch_day_of_week_operator.py                               1           0  0.08s           2021-11-13T13:23:16
/home/airflow/.local/lib/python3.7/site-packages/airflow/example_dags/example_branch_labels.py                                             1           0  0.07s           2021-11-13T13:23:19
/home/airflow/.local/lib/python3.7/site-packages/airflow/example_dags/example_python_operator.py                                           1           0  0.07s           2021-11-13T13:23:19
/home/airflow/.local/lib/python3.7/site-packages/airflow/example_dags/example_latest_only_with_trigger.py                                  1           0  0.06s           2021-11-13T13:23:22
/home/airflow/.local/lib/python3.7/site-packages/airflow/example_dags/example_xcomargs.py                                                  2           0  0.40s           2021-11-13T13:23:27
/home/airflow/.local/lib/python3.7/site-packages/airflow/example_dags/example_external_task_marker_dag.py                                  2           0  0.06s           2021-11-13T13:23:05
/home/airflow/.local/lib/python3.7/site-packages/airflow/example_dags/example_subdag_operator.py                                           3           0  0.10s           2021-11-13T13:23:11
================================================================================
[2021-11-13 13:23:38,159] {manager.py:1051} INFO - Finding 'running' jobs without a recent heartbeat
[2021-11-13 13:23:38,159] {manager.py:1055} INFO - Failing jobs without heartbeat after 2021-11-13 13:18:38.159704+00:00
