[2021-11-15 20:38:35,230] {taskinstance.py:1035} INFO - Dependencies all met for <TaskInstance: covid_ingestion.ingest_to_dwh manual__2021-11-15T20:38:30.760642+00:00 [queued]>
[2021-11-15 20:38:35,241] {taskinstance.py:1035} INFO - Dependencies all met for <TaskInstance: covid_ingestion.ingest_to_dwh manual__2021-11-15T20:38:30.760642+00:00 [queued]>
[2021-11-15 20:38:35,242] {taskinstance.py:1241} INFO - 
--------------------------------------------------------------------------------
[2021-11-15 20:38:35,242] {taskinstance.py:1242} INFO - Starting attempt 1 of 1
[2021-11-15 20:38:35,242] {taskinstance.py:1243} INFO - 
--------------------------------------------------------------------------------
[2021-11-15 20:38:35,258] {taskinstance.py:1262} INFO - Executing <Task(PostgresOperator): ingest_to_dwh> on 2021-11-15 20:38:30.760642+00:00
[2021-11-15 20:38:35,261] {standard_task_runner.py:52} INFO - Started process 2285 to run task
[2021-11-15 20:38:35,264] {standard_task_runner.py:76} INFO - Running: ['***', 'tasks', 'run', 'covid_ingestion', 'ingest_to_dwh', 'manual__2021-11-15T20:38:30.760642+00:00', '--job-id', '98', '--raw', '--subdir', 'DAGS_FOLDER/covid_ingestion.py', '--cfg-path', '/tmp/tmpyrs2vj2r', '--error-file', '/tmp/tmpt_8p81mn']
[2021-11-15 20:38:35,265] {standard_task_runner.py:77} INFO - Job 98: Subtask ingest_to_dwh
[2021-11-15 20:38:35,298] {logging_mixin.py:109} INFO - Running <TaskInstance: covid_ingestion.ingest_to_dwh manual__2021-11-15T20:38:30.760642+00:00 [running]> on host e693d79b64a2
[2021-11-15 20:38:35,378] {taskinstance.py:1429} INFO - Exporting the following env vars:
AIRFLOW_CTX_DAG_OWNER=***
AIRFLOW_CTX_DAG_ID=covid_ingestion
AIRFLOW_CTX_TASK_ID=ingest_to_dwh
AIRFLOW_CTX_EXECUTION_DATE=2021-11-15T20:38:30.760642+00:00
AIRFLOW_CTX_DAG_RUN_ID=manual__2021-11-15T20:38:30.760642+00:00
[2021-11-15 20:38:35,386] {base.py:79} INFO - Using connection to: id: postgres_dwh. Host: postgres-dwh, Port: 5432, Schema: None, Login: ***, Password: ***, extra: {}
[2021-11-15 20:38:35,389] {dbapi.py:225} INFO - Running statement: INSERT INTO dim_deaths VALUES
    (DEFAULT,
    0.0,
    'BE',
    '2021-11-15'
  );

INSERT INTO dim_infections VALUES
    (DEFAULT,
    1.0,
    'BE',
    '2021-11-15'
  );, parameters: None
[2021-11-15 20:38:35,391] {dbapi.py:233} INFO - Rows affected: 1
[2021-11-15 20:38:35,404] {taskinstance.py:1280} INFO - Marking task as SUCCESS. dag_id=covid_ingestion, task_id=ingest_to_dwh, execution_date=20211115T203830, start_date=20211115T203835, end_date=20211115T203835
[2021-11-15 20:38:35,436] {local_task_job.py:154} INFO - Task exited with return code 0
[2021-11-15 20:38:35,463] {local_task_job.py:264} INFO - 0 downstream tasks scheduled from follow-on schedule check
