[2021-11-15 07:27:08,604] {processor.py:163} INFO - Started process (PID=99) to work on /home/airflow/.local/lib/python3.7/site-packages/airflow/example_dags/example_branch_datetime_operator.py
[2021-11-15 07:27:08,605] {processor.py:620} INFO - Processing file /home/airflow/.local/lib/python3.7/site-packages/airflow/example_dags/example_branch_datetime_operator.py for tasks to queue
[2021-11-15 07:27:08,606] {logging_mixin.py:109} INFO - [2021-11-15 07:27:08,606] {dagbag.py:500} INFO - Filling up the DagBag from /home/airflow/.local/lib/python3.7/site-packages/airflow/example_dags/example_branch_datetime_operator.py
[2021-11-15 07:27:08,648] {processor.py:632} INFO - DAG(s) dict_keys(['example_branch_datetime_operator_2']) retrieved from /home/airflow/.local/lib/python3.7/site-packages/airflow/example_dags/example_branch_datetime_operator.py
[2021-11-15 07:27:11,826] {logging_mixin.py:109} INFO - [2021-11-15 07:27:11,826] {providers_manager.py:156} WARNING - Exception when importing 'airflow.providers.google.leveldb.hooks.leveldb.LevelDBHook' from 'apache-airflow-providers-google' package: No module named 'plyvel'
[2021-11-15 07:27:12,569] {logging_mixin.py:109} INFO - [2021-11-15 07:27:12,569] {providers_manager.py:156} WARNING - Exception when importing 'airflow.providers.google.leveldb.hooks.leveldb.LevelDBHook' from 'apache-airflow-providers-google' package: No module named 'plyvel'
[2021-11-15 07:27:12,604] {logging_mixin.py:109} INFO - [2021-11-15 07:27:12,604] {manager.py:496} INFO - Created Permission View: can edit on DAG:example_branch_datetime_operator_2
[2021-11-15 07:27:12,618] {logging_mixin.py:109} INFO - [2021-11-15 07:27:12,618] {manager.py:496} INFO - Created Permission View: can read on DAG:example_branch_datetime_operator_2
[2021-11-15 07:27:12,619] {logging_mixin.py:109} INFO - [2021-11-15 07:27:12,619] {dag.py:2389} INFO - Sync 1 DAGs
[2021-11-15 07:27:12,631] {logging_mixin.py:109} INFO - [2021-11-15 07:27:12,630] {dag.py:2408} INFO - Creating ORM DAG for example_branch_datetime_operator_2
[2021-11-15 07:27:12,648] {logging_mixin.py:109} INFO - [2021-11-15 07:27:12,648] {dag.py:2921} INFO - Setting next_dagrun for example_branch_datetime_operator_2 to 2021-11-14 00:00:00+00:00
[2021-11-15 07:27:12,667] {processor.py:171} INFO - Processing /home/airflow/.local/lib/python3.7/site-packages/airflow/example_dags/example_branch_datetime_operator.py took 4.068 seconds
[2021-11-15 07:27:43,109] {processor.py:163} INFO - Started process (PID=350) to work on /home/airflow/.local/lib/python3.7/site-packages/airflow/example_dags/example_branch_datetime_operator.py
[2021-11-15 07:27:43,110] {processor.py:620} INFO - Processing file /home/airflow/.local/lib/python3.7/site-packages/airflow/example_dags/example_branch_datetime_operator.py for tasks to queue
[2021-11-15 07:27:43,111] {logging_mixin.py:109} INFO - [2021-11-15 07:27:43,111] {dagbag.py:500} INFO - Filling up the DagBag from /home/airflow/.local/lib/python3.7/site-packages/airflow/example_dags/example_branch_datetime_operator.py
[2021-11-15 07:27:43,135] {processor.py:632} INFO - DAG(s) dict_keys(['example_branch_datetime_operator_2']) retrieved from /home/airflow/.local/lib/python3.7/site-packages/airflow/example_dags/example_branch_datetime_operator.py
[2021-11-15 07:27:43,149] {logging_mixin.py:109} INFO - [2021-11-15 07:27:43,148] {dag.py:2389} INFO - Sync 1 DAGs
[2021-11-15 07:27:43,165] {logging_mixin.py:109} INFO - [2021-11-15 07:27:43,165] {dag.py:2921} INFO - Setting next_dagrun for example_branch_datetime_operator_2 to 2021-11-14 00:00:00+00:00
[2021-11-15 07:27:43,175] {processor.py:171} INFO - Processing /home/airflow/.local/lib/python3.7/site-packages/airflow/example_dags/example_branch_datetime_operator.py took 0.069 seconds
[2021-11-15 07:28:13,420] {processor.py:163} INFO - Started process (PID=408) to work on /home/airflow/.local/lib/python3.7/site-packages/airflow/example_dags/example_branch_datetime_operator.py
[2021-11-15 07:28:13,422] {processor.py:620} INFO - Processing file /home/airflow/.local/lib/python3.7/site-packages/airflow/example_dags/example_branch_datetime_operator.py for tasks to queue
[2021-11-15 07:28:13,423] {logging_mixin.py:109} INFO - [2021-11-15 07:28:13,423] {dagbag.py:500} INFO - Filling up the DagBag from /home/airflow/.local/lib/python3.7/site-packages/airflow/example_dags/example_branch_datetime_operator.py
[2021-11-15 07:28:13,454] {processor.py:632} INFO - DAG(s) dict_keys(['example_branch_datetime_operator_2']) retrieved from /home/airflow/.local/lib/python3.7/site-packages/airflow/example_dags/example_branch_datetime_operator.py
[2021-11-15 07:28:13,465] {logging_mixin.py:109} INFO - [2021-11-15 07:28:13,465] {dag.py:2389} INFO - Sync 1 DAGs
[2021-11-15 07:28:13,482] {logging_mixin.py:109} INFO - [2021-11-15 07:28:13,482] {dag.py:2921} INFO - Setting next_dagrun for example_branch_datetime_operator_2 to 2021-11-14 00:00:00+00:00
[2021-11-15 07:28:13,491] {processor.py:171} INFO - Processing /home/airflow/.local/lib/python3.7/site-packages/airflow/example_dags/example_branch_datetime_operator.py took 0.073 seconds
[2021-11-15 07:28:43,578] {processor.py:163} INFO - Started process (PID=458) to work on /home/airflow/.local/lib/python3.7/site-packages/airflow/example_dags/example_branch_datetime_operator.py
[2021-11-15 07:28:43,580] {processor.py:620} INFO - Processing file /home/airflow/.local/lib/python3.7/site-packages/airflow/example_dags/example_branch_datetime_operator.py for tasks to queue
[2021-11-15 07:28:43,580] {logging_mixin.py:109} INFO - [2021-11-15 07:28:43,580] {dagbag.py:500} INFO - Filling up the DagBag from /home/airflow/.local/lib/python3.7/site-packages/airflow/example_dags/example_branch_datetime_operator.py
[2021-11-15 07:28:43,606] {processor.py:632} INFO - DAG(s) dict_keys(['example_branch_datetime_operator_2']) retrieved from /home/airflow/.local/lib/python3.7/site-packages/airflow/example_dags/example_branch_datetime_operator.py
[2021-11-15 07:28:43,615] {logging_mixin.py:109} INFO - [2021-11-15 07:28:43,615] {dag.py:2389} INFO - Sync 1 DAGs
[2021-11-15 07:28:43,631] {logging_mixin.py:109} INFO - [2021-11-15 07:28:43,631] {dag.py:2921} INFO - Setting next_dagrun for example_branch_datetime_operator_2 to 2021-11-14 00:00:00+00:00
[2021-11-15 07:28:43,640] {processor.py:171} INFO - Processing /home/airflow/.local/lib/python3.7/site-packages/airflow/example_dags/example_branch_datetime_operator.py took 0.064 seconds
[2021-11-15 07:29:14,461] {processor.py:163} INFO - Started process (PID=516) to work on /home/airflow/.local/lib/python3.7/site-packages/airflow/example_dags/example_branch_datetime_operator.py
[2021-11-15 07:29:14,463] {processor.py:620} INFO - Processing file /home/airflow/.local/lib/python3.7/site-packages/airflow/example_dags/example_branch_datetime_operator.py for tasks to queue
[2021-11-15 07:29:14,464] {logging_mixin.py:109} INFO - [2021-11-15 07:29:14,464] {dagbag.py:500} INFO - Filling up the DagBag from /home/airflow/.local/lib/python3.7/site-packages/airflow/example_dags/example_branch_datetime_operator.py
[2021-11-15 07:29:14,490] {processor.py:632} INFO - DAG(s) dict_keys(['example_branch_datetime_operator_2']) retrieved from /home/airflow/.local/lib/python3.7/site-packages/airflow/example_dags/example_branch_datetime_operator.py
[2021-11-15 07:29:14,501] {logging_mixin.py:109} INFO - [2021-11-15 07:29:14,501] {dag.py:2389} INFO - Sync 1 DAGs
[2021-11-15 07:29:14,524] {logging_mixin.py:109} INFO - [2021-11-15 07:29:14,524] {dag.py:2921} INFO - Setting next_dagrun for example_branch_datetime_operator_2 to 2021-11-14 00:00:00+00:00
[2021-11-15 07:29:14,533] {processor.py:171} INFO - Processing /home/airflow/.local/lib/python3.7/site-packages/airflow/example_dags/example_branch_datetime_operator.py took 0.074 seconds
[2021-11-15 07:29:44,634] {processor.py:163} INFO - Started process (PID=564) to work on /home/airflow/.local/lib/python3.7/site-packages/airflow/example_dags/example_branch_datetime_operator.py
[2021-11-15 07:29:44,636] {processor.py:620} INFO - Processing file /home/airflow/.local/lib/python3.7/site-packages/airflow/example_dags/example_branch_datetime_operator.py for tasks to queue
[2021-11-15 07:29:44,637] {logging_mixin.py:109} INFO - [2021-11-15 07:29:44,637] {dagbag.py:500} INFO - Filling up the DagBag from /home/airflow/.local/lib/python3.7/site-packages/airflow/example_dags/example_branch_datetime_operator.py
[2021-11-15 07:29:44,666] {processor.py:632} INFO - DAG(s) dict_keys(['example_branch_datetime_operator_2']) retrieved from /home/airflow/.local/lib/python3.7/site-packages/airflow/example_dags/example_branch_datetime_operator.py
[2021-11-15 07:29:44,676] {logging_mixin.py:109} INFO - [2021-11-15 07:29:44,676] {dag.py:2389} INFO - Sync 1 DAGs
[2021-11-15 07:29:44,693] {logging_mixin.py:109} INFO - [2021-11-15 07:29:44,693] {dag.py:2921} INFO - Setting next_dagrun for example_branch_datetime_operator_2 to 2021-11-14 00:00:00+00:00
[2021-11-15 07:29:44,702] {processor.py:171} INFO - Processing /home/airflow/.local/lib/python3.7/site-packages/airflow/example_dags/example_branch_datetime_operator.py took 0.071 seconds
[2021-11-15 07:30:15,425] {processor.py:163} INFO - Started process (PID=621) to work on /home/airflow/.local/lib/python3.7/site-packages/airflow/example_dags/example_branch_datetime_operator.py
[2021-11-15 07:30:15,428] {processor.py:620} INFO - Processing file /home/airflow/.local/lib/python3.7/site-packages/airflow/example_dags/example_branch_datetime_operator.py for tasks to queue
[2021-11-15 07:30:15,430] {logging_mixin.py:109} INFO - [2021-11-15 07:30:15,429] {dagbag.py:500} INFO - Filling up the DagBag from /home/airflow/.local/lib/python3.7/site-packages/airflow/example_dags/example_branch_datetime_operator.py
[2021-11-15 07:30:15,467] {processor.py:632} INFO - DAG(s) dict_keys(['example_branch_datetime_operator_2']) retrieved from /home/airflow/.local/lib/python3.7/site-packages/airflow/example_dags/example_branch_datetime_operator.py
[2021-11-15 07:30:15,476] {logging_mixin.py:109} INFO - [2021-11-15 07:30:15,476] {dag.py:2389} INFO - Sync 1 DAGs
[2021-11-15 07:30:15,493] {logging_mixin.py:109} INFO - [2021-11-15 07:30:15,493] {dag.py:2921} INFO - Setting next_dagrun for example_branch_datetime_operator_2 to 2021-11-14 00:00:00+00:00
[2021-11-15 07:30:15,502] {processor.py:171} INFO - Processing /home/airflow/.local/lib/python3.7/site-packages/airflow/example_dags/example_branch_datetime_operator.py took 0.085 seconds
[2021-11-15 07:30:45,892] {processor.py:163} INFO - Started process (PID=671) to work on /home/airflow/.local/lib/python3.7/site-packages/airflow/example_dags/example_branch_datetime_operator.py
[2021-11-15 07:30:45,895] {processor.py:620} INFO - Processing file /home/airflow/.local/lib/python3.7/site-packages/airflow/example_dags/example_branch_datetime_operator.py for tasks to queue
[2021-11-15 07:30:45,897] {logging_mixin.py:109} INFO - [2021-11-15 07:30:45,897] {dagbag.py:500} INFO - Filling up the DagBag from /home/airflow/.local/lib/python3.7/site-packages/airflow/example_dags/example_branch_datetime_operator.py
[2021-11-15 07:30:45,936] {processor.py:632} INFO - DAG(s) dict_keys(['example_branch_datetime_operator_2']) retrieved from /home/airflow/.local/lib/python3.7/site-packages/airflow/example_dags/example_branch_datetime_operator.py
[2021-11-15 07:30:45,947] {logging_mixin.py:109} INFO - [2021-11-15 07:30:45,947] {dag.py:2389} INFO - Sync 1 DAGs
[2021-11-15 07:30:45,970] {logging_mixin.py:109} INFO - [2021-11-15 07:30:45,970] {dag.py:2921} INFO - Setting next_dagrun for example_branch_datetime_operator_2 to 2021-11-14 00:00:00+00:00
[2021-11-15 07:30:45,980] {processor.py:171} INFO - Processing /home/airflow/.local/lib/python3.7/site-packages/airflow/example_dags/example_branch_datetime_operator.py took 0.096 seconds
[2021-11-15 07:31:16,361] {processor.py:163} INFO - Started process (PID=728) to work on /home/airflow/.local/lib/python3.7/site-packages/airflow/example_dags/example_branch_datetime_operator.py
[2021-11-15 07:31:16,363] {processor.py:620} INFO - Processing file /home/airflow/.local/lib/python3.7/site-packages/airflow/example_dags/example_branch_datetime_operator.py for tasks to queue
[2021-11-15 07:31:16,363] {logging_mixin.py:109} INFO - [2021-11-15 07:31:16,363] {dagbag.py:500} INFO - Filling up the DagBag from /home/airflow/.local/lib/python3.7/site-packages/airflow/example_dags/example_branch_datetime_operator.py
[2021-11-15 07:31:16,384] {processor.py:632} INFO - DAG(s) dict_keys(['example_branch_datetime_operator_2']) retrieved from /home/airflow/.local/lib/python3.7/site-packages/airflow/example_dags/example_branch_datetime_operator.py
[2021-11-15 07:31:16,394] {logging_mixin.py:109} INFO - [2021-11-15 07:31:16,394] {dag.py:2389} INFO - Sync 1 DAGs
[2021-11-15 07:31:16,413] {logging_mixin.py:109} INFO - [2021-11-15 07:31:16,412] {dag.py:2921} INFO - Setting next_dagrun for example_branch_datetime_operator_2 to 2021-11-14 00:00:00+00:00
[2021-11-15 07:31:16,422] {processor.py:171} INFO - Processing /home/airflow/.local/lib/python3.7/site-packages/airflow/example_dags/example_branch_datetime_operator.py took 0.064 seconds
[2021-11-15 07:31:46,701] {processor.py:163} INFO - Started process (PID=779) to work on /home/airflow/.local/lib/python3.7/site-packages/airflow/example_dags/example_branch_datetime_operator.py
[2021-11-15 07:31:46,703] {processor.py:620} INFO - Processing file /home/airflow/.local/lib/python3.7/site-packages/airflow/example_dags/example_branch_datetime_operator.py for tasks to queue
[2021-11-15 07:31:46,704] {logging_mixin.py:109} INFO - [2021-11-15 07:31:46,704] {dagbag.py:500} INFO - Filling up the DagBag from /home/airflow/.local/lib/python3.7/site-packages/airflow/example_dags/example_branch_datetime_operator.py
[2021-11-15 07:31:46,741] {processor.py:632} INFO - DAG(s) dict_keys(['example_branch_datetime_operator_2']) retrieved from /home/airflow/.local/lib/python3.7/site-packages/airflow/example_dags/example_branch_datetime_operator.py
[2021-11-15 07:31:46,753] {logging_mixin.py:109} INFO - [2021-11-15 07:31:46,753] {dag.py:2389} INFO - Sync 1 DAGs
[2021-11-15 07:31:46,777] {logging_mixin.py:109} INFO - [2021-11-15 07:31:46,777] {dag.py:2921} INFO - Setting next_dagrun for example_branch_datetime_operator_2 to 2021-11-14 00:00:00+00:00
[2021-11-15 07:31:46,789] {processor.py:171} INFO - Processing /home/airflow/.local/lib/python3.7/site-packages/airflow/example_dags/example_branch_datetime_operator.py took 0.091 seconds
[2021-11-15 07:32:17,176] {processor.py:163} INFO - Started process (PID=836) to work on /home/airflow/.local/lib/python3.7/site-packages/airflow/example_dags/example_branch_datetime_operator.py
[2021-11-15 07:32:17,179] {processor.py:620} INFO - Processing file /home/airflow/.local/lib/python3.7/site-packages/airflow/example_dags/example_branch_datetime_operator.py for tasks to queue
[2021-11-15 07:32:17,180] {logging_mixin.py:109} INFO - [2021-11-15 07:32:17,180] {dagbag.py:500} INFO - Filling up the DagBag from /home/airflow/.local/lib/python3.7/site-packages/airflow/example_dags/example_branch_datetime_operator.py
[2021-11-15 07:32:17,232] {processor.py:632} INFO - DAG(s) dict_keys(['example_branch_datetime_operator_2']) retrieved from /home/airflow/.local/lib/python3.7/site-packages/airflow/example_dags/example_branch_datetime_operator.py
[2021-11-15 07:32:17,242] {logging_mixin.py:109} INFO - [2021-11-15 07:32:17,242] {dag.py:2389} INFO - Sync 1 DAGs
[2021-11-15 07:32:17,260] {logging_mixin.py:109} INFO - [2021-11-15 07:32:17,260] {dag.py:2921} INFO - Setting next_dagrun for example_branch_datetime_operator_2 to 2021-11-14 00:00:00+00:00
[2021-11-15 07:32:17,270] {processor.py:171} INFO - Processing /home/airflow/.local/lib/python3.7/site-packages/airflow/example_dags/example_branch_datetime_operator.py took 0.105 seconds
[2021-11-15 07:32:47,625] {processor.py:163} INFO - Started process (PID=885) to work on /home/airflow/.local/lib/python3.7/site-packages/airflow/example_dags/example_branch_datetime_operator.py
[2021-11-15 07:32:47,626] {processor.py:620} INFO - Processing file /home/airflow/.local/lib/python3.7/site-packages/airflow/example_dags/example_branch_datetime_operator.py for tasks to queue
[2021-11-15 07:32:47,627] {logging_mixin.py:109} INFO - [2021-11-15 07:32:47,627] {dagbag.py:500} INFO - Filling up the DagBag from /home/airflow/.local/lib/python3.7/site-packages/airflow/example_dags/example_branch_datetime_operator.py
[2021-11-15 07:32:47,678] {processor.py:632} INFO - DAG(s) dict_keys(['example_branch_datetime_operator_2']) retrieved from /home/airflow/.local/lib/python3.7/site-packages/airflow/example_dags/example_branch_datetime_operator.py
[2021-11-15 07:32:47,691] {logging_mixin.py:109} INFO - [2021-11-15 07:32:47,691] {dag.py:2389} INFO - Sync 1 DAGs
[2021-11-15 07:32:47,716] {logging_mixin.py:109} INFO - [2021-11-15 07:32:47,716] {dag.py:2921} INFO - Setting next_dagrun for example_branch_datetime_operator_2 to 2021-11-14 00:00:00+00:00
[2021-11-15 07:32:47,728] {processor.py:171} INFO - Processing /home/airflow/.local/lib/python3.7/site-packages/airflow/example_dags/example_branch_datetime_operator.py took 0.107 seconds
[2021-11-15 07:33:18,095] {processor.py:163} INFO - Started process (PID=945) to work on /home/airflow/.local/lib/python3.7/site-packages/airflow/example_dags/example_branch_datetime_operator.py
[2021-11-15 07:33:18,097] {processor.py:620} INFO - Processing file /home/airflow/.local/lib/python3.7/site-packages/airflow/example_dags/example_branch_datetime_operator.py for tasks to queue
[2021-11-15 07:33:18,098] {logging_mixin.py:109} INFO - [2021-11-15 07:33:18,098] {dagbag.py:500} INFO - Filling up the DagBag from /home/airflow/.local/lib/python3.7/site-packages/airflow/example_dags/example_branch_datetime_operator.py
[2021-11-15 07:33:18,122] {processor.py:632} INFO - DAG(s) dict_keys(['example_branch_datetime_operator_2']) retrieved from /home/airflow/.local/lib/python3.7/site-packages/airflow/example_dags/example_branch_datetime_operator.py
[2021-11-15 07:33:18,131] {logging_mixin.py:109} INFO - [2021-11-15 07:33:18,131] {dag.py:2389} INFO - Sync 1 DAGs
[2021-11-15 07:33:18,149] {logging_mixin.py:109} INFO - [2021-11-15 07:33:18,149] {dag.py:2921} INFO - Setting next_dagrun for example_branch_datetime_operator_2 to 2021-11-14 00:00:00+00:00
[2021-11-15 07:33:18,158] {processor.py:171} INFO - Processing /home/airflow/.local/lib/python3.7/site-packages/airflow/example_dags/example_branch_datetime_operator.py took 0.066 seconds
[2021-11-15 07:33:48,550] {processor.py:163} INFO - Started process (PID=994) to work on /home/airflow/.local/lib/python3.7/site-packages/airflow/example_dags/example_branch_datetime_operator.py
[2021-11-15 07:33:48,552] {processor.py:620} INFO - Processing file /home/airflow/.local/lib/python3.7/site-packages/airflow/example_dags/example_branch_datetime_operator.py for tasks to queue
[2021-11-15 07:33:48,553] {logging_mixin.py:109} INFO - [2021-11-15 07:33:48,553] {dagbag.py:500} INFO - Filling up the DagBag from /home/airflow/.local/lib/python3.7/site-packages/airflow/example_dags/example_branch_datetime_operator.py
[2021-11-15 07:33:48,586] {processor.py:632} INFO - DAG(s) dict_keys(['example_branch_datetime_operator_2']) retrieved from /home/airflow/.local/lib/python3.7/site-packages/airflow/example_dags/example_branch_datetime_operator.py
[2021-11-15 07:33:48,596] {logging_mixin.py:109} INFO - [2021-11-15 07:33:48,596] {dag.py:2389} INFO - Sync 1 DAGs
[2021-11-15 07:33:48,614] {logging_mixin.py:109} INFO - [2021-11-15 07:33:48,613] {dag.py:2921} INFO - Setting next_dagrun for example_branch_datetime_operator_2 to 2021-11-14 00:00:00+00:00
[2021-11-15 07:33:48,623] {processor.py:171} INFO - Processing /home/airflow/.local/lib/python3.7/site-packages/airflow/example_dags/example_branch_datetime_operator.py took 0.078 seconds
[2021-11-15 07:34:19,158] {processor.py:163} INFO - Started process (PID=1053) to work on /home/airflow/.local/lib/python3.7/site-packages/airflow/example_dags/example_branch_datetime_operator.py
[2021-11-15 07:34:19,159] {processor.py:620} INFO - Processing file /home/airflow/.local/lib/python3.7/site-packages/airflow/example_dags/example_branch_datetime_operator.py for tasks to queue
[2021-11-15 07:34:19,160] {logging_mixin.py:109} INFO - [2021-11-15 07:34:19,160] {dagbag.py:500} INFO - Filling up the DagBag from /home/airflow/.local/lib/python3.7/site-packages/airflow/example_dags/example_branch_datetime_operator.py
[2021-11-15 07:34:19,183] {processor.py:632} INFO - DAG(s) dict_keys(['example_branch_datetime_operator_2']) retrieved from /home/airflow/.local/lib/python3.7/site-packages/airflow/example_dags/example_branch_datetime_operator.py
[2021-11-15 07:34:19,191] {logging_mixin.py:109} INFO - [2021-11-15 07:34:19,191] {dag.py:2389} INFO - Sync 1 DAGs
[2021-11-15 07:34:19,208] {logging_mixin.py:109} INFO - [2021-11-15 07:34:19,208] {dag.py:2921} INFO - Setting next_dagrun for example_branch_datetime_operator_2 to 2021-11-14 00:00:00+00:00
[2021-11-15 07:34:19,216] {processor.py:171} INFO - Processing /home/airflow/.local/lib/python3.7/site-packages/airflow/example_dags/example_branch_datetime_operator.py took 0.061 seconds
[2021-11-15 07:34:49,704] {processor.py:163} INFO - Started process (PID=1102) to work on /home/airflow/.local/lib/python3.7/site-packages/airflow/example_dags/example_branch_datetime_operator.py
[2021-11-15 07:34:49,706] {processor.py:620} INFO - Processing file /home/airflow/.local/lib/python3.7/site-packages/airflow/example_dags/example_branch_datetime_operator.py for tasks to queue
[2021-11-15 07:34:49,708] {logging_mixin.py:109} INFO - [2021-11-15 07:34:49,707] {dagbag.py:500} INFO - Filling up the DagBag from /home/airflow/.local/lib/python3.7/site-packages/airflow/example_dags/example_branch_datetime_operator.py
[2021-11-15 07:34:49,745] {processor.py:632} INFO - DAG(s) dict_keys(['example_branch_datetime_operator_2']) retrieved from /home/airflow/.local/lib/python3.7/site-packages/airflow/example_dags/example_branch_datetime_operator.py
[2021-11-15 07:34:49,755] {logging_mixin.py:109} INFO - [2021-11-15 07:34:49,755] {dag.py:2389} INFO - Sync 1 DAGs
[2021-11-15 07:34:49,774] {logging_mixin.py:109} INFO - [2021-11-15 07:34:49,774] {dag.py:2921} INFO - Setting next_dagrun for example_branch_datetime_operator_2 to 2021-11-14 00:00:00+00:00
[2021-11-15 07:34:49,783] {processor.py:171} INFO - Processing /home/airflow/.local/lib/python3.7/site-packages/airflow/example_dags/example_branch_datetime_operator.py took 0.089 seconds
[2021-11-15 07:35:20,220] {processor.py:163} INFO - Started process (PID=1151) to work on /home/airflow/.local/lib/python3.7/site-packages/airflow/example_dags/example_branch_datetime_operator.py
[2021-11-15 07:35:20,222] {processor.py:620} INFO - Processing file /home/airflow/.local/lib/python3.7/site-packages/airflow/example_dags/example_branch_datetime_operator.py for tasks to queue
[2021-11-15 07:35:20,222] {logging_mixin.py:109} INFO - [2021-11-15 07:35:20,222] {dagbag.py:500} INFO - Filling up the DagBag from /home/airflow/.local/lib/python3.7/site-packages/airflow/example_dags/example_branch_datetime_operator.py
[2021-11-15 07:35:20,246] {processor.py:632} INFO - DAG(s) dict_keys(['example_branch_datetime_operator_2']) retrieved from /home/airflow/.local/lib/python3.7/site-packages/airflow/example_dags/example_branch_datetime_operator.py
[2021-11-15 07:35:20,255] {logging_mixin.py:109} INFO - [2021-11-15 07:35:20,255] {dag.py:2389} INFO - Sync 1 DAGs
[2021-11-15 07:35:20,273] {logging_mixin.py:109} INFO - [2021-11-15 07:35:20,272] {dag.py:2921} INFO - Setting next_dagrun for example_branch_datetime_operator_2 to 2021-11-14 00:00:00+00:00
[2021-11-15 07:35:20,282] {processor.py:171} INFO - Processing /home/airflow/.local/lib/python3.7/site-packages/airflow/example_dags/example_branch_datetime_operator.py took 0.064 seconds
[2021-11-15 07:35:50,613] {processor.py:163} INFO - Started process (PID=1208) to work on /home/airflow/.local/lib/python3.7/site-packages/airflow/example_dags/example_branch_datetime_operator.py
[2021-11-15 07:35:50,617] {processor.py:620} INFO - Processing file /home/airflow/.local/lib/python3.7/site-packages/airflow/example_dags/example_branch_datetime_operator.py for tasks to queue
[2021-11-15 07:35:50,618] {logging_mixin.py:109} INFO - [2021-11-15 07:35:50,618] {dagbag.py:500} INFO - Filling up the DagBag from /home/airflow/.local/lib/python3.7/site-packages/airflow/example_dags/example_branch_datetime_operator.py
[2021-11-15 07:35:50,660] {processor.py:632} INFO - DAG(s) dict_keys(['example_branch_datetime_operator_2']) retrieved from /home/airflow/.local/lib/python3.7/site-packages/airflow/example_dags/example_branch_datetime_operator.py
[2021-11-15 07:35:50,670] {logging_mixin.py:109} INFO - [2021-11-15 07:35:50,670] {dag.py:2389} INFO - Sync 1 DAGs
[2021-11-15 07:35:50,690] {logging_mixin.py:109} INFO - [2021-11-15 07:35:50,690] {dag.py:2921} INFO - Setting next_dagrun for example_branch_datetime_operator_2 to 2021-11-14 00:00:00+00:00
[2021-11-15 07:35:50,700] {processor.py:171} INFO - Processing /home/airflow/.local/lib/python3.7/site-packages/airflow/example_dags/example_branch_datetime_operator.py took 0.095 seconds
[2021-11-15 07:36:21,234] {processor.py:163} INFO - Started process (PID=1258) to work on /home/airflow/.local/lib/python3.7/site-packages/airflow/example_dags/example_branch_datetime_operator.py
[2021-11-15 07:36:21,236] {processor.py:620} INFO - Processing file /home/airflow/.local/lib/python3.7/site-packages/airflow/example_dags/example_branch_datetime_operator.py for tasks to queue
[2021-11-15 07:36:21,237] {logging_mixin.py:109} INFO - [2021-11-15 07:36:21,237] {dagbag.py:500} INFO - Filling up the DagBag from /home/airflow/.local/lib/python3.7/site-packages/airflow/example_dags/example_branch_datetime_operator.py
[2021-11-15 07:36:21,261] {processor.py:632} INFO - DAG(s) dict_keys(['example_branch_datetime_operator_2']) retrieved from /home/airflow/.local/lib/python3.7/site-packages/airflow/example_dags/example_branch_datetime_operator.py
[2021-11-15 07:36:21,270] {logging_mixin.py:109} INFO - [2021-11-15 07:36:21,270] {dag.py:2389} INFO - Sync 1 DAGs
[2021-11-15 07:36:21,289] {logging_mixin.py:109} INFO - [2021-11-15 07:36:21,289] {dag.py:2921} INFO - Setting next_dagrun for example_branch_datetime_operator_2 to 2021-11-14 00:00:00+00:00
[2021-11-15 07:36:21,299] {processor.py:171} INFO - Processing /home/airflow/.local/lib/python3.7/site-packages/airflow/example_dags/example_branch_datetime_operator.py took 0.068 seconds
[2021-11-15 07:36:51,721] {processor.py:163} INFO - Started process (PID=1315) to work on /home/airflow/.local/lib/python3.7/site-packages/airflow/example_dags/example_branch_datetime_operator.py
[2021-11-15 07:36:51,723] {processor.py:620} INFO - Processing file /home/airflow/.local/lib/python3.7/site-packages/airflow/example_dags/example_branch_datetime_operator.py for tasks to queue
[2021-11-15 07:36:51,724] {logging_mixin.py:109} INFO - [2021-11-15 07:36:51,723] {dagbag.py:500} INFO - Filling up the DagBag from /home/airflow/.local/lib/python3.7/site-packages/airflow/example_dags/example_branch_datetime_operator.py
[2021-11-15 07:36:51,758] {processor.py:632} INFO - DAG(s) dict_keys(['example_branch_datetime_operator_2']) retrieved from /home/airflow/.local/lib/python3.7/site-packages/airflow/example_dags/example_branch_datetime_operator.py
[2021-11-15 07:36:51,772] {logging_mixin.py:109} INFO - [2021-11-15 07:36:51,772] {dag.py:2389} INFO - Sync 1 DAGs
[2021-11-15 07:36:51,794] {logging_mixin.py:109} INFO - [2021-11-15 07:36:51,794] {dag.py:2921} INFO - Setting next_dagrun for example_branch_datetime_operator_2 to 2021-11-14 00:00:00+00:00
[2021-11-15 07:36:51,805] {processor.py:171} INFO - Processing /home/airflow/.local/lib/python3.7/site-packages/airflow/example_dags/example_branch_datetime_operator.py took 0.090 seconds
[2021-11-15 07:37:22,067] {processor.py:163} INFO - Started process (PID=1365) to work on /home/airflow/.local/lib/python3.7/site-packages/airflow/example_dags/example_branch_datetime_operator.py
[2021-11-15 07:37:22,068] {processor.py:620} INFO - Processing file /home/airflow/.local/lib/python3.7/site-packages/airflow/example_dags/example_branch_datetime_operator.py for tasks to queue
[2021-11-15 07:37:22,068] {logging_mixin.py:109} INFO - [2021-11-15 07:37:22,068] {dagbag.py:500} INFO - Filling up the DagBag from /home/airflow/.local/lib/python3.7/site-packages/airflow/example_dags/example_branch_datetime_operator.py
[2021-11-15 07:37:22,091] {processor.py:632} INFO - DAG(s) dict_keys(['example_branch_datetime_operator_2']) retrieved from /home/airflow/.local/lib/python3.7/site-packages/airflow/example_dags/example_branch_datetime_operator.py
[2021-11-15 07:37:22,099] {logging_mixin.py:109} INFO - [2021-11-15 07:37:22,099] {dag.py:2389} INFO - Sync 1 DAGs
[2021-11-15 07:37:22,114] {logging_mixin.py:109} INFO - [2021-11-15 07:37:22,114] {dag.py:2921} INFO - Setting next_dagrun for example_branch_datetime_operator_2 to 2021-11-14 00:00:00+00:00
[2021-11-15 07:37:22,123] {processor.py:171} INFO - Processing /home/airflow/.local/lib/python3.7/site-packages/airflow/example_dags/example_branch_datetime_operator.py took 0.058 seconds
[2021-11-15 07:37:52,446] {processor.py:163} INFO - Started process (PID=1423) to work on /home/airflow/.local/lib/python3.7/site-packages/airflow/example_dags/example_branch_datetime_operator.py
[2021-11-15 07:37:52,448] {processor.py:620} INFO - Processing file /home/airflow/.local/lib/python3.7/site-packages/airflow/example_dags/example_branch_datetime_operator.py for tasks to queue
[2021-11-15 07:37:52,448] {logging_mixin.py:109} INFO - [2021-11-15 07:37:52,448] {dagbag.py:500} INFO - Filling up the DagBag from /home/airflow/.local/lib/python3.7/site-packages/airflow/example_dags/example_branch_datetime_operator.py
[2021-11-15 07:37:52,472] {processor.py:632} INFO - DAG(s) dict_keys(['example_branch_datetime_operator_2']) retrieved from /home/airflow/.local/lib/python3.7/site-packages/airflow/example_dags/example_branch_datetime_operator.py
[2021-11-15 07:37:52,482] {logging_mixin.py:109} INFO - [2021-11-15 07:37:52,482] {dag.py:2389} INFO - Sync 1 DAGs
[2021-11-15 07:37:52,502] {logging_mixin.py:109} INFO - [2021-11-15 07:37:52,501] {dag.py:2921} INFO - Setting next_dagrun for example_branch_datetime_operator_2 to 2021-11-14 00:00:00+00:00
[2021-11-15 07:37:52,513] {processor.py:171} INFO - Processing /home/airflow/.local/lib/python3.7/site-packages/airflow/example_dags/example_branch_datetime_operator.py took 0.069 seconds
