[2021-11-15 07:27:38,575] {processor.py:163} INFO - Started process (PID=315) to work on /home/airflow/.local/lib/python3.7/site-packages/airflow/example_dags/example_branch_labels.py
[2021-11-15 07:27:38,576] {processor.py:620} INFO - Processing file /home/airflow/.local/lib/python3.7/site-packages/airflow/example_dags/example_branch_labels.py for tasks to queue
[2021-11-15 07:27:38,577] {logging_mixin.py:109} INFO - [2021-11-15 07:27:38,577] {dagbag.py:500} INFO - Filling up the DagBag from /home/airflow/.local/lib/python3.7/site-packages/airflow/example_dags/example_branch_labels.py
[2021-11-15 07:27:38,603] {processor.py:632} INFO - DAG(s) dict_keys(['example_branch_labels']) retrieved from /home/airflow/.local/lib/python3.7/site-packages/airflow/example_dags/example_branch_labels.py
[2021-11-15 07:27:40,621] {logging_mixin.py:109} INFO - [2021-11-15 07:27:40,621] {providers_manager.py:156} WARNING - Exception when importing 'airflow.providers.google.leveldb.hooks.leveldb.LevelDBHook' from 'apache-airflow-providers-google' package: No module named 'plyvel'
[2021-11-15 07:27:41,076] {logging_mixin.py:109} INFO - [2021-11-15 07:27:41,076] {providers_manager.py:156} WARNING - Exception when importing 'airflow.providers.google.leveldb.hooks.leveldb.LevelDBHook' from 'apache-airflow-providers-google' package: No module named 'plyvel'
[2021-11-15 07:27:41,097] {logging_mixin.py:109} INFO - [2021-11-15 07:27:41,097] {manager.py:496} INFO - Created Permission View: can edit on DAG:example_branch_labels
[2021-11-15 07:27:41,106] {logging_mixin.py:109} INFO - [2021-11-15 07:27:41,106] {manager.py:496} INFO - Created Permission View: can read on DAG:example_branch_labels
[2021-11-15 07:27:41,107] {logging_mixin.py:109} INFO - [2021-11-15 07:27:41,106] {dag.py:2389} INFO - Sync 1 DAGs
[2021-11-15 07:27:41,114] {logging_mixin.py:109} INFO - [2021-11-15 07:27:41,114] {dag.py:2408} INFO - Creating ORM DAG for example_branch_labels
[2021-11-15 07:27:41,124] {logging_mixin.py:109} INFO - [2021-11-15 07:27:41,124] {dag.py:2921} INFO - Setting next_dagrun for example_branch_labels to 2021-11-14 00:00:00+00:00
[2021-11-15 07:27:41,135] {processor.py:171} INFO - Processing /home/airflow/.local/lib/python3.7/site-packages/airflow/example_dags/example_branch_labels.py took 2.562 seconds
[2021-11-15 07:28:11,964] {processor.py:163} INFO - Started process (PID=401) to work on /home/airflow/.local/lib/python3.7/site-packages/airflow/example_dags/example_branch_labels.py
[2021-11-15 07:28:11,965] {processor.py:620} INFO - Processing file /home/airflow/.local/lib/python3.7/site-packages/airflow/example_dags/example_branch_labels.py for tasks to queue
[2021-11-15 07:28:11,966] {logging_mixin.py:109} INFO - [2021-11-15 07:28:11,966] {dagbag.py:500} INFO - Filling up the DagBag from /home/airflow/.local/lib/python3.7/site-packages/airflow/example_dags/example_branch_labels.py
[2021-11-15 07:28:11,991] {processor.py:632} INFO - DAG(s) dict_keys(['example_branch_labels']) retrieved from /home/airflow/.local/lib/python3.7/site-packages/airflow/example_dags/example_branch_labels.py
[2021-11-15 07:28:12,001] {logging_mixin.py:109} INFO - [2021-11-15 07:28:12,001] {dag.py:2389} INFO - Sync 1 DAGs
[2021-11-15 07:28:12,018] {logging_mixin.py:109} INFO - [2021-11-15 07:28:12,018] {dag.py:2921} INFO - Setting next_dagrun for example_branch_labels to 2021-11-14 00:00:00+00:00
[2021-11-15 07:28:12,027] {processor.py:171} INFO - Processing /home/airflow/.local/lib/python3.7/site-packages/airflow/example_dags/example_branch_labels.py took 0.065 seconds
[2021-11-15 07:28:42,101] {processor.py:163} INFO - Started process (PID=451) to work on /home/airflow/.local/lib/python3.7/site-packages/airflow/example_dags/example_branch_labels.py
[2021-11-15 07:28:42,102] {processor.py:620} INFO - Processing file /home/airflow/.local/lib/python3.7/site-packages/airflow/example_dags/example_branch_labels.py for tasks to queue
[2021-11-15 07:28:42,103] {logging_mixin.py:109} INFO - [2021-11-15 07:28:42,103] {dagbag.py:500} INFO - Filling up the DagBag from /home/airflow/.local/lib/python3.7/site-packages/airflow/example_dags/example_branch_labels.py
[2021-11-15 07:28:42,129] {processor.py:632} INFO - DAG(s) dict_keys(['example_branch_labels']) retrieved from /home/airflow/.local/lib/python3.7/site-packages/airflow/example_dags/example_branch_labels.py
[2021-11-15 07:28:42,138] {logging_mixin.py:109} INFO - [2021-11-15 07:28:42,138] {dag.py:2389} INFO - Sync 1 DAGs
[2021-11-15 07:28:42,158] {logging_mixin.py:109} INFO - [2021-11-15 07:28:42,158] {dag.py:2921} INFO - Setting next_dagrun for example_branch_labels to 2021-11-14 00:00:00+00:00
[2021-11-15 07:28:42,166] {processor.py:171} INFO - Processing /home/airflow/.local/lib/python3.7/site-packages/airflow/example_dags/example_branch_labels.py took 0.068 seconds
[2021-11-15 07:29:12,200] {processor.py:163} INFO - Started process (PID=509) to work on /home/airflow/.local/lib/python3.7/site-packages/airflow/example_dags/example_branch_labels.py
[2021-11-15 07:29:12,201] {processor.py:620} INFO - Processing file /home/airflow/.local/lib/python3.7/site-packages/airflow/example_dags/example_branch_labels.py for tasks to queue
[2021-11-15 07:29:12,201] {logging_mixin.py:109} INFO - [2021-11-15 07:29:12,201] {dagbag.py:500} INFO - Filling up the DagBag from /home/airflow/.local/lib/python3.7/site-packages/airflow/example_dags/example_branch_labels.py
[2021-11-15 07:29:12,227] {processor.py:632} INFO - DAG(s) dict_keys(['example_branch_labels']) retrieved from /home/airflow/.local/lib/python3.7/site-packages/airflow/example_dags/example_branch_labels.py
[2021-11-15 07:29:12,236] {logging_mixin.py:109} INFO - [2021-11-15 07:29:12,236] {dag.py:2389} INFO - Sync 1 DAGs
[2021-11-15 07:29:12,253] {logging_mixin.py:109} INFO - [2021-11-15 07:29:12,253] {dag.py:2921} INFO - Setting next_dagrun for example_branch_labels to 2021-11-14 00:00:00+00:00
[2021-11-15 07:29:12,262] {processor.py:171} INFO - Processing /home/airflow/.local/lib/python3.7/site-packages/airflow/example_dags/example_branch_labels.py took 0.065 seconds
[2021-11-15 07:29:42,441] {processor.py:163} INFO - Started process (PID=558) to work on /home/airflow/.local/lib/python3.7/site-packages/airflow/example_dags/example_branch_labels.py
[2021-11-15 07:29:42,442] {processor.py:620} INFO - Processing file /home/airflow/.local/lib/python3.7/site-packages/airflow/example_dags/example_branch_labels.py for tasks to queue
[2021-11-15 07:29:42,442] {logging_mixin.py:109} INFO - [2021-11-15 07:29:42,442] {dagbag.py:500} INFO - Filling up the DagBag from /home/airflow/.local/lib/python3.7/site-packages/airflow/example_dags/example_branch_labels.py
[2021-11-15 07:29:42,465] {processor.py:632} INFO - DAG(s) dict_keys(['example_branch_labels']) retrieved from /home/airflow/.local/lib/python3.7/site-packages/airflow/example_dags/example_branch_labels.py
[2021-11-15 07:29:42,473] {logging_mixin.py:109} INFO - [2021-11-15 07:29:42,473] {dag.py:2389} INFO - Sync 1 DAGs
[2021-11-15 07:29:42,488] {logging_mixin.py:109} INFO - [2021-11-15 07:29:42,488] {dag.py:2921} INFO - Setting next_dagrun for example_branch_labels to 2021-11-14 00:00:00+00:00
[2021-11-15 07:29:42,495] {processor.py:171} INFO - Processing /home/airflow/.local/lib/python3.7/site-packages/airflow/example_dags/example_branch_labels.py took 0.057 seconds
[2021-11-15 07:30:13,272] {processor.py:163} INFO - Started process (PID=615) to work on /home/airflow/.local/lib/python3.7/site-packages/airflow/example_dags/example_branch_labels.py
[2021-11-15 07:30:13,273] {processor.py:620} INFO - Processing file /home/airflow/.local/lib/python3.7/site-packages/airflow/example_dags/example_branch_labels.py for tasks to queue
[2021-11-15 07:30:13,273] {logging_mixin.py:109} INFO - [2021-11-15 07:30:13,273] {dagbag.py:500} INFO - Filling up the DagBag from /home/airflow/.local/lib/python3.7/site-packages/airflow/example_dags/example_branch_labels.py
[2021-11-15 07:30:13,294] {processor.py:632} INFO - DAG(s) dict_keys(['example_branch_labels']) retrieved from /home/airflow/.local/lib/python3.7/site-packages/airflow/example_dags/example_branch_labels.py
[2021-11-15 07:30:13,303] {logging_mixin.py:109} INFO - [2021-11-15 07:30:13,303] {dag.py:2389} INFO - Sync 1 DAGs
[2021-11-15 07:30:13,319] {logging_mixin.py:109} INFO - [2021-11-15 07:30:13,319] {dag.py:2921} INFO - Setting next_dagrun for example_branch_labels to 2021-11-14 00:00:00+00:00
[2021-11-15 07:30:13,328] {processor.py:171} INFO - Processing /home/airflow/.local/lib/python3.7/site-packages/airflow/example_dags/example_branch_labels.py took 0.058 seconds
[2021-11-15 07:30:43,685] {processor.py:163} INFO - Started process (PID=665) to work on /home/airflow/.local/lib/python3.7/site-packages/airflow/example_dags/example_branch_labels.py
[2021-11-15 07:30:43,686] {processor.py:620} INFO - Processing file /home/airflow/.local/lib/python3.7/site-packages/airflow/example_dags/example_branch_labels.py for tasks to queue
[2021-11-15 07:30:43,686] {logging_mixin.py:109} INFO - [2021-11-15 07:30:43,686] {dagbag.py:500} INFO - Filling up the DagBag from /home/airflow/.local/lib/python3.7/site-packages/airflow/example_dags/example_branch_labels.py
[2021-11-15 07:30:43,709] {processor.py:632} INFO - DAG(s) dict_keys(['example_branch_labels']) retrieved from /home/airflow/.local/lib/python3.7/site-packages/airflow/example_dags/example_branch_labels.py
[2021-11-15 07:30:43,718] {logging_mixin.py:109} INFO - [2021-11-15 07:30:43,718] {dag.py:2389} INFO - Sync 1 DAGs
[2021-11-15 07:30:43,734] {logging_mixin.py:109} INFO - [2021-11-15 07:30:43,734] {dag.py:2921} INFO - Setting next_dagrun for example_branch_labels to 2021-11-14 00:00:00+00:00
[2021-11-15 07:30:43,742] {processor.py:171} INFO - Processing /home/airflow/.local/lib/python3.7/site-packages/airflow/example_dags/example_branch_labels.py took 0.060 seconds
[2021-11-15 07:31:14,100] {processor.py:163} INFO - Started process (PID=720) to work on /home/airflow/.local/lib/python3.7/site-packages/airflow/example_dags/example_branch_labels.py
[2021-11-15 07:31:14,101] {processor.py:620} INFO - Processing file /home/airflow/.local/lib/python3.7/site-packages/airflow/example_dags/example_branch_labels.py for tasks to queue
[2021-11-15 07:31:14,102] {logging_mixin.py:109} INFO - [2021-11-15 07:31:14,102] {dagbag.py:500} INFO - Filling up the DagBag from /home/airflow/.local/lib/python3.7/site-packages/airflow/example_dags/example_branch_labels.py
[2021-11-15 07:31:14,124] {processor.py:632} INFO - DAG(s) dict_keys(['example_branch_labels']) retrieved from /home/airflow/.local/lib/python3.7/site-packages/airflow/example_dags/example_branch_labels.py
[2021-11-15 07:31:14,136] {logging_mixin.py:109} INFO - [2021-11-15 07:31:14,136] {dag.py:2389} INFO - Sync 1 DAGs
[2021-11-15 07:31:14,154] {logging_mixin.py:109} INFO - [2021-11-15 07:31:14,154] {dag.py:2921} INFO - Setting next_dagrun for example_branch_labels to 2021-11-14 00:00:00+00:00
[2021-11-15 07:31:14,162] {processor.py:171} INFO - Processing /home/airflow/.local/lib/python3.7/site-packages/airflow/example_dags/example_branch_labels.py took 0.064 seconds
[2021-11-15 07:31:44,710] {processor.py:163} INFO - Started process (PID=773) to work on /home/airflow/.local/lib/python3.7/site-packages/airflow/example_dags/example_branch_labels.py
[2021-11-15 07:31:44,711] {processor.py:620} INFO - Processing file /home/airflow/.local/lib/python3.7/site-packages/airflow/example_dags/example_branch_labels.py for tasks to queue
[2021-11-15 07:31:44,712] {logging_mixin.py:109} INFO - [2021-11-15 07:31:44,712] {dagbag.py:500} INFO - Filling up the DagBag from /home/airflow/.local/lib/python3.7/site-packages/airflow/example_dags/example_branch_labels.py
[2021-11-15 07:31:44,736] {processor.py:632} INFO - DAG(s) dict_keys(['example_branch_labels']) retrieved from /home/airflow/.local/lib/python3.7/site-packages/airflow/example_dags/example_branch_labels.py
[2021-11-15 07:31:44,747] {logging_mixin.py:109} INFO - [2021-11-15 07:31:44,746] {dag.py:2389} INFO - Sync 1 DAGs
[2021-11-15 07:31:44,764] {logging_mixin.py:109} INFO - [2021-11-15 07:31:44,764] {dag.py:2921} INFO - Setting next_dagrun for example_branch_labels to 2021-11-14 00:00:00+00:00
[2021-11-15 07:31:44,772] {processor.py:171} INFO - Processing /home/airflow/.local/lib/python3.7/site-packages/airflow/example_dags/example_branch_labels.py took 0.065 seconds
[2021-11-15 07:32:14,898] {processor.py:163} INFO - Started process (PID=830) to work on /home/airflow/.local/lib/python3.7/site-packages/airflow/example_dags/example_branch_labels.py
[2021-11-15 07:32:14,900] {processor.py:620} INFO - Processing file /home/airflow/.local/lib/python3.7/site-packages/airflow/example_dags/example_branch_labels.py for tasks to queue
[2021-11-15 07:32:14,901] {logging_mixin.py:109} INFO - [2021-11-15 07:32:14,900] {dagbag.py:500} INFO - Filling up the DagBag from /home/airflow/.local/lib/python3.7/site-packages/airflow/example_dags/example_branch_labels.py
[2021-11-15 07:32:14,980] {processor.py:632} INFO - DAG(s) dict_keys(['example_branch_labels']) retrieved from /home/airflow/.local/lib/python3.7/site-packages/airflow/example_dags/example_branch_labels.py
[2021-11-15 07:32:15,001] {logging_mixin.py:109} INFO - [2021-11-15 07:32:15,001] {dag.py:2389} INFO - Sync 1 DAGs
[2021-11-15 07:32:15,023] {logging_mixin.py:109} INFO - [2021-11-15 07:32:15,023] {dag.py:2921} INFO - Setting next_dagrun for example_branch_labels to 2021-11-14 00:00:00+00:00
[2021-11-15 07:32:15,033] {processor.py:171} INFO - Processing /home/airflow/.local/lib/python3.7/site-packages/airflow/example_dags/example_branch_labels.py took 0.138 seconds
[2021-11-15 07:32:45,448] {processor.py:163} INFO - Started process (PID=879) to work on /home/airflow/.local/lib/python3.7/site-packages/airflow/example_dags/example_branch_labels.py
[2021-11-15 07:32:45,449] {processor.py:620} INFO - Processing file /home/airflow/.local/lib/python3.7/site-packages/airflow/example_dags/example_branch_labels.py for tasks to queue
[2021-11-15 07:32:45,450] {logging_mixin.py:109} INFO - [2021-11-15 07:32:45,450] {dagbag.py:500} INFO - Filling up the DagBag from /home/airflow/.local/lib/python3.7/site-packages/airflow/example_dags/example_branch_labels.py
[2021-11-15 07:32:45,472] {processor.py:632} INFO - DAG(s) dict_keys(['example_branch_labels']) retrieved from /home/airflow/.local/lib/python3.7/site-packages/airflow/example_dags/example_branch_labels.py
[2021-11-15 07:32:45,485] {logging_mixin.py:109} INFO - [2021-11-15 07:32:45,485] {dag.py:2389} INFO - Sync 1 DAGs
[2021-11-15 07:32:45,507] {logging_mixin.py:109} INFO - [2021-11-15 07:32:45,506] {dag.py:2921} INFO - Setting next_dagrun for example_branch_labels to 2021-11-14 00:00:00+00:00
[2021-11-15 07:32:45,517] {processor.py:171} INFO - Processing /home/airflow/.local/lib/python3.7/site-packages/airflow/example_dags/example_branch_labels.py took 0.071 seconds
[2021-11-15 07:33:15,900] {processor.py:163} INFO - Started process (PID=930) to work on /home/airflow/.local/lib/python3.7/site-packages/airflow/example_dags/example_branch_labels.py
[2021-11-15 07:33:15,901] {processor.py:620} INFO - Processing file /home/airflow/.local/lib/python3.7/site-packages/airflow/example_dags/example_branch_labels.py for tasks to queue
[2021-11-15 07:33:15,901] {logging_mixin.py:109} INFO - [2021-11-15 07:33:15,901] {dagbag.py:500} INFO - Filling up the DagBag from /home/airflow/.local/lib/python3.7/site-packages/airflow/example_dags/example_branch_labels.py
[2021-11-15 07:33:15,927] {processor.py:632} INFO - DAG(s) dict_keys(['example_branch_labels']) retrieved from /home/airflow/.local/lib/python3.7/site-packages/airflow/example_dags/example_branch_labels.py
[2021-11-15 07:33:15,937] {logging_mixin.py:109} INFO - [2021-11-15 07:33:15,937] {dag.py:2389} INFO - Sync 1 DAGs
[2021-11-15 07:33:15,956] {logging_mixin.py:109} INFO - [2021-11-15 07:33:15,956] {dag.py:2921} INFO - Setting next_dagrun for example_branch_labels to 2021-11-14 00:00:00+00:00
[2021-11-15 07:33:15,964] {processor.py:171} INFO - Processing /home/airflow/.local/lib/python3.7/site-packages/airflow/example_dags/example_branch_labels.py took 0.067 seconds
[2021-11-15 07:33:46,333] {processor.py:163} INFO - Started process (PID=988) to work on /home/airflow/.local/lib/python3.7/site-packages/airflow/example_dags/example_branch_labels.py
[2021-11-15 07:33:46,335] {processor.py:620} INFO - Processing file /home/airflow/.local/lib/python3.7/site-packages/airflow/example_dags/example_branch_labels.py for tasks to queue
[2021-11-15 07:33:46,335] {logging_mixin.py:109} INFO - [2021-11-15 07:33:46,335] {dagbag.py:500} INFO - Filling up the DagBag from /home/airflow/.local/lib/python3.7/site-packages/airflow/example_dags/example_branch_labels.py
[2021-11-15 07:33:46,359] {processor.py:632} INFO - DAG(s) dict_keys(['example_branch_labels']) retrieved from /home/airflow/.local/lib/python3.7/site-packages/airflow/example_dags/example_branch_labels.py
[2021-11-15 07:33:46,368] {logging_mixin.py:109} INFO - [2021-11-15 07:33:46,368] {dag.py:2389} INFO - Sync 1 DAGs
[2021-11-15 07:33:46,384] {logging_mixin.py:109} INFO - [2021-11-15 07:33:46,384] {dag.py:2921} INFO - Setting next_dagrun for example_branch_labels to 2021-11-14 00:00:00+00:00
[2021-11-15 07:33:46,393] {processor.py:171} INFO - Processing /home/airflow/.local/lib/python3.7/site-packages/airflow/example_dags/example_branch_labels.py took 0.062 seconds
[2021-11-15 07:34:16,961] {processor.py:163} INFO - Started process (PID=1037) to work on /home/airflow/.local/lib/python3.7/site-packages/airflow/example_dags/example_branch_labels.py
[2021-11-15 07:34:16,962] {processor.py:620} INFO - Processing file /home/airflow/.local/lib/python3.7/site-packages/airflow/example_dags/example_branch_labels.py for tasks to queue
[2021-11-15 07:34:16,962] {logging_mixin.py:109} INFO - [2021-11-15 07:34:16,962] {dagbag.py:500} INFO - Filling up the DagBag from /home/airflow/.local/lib/python3.7/site-packages/airflow/example_dags/example_branch_labels.py
[2021-11-15 07:34:16,985] {processor.py:632} INFO - DAG(s) dict_keys(['example_branch_labels']) retrieved from /home/airflow/.local/lib/python3.7/site-packages/airflow/example_dags/example_branch_labels.py
[2021-11-15 07:34:16,995] {logging_mixin.py:109} INFO - [2021-11-15 07:34:16,995] {dag.py:2389} INFO - Sync 1 DAGs
[2021-11-15 07:34:17,013] {logging_mixin.py:109} INFO - [2021-11-15 07:34:17,013] {dag.py:2921} INFO - Setting next_dagrun for example_branch_labels to 2021-11-14 00:00:00+00:00
[2021-11-15 07:34:17,021] {processor.py:171} INFO - Processing /home/airflow/.local/lib/python3.7/site-packages/airflow/example_dags/example_branch_labels.py took 0.063 seconds
[2021-11-15 07:34:47,441] {processor.py:163} INFO - Started process (PID=1096) to work on /home/airflow/.local/lib/python3.7/site-packages/airflow/example_dags/example_branch_labels.py
[2021-11-15 07:34:47,442] {processor.py:620} INFO - Processing file /home/airflow/.local/lib/python3.7/site-packages/airflow/example_dags/example_branch_labels.py for tasks to queue
[2021-11-15 07:34:47,443] {logging_mixin.py:109} INFO - [2021-11-15 07:34:47,442] {dagbag.py:500} INFO - Filling up the DagBag from /home/airflow/.local/lib/python3.7/site-packages/airflow/example_dags/example_branch_labels.py
[2021-11-15 07:34:47,466] {processor.py:632} INFO - DAG(s) dict_keys(['example_branch_labels']) retrieved from /home/airflow/.local/lib/python3.7/site-packages/airflow/example_dags/example_branch_labels.py
[2021-11-15 07:34:47,476] {logging_mixin.py:109} INFO - [2021-11-15 07:34:47,476] {dag.py:2389} INFO - Sync 1 DAGs
[2021-11-15 07:34:47,493] {logging_mixin.py:109} INFO - [2021-11-15 07:34:47,493] {dag.py:2921} INFO - Setting next_dagrun for example_branch_labels to 2021-11-14 00:00:00+00:00
[2021-11-15 07:34:47,503] {processor.py:171} INFO - Processing /home/airflow/.local/lib/python3.7/site-packages/airflow/example_dags/example_branch_labels.py took 0.065 seconds
[2021-11-15 07:35:17,959] {processor.py:163} INFO - Started process (PID=1145) to work on /home/airflow/.local/lib/python3.7/site-packages/airflow/example_dags/example_branch_labels.py
[2021-11-15 07:35:17,961] {processor.py:620} INFO - Processing file /home/airflow/.local/lib/python3.7/site-packages/airflow/example_dags/example_branch_labels.py for tasks to queue
[2021-11-15 07:35:17,962] {logging_mixin.py:109} INFO - [2021-11-15 07:35:17,962] {dagbag.py:500} INFO - Filling up the DagBag from /home/airflow/.local/lib/python3.7/site-packages/airflow/example_dags/example_branch_labels.py
[2021-11-15 07:35:17,991] {processor.py:632} INFO - DAG(s) dict_keys(['example_branch_labels']) retrieved from /home/airflow/.local/lib/python3.7/site-packages/airflow/example_dags/example_branch_labels.py
[2021-11-15 07:35:18,007] {logging_mixin.py:109} INFO - [2021-11-15 07:35:18,007] {dag.py:2389} INFO - Sync 1 DAGs
[2021-11-15 07:35:18,037] {logging_mixin.py:109} INFO - [2021-11-15 07:35:18,037] {dag.py:2921} INFO - Setting next_dagrun for example_branch_labels to 2021-11-14 00:00:00+00:00
[2021-11-15 07:35:18,051] {processor.py:171} INFO - Processing /home/airflow/.local/lib/python3.7/site-packages/airflow/example_dags/example_branch_labels.py took 0.095 seconds
[2021-11-15 07:35:48,452] {processor.py:163} INFO - Started process (PID=1202) to work on /home/airflow/.local/lib/python3.7/site-packages/airflow/example_dags/example_branch_labels.py
[2021-11-15 07:35:48,453] {processor.py:620} INFO - Processing file /home/airflow/.local/lib/python3.7/site-packages/airflow/example_dags/example_branch_labels.py for tasks to queue
[2021-11-15 07:35:48,454] {logging_mixin.py:109} INFO - [2021-11-15 07:35:48,454] {dagbag.py:500} INFO - Filling up the DagBag from /home/airflow/.local/lib/python3.7/site-packages/airflow/example_dags/example_branch_labels.py
[2021-11-15 07:35:48,477] {processor.py:632} INFO - DAG(s) dict_keys(['example_branch_labels']) retrieved from /home/airflow/.local/lib/python3.7/site-packages/airflow/example_dags/example_branch_labels.py
[2021-11-15 07:35:48,487] {logging_mixin.py:109} INFO - [2021-11-15 07:35:48,487] {dag.py:2389} INFO - Sync 1 DAGs
[2021-11-15 07:35:48,504] {logging_mixin.py:109} INFO - [2021-11-15 07:35:48,504] {dag.py:2921} INFO - Setting next_dagrun for example_branch_labels to 2021-11-14 00:00:00+00:00
[2021-11-15 07:35:48,512] {processor.py:171} INFO - Processing /home/airflow/.local/lib/python3.7/site-packages/airflow/example_dags/example_branch_labels.py took 0.063 seconds
[2021-11-15 07:36:19,052] {processor.py:163} INFO - Started process (PID=1252) to work on /home/airflow/.local/lib/python3.7/site-packages/airflow/example_dags/example_branch_labels.py
[2021-11-15 07:36:19,054] {processor.py:620} INFO - Processing file /home/airflow/.local/lib/python3.7/site-packages/airflow/example_dags/example_branch_labels.py for tasks to queue
[2021-11-15 07:36:19,054] {logging_mixin.py:109} INFO - [2021-11-15 07:36:19,054] {dagbag.py:500} INFO - Filling up the DagBag from /home/airflow/.local/lib/python3.7/site-packages/airflow/example_dags/example_branch_labels.py
[2021-11-15 07:36:19,085] {processor.py:632} INFO - DAG(s) dict_keys(['example_branch_labels']) retrieved from /home/airflow/.local/lib/python3.7/site-packages/airflow/example_dags/example_branch_labels.py
[2021-11-15 07:36:19,100] {logging_mixin.py:109} INFO - [2021-11-15 07:36:19,099] {dag.py:2389} INFO - Sync 1 DAGs
[2021-11-15 07:36:19,124] {logging_mixin.py:109} INFO - [2021-11-15 07:36:19,124] {dag.py:2921} INFO - Setting next_dagrun for example_branch_labels to 2021-11-14 00:00:00+00:00
[2021-11-15 07:36:19,135] {processor.py:171} INFO - Processing /home/airflow/.local/lib/python3.7/site-packages/airflow/example_dags/example_branch_labels.py took 0.087 seconds
[2021-11-15 07:36:49,474] {processor.py:163} INFO - Started process (PID=1309) to work on /home/airflow/.local/lib/python3.7/site-packages/airflow/example_dags/example_branch_labels.py
[2021-11-15 07:36:49,475] {processor.py:620} INFO - Processing file /home/airflow/.local/lib/python3.7/site-packages/airflow/example_dags/example_branch_labels.py for tasks to queue
[2021-11-15 07:36:49,475] {logging_mixin.py:109} INFO - [2021-11-15 07:36:49,475] {dagbag.py:500} INFO - Filling up the DagBag from /home/airflow/.local/lib/python3.7/site-packages/airflow/example_dags/example_branch_labels.py
[2021-11-15 07:36:49,500] {processor.py:632} INFO - DAG(s) dict_keys(['example_branch_labels']) retrieved from /home/airflow/.local/lib/python3.7/site-packages/airflow/example_dags/example_branch_labels.py
[2021-11-15 07:36:49,512] {logging_mixin.py:109} INFO - [2021-11-15 07:36:49,512] {dag.py:2389} INFO - Sync 1 DAGs
[2021-11-15 07:36:49,533] {logging_mixin.py:109} INFO - [2021-11-15 07:36:49,532] {dag.py:2921} INFO - Setting next_dagrun for example_branch_labels to 2021-11-14 00:00:00+00:00
[2021-11-15 07:36:49,541] {processor.py:171} INFO - Processing /home/airflow/.local/lib/python3.7/site-packages/airflow/example_dags/example_branch_labels.py took 0.070 seconds
[2021-11-15 07:37:19,868] {processor.py:163} INFO - Started process (PID=1359) to work on /home/airflow/.local/lib/python3.7/site-packages/airflow/example_dags/example_branch_labels.py
[2021-11-15 07:37:19,869] {processor.py:620} INFO - Processing file /home/airflow/.local/lib/python3.7/site-packages/airflow/example_dags/example_branch_labels.py for tasks to queue
[2021-11-15 07:37:19,870] {logging_mixin.py:109} INFO - [2021-11-15 07:37:19,870] {dagbag.py:500} INFO - Filling up the DagBag from /home/airflow/.local/lib/python3.7/site-packages/airflow/example_dags/example_branch_labels.py
[2021-11-15 07:37:19,900] {processor.py:632} INFO - DAG(s) dict_keys(['example_branch_labels']) retrieved from /home/airflow/.local/lib/python3.7/site-packages/airflow/example_dags/example_branch_labels.py
[2021-11-15 07:37:19,916] {logging_mixin.py:109} INFO - [2021-11-15 07:37:19,916] {dag.py:2389} INFO - Sync 1 DAGs
[2021-11-15 07:37:19,937] {logging_mixin.py:109} INFO - [2021-11-15 07:37:19,936] {dag.py:2921} INFO - Setting next_dagrun for example_branch_labels to 2021-11-14 00:00:00+00:00
[2021-11-15 07:37:19,950] {processor.py:171} INFO - Processing /home/airflow/.local/lib/python3.7/site-packages/airflow/example_dags/example_branch_labels.py took 0.086 seconds
[2021-11-15 07:37:50,160] {processor.py:163} INFO - Started process (PID=1409) to work on /home/airflow/.local/lib/python3.7/site-packages/airflow/example_dags/example_branch_labels.py
[2021-11-15 07:37:50,161] {processor.py:620} INFO - Processing file /home/airflow/.local/lib/python3.7/site-packages/airflow/example_dags/example_branch_labels.py for tasks to queue
[2021-11-15 07:37:50,161] {logging_mixin.py:109} INFO - [2021-11-15 07:37:50,161] {dagbag.py:500} INFO - Filling up the DagBag from /home/airflow/.local/lib/python3.7/site-packages/airflow/example_dags/example_branch_labels.py
[2021-11-15 07:37:50,184] {processor.py:632} INFO - DAG(s) dict_keys(['example_branch_labels']) retrieved from /home/airflow/.local/lib/python3.7/site-packages/airflow/example_dags/example_branch_labels.py
[2021-11-15 07:37:50,193] {logging_mixin.py:109} INFO - [2021-11-15 07:37:50,193] {dag.py:2389} INFO - Sync 1 DAGs
[2021-11-15 07:37:50,209] {logging_mixin.py:109} INFO - [2021-11-15 07:37:50,209] {dag.py:2921} INFO - Setting next_dagrun for example_branch_labels to 2021-11-14 00:00:00+00:00
[2021-11-15 07:37:50,218] {processor.py:171} INFO - Processing /home/airflow/.local/lib/python3.7/site-packages/airflow/example_dags/example_branch_labels.py took 0.061 seconds
