[2021-11-15 07:27:38,639] {processor.py:163} INFO - Started process (PID=316) to work on /home/airflow/.local/lib/python3.7/site-packages/airflow/example_dags/example_python_operator.py
[2021-11-15 07:27:38,639] {processor.py:620} INFO - Processing file /home/airflow/.local/lib/python3.7/site-packages/airflow/example_dags/example_python_operator.py for tasks to queue
[2021-11-15 07:27:38,640] {logging_mixin.py:109} INFO - [2021-11-15 07:27:38,640] {dagbag.py:500} INFO - Filling up the DagBag from /home/airflow/.local/lib/python3.7/site-packages/airflow/example_dags/example_python_operator.py
[2021-11-15 07:27:38,670] {processor.py:632} INFO - DAG(s) dict_keys(['example_python_operator']) retrieved from /home/airflow/.local/lib/python3.7/site-packages/airflow/example_dags/example_python_operator.py
[2021-11-15 07:27:40,753] {logging_mixin.py:109} INFO - [2021-11-15 07:27:40,753] {providers_manager.py:156} WARNING - Exception when importing 'airflow.providers.google.leveldb.hooks.leveldb.LevelDBHook' from 'apache-airflow-providers-google' package: No module named 'plyvel'
[2021-11-15 07:27:41,209] {logging_mixin.py:109} INFO - [2021-11-15 07:27:41,209] {providers_manager.py:156} WARNING - Exception when importing 'airflow.providers.google.leveldb.hooks.leveldb.LevelDBHook' from 'apache-airflow-providers-google' package: No module named 'plyvel'
[2021-11-15 07:27:41,231] {logging_mixin.py:109} INFO - [2021-11-15 07:27:41,231] {manager.py:496} INFO - Created Permission View: can edit on DAG:example_python_operator
[2021-11-15 07:27:41,240] {logging_mixin.py:109} INFO - [2021-11-15 07:27:41,239] {manager.py:496} INFO - Created Permission View: can read on DAG:example_python_operator
[2021-11-15 07:27:41,240] {logging_mixin.py:109} INFO - [2021-11-15 07:27:41,240] {dag.py:2389} INFO - Sync 1 DAGs
[2021-11-15 07:27:41,247] {logging_mixin.py:109} INFO - [2021-11-15 07:27:41,247] {dag.py:2408} INFO - Creating ORM DAG for example_python_operator
[2021-11-15 07:27:41,256] {logging_mixin.py:109} INFO - [2021-11-15 07:27:41,256] {dag.py:2921} INFO - Setting next_dagrun for example_python_operator to None
[2021-11-15 07:27:41,270] {processor.py:171} INFO - Processing /home/airflow/.local/lib/python3.7/site-packages/airflow/example_dags/example_python_operator.py took 2.634 seconds
[2021-11-15 07:28:11,968] {processor.py:163} INFO - Started process (PID=402) to work on /home/airflow/.local/lib/python3.7/site-packages/airflow/example_dags/example_python_operator.py
[2021-11-15 07:28:11,969] {processor.py:620} INFO - Processing file /home/airflow/.local/lib/python3.7/site-packages/airflow/example_dags/example_python_operator.py for tasks to queue
[2021-11-15 07:28:11,969] {logging_mixin.py:109} INFO - [2021-11-15 07:28:11,969] {dagbag.py:500} INFO - Filling up the DagBag from /home/airflow/.local/lib/python3.7/site-packages/airflow/example_dags/example_python_operator.py
[2021-11-15 07:28:11,996] {processor.py:632} INFO - DAG(s) dict_keys(['example_python_operator']) retrieved from /home/airflow/.local/lib/python3.7/site-packages/airflow/example_dags/example_python_operator.py
[2021-11-15 07:28:12,006] {logging_mixin.py:109} INFO - [2021-11-15 07:28:12,006] {dag.py:2389} INFO - Sync 1 DAGs
[2021-11-15 07:28:12,022] {logging_mixin.py:109} INFO - [2021-11-15 07:28:12,022] {dag.py:2921} INFO - Setting next_dagrun for example_python_operator to None
[2021-11-15 07:28:12,031] {processor.py:171} INFO - Processing /home/airflow/.local/lib/python3.7/site-packages/airflow/example_dags/example_python_operator.py took 0.066 seconds
[2021-11-15 07:28:42,104] {processor.py:163} INFO - Started process (PID=452) to work on /home/airflow/.local/lib/python3.7/site-packages/airflow/example_dags/example_python_operator.py
[2021-11-15 07:28:42,106] {processor.py:620} INFO - Processing file /home/airflow/.local/lib/python3.7/site-packages/airflow/example_dags/example_python_operator.py for tasks to queue
[2021-11-15 07:28:42,106] {logging_mixin.py:109} INFO - [2021-11-15 07:28:42,106] {dagbag.py:500} INFO - Filling up the DagBag from /home/airflow/.local/lib/python3.7/site-packages/airflow/example_dags/example_python_operator.py
[2021-11-15 07:28:42,133] {processor.py:632} INFO - DAG(s) dict_keys(['example_python_operator']) retrieved from /home/airflow/.local/lib/python3.7/site-packages/airflow/example_dags/example_python_operator.py
[2021-11-15 07:28:42,143] {logging_mixin.py:109} INFO - [2021-11-15 07:28:42,143] {dag.py:2389} INFO - Sync 1 DAGs
[2021-11-15 07:28:42,158] {logging_mixin.py:109} INFO - [2021-11-15 07:28:42,158] {dag.py:2921} INFO - Setting next_dagrun for example_python_operator to None
[2021-11-15 07:28:42,167] {processor.py:171} INFO - Processing /home/airflow/.local/lib/python3.7/site-packages/airflow/example_dags/example_python_operator.py took 0.065 seconds
[2021-11-15 07:29:12,269] {processor.py:163} INFO - Started process (PID=510) to work on /home/airflow/.local/lib/python3.7/site-packages/airflow/example_dags/example_python_operator.py
[2021-11-15 07:29:12,270] {processor.py:620} INFO - Processing file /home/airflow/.local/lib/python3.7/site-packages/airflow/example_dags/example_python_operator.py for tasks to queue
[2021-11-15 07:29:12,270] {logging_mixin.py:109} INFO - [2021-11-15 07:29:12,270] {dagbag.py:500} INFO - Filling up the DagBag from /home/airflow/.local/lib/python3.7/site-packages/airflow/example_dags/example_python_operator.py
[2021-11-15 07:29:12,302] {processor.py:632} INFO - DAG(s) dict_keys(['example_python_operator']) retrieved from /home/airflow/.local/lib/python3.7/site-packages/airflow/example_dags/example_python_operator.py
[2021-11-15 07:29:12,314] {logging_mixin.py:109} INFO - [2021-11-15 07:29:12,313] {dag.py:2389} INFO - Sync 1 DAGs
[2021-11-15 07:29:12,330] {logging_mixin.py:109} INFO - [2021-11-15 07:29:12,330] {dag.py:2921} INFO - Setting next_dagrun for example_python_operator to None
[2021-11-15 07:29:12,339] {processor.py:171} INFO - Processing /home/airflow/.local/lib/python3.7/site-packages/airflow/example_dags/example_python_operator.py took 0.073 seconds
[2021-11-15 07:29:42,508] {processor.py:163} INFO - Started process (PID=559) to work on /home/airflow/.local/lib/python3.7/site-packages/airflow/example_dags/example_python_operator.py
[2021-11-15 07:29:42,509] {processor.py:620} INFO - Processing file /home/airflow/.local/lib/python3.7/site-packages/airflow/example_dags/example_python_operator.py for tasks to queue
[2021-11-15 07:29:42,509] {logging_mixin.py:109} INFO - [2021-11-15 07:29:42,509] {dagbag.py:500} INFO - Filling up the DagBag from /home/airflow/.local/lib/python3.7/site-packages/airflow/example_dags/example_python_operator.py
[2021-11-15 07:29:42,534] {processor.py:632} INFO - DAG(s) dict_keys(['example_python_operator']) retrieved from /home/airflow/.local/lib/python3.7/site-packages/airflow/example_dags/example_python_operator.py
[2021-11-15 07:29:42,543] {logging_mixin.py:109} INFO - [2021-11-15 07:29:42,543] {dag.py:2389} INFO - Sync 1 DAGs
[2021-11-15 07:29:42,559] {logging_mixin.py:109} INFO - [2021-11-15 07:29:42,559] {dag.py:2921} INFO - Setting next_dagrun for example_python_operator to None
[2021-11-15 07:29:42,569] {processor.py:171} INFO - Processing /home/airflow/.local/lib/python3.7/site-packages/airflow/example_dags/example_python_operator.py took 0.063 seconds
[2021-11-15 07:30:13,276] {processor.py:163} INFO - Started process (PID=616) to work on /home/airflow/.local/lib/python3.7/site-packages/airflow/example_dags/example_python_operator.py
[2021-11-15 07:30:13,277] {processor.py:620} INFO - Processing file /home/airflow/.local/lib/python3.7/site-packages/airflow/example_dags/example_python_operator.py for tasks to queue
[2021-11-15 07:30:13,277] {logging_mixin.py:109} INFO - [2021-11-15 07:30:13,277] {dagbag.py:500} INFO - Filling up the DagBag from /home/airflow/.local/lib/python3.7/site-packages/airflow/example_dags/example_python_operator.py
[2021-11-15 07:30:13,298] {processor.py:632} INFO - DAG(s) dict_keys(['example_python_operator']) retrieved from /home/airflow/.local/lib/python3.7/site-packages/airflow/example_dags/example_python_operator.py
[2021-11-15 07:30:13,307] {logging_mixin.py:109} INFO - [2021-11-15 07:30:13,306] {dag.py:2389} INFO - Sync 1 DAGs
[2021-11-15 07:30:13,322] {logging_mixin.py:109} INFO - [2021-11-15 07:30:13,322] {dag.py:2921} INFO - Setting next_dagrun for example_python_operator to None
[2021-11-15 07:30:13,331] {processor.py:171} INFO - Processing /home/airflow/.local/lib/python3.7/site-packages/airflow/example_dags/example_python_operator.py took 0.057 seconds
[2021-11-15 07:30:43,752] {processor.py:163} INFO - Started process (PID=666) to work on /home/airflow/.local/lib/python3.7/site-packages/airflow/example_dags/example_python_operator.py
[2021-11-15 07:30:43,753] {processor.py:620} INFO - Processing file /home/airflow/.local/lib/python3.7/site-packages/airflow/example_dags/example_python_operator.py for tasks to queue
[2021-11-15 07:30:43,754] {logging_mixin.py:109} INFO - [2021-11-15 07:30:43,754] {dagbag.py:500} INFO - Filling up the DagBag from /home/airflow/.local/lib/python3.7/site-packages/airflow/example_dags/example_python_operator.py
[2021-11-15 07:30:43,778] {processor.py:632} INFO - DAG(s) dict_keys(['example_python_operator']) retrieved from /home/airflow/.local/lib/python3.7/site-packages/airflow/example_dags/example_python_operator.py
[2021-11-15 07:30:43,788] {logging_mixin.py:109} INFO - [2021-11-15 07:30:43,788] {dag.py:2389} INFO - Sync 1 DAGs
[2021-11-15 07:30:43,803] {logging_mixin.py:109} INFO - [2021-11-15 07:30:43,803] {dag.py:2921} INFO - Setting next_dagrun for example_python_operator to None
[2021-11-15 07:30:43,812] {processor.py:171} INFO - Processing /home/airflow/.local/lib/python3.7/site-packages/airflow/example_dags/example_python_operator.py took 0.062 seconds
[2021-11-15 07:31:14,176] {processor.py:163} INFO - Started process (PID=723) to work on /home/airflow/.local/lib/python3.7/site-packages/airflow/example_dags/example_python_operator.py
[2021-11-15 07:31:14,178] {processor.py:620} INFO - Processing file /home/airflow/.local/lib/python3.7/site-packages/airflow/example_dags/example_python_operator.py for tasks to queue
[2021-11-15 07:31:14,178] {logging_mixin.py:109} INFO - [2021-11-15 07:31:14,178] {dagbag.py:500} INFO - Filling up the DagBag from /home/airflow/.local/lib/python3.7/site-packages/airflow/example_dags/example_python_operator.py
[2021-11-15 07:31:14,200] {processor.py:632} INFO - DAG(s) dict_keys(['example_python_operator']) retrieved from /home/airflow/.local/lib/python3.7/site-packages/airflow/example_dags/example_python_operator.py
[2021-11-15 07:31:14,209] {logging_mixin.py:109} INFO - [2021-11-15 07:31:14,209] {dag.py:2389} INFO - Sync 1 DAGs
[2021-11-15 07:31:14,226] {logging_mixin.py:109} INFO - [2021-11-15 07:31:14,226] {dag.py:2921} INFO - Setting next_dagrun for example_python_operator to None
[2021-11-15 07:31:14,235] {processor.py:171} INFO - Processing /home/airflow/.local/lib/python3.7/site-packages/airflow/example_dags/example_python_operator.py took 0.061 seconds
[2021-11-15 07:31:44,714] {processor.py:163} INFO - Started process (PID=774) to work on /home/airflow/.local/lib/python3.7/site-packages/airflow/example_dags/example_python_operator.py
[2021-11-15 07:31:44,715] {processor.py:620} INFO - Processing file /home/airflow/.local/lib/python3.7/site-packages/airflow/example_dags/example_python_operator.py for tasks to queue
[2021-11-15 07:31:44,716] {logging_mixin.py:109} INFO - [2021-11-15 07:31:44,715] {dagbag.py:500} INFO - Filling up the DagBag from /home/airflow/.local/lib/python3.7/site-packages/airflow/example_dags/example_python_operator.py
[2021-11-15 07:31:44,740] {processor.py:632} INFO - DAG(s) dict_keys(['example_python_operator']) retrieved from /home/airflow/.local/lib/python3.7/site-packages/airflow/example_dags/example_python_operator.py
[2021-11-15 07:31:44,750] {logging_mixin.py:109} INFO - [2021-11-15 07:31:44,750] {dag.py:2389} INFO - Sync 1 DAGs
[2021-11-15 07:31:44,766] {logging_mixin.py:109} INFO - [2021-11-15 07:31:44,766] {dag.py:2921} INFO - Setting next_dagrun for example_python_operator to None
[2021-11-15 07:31:44,774] {processor.py:171} INFO - Processing /home/airflow/.local/lib/python3.7/site-packages/airflow/example_dags/example_python_operator.py took 0.063 seconds
[2021-11-15 07:32:14,908] {processor.py:163} INFO - Started process (PID=831) to work on /home/airflow/.local/lib/python3.7/site-packages/airflow/example_dags/example_python_operator.py
[2021-11-15 07:32:14,912] {processor.py:620} INFO - Processing file /home/airflow/.local/lib/python3.7/site-packages/airflow/example_dags/example_python_operator.py for tasks to queue
[2021-11-15 07:32:14,913] {logging_mixin.py:109} INFO - [2021-11-15 07:32:14,913] {dagbag.py:500} INFO - Filling up the DagBag from /home/airflow/.local/lib/python3.7/site-packages/airflow/example_dags/example_python_operator.py
[2021-11-15 07:32:14,959] {processor.py:632} INFO - DAG(s) dict_keys(['example_python_operator']) retrieved from /home/airflow/.local/lib/python3.7/site-packages/airflow/example_dags/example_python_operator.py
[2021-11-15 07:32:14,973] {logging_mixin.py:109} INFO - [2021-11-15 07:32:14,972] {dag.py:2389} INFO - Sync 1 DAGs
[2021-11-15 07:32:14,995] {logging_mixin.py:109} INFO - [2021-11-15 07:32:14,995] {dag.py:2921} INFO - Setting next_dagrun for example_python_operator to None
[2021-11-15 07:32:15,006] {processor.py:171} INFO - Processing /home/airflow/.local/lib/python3.7/site-packages/airflow/example_dags/example_python_operator.py took 0.101 seconds
[2021-11-15 07:32:45,452] {processor.py:163} INFO - Started process (PID=880) to work on /home/airflow/.local/lib/python3.7/site-packages/airflow/example_dags/example_python_operator.py
[2021-11-15 07:32:45,453] {processor.py:620} INFO - Processing file /home/airflow/.local/lib/python3.7/site-packages/airflow/example_dags/example_python_operator.py for tasks to queue
[2021-11-15 07:32:45,453] {logging_mixin.py:109} INFO - [2021-11-15 07:32:45,453] {dagbag.py:500} INFO - Filling up the DagBag from /home/airflow/.local/lib/python3.7/site-packages/airflow/example_dags/example_python_operator.py
[2021-11-15 07:32:45,478] {processor.py:632} INFO - DAG(s) dict_keys(['example_python_operator']) retrieved from /home/airflow/.local/lib/python3.7/site-packages/airflow/example_dags/example_python_operator.py
[2021-11-15 07:32:45,491] {logging_mixin.py:109} INFO - [2021-11-15 07:32:45,491] {dag.py:2389} INFO - Sync 1 DAGs
[2021-11-15 07:32:45,511] {logging_mixin.py:109} INFO - [2021-11-15 07:32:45,511] {dag.py:2921} INFO - Setting next_dagrun for example_python_operator to None
[2021-11-15 07:32:45,520] {processor.py:171} INFO - Processing /home/airflow/.local/lib/python3.7/site-packages/airflow/example_dags/example_python_operator.py took 0.071 seconds
[2021-11-15 07:33:15,970] {processor.py:163} INFO - Started process (PID=931) to work on /home/airflow/.local/lib/python3.7/site-packages/airflow/example_dags/example_python_operator.py
[2021-11-15 07:33:15,971] {processor.py:620} INFO - Processing file /home/airflow/.local/lib/python3.7/site-packages/airflow/example_dags/example_python_operator.py for tasks to queue
[2021-11-15 07:33:15,972] {logging_mixin.py:109} INFO - [2021-11-15 07:33:15,972] {dagbag.py:500} INFO - Filling up the DagBag from /home/airflow/.local/lib/python3.7/site-packages/airflow/example_dags/example_python_operator.py
[2021-11-15 07:33:15,995] {processor.py:632} INFO - DAG(s) dict_keys(['example_python_operator']) retrieved from /home/airflow/.local/lib/python3.7/site-packages/airflow/example_dags/example_python_operator.py
[2021-11-15 07:33:16,006] {logging_mixin.py:109} INFO - [2021-11-15 07:33:16,006] {dag.py:2389} INFO - Sync 1 DAGs
[2021-11-15 07:33:16,023] {logging_mixin.py:109} INFO - [2021-11-15 07:33:16,023] {dag.py:2921} INFO - Setting next_dagrun for example_python_operator to None
[2021-11-15 07:33:16,032] {processor.py:171} INFO - Processing /home/airflow/.local/lib/python3.7/site-packages/airflow/example_dags/example_python_operator.py took 0.065 seconds
[2021-11-15 07:33:46,404] {processor.py:163} INFO - Started process (PID=989) to work on /home/airflow/.local/lib/python3.7/site-packages/airflow/example_dags/example_python_operator.py
[2021-11-15 07:33:46,406] {processor.py:620} INFO - Processing file /home/airflow/.local/lib/python3.7/site-packages/airflow/example_dags/example_python_operator.py for tasks to queue
[2021-11-15 07:33:46,406] {logging_mixin.py:109} INFO - [2021-11-15 07:33:46,406] {dagbag.py:500} INFO - Filling up the DagBag from /home/airflow/.local/lib/python3.7/site-packages/airflow/example_dags/example_python_operator.py
[2021-11-15 07:33:46,431] {processor.py:632} INFO - DAG(s) dict_keys(['example_python_operator']) retrieved from /home/airflow/.local/lib/python3.7/site-packages/airflow/example_dags/example_python_operator.py
[2021-11-15 07:33:46,440] {logging_mixin.py:109} INFO - [2021-11-15 07:33:46,440] {dag.py:2389} INFO - Sync 1 DAGs
[2021-11-15 07:33:46,455] {logging_mixin.py:109} INFO - [2021-11-15 07:33:46,455] {dag.py:2921} INFO - Setting next_dagrun for example_python_operator to None
[2021-11-15 07:33:46,464] {processor.py:171} INFO - Processing /home/airflow/.local/lib/python3.7/site-packages/airflow/example_dags/example_python_operator.py took 0.062 seconds
[2021-11-15 07:34:16,964] {processor.py:163} INFO - Started process (PID=1038) to work on /home/airflow/.local/lib/python3.7/site-packages/airflow/example_dags/example_python_operator.py
[2021-11-15 07:34:16,965] {processor.py:620} INFO - Processing file /home/airflow/.local/lib/python3.7/site-packages/airflow/example_dags/example_python_operator.py for tasks to queue
[2021-11-15 07:34:16,966] {logging_mixin.py:109} INFO - [2021-11-15 07:34:16,966] {dagbag.py:500} INFO - Filling up the DagBag from /home/airflow/.local/lib/python3.7/site-packages/airflow/example_dags/example_python_operator.py
[2021-11-15 07:34:16,990] {processor.py:632} INFO - DAG(s) dict_keys(['example_python_operator']) retrieved from /home/airflow/.local/lib/python3.7/site-packages/airflow/example_dags/example_python_operator.py
[2021-11-15 07:34:16,999] {logging_mixin.py:109} INFO - [2021-11-15 07:34:16,999] {dag.py:2389} INFO - Sync 1 DAGs
[2021-11-15 07:34:17,015] {logging_mixin.py:109} INFO - [2021-11-15 07:34:17,015] {dag.py:2921} INFO - Setting next_dagrun for example_python_operator to None
[2021-11-15 07:34:17,024] {processor.py:171} INFO - Processing /home/airflow/.local/lib/python3.7/site-packages/airflow/example_dags/example_python_operator.py took 0.063 seconds
[2021-11-15 07:34:47,444] {processor.py:163} INFO - Started process (PID=1097) to work on /home/airflow/.local/lib/python3.7/site-packages/airflow/example_dags/example_python_operator.py
[2021-11-15 07:34:47,446] {processor.py:620} INFO - Processing file /home/airflow/.local/lib/python3.7/site-packages/airflow/example_dags/example_python_operator.py for tasks to queue
[2021-11-15 07:34:47,446] {logging_mixin.py:109} INFO - [2021-11-15 07:34:47,446] {dagbag.py:500} INFO - Filling up the DagBag from /home/airflow/.local/lib/python3.7/site-packages/airflow/example_dags/example_python_operator.py
[2021-11-15 07:34:47,470] {processor.py:632} INFO - DAG(s) dict_keys(['example_python_operator']) retrieved from /home/airflow/.local/lib/python3.7/site-packages/airflow/example_dags/example_python_operator.py
[2021-11-15 07:34:47,480] {logging_mixin.py:109} INFO - [2021-11-15 07:34:47,480] {dag.py:2389} INFO - Sync 1 DAGs
[2021-11-15 07:34:47,496] {logging_mixin.py:109} INFO - [2021-11-15 07:34:47,496] {dag.py:2921} INFO - Setting next_dagrun for example_python_operator to None
[2021-11-15 07:34:47,505] {processor.py:171} INFO - Processing /home/airflow/.local/lib/python3.7/site-packages/airflow/example_dags/example_python_operator.py took 0.063 seconds
[2021-11-15 07:35:18,057] {processor.py:163} INFO - Started process (PID=1146) to work on /home/airflow/.local/lib/python3.7/site-packages/airflow/example_dags/example_python_operator.py
[2021-11-15 07:35:18,059] {processor.py:620} INFO - Processing file /home/airflow/.local/lib/python3.7/site-packages/airflow/example_dags/example_python_operator.py for tasks to queue
[2021-11-15 07:35:18,060] {logging_mixin.py:109} INFO - [2021-11-15 07:35:18,060] {dagbag.py:500} INFO - Filling up the DagBag from /home/airflow/.local/lib/python3.7/site-packages/airflow/example_dags/example_python_operator.py
[2021-11-15 07:35:18,093] {processor.py:632} INFO - DAG(s) dict_keys(['example_python_operator']) retrieved from /home/airflow/.local/lib/python3.7/site-packages/airflow/example_dags/example_python_operator.py
[2021-11-15 07:35:18,107] {logging_mixin.py:109} INFO - [2021-11-15 07:35:18,107] {dag.py:2389} INFO - Sync 1 DAGs
[2021-11-15 07:35:18,129] {logging_mixin.py:109} INFO - [2021-11-15 07:35:18,129] {dag.py:2921} INFO - Setting next_dagrun for example_python_operator to None
[2021-11-15 07:35:18,140] {processor.py:171} INFO - Processing /home/airflow/.local/lib/python3.7/site-packages/airflow/example_dags/example_python_operator.py took 0.087 seconds
[2021-11-15 07:35:48,455] {processor.py:163} INFO - Started process (PID=1203) to work on /home/airflow/.local/lib/python3.7/site-packages/airflow/example_dags/example_python_operator.py
[2021-11-15 07:35:48,456] {processor.py:620} INFO - Processing file /home/airflow/.local/lib/python3.7/site-packages/airflow/example_dags/example_python_operator.py for tasks to queue
[2021-11-15 07:35:48,457] {logging_mixin.py:109} INFO - [2021-11-15 07:35:48,457] {dagbag.py:500} INFO - Filling up the DagBag from /home/airflow/.local/lib/python3.7/site-packages/airflow/example_dags/example_python_operator.py
[2021-11-15 07:35:48,481] {processor.py:632} INFO - DAG(s) dict_keys(['example_python_operator']) retrieved from /home/airflow/.local/lib/python3.7/site-packages/airflow/example_dags/example_python_operator.py
[2021-11-15 07:35:48,490] {logging_mixin.py:109} INFO - [2021-11-15 07:35:48,490] {dag.py:2389} INFO - Sync 1 DAGs
[2021-11-15 07:35:48,505] {logging_mixin.py:109} INFO - [2021-11-15 07:35:48,505] {dag.py:2921} INFO - Setting next_dagrun for example_python_operator to None
[2021-11-15 07:35:48,513] {processor.py:171} INFO - Processing /home/airflow/.local/lib/python3.7/site-packages/airflow/example_dags/example_python_operator.py took 0.060 seconds
[2021-11-15 07:36:19,056] {processor.py:163} INFO - Started process (PID=1253) to work on /home/airflow/.local/lib/python3.7/site-packages/airflow/example_dags/example_python_operator.py
[2021-11-15 07:36:19,058] {processor.py:620} INFO - Processing file /home/airflow/.local/lib/python3.7/site-packages/airflow/example_dags/example_python_operator.py for tasks to queue
[2021-11-15 07:36:19,059] {logging_mixin.py:109} INFO - [2021-11-15 07:36:19,058] {dagbag.py:500} INFO - Filling up the DagBag from /home/airflow/.local/lib/python3.7/site-packages/airflow/example_dags/example_python_operator.py
[2021-11-15 07:36:19,089] {processor.py:632} INFO - DAG(s) dict_keys(['example_python_operator']) retrieved from /home/airflow/.local/lib/python3.7/site-packages/airflow/example_dags/example_python_operator.py
[2021-11-15 07:36:19,105] {logging_mixin.py:109} INFO - [2021-11-15 07:36:19,105] {dag.py:2389} INFO - Sync 1 DAGs
[2021-11-15 07:36:19,128] {logging_mixin.py:109} INFO - [2021-11-15 07:36:19,128] {dag.py:2921} INFO - Setting next_dagrun for example_python_operator to None
[2021-11-15 07:36:19,138] {processor.py:171} INFO - Processing /home/airflow/.local/lib/python3.7/site-packages/airflow/example_dags/example_python_operator.py took 0.085 seconds
[2021-11-15 07:36:49,547] {processor.py:163} INFO - Started process (PID=1310) to work on /home/airflow/.local/lib/python3.7/site-packages/airflow/example_dags/example_python_operator.py
[2021-11-15 07:36:49,549] {processor.py:620} INFO - Processing file /home/airflow/.local/lib/python3.7/site-packages/airflow/example_dags/example_python_operator.py for tasks to queue
[2021-11-15 07:36:49,549] {logging_mixin.py:109} INFO - [2021-11-15 07:36:49,549] {dagbag.py:500} INFO - Filling up the DagBag from /home/airflow/.local/lib/python3.7/site-packages/airflow/example_dags/example_python_operator.py
[2021-11-15 07:36:49,575] {processor.py:632} INFO - DAG(s) dict_keys(['example_python_operator']) retrieved from /home/airflow/.local/lib/python3.7/site-packages/airflow/example_dags/example_python_operator.py
[2021-11-15 07:36:49,584] {logging_mixin.py:109} INFO - [2021-11-15 07:36:49,584] {dag.py:2389} INFO - Sync 1 DAGs
[2021-11-15 07:36:49,600] {logging_mixin.py:109} INFO - [2021-11-15 07:36:49,600] {dag.py:2921} INFO - Setting next_dagrun for example_python_operator to None
[2021-11-15 07:36:49,609] {processor.py:171} INFO - Processing /home/airflow/.local/lib/python3.7/site-packages/airflow/example_dags/example_python_operator.py took 0.065 seconds
[2021-11-15 07:37:19,960] {processor.py:163} INFO - Started process (PID=1360) to work on /home/airflow/.local/lib/python3.7/site-packages/airflow/example_dags/example_python_operator.py
[2021-11-15 07:37:19,961] {processor.py:620} INFO - Processing file /home/airflow/.local/lib/python3.7/site-packages/airflow/example_dags/example_python_operator.py for tasks to queue
[2021-11-15 07:37:19,962] {logging_mixin.py:109} INFO - [2021-11-15 07:37:19,962] {dagbag.py:500} INFO - Filling up the DagBag from /home/airflow/.local/lib/python3.7/site-packages/airflow/example_dags/example_python_operator.py
[2021-11-15 07:37:19,994] {processor.py:632} INFO - DAG(s) dict_keys(['example_python_operator']) retrieved from /home/airflow/.local/lib/python3.7/site-packages/airflow/example_dags/example_python_operator.py
[2021-11-15 07:37:20,008] {logging_mixin.py:109} INFO - [2021-11-15 07:37:20,008] {dag.py:2389} INFO - Sync 1 DAGs
[2021-11-15 07:37:20,028] {logging_mixin.py:109} INFO - [2021-11-15 07:37:20,028] {dag.py:2921} INFO - Setting next_dagrun for example_python_operator to None
[2021-11-15 07:37:20,041] {processor.py:171} INFO - Processing /home/airflow/.local/lib/python3.7/site-packages/airflow/example_dags/example_python_operator.py took 0.084 seconds
[2021-11-15 07:37:50,232] {processor.py:163} INFO - Started process (PID=1410) to work on /home/airflow/.local/lib/python3.7/site-packages/airflow/example_dags/example_python_operator.py
[2021-11-15 07:37:50,233] {processor.py:620} INFO - Processing file /home/airflow/.local/lib/python3.7/site-packages/airflow/example_dags/example_python_operator.py for tasks to queue
[2021-11-15 07:37:50,233] {logging_mixin.py:109} INFO - [2021-11-15 07:37:50,233] {dagbag.py:500} INFO - Filling up the DagBag from /home/airflow/.local/lib/python3.7/site-packages/airflow/example_dags/example_python_operator.py
[2021-11-15 07:37:50,262] {processor.py:632} INFO - DAG(s) dict_keys(['example_python_operator']) retrieved from /home/airflow/.local/lib/python3.7/site-packages/airflow/example_dags/example_python_operator.py
[2021-11-15 07:37:50,274] {logging_mixin.py:109} INFO - [2021-11-15 07:37:50,274] {dag.py:2389} INFO - Sync 1 DAGs
[2021-11-15 07:37:50,291] {logging_mixin.py:109} INFO - [2021-11-15 07:37:50,291] {dag.py:2921} INFO - Setting next_dagrun for example_python_operator to None
[2021-11-15 07:37:50,300] {processor.py:171} INFO - Processing /home/airflow/.local/lib/python3.7/site-packages/airflow/example_dags/example_python_operator.py took 0.071 seconds
