[2021-11-15 07:27:03,750] {processor.py:163} INFO - Started process (PID=81) to work on /home/airflow/.local/lib/python3.7/site-packages/airflow/example_dags/example_nested_branch_dag.py
[2021-11-15 07:27:03,751] {processor.py:620} INFO - Processing file /home/airflow/.local/lib/python3.7/site-packages/airflow/example_dags/example_nested_branch_dag.py for tasks to queue
[2021-11-15 07:27:03,752] {logging_mixin.py:109} INFO - [2021-11-15 07:27:03,752] {dagbag.py:500} INFO - Filling up the DagBag from /home/airflow/.local/lib/python3.7/site-packages/airflow/example_dags/example_nested_branch_dag.py
[2021-11-15 07:27:03,803] {processor.py:632} INFO - DAG(s) dict_keys(['example_nested_branch_dag']) retrieved from /home/airflow/.local/lib/python3.7/site-packages/airflow/example_dags/example_nested_branch_dag.py
[2021-11-15 07:27:07,396] {logging_mixin.py:109} INFO - [2021-11-15 07:27:07,396] {providers_manager.py:156} WARNING - Exception when importing 'airflow.providers.google.leveldb.hooks.leveldb.LevelDBHook' from 'apache-airflow-providers-google' package: No module named 'plyvel'
[2021-11-15 07:27:08,454] {logging_mixin.py:109} INFO - [2021-11-15 07:27:08,454] {providers_manager.py:156} WARNING - Exception when importing 'airflow.providers.google.leveldb.hooks.leveldb.LevelDBHook' from 'apache-airflow-providers-google' package: No module named 'plyvel'
[2021-11-15 07:27:08,491] {logging_mixin.py:109} INFO - [2021-11-15 07:27:08,491] {manager.py:496} INFO - Created Permission View: can edit on DAG:example_nested_branch_dag
[2021-11-15 07:27:08,515] {logging_mixin.py:109} INFO - [2021-11-15 07:27:08,515] {manager.py:496} INFO - Created Permission View: can read on DAG:example_nested_branch_dag
[2021-11-15 07:27:08,515] {logging_mixin.py:109} INFO - [2021-11-15 07:27:08,515] {dag.py:2389} INFO - Sync 1 DAGs
[2021-11-15 07:27:08,528] {logging_mixin.py:109} INFO - [2021-11-15 07:27:08,527] {dag.py:2408} INFO - Creating ORM DAG for example_nested_branch_dag
[2021-11-15 07:27:08,546] {logging_mixin.py:109} INFO - [2021-11-15 07:27:08,546] {dag.py:2921} INFO - Setting next_dagrun for example_nested_branch_dag to 2021-11-14 00:00:00+00:00
[2021-11-15 07:27:08,567] {processor.py:171} INFO - Processing /home/airflow/.local/lib/python3.7/site-packages/airflow/example_dags/example_nested_branch_dag.py took 4.822 seconds
[2021-11-15 07:27:42,007] {processor.py:163} INFO - Started process (PID=340) to work on /home/airflow/.local/lib/python3.7/site-packages/airflow/example_dags/example_nested_branch_dag.py
[2021-11-15 07:27:42,008] {processor.py:620} INFO - Processing file /home/airflow/.local/lib/python3.7/site-packages/airflow/example_dags/example_nested_branch_dag.py for tasks to queue
[2021-11-15 07:27:42,008] {logging_mixin.py:109} INFO - [2021-11-15 07:27:42,008] {dagbag.py:500} INFO - Filling up the DagBag from /home/airflow/.local/lib/python3.7/site-packages/airflow/example_dags/example_nested_branch_dag.py
[2021-11-15 07:27:42,037] {processor.py:632} INFO - DAG(s) dict_keys(['example_nested_branch_dag']) retrieved from /home/airflow/.local/lib/python3.7/site-packages/airflow/example_dags/example_nested_branch_dag.py
[2021-11-15 07:27:42,048] {logging_mixin.py:109} INFO - [2021-11-15 07:27:42,048] {dag.py:2389} INFO - Sync 1 DAGs
[2021-11-15 07:27:42,067] {logging_mixin.py:109} INFO - [2021-11-15 07:27:42,067] {dag.py:2921} INFO - Setting next_dagrun for example_nested_branch_dag to 2021-11-14 00:00:00+00:00
[2021-11-15 07:27:42,080] {processor.py:171} INFO - Processing /home/airflow/.local/lib/python3.7/site-packages/airflow/example_dags/example_nested_branch_dag.py took 0.076 seconds
[2021-11-15 07:28:12,406] {processor.py:163} INFO - Started process (PID=406) to work on /home/airflow/.local/lib/python3.7/site-packages/airflow/example_dags/example_nested_branch_dag.py
[2021-11-15 07:28:12,407] {processor.py:620} INFO - Processing file /home/airflow/.local/lib/python3.7/site-packages/airflow/example_dags/example_nested_branch_dag.py for tasks to queue
[2021-11-15 07:28:12,408] {logging_mixin.py:109} INFO - [2021-11-15 07:28:12,407] {dagbag.py:500} INFO - Filling up the DagBag from /home/airflow/.local/lib/python3.7/site-packages/airflow/example_dags/example_nested_branch_dag.py
[2021-11-15 07:28:12,435] {processor.py:632} INFO - DAG(s) dict_keys(['example_nested_branch_dag']) retrieved from /home/airflow/.local/lib/python3.7/site-packages/airflow/example_dags/example_nested_branch_dag.py
[2021-11-15 07:28:12,446] {logging_mixin.py:109} INFO - [2021-11-15 07:28:12,446] {dag.py:2389} INFO - Sync 1 DAGs
[2021-11-15 07:28:12,463] {logging_mixin.py:109} INFO - [2021-11-15 07:28:12,462] {dag.py:2921} INFO - Setting next_dagrun for example_nested_branch_dag to 2021-11-14 00:00:00+00:00
[2021-11-15 07:28:12,471] {processor.py:171} INFO - Processing /home/airflow/.local/lib/python3.7/site-packages/airflow/example_dags/example_nested_branch_dag.py took 0.068 seconds
[2021-11-15 07:28:43,224] {processor.py:163} INFO - Started process (PID=456) to work on /home/airflow/.local/lib/python3.7/site-packages/airflow/example_dags/example_nested_branch_dag.py
[2021-11-15 07:28:43,226] {processor.py:620} INFO - Processing file /home/airflow/.local/lib/python3.7/site-packages/airflow/example_dags/example_nested_branch_dag.py for tasks to queue
[2021-11-15 07:28:43,226] {logging_mixin.py:109} INFO - [2021-11-15 07:28:43,226] {dagbag.py:500} INFO - Filling up the DagBag from /home/airflow/.local/lib/python3.7/site-packages/airflow/example_dags/example_nested_branch_dag.py
[2021-11-15 07:28:43,254] {processor.py:632} INFO - DAG(s) dict_keys(['example_nested_branch_dag']) retrieved from /home/airflow/.local/lib/python3.7/site-packages/airflow/example_dags/example_nested_branch_dag.py
[2021-11-15 07:28:43,264] {logging_mixin.py:109} INFO - [2021-11-15 07:28:43,264] {dag.py:2389} INFO - Sync 1 DAGs
[2021-11-15 07:28:43,280] {logging_mixin.py:109} INFO - [2021-11-15 07:28:43,280] {dag.py:2921} INFO - Setting next_dagrun for example_nested_branch_dag to 2021-11-14 00:00:00+00:00
[2021-11-15 07:28:43,289] {processor.py:171} INFO - Processing /home/airflow/.local/lib/python3.7/site-packages/airflow/example_dags/example_nested_branch_dag.py took 0.067 seconds
[2021-11-15 07:29:13,369] {processor.py:163} INFO - Started process (PID=513) to work on /home/airflow/.local/lib/python3.7/site-packages/airflow/example_dags/example_nested_branch_dag.py
[2021-11-15 07:29:13,371] {processor.py:620} INFO - Processing file /home/airflow/.local/lib/python3.7/site-packages/airflow/example_dags/example_nested_branch_dag.py for tasks to queue
[2021-11-15 07:29:13,371] {logging_mixin.py:109} INFO - [2021-11-15 07:29:13,371] {dagbag.py:500} INFO - Filling up the DagBag from /home/airflow/.local/lib/python3.7/site-packages/airflow/example_dags/example_nested_branch_dag.py
[2021-11-15 07:29:13,403] {processor.py:632} INFO - DAG(s) dict_keys(['example_nested_branch_dag']) retrieved from /home/airflow/.local/lib/python3.7/site-packages/airflow/example_dags/example_nested_branch_dag.py
[2021-11-15 07:29:13,413] {logging_mixin.py:109} INFO - [2021-11-15 07:29:13,413] {dag.py:2389} INFO - Sync 1 DAGs
[2021-11-15 07:29:13,430] {logging_mixin.py:109} INFO - [2021-11-15 07:29:13,430] {dag.py:2921} INFO - Setting next_dagrun for example_nested_branch_dag to 2021-11-14 00:00:00+00:00
[2021-11-15 07:29:13,438] {processor.py:171} INFO - Processing /home/airflow/.local/lib/python3.7/site-packages/airflow/example_dags/example_nested_branch_dag.py took 0.072 seconds
[2021-11-15 07:29:43,552] {processor.py:163} INFO - Started process (PID=562) to work on /home/airflow/.local/lib/python3.7/site-packages/airflow/example_dags/example_nested_branch_dag.py
[2021-11-15 07:29:43,553] {processor.py:620} INFO - Processing file /home/airflow/.local/lib/python3.7/site-packages/airflow/example_dags/example_nested_branch_dag.py for tasks to queue
[2021-11-15 07:29:43,554] {logging_mixin.py:109} INFO - [2021-11-15 07:29:43,554] {dagbag.py:500} INFO - Filling up the DagBag from /home/airflow/.local/lib/python3.7/site-packages/airflow/example_dags/example_nested_branch_dag.py
[2021-11-15 07:29:43,581] {processor.py:632} INFO - DAG(s) dict_keys(['example_nested_branch_dag']) retrieved from /home/airflow/.local/lib/python3.7/site-packages/airflow/example_dags/example_nested_branch_dag.py
[2021-11-15 07:29:43,592] {logging_mixin.py:109} INFO - [2021-11-15 07:29:43,592] {dag.py:2389} INFO - Sync 1 DAGs
[2021-11-15 07:29:43,608] {logging_mixin.py:109} INFO - [2021-11-15 07:29:43,608] {dag.py:2921} INFO - Setting next_dagrun for example_nested_branch_dag to 2021-11-14 00:00:00+00:00
[2021-11-15 07:29:43,618] {processor.py:171} INFO - Processing /home/airflow/.local/lib/python3.7/site-packages/airflow/example_dags/example_nested_branch_dag.py took 0.068 seconds
[2021-11-15 07:30:14,383] {processor.py:163} INFO - Started process (PID=619) to work on /home/airflow/.local/lib/python3.7/site-packages/airflow/example_dags/example_nested_branch_dag.py
[2021-11-15 07:30:14,385] {processor.py:620} INFO - Processing file /home/airflow/.local/lib/python3.7/site-packages/airflow/example_dags/example_nested_branch_dag.py for tasks to queue
[2021-11-15 07:30:14,386] {logging_mixin.py:109} INFO - [2021-11-15 07:30:14,386] {dagbag.py:500} INFO - Filling up the DagBag from /home/airflow/.local/lib/python3.7/site-packages/airflow/example_dags/example_nested_branch_dag.py
[2021-11-15 07:30:14,422] {processor.py:632} INFO - DAG(s) dict_keys(['example_nested_branch_dag']) retrieved from /home/airflow/.local/lib/python3.7/site-packages/airflow/example_dags/example_nested_branch_dag.py
[2021-11-15 07:30:14,434] {logging_mixin.py:109} INFO - [2021-11-15 07:30:14,434] {dag.py:2389} INFO - Sync 1 DAGs
[2021-11-15 07:30:14,455] {logging_mixin.py:109} INFO - [2021-11-15 07:30:14,455] {dag.py:2921} INFO - Setting next_dagrun for example_nested_branch_dag to 2021-11-14 00:00:00+00:00
[2021-11-15 07:30:14,465] {processor.py:171} INFO - Processing /home/airflow/.local/lib/python3.7/site-packages/airflow/example_dags/example_nested_branch_dag.py took 0.086 seconds
[2021-11-15 07:30:44,863] {processor.py:163} INFO - Started process (PID=669) to work on /home/airflow/.local/lib/python3.7/site-packages/airflow/example_dags/example_nested_branch_dag.py
[2021-11-15 07:30:44,864] {processor.py:620} INFO - Processing file /home/airflow/.local/lib/python3.7/site-packages/airflow/example_dags/example_nested_branch_dag.py for tasks to queue
[2021-11-15 07:30:44,865] {logging_mixin.py:109} INFO - [2021-11-15 07:30:44,865] {dagbag.py:500} INFO - Filling up the DagBag from /home/airflow/.local/lib/python3.7/site-packages/airflow/example_dags/example_nested_branch_dag.py
[2021-11-15 07:30:44,894] {processor.py:632} INFO - DAG(s) dict_keys(['example_nested_branch_dag']) retrieved from /home/airflow/.local/lib/python3.7/site-packages/airflow/example_dags/example_nested_branch_dag.py
[2021-11-15 07:30:44,905] {logging_mixin.py:109} INFO - [2021-11-15 07:30:44,905] {dag.py:2389} INFO - Sync 1 DAGs
[2021-11-15 07:30:44,923] {logging_mixin.py:109} INFO - [2021-11-15 07:30:44,923] {dag.py:2921} INFO - Setting next_dagrun for example_nested_branch_dag to 2021-11-14 00:00:00+00:00
[2021-11-15 07:30:44,933] {processor.py:171} INFO - Processing /home/airflow/.local/lib/python3.7/site-packages/airflow/example_dags/example_nested_branch_dag.py took 0.074 seconds
[2021-11-15 07:31:15,287] {processor.py:163} INFO - Started process (PID=726) to work on /home/airflow/.local/lib/python3.7/site-packages/airflow/example_dags/example_nested_branch_dag.py
[2021-11-15 07:31:15,289] {processor.py:620} INFO - Processing file /home/airflow/.local/lib/python3.7/site-packages/airflow/example_dags/example_nested_branch_dag.py for tasks to queue
[2021-11-15 07:31:15,289] {logging_mixin.py:109} INFO - [2021-11-15 07:31:15,289] {dagbag.py:500} INFO - Filling up the DagBag from /home/airflow/.local/lib/python3.7/site-packages/airflow/example_dags/example_nested_branch_dag.py
[2021-11-15 07:31:15,311] {processor.py:632} INFO - DAG(s) dict_keys(['example_nested_branch_dag']) retrieved from /home/airflow/.local/lib/python3.7/site-packages/airflow/example_dags/example_nested_branch_dag.py
[2021-11-15 07:31:15,320] {logging_mixin.py:109} INFO - [2021-11-15 07:31:15,320] {dag.py:2389} INFO - Sync 1 DAGs
[2021-11-15 07:31:15,336] {logging_mixin.py:109} INFO - [2021-11-15 07:31:15,336] {dag.py:2921} INFO - Setting next_dagrun for example_nested_branch_dag to 2021-11-14 00:00:00+00:00
[2021-11-15 07:31:15,345] {processor.py:171} INFO - Processing /home/airflow/.local/lib/python3.7/site-packages/airflow/example_dags/example_nested_branch_dag.py took 0.061 seconds
[2021-11-15 07:31:45,845] {processor.py:163} INFO - Started process (PID=777) to work on /home/airflow/.local/lib/python3.7/site-packages/airflow/example_dags/example_nested_branch_dag.py
[2021-11-15 07:31:45,848] {processor.py:620} INFO - Processing file /home/airflow/.local/lib/python3.7/site-packages/airflow/example_dags/example_nested_branch_dag.py for tasks to queue
[2021-11-15 07:31:45,850] {logging_mixin.py:109} INFO - [2021-11-15 07:31:45,850] {dagbag.py:500} INFO - Filling up the DagBag from /home/airflow/.local/lib/python3.7/site-packages/airflow/example_dags/example_nested_branch_dag.py
[2021-11-15 07:31:45,889] {processor.py:632} INFO - DAG(s) dict_keys(['example_nested_branch_dag']) retrieved from /home/airflow/.local/lib/python3.7/site-packages/airflow/example_dags/example_nested_branch_dag.py
[2021-11-15 07:31:45,899] {logging_mixin.py:109} INFO - [2021-11-15 07:31:45,899] {dag.py:2389} INFO - Sync 1 DAGs
[2021-11-15 07:31:45,917] {logging_mixin.py:109} INFO - [2021-11-15 07:31:45,916] {dag.py:2921} INFO - Setting next_dagrun for example_nested_branch_dag to 2021-11-14 00:00:00+00:00
[2021-11-15 07:31:45,925] {processor.py:171} INFO - Processing /home/airflow/.local/lib/python3.7/site-packages/airflow/example_dags/example_nested_branch_dag.py took 0.088 seconds
[2021-11-15 07:32:16,078] {processor.py:163} INFO - Started process (PID=834) to work on /home/airflow/.local/lib/python3.7/site-packages/airflow/example_dags/example_nested_branch_dag.py
[2021-11-15 07:32:16,080] {processor.py:620} INFO - Processing file /home/airflow/.local/lib/python3.7/site-packages/airflow/example_dags/example_nested_branch_dag.py for tasks to queue
[2021-11-15 07:32:16,080] {logging_mixin.py:109} INFO - [2021-11-15 07:32:16,080] {dagbag.py:500} INFO - Filling up the DagBag from /home/airflow/.local/lib/python3.7/site-packages/airflow/example_dags/example_nested_branch_dag.py
[2021-11-15 07:32:16,105] {processor.py:632} INFO - DAG(s) dict_keys(['example_nested_branch_dag']) retrieved from /home/airflow/.local/lib/python3.7/site-packages/airflow/example_dags/example_nested_branch_dag.py
[2021-11-15 07:32:16,114] {logging_mixin.py:109} INFO - [2021-11-15 07:32:16,114] {dag.py:2389} INFO - Sync 1 DAGs
[2021-11-15 07:32:16,130] {logging_mixin.py:109} INFO - [2021-11-15 07:32:16,130] {dag.py:2921} INFO - Setting next_dagrun for example_nested_branch_dag to 2021-11-14 00:00:00+00:00
[2021-11-15 07:32:16,139] {processor.py:171} INFO - Processing /home/airflow/.local/lib/python3.7/site-packages/airflow/example_dags/example_nested_branch_dag.py took 0.063 seconds
[2021-11-15 07:32:46,582] {processor.py:163} INFO - Started process (PID=883) to work on /home/airflow/.local/lib/python3.7/site-packages/airflow/example_dags/example_nested_branch_dag.py
[2021-11-15 07:32:46,584] {processor.py:620} INFO - Processing file /home/airflow/.local/lib/python3.7/site-packages/airflow/example_dags/example_nested_branch_dag.py for tasks to queue
[2021-11-15 07:32:46,585] {logging_mixin.py:109} INFO - [2021-11-15 07:32:46,585] {dagbag.py:500} INFO - Filling up the DagBag from /home/airflow/.local/lib/python3.7/site-packages/airflow/example_dags/example_nested_branch_dag.py
[2021-11-15 07:32:46,617] {processor.py:632} INFO - DAG(s) dict_keys(['example_nested_branch_dag']) retrieved from /home/airflow/.local/lib/python3.7/site-packages/airflow/example_dags/example_nested_branch_dag.py
[2021-11-15 07:32:46,632] {logging_mixin.py:109} INFO - [2021-11-15 07:32:46,632] {dag.py:2389} INFO - Sync 1 DAGs
[2021-11-15 07:32:46,653] {logging_mixin.py:109} INFO - [2021-11-15 07:32:46,653] {dag.py:2921} INFO - Setting next_dagrun for example_nested_branch_dag to 2021-11-14 00:00:00+00:00
[2021-11-15 07:32:46,662] {processor.py:171} INFO - Processing /home/airflow/.local/lib/python3.7/site-packages/airflow/example_dags/example_nested_branch_dag.py took 0.083 seconds
[2021-11-15 07:33:17,016] {processor.py:163} INFO - Started process (PID=943) to work on /home/airflow/.local/lib/python3.7/site-packages/airflow/example_dags/example_nested_branch_dag.py
[2021-11-15 07:33:17,018] {processor.py:620} INFO - Processing file /home/airflow/.local/lib/python3.7/site-packages/airflow/example_dags/example_nested_branch_dag.py for tasks to queue
[2021-11-15 07:33:17,018] {logging_mixin.py:109} INFO - [2021-11-15 07:33:17,018] {dagbag.py:500} INFO - Filling up the DagBag from /home/airflow/.local/lib/python3.7/site-packages/airflow/example_dags/example_nested_branch_dag.py
[2021-11-15 07:33:17,044] {processor.py:632} INFO - DAG(s) dict_keys(['example_nested_branch_dag']) retrieved from /home/airflow/.local/lib/python3.7/site-packages/airflow/example_dags/example_nested_branch_dag.py
[2021-11-15 07:33:17,056] {logging_mixin.py:109} INFO - [2021-11-15 07:33:17,056] {dag.py:2389} INFO - Sync 1 DAGs
[2021-11-15 07:33:17,079] {logging_mixin.py:109} INFO - [2021-11-15 07:33:17,079] {dag.py:2921} INFO - Setting next_dagrun for example_nested_branch_dag to 2021-11-14 00:00:00+00:00
[2021-11-15 07:33:17,090] {processor.py:171} INFO - Processing /home/airflow/.local/lib/python3.7/site-packages/airflow/example_dags/example_nested_branch_dag.py took 0.077 seconds
[2021-11-15 07:33:47,534] {processor.py:163} INFO - Started process (PID=992) to work on /home/airflow/.local/lib/python3.7/site-packages/airflow/example_dags/example_nested_branch_dag.py
[2021-11-15 07:33:47,537] {processor.py:620} INFO - Processing file /home/airflow/.local/lib/python3.7/site-packages/airflow/example_dags/example_nested_branch_dag.py for tasks to queue
[2021-11-15 07:33:47,538] {logging_mixin.py:109} INFO - [2021-11-15 07:33:47,538] {dagbag.py:500} INFO - Filling up the DagBag from /home/airflow/.local/lib/python3.7/site-packages/airflow/example_dags/example_nested_branch_dag.py
[2021-11-15 07:33:47,576] {processor.py:632} INFO - DAG(s) dict_keys(['example_nested_branch_dag']) retrieved from /home/airflow/.local/lib/python3.7/site-packages/airflow/example_dags/example_nested_branch_dag.py
[2021-11-15 07:33:47,588] {logging_mixin.py:109} INFO - [2021-11-15 07:33:47,588] {dag.py:2389} INFO - Sync 1 DAGs
[2021-11-15 07:33:47,605] {logging_mixin.py:109} INFO - [2021-11-15 07:33:47,605] {dag.py:2921} INFO - Setting next_dagrun for example_nested_branch_dag to 2021-11-14 00:00:00+00:00
[2021-11-15 07:33:47,616] {processor.py:171} INFO - Processing /home/airflow/.local/lib/python3.7/site-packages/airflow/example_dags/example_nested_branch_dag.py took 0.091 seconds
[2021-11-15 07:34:18,074] {processor.py:163} INFO - Started process (PID=1041) to work on /home/airflow/.local/lib/python3.7/site-packages/airflow/example_dags/example_nested_branch_dag.py
[2021-11-15 07:34:18,077] {processor.py:620} INFO - Processing file /home/airflow/.local/lib/python3.7/site-packages/airflow/example_dags/example_nested_branch_dag.py for tasks to queue
[2021-11-15 07:34:18,077] {logging_mixin.py:109} INFO - [2021-11-15 07:34:18,077] {dagbag.py:500} INFO - Filling up the DagBag from /home/airflow/.local/lib/python3.7/site-packages/airflow/example_dags/example_nested_branch_dag.py
[2021-11-15 07:34:18,103] {processor.py:632} INFO - DAG(s) dict_keys(['example_nested_branch_dag']) retrieved from /home/airflow/.local/lib/python3.7/site-packages/airflow/example_dags/example_nested_branch_dag.py
[2021-11-15 07:34:18,114] {logging_mixin.py:109} INFO - [2021-11-15 07:34:18,114] {dag.py:2389} INFO - Sync 1 DAGs
[2021-11-15 07:34:18,131] {logging_mixin.py:109} INFO - [2021-11-15 07:34:18,131] {dag.py:2921} INFO - Setting next_dagrun for example_nested_branch_dag to 2021-11-14 00:00:00+00:00
[2021-11-15 07:34:18,141] {processor.py:171} INFO - Processing /home/airflow/.local/lib/python3.7/site-packages/airflow/example_dags/example_nested_branch_dag.py took 0.069 seconds
[2021-11-15 07:34:48,581] {processor.py:163} INFO - Started process (PID=1100) to work on /home/airflow/.local/lib/python3.7/site-packages/airflow/example_dags/example_nested_branch_dag.py
[2021-11-15 07:34:48,583] {processor.py:620} INFO - Processing file /home/airflow/.local/lib/python3.7/site-packages/airflow/example_dags/example_nested_branch_dag.py for tasks to queue
[2021-11-15 07:34:48,584] {logging_mixin.py:109} INFO - [2021-11-15 07:34:48,584] {dagbag.py:500} INFO - Filling up the DagBag from /home/airflow/.local/lib/python3.7/site-packages/airflow/example_dags/example_nested_branch_dag.py
[2021-11-15 07:34:48,619] {processor.py:632} INFO - DAG(s) dict_keys(['example_nested_branch_dag']) retrieved from /home/airflow/.local/lib/python3.7/site-packages/airflow/example_dags/example_nested_branch_dag.py
[2021-11-15 07:34:48,633] {logging_mixin.py:109} INFO - [2021-11-15 07:34:48,633] {dag.py:2389} INFO - Sync 1 DAGs
[2021-11-15 07:34:48,654] {logging_mixin.py:109} INFO - [2021-11-15 07:34:48,654] {dag.py:2921} INFO - Setting next_dagrun for example_nested_branch_dag to 2021-11-14 00:00:00+00:00
[2021-11-15 07:34:48,665] {processor.py:171} INFO - Processing /home/airflow/.local/lib/python3.7/site-packages/airflow/example_dags/example_nested_branch_dag.py took 0.090 seconds
[2021-11-15 07:35:19,145] {processor.py:163} INFO - Started process (PID=1149) to work on /home/airflow/.local/lib/python3.7/site-packages/airflow/example_dags/example_nested_branch_dag.py
[2021-11-15 07:35:19,147] {processor.py:620} INFO - Processing file /home/airflow/.local/lib/python3.7/site-packages/airflow/example_dags/example_nested_branch_dag.py for tasks to queue
[2021-11-15 07:35:19,148] {logging_mixin.py:109} INFO - [2021-11-15 07:35:19,148] {dagbag.py:500} INFO - Filling up the DagBag from /home/airflow/.local/lib/python3.7/site-packages/airflow/example_dags/example_nested_branch_dag.py
[2021-11-15 07:35:19,174] {processor.py:632} INFO - DAG(s) dict_keys(['example_nested_branch_dag']) retrieved from /home/airflow/.local/lib/python3.7/site-packages/airflow/example_dags/example_nested_branch_dag.py
[2021-11-15 07:35:19,183] {logging_mixin.py:109} INFO - [2021-11-15 07:35:19,183] {dag.py:2389} INFO - Sync 1 DAGs
[2021-11-15 07:35:19,202] {logging_mixin.py:109} INFO - [2021-11-15 07:35:19,202] {dag.py:2921} INFO - Setting next_dagrun for example_nested_branch_dag to 2021-11-14 00:00:00+00:00
[2021-11-15 07:35:19,211] {processor.py:171} INFO - Processing /home/airflow/.local/lib/python3.7/site-packages/airflow/example_dags/example_nested_branch_dag.py took 0.069 seconds
[2021-11-15 07:35:49,572] {processor.py:163} INFO - Started process (PID=1206) to work on /home/airflow/.local/lib/python3.7/site-packages/airflow/example_dags/example_nested_branch_dag.py
[2021-11-15 07:35:49,574] {processor.py:620} INFO - Processing file /home/airflow/.local/lib/python3.7/site-packages/airflow/example_dags/example_nested_branch_dag.py for tasks to queue
[2021-11-15 07:35:49,575] {logging_mixin.py:109} INFO - [2021-11-15 07:35:49,575] {dagbag.py:500} INFO - Filling up the DagBag from /home/airflow/.local/lib/python3.7/site-packages/airflow/example_dags/example_nested_branch_dag.py
[2021-11-15 07:35:49,606] {processor.py:632} INFO - DAG(s) dict_keys(['example_nested_branch_dag']) retrieved from /home/airflow/.local/lib/python3.7/site-packages/airflow/example_dags/example_nested_branch_dag.py
[2021-11-15 07:35:49,620] {logging_mixin.py:109} INFO - [2021-11-15 07:35:49,620] {dag.py:2389} INFO - Sync 1 DAGs
[2021-11-15 07:35:49,641] {logging_mixin.py:109} INFO - [2021-11-15 07:35:49,641] {dag.py:2921} INFO - Setting next_dagrun for example_nested_branch_dag to 2021-11-14 00:00:00+00:00
[2021-11-15 07:35:49,649] {processor.py:171} INFO - Processing /home/airflow/.local/lib/python3.7/site-packages/airflow/example_dags/example_nested_branch_dag.py took 0.080 seconds
[2021-11-15 07:36:20,215] {processor.py:163} INFO - Started process (PID=1256) to work on /home/airflow/.local/lib/python3.7/site-packages/airflow/example_dags/example_nested_branch_dag.py
[2021-11-15 07:36:20,217] {processor.py:620} INFO - Processing file /home/airflow/.local/lib/python3.7/site-packages/airflow/example_dags/example_nested_branch_dag.py for tasks to queue
[2021-11-15 07:36:20,218] {logging_mixin.py:109} INFO - [2021-11-15 07:36:20,218] {dagbag.py:500} INFO - Filling up the DagBag from /home/airflow/.local/lib/python3.7/site-packages/airflow/example_dags/example_nested_branch_dag.py
[2021-11-15 07:36:20,253] {processor.py:632} INFO - DAG(s) dict_keys(['example_nested_branch_dag']) retrieved from /home/airflow/.local/lib/python3.7/site-packages/airflow/example_dags/example_nested_branch_dag.py
[2021-11-15 07:36:20,268] {logging_mixin.py:109} INFO - [2021-11-15 07:36:20,268] {dag.py:2389} INFO - Sync 1 DAGs
[2021-11-15 07:36:20,296] {logging_mixin.py:109} INFO - [2021-11-15 07:36:20,296] {dag.py:2921} INFO - Setting next_dagrun for example_nested_branch_dag to 2021-11-14 00:00:00+00:00
[2021-11-15 07:36:20,307] {processor.py:171} INFO - Processing /home/airflow/.local/lib/python3.7/site-packages/airflow/example_dags/example_nested_branch_dag.py took 0.099 seconds
[2021-11-15 07:36:50,625] {processor.py:163} INFO - Started process (PID=1313) to work on /home/airflow/.local/lib/python3.7/site-packages/airflow/example_dags/example_nested_branch_dag.py
[2021-11-15 07:36:50,627] {processor.py:620} INFO - Processing file /home/airflow/.local/lib/python3.7/site-packages/airflow/example_dags/example_nested_branch_dag.py for tasks to queue
[2021-11-15 07:36:50,627] {logging_mixin.py:109} INFO - [2021-11-15 07:36:50,627] {dagbag.py:500} INFO - Filling up the DagBag from /home/airflow/.local/lib/python3.7/site-packages/airflow/example_dags/example_nested_branch_dag.py
[2021-11-15 07:36:50,652] {processor.py:632} INFO - DAG(s) dict_keys(['example_nested_branch_dag']) retrieved from /home/airflow/.local/lib/python3.7/site-packages/airflow/example_dags/example_nested_branch_dag.py
[2021-11-15 07:36:50,662] {logging_mixin.py:109} INFO - [2021-11-15 07:36:50,662] {dag.py:2389} INFO - Sync 1 DAGs
[2021-11-15 07:36:50,685] {logging_mixin.py:109} INFO - [2021-11-15 07:36:50,685] {dag.py:2921} INFO - Setting next_dagrun for example_nested_branch_dag to 2021-11-14 00:00:00+00:00
[2021-11-15 07:36:50,694] {processor.py:171} INFO - Processing /home/airflow/.local/lib/python3.7/site-packages/airflow/example_dags/example_nested_branch_dag.py took 0.072 seconds
[2021-11-15 07:37:21,054] {processor.py:163} INFO - Started process (PID=1363) to work on /home/airflow/.local/lib/python3.7/site-packages/airflow/example_dags/example_nested_branch_dag.py
[2021-11-15 07:37:21,055] {processor.py:620} INFO - Processing file /home/airflow/.local/lib/python3.7/site-packages/airflow/example_dags/example_nested_branch_dag.py for tasks to queue
[2021-11-15 07:37:21,056] {logging_mixin.py:109} INFO - [2021-11-15 07:37:21,055] {dagbag.py:500} INFO - Filling up the DagBag from /home/airflow/.local/lib/python3.7/site-packages/airflow/example_dags/example_nested_branch_dag.py
[2021-11-15 07:37:21,080] {processor.py:632} INFO - DAG(s) dict_keys(['example_nested_branch_dag']) retrieved from /home/airflow/.local/lib/python3.7/site-packages/airflow/example_dags/example_nested_branch_dag.py
[2021-11-15 07:37:21,089] {logging_mixin.py:109} INFO - [2021-11-15 07:37:21,089] {dag.py:2389} INFO - Sync 1 DAGs
[2021-11-15 07:37:21,106] {logging_mixin.py:109} INFO - [2021-11-15 07:37:21,106] {dag.py:2921} INFO - Setting next_dagrun for example_nested_branch_dag to 2021-11-14 00:00:00+00:00
[2021-11-15 07:37:21,114] {processor.py:171} INFO - Processing /home/airflow/.local/lib/python3.7/site-packages/airflow/example_dags/example_nested_branch_dag.py took 0.063 seconds
[2021-11-15 07:37:51,392] {processor.py:163} INFO - Started process (PID=1421) to work on /home/airflow/.local/lib/python3.7/site-packages/airflow/example_dags/example_nested_branch_dag.py
[2021-11-15 07:37:51,394] {processor.py:620} INFO - Processing file /home/airflow/.local/lib/python3.7/site-packages/airflow/example_dags/example_nested_branch_dag.py for tasks to queue
[2021-11-15 07:37:51,394] {logging_mixin.py:109} INFO - [2021-11-15 07:37:51,394] {dagbag.py:500} INFO - Filling up the DagBag from /home/airflow/.local/lib/python3.7/site-packages/airflow/example_dags/example_nested_branch_dag.py
[2021-11-15 07:37:51,415] {processor.py:632} INFO - DAG(s) dict_keys(['example_nested_branch_dag']) retrieved from /home/airflow/.local/lib/python3.7/site-packages/airflow/example_dags/example_nested_branch_dag.py
[2021-11-15 07:37:51,424] {logging_mixin.py:109} INFO - [2021-11-15 07:37:51,424] {dag.py:2389} INFO - Sync 1 DAGs
[2021-11-15 07:37:51,438] {logging_mixin.py:109} INFO - [2021-11-15 07:37:51,438] {dag.py:2921} INFO - Setting next_dagrun for example_nested_branch_dag to 2021-11-14 00:00:00+00:00
[2021-11-15 07:37:51,445] {processor.py:171} INFO - Processing /home/airflow/.local/lib/python3.7/site-packages/airflow/example_dags/example_nested_branch_dag.py took 0.055 seconds
