[2021-11-15 07:27:33,931] {processor.py:163} INFO - Started process (PID=280) to work on /home/airflow/.local/lib/python3.7/site-packages/airflow/example_dags/example_xcom.py
[2021-11-15 07:27:33,931] {processor.py:620} INFO - Processing file /home/airflow/.local/lib/python3.7/site-packages/airflow/example_dags/example_xcom.py for tasks to queue
[2021-11-15 07:27:33,932] {logging_mixin.py:109} INFO - [2021-11-15 07:27:33,932] {dagbag.py:500} INFO - Filling up the DagBag from /home/airflow/.local/lib/python3.7/site-packages/airflow/example_dags/example_xcom.py
[2021-11-15 07:27:33,962] {processor.py:632} INFO - DAG(s) dict_keys(['example_xcom']) retrieved from /home/airflow/.local/lib/python3.7/site-packages/airflow/example_dags/example_xcom.py
[2021-11-15 07:27:35,805] {logging_mixin.py:109} INFO - [2021-11-15 07:27:35,805] {providers_manager.py:156} WARNING - Exception when importing 'airflow.providers.google.leveldb.hooks.leveldb.LevelDBHook' from 'apache-airflow-providers-google' package: No module named 'plyvel'
[2021-11-15 07:27:36,216] {logging_mixin.py:109} INFO - [2021-11-15 07:27:36,216] {providers_manager.py:156} WARNING - Exception when importing 'airflow.providers.google.leveldb.hooks.leveldb.LevelDBHook' from 'apache-airflow-providers-google' package: No module named 'plyvel'
[2021-11-15 07:27:36,236] {logging_mixin.py:109} INFO - [2021-11-15 07:27:36,236] {manager.py:496} INFO - Created Permission View: can edit on DAG:example_xcom
[2021-11-15 07:27:36,245] {logging_mixin.py:109} INFO - [2021-11-15 07:27:36,245] {manager.py:496} INFO - Created Permission View: can read on DAG:example_xcom
[2021-11-15 07:27:36,245] {logging_mixin.py:109} INFO - [2021-11-15 07:27:36,245] {dag.py:2389} INFO - Sync 1 DAGs
[2021-11-15 07:27:36,251] {logging_mixin.py:109} INFO - [2021-11-15 07:27:36,251] {dag.py:2408} INFO - Creating ORM DAG for example_xcom
[2021-11-15 07:27:36,260] {logging_mixin.py:109} INFO - [2021-11-15 07:27:36,260] {dag.py:2921} INFO - Setting next_dagrun for example_xcom to 2021-01-01T00:00:00+00:00
[2021-11-15 07:27:36,272] {processor.py:171} INFO - Processing /home/airflow/.local/lib/python3.7/site-packages/airflow/example_dags/example_xcom.py took 2.344 seconds
[2021-11-15 07:28:06,347] {processor.py:163} INFO - Started process (PID=387) to work on /home/airflow/.local/lib/python3.7/site-packages/airflow/example_dags/example_xcom.py
[2021-11-15 07:28:06,348] {processor.py:620} INFO - Processing file /home/airflow/.local/lib/python3.7/site-packages/airflow/example_dags/example_xcom.py for tasks to queue
[2021-11-15 07:28:06,349] {logging_mixin.py:109} INFO - [2021-11-15 07:28:06,349] {dagbag.py:500} INFO - Filling up the DagBag from /home/airflow/.local/lib/python3.7/site-packages/airflow/example_dags/example_xcom.py
[2021-11-15 07:28:06,383] {processor.py:632} INFO - DAG(s) dict_keys(['example_xcom']) retrieved from /home/airflow/.local/lib/python3.7/site-packages/airflow/example_dags/example_xcom.py
[2021-11-15 07:28:06,643] {logging_mixin.py:109} INFO - [2021-11-15 07:28:06,643] {dag.py:2389} INFO - Sync 1 DAGs
[2021-11-15 07:28:06,657] {logging_mixin.py:109} INFO - [2021-11-15 07:28:06,657] {dag.py:2921} INFO - Setting next_dagrun for example_xcom to 2021-01-01T00:00:00+00:00
[2021-11-15 07:28:06,667] {processor.py:171} INFO - Processing /home/airflow/.local/lib/python3.7/site-packages/airflow/example_dags/example_xcom.py took 0.323 seconds
[2021-11-15 07:28:36,750] {processor.py:163} INFO - Started process (PID=445) to work on /home/airflow/.local/lib/python3.7/site-packages/airflow/example_dags/example_xcom.py
[2021-11-15 07:28:36,751] {processor.py:620} INFO - Processing file /home/airflow/.local/lib/python3.7/site-packages/airflow/example_dags/example_xcom.py for tasks to queue
[2021-11-15 07:28:36,752] {logging_mixin.py:109} INFO - [2021-11-15 07:28:36,752] {dagbag.py:500} INFO - Filling up the DagBag from /home/airflow/.local/lib/python3.7/site-packages/airflow/example_dags/example_xcom.py
[2021-11-15 07:28:36,782] {processor.py:632} INFO - DAG(s) dict_keys(['example_xcom']) retrieved from /home/airflow/.local/lib/python3.7/site-packages/airflow/example_dags/example_xcom.py
[2021-11-15 07:28:37,041] {logging_mixin.py:109} INFO - [2021-11-15 07:28:37,041] {dag.py:2389} INFO - Sync 1 DAGs
[2021-11-15 07:28:37,054] {logging_mixin.py:109} INFO - [2021-11-15 07:28:37,054] {dag.py:2921} INFO - Setting next_dagrun for example_xcom to 2021-01-01T00:00:00+00:00
[2021-11-15 07:28:37,063] {processor.py:171} INFO - Processing /home/airflow/.local/lib/python3.7/site-packages/airflow/example_dags/example_xcom.py took 0.317 seconds
[2021-11-15 07:29:07,988] {processor.py:163} INFO - Started process (PID=495) to work on /home/airflow/.local/lib/python3.7/site-packages/airflow/example_dags/example_xcom.py
[2021-11-15 07:29:07,991] {processor.py:620} INFO - Processing file /home/airflow/.local/lib/python3.7/site-packages/airflow/example_dags/example_xcom.py for tasks to queue
[2021-11-15 07:29:07,993] {logging_mixin.py:109} INFO - [2021-11-15 07:29:07,993] {dagbag.py:500} INFO - Filling up the DagBag from /home/airflow/.local/lib/python3.7/site-packages/airflow/example_dags/example_xcom.py
[2021-11-15 07:29:08,034] {processor.py:632} INFO - DAG(s) dict_keys(['example_xcom']) retrieved from /home/airflow/.local/lib/python3.7/site-packages/airflow/example_dags/example_xcom.py
[2021-11-15 07:29:08,293] {logging_mixin.py:109} INFO - [2021-11-15 07:29:08,293] {dag.py:2389} INFO - Sync 1 DAGs
[2021-11-15 07:29:08,306] {logging_mixin.py:109} INFO - [2021-11-15 07:29:08,306] {dag.py:2921} INFO - Setting next_dagrun for example_xcom to 2021-01-01T00:00:00+00:00
[2021-11-15 07:29:08,316] {processor.py:171} INFO - Processing /home/airflow/.local/lib/python3.7/site-packages/airflow/example_dags/example_xcom.py took 0.336 seconds
[2021-11-15 07:29:39,128] {processor.py:163} INFO - Started process (PID=552) to work on /home/airflow/.local/lib/python3.7/site-packages/airflow/example_dags/example_xcom.py
[2021-11-15 07:29:39,131] {processor.py:620} INFO - Processing file /home/airflow/.local/lib/python3.7/site-packages/airflow/example_dags/example_xcom.py for tasks to queue
[2021-11-15 07:29:39,133] {logging_mixin.py:109} INFO - [2021-11-15 07:29:39,133] {dagbag.py:500} INFO - Filling up the DagBag from /home/airflow/.local/lib/python3.7/site-packages/airflow/example_dags/example_xcom.py
[2021-11-15 07:29:39,175] {processor.py:632} INFO - DAG(s) dict_keys(['example_xcom']) retrieved from /home/airflow/.local/lib/python3.7/site-packages/airflow/example_dags/example_xcom.py
[2021-11-15 07:29:39,447] {logging_mixin.py:109} INFO - [2021-11-15 07:29:39,447] {dag.py:2389} INFO - Sync 1 DAGs
[2021-11-15 07:29:39,460] {logging_mixin.py:109} INFO - [2021-11-15 07:29:39,460] {dag.py:2921} INFO - Setting next_dagrun for example_xcom to 2021-01-01T00:00:00+00:00
[2021-11-15 07:29:39,469] {processor.py:171} INFO - Processing /home/airflow/.local/lib/python3.7/site-packages/airflow/example_dags/example_xcom.py took 0.350 seconds
[2021-11-15 07:30:09,985] {processor.py:163} INFO - Started process (PID=601) to work on /home/airflow/.local/lib/python3.7/site-packages/airflow/example_dags/example_xcom.py
[2021-11-15 07:30:09,986] {processor.py:620} INFO - Processing file /home/airflow/.local/lib/python3.7/site-packages/airflow/example_dags/example_xcom.py for tasks to queue
[2021-11-15 07:30:09,987] {logging_mixin.py:109} INFO - [2021-11-15 07:30:09,987] {dagbag.py:500} INFO - Filling up the DagBag from /home/airflow/.local/lib/python3.7/site-packages/airflow/example_dags/example_xcom.py
[2021-11-15 07:30:10,011] {processor.py:632} INFO - DAG(s) dict_keys(['example_xcom']) retrieved from /home/airflow/.local/lib/python3.7/site-packages/airflow/example_dags/example_xcom.py
[2021-11-15 07:30:10,265] {logging_mixin.py:109} INFO - [2021-11-15 07:30:10,265] {dag.py:2389} INFO - Sync 1 DAGs
[2021-11-15 07:30:10,277] {logging_mixin.py:109} INFO - [2021-11-15 07:30:10,277] {dag.py:2921} INFO - Setting next_dagrun for example_xcom to 2021-01-01T00:00:00+00:00
[2021-11-15 07:30:10,286] {processor.py:171} INFO - Processing /home/airflow/.local/lib/python3.7/site-packages/airflow/example_dags/example_xcom.py took 0.304 seconds
[2021-11-15 07:30:40,413] {processor.py:163} INFO - Started process (PID=659) to work on /home/airflow/.local/lib/python3.7/site-packages/airflow/example_dags/example_xcom.py
[2021-11-15 07:30:40,415] {processor.py:620} INFO - Processing file /home/airflow/.local/lib/python3.7/site-packages/airflow/example_dags/example_xcom.py for tasks to queue
[2021-11-15 07:30:40,416] {logging_mixin.py:109} INFO - [2021-11-15 07:30:40,415] {dagbag.py:500} INFO - Filling up the DagBag from /home/airflow/.local/lib/python3.7/site-packages/airflow/example_dags/example_xcom.py
[2021-11-15 07:30:40,446] {processor.py:632} INFO - DAG(s) dict_keys(['example_xcom']) retrieved from /home/airflow/.local/lib/python3.7/site-packages/airflow/example_dags/example_xcom.py
[2021-11-15 07:30:40,724] {logging_mixin.py:109} INFO - [2021-11-15 07:30:40,724] {dag.py:2389} INFO - Sync 1 DAGs
[2021-11-15 07:30:40,739] {logging_mixin.py:109} INFO - [2021-11-15 07:30:40,739] {dag.py:2921} INFO - Setting next_dagrun for example_xcom to 2021-01-01T00:00:00+00:00
[2021-11-15 07:30:40,754] {processor.py:171} INFO - Processing /home/airflow/.local/lib/python3.7/site-packages/airflow/example_dags/example_xcom.py took 0.344 seconds
[2021-11-15 07:31:10,835] {processor.py:163} INFO - Started process (PID=708) to work on /home/airflow/.local/lib/python3.7/site-packages/airflow/example_dags/example_xcom.py
[2021-11-15 07:31:10,837] {processor.py:620} INFO - Processing file /home/airflow/.local/lib/python3.7/site-packages/airflow/example_dags/example_xcom.py for tasks to queue
[2021-11-15 07:31:10,837] {logging_mixin.py:109} INFO - [2021-11-15 07:31:10,837] {dagbag.py:500} INFO - Filling up the DagBag from /home/airflow/.local/lib/python3.7/site-packages/airflow/example_dags/example_xcom.py
[2021-11-15 07:31:10,869] {processor.py:632} INFO - DAG(s) dict_keys(['example_xcom']) retrieved from /home/airflow/.local/lib/python3.7/site-packages/airflow/example_dags/example_xcom.py
[2021-11-15 07:31:11,147] {logging_mixin.py:109} INFO - [2021-11-15 07:31:11,147] {dag.py:2389} INFO - Sync 1 DAGs
[2021-11-15 07:31:11,159] {logging_mixin.py:109} INFO - [2021-11-15 07:31:11,159] {dag.py:2921} INFO - Setting next_dagrun for example_xcom to 2021-01-01T00:00:00+00:00
[2021-11-15 07:31:11,170] {processor.py:171} INFO - Processing /home/airflow/.local/lib/python3.7/site-packages/airflow/example_dags/example_xcom.py took 0.339 seconds
[2021-11-15 07:31:41,401] {processor.py:163} INFO - Started process (PID=767) to work on /home/airflow/.local/lib/python3.7/site-packages/airflow/example_dags/example_xcom.py
[2021-11-15 07:31:41,403] {processor.py:620} INFO - Processing file /home/airflow/.local/lib/python3.7/site-packages/airflow/example_dags/example_xcom.py for tasks to queue
[2021-11-15 07:31:41,403] {logging_mixin.py:109} INFO - [2021-11-15 07:31:41,403] {dagbag.py:500} INFO - Filling up the DagBag from /home/airflow/.local/lib/python3.7/site-packages/airflow/example_dags/example_xcom.py
[2021-11-15 07:31:41,431] {processor.py:632} INFO - DAG(s) dict_keys(['example_xcom']) retrieved from /home/airflow/.local/lib/python3.7/site-packages/airflow/example_dags/example_xcom.py
[2021-11-15 07:31:41,716] {logging_mixin.py:109} INFO - [2021-11-15 07:31:41,716] {dag.py:2389} INFO - Sync 1 DAGs
[2021-11-15 07:31:41,729] {logging_mixin.py:109} INFO - [2021-11-15 07:31:41,729] {dag.py:2921} INFO - Setting next_dagrun for example_xcom to 2021-01-01T00:00:00+00:00
[2021-11-15 07:31:41,740] {processor.py:171} INFO - Processing /home/airflow/.local/lib/python3.7/site-packages/airflow/example_dags/example_xcom.py took 0.342 seconds
[2021-11-15 07:32:12,707] {processor.py:163} INFO - Started process (PID=818) to work on /home/airflow/.local/lib/python3.7/site-packages/airflow/example_dags/example_xcom.py
[2021-11-15 07:32:12,708] {processor.py:620} INFO - Processing file /home/airflow/.local/lib/python3.7/site-packages/airflow/example_dags/example_xcom.py for tasks to queue
[2021-11-15 07:32:12,709] {logging_mixin.py:109} INFO - [2021-11-15 07:32:12,709] {dagbag.py:500} INFO - Filling up the DagBag from /home/airflow/.local/lib/python3.7/site-packages/airflow/example_dags/example_xcom.py
[2021-11-15 07:32:12,732] {processor.py:632} INFO - DAG(s) dict_keys(['example_xcom']) retrieved from /home/airflow/.local/lib/python3.7/site-packages/airflow/example_dags/example_xcom.py
[2021-11-15 07:32:12,994] {logging_mixin.py:109} INFO - [2021-11-15 07:32:12,994] {dag.py:2389} INFO - Sync 1 DAGs
[2021-11-15 07:32:13,006] {logging_mixin.py:109} INFO - [2021-11-15 07:32:13,006] {dag.py:2921} INFO - Setting next_dagrun for example_xcom to 2021-01-01T00:00:00+00:00
[2021-11-15 07:32:13,016] {processor.py:171} INFO - Processing /home/airflow/.local/lib/python3.7/site-packages/airflow/example_dags/example_xcom.py took 0.312 seconds
[2021-11-15 07:32:43,258] {processor.py:163} INFO - Started process (PID=875) to work on /home/airflow/.local/lib/python3.7/site-packages/airflow/example_dags/example_xcom.py
[2021-11-15 07:32:43,261] {processor.py:620} INFO - Processing file /home/airflow/.local/lib/python3.7/site-packages/airflow/example_dags/example_xcom.py for tasks to queue
[2021-11-15 07:32:43,263] {logging_mixin.py:109} INFO - [2021-11-15 07:32:43,262] {dagbag.py:500} INFO - Filling up the DagBag from /home/airflow/.local/lib/python3.7/site-packages/airflow/example_dags/example_xcom.py
[2021-11-15 07:32:43,300] {processor.py:632} INFO - DAG(s) dict_keys(['example_xcom']) retrieved from /home/airflow/.local/lib/python3.7/site-packages/airflow/example_dags/example_xcom.py
[2021-11-15 07:32:43,572] {logging_mixin.py:109} INFO - [2021-11-15 07:32:43,572] {dag.py:2389} INFO - Sync 1 DAGs
[2021-11-15 07:32:43,584] {logging_mixin.py:109} INFO - [2021-11-15 07:32:43,583] {dag.py:2921} INFO - Setting next_dagrun for example_xcom to 2021-01-01T00:00:00+00:00
[2021-11-15 07:32:43,593] {processor.py:171} INFO - Processing /home/airflow/.local/lib/python3.7/site-packages/airflow/example_dags/example_xcom.py took 0.344 seconds
[2021-11-15 07:33:13,813] {processor.py:163} INFO - Started process (PID=926) to work on /home/airflow/.local/lib/python3.7/site-packages/airflow/example_dags/example_xcom.py
[2021-11-15 07:33:13,817] {processor.py:620} INFO - Processing file /home/airflow/.local/lib/python3.7/site-packages/airflow/example_dags/example_xcom.py for tasks to queue
[2021-11-15 07:33:13,818] {logging_mixin.py:109} INFO - [2021-11-15 07:33:13,818] {dagbag.py:500} INFO - Filling up the DagBag from /home/airflow/.local/lib/python3.7/site-packages/airflow/example_dags/example_xcom.py
[2021-11-15 07:33:13,855] {processor.py:632} INFO - DAG(s) dict_keys(['example_xcom']) retrieved from /home/airflow/.local/lib/python3.7/site-packages/airflow/example_dags/example_xcom.py
[2021-11-15 07:33:14,122] {logging_mixin.py:109} INFO - [2021-11-15 07:33:14,122] {dag.py:2389} INFO - Sync 1 DAGs
[2021-11-15 07:33:14,134] {logging_mixin.py:109} INFO - [2021-11-15 07:33:14,134] {dag.py:2921} INFO - Setting next_dagrun for example_xcom to 2021-01-01T00:00:00+00:00
[2021-11-15 07:33:14,144] {processor.py:171} INFO - Processing /home/airflow/.local/lib/python3.7/site-packages/airflow/example_dags/example_xcom.py took 0.340 seconds
[2021-11-15 07:33:44,213] {processor.py:163} INFO - Started process (PID=984) to work on /home/airflow/.local/lib/python3.7/site-packages/airflow/example_dags/example_xcom.py
[2021-11-15 07:33:44,215] {processor.py:620} INFO - Processing file /home/airflow/.local/lib/python3.7/site-packages/airflow/example_dags/example_xcom.py for tasks to queue
[2021-11-15 07:33:44,215] {logging_mixin.py:109} INFO - [2021-11-15 07:33:44,215] {dagbag.py:500} INFO - Filling up the DagBag from /home/airflow/.local/lib/python3.7/site-packages/airflow/example_dags/example_xcom.py
[2021-11-15 07:33:44,238] {processor.py:632} INFO - DAG(s) dict_keys(['example_xcom']) retrieved from /home/airflow/.local/lib/python3.7/site-packages/airflow/example_dags/example_xcom.py
[2021-11-15 07:33:44,491] {logging_mixin.py:109} INFO - [2021-11-15 07:33:44,490] {dag.py:2389} INFO - Sync 1 DAGs
[2021-11-15 07:33:44,502] {logging_mixin.py:109} INFO - [2021-11-15 07:33:44,502] {dag.py:2921} INFO - Setting next_dagrun for example_xcom to 2021-01-01T00:00:00+00:00
[2021-11-15 07:33:44,512] {processor.py:171} INFO - Processing /home/airflow/.local/lib/python3.7/site-packages/airflow/example_dags/example_xcom.py took 0.301 seconds
[2021-11-15 07:34:14,794] {processor.py:163} INFO - Started process (PID=1033) to work on /home/airflow/.local/lib/python3.7/site-packages/airflow/example_dags/example_xcom.py
[2021-11-15 07:34:14,796] {processor.py:620} INFO - Processing file /home/airflow/.local/lib/python3.7/site-packages/airflow/example_dags/example_xcom.py for tasks to queue
[2021-11-15 07:34:14,797] {logging_mixin.py:109} INFO - [2021-11-15 07:34:14,797] {dagbag.py:500} INFO - Filling up the DagBag from /home/airflow/.local/lib/python3.7/site-packages/airflow/example_dags/example_xcom.py
[2021-11-15 07:34:14,828] {processor.py:632} INFO - DAG(s) dict_keys(['example_xcom']) retrieved from /home/airflow/.local/lib/python3.7/site-packages/airflow/example_dags/example_xcom.py
[2021-11-15 07:34:15,094] {logging_mixin.py:109} INFO - [2021-11-15 07:34:15,094] {dag.py:2389} INFO - Sync 1 DAGs
[2021-11-15 07:34:15,106] {logging_mixin.py:109} INFO - [2021-11-15 07:34:15,105] {dag.py:2921} INFO - Setting next_dagrun for example_xcom to 2021-01-01T00:00:00+00:00
[2021-11-15 07:34:15,115] {processor.py:171} INFO - Processing /home/airflow/.local/lib/python3.7/site-packages/airflow/example_dags/example_xcom.py took 0.325 seconds
[2021-11-15 07:34:45,232] {processor.py:163} INFO - Started process (PID=1092) to work on /home/airflow/.local/lib/python3.7/site-packages/airflow/example_dags/example_xcom.py
[2021-11-15 07:34:45,234] {processor.py:620} INFO - Processing file /home/airflow/.local/lib/python3.7/site-packages/airflow/example_dags/example_xcom.py for tasks to queue
[2021-11-15 07:34:45,234] {logging_mixin.py:109} INFO - [2021-11-15 07:34:45,234] {dagbag.py:500} INFO - Filling up the DagBag from /home/airflow/.local/lib/python3.7/site-packages/airflow/example_dags/example_xcom.py
[2021-11-15 07:34:45,260] {processor.py:632} INFO - DAG(s) dict_keys(['example_xcom']) retrieved from /home/airflow/.local/lib/python3.7/site-packages/airflow/example_dags/example_xcom.py
[2021-11-15 07:34:45,536] {logging_mixin.py:109} INFO - [2021-11-15 07:34:45,535] {dag.py:2389} INFO - Sync 1 DAGs
[2021-11-15 07:34:45,553] {logging_mixin.py:109} INFO - [2021-11-15 07:34:45,553] {dag.py:2921} INFO - Setting next_dagrun for example_xcom to 2021-01-01T00:00:00+00:00
[2021-11-15 07:34:45,566] {processor.py:171} INFO - Processing /home/airflow/.local/lib/python3.7/site-packages/airflow/example_dags/example_xcom.py took 0.336 seconds
[2021-11-15 07:35:15,852] {processor.py:163} INFO - Started process (PID=1141) to work on /home/airflow/.local/lib/python3.7/site-packages/airflow/example_dags/example_xcom.py
[2021-11-15 07:35:15,855] {processor.py:620} INFO - Processing file /home/airflow/.local/lib/python3.7/site-packages/airflow/example_dags/example_xcom.py for tasks to queue
[2021-11-15 07:35:15,855] {logging_mixin.py:109} INFO - [2021-11-15 07:35:15,855] {dagbag.py:500} INFO - Filling up the DagBag from /home/airflow/.local/lib/python3.7/site-packages/airflow/example_dags/example_xcom.py
[2021-11-15 07:35:15,885] {processor.py:632} INFO - DAG(s) dict_keys(['example_xcom']) retrieved from /home/airflow/.local/lib/python3.7/site-packages/airflow/example_dags/example_xcom.py
[2021-11-15 07:35:16,185] {logging_mixin.py:109} INFO - [2021-11-15 07:35:16,185] {dag.py:2389} INFO - Sync 1 DAGs
[2021-11-15 07:35:16,198] {logging_mixin.py:109} INFO - [2021-11-15 07:35:16,198] {dag.py:2921} INFO - Setting next_dagrun for example_xcom to 2021-01-01T00:00:00+00:00
[2021-11-15 07:35:16,208] {processor.py:171} INFO - Processing /home/airflow/.local/lib/python3.7/site-packages/airflow/example_dags/example_xcom.py took 0.359 seconds
[2021-11-15 07:35:46,264] {processor.py:163} INFO - Started process (PID=1198) to work on /home/airflow/.local/lib/python3.7/site-packages/airflow/example_dags/example_xcom.py
[2021-11-15 07:35:46,266] {processor.py:620} INFO - Processing file /home/airflow/.local/lib/python3.7/site-packages/airflow/example_dags/example_xcom.py for tasks to queue
[2021-11-15 07:35:46,266] {logging_mixin.py:109} INFO - [2021-11-15 07:35:46,266] {dagbag.py:500} INFO - Filling up the DagBag from /home/airflow/.local/lib/python3.7/site-packages/airflow/example_dags/example_xcom.py
[2021-11-15 07:35:46,288] {processor.py:632} INFO - DAG(s) dict_keys(['example_xcom']) retrieved from /home/airflow/.local/lib/python3.7/site-packages/airflow/example_dags/example_xcom.py
[2021-11-15 07:35:46,527] {logging_mixin.py:109} INFO - [2021-11-15 07:35:46,526] {dag.py:2389} INFO - Sync 1 DAGs
[2021-11-15 07:35:46,539] {logging_mixin.py:109} INFO - [2021-11-15 07:35:46,539] {dag.py:2921} INFO - Setting next_dagrun for example_xcom to 2021-01-01T00:00:00+00:00
[2021-11-15 07:35:46,549] {processor.py:171} INFO - Processing /home/airflow/.local/lib/python3.7/site-packages/airflow/example_dags/example_xcom.py took 0.287 seconds
[2021-11-15 07:36:16,804] {processor.py:163} INFO - Started process (PID=1248) to work on /home/airflow/.local/lib/python3.7/site-packages/airflow/example_dags/example_xcom.py
[2021-11-15 07:36:16,805] {processor.py:620} INFO - Processing file /home/airflow/.local/lib/python3.7/site-packages/airflow/example_dags/example_xcom.py for tasks to queue
[2021-11-15 07:36:16,806] {logging_mixin.py:109} INFO - [2021-11-15 07:36:16,806] {dagbag.py:500} INFO - Filling up the DagBag from /home/airflow/.local/lib/python3.7/site-packages/airflow/example_dags/example_xcom.py
[2021-11-15 07:36:16,837] {processor.py:632} INFO - DAG(s) dict_keys(['example_xcom']) retrieved from /home/airflow/.local/lib/python3.7/site-packages/airflow/example_dags/example_xcom.py
[2021-11-15 07:36:17,136] {logging_mixin.py:109} INFO - [2021-11-15 07:36:17,136] {dag.py:2389} INFO - Sync 1 DAGs
[2021-11-15 07:36:17,148] {logging_mixin.py:109} INFO - [2021-11-15 07:36:17,148] {dag.py:2921} INFO - Setting next_dagrun for example_xcom to 2021-01-01T00:00:00+00:00
[2021-11-15 07:36:17,158] {processor.py:171} INFO - Processing /home/airflow/.local/lib/python3.7/site-packages/airflow/example_dags/example_xcom.py took 0.356 seconds
[2021-11-15 07:36:47,366] {processor.py:163} INFO - Started process (PID=1297) to work on /home/airflow/.local/lib/python3.7/site-packages/airflow/example_dags/example_xcom.py
[2021-11-15 07:36:47,367] {processor.py:620} INFO - Processing file /home/airflow/.local/lib/python3.7/site-packages/airflow/example_dags/example_xcom.py for tasks to queue
[2021-11-15 07:36:47,368] {logging_mixin.py:109} INFO - [2021-11-15 07:36:47,368] {dagbag.py:500} INFO - Filling up the DagBag from /home/airflow/.local/lib/python3.7/site-packages/airflow/example_dags/example_xcom.py
[2021-11-15 07:36:47,392] {processor.py:632} INFO - DAG(s) dict_keys(['example_xcom']) retrieved from /home/airflow/.local/lib/python3.7/site-packages/airflow/example_dags/example_xcom.py
[2021-11-15 07:36:47,690] {logging_mixin.py:109} INFO - [2021-11-15 07:36:47,690] {dag.py:2389} INFO - Sync 1 DAGs
[2021-11-15 07:36:47,703] {logging_mixin.py:109} INFO - [2021-11-15 07:36:47,703] {dag.py:2921} INFO - Setting next_dagrun for example_xcom to 2021-01-01T00:00:00+00:00
[2021-11-15 07:36:47,712] {processor.py:171} INFO - Processing /home/airflow/.local/lib/python3.7/site-packages/airflow/example_dags/example_xcom.py took 0.349 seconds
[2021-11-15 07:37:18,741] {processor.py:163} INFO - Started process (PID=1355) to work on /home/airflow/.local/lib/python3.7/site-packages/airflow/example_dags/example_xcom.py
[2021-11-15 07:37:18,743] {processor.py:620} INFO - Processing file /home/airflow/.local/lib/python3.7/site-packages/airflow/example_dags/example_xcom.py for tasks to queue
[2021-11-15 07:37:18,744] {logging_mixin.py:109} INFO - [2021-11-15 07:37:18,744] {dagbag.py:500} INFO - Filling up the DagBag from /home/airflow/.local/lib/python3.7/site-packages/airflow/example_dags/example_xcom.py
[2021-11-15 07:37:18,777] {processor.py:632} INFO - DAG(s) dict_keys(['example_xcom']) retrieved from /home/airflow/.local/lib/python3.7/site-packages/airflow/example_dags/example_xcom.py
[2021-11-15 07:37:19,131] {logging_mixin.py:109} INFO - [2021-11-15 07:37:19,131] {dag.py:2389} INFO - Sync 1 DAGs
[2021-11-15 07:37:19,146] {logging_mixin.py:109} INFO - [2021-11-15 07:37:19,146] {dag.py:2921} INFO - Setting next_dagrun for example_xcom to 2021-01-01T00:00:00+00:00
[2021-11-15 07:37:19,157] {processor.py:171} INFO - Processing /home/airflow/.local/lib/python3.7/site-packages/airflow/example_dags/example_xcom.py took 0.419 seconds
[2021-11-15 07:37:50,071] {processor.py:163} INFO - Started process (PID=1408) to work on /home/airflow/.local/lib/python3.7/site-packages/airflow/example_dags/example_xcom.py
[2021-11-15 07:37:50,072] {processor.py:620} INFO - Processing file /home/airflow/.local/lib/python3.7/site-packages/airflow/example_dags/example_xcom.py for tasks to queue
[2021-11-15 07:37:50,073] {logging_mixin.py:109} INFO - [2021-11-15 07:37:50,073] {dagbag.py:500} INFO - Filling up the DagBag from /home/airflow/.local/lib/python3.7/site-packages/airflow/example_dags/example_xcom.py
[2021-11-15 07:37:50,107] {processor.py:632} INFO - DAG(s) dict_keys(['example_xcom']) retrieved from /home/airflow/.local/lib/python3.7/site-packages/airflow/example_dags/example_xcom.py
[2021-11-15 07:37:50,391] {logging_mixin.py:109} INFO - [2021-11-15 07:37:50,391] {dag.py:2389} INFO - Sync 1 DAGs
[2021-11-15 07:37:50,410] {logging_mixin.py:109} INFO - [2021-11-15 07:37:50,410] {dag.py:2921} INFO - Setting next_dagrun for example_xcom to 2021-01-01T00:00:00+00:00
[2021-11-15 07:37:50,422] {processor.py:171} INFO - Processing /home/airflow/.local/lib/python3.7/site-packages/airflow/example_dags/example_xcom.py took 0.354 seconds
