[2021-11-15 07:27:23,444] {processor.py:163} INFO - Started process (PID=198) to work on /home/airflow/.local/lib/python3.7/site-packages/airflow/example_dags/example_dag_decorator.py
[2021-11-15 07:27:23,445] {processor.py:620} INFO - Processing file /home/airflow/.local/lib/python3.7/site-packages/airflow/example_dags/example_dag_decorator.py for tasks to queue
[2021-11-15 07:27:23,445] {logging_mixin.py:109} INFO - [2021-11-15 07:27:23,445] {dagbag.py:500} INFO - Filling up the DagBag from /home/airflow/.local/lib/python3.7/site-packages/airflow/example_dags/example_dag_decorator.py
[2021-11-15 07:27:23,483] {processor.py:632} INFO - DAG(s) dict_keys(['example_dag_decorator']) retrieved from /home/airflow/.local/lib/python3.7/site-packages/airflow/example_dags/example_dag_decorator.py
[2021-11-15 07:27:25,511] {logging_mixin.py:109} INFO - [2021-11-15 07:27:25,511] {providers_manager.py:156} WARNING - Exception when importing 'airflow.providers.google.leveldb.hooks.leveldb.LevelDBHook' from 'apache-airflow-providers-google' package: No module named 'plyvel'
[2021-11-15 07:27:25,970] {logging_mixin.py:109} INFO - [2021-11-15 07:27:25,970] {providers_manager.py:156} WARNING - Exception when importing 'airflow.providers.google.leveldb.hooks.leveldb.LevelDBHook' from 'apache-airflow-providers-google' package: No module named 'plyvel'
[2021-11-15 07:27:25,991] {logging_mixin.py:109} INFO - [2021-11-15 07:27:25,991] {manager.py:496} INFO - Created Permission View: can edit on DAG:example_dag_decorator
[2021-11-15 07:27:26,000] {logging_mixin.py:109} INFO - [2021-11-15 07:27:26,000] {manager.py:496} INFO - Created Permission View: can read on DAG:example_dag_decorator
[2021-11-15 07:27:26,000] {logging_mixin.py:109} INFO - [2021-11-15 07:27:26,000] {dag.py:2389} INFO - Sync 1 DAGs
[2021-11-15 07:27:26,007] {logging_mixin.py:109} INFO - [2021-11-15 07:27:26,007] {dag.py:2408} INFO - Creating ORM DAG for example_dag_decorator
[2021-11-15 07:27:26,016] {logging_mixin.py:109} INFO - [2021-11-15 07:27:26,016] {dag.py:2921} INFO - Setting next_dagrun for example_dag_decorator to None
[2021-11-15 07:27:26,028] {processor.py:171} INFO - Processing /home/airflow/.local/lib/python3.7/site-packages/airflow/example_dags/example_dag_decorator.py took 2.587 seconds
[2021-11-15 07:27:56,615] {processor.py:163} INFO - Started process (PID=379) to work on /home/airflow/.local/lib/python3.7/site-packages/airflow/example_dags/example_dag_decorator.py
[2021-11-15 07:27:56,616] {processor.py:620} INFO - Processing file /home/airflow/.local/lib/python3.7/site-packages/airflow/example_dags/example_dag_decorator.py for tasks to queue
[2021-11-15 07:27:56,616] {logging_mixin.py:109} INFO - [2021-11-15 07:27:56,616] {dagbag.py:500} INFO - Filling up the DagBag from /home/airflow/.local/lib/python3.7/site-packages/airflow/example_dags/example_dag_decorator.py
[2021-11-15 07:27:56,646] {processor.py:632} INFO - DAG(s) dict_keys(['example_dag_decorator']) retrieved from /home/airflow/.local/lib/python3.7/site-packages/airflow/example_dags/example_dag_decorator.py
[2021-11-15 07:27:56,907] {logging_mixin.py:109} INFO - [2021-11-15 07:27:56,906] {dag.py:2389} INFO - Sync 1 DAGs
[2021-11-15 07:27:56,919] {logging_mixin.py:109} INFO - [2021-11-15 07:27:56,919] {dag.py:2921} INFO - Setting next_dagrun for example_dag_decorator to None
[2021-11-15 07:27:56,929] {processor.py:171} INFO - Processing /home/airflow/.local/lib/python3.7/site-packages/airflow/example_dags/example_dag_decorator.py took 0.316 seconds
[2021-11-15 07:28:26,985] {processor.py:163} INFO - Started process (PID=429) to work on /home/airflow/.local/lib/python3.7/site-packages/airflow/example_dags/example_dag_decorator.py
[2021-11-15 07:28:26,987] {processor.py:620} INFO - Processing file /home/airflow/.local/lib/python3.7/site-packages/airflow/example_dags/example_dag_decorator.py for tasks to queue
[2021-11-15 07:28:26,987] {logging_mixin.py:109} INFO - [2021-11-15 07:28:26,987] {dagbag.py:500} INFO - Filling up the DagBag from /home/airflow/.local/lib/python3.7/site-packages/airflow/example_dags/example_dag_decorator.py
[2021-11-15 07:28:27,019] {processor.py:632} INFO - DAG(s) dict_keys(['example_dag_decorator']) retrieved from /home/airflow/.local/lib/python3.7/site-packages/airflow/example_dags/example_dag_decorator.py
[2021-11-15 07:28:27,283] {logging_mixin.py:109} INFO - [2021-11-15 07:28:27,283] {dag.py:2389} INFO - Sync 1 DAGs
[2021-11-15 07:28:27,294] {logging_mixin.py:109} INFO - [2021-11-15 07:28:27,294] {dag.py:2921} INFO - Setting next_dagrun for example_dag_decorator to None
[2021-11-15 07:28:27,302] {processor.py:171} INFO - Processing /home/airflow/.local/lib/python3.7/site-packages/airflow/example_dags/example_dag_decorator.py took 0.320 seconds
[2021-11-15 07:28:57,418] {processor.py:163} INFO - Started process (PID=479) to work on /home/airflow/.local/lib/python3.7/site-packages/airflow/example_dags/example_dag_decorator.py
[2021-11-15 07:28:57,419] {processor.py:620} INFO - Processing file /home/airflow/.local/lib/python3.7/site-packages/airflow/example_dags/example_dag_decorator.py for tasks to queue
[2021-11-15 07:28:57,420] {logging_mixin.py:109} INFO - [2021-11-15 07:28:57,420] {dagbag.py:500} INFO - Filling up the DagBag from /home/airflow/.local/lib/python3.7/site-packages/airflow/example_dags/example_dag_decorator.py
[2021-11-15 07:28:57,451] {processor.py:632} INFO - DAG(s) dict_keys(['example_dag_decorator']) retrieved from /home/airflow/.local/lib/python3.7/site-packages/airflow/example_dags/example_dag_decorator.py
[2021-11-15 07:28:57,706] {logging_mixin.py:109} INFO - [2021-11-15 07:28:57,706] {dag.py:2389} INFO - Sync 1 DAGs
[2021-11-15 07:28:57,718] {logging_mixin.py:109} INFO - [2021-11-15 07:28:57,718] {dag.py:2921} INFO - Setting next_dagrun for example_dag_decorator to None
[2021-11-15 07:28:57,728] {processor.py:171} INFO - Processing /home/airflow/.local/lib/python3.7/site-packages/airflow/example_dags/example_dag_decorator.py took 0.312 seconds
[2021-11-15 07:29:27,804] {processor.py:163} INFO - Started process (PID=536) to work on /home/airflow/.local/lib/python3.7/site-packages/airflow/example_dags/example_dag_decorator.py
[2021-11-15 07:29:27,805] {processor.py:620} INFO - Processing file /home/airflow/.local/lib/python3.7/site-packages/airflow/example_dags/example_dag_decorator.py for tasks to queue
[2021-11-15 07:29:27,806] {logging_mixin.py:109} INFO - [2021-11-15 07:29:27,806] {dagbag.py:500} INFO - Filling up the DagBag from /home/airflow/.local/lib/python3.7/site-packages/airflow/example_dags/example_dag_decorator.py
[2021-11-15 07:29:27,836] {processor.py:632} INFO - DAG(s) dict_keys(['example_dag_decorator']) retrieved from /home/airflow/.local/lib/python3.7/site-packages/airflow/example_dags/example_dag_decorator.py
[2021-11-15 07:29:28,086] {logging_mixin.py:109} INFO - [2021-11-15 07:29:28,086] {dag.py:2389} INFO - Sync 1 DAGs
[2021-11-15 07:29:28,098] {logging_mixin.py:109} INFO - [2021-11-15 07:29:28,098] {dag.py:2921} INFO - Setting next_dagrun for example_dag_decorator to None
[2021-11-15 07:29:28,107] {processor.py:171} INFO - Processing /home/airflow/.local/lib/python3.7/site-packages/airflow/example_dags/example_dag_decorator.py took 0.305 seconds
[2021-11-15 07:29:58,485] {processor.py:163} INFO - Started process (PID=585) to work on /home/airflow/.local/lib/python3.7/site-packages/airflow/example_dags/example_dag_decorator.py
[2021-11-15 07:29:58,487] {processor.py:620} INFO - Processing file /home/airflow/.local/lib/python3.7/site-packages/airflow/example_dags/example_dag_decorator.py for tasks to queue
[2021-11-15 07:29:58,488] {logging_mixin.py:109} INFO - [2021-11-15 07:29:58,488] {dagbag.py:500} INFO - Filling up the DagBag from /home/airflow/.local/lib/python3.7/site-packages/airflow/example_dags/example_dag_decorator.py
[2021-11-15 07:29:58,542] {processor.py:632} INFO - DAG(s) dict_keys(['example_dag_decorator']) retrieved from /home/airflow/.local/lib/python3.7/site-packages/airflow/example_dags/example_dag_decorator.py
[2021-11-15 07:29:58,797] {logging_mixin.py:109} INFO - [2021-11-15 07:29:58,797] {dag.py:2389} INFO - Sync 1 DAGs
[2021-11-15 07:29:58,810] {logging_mixin.py:109} INFO - [2021-11-15 07:29:58,809] {dag.py:2921} INFO - Setting next_dagrun for example_dag_decorator to None
[2021-11-15 07:29:58,819] {processor.py:171} INFO - Processing /home/airflow/.local/lib/python3.7/site-packages/airflow/example_dags/example_dag_decorator.py took 0.343 seconds
[2021-11-15 07:30:29,011] {processor.py:163} INFO - Started process (PID=642) to work on /home/airflow/.local/lib/python3.7/site-packages/airflow/example_dags/example_dag_decorator.py
[2021-11-15 07:30:29,013] {processor.py:620} INFO - Processing file /home/airflow/.local/lib/python3.7/site-packages/airflow/example_dags/example_dag_decorator.py for tasks to queue
[2021-11-15 07:30:29,013] {logging_mixin.py:109} INFO - [2021-11-15 07:30:29,013] {dagbag.py:500} INFO - Filling up the DagBag from /home/airflow/.local/lib/python3.7/site-packages/airflow/example_dags/example_dag_decorator.py
[2021-11-15 07:30:29,050] {processor.py:632} INFO - DAG(s) dict_keys(['example_dag_decorator']) retrieved from /home/airflow/.local/lib/python3.7/site-packages/airflow/example_dags/example_dag_decorator.py
[2021-11-15 07:30:29,310] {logging_mixin.py:109} INFO - [2021-11-15 07:30:29,310] {dag.py:2389} INFO - Sync 1 DAGs
[2021-11-15 07:30:29,321] {logging_mixin.py:109} INFO - [2021-11-15 07:30:29,321] {dag.py:2921} INFO - Setting next_dagrun for example_dag_decorator to None
[2021-11-15 07:30:29,330] {processor.py:171} INFO - Processing /home/airflow/.local/lib/python3.7/site-packages/airflow/example_dags/example_dag_decorator.py took 0.322 seconds
[2021-11-15 07:30:59,519] {processor.py:163} INFO - Started process (PID=692) to work on /home/airflow/.local/lib/python3.7/site-packages/airflow/example_dags/example_dag_decorator.py
[2021-11-15 07:30:59,522] {processor.py:620} INFO - Processing file /home/airflow/.local/lib/python3.7/site-packages/airflow/example_dags/example_dag_decorator.py for tasks to queue
[2021-11-15 07:30:59,524] {logging_mixin.py:109} INFO - [2021-11-15 07:30:59,524] {dagbag.py:500} INFO - Filling up the DagBag from /home/airflow/.local/lib/python3.7/site-packages/airflow/example_dags/example_dag_decorator.py
[2021-11-15 07:30:59,564] {processor.py:632} INFO - DAG(s) dict_keys(['example_dag_decorator']) retrieved from /home/airflow/.local/lib/python3.7/site-packages/airflow/example_dags/example_dag_decorator.py
[2021-11-15 07:30:59,834] {logging_mixin.py:109} INFO - [2021-11-15 07:30:59,834] {dag.py:2389} INFO - Sync 1 DAGs
[2021-11-15 07:30:59,845] {logging_mixin.py:109} INFO - [2021-11-15 07:30:59,845] {dag.py:2921} INFO - Setting next_dagrun for example_dag_decorator to None
[2021-11-15 07:30:59,854] {processor.py:171} INFO - Processing /home/airflow/.local/lib/python3.7/site-packages/airflow/example_dags/example_dag_decorator.py took 0.344 seconds
[2021-11-15 07:31:29,970] {processor.py:163} INFO - Started process (PID=750) to work on /home/airflow/.local/lib/python3.7/site-packages/airflow/example_dags/example_dag_decorator.py
[2021-11-15 07:31:29,971] {processor.py:620} INFO - Processing file /home/airflow/.local/lib/python3.7/site-packages/airflow/example_dags/example_dag_decorator.py for tasks to queue
[2021-11-15 07:31:29,972] {logging_mixin.py:109} INFO - [2021-11-15 07:31:29,971] {dagbag.py:500} INFO - Filling up the DagBag from /home/airflow/.local/lib/python3.7/site-packages/airflow/example_dags/example_dag_decorator.py
[2021-11-15 07:31:30,006] {processor.py:632} INFO - DAG(s) dict_keys(['example_dag_decorator']) retrieved from /home/airflow/.local/lib/python3.7/site-packages/airflow/example_dags/example_dag_decorator.py
[2021-11-15 07:31:30,247] {logging_mixin.py:109} INFO - [2021-11-15 07:31:30,247] {dag.py:2389} INFO - Sync 1 DAGs
[2021-11-15 07:31:30,258] {logging_mixin.py:109} INFO - [2021-11-15 07:31:30,258] {dag.py:2921} INFO - Setting next_dagrun for example_dag_decorator to None
[2021-11-15 07:31:30,266] {processor.py:171} INFO - Processing /home/airflow/.local/lib/python3.7/site-packages/airflow/example_dags/example_dag_decorator.py took 0.300 seconds
[2021-11-15 07:32:00,324] {processor.py:163} INFO - Started process (PID=800) to work on /home/airflow/.local/lib/python3.7/site-packages/airflow/example_dags/example_dag_decorator.py
[2021-11-15 07:32:00,326] {processor.py:620} INFO - Processing file /home/airflow/.local/lib/python3.7/site-packages/airflow/example_dags/example_dag_decorator.py for tasks to queue
[2021-11-15 07:32:00,326] {logging_mixin.py:109} INFO - [2021-11-15 07:32:00,326] {dagbag.py:500} INFO - Filling up the DagBag from /home/airflow/.local/lib/python3.7/site-packages/airflow/example_dags/example_dag_decorator.py
[2021-11-15 07:32:00,354] {processor.py:632} INFO - DAG(s) dict_keys(['example_dag_decorator']) retrieved from /home/airflow/.local/lib/python3.7/site-packages/airflow/example_dags/example_dag_decorator.py
[2021-11-15 07:32:00,611] {logging_mixin.py:109} INFO - [2021-11-15 07:32:00,611] {dag.py:2389} INFO - Sync 1 DAGs
[2021-11-15 07:32:00,623] {logging_mixin.py:109} INFO - [2021-11-15 07:32:00,623] {dag.py:2921} INFO - Setting next_dagrun for example_dag_decorator to None
[2021-11-15 07:32:00,634] {processor.py:171} INFO - Processing /home/airflow/.local/lib/python3.7/site-packages/airflow/example_dags/example_dag_decorator.py took 0.314 seconds
[2021-11-15 07:32:30,785] {processor.py:163} INFO - Started process (PID=857) to work on /home/airflow/.local/lib/python3.7/site-packages/airflow/example_dags/example_dag_decorator.py
[2021-11-15 07:32:30,788] {processor.py:620} INFO - Processing file /home/airflow/.local/lib/python3.7/site-packages/airflow/example_dags/example_dag_decorator.py for tasks to queue
[2021-11-15 07:32:30,789] {logging_mixin.py:109} INFO - [2021-11-15 07:32:30,789] {dagbag.py:500} INFO - Filling up the DagBag from /home/airflow/.local/lib/python3.7/site-packages/airflow/example_dags/example_dag_decorator.py
[2021-11-15 07:32:30,834] {processor.py:632} INFO - DAG(s) dict_keys(['example_dag_decorator']) retrieved from /home/airflow/.local/lib/python3.7/site-packages/airflow/example_dags/example_dag_decorator.py
[2021-11-15 07:32:31,110] {logging_mixin.py:109} INFO - [2021-11-15 07:32:31,110] {dag.py:2389} INFO - Sync 1 DAGs
[2021-11-15 07:32:31,122] {logging_mixin.py:109} INFO - [2021-11-15 07:32:31,122] {dag.py:2921} INFO - Setting next_dagrun for example_dag_decorator to None
[2021-11-15 07:32:31,131] {processor.py:171} INFO - Processing /home/airflow/.local/lib/python3.7/site-packages/airflow/example_dags/example_dag_decorator.py took 0.355 seconds
[2021-11-15 07:33:01,251] {processor.py:163} INFO - Started process (PID=906) to work on /home/airflow/.local/lib/python3.7/site-packages/airflow/example_dags/example_dag_decorator.py
[2021-11-15 07:33:01,252] {processor.py:620} INFO - Processing file /home/airflow/.local/lib/python3.7/site-packages/airflow/example_dags/example_dag_decorator.py for tasks to queue
[2021-11-15 07:33:01,252] {logging_mixin.py:109} INFO - [2021-11-15 07:33:01,252] {dagbag.py:500} INFO - Filling up the DagBag from /home/airflow/.local/lib/python3.7/site-packages/airflow/example_dags/example_dag_decorator.py
[2021-11-15 07:33:01,322] {processor.py:632} INFO - DAG(s) dict_keys(['example_dag_decorator']) retrieved from /home/airflow/.local/lib/python3.7/site-packages/airflow/example_dags/example_dag_decorator.py
[2021-11-15 07:33:01,622] {logging_mixin.py:109} INFO - [2021-11-15 07:33:01,622] {dag.py:2389} INFO - Sync 1 DAGs
[2021-11-15 07:33:01,634] {logging_mixin.py:109} INFO - [2021-11-15 07:33:01,634] {dag.py:2921} INFO - Setting next_dagrun for example_dag_decorator to None
[2021-11-15 07:33:01,644] {processor.py:171} INFO - Processing /home/airflow/.local/lib/python3.7/site-packages/airflow/example_dags/example_dag_decorator.py took 0.397 seconds
[2021-11-15 07:33:31,706] {processor.py:163} INFO - Started process (PID=966) to work on /home/airflow/.local/lib/python3.7/site-packages/airflow/example_dags/example_dag_decorator.py
[2021-11-15 07:33:31,707] {processor.py:620} INFO - Processing file /home/airflow/.local/lib/python3.7/site-packages/airflow/example_dags/example_dag_decorator.py for tasks to queue
[2021-11-15 07:33:31,707] {logging_mixin.py:109} INFO - [2021-11-15 07:33:31,707] {dagbag.py:500} INFO - Filling up the DagBag from /home/airflow/.local/lib/python3.7/site-packages/airflow/example_dags/example_dag_decorator.py
[2021-11-15 07:33:31,735] {processor.py:632} INFO - DAG(s) dict_keys(['example_dag_decorator']) retrieved from /home/airflow/.local/lib/python3.7/site-packages/airflow/example_dags/example_dag_decorator.py
[2021-11-15 07:33:31,979] {logging_mixin.py:109} INFO - [2021-11-15 07:33:31,979] {dag.py:2389} INFO - Sync 1 DAGs
[2021-11-15 07:33:31,992] {logging_mixin.py:109} INFO - [2021-11-15 07:33:31,992] {dag.py:2921} INFO - Setting next_dagrun for example_dag_decorator to None
[2021-11-15 07:33:32,002] {processor.py:171} INFO - Processing /home/airflow/.local/lib/python3.7/site-packages/airflow/example_dags/example_dag_decorator.py took 0.298 seconds
[2021-11-15 07:34:02,223] {processor.py:163} INFO - Started process (PID=1015) to work on /home/airflow/.local/lib/python3.7/site-packages/airflow/example_dags/example_dag_decorator.py
[2021-11-15 07:34:02,226] {processor.py:620} INFO - Processing file /home/airflow/.local/lib/python3.7/site-packages/airflow/example_dags/example_dag_decorator.py for tasks to queue
[2021-11-15 07:34:02,227] {logging_mixin.py:109} INFO - [2021-11-15 07:34:02,227] {dagbag.py:500} INFO - Filling up the DagBag from /home/airflow/.local/lib/python3.7/site-packages/airflow/example_dags/example_dag_decorator.py
[2021-11-15 07:34:02,273] {processor.py:632} INFO - DAG(s) dict_keys(['example_dag_decorator']) retrieved from /home/airflow/.local/lib/python3.7/site-packages/airflow/example_dags/example_dag_decorator.py
[2021-11-15 07:34:02,586] {logging_mixin.py:109} INFO - [2021-11-15 07:34:02,586] {dag.py:2389} INFO - Sync 1 DAGs
[2021-11-15 07:34:02,598] {logging_mixin.py:109} INFO - [2021-11-15 07:34:02,598] {dag.py:2921} INFO - Setting next_dagrun for example_dag_decorator to None
[2021-11-15 07:34:02,609] {processor.py:171} INFO - Processing /home/airflow/.local/lib/python3.7/site-packages/airflow/example_dags/example_dag_decorator.py took 0.396 seconds
[2021-11-15 07:34:32,724] {processor.py:163} INFO - Started process (PID=1074) to work on /home/airflow/.local/lib/python3.7/site-packages/airflow/example_dags/example_dag_decorator.py
[2021-11-15 07:34:32,726] {processor.py:620} INFO - Processing file /home/airflow/.local/lib/python3.7/site-packages/airflow/example_dags/example_dag_decorator.py for tasks to queue
[2021-11-15 07:34:32,726] {logging_mixin.py:109} INFO - [2021-11-15 07:34:32,726] {dagbag.py:500} INFO - Filling up the DagBag from /home/airflow/.local/lib/python3.7/site-packages/airflow/example_dags/example_dag_decorator.py
[2021-11-15 07:34:32,758] {processor.py:632} INFO - DAG(s) dict_keys(['example_dag_decorator']) retrieved from /home/airflow/.local/lib/python3.7/site-packages/airflow/example_dags/example_dag_decorator.py
[2021-11-15 07:34:33,024] {logging_mixin.py:109} INFO - [2021-11-15 07:34:33,024] {dag.py:2389} INFO - Sync 1 DAGs
[2021-11-15 07:34:33,038] {logging_mixin.py:109} INFO - [2021-11-15 07:34:33,037] {dag.py:2921} INFO - Setting next_dagrun for example_dag_decorator to None
[2021-11-15 07:34:33,049] {processor.py:171} INFO - Processing /home/airflow/.local/lib/python3.7/site-packages/airflow/example_dags/example_dag_decorator.py took 0.328 seconds
[2021-11-15 07:35:03,287] {processor.py:163} INFO - Started process (PID=1123) to work on /home/airflow/.local/lib/python3.7/site-packages/airflow/example_dags/example_dag_decorator.py
[2021-11-15 07:35:03,288] {processor.py:620} INFO - Processing file /home/airflow/.local/lib/python3.7/site-packages/airflow/example_dags/example_dag_decorator.py for tasks to queue
[2021-11-15 07:35:03,289] {logging_mixin.py:109} INFO - [2021-11-15 07:35:03,289] {dagbag.py:500} INFO - Filling up the DagBag from /home/airflow/.local/lib/python3.7/site-packages/airflow/example_dags/example_dag_decorator.py
[2021-11-15 07:35:03,334] {processor.py:632} INFO - DAG(s) dict_keys(['example_dag_decorator']) retrieved from /home/airflow/.local/lib/python3.7/site-packages/airflow/example_dags/example_dag_decorator.py
[2021-11-15 07:35:03,624] {logging_mixin.py:109} INFO - [2021-11-15 07:35:03,623] {dag.py:2389} INFO - Sync 1 DAGs
[2021-11-15 07:35:03,636] {logging_mixin.py:109} INFO - [2021-11-15 07:35:03,636] {dag.py:2921} INFO - Setting next_dagrun for example_dag_decorator to None
[2021-11-15 07:35:03,645] {processor.py:171} INFO - Processing /home/airflow/.local/lib/python3.7/site-packages/airflow/example_dags/example_dag_decorator.py took 0.366 seconds
[2021-11-15 07:35:33,742] {processor.py:163} INFO - Started process (PID=1180) to work on /home/airflow/.local/lib/python3.7/site-packages/airflow/example_dags/example_dag_decorator.py
[2021-11-15 07:35:33,744] {processor.py:620} INFO - Processing file /home/airflow/.local/lib/python3.7/site-packages/airflow/example_dags/example_dag_decorator.py for tasks to queue
[2021-11-15 07:35:33,745] {logging_mixin.py:109} INFO - [2021-11-15 07:35:33,744] {dagbag.py:500} INFO - Filling up the DagBag from /home/airflow/.local/lib/python3.7/site-packages/airflow/example_dags/example_dag_decorator.py
[2021-11-15 07:35:33,778] {processor.py:632} INFO - DAG(s) dict_keys(['example_dag_decorator']) retrieved from /home/airflow/.local/lib/python3.7/site-packages/airflow/example_dags/example_dag_decorator.py
[2021-11-15 07:35:34,044] {logging_mixin.py:109} INFO - [2021-11-15 07:35:34,044] {dag.py:2389} INFO - Sync 1 DAGs
[2021-11-15 07:35:34,057] {logging_mixin.py:109} INFO - [2021-11-15 07:35:34,057] {dag.py:2921} INFO - Setting next_dagrun for example_dag_decorator to None
[2021-11-15 07:35:34,067] {processor.py:171} INFO - Processing /home/airflow/.local/lib/python3.7/site-packages/airflow/example_dags/example_dag_decorator.py took 0.328 seconds
[2021-11-15 07:36:04,193] {processor.py:163} INFO - Started process (PID=1229) to work on /home/airflow/.local/lib/python3.7/site-packages/airflow/example_dags/example_dag_decorator.py
[2021-11-15 07:36:04,195] {processor.py:620} INFO - Processing file /home/airflow/.local/lib/python3.7/site-packages/airflow/example_dags/example_dag_decorator.py for tasks to queue
[2021-11-15 07:36:04,196] {logging_mixin.py:109} INFO - [2021-11-15 07:36:04,196] {dagbag.py:500} INFO - Filling up the DagBag from /home/airflow/.local/lib/python3.7/site-packages/airflow/example_dags/example_dag_decorator.py
[2021-11-15 07:36:04,238] {processor.py:632} INFO - DAG(s) dict_keys(['example_dag_decorator']) retrieved from /home/airflow/.local/lib/python3.7/site-packages/airflow/example_dags/example_dag_decorator.py
[2021-11-15 07:36:04,567] {logging_mixin.py:109} INFO - [2021-11-15 07:36:04,567] {dag.py:2389} INFO - Sync 1 DAGs
[2021-11-15 07:36:04,582] {logging_mixin.py:109} INFO - [2021-11-15 07:36:04,582] {dag.py:2921} INFO - Setting next_dagrun for example_dag_decorator to None
[2021-11-15 07:36:04,593] {processor.py:171} INFO - Processing /home/airflow/.local/lib/python3.7/site-packages/airflow/example_dags/example_dag_decorator.py took 0.405 seconds
[2021-11-15 07:36:34,842] {processor.py:163} INFO - Started process (PID=1279) to work on /home/airflow/.local/lib/python3.7/site-packages/airflow/example_dags/example_dag_decorator.py
[2021-11-15 07:36:34,843] {processor.py:620} INFO - Processing file /home/airflow/.local/lib/python3.7/site-packages/airflow/example_dags/example_dag_decorator.py for tasks to queue
[2021-11-15 07:36:34,844] {logging_mixin.py:109} INFO - [2021-11-15 07:36:34,844] {dagbag.py:500} INFO - Filling up the DagBag from /home/airflow/.local/lib/python3.7/site-packages/airflow/example_dags/example_dag_decorator.py
[2021-11-15 07:36:34,877] {processor.py:632} INFO - DAG(s) dict_keys(['example_dag_decorator']) retrieved from /home/airflow/.local/lib/python3.7/site-packages/airflow/example_dags/example_dag_decorator.py
[2021-11-15 07:36:35,175] {logging_mixin.py:109} INFO - [2021-11-15 07:36:35,175] {dag.py:2389} INFO - Sync 1 DAGs
[2021-11-15 07:36:35,190] {logging_mixin.py:109} INFO - [2021-11-15 07:36:35,190] {dag.py:2921} INFO - Setting next_dagrun for example_dag_decorator to None
[2021-11-15 07:36:35,202] {processor.py:171} INFO - Processing /home/airflow/.local/lib/python3.7/site-packages/airflow/example_dags/example_dag_decorator.py took 0.363 seconds
[2021-11-15 07:37:05,970] {processor.py:163} INFO - Started process (PID=1337) to work on /home/airflow/.local/lib/python3.7/site-packages/airflow/example_dags/example_dag_decorator.py
[2021-11-15 07:37:05,973] {processor.py:620} INFO - Processing file /home/airflow/.local/lib/python3.7/site-packages/airflow/example_dags/example_dag_decorator.py for tasks to queue
[2021-11-15 07:37:05,975] {logging_mixin.py:109} INFO - [2021-11-15 07:37:05,975] {dagbag.py:500} INFO - Filling up the DagBag from /home/airflow/.local/lib/python3.7/site-packages/airflow/example_dags/example_dag_decorator.py
[2021-11-15 07:37:06,014] {processor.py:632} INFO - DAG(s) dict_keys(['example_dag_decorator']) retrieved from /home/airflow/.local/lib/python3.7/site-packages/airflow/example_dags/example_dag_decorator.py
[2021-11-15 07:37:06,313] {logging_mixin.py:109} INFO - [2021-11-15 07:37:06,313] {dag.py:2389} INFO - Sync 1 DAGs
[2021-11-15 07:37:06,327] {logging_mixin.py:109} INFO - [2021-11-15 07:37:06,327] {dag.py:2921} INFO - Setting next_dagrun for example_dag_decorator to None
[2021-11-15 07:37:06,339] {processor.py:171} INFO - Processing /home/airflow/.local/lib/python3.7/site-packages/airflow/example_dags/example_dag_decorator.py took 0.378 seconds
[2021-11-15 07:37:37,176] {processor.py:163} INFO - Started process (PID=1387) to work on /home/airflow/.local/lib/python3.7/site-packages/airflow/example_dags/example_dag_decorator.py
[2021-11-15 07:37:37,178] {processor.py:620} INFO - Processing file /home/airflow/.local/lib/python3.7/site-packages/airflow/example_dags/example_dag_decorator.py for tasks to queue
[2021-11-15 07:37:37,179] {logging_mixin.py:109} INFO - [2021-11-15 07:37:37,178] {dagbag.py:500} INFO - Filling up the DagBag from /home/airflow/.local/lib/python3.7/site-packages/airflow/example_dags/example_dag_decorator.py
[2021-11-15 07:37:37,211] {processor.py:632} INFO - DAG(s) dict_keys(['example_dag_decorator']) retrieved from /home/airflow/.local/lib/python3.7/site-packages/airflow/example_dags/example_dag_decorator.py
[2021-11-15 07:37:37,578] {logging_mixin.py:109} INFO - [2021-11-15 07:37:37,577] {dag.py:2389} INFO - Sync 1 DAGs
[2021-11-15 07:37:37,594] {logging_mixin.py:109} INFO - [2021-11-15 07:37:37,594] {dag.py:2921} INFO - Setting next_dagrun for example_dag_decorator to None
[2021-11-15 07:37:37,607] {processor.py:171} INFO - Processing /home/airflow/.local/lib/python3.7/site-packages/airflow/example_dags/example_dag_decorator.py took 0.433 seconds
[2021-11-15 07:38:08,348] {processor.py:163} INFO - Started process (PID=1445) to work on /home/airflow/.local/lib/python3.7/site-packages/airflow/example_dags/example_dag_decorator.py
[2021-11-15 07:38:08,353] {processor.py:620} INFO - Processing file /home/airflow/.local/lib/python3.7/site-packages/airflow/example_dags/example_dag_decorator.py for tasks to queue
[2021-11-15 07:38:08,354] {logging_mixin.py:109} INFO - [2021-11-15 07:38:08,354] {dagbag.py:500} INFO - Filling up the DagBag from /home/airflow/.local/lib/python3.7/site-packages/airflow/example_dags/example_dag_decorator.py
[2021-11-15 07:38:08,395] {processor.py:632} INFO - DAG(s) dict_keys(['example_dag_decorator']) retrieved from /home/airflow/.local/lib/python3.7/site-packages/airflow/example_dags/example_dag_decorator.py
[2021-11-15 07:38:08,673] {logging_mixin.py:109} INFO - [2021-11-15 07:38:08,673] {dag.py:2389} INFO - Sync 1 DAGs
[2021-11-15 07:38:08,684] {logging_mixin.py:109} INFO - [2021-11-15 07:38:08,684] {dag.py:2921} INFO - Setting next_dagrun for example_dag_decorator to None
[2021-11-15 07:38:08,693] {processor.py:171} INFO - Processing /home/airflow/.local/lib/python3.7/site-packages/airflow/example_dags/example_dag_decorator.py took 0.355 seconds
