[2021-11-15 07:27:41,159] {processor.py:163} INFO - Started process (PID=333) to work on /home/airflow/.local/lib/python3.7/site-packages/airflow/example_dags/example_latest_only_with_trigger.py
[2021-11-15 07:27:41,160] {processor.py:620} INFO - Processing file /home/airflow/.local/lib/python3.7/site-packages/airflow/example_dags/example_latest_only_with_trigger.py for tasks to queue
[2021-11-15 07:27:41,160] {logging_mixin.py:109} INFO - [2021-11-15 07:27:41,160] {dagbag.py:500} INFO - Filling up the DagBag from /home/airflow/.local/lib/python3.7/site-packages/airflow/example_dags/example_latest_only_with_trigger.py
[2021-11-15 07:27:41,187] {processor.py:632} INFO - DAG(s) dict_keys(['latest_only_with_trigger']) retrieved from /home/airflow/.local/lib/python3.7/site-packages/airflow/example_dags/example_latest_only_with_trigger.py
[2021-11-15 07:27:43,097] {logging_mixin.py:109} INFO - [2021-11-15 07:27:43,097] {providers_manager.py:156} WARNING - Exception when importing 'airflow.providers.google.leveldb.hooks.leveldb.LevelDBHook' from 'apache-airflow-providers-google' package: No module named 'plyvel'
[2021-11-15 07:27:43,525] {logging_mixin.py:109} INFO - [2021-11-15 07:27:43,524] {providers_manager.py:156} WARNING - Exception when importing 'airflow.providers.google.leveldb.hooks.leveldb.LevelDBHook' from 'apache-airflow-providers-google' package: No module named 'plyvel'
[2021-11-15 07:27:43,543] {logging_mixin.py:109} INFO - [2021-11-15 07:27:43,543] {manager.py:496} INFO - Created Permission View: can edit on DAG:latest_only_with_trigger
[2021-11-15 07:27:43,552] {logging_mixin.py:109} INFO - [2021-11-15 07:27:43,551] {manager.py:496} INFO - Created Permission View: can read on DAG:latest_only_with_trigger
[2021-11-15 07:27:43,552] {logging_mixin.py:109} INFO - [2021-11-15 07:27:43,552] {dag.py:2389} INFO - Sync 1 DAGs
[2021-11-15 07:27:43,559] {logging_mixin.py:109} INFO - [2021-11-15 07:27:43,558] {dag.py:2408} INFO - Creating ORM DAG for latest_only_with_trigger
[2021-11-15 07:27:43,566] {logging_mixin.py:109} INFO - [2021-11-15 07:27:43,566] {dag.py:2921} INFO - Setting next_dagrun for latest_only_with_trigger to 2021-11-15T03:27:43.566206+00:00
[2021-11-15 07:27:43,577] {processor.py:171} INFO - Processing /home/airflow/.local/lib/python3.7/site-packages/airflow/example_dags/example_latest_only_with_trigger.py took 2.422 seconds
[2021-11-15 07:28:14,511] {processor.py:163} INFO - Started process (PID=410) to work on /home/airflow/.local/lib/python3.7/site-packages/airflow/example_dags/example_latest_only_with_trigger.py
[2021-11-15 07:28:14,513] {processor.py:620} INFO - Processing file /home/airflow/.local/lib/python3.7/site-packages/airflow/example_dags/example_latest_only_with_trigger.py for tasks to queue
[2021-11-15 07:28:14,514] {logging_mixin.py:109} INFO - [2021-11-15 07:28:14,514] {dagbag.py:500} INFO - Filling up the DagBag from /home/airflow/.local/lib/python3.7/site-packages/airflow/example_dags/example_latest_only_with_trigger.py
[2021-11-15 07:28:14,555] {processor.py:632} INFO - DAG(s) dict_keys(['latest_only_with_trigger']) retrieved from /home/airflow/.local/lib/python3.7/site-packages/airflow/example_dags/example_latest_only_with_trigger.py
[2021-11-15 07:28:14,568] {logging_mixin.py:109} INFO - [2021-11-15 07:28:14,568] {dag.py:2389} INFO - Sync 1 DAGs
[2021-11-15 07:28:14,584] {logging_mixin.py:109} INFO - [2021-11-15 07:28:14,584] {dag.py:2921} INFO - Setting next_dagrun for latest_only_with_trigger to 2021-11-15T03:28:14.584179+00:00
[2021-11-15 07:28:14,594] {processor.py:171} INFO - Processing /home/airflow/.local/lib/python3.7/site-packages/airflow/example_dags/example_latest_only_with_trigger.py took 0.085 seconds
[2021-11-15 07:28:44,668] {processor.py:163} INFO - Started process (PID=460) to work on /home/airflow/.local/lib/python3.7/site-packages/airflow/example_dags/example_latest_only_with_trigger.py
[2021-11-15 07:28:44,670] {processor.py:620} INFO - Processing file /home/airflow/.local/lib/python3.7/site-packages/airflow/example_dags/example_latest_only_with_trigger.py for tasks to queue
[2021-11-15 07:28:44,671] {logging_mixin.py:109} INFO - [2021-11-15 07:28:44,671] {dagbag.py:500} INFO - Filling up the DagBag from /home/airflow/.local/lib/python3.7/site-packages/airflow/example_dags/example_latest_only_with_trigger.py
[2021-11-15 07:28:44,700] {processor.py:632} INFO - DAG(s) dict_keys(['latest_only_with_trigger']) retrieved from /home/airflow/.local/lib/python3.7/site-packages/airflow/example_dags/example_latest_only_with_trigger.py
[2021-11-15 07:28:44,711] {logging_mixin.py:109} INFO - [2021-11-15 07:28:44,710] {dag.py:2389} INFO - Sync 1 DAGs
[2021-11-15 07:28:44,733] {logging_mixin.py:109} INFO - [2021-11-15 07:28:44,733] {dag.py:2921} INFO - Setting next_dagrun for latest_only_with_trigger to 2021-11-15T03:28:44.733408+00:00
[2021-11-15 07:28:44,746] {processor.py:171} INFO - Processing /home/airflow/.local/lib/python3.7/site-packages/airflow/example_dags/example_latest_only_with_trigger.py took 0.081 seconds
[2021-11-15 07:29:14,796] {processor.py:163} INFO - Started process (PID=518) to work on /home/airflow/.local/lib/python3.7/site-packages/airflow/example_dags/example_latest_only_with_trigger.py
[2021-11-15 07:29:14,798] {processor.py:620} INFO - Processing file /home/airflow/.local/lib/python3.7/site-packages/airflow/example_dags/example_latest_only_with_trigger.py for tasks to queue
[2021-11-15 07:29:14,798] {logging_mixin.py:109} INFO - [2021-11-15 07:29:14,798] {dagbag.py:500} INFO - Filling up the DagBag from /home/airflow/.local/lib/python3.7/site-packages/airflow/example_dags/example_latest_only_with_trigger.py
[2021-11-15 07:29:14,821] {processor.py:632} INFO - DAG(s) dict_keys(['latest_only_with_trigger']) retrieved from /home/airflow/.local/lib/python3.7/site-packages/airflow/example_dags/example_latest_only_with_trigger.py
[2021-11-15 07:29:14,830] {logging_mixin.py:109} INFO - [2021-11-15 07:29:14,830] {dag.py:2389} INFO - Sync 1 DAGs
[2021-11-15 07:29:14,844] {logging_mixin.py:109} INFO - [2021-11-15 07:29:14,844] {dag.py:2921} INFO - Setting next_dagrun for latest_only_with_trigger to 2021-11-15T03:29:14.843919+00:00
[2021-11-15 07:29:14,853] {processor.py:171} INFO - Processing /home/airflow/.local/lib/python3.7/site-packages/airflow/example_dags/example_latest_only_with_trigger.py took 0.059 seconds
[2021-11-15 07:29:45,728] {processor.py:163} INFO - Started process (PID=567) to work on /home/airflow/.local/lib/python3.7/site-packages/airflow/example_dags/example_latest_only_with_trigger.py
[2021-11-15 07:29:45,729] {processor.py:620} INFO - Processing file /home/airflow/.local/lib/python3.7/site-packages/airflow/example_dags/example_latest_only_with_trigger.py for tasks to queue
[2021-11-15 07:29:45,729] {logging_mixin.py:109} INFO - [2021-11-15 07:29:45,729] {dagbag.py:500} INFO - Filling up the DagBag from /home/airflow/.local/lib/python3.7/site-packages/airflow/example_dags/example_latest_only_with_trigger.py
[2021-11-15 07:29:45,759] {processor.py:632} INFO - DAG(s) dict_keys(['latest_only_with_trigger']) retrieved from /home/airflow/.local/lib/python3.7/site-packages/airflow/example_dags/example_latest_only_with_trigger.py
[2021-11-15 07:29:45,770] {logging_mixin.py:109} INFO - [2021-11-15 07:29:45,770] {dag.py:2389} INFO - Sync 1 DAGs
[2021-11-15 07:29:45,787] {logging_mixin.py:109} INFO - [2021-11-15 07:29:45,787] {dag.py:2921} INFO - Setting next_dagrun for latest_only_with_trigger to 2021-11-15T03:29:45.787010+00:00
[2021-11-15 07:29:45,797] {processor.py:171} INFO - Processing /home/airflow/.local/lib/python3.7/site-packages/airflow/example_dags/example_latest_only_with_trigger.py took 0.072 seconds
[2021-11-15 07:30:16,530] {processor.py:163} INFO - Started process (PID=624) to work on /home/airflow/.local/lib/python3.7/site-packages/airflow/example_dags/example_latest_only_with_trigger.py
[2021-11-15 07:30:16,532] {processor.py:620} INFO - Processing file /home/airflow/.local/lib/python3.7/site-packages/airflow/example_dags/example_latest_only_with_trigger.py for tasks to queue
[2021-11-15 07:30:16,532] {logging_mixin.py:109} INFO - [2021-11-15 07:30:16,532] {dagbag.py:500} INFO - Filling up the DagBag from /home/airflow/.local/lib/python3.7/site-packages/airflow/example_dags/example_latest_only_with_trigger.py
[2021-11-15 07:30:16,556] {processor.py:632} INFO - DAG(s) dict_keys(['latest_only_with_trigger']) retrieved from /home/airflow/.local/lib/python3.7/site-packages/airflow/example_dags/example_latest_only_with_trigger.py
[2021-11-15 07:30:16,565] {logging_mixin.py:109} INFO - [2021-11-15 07:30:16,565] {dag.py:2389} INFO - Sync 1 DAGs
[2021-11-15 07:30:16,581] {logging_mixin.py:109} INFO - [2021-11-15 07:30:16,581] {dag.py:2921} INFO - Setting next_dagrun for latest_only_with_trigger to 2021-11-15T03:30:16.580931+00:00
[2021-11-15 07:30:16,591] {processor.py:171} INFO - Processing /home/airflow/.local/lib/python3.7/site-packages/airflow/example_dags/example_latest_only_with_trigger.py took 0.063 seconds
[2021-11-15 07:30:47,002] {processor.py:163} INFO - Started process (PID=674) to work on /home/airflow/.local/lib/python3.7/site-packages/airflow/example_dags/example_latest_only_with_trigger.py
[2021-11-15 07:30:47,003] {processor.py:620} INFO - Processing file /home/airflow/.local/lib/python3.7/site-packages/airflow/example_dags/example_latest_only_with_trigger.py for tasks to queue
[2021-11-15 07:30:47,004] {logging_mixin.py:109} INFO - [2021-11-15 07:30:47,004] {dagbag.py:500} INFO - Filling up the DagBag from /home/airflow/.local/lib/python3.7/site-packages/airflow/example_dags/example_latest_only_with_trigger.py
[2021-11-15 07:30:47,028] {processor.py:632} INFO - DAG(s) dict_keys(['latest_only_with_trigger']) retrieved from /home/airflow/.local/lib/python3.7/site-packages/airflow/example_dags/example_latest_only_with_trigger.py
[2021-11-15 07:30:47,038] {logging_mixin.py:109} INFO - [2021-11-15 07:30:47,038] {dag.py:2389} INFO - Sync 1 DAGs
[2021-11-15 07:30:47,056] {logging_mixin.py:109} INFO - [2021-11-15 07:30:47,056] {dag.py:2921} INFO - Setting next_dagrun for latest_only_with_trigger to 2021-11-15T03:30:47.055788+00:00
[2021-11-15 07:30:47,066] {processor.py:171} INFO - Processing /home/airflow/.local/lib/python3.7/site-packages/airflow/example_dags/example_latest_only_with_trigger.py took 0.067 seconds
[2021-11-15 07:31:17,445] {processor.py:163} INFO - Started process (PID=731) to work on /home/airflow/.local/lib/python3.7/site-packages/airflow/example_dags/example_latest_only_with_trigger.py
[2021-11-15 07:31:17,446] {processor.py:620} INFO - Processing file /home/airflow/.local/lib/python3.7/site-packages/airflow/example_dags/example_latest_only_with_trigger.py for tasks to queue
[2021-11-15 07:31:17,447] {logging_mixin.py:109} INFO - [2021-11-15 07:31:17,447] {dagbag.py:500} INFO - Filling up the DagBag from /home/airflow/.local/lib/python3.7/site-packages/airflow/example_dags/example_latest_only_with_trigger.py
[2021-11-15 07:31:17,468] {processor.py:632} INFO - DAG(s) dict_keys(['latest_only_with_trigger']) retrieved from /home/airflow/.local/lib/python3.7/site-packages/airflow/example_dags/example_latest_only_with_trigger.py
[2021-11-15 07:31:17,479] {logging_mixin.py:109} INFO - [2021-11-15 07:31:17,479] {dag.py:2389} INFO - Sync 1 DAGs
[2021-11-15 07:31:17,500] {logging_mixin.py:109} INFO - [2021-11-15 07:31:17,500] {dag.py:2921} INFO - Setting next_dagrun for latest_only_with_trigger to 2021-11-15T03:31:17.500119+00:00
[2021-11-15 07:31:17,513] {processor.py:171} INFO - Processing /home/airflow/.local/lib/python3.7/site-packages/airflow/example_dags/example_latest_only_with_trigger.py took 0.070 seconds
[2021-11-15 07:31:47,821] {processor.py:163} INFO - Started process (PID=782) to work on /home/airflow/.local/lib/python3.7/site-packages/airflow/example_dags/example_latest_only_with_trigger.py
[2021-11-15 07:31:47,823] {processor.py:620} INFO - Processing file /home/airflow/.local/lib/python3.7/site-packages/airflow/example_dags/example_latest_only_with_trigger.py for tasks to queue
[2021-11-15 07:31:47,823] {logging_mixin.py:109} INFO - [2021-11-15 07:31:47,823] {dagbag.py:500} INFO - Filling up the DagBag from /home/airflow/.local/lib/python3.7/site-packages/airflow/example_dags/example_latest_only_with_trigger.py
[2021-11-15 07:31:47,851] {processor.py:632} INFO - DAG(s) dict_keys(['latest_only_with_trigger']) retrieved from /home/airflow/.local/lib/python3.7/site-packages/airflow/example_dags/example_latest_only_with_trigger.py
[2021-11-15 07:31:47,864] {logging_mixin.py:109} INFO - [2021-11-15 07:31:47,864] {dag.py:2389} INFO - Sync 1 DAGs
[2021-11-15 07:31:47,880] {logging_mixin.py:109} INFO - [2021-11-15 07:31:47,880] {dag.py:2921} INFO - Setting next_dagrun for latest_only_with_trigger to 2021-11-15T03:31:47.880328+00:00
[2021-11-15 07:31:47,890] {processor.py:171} INFO - Processing /home/airflow/.local/lib/python3.7/site-packages/airflow/example_dags/example_latest_only_with_trigger.py took 0.072 seconds
[2021-11-15 07:32:18,293] {processor.py:163} INFO - Started process (PID=839) to work on /home/airflow/.local/lib/python3.7/site-packages/airflow/example_dags/example_latest_only_with_trigger.py
[2021-11-15 07:32:18,295] {processor.py:620} INFO - Processing file /home/airflow/.local/lib/python3.7/site-packages/airflow/example_dags/example_latest_only_with_trigger.py for tasks to queue
[2021-11-15 07:32:18,295] {logging_mixin.py:109} INFO - [2021-11-15 07:32:18,295] {dagbag.py:500} INFO - Filling up the DagBag from /home/airflow/.local/lib/python3.7/site-packages/airflow/example_dags/example_latest_only_with_trigger.py
[2021-11-15 07:32:18,323] {processor.py:632} INFO - DAG(s) dict_keys(['latest_only_with_trigger']) retrieved from /home/airflow/.local/lib/python3.7/site-packages/airflow/example_dags/example_latest_only_with_trigger.py
[2021-11-15 07:32:18,333] {logging_mixin.py:109} INFO - [2021-11-15 07:32:18,333] {dag.py:2389} INFO - Sync 1 DAGs
[2021-11-15 07:32:18,348] {logging_mixin.py:109} INFO - [2021-11-15 07:32:18,348] {dag.py:2921} INFO - Setting next_dagrun for latest_only_with_trigger to 2021-11-15T03:32:18.348047+00:00
[2021-11-15 07:32:18,357] {processor.py:171} INFO - Processing /home/airflow/.local/lib/python3.7/site-packages/airflow/example_dags/example_latest_only_with_trigger.py took 0.067 seconds
[2021-11-15 07:32:48,753] {processor.py:163} INFO - Started process (PID=888) to work on /home/airflow/.local/lib/python3.7/site-packages/airflow/example_dags/example_latest_only_with_trigger.py
[2021-11-15 07:32:48,754] {processor.py:620} INFO - Processing file /home/airflow/.local/lib/python3.7/site-packages/airflow/example_dags/example_latest_only_with_trigger.py for tasks to queue
[2021-11-15 07:32:48,754] {logging_mixin.py:109} INFO - [2021-11-15 07:32:48,754] {dagbag.py:500} INFO - Filling up the DagBag from /home/airflow/.local/lib/python3.7/site-packages/airflow/example_dags/example_latest_only_with_trigger.py
[2021-11-15 07:32:48,775] {processor.py:632} INFO - DAG(s) dict_keys(['latest_only_with_trigger']) retrieved from /home/airflow/.local/lib/python3.7/site-packages/airflow/example_dags/example_latest_only_with_trigger.py
[2021-11-15 07:32:48,785] {logging_mixin.py:109} INFO - [2021-11-15 07:32:48,785] {dag.py:2389} INFO - Sync 1 DAGs
[2021-11-15 07:32:48,800] {logging_mixin.py:109} INFO - [2021-11-15 07:32:48,800] {dag.py:2921} INFO - Setting next_dagrun for latest_only_with_trigger to 2021-11-15T03:32:48.800505+00:00
[2021-11-15 07:32:48,810] {processor.py:171} INFO - Processing /home/airflow/.local/lib/python3.7/site-packages/airflow/example_dags/example_latest_only_with_trigger.py took 0.059 seconds
[2021-11-15 07:33:19,211] {processor.py:163} INFO - Started process (PID=948) to work on /home/airflow/.local/lib/python3.7/site-packages/airflow/example_dags/example_latest_only_with_trigger.py
[2021-11-15 07:33:19,212] {processor.py:620} INFO - Processing file /home/airflow/.local/lib/python3.7/site-packages/airflow/example_dags/example_latest_only_with_trigger.py for tasks to queue
[2021-11-15 07:33:19,213] {logging_mixin.py:109} INFO - [2021-11-15 07:33:19,212] {dagbag.py:500} INFO - Filling up the DagBag from /home/airflow/.local/lib/python3.7/site-packages/airflow/example_dags/example_latest_only_with_trigger.py
[2021-11-15 07:33:19,236] {processor.py:632} INFO - DAG(s) dict_keys(['latest_only_with_trigger']) retrieved from /home/airflow/.local/lib/python3.7/site-packages/airflow/example_dags/example_latest_only_with_trigger.py
[2021-11-15 07:33:19,247] {logging_mixin.py:109} INFO - [2021-11-15 07:33:19,247] {dag.py:2389} INFO - Sync 1 DAGs
[2021-11-15 07:33:19,262] {logging_mixin.py:109} INFO - [2021-11-15 07:33:19,262] {dag.py:2921} INFO - Setting next_dagrun for latest_only_with_trigger to 2021-11-15T03:33:19.262368+00:00
[2021-11-15 07:33:19,272] {processor.py:171} INFO - Processing /home/airflow/.local/lib/python3.7/site-packages/airflow/example_dags/example_latest_only_with_trigger.py took 0.063 seconds
[2021-11-15 07:33:49,668] {processor.py:163} INFO - Started process (PID=997) to work on /home/airflow/.local/lib/python3.7/site-packages/airflow/example_dags/example_latest_only_with_trigger.py
[2021-11-15 07:33:49,670] {processor.py:620} INFO - Processing file /home/airflow/.local/lib/python3.7/site-packages/airflow/example_dags/example_latest_only_with_trigger.py for tasks to queue
[2021-11-15 07:33:49,671] {logging_mixin.py:109} INFO - [2021-11-15 07:33:49,671] {dagbag.py:500} INFO - Filling up the DagBag from /home/airflow/.local/lib/python3.7/site-packages/airflow/example_dags/example_latest_only_with_trigger.py
[2021-11-15 07:33:49,700] {processor.py:632} INFO - DAG(s) dict_keys(['latest_only_with_trigger']) retrieved from /home/airflow/.local/lib/python3.7/site-packages/airflow/example_dags/example_latest_only_with_trigger.py
[2021-11-15 07:33:49,711] {logging_mixin.py:109} INFO - [2021-11-15 07:33:49,710] {dag.py:2389} INFO - Sync 1 DAGs
[2021-11-15 07:33:49,726] {logging_mixin.py:109} INFO - [2021-11-15 07:33:49,726] {dag.py:2921} INFO - Setting next_dagrun for latest_only_with_trigger to 2021-11-15T03:33:49.726332+00:00
[2021-11-15 07:33:49,736] {processor.py:171} INFO - Processing /home/airflow/.local/lib/python3.7/site-packages/airflow/example_dags/example_latest_only_with_trigger.py took 0.074 seconds
[2021-11-15 07:34:20,235] {processor.py:163} INFO - Started process (PID=1056) to work on /home/airflow/.local/lib/python3.7/site-packages/airflow/example_dags/example_latest_only_with_trigger.py
[2021-11-15 07:34:20,236] {processor.py:620} INFO - Processing file /home/airflow/.local/lib/python3.7/site-packages/airflow/example_dags/example_latest_only_with_trigger.py for tasks to queue
[2021-11-15 07:34:20,237] {logging_mixin.py:109} INFO - [2021-11-15 07:34:20,237] {dagbag.py:500} INFO - Filling up the DagBag from /home/airflow/.local/lib/python3.7/site-packages/airflow/example_dags/example_latest_only_with_trigger.py
[2021-11-15 07:34:20,256] {processor.py:632} INFO - DAG(s) dict_keys(['latest_only_with_trigger']) retrieved from /home/airflow/.local/lib/python3.7/site-packages/airflow/example_dags/example_latest_only_with_trigger.py
[2021-11-15 07:34:20,264] {logging_mixin.py:109} INFO - [2021-11-15 07:34:20,264] {dag.py:2389} INFO - Sync 1 DAGs
[2021-11-15 07:34:20,279] {logging_mixin.py:109} INFO - [2021-11-15 07:34:20,278] {dag.py:2921} INFO - Setting next_dagrun for latest_only_with_trigger to 2021-11-15T03:34:20.278721+00:00
[2021-11-15 07:34:20,287] {processor.py:171} INFO - Processing /home/airflow/.local/lib/python3.7/site-packages/airflow/example_dags/example_latest_only_with_trigger.py took 0.054 seconds
[2021-11-15 07:34:50,804] {processor.py:163} INFO - Started process (PID=1105) to work on /home/airflow/.local/lib/python3.7/site-packages/airflow/example_dags/example_latest_only_with_trigger.py
[2021-11-15 07:34:50,805] {processor.py:620} INFO - Processing file /home/airflow/.local/lib/python3.7/site-packages/airflow/example_dags/example_latest_only_with_trigger.py for tasks to queue
[2021-11-15 07:34:50,805] {logging_mixin.py:109} INFO - [2021-11-15 07:34:50,805] {dagbag.py:500} INFO - Filling up the DagBag from /home/airflow/.local/lib/python3.7/site-packages/airflow/example_dags/example_latest_only_with_trigger.py
[2021-11-15 07:34:50,828] {processor.py:632} INFO - DAG(s) dict_keys(['latest_only_with_trigger']) retrieved from /home/airflow/.local/lib/python3.7/site-packages/airflow/example_dags/example_latest_only_with_trigger.py
[2021-11-15 07:34:50,837] {logging_mixin.py:109} INFO - [2021-11-15 07:34:50,837] {dag.py:2389} INFO - Sync 1 DAGs
[2021-11-15 07:34:50,852] {logging_mixin.py:109} INFO - [2021-11-15 07:34:50,852] {dag.py:2921} INFO - Setting next_dagrun for latest_only_with_trigger to 2021-11-15T03:34:50.852262+00:00
[2021-11-15 07:34:50,861] {processor.py:171} INFO - Processing /home/airflow/.local/lib/python3.7/site-packages/airflow/example_dags/example_latest_only_with_trigger.py took 0.060 seconds
[2021-11-15 07:35:21,301] {processor.py:163} INFO - Started process (PID=1162) to work on /home/airflow/.local/lib/python3.7/site-packages/airflow/example_dags/example_latest_only_with_trigger.py
[2021-11-15 07:35:21,303] {processor.py:620} INFO - Processing file /home/airflow/.local/lib/python3.7/site-packages/airflow/example_dags/example_latest_only_with_trigger.py for tasks to queue
[2021-11-15 07:35:21,303] {logging_mixin.py:109} INFO - [2021-11-15 07:35:21,303] {dagbag.py:500} INFO - Filling up the DagBag from /home/airflow/.local/lib/python3.7/site-packages/airflow/example_dags/example_latest_only_with_trigger.py
[2021-11-15 07:35:21,324] {processor.py:632} INFO - DAG(s) dict_keys(['latest_only_with_trigger']) retrieved from /home/airflow/.local/lib/python3.7/site-packages/airflow/example_dags/example_latest_only_with_trigger.py
[2021-11-15 07:35:21,334] {logging_mixin.py:109} INFO - [2021-11-15 07:35:21,333] {dag.py:2389} INFO - Sync 1 DAGs
[2021-11-15 07:35:21,348] {logging_mixin.py:109} INFO - [2021-11-15 07:35:21,348] {dag.py:2921} INFO - Setting next_dagrun for latest_only_with_trigger to 2021-11-15T03:35:21.348616+00:00
[2021-11-15 07:35:21,357] {processor.py:171} INFO - Processing /home/airflow/.local/lib/python3.7/site-packages/airflow/example_dags/example_latest_only_with_trigger.py took 0.058 seconds
[2021-11-15 07:35:51,741] {processor.py:163} INFO - Started process (PID=1211) to work on /home/airflow/.local/lib/python3.7/site-packages/airflow/example_dags/example_latest_only_with_trigger.py
[2021-11-15 07:35:51,743] {processor.py:620} INFO - Processing file /home/airflow/.local/lib/python3.7/site-packages/airflow/example_dags/example_latest_only_with_trigger.py for tasks to queue
[2021-11-15 07:35:51,743] {logging_mixin.py:109} INFO - [2021-11-15 07:35:51,743] {dagbag.py:500} INFO - Filling up the DagBag from /home/airflow/.local/lib/python3.7/site-packages/airflow/example_dags/example_latest_only_with_trigger.py
[2021-11-15 07:35:51,768] {processor.py:632} INFO - DAG(s) dict_keys(['latest_only_with_trigger']) retrieved from /home/airflow/.local/lib/python3.7/site-packages/airflow/example_dags/example_latest_only_with_trigger.py
[2021-11-15 07:35:51,778] {logging_mixin.py:109} INFO - [2021-11-15 07:35:51,778] {dag.py:2389} INFO - Sync 1 DAGs
[2021-11-15 07:35:51,793] {logging_mixin.py:109} INFO - [2021-11-15 07:35:51,793] {dag.py:2921} INFO - Setting next_dagrun for latest_only_with_trigger to 2021-11-15T03:35:51.793574+00:00
[2021-11-15 07:35:51,802] {processor.py:171} INFO - Processing /home/airflow/.local/lib/python3.7/site-packages/airflow/example_dags/example_latest_only_with_trigger.py took 0.065 seconds
[2021-11-15 07:36:22,323] {processor.py:163} INFO - Started process (PID=1261) to work on /home/airflow/.local/lib/python3.7/site-packages/airflow/example_dags/example_latest_only_with_trigger.py
[2021-11-15 07:36:22,325] {processor.py:620} INFO - Processing file /home/airflow/.local/lib/python3.7/site-packages/airflow/example_dags/example_latest_only_with_trigger.py for tasks to queue
[2021-11-15 07:36:22,326] {logging_mixin.py:109} INFO - [2021-11-15 07:36:22,325] {dagbag.py:500} INFO - Filling up the DagBag from /home/airflow/.local/lib/python3.7/site-packages/airflow/example_dags/example_latest_only_with_trigger.py
[2021-11-15 07:36:22,353] {processor.py:632} INFO - DAG(s) dict_keys(['latest_only_with_trigger']) retrieved from /home/airflow/.local/lib/python3.7/site-packages/airflow/example_dags/example_latest_only_with_trigger.py
[2021-11-15 07:36:22,365] {logging_mixin.py:109} INFO - [2021-11-15 07:36:22,365] {dag.py:2389} INFO - Sync 1 DAGs
[2021-11-15 07:36:22,380] {logging_mixin.py:109} INFO - [2021-11-15 07:36:22,380] {dag.py:2921} INFO - Setting next_dagrun for latest_only_with_trigger to 2021-11-15T03:36:22.380423+00:00
[2021-11-15 07:36:22,389] {processor.py:171} INFO - Processing /home/airflow/.local/lib/python3.7/site-packages/airflow/example_dags/example_latest_only_with_trigger.py took 0.069 seconds
[2021-11-15 07:36:52,836] {processor.py:163} INFO - Started process (PID=1318) to work on /home/airflow/.local/lib/python3.7/site-packages/airflow/example_dags/example_latest_only_with_trigger.py
[2021-11-15 07:36:52,838] {processor.py:620} INFO - Processing file /home/airflow/.local/lib/python3.7/site-packages/airflow/example_dags/example_latest_only_with_trigger.py for tasks to queue
[2021-11-15 07:36:52,839] {logging_mixin.py:109} INFO - [2021-11-15 07:36:52,838] {dagbag.py:500} INFO - Filling up the DagBag from /home/airflow/.local/lib/python3.7/site-packages/airflow/example_dags/example_latest_only_with_trigger.py
[2021-11-15 07:36:52,878] {processor.py:632} INFO - DAG(s) dict_keys(['latest_only_with_trigger']) retrieved from /home/airflow/.local/lib/python3.7/site-packages/airflow/example_dags/example_latest_only_with_trigger.py
[2021-11-15 07:36:52,890] {logging_mixin.py:109} INFO - [2021-11-15 07:36:52,889] {dag.py:2389} INFO - Sync 1 DAGs
[2021-11-15 07:36:52,910] {logging_mixin.py:109} INFO - [2021-11-15 07:36:52,910] {dag.py:2921} INFO - Setting next_dagrun for latest_only_with_trigger to 2021-11-15T03:36:52.910186+00:00
[2021-11-15 07:36:52,921] {processor.py:171} INFO - Processing /home/airflow/.local/lib/python3.7/site-packages/airflow/example_dags/example_latest_only_with_trigger.py took 0.090 seconds
[2021-11-15 07:37:23,139] {processor.py:163} INFO - Started process (PID=1367) to work on /home/airflow/.local/lib/python3.7/site-packages/airflow/example_dags/example_latest_only_with_trigger.py
[2021-11-15 07:37:23,140] {processor.py:620} INFO - Processing file /home/airflow/.local/lib/python3.7/site-packages/airflow/example_dags/example_latest_only_with_trigger.py for tasks to queue
[2021-11-15 07:37:23,141] {logging_mixin.py:109} INFO - [2021-11-15 07:37:23,141] {dagbag.py:500} INFO - Filling up the DagBag from /home/airflow/.local/lib/python3.7/site-packages/airflow/example_dags/example_latest_only_with_trigger.py
[2021-11-15 07:37:23,167] {processor.py:632} INFO - DAG(s) dict_keys(['latest_only_with_trigger']) retrieved from /home/airflow/.local/lib/python3.7/site-packages/airflow/example_dags/example_latest_only_with_trigger.py
[2021-11-15 07:37:23,180] {logging_mixin.py:109} INFO - [2021-11-15 07:37:23,180] {dag.py:2389} INFO - Sync 1 DAGs
[2021-11-15 07:37:23,201] {logging_mixin.py:109} INFO - [2021-11-15 07:37:23,201] {dag.py:2921} INFO - Setting next_dagrun for latest_only_with_trigger to 2021-11-15T03:37:23.200931+00:00
[2021-11-15 07:37:23,211] {processor.py:171} INFO - Processing /home/airflow/.local/lib/python3.7/site-packages/airflow/example_dags/example_latest_only_with_trigger.py took 0.075 seconds
[2021-11-15 07:37:53,547] {processor.py:163} INFO - Started process (PID=1425) to work on /home/airflow/.local/lib/python3.7/site-packages/airflow/example_dags/example_latest_only_with_trigger.py
[2021-11-15 07:37:53,550] {processor.py:620} INFO - Processing file /home/airflow/.local/lib/python3.7/site-packages/airflow/example_dags/example_latest_only_with_trigger.py for tasks to queue
[2021-11-15 07:37:53,552] {logging_mixin.py:109} INFO - [2021-11-15 07:37:53,552] {dagbag.py:500} INFO - Filling up the DagBag from /home/airflow/.local/lib/python3.7/site-packages/airflow/example_dags/example_latest_only_with_trigger.py
[2021-11-15 07:37:53,590] {processor.py:632} INFO - DAG(s) dict_keys(['latest_only_with_trigger']) retrieved from /home/airflow/.local/lib/python3.7/site-packages/airflow/example_dags/example_latest_only_with_trigger.py
[2021-11-15 07:37:53,600] {logging_mixin.py:109} INFO - [2021-11-15 07:37:53,599] {dag.py:2389} INFO - Sync 1 DAGs
[2021-11-15 07:37:53,615] {logging_mixin.py:109} INFO - [2021-11-15 07:37:53,615] {dag.py:2921} INFO - Setting next_dagrun for latest_only_with_trigger to 2021-11-15T03:37:53.614910+00:00
[2021-11-15 07:37:53,624] {processor.py:171} INFO - Processing /home/airflow/.local/lib/python3.7/site-packages/airflow/example_dags/example_latest_only_with_trigger.py took 0.085 seconds
