[2021-11-15 07:27:36,238] {processor.py:163} INFO - Started process (PID=297) to work on /home/airflow/.local/lib/python3.7/site-packages/airflow/example_dags/example_trigger_controller_dag.py
[2021-11-15 07:27:36,239] {processor.py:620} INFO - Processing file /home/airflow/.local/lib/python3.7/site-packages/airflow/example_dags/example_trigger_controller_dag.py for tasks to queue
[2021-11-15 07:27:36,240] {logging_mixin.py:109} INFO - [2021-11-15 07:27:36,240] {dagbag.py:500} INFO - Filling up the DagBag from /home/airflow/.local/lib/python3.7/site-packages/airflow/example_dags/example_trigger_controller_dag.py
[2021-11-15 07:27:36,265] {processor.py:632} INFO - DAG(s) dict_keys(['example_trigger_controller_dag']) retrieved from /home/airflow/.local/lib/python3.7/site-packages/airflow/example_dags/example_trigger_controller_dag.py
[2021-11-15 07:27:38,024] {logging_mixin.py:109} INFO - [2021-11-15 07:27:38,023] {providers_manager.py:156} WARNING - Exception when importing 'airflow.providers.google.leveldb.hooks.leveldb.LevelDBHook' from 'apache-airflow-providers-google' package: No module named 'plyvel'
[2021-11-15 07:27:38,487] {logging_mixin.py:109} INFO - [2021-11-15 07:27:38,487] {providers_manager.py:156} WARNING - Exception when importing 'airflow.providers.google.leveldb.hooks.leveldb.LevelDBHook' from 'apache-airflow-providers-google' package: No module named 'plyvel'
[2021-11-15 07:27:38,509] {logging_mixin.py:109} INFO - [2021-11-15 07:27:38,509] {manager.py:496} INFO - Created Permission View: can edit on DAG:example_trigger_controller_dag
[2021-11-15 07:27:38,517] {logging_mixin.py:109} INFO - [2021-11-15 07:27:38,517] {manager.py:496} INFO - Created Permission View: can read on DAG:example_trigger_controller_dag
[2021-11-15 07:27:38,518] {logging_mixin.py:109} INFO - [2021-11-15 07:27:38,517] {dag.py:2389} INFO - Sync 1 DAGs
[2021-11-15 07:27:38,525] {logging_mixin.py:109} INFO - [2021-11-15 07:27:38,525] {dag.py:2408} INFO - Creating ORM DAG for example_trigger_controller_dag
[2021-11-15 07:27:38,537] {logging_mixin.py:109} INFO - [2021-11-15 07:27:38,536] {dag.py:2921} INFO - Setting next_dagrun for example_trigger_controller_dag to 2021-01-01T00:00:00+00:00
[2021-11-15 07:27:38,549] {processor.py:171} INFO - Processing /home/airflow/.local/lib/python3.7/site-packages/airflow/example_dags/example_trigger_controller_dag.py took 2.314 seconds
[2021-11-15 07:28:08,687] {processor.py:163} INFO - Started process (PID=393) to work on /home/airflow/.local/lib/python3.7/site-packages/airflow/example_dags/example_trigger_controller_dag.py
[2021-11-15 07:28:08,689] {processor.py:620} INFO - Processing file /home/airflow/.local/lib/python3.7/site-packages/airflow/example_dags/example_trigger_controller_dag.py for tasks to queue
[2021-11-15 07:28:08,690] {logging_mixin.py:109} INFO - [2021-11-15 07:28:08,690] {dagbag.py:500} INFO - Filling up the DagBag from /home/airflow/.local/lib/python3.7/site-packages/airflow/example_dags/example_trigger_controller_dag.py
[2021-11-15 07:28:08,715] {processor.py:632} INFO - DAG(s) dict_keys(['example_trigger_controller_dag']) retrieved from /home/airflow/.local/lib/python3.7/site-packages/airflow/example_dags/example_trigger_controller_dag.py
[2021-11-15 07:28:08,726] {logging_mixin.py:109} INFO - [2021-11-15 07:28:08,726] {dag.py:2389} INFO - Sync 1 DAGs
[2021-11-15 07:28:08,745] {logging_mixin.py:109} INFO - [2021-11-15 07:28:08,745] {dag.py:2921} INFO - Setting next_dagrun for example_trigger_controller_dag to 2021-01-01T00:00:00+00:00
[2021-11-15 07:28:08,754] {processor.py:171} INFO - Processing /home/airflow/.local/lib/python3.7/site-packages/airflow/example_dags/example_trigger_controller_dag.py took 0.070 seconds
[2021-11-15 07:28:38,848] {processor.py:163} INFO - Started process (PID=446) to work on /home/airflow/.local/lib/python3.7/site-packages/airflow/example_dags/example_trigger_controller_dag.py
[2021-11-15 07:28:38,849] {processor.py:620} INFO - Processing file /home/airflow/.local/lib/python3.7/site-packages/airflow/example_dags/example_trigger_controller_dag.py for tasks to queue
[2021-11-15 07:28:38,850] {logging_mixin.py:109} INFO - [2021-11-15 07:28:38,850] {dagbag.py:500} INFO - Filling up the DagBag from /home/airflow/.local/lib/python3.7/site-packages/airflow/example_dags/example_trigger_controller_dag.py
[2021-11-15 07:28:38,879] {processor.py:632} INFO - DAG(s) dict_keys(['example_trigger_controller_dag']) retrieved from /home/airflow/.local/lib/python3.7/site-packages/airflow/example_dags/example_trigger_controller_dag.py
[2021-11-15 07:28:38,889] {logging_mixin.py:109} INFO - [2021-11-15 07:28:38,889] {dag.py:2389} INFO - Sync 1 DAGs
[2021-11-15 07:28:38,906] {logging_mixin.py:109} INFO - [2021-11-15 07:28:38,906] {dag.py:2921} INFO - Setting next_dagrun for example_trigger_controller_dag to 2021-01-01T00:00:00+00:00
[2021-11-15 07:28:38,915] {processor.py:171} INFO - Processing /home/airflow/.local/lib/python3.7/site-packages/airflow/example_dags/example_trigger_controller_dag.py took 0.071 seconds
[2021-11-15 07:29:09,028] {processor.py:163} INFO - Started process (PID=496) to work on /home/airflow/.local/lib/python3.7/site-packages/airflow/example_dags/example_trigger_controller_dag.py
[2021-11-15 07:29:09,030] {processor.py:620} INFO - Processing file /home/airflow/.local/lib/python3.7/site-packages/airflow/example_dags/example_trigger_controller_dag.py for tasks to queue
[2021-11-15 07:29:09,030] {logging_mixin.py:109} INFO - [2021-11-15 07:29:09,030] {dagbag.py:500} INFO - Filling up the DagBag from /home/airflow/.local/lib/python3.7/site-packages/airflow/example_dags/example_trigger_controller_dag.py
[2021-11-15 07:29:09,058] {processor.py:632} INFO - DAG(s) dict_keys(['example_trigger_controller_dag']) retrieved from /home/airflow/.local/lib/python3.7/site-packages/airflow/example_dags/example_trigger_controller_dag.py
[2021-11-15 07:29:09,068] {logging_mixin.py:109} INFO - [2021-11-15 07:29:09,068] {dag.py:2389} INFO - Sync 1 DAGs
[2021-11-15 07:29:09,086] {logging_mixin.py:109} INFO - [2021-11-15 07:29:09,086] {dag.py:2921} INFO - Setting next_dagrun for example_trigger_controller_dag to 2021-01-01T00:00:00+00:00
[2021-11-15 07:29:09,095] {processor.py:171} INFO - Processing /home/airflow/.local/lib/python3.7/site-packages/airflow/example_dags/example_trigger_controller_dag.py took 0.070 seconds
[2021-11-15 07:29:39,137] {processor.py:163} INFO - Started process (PID=553) to work on /home/airflow/.local/lib/python3.7/site-packages/airflow/example_dags/example_trigger_controller_dag.py
[2021-11-15 07:29:39,140] {processor.py:620} INFO - Processing file /home/airflow/.local/lib/python3.7/site-packages/airflow/example_dags/example_trigger_controller_dag.py for tasks to queue
[2021-11-15 07:29:39,142] {logging_mixin.py:109} INFO - [2021-11-15 07:29:39,142] {dagbag.py:500} INFO - Filling up the DagBag from /home/airflow/.local/lib/python3.7/site-packages/airflow/example_dags/example_trigger_controller_dag.py
[2021-11-15 07:29:39,173] {processor.py:632} INFO - DAG(s) dict_keys(['example_trigger_controller_dag']) retrieved from /home/airflow/.local/lib/python3.7/site-packages/airflow/example_dags/example_trigger_controller_dag.py
[2021-11-15 07:29:39,182] {logging_mixin.py:109} INFO - [2021-11-15 07:29:39,182] {dag.py:2389} INFO - Sync 1 DAGs
[2021-11-15 07:29:39,197] {logging_mixin.py:109} INFO - [2021-11-15 07:29:39,197] {dag.py:2921} INFO - Setting next_dagrun for example_trigger_controller_dag to 2021-01-01T00:00:00+00:00
[2021-11-15 07:29:39,205] {processor.py:171} INFO - Processing /home/airflow/.local/lib/python3.7/site-packages/airflow/example_dags/example_trigger_controller_dag.py took 0.076 seconds
[2021-11-15 07:30:09,988] {processor.py:163} INFO - Started process (PID=602) to work on /home/airflow/.local/lib/python3.7/site-packages/airflow/example_dags/example_trigger_controller_dag.py
[2021-11-15 07:30:09,989] {processor.py:620} INFO - Processing file /home/airflow/.local/lib/python3.7/site-packages/airflow/example_dags/example_trigger_controller_dag.py for tasks to queue
[2021-11-15 07:30:09,990] {logging_mixin.py:109} INFO - [2021-11-15 07:30:09,990] {dagbag.py:500} INFO - Filling up the DagBag from /home/airflow/.local/lib/python3.7/site-packages/airflow/example_dags/example_trigger_controller_dag.py
[2021-11-15 07:30:10,010] {processor.py:632} INFO - DAG(s) dict_keys(['example_trigger_controller_dag']) retrieved from /home/airflow/.local/lib/python3.7/site-packages/airflow/example_dags/example_trigger_controller_dag.py
[2021-11-15 07:30:10,020] {logging_mixin.py:109} INFO - [2021-11-15 07:30:10,019] {dag.py:2389} INFO - Sync 1 DAGs
[2021-11-15 07:30:10,039] {logging_mixin.py:109} INFO - [2021-11-15 07:30:10,039] {dag.py:2921} INFO - Setting next_dagrun for example_trigger_controller_dag to 2021-01-01T00:00:00+00:00
[2021-11-15 07:30:10,049] {processor.py:171} INFO - Processing /home/airflow/.local/lib/python3.7/site-packages/airflow/example_dags/example_trigger_controller_dag.py took 0.063 seconds
[2021-11-15 07:30:40,417] {processor.py:163} INFO - Started process (PID=660) to work on /home/airflow/.local/lib/python3.7/site-packages/airflow/example_dags/example_trigger_controller_dag.py
[2021-11-15 07:30:40,419] {processor.py:620} INFO - Processing file /home/airflow/.local/lib/python3.7/site-packages/airflow/example_dags/example_trigger_controller_dag.py for tasks to queue
[2021-11-15 07:30:40,419] {logging_mixin.py:109} INFO - [2021-11-15 07:30:40,419] {dagbag.py:500} INFO - Filling up the DagBag from /home/airflow/.local/lib/python3.7/site-packages/airflow/example_dags/example_trigger_controller_dag.py
[2021-11-15 07:30:40,444] {processor.py:632} INFO - DAG(s) dict_keys(['example_trigger_controller_dag']) retrieved from /home/airflow/.local/lib/python3.7/site-packages/airflow/example_dags/example_trigger_controller_dag.py
[2021-11-15 07:30:40,454] {logging_mixin.py:109} INFO - [2021-11-15 07:30:40,454] {dag.py:2389} INFO - Sync 1 DAGs
[2021-11-15 07:30:40,470] {logging_mixin.py:109} INFO - [2021-11-15 07:30:40,470] {dag.py:2921} INFO - Setting next_dagrun for example_trigger_controller_dag to 2021-01-01T00:00:00+00:00
[2021-11-15 07:30:40,479] {processor.py:171} INFO - Processing /home/airflow/.local/lib/python3.7/site-packages/airflow/example_dags/example_trigger_controller_dag.py took 0.065 seconds
[2021-11-15 07:31:10,841] {processor.py:163} INFO - Started process (PID=709) to work on /home/airflow/.local/lib/python3.7/site-packages/airflow/example_dags/example_trigger_controller_dag.py
[2021-11-15 07:31:10,842] {processor.py:620} INFO - Processing file /home/airflow/.local/lib/python3.7/site-packages/airflow/example_dags/example_trigger_controller_dag.py for tasks to queue
[2021-11-15 07:31:10,843] {logging_mixin.py:109} INFO - [2021-11-15 07:31:10,843] {dagbag.py:500} INFO - Filling up the DagBag from /home/airflow/.local/lib/python3.7/site-packages/airflow/example_dags/example_trigger_controller_dag.py
[2021-11-15 07:31:10,871] {processor.py:632} INFO - DAG(s) dict_keys(['example_trigger_controller_dag']) retrieved from /home/airflow/.local/lib/python3.7/site-packages/airflow/example_dags/example_trigger_controller_dag.py
[2021-11-15 07:31:10,881] {logging_mixin.py:109} INFO - [2021-11-15 07:31:10,881] {dag.py:2389} INFO - Sync 1 DAGs
[2021-11-15 07:31:10,897] {logging_mixin.py:109} INFO - [2021-11-15 07:31:10,897] {dag.py:2921} INFO - Setting next_dagrun for example_trigger_controller_dag to 2021-01-01T00:00:00+00:00
[2021-11-15 07:31:10,906] {processor.py:171} INFO - Processing /home/airflow/.local/lib/python3.7/site-packages/airflow/example_dags/example_trigger_controller_dag.py took 0.069 seconds
[2021-11-15 07:31:41,406] {processor.py:163} INFO - Started process (PID=768) to work on /home/airflow/.local/lib/python3.7/site-packages/airflow/example_dags/example_trigger_controller_dag.py
[2021-11-15 07:31:41,407] {processor.py:620} INFO - Processing file /home/airflow/.local/lib/python3.7/site-packages/airflow/example_dags/example_trigger_controller_dag.py for tasks to queue
[2021-11-15 07:31:41,407] {logging_mixin.py:109} INFO - [2021-11-15 07:31:41,407] {dagbag.py:500} INFO - Filling up the DagBag from /home/airflow/.local/lib/python3.7/site-packages/airflow/example_dags/example_trigger_controller_dag.py
[2021-11-15 07:31:41,431] {processor.py:632} INFO - DAG(s) dict_keys(['example_trigger_controller_dag']) retrieved from /home/airflow/.local/lib/python3.7/site-packages/airflow/example_dags/example_trigger_controller_dag.py
[2021-11-15 07:31:41,439] {logging_mixin.py:109} INFO - [2021-11-15 07:31:41,439] {dag.py:2389} INFO - Sync 1 DAGs
[2021-11-15 07:31:41,455] {logging_mixin.py:109} INFO - [2021-11-15 07:31:41,454] {dag.py:2921} INFO - Setting next_dagrun for example_trigger_controller_dag to 2021-01-01T00:00:00+00:00
[2021-11-15 07:31:41,463] {processor.py:171} INFO - Processing /home/airflow/.local/lib/python3.7/site-packages/airflow/example_dags/example_trigger_controller_dag.py took 0.061 seconds
[2021-11-15 07:32:11,635] {processor.py:163} INFO - Started process (PID=816) to work on /home/airflow/.local/lib/python3.7/site-packages/airflow/example_dags/example_trigger_controller_dag.py
[2021-11-15 07:32:11,636] {processor.py:620} INFO - Processing file /home/airflow/.local/lib/python3.7/site-packages/airflow/example_dags/example_trigger_controller_dag.py for tasks to queue
[2021-11-15 07:32:11,636] {logging_mixin.py:109} INFO - [2021-11-15 07:32:11,636] {dagbag.py:500} INFO - Filling up the DagBag from /home/airflow/.local/lib/python3.7/site-packages/airflow/example_dags/example_trigger_controller_dag.py
[2021-11-15 07:32:11,658] {processor.py:632} INFO - DAG(s) dict_keys(['example_trigger_controller_dag']) retrieved from /home/airflow/.local/lib/python3.7/site-packages/airflow/example_dags/example_trigger_controller_dag.py
[2021-11-15 07:32:11,667] {logging_mixin.py:109} INFO - [2021-11-15 07:32:11,667] {dag.py:2389} INFO - Sync 1 DAGs
[2021-11-15 07:32:11,683] {logging_mixin.py:109} INFO - [2021-11-15 07:32:11,683] {dag.py:2921} INFO - Setting next_dagrun for example_trigger_controller_dag to 2021-01-01T00:00:00+00:00
[2021-11-15 07:32:11,692] {processor.py:171} INFO - Processing /home/airflow/.local/lib/python3.7/site-packages/airflow/example_dags/example_trigger_controller_dag.py took 0.060 seconds
[2021-11-15 07:32:42,151] {processor.py:163} INFO - Started process (PID=873) to work on /home/airflow/.local/lib/python3.7/site-packages/airflow/example_dags/example_trigger_controller_dag.py
[2021-11-15 07:32:42,155] {processor.py:620} INFO - Processing file /home/airflow/.local/lib/python3.7/site-packages/airflow/example_dags/example_trigger_controller_dag.py for tasks to queue
[2021-11-15 07:32:42,156] {logging_mixin.py:109} INFO - [2021-11-15 07:32:42,156] {dagbag.py:500} INFO - Filling up the DagBag from /home/airflow/.local/lib/python3.7/site-packages/airflow/example_dags/example_trigger_controller_dag.py
[2021-11-15 07:32:42,191] {processor.py:632} INFO - DAG(s) dict_keys(['example_trigger_controller_dag']) retrieved from /home/airflow/.local/lib/python3.7/site-packages/airflow/example_dags/example_trigger_controller_dag.py
[2021-11-15 07:32:42,200] {logging_mixin.py:109} INFO - [2021-11-15 07:32:42,200] {dag.py:2389} INFO - Sync 1 DAGs
[2021-11-15 07:32:42,215] {logging_mixin.py:109} INFO - [2021-11-15 07:32:42,214] {dag.py:2921} INFO - Setting next_dagrun for example_trigger_controller_dag to 2021-01-01T00:00:00+00:00
[2021-11-15 07:32:42,224] {processor.py:171} INFO - Processing /home/airflow/.local/lib/python3.7/site-packages/airflow/example_dags/example_trigger_controller_dag.py took 0.080 seconds
[2021-11-15 07:33:12,700] {processor.py:163} INFO - Started process (PID=924) to work on /home/airflow/.local/lib/python3.7/site-packages/airflow/example_dags/example_trigger_controller_dag.py
[2021-11-15 07:33:12,704] {processor.py:620} INFO - Processing file /home/airflow/.local/lib/python3.7/site-packages/airflow/example_dags/example_trigger_controller_dag.py for tasks to queue
[2021-11-15 07:33:12,706] {logging_mixin.py:109} INFO - [2021-11-15 07:33:12,705] {dagbag.py:500} INFO - Filling up the DagBag from /home/airflow/.local/lib/python3.7/site-packages/airflow/example_dags/example_trigger_controller_dag.py
[2021-11-15 07:33:12,741] {processor.py:632} INFO - DAG(s) dict_keys(['example_trigger_controller_dag']) retrieved from /home/airflow/.local/lib/python3.7/site-packages/airflow/example_dags/example_trigger_controller_dag.py
[2021-11-15 07:33:12,751] {logging_mixin.py:109} INFO - [2021-11-15 07:33:12,751] {dag.py:2389} INFO - Sync 1 DAGs
[2021-11-15 07:33:12,767] {logging_mixin.py:109} INFO - [2021-11-15 07:33:12,767] {dag.py:2921} INFO - Setting next_dagrun for example_trigger_controller_dag to 2021-01-01T00:00:00+00:00
[2021-11-15 07:33:12,776] {processor.py:171} INFO - Processing /home/airflow/.local/lib/python3.7/site-packages/airflow/example_dags/example_trigger_controller_dag.py took 0.086 seconds
[2021-11-15 07:33:43,135] {processor.py:163} INFO - Started process (PID=982) to work on /home/airflow/.local/lib/python3.7/site-packages/airflow/example_dags/example_trigger_controller_dag.py
[2021-11-15 07:33:43,136] {processor.py:620} INFO - Processing file /home/airflow/.local/lib/python3.7/site-packages/airflow/example_dags/example_trigger_controller_dag.py for tasks to queue
[2021-11-15 07:33:43,137] {logging_mixin.py:109} INFO - [2021-11-15 07:33:43,137] {dagbag.py:500} INFO - Filling up the DagBag from /home/airflow/.local/lib/python3.7/site-packages/airflow/example_dags/example_trigger_controller_dag.py
[2021-11-15 07:33:43,157] {processor.py:632} INFO - DAG(s) dict_keys(['example_trigger_controller_dag']) retrieved from /home/airflow/.local/lib/python3.7/site-packages/airflow/example_dags/example_trigger_controller_dag.py
[2021-11-15 07:33:43,167] {logging_mixin.py:109} INFO - [2021-11-15 07:33:43,167] {dag.py:2389} INFO - Sync 1 DAGs
[2021-11-15 07:33:43,186] {logging_mixin.py:109} INFO - [2021-11-15 07:33:43,186] {dag.py:2921} INFO - Setting next_dagrun for example_trigger_controller_dag to 2021-01-01T00:00:00+00:00
[2021-11-15 07:33:43,196] {processor.py:171} INFO - Processing /home/airflow/.local/lib/python3.7/site-packages/airflow/example_dags/example_trigger_controller_dag.py took 0.064 seconds
[2021-11-15 07:34:13,699] {processor.py:163} INFO - Started process (PID=1031) to work on /home/airflow/.local/lib/python3.7/site-packages/airflow/example_dags/example_trigger_controller_dag.py
[2021-11-15 07:34:13,703] {processor.py:620} INFO - Processing file /home/airflow/.local/lib/python3.7/site-packages/airflow/example_dags/example_trigger_controller_dag.py for tasks to queue
[2021-11-15 07:34:13,704] {logging_mixin.py:109} INFO - [2021-11-15 07:34:13,704] {dagbag.py:500} INFO - Filling up the DagBag from /home/airflow/.local/lib/python3.7/site-packages/airflow/example_dags/example_trigger_controller_dag.py
[2021-11-15 07:34:13,737] {processor.py:632} INFO - DAG(s) dict_keys(['example_trigger_controller_dag']) retrieved from /home/airflow/.local/lib/python3.7/site-packages/airflow/example_dags/example_trigger_controller_dag.py
[2021-11-15 07:34:13,747] {logging_mixin.py:109} INFO - [2021-11-15 07:34:13,747] {dag.py:2389} INFO - Sync 1 DAGs
[2021-11-15 07:34:13,763] {logging_mixin.py:109} INFO - [2021-11-15 07:34:13,763] {dag.py:2921} INFO - Setting next_dagrun for example_trigger_controller_dag to 2021-01-01T00:00:00+00:00
[2021-11-15 07:34:13,772] {processor.py:171} INFO - Processing /home/airflow/.local/lib/python3.7/site-packages/airflow/example_dags/example_trigger_controller_dag.py took 0.083 seconds
[2021-11-15 07:34:44,152] {processor.py:163} INFO - Started process (PID=1090) to work on /home/airflow/.local/lib/python3.7/site-packages/airflow/example_dags/example_trigger_controller_dag.py
[2021-11-15 07:34:44,154] {processor.py:620} INFO - Processing file /home/airflow/.local/lib/python3.7/site-packages/airflow/example_dags/example_trigger_controller_dag.py for tasks to queue
[2021-11-15 07:34:44,154] {logging_mixin.py:109} INFO - [2021-11-15 07:34:44,154] {dagbag.py:500} INFO - Filling up the DagBag from /home/airflow/.local/lib/python3.7/site-packages/airflow/example_dags/example_trigger_controller_dag.py
[2021-11-15 07:34:44,178] {processor.py:632} INFO - DAG(s) dict_keys(['example_trigger_controller_dag']) retrieved from /home/airflow/.local/lib/python3.7/site-packages/airflow/example_dags/example_trigger_controller_dag.py
[2021-11-15 07:34:44,187] {logging_mixin.py:109} INFO - [2021-11-15 07:34:44,187] {dag.py:2389} INFO - Sync 1 DAGs
[2021-11-15 07:34:44,208] {logging_mixin.py:109} INFO - [2021-11-15 07:34:44,208] {dag.py:2921} INFO - Setting next_dagrun for example_trigger_controller_dag to 2021-01-01T00:00:00+00:00
[2021-11-15 07:34:44,217] {processor.py:171} INFO - Processing /home/airflow/.local/lib/python3.7/site-packages/airflow/example_dags/example_trigger_controller_dag.py took 0.069 seconds
[2021-11-15 07:35:14,753] {processor.py:163} INFO - Started process (PID=1139) to work on /home/airflow/.local/lib/python3.7/site-packages/airflow/example_dags/example_trigger_controller_dag.py
[2021-11-15 07:35:14,757] {processor.py:620} INFO - Processing file /home/airflow/.local/lib/python3.7/site-packages/airflow/example_dags/example_trigger_controller_dag.py for tasks to queue
[2021-11-15 07:35:14,758] {logging_mixin.py:109} INFO - [2021-11-15 07:35:14,758] {dagbag.py:500} INFO - Filling up the DagBag from /home/airflow/.local/lib/python3.7/site-packages/airflow/example_dags/example_trigger_controller_dag.py
[2021-11-15 07:35:14,784] {processor.py:632} INFO - DAG(s) dict_keys(['example_trigger_controller_dag']) retrieved from /home/airflow/.local/lib/python3.7/site-packages/airflow/example_dags/example_trigger_controller_dag.py
[2021-11-15 07:35:14,793] {logging_mixin.py:109} INFO - [2021-11-15 07:35:14,793] {dag.py:2389} INFO - Sync 1 DAGs
[2021-11-15 07:35:14,811] {logging_mixin.py:109} INFO - [2021-11-15 07:35:14,811] {dag.py:2921} INFO - Setting next_dagrun for example_trigger_controller_dag to 2021-01-01T00:00:00+00:00
[2021-11-15 07:35:14,823] {processor.py:171} INFO - Processing /home/airflow/.local/lib/python3.7/site-packages/airflow/example_dags/example_trigger_controller_dag.py took 0.073 seconds
[2021-11-15 07:35:45,177] {processor.py:163} INFO - Started process (PID=1188) to work on /home/airflow/.local/lib/python3.7/site-packages/airflow/example_dags/example_trigger_controller_dag.py
[2021-11-15 07:35:45,178] {processor.py:620} INFO - Processing file /home/airflow/.local/lib/python3.7/site-packages/airflow/example_dags/example_trigger_controller_dag.py for tasks to queue
[2021-11-15 07:35:45,179] {logging_mixin.py:109} INFO - [2021-11-15 07:35:45,179] {dagbag.py:500} INFO - Filling up the DagBag from /home/airflow/.local/lib/python3.7/site-packages/airflow/example_dags/example_trigger_controller_dag.py
[2021-11-15 07:35:45,199] {processor.py:632} INFO - DAG(s) dict_keys(['example_trigger_controller_dag']) retrieved from /home/airflow/.local/lib/python3.7/site-packages/airflow/example_dags/example_trigger_controller_dag.py
[2021-11-15 07:35:45,210] {logging_mixin.py:109} INFO - [2021-11-15 07:35:45,209] {dag.py:2389} INFO - Sync 1 DAGs
[2021-11-15 07:35:45,229] {logging_mixin.py:109} INFO - [2021-11-15 07:35:45,229] {dag.py:2921} INFO - Setting next_dagrun for example_trigger_controller_dag to 2021-01-01T00:00:00+00:00
[2021-11-15 07:35:45,239] {processor.py:171} INFO - Processing /home/airflow/.local/lib/python3.7/site-packages/airflow/example_dags/example_trigger_controller_dag.py took 0.064 seconds
[2021-11-15 07:36:15,709] {processor.py:163} INFO - Started process (PID=1246) to work on /home/airflow/.local/lib/python3.7/site-packages/airflow/example_dags/example_trigger_controller_dag.py
[2021-11-15 07:36:15,712] {processor.py:620} INFO - Processing file /home/airflow/.local/lib/python3.7/site-packages/airflow/example_dags/example_trigger_controller_dag.py for tasks to queue
[2021-11-15 07:36:15,714] {logging_mixin.py:109} INFO - [2021-11-15 07:36:15,714] {dagbag.py:500} INFO - Filling up the DagBag from /home/airflow/.local/lib/python3.7/site-packages/airflow/example_dags/example_trigger_controller_dag.py
[2021-11-15 07:36:15,748] {processor.py:632} INFO - DAG(s) dict_keys(['example_trigger_controller_dag']) retrieved from /home/airflow/.local/lib/python3.7/site-packages/airflow/example_dags/example_trigger_controller_dag.py
[2021-11-15 07:36:15,757] {logging_mixin.py:109} INFO - [2021-11-15 07:36:15,757] {dag.py:2389} INFO - Sync 1 DAGs
[2021-11-15 07:36:15,775] {logging_mixin.py:109} INFO - [2021-11-15 07:36:15,775] {dag.py:2921} INFO - Setting next_dagrun for example_trigger_controller_dag to 2021-01-01T00:00:00+00:00
[2021-11-15 07:36:15,785] {processor.py:171} INFO - Processing /home/airflow/.local/lib/python3.7/site-packages/airflow/example_dags/example_trigger_controller_dag.py took 0.085 seconds
[2021-11-15 07:36:46,291] {processor.py:163} INFO - Started process (PID=1295) to work on /home/airflow/.local/lib/python3.7/site-packages/airflow/example_dags/example_trigger_controller_dag.py
[2021-11-15 07:36:46,293] {processor.py:620} INFO - Processing file /home/airflow/.local/lib/python3.7/site-packages/airflow/example_dags/example_trigger_controller_dag.py for tasks to queue
[2021-11-15 07:36:46,293] {logging_mixin.py:109} INFO - [2021-11-15 07:36:46,293] {dagbag.py:500} INFO - Filling up the DagBag from /home/airflow/.local/lib/python3.7/site-packages/airflow/example_dags/example_trigger_controller_dag.py
[2021-11-15 07:36:46,315] {processor.py:632} INFO - DAG(s) dict_keys(['example_trigger_controller_dag']) retrieved from /home/airflow/.local/lib/python3.7/site-packages/airflow/example_dags/example_trigger_controller_dag.py
[2021-11-15 07:36:46,326] {logging_mixin.py:109} INFO - [2021-11-15 07:36:46,326] {dag.py:2389} INFO - Sync 1 DAGs
[2021-11-15 07:36:46,346] {logging_mixin.py:109} INFO - [2021-11-15 07:36:46,346] {dag.py:2921} INFO - Setting next_dagrun for example_trigger_controller_dag to 2021-01-01T00:00:00+00:00
[2021-11-15 07:36:46,355] {processor.py:171} INFO - Processing /home/airflow/.local/lib/python3.7/site-packages/airflow/example_dags/example_trigger_controller_dag.py took 0.067 seconds
[2021-11-15 07:37:16,619] {processor.py:163} INFO - Started process (PID=1353) to work on /home/airflow/.local/lib/python3.7/site-packages/airflow/example_dags/example_trigger_controller_dag.py
[2021-11-15 07:37:16,623] {processor.py:620} INFO - Processing file /home/airflow/.local/lib/python3.7/site-packages/airflow/example_dags/example_trigger_controller_dag.py for tasks to queue
[2021-11-15 07:37:16,625] {logging_mixin.py:109} INFO - [2021-11-15 07:37:16,625] {dagbag.py:500} INFO - Filling up the DagBag from /home/airflow/.local/lib/python3.7/site-packages/airflow/example_dags/example_trigger_controller_dag.py
[2021-11-15 07:37:16,661] {processor.py:632} INFO - DAG(s) dict_keys(['example_trigger_controller_dag']) retrieved from /home/airflow/.local/lib/python3.7/site-packages/airflow/example_dags/example_trigger_controller_dag.py
[2021-11-15 07:37:16,670] {logging_mixin.py:109} INFO - [2021-11-15 07:37:16,670] {dag.py:2389} INFO - Sync 1 DAGs
[2021-11-15 07:37:16,689] {logging_mixin.py:109} INFO - [2021-11-15 07:37:16,689] {dag.py:2921} INFO - Setting next_dagrun for example_trigger_controller_dag to 2021-01-01T00:00:00+00:00
[2021-11-15 07:37:16,698] {processor.py:171} INFO - Processing /home/airflow/.local/lib/python3.7/site-packages/airflow/example_dags/example_trigger_controller_dag.py took 0.088 seconds
[2021-11-15 07:37:46,900] {processor.py:163} INFO - Started process (PID=1403) to work on /home/airflow/.local/lib/python3.7/site-packages/airflow/example_dags/example_trigger_controller_dag.py
[2021-11-15 07:37:46,903] {processor.py:620} INFO - Processing file /home/airflow/.local/lib/python3.7/site-packages/airflow/example_dags/example_trigger_controller_dag.py for tasks to queue
[2021-11-15 07:37:46,904] {logging_mixin.py:109} INFO - [2021-11-15 07:37:46,904] {dagbag.py:500} INFO - Filling up the DagBag from /home/airflow/.local/lib/python3.7/site-packages/airflow/example_dags/example_trigger_controller_dag.py
[2021-11-15 07:37:46,933] {processor.py:632} INFO - DAG(s) dict_keys(['example_trigger_controller_dag']) retrieved from /home/airflow/.local/lib/python3.7/site-packages/airflow/example_dags/example_trigger_controller_dag.py
[2021-11-15 07:37:46,942] {logging_mixin.py:109} INFO - [2021-11-15 07:37:46,942] {dag.py:2389} INFO - Sync 1 DAGs
[2021-11-15 07:37:46,958] {logging_mixin.py:109} INFO - [2021-11-15 07:37:46,958] {dag.py:2921} INFO - Setting next_dagrun for example_trigger_controller_dag to 2021-01-01T00:00:00+00:00
[2021-11-15 07:37:46,967] {processor.py:171} INFO - Processing /home/airflow/.local/lib/python3.7/site-packages/airflow/example_dags/example_trigger_controller_dag.py took 0.075 seconds
[2021-11-15 07:38:17,275] {processor.py:163} INFO - Started process (PID=1462) to work on /home/airflow/.local/lib/python3.7/site-packages/airflow/example_dags/example_trigger_controller_dag.py
[2021-11-15 07:38:17,276] {processor.py:620} INFO - Processing file /home/airflow/.local/lib/python3.7/site-packages/airflow/example_dags/example_trigger_controller_dag.py for tasks to queue
[2021-11-15 07:38:17,277] {logging_mixin.py:109} INFO - [2021-11-15 07:38:17,277] {dagbag.py:500} INFO - Filling up the DagBag from /home/airflow/.local/lib/python3.7/site-packages/airflow/example_dags/example_trigger_controller_dag.py
[2021-11-15 07:38:17,300] {processor.py:632} INFO - DAG(s) dict_keys(['example_trigger_controller_dag']) retrieved from /home/airflow/.local/lib/python3.7/site-packages/airflow/example_dags/example_trigger_controller_dag.py
[2021-11-15 07:38:17,311] {logging_mixin.py:109} INFO - [2021-11-15 07:38:17,311] {dag.py:2389} INFO - Sync 1 DAGs
[2021-11-15 07:38:17,331] {logging_mixin.py:109} INFO - [2021-11-15 07:38:17,331] {dag.py:2921} INFO - Setting next_dagrun for example_trigger_controller_dag to 2021-01-01T00:00:00+00:00
[2021-11-15 07:38:17,342] {processor.py:171} INFO - Processing /home/airflow/.local/lib/python3.7/site-packages/airflow/example_dags/example_trigger_controller_dag.py took 0.070 seconds
