[2021-11-15 07:27:26,055] {processor.py:163} INFO - Started process (PID=216) to work on /home/airflow/.local/lib/python3.7/site-packages/airflow/example_dags/example_external_task_marker_dag.py
[2021-11-15 07:27:26,056] {processor.py:620} INFO - Processing file /home/airflow/.local/lib/python3.7/site-packages/airflow/example_dags/example_external_task_marker_dag.py for tasks to queue
[2021-11-15 07:27:26,057] {logging_mixin.py:109} INFO - [2021-11-15 07:27:26,057] {dagbag.py:500} INFO - Filling up the DagBag from /home/airflow/.local/lib/python3.7/site-packages/airflow/example_dags/example_external_task_marker_dag.py
[2021-11-15 07:27:26,086] {processor.py:632} INFO - DAG(s) dict_keys(['example_external_task_marker_parent', 'example_external_task_marker_child']) retrieved from /home/airflow/.local/lib/python3.7/site-packages/airflow/example_dags/example_external_task_marker_dag.py
[2021-11-15 07:27:27,992] {logging_mixin.py:109} INFO - [2021-11-15 07:27:27,992] {providers_manager.py:156} WARNING - Exception when importing 'airflow.providers.google.leveldb.hooks.leveldb.LevelDBHook' from 'apache-airflow-providers-google' package: No module named 'plyvel'
[2021-11-15 07:27:28,498] {logging_mixin.py:109} INFO - [2021-11-15 07:27:28,498] {providers_manager.py:156} WARNING - Exception when importing 'airflow.providers.google.leveldb.hooks.leveldb.LevelDBHook' from 'apache-airflow-providers-google' package: No module named 'plyvel'
[2021-11-15 07:27:28,518] {logging_mixin.py:109} INFO - [2021-11-15 07:27:28,518] {manager.py:496} INFO - Created Permission View: can edit on DAG:example_external_task_marker_parent
[2021-11-15 07:27:28,527] {logging_mixin.py:109} INFO - [2021-11-15 07:27:28,526] {manager.py:496} INFO - Created Permission View: can read on DAG:example_external_task_marker_parent
[2021-11-15 07:27:28,543] {logging_mixin.py:109} INFO - [2021-11-15 07:27:28,543] {manager.py:496} INFO - Created Permission View: can edit on DAG:example_external_task_marker_child
[2021-11-15 07:27:28,551] {logging_mixin.py:109} INFO - [2021-11-15 07:27:28,551] {manager.py:496} INFO - Created Permission View: can read on DAG:example_external_task_marker_child
[2021-11-15 07:27:28,551] {logging_mixin.py:109} INFO - [2021-11-15 07:27:28,551] {dag.py:2389} INFO - Sync 2 DAGs
[2021-11-15 07:27:28,558] {logging_mixin.py:109} INFO - [2021-11-15 07:27:28,558] {dag.py:2408} INFO - Creating ORM DAG for example_external_task_marker_parent
[2021-11-15 07:27:28,559] {logging_mixin.py:109} INFO - [2021-11-15 07:27:28,559] {dag.py:2408} INFO - Creating ORM DAG for example_external_task_marker_child
[2021-11-15 07:27:28,567] {logging_mixin.py:109} INFO - [2021-11-15 07:27:28,567] {dag.py:2921} INFO - Setting next_dagrun for example_external_task_marker_child to None
[2021-11-15 07:27:28,567] {logging_mixin.py:109} INFO - [2021-11-15 07:27:28,567] {dag.py:2921} INFO - Setting next_dagrun for example_external_task_marker_parent to None
[2021-11-15 07:27:28,579] {processor.py:171} INFO - Processing /home/airflow/.local/lib/python3.7/site-packages/airflow/example_dags/example_external_task_marker_dag.py took 2.527 seconds
[2021-11-15 07:27:58,724] {processor.py:163} INFO - Started process (PID=381) to work on /home/airflow/.local/lib/python3.7/site-packages/airflow/example_dags/example_external_task_marker_dag.py
[2021-11-15 07:27:58,726] {processor.py:620} INFO - Processing file /home/airflow/.local/lib/python3.7/site-packages/airflow/example_dags/example_external_task_marker_dag.py for tasks to queue
[2021-11-15 07:27:58,727] {logging_mixin.py:109} INFO - [2021-11-15 07:27:58,727] {dagbag.py:500} INFO - Filling up the DagBag from /home/airflow/.local/lib/python3.7/site-packages/airflow/example_dags/example_external_task_marker_dag.py
[2021-11-15 07:27:58,796] {processor.py:632} INFO - DAG(s) dict_keys(['example_external_task_marker_parent', 'example_external_task_marker_child']) retrieved from /home/airflow/.local/lib/python3.7/site-packages/airflow/example_dags/example_external_task_marker_dag.py
[2021-11-15 07:27:58,806] {logging_mixin.py:109} INFO - [2021-11-15 07:27:58,806] {dag.py:2389} INFO - Sync 2 DAGs
[2021-11-15 07:27:58,822] {logging_mixin.py:109} INFO - [2021-11-15 07:27:58,822] {dag.py:2921} INFO - Setting next_dagrun for example_external_task_marker_child to None
[2021-11-15 07:27:58,822] {logging_mixin.py:109} INFO - [2021-11-15 07:27:58,822] {dag.py:2921} INFO - Setting next_dagrun for example_external_task_marker_parent to None
[2021-11-15 07:27:58,830] {processor.py:171} INFO - Processing /home/airflow/.local/lib/python3.7/site-packages/airflow/example_dags/example_external_task_marker_dag.py took 0.115 seconds
[2021-11-15 07:28:29,074] {processor.py:163} INFO - Started process (PID=430) to work on /home/airflow/.local/lib/python3.7/site-packages/airflow/example_dags/example_external_task_marker_dag.py
[2021-11-15 07:28:29,076] {processor.py:620} INFO - Processing file /home/airflow/.local/lib/python3.7/site-packages/airflow/example_dags/example_external_task_marker_dag.py for tasks to queue
[2021-11-15 07:28:29,076] {logging_mixin.py:109} INFO - [2021-11-15 07:28:29,076] {dagbag.py:500} INFO - Filling up the DagBag from /home/airflow/.local/lib/python3.7/site-packages/airflow/example_dags/example_external_task_marker_dag.py
[2021-11-15 07:28:29,107] {processor.py:632} INFO - DAG(s) dict_keys(['example_external_task_marker_parent', 'example_external_task_marker_child']) retrieved from /home/airflow/.local/lib/python3.7/site-packages/airflow/example_dags/example_external_task_marker_dag.py
[2021-11-15 07:28:29,119] {logging_mixin.py:109} INFO - [2021-11-15 07:28:29,119] {dag.py:2389} INFO - Sync 2 DAGs
[2021-11-15 07:28:29,134] {logging_mixin.py:109} INFO - [2021-11-15 07:28:29,134] {dag.py:2921} INFO - Setting next_dagrun for example_external_task_marker_child to None
[2021-11-15 07:28:29,134] {logging_mixin.py:109} INFO - [2021-11-15 07:28:29,134] {dag.py:2921} INFO - Setting next_dagrun for example_external_task_marker_parent to None
[2021-11-15 07:28:29,147] {processor.py:171} INFO - Processing /home/airflow/.local/lib/python3.7/site-packages/airflow/example_dags/example_external_task_marker_dag.py took 0.077 seconds
[2021-11-15 07:28:59,424] {processor.py:163} INFO - Started process (PID=488) to work on /home/airflow/.local/lib/python3.7/site-packages/airflow/example_dags/example_external_task_marker_dag.py
[2021-11-15 07:28:59,425] {processor.py:620} INFO - Processing file /home/airflow/.local/lib/python3.7/site-packages/airflow/example_dags/example_external_task_marker_dag.py for tasks to queue
[2021-11-15 07:28:59,426] {logging_mixin.py:109} INFO - [2021-11-15 07:28:59,426] {dagbag.py:500} INFO - Filling up the DagBag from /home/airflow/.local/lib/python3.7/site-packages/airflow/example_dags/example_external_task_marker_dag.py
[2021-11-15 07:28:59,447] {processor.py:632} INFO - DAG(s) dict_keys(['example_external_task_marker_parent', 'example_external_task_marker_child']) retrieved from /home/airflow/.local/lib/python3.7/site-packages/airflow/example_dags/example_external_task_marker_dag.py
[2021-11-15 07:28:59,461] {logging_mixin.py:109} INFO - [2021-11-15 07:28:59,461] {dag.py:2389} INFO - Sync 2 DAGs
[2021-11-15 07:28:59,478] {logging_mixin.py:109} INFO - [2021-11-15 07:28:59,478] {dag.py:2921} INFO - Setting next_dagrun for example_external_task_marker_child to None
[2021-11-15 07:28:59,478] {logging_mixin.py:109} INFO - [2021-11-15 07:28:59,478] {dag.py:2921} INFO - Setting next_dagrun for example_external_task_marker_parent to None
[2021-11-15 07:28:59,487] {processor.py:171} INFO - Processing /home/airflow/.local/lib/python3.7/site-packages/airflow/example_dags/example_external_task_marker_dag.py took 0.065 seconds
[2021-11-15 07:29:29,811] {processor.py:163} INFO - Started process (PID=537) to work on /home/airflow/.local/lib/python3.7/site-packages/airflow/example_dags/example_external_task_marker_dag.py
[2021-11-15 07:29:29,812] {processor.py:620} INFO - Processing file /home/airflow/.local/lib/python3.7/site-packages/airflow/example_dags/example_external_task_marker_dag.py for tasks to queue
[2021-11-15 07:29:29,813] {logging_mixin.py:109} INFO - [2021-11-15 07:29:29,813] {dagbag.py:500} INFO - Filling up the DagBag from /home/airflow/.local/lib/python3.7/site-packages/airflow/example_dags/example_external_task_marker_dag.py
[2021-11-15 07:29:29,835] {processor.py:632} INFO - DAG(s) dict_keys(['example_external_task_marker_parent', 'example_external_task_marker_child']) retrieved from /home/airflow/.local/lib/python3.7/site-packages/airflow/example_dags/example_external_task_marker_dag.py
[2021-11-15 07:29:29,846] {logging_mixin.py:109} INFO - [2021-11-15 07:29:29,846] {dag.py:2389} INFO - Sync 2 DAGs
[2021-11-15 07:29:29,859] {logging_mixin.py:109} INFO - [2021-11-15 07:29:29,859] {dag.py:2921} INFO - Setting next_dagrun for example_external_task_marker_child to None
[2021-11-15 07:29:29,860] {logging_mixin.py:109} INFO - [2021-11-15 07:29:29,859] {dag.py:2921} INFO - Setting next_dagrun for example_external_task_marker_parent to None
[2021-11-15 07:29:29,868] {processor.py:171} INFO - Processing /home/airflow/.local/lib/python3.7/site-packages/airflow/example_dags/example_external_task_marker_dag.py took 0.059 seconds
[2021-11-15 07:30:00,618] {processor.py:163} INFO - Started process (PID=594) to work on /home/airflow/.local/lib/python3.7/site-packages/airflow/example_dags/example_external_task_marker_dag.py
[2021-11-15 07:30:00,619] {processor.py:620} INFO - Processing file /home/airflow/.local/lib/python3.7/site-packages/airflow/example_dags/example_external_task_marker_dag.py for tasks to queue
[2021-11-15 07:30:00,620] {logging_mixin.py:109} INFO - [2021-11-15 07:30:00,620] {dagbag.py:500} INFO - Filling up the DagBag from /home/airflow/.local/lib/python3.7/site-packages/airflow/example_dags/example_external_task_marker_dag.py
[2021-11-15 07:30:00,646] {processor.py:632} INFO - DAG(s) dict_keys(['example_external_task_marker_parent', 'example_external_task_marker_child']) retrieved from /home/airflow/.local/lib/python3.7/site-packages/airflow/example_dags/example_external_task_marker_dag.py
[2021-11-15 07:30:00,660] {logging_mixin.py:109} INFO - [2021-11-15 07:30:00,660] {dag.py:2389} INFO - Sync 2 DAGs
[2021-11-15 07:30:00,678] {logging_mixin.py:109} INFO - [2021-11-15 07:30:00,678] {dag.py:2921} INFO - Setting next_dagrun for example_external_task_marker_child to None
[2021-11-15 07:30:00,678] {logging_mixin.py:109} INFO - [2021-11-15 07:30:00,678] {dag.py:2921} INFO - Setting next_dagrun for example_external_task_marker_parent to None
[2021-11-15 07:30:00,690] {processor.py:171} INFO - Processing /home/airflow/.local/lib/python3.7/site-packages/airflow/example_dags/example_external_task_marker_dag.py took 0.075 seconds
[2021-11-15 07:30:31,117] {processor.py:163} INFO - Started process (PID=643) to work on /home/airflow/.local/lib/python3.7/site-packages/airflow/example_dags/example_external_task_marker_dag.py
[2021-11-15 07:30:31,119] {processor.py:620} INFO - Processing file /home/airflow/.local/lib/python3.7/site-packages/airflow/example_dags/example_external_task_marker_dag.py for tasks to queue
[2021-11-15 07:30:31,120] {logging_mixin.py:109} INFO - [2021-11-15 07:30:31,120] {dagbag.py:500} INFO - Filling up the DagBag from /home/airflow/.local/lib/python3.7/site-packages/airflow/example_dags/example_external_task_marker_dag.py
[2021-11-15 07:30:31,145] {processor.py:632} INFO - DAG(s) dict_keys(['example_external_task_marker_parent', 'example_external_task_marker_child']) retrieved from /home/airflow/.local/lib/python3.7/site-packages/airflow/example_dags/example_external_task_marker_dag.py
[2021-11-15 07:30:31,158] {logging_mixin.py:109} INFO - [2021-11-15 07:30:31,158] {dag.py:2389} INFO - Sync 2 DAGs
[2021-11-15 07:30:31,175] {logging_mixin.py:109} INFO - [2021-11-15 07:30:31,175] {dag.py:2921} INFO - Setting next_dagrun for example_external_task_marker_child to None
[2021-11-15 07:30:31,175] {logging_mixin.py:109} INFO - [2021-11-15 07:30:31,175] {dag.py:2921} INFO - Setting next_dagrun for example_external_task_marker_parent to None
[2021-11-15 07:30:31,185] {processor.py:171} INFO - Processing /home/airflow/.local/lib/python3.7/site-packages/airflow/example_dags/example_external_task_marker_dag.py took 0.071 seconds
[2021-11-15 07:31:01,623] {processor.py:163} INFO - Started process (PID=699) to work on /home/airflow/.local/lib/python3.7/site-packages/airflow/example_dags/example_external_task_marker_dag.py
[2021-11-15 07:31:01,626] {processor.py:620} INFO - Processing file /home/airflow/.local/lib/python3.7/site-packages/airflow/example_dags/example_external_task_marker_dag.py for tasks to queue
[2021-11-15 07:31:01,626] {logging_mixin.py:109} INFO - [2021-11-15 07:31:01,626] {dagbag.py:500} INFO - Filling up the DagBag from /home/airflow/.local/lib/python3.7/site-packages/airflow/example_dags/example_external_task_marker_dag.py
[2021-11-15 07:31:01,650] {processor.py:632} INFO - DAG(s) dict_keys(['example_external_task_marker_parent', 'example_external_task_marker_child']) retrieved from /home/airflow/.local/lib/python3.7/site-packages/airflow/example_dags/example_external_task_marker_dag.py
[2021-11-15 07:31:01,660] {logging_mixin.py:109} INFO - [2021-11-15 07:31:01,660] {dag.py:2389} INFO - Sync 2 DAGs
[2021-11-15 07:31:01,675] {logging_mixin.py:109} INFO - [2021-11-15 07:31:01,674] {dag.py:2921} INFO - Setting next_dagrun for example_external_task_marker_child to None
[2021-11-15 07:31:01,675] {logging_mixin.py:109} INFO - [2021-11-15 07:31:01,675] {dag.py:2921} INFO - Setting next_dagrun for example_external_task_marker_parent to None
[2021-11-15 07:31:01,685] {processor.py:171} INFO - Processing /home/airflow/.local/lib/python3.7/site-packages/airflow/example_dags/example_external_task_marker_dag.py took 0.064 seconds
[2021-11-15 07:31:32,064] {processor.py:163} INFO - Started process (PID=751) to work on /home/airflow/.local/lib/python3.7/site-packages/airflow/example_dags/example_external_task_marker_dag.py
[2021-11-15 07:31:32,068] {processor.py:620} INFO - Processing file /home/airflow/.local/lib/python3.7/site-packages/airflow/example_dags/example_external_task_marker_dag.py for tasks to queue
[2021-11-15 07:31:32,069] {logging_mixin.py:109} INFO - [2021-11-15 07:31:32,069] {dagbag.py:500} INFO - Filling up the DagBag from /home/airflow/.local/lib/python3.7/site-packages/airflow/example_dags/example_external_task_marker_dag.py
[2021-11-15 07:31:32,106] {processor.py:632} INFO - DAG(s) dict_keys(['example_external_task_marker_parent', 'example_external_task_marker_child']) retrieved from /home/airflow/.local/lib/python3.7/site-packages/airflow/example_dags/example_external_task_marker_dag.py
[2021-11-15 07:31:32,118] {logging_mixin.py:109} INFO - [2021-11-15 07:31:32,118] {dag.py:2389} INFO - Sync 2 DAGs
[2021-11-15 07:31:32,133] {logging_mixin.py:109} INFO - [2021-11-15 07:31:32,133] {dag.py:2921} INFO - Setting next_dagrun for example_external_task_marker_child to None
[2021-11-15 07:31:32,133] {logging_mixin.py:109} INFO - [2021-11-15 07:31:32,133] {dag.py:2921} INFO - Setting next_dagrun for example_external_task_marker_parent to None
[2021-11-15 07:31:32,142] {processor.py:171} INFO - Processing /home/airflow/.local/lib/python3.7/site-packages/airflow/example_dags/example_external_task_marker_dag.py took 0.087 seconds
[2021-11-15 07:32:02,327] {processor.py:163} INFO - Started process (PID=809) to work on /home/airflow/.local/lib/python3.7/site-packages/airflow/example_dags/example_external_task_marker_dag.py
[2021-11-15 07:32:02,329] {processor.py:620} INFO - Processing file /home/airflow/.local/lib/python3.7/site-packages/airflow/example_dags/example_external_task_marker_dag.py for tasks to queue
[2021-11-15 07:32:02,330] {logging_mixin.py:109} INFO - [2021-11-15 07:32:02,330] {dagbag.py:500} INFO - Filling up the DagBag from /home/airflow/.local/lib/python3.7/site-packages/airflow/example_dags/example_external_task_marker_dag.py
[2021-11-15 07:32:02,352] {processor.py:632} INFO - DAG(s) dict_keys(['example_external_task_marker_parent', 'example_external_task_marker_child']) retrieved from /home/airflow/.local/lib/python3.7/site-packages/airflow/example_dags/example_external_task_marker_dag.py
[2021-11-15 07:32:02,368] {logging_mixin.py:109} INFO - [2021-11-15 07:32:02,368] {dag.py:2389} INFO - Sync 2 DAGs
[2021-11-15 07:32:02,390] {logging_mixin.py:109} INFO - [2021-11-15 07:32:02,389] {dag.py:2921} INFO - Setting next_dagrun for example_external_task_marker_child to None
[2021-11-15 07:32:02,390] {logging_mixin.py:109} INFO - [2021-11-15 07:32:02,390] {dag.py:2921} INFO - Setting next_dagrun for example_external_task_marker_parent to None
[2021-11-15 07:32:02,401] {processor.py:171} INFO - Processing /home/airflow/.local/lib/python3.7/site-packages/airflow/example_dags/example_external_task_marker_dag.py took 0.077 seconds
[2021-11-15 07:32:32,912] {processor.py:163} INFO - Started process (PID=858) to work on /home/airflow/.local/lib/python3.7/site-packages/airflow/example_dags/example_external_task_marker_dag.py
[2021-11-15 07:32:32,916] {processor.py:620} INFO - Processing file /home/airflow/.local/lib/python3.7/site-packages/airflow/example_dags/example_external_task_marker_dag.py for tasks to queue
[2021-11-15 07:32:32,918] {logging_mixin.py:109} INFO - [2021-11-15 07:32:32,917] {dagbag.py:500} INFO - Filling up the DagBag from /home/airflow/.local/lib/python3.7/site-packages/airflow/example_dags/example_external_task_marker_dag.py
[2021-11-15 07:32:32,955] {processor.py:632} INFO - DAG(s) dict_keys(['example_external_task_marker_parent', 'example_external_task_marker_child']) retrieved from /home/airflow/.local/lib/python3.7/site-packages/airflow/example_dags/example_external_task_marker_dag.py
[2021-11-15 07:32:32,968] {logging_mixin.py:109} INFO - [2021-11-15 07:32:32,968] {dag.py:2389} INFO - Sync 2 DAGs
[2021-11-15 07:32:32,983] {logging_mixin.py:109} INFO - [2021-11-15 07:32:32,983] {dag.py:2921} INFO - Setting next_dagrun for example_external_task_marker_child to None
[2021-11-15 07:32:32,984] {logging_mixin.py:109} INFO - [2021-11-15 07:32:32,984] {dag.py:2921} INFO - Setting next_dagrun for example_external_task_marker_parent to None
[2021-11-15 07:32:32,993] {processor.py:171} INFO - Processing /home/airflow/.local/lib/python3.7/site-packages/airflow/example_dags/example_external_task_marker_dag.py took 0.091 seconds
[2021-11-15 07:33:03,363] {processor.py:163} INFO - Started process (PID=907) to work on /home/airflow/.local/lib/python3.7/site-packages/airflow/example_dags/example_external_task_marker_dag.py
[2021-11-15 07:33:03,364] {processor.py:620} INFO - Processing file /home/airflow/.local/lib/python3.7/site-packages/airflow/example_dags/example_external_task_marker_dag.py for tasks to queue
[2021-11-15 07:33:03,364] {logging_mixin.py:109} INFO - [2021-11-15 07:33:03,364] {dagbag.py:500} INFO - Filling up the DagBag from /home/airflow/.local/lib/python3.7/site-packages/airflow/example_dags/example_external_task_marker_dag.py
[2021-11-15 07:33:03,384] {processor.py:632} INFO - DAG(s) dict_keys(['example_external_task_marker_parent', 'example_external_task_marker_child']) retrieved from /home/airflow/.local/lib/python3.7/site-packages/airflow/example_dags/example_external_task_marker_dag.py
[2021-11-15 07:33:03,395] {logging_mixin.py:109} INFO - [2021-11-15 07:33:03,395] {dag.py:2389} INFO - Sync 2 DAGs
[2021-11-15 07:33:03,410] {logging_mixin.py:109} INFO - [2021-11-15 07:33:03,409] {dag.py:2921} INFO - Setting next_dagrun for example_external_task_marker_child to None
[2021-11-15 07:33:03,410] {logging_mixin.py:109} INFO - [2021-11-15 07:33:03,410] {dag.py:2921} INFO - Setting next_dagrun for example_external_task_marker_parent to None
[2021-11-15 07:33:03,420] {processor.py:171} INFO - Processing /home/airflow/.local/lib/python3.7/site-packages/airflow/example_dags/example_external_task_marker_dag.py took 0.059 seconds
[2021-11-15 07:33:33,789] {processor.py:163} INFO - Started process (PID=967) to work on /home/airflow/.local/lib/python3.7/site-packages/airflow/example_dags/example_external_task_marker_dag.py
[2021-11-15 07:33:33,791] {processor.py:620} INFO - Processing file /home/airflow/.local/lib/python3.7/site-packages/airflow/example_dags/example_external_task_marker_dag.py for tasks to queue
[2021-11-15 07:33:33,792] {logging_mixin.py:109} INFO - [2021-11-15 07:33:33,792] {dagbag.py:500} INFO - Filling up the DagBag from /home/airflow/.local/lib/python3.7/site-packages/airflow/example_dags/example_external_task_marker_dag.py
[2021-11-15 07:33:33,814] {processor.py:632} INFO - DAG(s) dict_keys(['example_external_task_marker_parent', 'example_external_task_marker_child']) retrieved from /home/airflow/.local/lib/python3.7/site-packages/airflow/example_dags/example_external_task_marker_dag.py
[2021-11-15 07:33:33,826] {logging_mixin.py:109} INFO - [2021-11-15 07:33:33,826] {dag.py:2389} INFO - Sync 2 DAGs
[2021-11-15 07:33:33,841] {logging_mixin.py:109} INFO - [2021-11-15 07:33:33,841] {dag.py:2921} INFO - Setting next_dagrun for example_external_task_marker_child to None
[2021-11-15 07:33:33,841] {logging_mixin.py:109} INFO - [2021-11-15 07:33:33,841] {dag.py:2921} INFO - Setting next_dagrun for example_external_task_marker_parent to None
[2021-11-15 07:33:33,850] {processor.py:171} INFO - Processing /home/airflow/.local/lib/python3.7/site-packages/airflow/example_dags/example_external_task_marker_dag.py took 0.063 seconds
[2021-11-15 07:34:04,345] {processor.py:163} INFO - Started process (PID=1016) to work on /home/airflow/.local/lib/python3.7/site-packages/airflow/example_dags/example_external_task_marker_dag.py
[2021-11-15 07:34:04,346] {processor.py:620} INFO - Processing file /home/airflow/.local/lib/python3.7/site-packages/airflow/example_dags/example_external_task_marker_dag.py for tasks to queue
[2021-11-15 07:34:04,347] {logging_mixin.py:109} INFO - [2021-11-15 07:34:04,347] {dagbag.py:500} INFO - Filling up the DagBag from /home/airflow/.local/lib/python3.7/site-packages/airflow/example_dags/example_external_task_marker_dag.py
[2021-11-15 07:34:04,369] {processor.py:632} INFO - DAG(s) dict_keys(['example_external_task_marker_parent', 'example_external_task_marker_child']) retrieved from /home/airflow/.local/lib/python3.7/site-packages/airflow/example_dags/example_external_task_marker_dag.py
[2021-11-15 07:34:04,381] {logging_mixin.py:109} INFO - [2021-11-15 07:34:04,381] {dag.py:2389} INFO - Sync 2 DAGs
[2021-11-15 07:34:04,396] {logging_mixin.py:109} INFO - [2021-11-15 07:34:04,396] {dag.py:2921} INFO - Setting next_dagrun for example_external_task_marker_child to None
[2021-11-15 07:34:04,397] {logging_mixin.py:109} INFO - [2021-11-15 07:34:04,397] {dag.py:2921} INFO - Setting next_dagrun for example_external_task_marker_parent to None
[2021-11-15 07:34:04,406] {processor.py:171} INFO - Processing /home/airflow/.local/lib/python3.7/site-packages/airflow/example_dags/example_external_task_marker_dag.py took 0.064 seconds
[2021-11-15 07:34:34,827] {processor.py:163} INFO - Started process (PID=1075) to work on /home/airflow/.local/lib/python3.7/site-packages/airflow/example_dags/example_external_task_marker_dag.py
[2021-11-15 07:34:34,829] {processor.py:620} INFO - Processing file /home/airflow/.local/lib/python3.7/site-packages/airflow/example_dags/example_external_task_marker_dag.py for tasks to queue
[2021-11-15 07:34:34,830] {logging_mixin.py:109} INFO - [2021-11-15 07:34:34,830] {dagbag.py:500} INFO - Filling up the DagBag from /home/airflow/.local/lib/python3.7/site-packages/airflow/example_dags/example_external_task_marker_dag.py
[2021-11-15 07:34:34,859] {processor.py:632} INFO - DAG(s) dict_keys(['example_external_task_marker_parent', 'example_external_task_marker_child']) retrieved from /home/airflow/.local/lib/python3.7/site-packages/airflow/example_dags/example_external_task_marker_dag.py
[2021-11-15 07:34:34,873] {logging_mixin.py:109} INFO - [2021-11-15 07:34:34,873] {dag.py:2389} INFO - Sync 2 DAGs
[2021-11-15 07:34:34,893] {logging_mixin.py:109} INFO - [2021-11-15 07:34:34,893] {dag.py:2921} INFO - Setting next_dagrun for example_external_task_marker_child to None
[2021-11-15 07:34:34,893] {logging_mixin.py:109} INFO - [2021-11-15 07:34:34,893] {dag.py:2921} INFO - Setting next_dagrun for example_external_task_marker_parent to None
[2021-11-15 07:34:34,904] {processor.py:171} INFO - Processing /home/airflow/.local/lib/python3.7/site-packages/airflow/example_dags/example_external_task_marker_dag.py took 0.080 seconds
[2021-11-15 07:35:05,421] {processor.py:163} INFO - Started process (PID=1124) to work on /home/airflow/.local/lib/python3.7/site-packages/airflow/example_dags/example_external_task_marker_dag.py
[2021-11-15 07:35:05,423] {processor.py:620} INFO - Processing file /home/airflow/.local/lib/python3.7/site-packages/airflow/example_dags/example_external_task_marker_dag.py for tasks to queue
[2021-11-15 07:35:05,423] {logging_mixin.py:109} INFO - [2021-11-15 07:35:05,423] {dagbag.py:500} INFO - Filling up the DagBag from /home/airflow/.local/lib/python3.7/site-packages/airflow/example_dags/example_external_task_marker_dag.py
[2021-11-15 07:35:05,443] {processor.py:632} INFO - DAG(s) dict_keys(['example_external_task_marker_parent', 'example_external_task_marker_child']) retrieved from /home/airflow/.local/lib/python3.7/site-packages/airflow/example_dags/example_external_task_marker_dag.py
[2021-11-15 07:35:05,454] {logging_mixin.py:109} INFO - [2021-11-15 07:35:05,453] {dag.py:2389} INFO - Sync 2 DAGs
[2021-11-15 07:35:05,467] {logging_mixin.py:109} INFO - [2021-11-15 07:35:05,467] {dag.py:2921} INFO - Setting next_dagrun for example_external_task_marker_child to None
[2021-11-15 07:35:05,467] {logging_mixin.py:109} INFO - [2021-11-15 07:35:05,467] {dag.py:2921} INFO - Setting next_dagrun for example_external_task_marker_parent to None
[2021-11-15 07:35:05,476] {processor.py:171} INFO - Processing /home/airflow/.local/lib/python3.7/site-packages/airflow/example_dags/example_external_task_marker_dag.py took 0.057 seconds
[2021-11-15 07:35:35,843] {processor.py:163} INFO - Started process (PID=1181) to work on /home/airflow/.local/lib/python3.7/site-packages/airflow/example_dags/example_external_task_marker_dag.py
[2021-11-15 07:35:35,845] {processor.py:620} INFO - Processing file /home/airflow/.local/lib/python3.7/site-packages/airflow/example_dags/example_external_task_marker_dag.py for tasks to queue
[2021-11-15 07:35:35,845] {logging_mixin.py:109} INFO - [2021-11-15 07:35:35,845] {dagbag.py:500} INFO - Filling up the DagBag from /home/airflow/.local/lib/python3.7/site-packages/airflow/example_dags/example_external_task_marker_dag.py
[2021-11-15 07:35:35,875] {processor.py:632} INFO - DAG(s) dict_keys(['example_external_task_marker_parent', 'example_external_task_marker_child']) retrieved from /home/airflow/.local/lib/python3.7/site-packages/airflow/example_dags/example_external_task_marker_dag.py
[2021-11-15 07:35:35,889] {logging_mixin.py:109} INFO - [2021-11-15 07:35:35,889] {dag.py:2389} INFO - Sync 2 DAGs
[2021-11-15 07:35:35,906] {logging_mixin.py:109} INFO - [2021-11-15 07:35:35,906] {dag.py:2921} INFO - Setting next_dagrun for example_external_task_marker_child to None
[2021-11-15 07:35:35,906] {logging_mixin.py:109} INFO - [2021-11-15 07:35:35,906] {dag.py:2921} INFO - Setting next_dagrun for example_external_task_marker_parent to None
[2021-11-15 07:35:35,916] {processor.py:171} INFO - Processing /home/airflow/.local/lib/python3.7/site-packages/airflow/example_dags/example_external_task_marker_dag.py took 0.076 seconds
[2021-11-15 07:36:06,310] {processor.py:163} INFO - Started process (PID=1230) to work on /home/airflow/.local/lib/python3.7/site-packages/airflow/example_dags/example_external_task_marker_dag.py
[2021-11-15 07:36:06,312] {processor.py:620} INFO - Processing file /home/airflow/.local/lib/python3.7/site-packages/airflow/example_dags/example_external_task_marker_dag.py for tasks to queue
[2021-11-15 07:36:06,313] {logging_mixin.py:109} INFO - [2021-11-15 07:36:06,312] {dagbag.py:500} INFO - Filling up the DagBag from /home/airflow/.local/lib/python3.7/site-packages/airflow/example_dags/example_external_task_marker_dag.py
[2021-11-15 07:36:06,350] {processor.py:632} INFO - DAG(s) dict_keys(['example_external_task_marker_parent', 'example_external_task_marker_child']) retrieved from /home/airflow/.local/lib/python3.7/site-packages/airflow/example_dags/example_external_task_marker_dag.py
[2021-11-15 07:36:06,373] {logging_mixin.py:109} INFO - [2021-11-15 07:36:06,373] {dag.py:2389} INFO - Sync 2 DAGs
[2021-11-15 07:36:06,395] {logging_mixin.py:109} INFO - [2021-11-15 07:36:06,395] {dag.py:2921} INFO - Setting next_dagrun for example_external_task_marker_child to None
[2021-11-15 07:36:06,395] {logging_mixin.py:109} INFO - [2021-11-15 07:36:06,395] {dag.py:2921} INFO - Setting next_dagrun for example_external_task_marker_parent to None
[2021-11-15 07:36:06,406] {processor.py:171} INFO - Processing /home/airflow/.local/lib/python3.7/site-packages/airflow/example_dags/example_external_task_marker_dag.py took 0.101 seconds
[2021-11-15 07:36:36,933] {processor.py:163} INFO - Started process (PID=1288) to work on /home/airflow/.local/lib/python3.7/site-packages/airflow/example_dags/example_external_task_marker_dag.py
[2021-11-15 07:36:36,934] {processor.py:620} INFO - Processing file /home/airflow/.local/lib/python3.7/site-packages/airflow/example_dags/example_external_task_marker_dag.py for tasks to queue
[2021-11-15 07:36:36,935] {logging_mixin.py:109} INFO - [2021-11-15 07:36:36,935] {dagbag.py:500} INFO - Filling up the DagBag from /home/airflow/.local/lib/python3.7/site-packages/airflow/example_dags/example_external_task_marker_dag.py
[2021-11-15 07:36:36,959] {processor.py:632} INFO - DAG(s) dict_keys(['example_external_task_marker_parent', 'example_external_task_marker_child']) retrieved from /home/airflow/.local/lib/python3.7/site-packages/airflow/example_dags/example_external_task_marker_dag.py
[2021-11-15 07:36:36,973] {logging_mixin.py:109} INFO - [2021-11-15 07:36:36,972] {dag.py:2389} INFO - Sync 2 DAGs
[2021-11-15 07:36:36,993] {logging_mixin.py:109} INFO - [2021-11-15 07:36:36,993] {dag.py:2921} INFO - Setting next_dagrun for example_external_task_marker_child to None
[2021-11-15 07:36:36,994] {logging_mixin.py:109} INFO - [2021-11-15 07:36:36,994] {dag.py:2921} INFO - Setting next_dagrun for example_external_task_marker_parent to None
[2021-11-15 07:36:37,006] {processor.py:171} INFO - Processing /home/airflow/.local/lib/python3.7/site-packages/airflow/example_dags/example_external_task_marker_dag.py took 0.077 seconds
[2021-11-15 07:37:07,357] {processor.py:163} INFO - Started process (PID=1338) to work on /home/airflow/.local/lib/python3.7/site-packages/airflow/example_dags/example_external_task_marker_dag.py
[2021-11-15 07:37:07,359] {processor.py:620} INFO - Processing file /home/airflow/.local/lib/python3.7/site-packages/airflow/example_dags/example_external_task_marker_dag.py for tasks to queue
[2021-11-15 07:37:07,360] {logging_mixin.py:109} INFO - [2021-11-15 07:37:07,360] {dagbag.py:500} INFO - Filling up the DagBag from /home/airflow/.local/lib/python3.7/site-packages/airflow/example_dags/example_external_task_marker_dag.py
[2021-11-15 07:37:07,383] {processor.py:632} INFO - DAG(s) dict_keys(['example_external_task_marker_parent', 'example_external_task_marker_child']) retrieved from /home/airflow/.local/lib/python3.7/site-packages/airflow/example_dags/example_external_task_marker_dag.py
[2021-11-15 07:37:07,398] {logging_mixin.py:109} INFO - [2021-11-15 07:37:07,398] {dag.py:2389} INFO - Sync 2 DAGs
[2021-11-15 07:37:07,413] {logging_mixin.py:109} INFO - [2021-11-15 07:37:07,413] {dag.py:2921} INFO - Setting next_dagrun for example_external_task_marker_child to None
[2021-11-15 07:37:07,414] {logging_mixin.py:109} INFO - [2021-11-15 07:37:07,414] {dag.py:2921} INFO - Setting next_dagrun for example_external_task_marker_parent to None
[2021-11-15 07:37:07,423] {processor.py:171} INFO - Processing /home/airflow/.local/lib/python3.7/site-packages/airflow/example_dags/example_external_task_marker_dag.py took 0.069 seconds
[2021-11-15 07:37:37,625] {processor.py:163} INFO - Started process (PID=1388) to work on /home/airflow/.local/lib/python3.7/site-packages/airflow/example_dags/example_external_task_marker_dag.py
[2021-11-15 07:37:37,627] {processor.py:620} INFO - Processing file /home/airflow/.local/lib/python3.7/site-packages/airflow/example_dags/example_external_task_marker_dag.py for tasks to queue
[2021-11-15 07:37:37,627] {logging_mixin.py:109} INFO - [2021-11-15 07:37:37,627] {dagbag.py:500} INFO - Filling up the DagBag from /home/airflow/.local/lib/python3.7/site-packages/airflow/example_dags/example_external_task_marker_dag.py
[2021-11-15 07:37:37,650] {processor.py:632} INFO - DAG(s) dict_keys(['example_external_task_marker_parent', 'example_external_task_marker_child']) retrieved from /home/airflow/.local/lib/python3.7/site-packages/airflow/example_dags/example_external_task_marker_dag.py
[2021-11-15 07:37:37,662] {logging_mixin.py:109} INFO - [2021-11-15 07:37:37,662] {dag.py:2389} INFO - Sync 2 DAGs
[2021-11-15 07:37:37,676] {logging_mixin.py:109} INFO - [2021-11-15 07:37:37,676] {dag.py:2921} INFO - Setting next_dagrun for example_external_task_marker_child to None
[2021-11-15 07:37:37,676] {logging_mixin.py:109} INFO - [2021-11-15 07:37:37,676] {dag.py:2921} INFO - Setting next_dagrun for example_external_task_marker_parent to None
[2021-11-15 07:37:37,685] {processor.py:171} INFO - Processing /home/airflow/.local/lib/python3.7/site-packages/airflow/example_dags/example_external_task_marker_dag.py took 0.063 seconds
[2021-11-15 07:38:08,356] {processor.py:163} INFO - Started process (PID=1446) to work on /home/airflow/.local/lib/python3.7/site-packages/airflow/example_dags/example_external_task_marker_dag.py
[2021-11-15 07:38:08,359] {processor.py:620} INFO - Processing file /home/airflow/.local/lib/python3.7/site-packages/airflow/example_dags/example_external_task_marker_dag.py for tasks to queue
[2021-11-15 07:38:08,360] {logging_mixin.py:109} INFO - [2021-11-15 07:38:08,360] {dagbag.py:500} INFO - Filling up the DagBag from /home/airflow/.local/lib/python3.7/site-packages/airflow/example_dags/example_external_task_marker_dag.py
[2021-11-15 07:38:08,390] {processor.py:632} INFO - DAG(s) dict_keys(['example_external_task_marker_parent', 'example_external_task_marker_child']) retrieved from /home/airflow/.local/lib/python3.7/site-packages/airflow/example_dags/example_external_task_marker_dag.py
[2021-11-15 07:38:08,404] {logging_mixin.py:109} INFO - [2021-11-15 07:38:08,404] {dag.py:2389} INFO - Sync 2 DAGs
[2021-11-15 07:38:08,420] {logging_mixin.py:109} INFO - [2021-11-15 07:38:08,420] {dag.py:2921} INFO - Setting next_dagrun for example_external_task_marker_child to None
[2021-11-15 07:38:08,420] {logging_mixin.py:109} INFO - [2021-11-15 07:38:08,420] {dag.py:2921} INFO - Setting next_dagrun for example_external_task_marker_parent to None
[2021-11-15 07:38:08,430] {processor.py:171} INFO - Processing /home/airflow/.local/lib/python3.7/site-packages/airflow/example_dags/example_external_task_marker_dag.py took 0.081 seconds
