[2021-11-15 07:26:59,902] {processor.py:163} INFO - Started process (PID=56) to work on /home/airflow/.local/lib/python3.7/site-packages/airflow/example_dags/example_task_group_decorator.py
[2021-11-15 07:26:59,903] {processor.py:620} INFO - Processing file /home/airflow/.local/lib/python3.7/site-packages/airflow/example_dags/example_task_group_decorator.py for tasks to queue
[2021-11-15 07:26:59,904] {logging_mixin.py:109} INFO - [2021-11-15 07:26:59,903] {dagbag.py:500} INFO - Filling up the DagBag from /home/airflow/.local/lib/python3.7/site-packages/airflow/example_dags/example_task_group_decorator.py
[2021-11-15 07:26:59,953] {processor.py:632} INFO - DAG(s) dict_keys(['example_task_group_decorator']) retrieved from /home/airflow/.local/lib/python3.7/site-packages/airflow/example_dags/example_task_group_decorator.py
[2021-11-15 07:27:02,861] {logging_mixin.py:109} INFO - [2021-11-15 07:27:02,861] {providers_manager.py:156} WARNING - Exception when importing 'airflow.providers.google.leveldb.hooks.leveldb.LevelDBHook' from 'apache-airflow-providers-google' package: No module named 'plyvel'
[2021-11-15 07:27:03,784] {logging_mixin.py:109} INFO - [2021-11-15 07:27:03,784] {providers_manager.py:156} WARNING - Exception when importing 'airflow.providers.google.leveldb.hooks.leveldb.LevelDBHook' from 'apache-airflow-providers-google' package: No module named 'plyvel'
[2021-11-15 07:27:03,820] {logging_mixin.py:109} INFO - [2021-11-15 07:27:03,820] {manager.py:496} INFO - Created Permission View: can edit on DAG:example_task_group_decorator
[2021-11-15 07:27:03,834] {logging_mixin.py:109} INFO - [2021-11-15 07:27:03,833] {manager.py:496} INFO - Created Permission View: can read on DAG:example_task_group_decorator
[2021-11-15 07:27:03,834] {logging_mixin.py:109} INFO - [2021-11-15 07:27:03,834] {dag.py:2389} INFO - Sync 1 DAGs
[2021-11-15 07:27:03,847] {logging_mixin.py:109} INFO - [2021-11-15 07:27:03,847] {dag.py:2408} INFO - Creating ORM DAG for example_task_group_decorator
[2021-11-15 07:27:03,862] {logging_mixin.py:109} INFO - [2021-11-15 07:27:03,862] {dag.py:2921} INFO - Setting next_dagrun for example_task_group_decorator to 2021-11-14T07:27:03.862444+00:00
[2021-11-15 07:27:03,882] {processor.py:171} INFO - Processing /home/airflow/.local/lib/python3.7/site-packages/airflow/example_dags/example_task_group_decorator.py took 3.982 seconds
[2021-11-15 07:27:41,620] {processor.py:163} INFO - Started process (PID=339) to work on /home/airflow/.local/lib/python3.7/site-packages/airflow/example_dags/example_task_group_decorator.py
[2021-11-15 07:27:41,621] {processor.py:620} INFO - Processing file /home/airflow/.local/lib/python3.7/site-packages/airflow/example_dags/example_task_group_decorator.py for tasks to queue
[2021-11-15 07:27:41,622] {logging_mixin.py:109} INFO - [2021-11-15 07:27:41,622] {dagbag.py:500} INFO - Filling up the DagBag from /home/airflow/.local/lib/python3.7/site-packages/airflow/example_dags/example_task_group_decorator.py
[2021-11-15 07:27:41,666] {processor.py:632} INFO - DAG(s) dict_keys(['example_task_group_decorator']) retrieved from /home/airflow/.local/lib/python3.7/site-packages/airflow/example_dags/example_task_group_decorator.py
[2021-11-15 07:27:41,964] {logging_mixin.py:109} INFO - [2021-11-15 07:27:41,964] {dag.py:2389} INFO - Sync 1 DAGs
[2021-11-15 07:27:41,979] {logging_mixin.py:109} INFO - [2021-11-15 07:27:41,979] {dag.py:2921} INFO - Setting next_dagrun for example_task_group_decorator to 2021-11-14T07:27:41.979247+00:00
[2021-11-15 07:27:41,991] {processor.py:171} INFO - Processing /home/airflow/.local/lib/python3.7/site-packages/airflow/example_dags/example_task_group_decorator.py took 0.373 seconds
[2021-11-15 07:28:12,072] {processor.py:163} INFO - Started process (PID=405) to work on /home/airflow/.local/lib/python3.7/site-packages/airflow/example_dags/example_task_group_decorator.py
[2021-11-15 07:28:12,073] {processor.py:620} INFO - Processing file /home/airflow/.local/lib/python3.7/site-packages/airflow/example_dags/example_task_group_decorator.py for tasks to queue
[2021-11-15 07:28:12,074] {logging_mixin.py:109} INFO - [2021-11-15 07:28:12,074] {dagbag.py:500} INFO - Filling up the DagBag from /home/airflow/.local/lib/python3.7/site-packages/airflow/example_dags/example_task_group_decorator.py
[2021-11-15 07:28:12,113] {processor.py:632} INFO - DAG(s) dict_keys(['example_task_group_decorator']) retrieved from /home/airflow/.local/lib/python3.7/site-packages/airflow/example_dags/example_task_group_decorator.py
[2021-11-15 07:28:12,368] {logging_mixin.py:109} INFO - [2021-11-15 07:28:12,368] {dag.py:2389} INFO - Sync 1 DAGs
[2021-11-15 07:28:12,380] {logging_mixin.py:109} INFO - [2021-11-15 07:28:12,380] {dag.py:2921} INFO - Setting next_dagrun for example_task_group_decorator to 2021-11-14T07:28:12.380126+00:00
[2021-11-15 07:28:12,390] {processor.py:171} INFO - Processing /home/airflow/.local/lib/python3.7/site-packages/airflow/example_dags/example_task_group_decorator.py took 0.321 seconds
[2021-11-15 07:28:43,221] {processor.py:163} INFO - Started process (PID=455) to work on /home/airflow/.local/lib/python3.7/site-packages/airflow/example_dags/example_task_group_decorator.py
[2021-11-15 07:28:43,222] {processor.py:620} INFO - Processing file /home/airflow/.local/lib/python3.7/site-packages/airflow/example_dags/example_task_group_decorator.py for tasks to queue
[2021-11-15 07:28:43,222] {logging_mixin.py:109} INFO - [2021-11-15 07:28:43,222] {dagbag.py:500} INFO - Filling up the DagBag from /home/airflow/.local/lib/python3.7/site-packages/airflow/example_dags/example_task_group_decorator.py
[2021-11-15 07:28:43,263] {processor.py:632} INFO - DAG(s) dict_keys(['example_task_group_decorator']) retrieved from /home/airflow/.local/lib/python3.7/site-packages/airflow/example_dags/example_task_group_decorator.py
[2021-11-15 07:28:43,542] {logging_mixin.py:109} INFO - [2021-11-15 07:28:43,541] {dag.py:2389} INFO - Sync 1 DAGs
[2021-11-15 07:28:43,553] {logging_mixin.py:109} INFO - [2021-11-15 07:28:43,553] {dag.py:2921} INFO - Setting next_dagrun for example_task_group_decorator to 2021-11-14T07:28:43.553389+00:00
[2021-11-15 07:28:43,563] {processor.py:171} INFO - Processing /home/airflow/.local/lib/python3.7/site-packages/airflow/example_dags/example_task_group_decorator.py took 0.346 seconds
[2021-11-15 07:29:14,457] {processor.py:163} INFO - Started process (PID=515) to work on /home/airflow/.local/lib/python3.7/site-packages/airflow/example_dags/example_task_group_decorator.py
[2021-11-15 07:29:14,463] {processor.py:620} INFO - Processing file /home/airflow/.local/lib/python3.7/site-packages/airflow/example_dags/example_task_group_decorator.py for tasks to queue
[2021-11-15 07:29:14,464] {logging_mixin.py:109} INFO - [2021-11-15 07:29:14,464] {dagbag.py:500} INFO - Filling up the DagBag from /home/airflow/.local/lib/python3.7/site-packages/airflow/example_dags/example_task_group_decorator.py
[2021-11-15 07:29:14,501] {processor.py:632} INFO - DAG(s) dict_keys(['example_task_group_decorator']) retrieved from /home/airflow/.local/lib/python3.7/site-packages/airflow/example_dags/example_task_group_decorator.py
[2021-11-15 07:29:14,761] {logging_mixin.py:109} INFO - [2021-11-15 07:29:14,760] {dag.py:2389} INFO - Sync 1 DAGs
[2021-11-15 07:29:14,772] {logging_mixin.py:109} INFO - [2021-11-15 07:29:14,772] {dag.py:2921} INFO - Setting next_dagrun for example_task_group_decorator to 2021-11-14T07:29:14.772643+00:00
[2021-11-15 07:29:14,781] {processor.py:171} INFO - Processing /home/airflow/.local/lib/python3.7/site-packages/airflow/example_dags/example_task_group_decorator.py took 0.327 seconds
[2021-11-15 07:29:45,723] {processor.py:163} INFO - Started process (PID=566) to work on /home/airflow/.local/lib/python3.7/site-packages/airflow/example_dags/example_task_group_decorator.py
[2021-11-15 07:29:45,725] {processor.py:620} INFO - Processing file /home/airflow/.local/lib/python3.7/site-packages/airflow/example_dags/example_task_group_decorator.py for tasks to queue
[2021-11-15 07:29:45,726] {logging_mixin.py:109} INFO - [2021-11-15 07:29:45,726] {dagbag.py:500} INFO - Filling up the DagBag from /home/airflow/.local/lib/python3.7/site-packages/airflow/example_dags/example_task_group_decorator.py
[2021-11-15 07:29:45,772] {processor.py:632} INFO - DAG(s) dict_keys(['example_task_group_decorator']) retrieved from /home/airflow/.local/lib/python3.7/site-packages/airflow/example_dags/example_task_group_decorator.py
[2021-11-15 07:29:46,044] {logging_mixin.py:109} INFO - [2021-11-15 07:29:46,044] {dag.py:2389} INFO - Sync 1 DAGs
[2021-11-15 07:29:46,057] {logging_mixin.py:109} INFO - [2021-11-15 07:29:46,057] {dag.py:2921} INFO - Setting next_dagrun for example_task_group_decorator to 2021-11-14T07:29:46.057452+00:00
[2021-11-15 07:29:46,066] {processor.py:171} INFO - Processing /home/airflow/.local/lib/python3.7/site-packages/airflow/example_dags/example_task_group_decorator.py took 0.346 seconds
[2021-11-15 07:30:16,527] {processor.py:163} INFO - Started process (PID=623) to work on /home/airflow/.local/lib/python3.7/site-packages/airflow/example_dags/example_task_group_decorator.py
[2021-11-15 07:30:16,528] {processor.py:620} INFO - Processing file /home/airflow/.local/lib/python3.7/site-packages/airflow/example_dags/example_task_group_decorator.py for tasks to queue
[2021-11-15 07:30:16,529] {logging_mixin.py:109} INFO - [2021-11-15 07:30:16,528] {dagbag.py:500} INFO - Filling up the DagBag from /home/airflow/.local/lib/python3.7/site-packages/airflow/example_dags/example_task_group_decorator.py
[2021-11-15 07:30:16,565] {processor.py:632} INFO - DAG(s) dict_keys(['example_task_group_decorator']) retrieved from /home/airflow/.local/lib/python3.7/site-packages/airflow/example_dags/example_task_group_decorator.py
[2021-11-15 07:30:16,839] {logging_mixin.py:109} INFO - [2021-11-15 07:30:16,839] {dag.py:2389} INFO - Sync 1 DAGs
[2021-11-15 07:30:16,850] {logging_mixin.py:109} INFO - [2021-11-15 07:30:16,850] {dag.py:2921} INFO - Setting next_dagrun for example_task_group_decorator to 2021-11-14T07:30:16.850656+00:00
[2021-11-15 07:30:16,861] {processor.py:171} INFO - Processing /home/airflow/.local/lib/python3.7/site-packages/airflow/example_dags/example_task_group_decorator.py took 0.337 seconds
[2021-11-15 07:30:46,998] {processor.py:163} INFO - Started process (PID=673) to work on /home/airflow/.local/lib/python3.7/site-packages/airflow/example_dags/example_task_group_decorator.py
[2021-11-15 07:30:46,999] {processor.py:620} INFO - Processing file /home/airflow/.local/lib/python3.7/site-packages/airflow/example_dags/example_task_group_decorator.py for tasks to queue
[2021-11-15 07:30:47,000] {logging_mixin.py:109} INFO - [2021-11-15 07:30:47,000] {dagbag.py:500} INFO - Filling up the DagBag from /home/airflow/.local/lib/python3.7/site-packages/airflow/example_dags/example_task_group_decorator.py
[2021-11-15 07:30:47,036] {processor.py:632} INFO - DAG(s) dict_keys(['example_task_group_decorator']) retrieved from /home/airflow/.local/lib/python3.7/site-packages/airflow/example_dags/example_task_group_decorator.py
[2021-11-15 07:30:47,314] {logging_mixin.py:109} INFO - [2021-11-15 07:30:47,314] {dag.py:2389} INFO - Sync 1 DAGs
[2021-11-15 07:30:47,326] {logging_mixin.py:109} INFO - [2021-11-15 07:30:47,326] {dag.py:2921} INFO - Setting next_dagrun for example_task_group_decorator to 2021-11-14T07:30:47.326139+00:00
[2021-11-15 07:30:47,336] {processor.py:171} INFO - Processing /home/airflow/.local/lib/python3.7/site-packages/airflow/example_dags/example_task_group_decorator.py took 0.340 seconds
[2021-11-15 07:31:17,442] {processor.py:163} INFO - Started process (PID=730) to work on /home/airflow/.local/lib/python3.7/site-packages/airflow/example_dags/example_task_group_decorator.py
[2021-11-15 07:31:17,444] {processor.py:620} INFO - Processing file /home/airflow/.local/lib/python3.7/site-packages/airflow/example_dags/example_task_group_decorator.py for tasks to queue
[2021-11-15 07:31:17,444] {logging_mixin.py:109} INFO - [2021-11-15 07:31:17,444] {dagbag.py:500} INFO - Filling up the DagBag from /home/airflow/.local/lib/python3.7/site-packages/airflow/example_dags/example_task_group_decorator.py
[2021-11-15 07:31:17,485] {processor.py:632} INFO - DAG(s) dict_keys(['example_task_group_decorator']) retrieved from /home/airflow/.local/lib/python3.7/site-packages/airflow/example_dags/example_task_group_decorator.py
[2021-11-15 07:31:17,742] {logging_mixin.py:109} INFO - [2021-11-15 07:31:17,742] {dag.py:2389} INFO - Sync 1 DAGs
[2021-11-15 07:31:17,754] {logging_mixin.py:109} INFO - [2021-11-15 07:31:17,754] {dag.py:2921} INFO - Setting next_dagrun for example_task_group_decorator to 2021-11-14T07:31:17.754367+00:00
[2021-11-15 07:31:17,764] {processor.py:171} INFO - Processing /home/airflow/.local/lib/python3.7/site-packages/airflow/example_dags/example_task_group_decorator.py took 0.324 seconds
[2021-11-15 07:31:47,817] {processor.py:163} INFO - Started process (PID=781) to work on /home/airflow/.local/lib/python3.7/site-packages/airflow/example_dags/example_task_group_decorator.py
[2021-11-15 07:31:47,819] {processor.py:620} INFO - Processing file /home/airflow/.local/lib/python3.7/site-packages/airflow/example_dags/example_task_group_decorator.py for tasks to queue
[2021-11-15 07:31:47,820] {logging_mixin.py:109} INFO - [2021-11-15 07:31:47,820] {dagbag.py:500} INFO - Filling up the DagBag from /home/airflow/.local/lib/python3.7/site-packages/airflow/example_dags/example_task_group_decorator.py
[2021-11-15 07:31:47,864] {processor.py:632} INFO - DAG(s) dict_keys(['example_task_group_decorator']) retrieved from /home/airflow/.local/lib/python3.7/site-packages/airflow/example_dags/example_task_group_decorator.py
[2021-11-15 07:31:48,148] {logging_mixin.py:109} INFO - [2021-11-15 07:31:48,148] {dag.py:2389} INFO - Sync 1 DAGs
[2021-11-15 07:31:48,160] {logging_mixin.py:109} INFO - [2021-11-15 07:31:48,160] {dag.py:2921} INFO - Setting next_dagrun for example_task_group_decorator to 2021-11-14T07:31:48.160621+00:00
[2021-11-15 07:31:48,170] {processor.py:171} INFO - Processing /home/airflow/.local/lib/python3.7/site-packages/airflow/example_dags/example_task_group_decorator.py took 0.356 seconds
[2021-11-15 07:32:18,289] {processor.py:163} INFO - Started process (PID=838) to work on /home/airflow/.local/lib/python3.7/site-packages/airflow/example_dags/example_task_group_decorator.py
[2021-11-15 07:32:18,291] {processor.py:620} INFO - Processing file /home/airflow/.local/lib/python3.7/site-packages/airflow/example_dags/example_task_group_decorator.py for tasks to queue
[2021-11-15 07:32:18,292] {logging_mixin.py:109} INFO - [2021-11-15 07:32:18,292] {dagbag.py:500} INFO - Filling up the DagBag from /home/airflow/.local/lib/python3.7/site-packages/airflow/example_dags/example_task_group_decorator.py
[2021-11-15 07:32:18,335] {processor.py:632} INFO - DAG(s) dict_keys(['example_task_group_decorator']) retrieved from /home/airflow/.local/lib/python3.7/site-packages/airflow/example_dags/example_task_group_decorator.py
[2021-11-15 07:32:18,601] {logging_mixin.py:109} INFO - [2021-11-15 07:32:18,601] {dag.py:2389} INFO - Sync 1 DAGs
[2021-11-15 07:32:18,613] {logging_mixin.py:109} INFO - [2021-11-15 07:32:18,613] {dag.py:2921} INFO - Setting next_dagrun for example_task_group_decorator to 2021-11-14T07:32:18.613121+00:00
[2021-11-15 07:32:18,625] {processor.py:171} INFO - Processing /home/airflow/.local/lib/python3.7/site-packages/airflow/example_dags/example_task_group_decorator.py took 0.339 seconds
[2021-11-15 07:32:48,749] {processor.py:163} INFO - Started process (PID=887) to work on /home/airflow/.local/lib/python3.7/site-packages/airflow/example_dags/example_task_group_decorator.py
[2021-11-15 07:32:48,751] {processor.py:620} INFO - Processing file /home/airflow/.local/lib/python3.7/site-packages/airflow/example_dags/example_task_group_decorator.py for tasks to queue
[2021-11-15 07:32:48,751] {logging_mixin.py:109} INFO - [2021-11-15 07:32:48,751] {dagbag.py:500} INFO - Filling up the DagBag from /home/airflow/.local/lib/python3.7/site-packages/airflow/example_dags/example_task_group_decorator.py
[2021-11-15 07:32:48,790] {processor.py:632} INFO - DAG(s) dict_keys(['example_task_group_decorator']) retrieved from /home/airflow/.local/lib/python3.7/site-packages/airflow/example_dags/example_task_group_decorator.py
[2021-11-15 07:32:49,085] {logging_mixin.py:109} INFO - [2021-11-15 07:32:49,085] {dag.py:2389} INFO - Sync 1 DAGs
[2021-11-15 07:32:49,100] {logging_mixin.py:109} INFO - [2021-11-15 07:32:49,100] {dag.py:2921} INFO - Setting next_dagrun for example_task_group_decorator to 2021-11-14T07:32:49.100561+00:00
[2021-11-15 07:32:49,111] {processor.py:171} INFO - Processing /home/airflow/.local/lib/python3.7/site-packages/airflow/example_dags/example_task_group_decorator.py took 0.365 seconds
[2021-11-15 07:33:19,207] {processor.py:163} INFO - Started process (PID=947) to work on /home/airflow/.local/lib/python3.7/site-packages/airflow/example_dags/example_task_group_decorator.py
[2021-11-15 07:33:19,209] {processor.py:620} INFO - Processing file /home/airflow/.local/lib/python3.7/site-packages/airflow/example_dags/example_task_group_decorator.py for tasks to queue
[2021-11-15 07:33:19,209] {logging_mixin.py:109} INFO - [2021-11-15 07:33:19,209] {dagbag.py:500} INFO - Filling up the DagBag from /home/airflow/.local/lib/python3.7/site-packages/airflow/example_dags/example_task_group_decorator.py
[2021-11-15 07:33:19,248] {processor.py:632} INFO - DAG(s) dict_keys(['example_task_group_decorator']) retrieved from /home/airflow/.local/lib/python3.7/site-packages/airflow/example_dags/example_task_group_decorator.py
[2021-11-15 07:33:19,515] {logging_mixin.py:109} INFO - [2021-11-15 07:33:19,515] {dag.py:2389} INFO - Sync 1 DAGs
[2021-11-15 07:33:19,527] {logging_mixin.py:109} INFO - [2021-11-15 07:33:19,527] {dag.py:2921} INFO - Setting next_dagrun for example_task_group_decorator to 2021-11-14T07:33:19.526990+00:00
[2021-11-15 07:33:19,536] {processor.py:171} INFO - Processing /home/airflow/.local/lib/python3.7/site-packages/airflow/example_dags/example_task_group_decorator.py took 0.332 seconds
[2021-11-15 07:33:49,661] {processor.py:163} INFO - Started process (PID=996) to work on /home/airflow/.local/lib/python3.7/site-packages/airflow/example_dags/example_task_group_decorator.py
[2021-11-15 07:33:49,664] {processor.py:620} INFO - Processing file /home/airflow/.local/lib/python3.7/site-packages/airflow/example_dags/example_task_group_decorator.py for tasks to queue
[2021-11-15 07:33:49,665] {logging_mixin.py:109} INFO - [2021-11-15 07:33:49,665] {dagbag.py:500} INFO - Filling up the DagBag from /home/airflow/.local/lib/python3.7/site-packages/airflow/example_dags/example_task_group_decorator.py
[2021-11-15 07:33:49,714] {processor.py:632} INFO - DAG(s) dict_keys(['example_task_group_decorator']) retrieved from /home/airflow/.local/lib/python3.7/site-packages/airflow/example_dags/example_task_group_decorator.py
[2021-11-15 07:33:49,993] {logging_mixin.py:109} INFO - [2021-11-15 07:33:49,993] {dag.py:2389} INFO - Sync 1 DAGs
[2021-11-15 07:33:50,005] {logging_mixin.py:109} INFO - [2021-11-15 07:33:50,005] {dag.py:2921} INFO - Setting next_dagrun for example_task_group_decorator to 2021-11-14T07:33:50.005392+00:00
[2021-11-15 07:33:50,016] {processor.py:171} INFO - Processing /home/airflow/.local/lib/python3.7/site-packages/airflow/example_dags/example_task_group_decorator.py took 0.363 seconds
[2021-11-15 07:34:20,232] {processor.py:163} INFO - Started process (PID=1055) to work on /home/airflow/.local/lib/python3.7/site-packages/airflow/example_dags/example_task_group_decorator.py
[2021-11-15 07:34:20,234] {processor.py:620} INFO - Processing file /home/airflow/.local/lib/python3.7/site-packages/airflow/example_dags/example_task_group_decorator.py for tasks to queue
[2021-11-15 07:34:20,234] {logging_mixin.py:109} INFO - [2021-11-15 07:34:20,234] {dagbag.py:500} INFO - Filling up the DagBag from /home/airflow/.local/lib/python3.7/site-packages/airflow/example_dags/example_task_group_decorator.py
[2021-11-15 07:34:20,269] {processor.py:632} INFO - DAG(s) dict_keys(['example_task_group_decorator']) retrieved from /home/airflow/.local/lib/python3.7/site-packages/airflow/example_dags/example_task_group_decorator.py
[2021-11-15 07:34:20,553] {logging_mixin.py:109} INFO - [2021-11-15 07:34:20,553] {dag.py:2389} INFO - Sync 1 DAGs
[2021-11-15 07:34:20,566] {logging_mixin.py:109} INFO - [2021-11-15 07:34:20,566] {dag.py:2921} INFO - Setting next_dagrun for example_task_group_decorator to 2021-11-14T07:34:20.565832+00:00
[2021-11-15 07:34:20,576] {processor.py:171} INFO - Processing /home/airflow/.local/lib/python3.7/site-packages/airflow/example_dags/example_task_group_decorator.py took 0.346 seconds
[2021-11-15 07:34:50,801] {processor.py:163} INFO - Started process (PID=1104) to work on /home/airflow/.local/lib/python3.7/site-packages/airflow/example_dags/example_task_group_decorator.py
[2021-11-15 07:34:50,802] {processor.py:620} INFO - Processing file /home/airflow/.local/lib/python3.7/site-packages/airflow/example_dags/example_task_group_decorator.py for tasks to queue
[2021-11-15 07:34:50,803] {logging_mixin.py:109} INFO - [2021-11-15 07:34:50,803] {dagbag.py:500} INFO - Filling up the DagBag from /home/airflow/.local/lib/python3.7/site-packages/airflow/example_dags/example_task_group_decorator.py
[2021-11-15 07:34:50,840] {processor.py:632} INFO - DAG(s) dict_keys(['example_task_group_decorator']) retrieved from /home/airflow/.local/lib/python3.7/site-packages/airflow/example_dags/example_task_group_decorator.py
[2021-11-15 07:34:51,095] {logging_mixin.py:109} INFO - [2021-11-15 07:34:51,095] {dag.py:2389} INFO - Sync 1 DAGs
[2021-11-15 07:34:51,108] {logging_mixin.py:109} INFO - [2021-11-15 07:34:51,108] {dag.py:2921} INFO - Setting next_dagrun for example_task_group_decorator to 2021-11-14T07:34:51.108372+00:00
[2021-11-15 07:34:51,119] {processor.py:171} INFO - Processing /home/airflow/.local/lib/python3.7/site-packages/airflow/example_dags/example_task_group_decorator.py took 0.322 seconds
[2021-11-15 07:35:21,298] {processor.py:163} INFO - Started process (PID=1161) to work on /home/airflow/.local/lib/python3.7/site-packages/airflow/example_dags/example_task_group_decorator.py
[2021-11-15 07:35:21,299] {processor.py:620} INFO - Processing file /home/airflow/.local/lib/python3.7/site-packages/airflow/example_dags/example_task_group_decorator.py for tasks to queue
[2021-11-15 07:35:21,300] {logging_mixin.py:109} INFO - [2021-11-15 07:35:21,300] {dagbag.py:500} INFO - Filling up the DagBag from /home/airflow/.local/lib/python3.7/site-packages/airflow/example_dags/example_task_group_decorator.py
[2021-11-15 07:35:21,336] {processor.py:632} INFO - DAG(s) dict_keys(['example_task_group_decorator']) retrieved from /home/airflow/.local/lib/python3.7/site-packages/airflow/example_dags/example_task_group_decorator.py
[2021-11-15 07:35:21,597] {logging_mixin.py:109} INFO - [2021-11-15 07:35:21,596] {dag.py:2389} INFO - Sync 1 DAGs
[2021-11-15 07:35:21,608] {logging_mixin.py:109} INFO - [2021-11-15 07:35:21,608] {dag.py:2921} INFO - Setting next_dagrun for example_task_group_decorator to 2021-11-14T07:35:21.608640+00:00
[2021-11-15 07:35:21,618] {processor.py:171} INFO - Processing /home/airflow/.local/lib/python3.7/site-packages/airflow/example_dags/example_task_group_decorator.py took 0.323 seconds
[2021-11-15 07:35:51,738] {processor.py:163} INFO - Started process (PID=1210) to work on /home/airflow/.local/lib/python3.7/site-packages/airflow/example_dags/example_task_group_decorator.py
[2021-11-15 07:35:51,740] {processor.py:620} INFO - Processing file /home/airflow/.local/lib/python3.7/site-packages/airflow/example_dags/example_task_group_decorator.py for tasks to queue
[2021-11-15 07:35:51,740] {logging_mixin.py:109} INFO - [2021-11-15 07:35:51,740] {dagbag.py:500} INFO - Filling up the DagBag from /home/airflow/.local/lib/python3.7/site-packages/airflow/example_dags/example_task_group_decorator.py
[2021-11-15 07:35:51,787] {processor.py:632} INFO - DAG(s) dict_keys(['example_task_group_decorator']) retrieved from /home/airflow/.local/lib/python3.7/site-packages/airflow/example_dags/example_task_group_decorator.py
[2021-11-15 07:35:52,079] {logging_mixin.py:109} INFO - [2021-11-15 07:35:52,079] {dag.py:2389} INFO - Sync 1 DAGs
[2021-11-15 07:35:52,092] {logging_mixin.py:109} INFO - [2021-11-15 07:35:52,092] {dag.py:2921} INFO - Setting next_dagrun for example_task_group_decorator to 2021-11-14T07:35:52.091916+00:00
[2021-11-15 07:35:52,102] {processor.py:171} INFO - Processing /home/airflow/.local/lib/python3.7/site-packages/airflow/example_dags/example_task_group_decorator.py took 0.370 seconds
[2021-11-15 07:36:22,318] {processor.py:163} INFO - Started process (PID=1260) to work on /home/airflow/.local/lib/python3.7/site-packages/airflow/example_dags/example_task_group_decorator.py
[2021-11-15 07:36:22,320] {processor.py:620} INFO - Processing file /home/airflow/.local/lib/python3.7/site-packages/airflow/example_dags/example_task_group_decorator.py for tasks to queue
[2021-11-15 07:36:22,321] {logging_mixin.py:109} INFO - [2021-11-15 07:36:22,321] {dagbag.py:500} INFO - Filling up the DagBag from /home/airflow/.local/lib/python3.7/site-packages/airflow/example_dags/example_task_group_decorator.py
[2021-11-15 07:36:22,367] {processor.py:632} INFO - DAG(s) dict_keys(['example_task_group_decorator']) retrieved from /home/airflow/.local/lib/python3.7/site-packages/airflow/example_dags/example_task_group_decorator.py
[2021-11-15 07:36:22,636] {logging_mixin.py:109} INFO - [2021-11-15 07:36:22,636] {dag.py:2389} INFO - Sync 1 DAGs
[2021-11-15 07:36:22,649] {logging_mixin.py:109} INFO - [2021-11-15 07:36:22,649] {dag.py:2921} INFO - Setting next_dagrun for example_task_group_decorator to 2021-11-14T07:36:22.649379+00:00
[2021-11-15 07:36:22,661] {processor.py:171} INFO - Processing /home/airflow/.local/lib/python3.7/site-packages/airflow/example_dags/example_task_group_decorator.py took 0.346 seconds
[2021-11-15 07:36:52,829] {processor.py:163} INFO - Started process (PID=1317) to work on /home/airflow/.local/lib/python3.7/site-packages/airflow/example_dags/example_task_group_decorator.py
[2021-11-15 07:36:52,833] {processor.py:620} INFO - Processing file /home/airflow/.local/lib/python3.7/site-packages/airflow/example_dags/example_task_group_decorator.py for tasks to queue
[2021-11-15 07:36:52,834] {logging_mixin.py:109} INFO - [2021-11-15 07:36:52,834] {dagbag.py:500} INFO - Filling up the DagBag from /home/airflow/.local/lib/python3.7/site-packages/airflow/example_dags/example_task_group_decorator.py
[2021-11-15 07:36:52,876] {processor.py:632} INFO - DAG(s) dict_keys(['example_task_group_decorator']) retrieved from /home/airflow/.local/lib/python3.7/site-packages/airflow/example_dags/example_task_group_decorator.py
[2021-11-15 07:36:53,203] {logging_mixin.py:109} INFO - [2021-11-15 07:36:53,203] {dag.py:2389} INFO - Sync 1 DAGs
[2021-11-15 07:36:53,219] {logging_mixin.py:109} INFO - [2021-11-15 07:36:53,219] {dag.py:2921} INFO - Setting next_dagrun for example_task_group_decorator to 2021-11-14T07:36:53.219269+00:00
[2021-11-15 07:36:53,230] {processor.py:171} INFO - Processing /home/airflow/.local/lib/python3.7/site-packages/airflow/example_dags/example_task_group_decorator.py took 0.405 seconds
[2021-11-15 07:37:24,150] {processor.py:163} INFO - Started process (PID=1369) to work on /home/airflow/.local/lib/python3.7/site-packages/airflow/example_dags/example_task_group_decorator.py
[2021-11-15 07:37:24,151] {processor.py:620} INFO - Processing file /home/airflow/.local/lib/python3.7/site-packages/airflow/example_dags/example_task_group_decorator.py for tasks to queue
[2021-11-15 07:37:24,152] {logging_mixin.py:109} INFO - [2021-11-15 07:37:24,152] {dagbag.py:500} INFO - Filling up the DagBag from /home/airflow/.local/lib/python3.7/site-packages/airflow/example_dags/example_task_group_decorator.py
[2021-11-15 07:37:24,185] {processor.py:632} INFO - DAG(s) dict_keys(['example_task_group_decorator']) retrieved from /home/airflow/.local/lib/python3.7/site-packages/airflow/example_dags/example_task_group_decorator.py
[2021-11-15 07:37:24,456] {logging_mixin.py:109} INFO - [2021-11-15 07:37:24,456] {dag.py:2389} INFO - Sync 1 DAGs
[2021-11-15 07:37:24,470] {logging_mixin.py:109} INFO - [2021-11-15 07:37:24,470] {dag.py:2921} INFO - Setting next_dagrun for example_task_group_decorator to 2021-11-14T07:37:24.470052+00:00
[2021-11-15 07:37:24,481] {processor.py:171} INFO - Processing /home/airflow/.local/lib/python3.7/site-packages/airflow/example_dags/example_task_group_decorator.py took 0.333 seconds
[2021-11-15 07:37:54,554] {processor.py:163} INFO - Started process (PID=1427) to work on /home/airflow/.local/lib/python3.7/site-packages/airflow/example_dags/example_task_group_decorator.py
[2021-11-15 07:37:54,555] {processor.py:620} INFO - Processing file /home/airflow/.local/lib/python3.7/site-packages/airflow/example_dags/example_task_group_decorator.py for tasks to queue
[2021-11-15 07:37:54,555] {logging_mixin.py:109} INFO - [2021-11-15 07:37:54,555] {dagbag.py:500} INFO - Filling up the DagBag from /home/airflow/.local/lib/python3.7/site-packages/airflow/example_dags/example_task_group_decorator.py
[2021-11-15 07:37:54,594] {processor.py:632} INFO - DAG(s) dict_keys(['example_task_group_decorator']) retrieved from /home/airflow/.local/lib/python3.7/site-packages/airflow/example_dags/example_task_group_decorator.py
[2021-11-15 07:37:54,888] {logging_mixin.py:109} INFO - [2021-11-15 07:37:54,888] {dag.py:2389} INFO - Sync 1 DAGs
[2021-11-15 07:37:54,905] {logging_mixin.py:109} INFO - [2021-11-15 07:37:54,905] {dag.py:2921} INFO - Setting next_dagrun for example_task_group_decorator to 2021-11-14T07:37:54.905024+00:00
[2021-11-15 07:37:54,916] {processor.py:171} INFO - Processing /home/airflow/.local/lib/python3.7/site-packages/airflow/example_dags/example_task_group_decorator.py took 0.365 seconds
