[2021-11-15 07:27:15,704] {processor.py:163} INFO - Started process (PID=135) to work on /home/airflow/.local/lib/python3.7/site-packages/airflow/example_dags/example_xcomargs.py
[2021-11-15 07:27:15,705] {processor.py:620} INFO - Processing file /home/airflow/.local/lib/python3.7/site-packages/airflow/example_dags/example_xcomargs.py for tasks to queue
[2021-11-15 07:27:15,705] {logging_mixin.py:109} INFO - [2021-11-15 07:27:15,705] {dagbag.py:500} INFO - Filling up the DagBag from /home/airflow/.local/lib/python3.7/site-packages/airflow/example_dags/example_xcomargs.py
[2021-11-15 07:27:15,738] {processor.py:632} INFO - DAG(s) dict_keys(['example_xcom_args', 'example_xcom_args_with_operators']) retrieved from /home/airflow/.local/lib/python3.7/site-packages/airflow/example_dags/example_xcomargs.py
[2021-11-15 07:27:17,720] {logging_mixin.py:109} INFO - [2021-11-15 07:27:17,720] {providers_manager.py:156} WARNING - Exception when importing 'airflow.providers.google.leveldb.hooks.leveldb.LevelDBHook' from 'apache-airflow-providers-google' package: No module named 'plyvel'
[2021-11-15 07:27:18,271] {logging_mixin.py:109} INFO - [2021-11-15 07:27:18,271] {providers_manager.py:156} WARNING - Exception when importing 'airflow.providers.google.leveldb.hooks.leveldb.LevelDBHook' from 'apache-airflow-providers-google' package: No module named 'plyvel'
[2021-11-15 07:27:18,297] {logging_mixin.py:109} INFO - [2021-11-15 07:27:18,297] {manager.py:496} INFO - Created Permission View: can edit on DAG:example_xcom_args
[2021-11-15 07:27:18,306] {logging_mixin.py:109} INFO - [2021-11-15 07:27:18,306] {manager.py:496} INFO - Created Permission View: can read on DAG:example_xcom_args
[2021-11-15 07:27:18,327] {logging_mixin.py:109} INFO - [2021-11-15 07:27:18,327] {manager.py:496} INFO - Created Permission View: can edit on DAG:example_xcom_args_with_operators
[2021-11-15 07:27:18,337] {logging_mixin.py:109} INFO - [2021-11-15 07:27:18,337] {manager.py:496} INFO - Created Permission View: can read on DAG:example_xcom_args_with_operators
[2021-11-15 07:27:18,337] {logging_mixin.py:109} INFO - [2021-11-15 07:27:18,337] {dag.py:2389} INFO - Sync 2 DAGs
[2021-11-15 07:27:18,346] {logging_mixin.py:109} INFO - [2021-11-15 07:27:18,345] {dag.py:2408} INFO - Creating ORM DAG for example_xcom_args_with_operators
[2021-11-15 07:27:18,346] {logging_mixin.py:109} INFO - [2021-11-15 07:27:18,346] {dag.py:2408} INFO - Creating ORM DAG for example_xcom_args
[2021-11-15 07:27:18,356] {logging_mixin.py:109} INFO - [2021-11-15 07:27:18,356] {dag.py:2921} INFO - Setting next_dagrun for example_xcom_args to None
[2021-11-15 07:27:18,357] {logging_mixin.py:109} INFO - [2021-11-15 07:27:18,356] {dag.py:2921} INFO - Setting next_dagrun for example_xcom_args_with_operators to None
[2021-11-15 07:27:18,371] {processor.py:171} INFO - Processing /home/airflow/.local/lib/python3.7/site-packages/airflow/example_dags/example_xcomargs.py took 2.670 seconds
[2021-11-15 07:27:49,398] {processor.py:163} INFO - Started process (PID=363) to work on /home/airflow/.local/lib/python3.7/site-packages/airflow/example_dags/example_xcomargs.py
[2021-11-15 07:27:49,401] {processor.py:620} INFO - Processing file /home/airflow/.local/lib/python3.7/site-packages/airflow/example_dags/example_xcomargs.py for tasks to queue
[2021-11-15 07:27:49,402] {logging_mixin.py:109} INFO - [2021-11-15 07:27:49,402] {dagbag.py:500} INFO - Filling up the DagBag from /home/airflow/.local/lib/python3.7/site-packages/airflow/example_dags/example_xcomargs.py
[2021-11-15 07:27:49,450] {processor.py:632} INFO - DAG(s) dict_keys(['example_xcom_args', 'example_xcom_args_with_operators']) retrieved from /home/airflow/.local/lib/python3.7/site-packages/airflow/example_dags/example_xcomargs.py
[2021-11-15 07:27:49,719] {logging_mixin.py:109} INFO - [2021-11-15 07:27:49,719] {dag.py:2389} INFO - Sync 2 DAGs
[2021-11-15 07:27:49,732] {logging_mixin.py:109} INFO - [2021-11-15 07:27:49,732] {dag.py:2921} INFO - Setting next_dagrun for example_xcom_args to None
[2021-11-15 07:27:49,733] {logging_mixin.py:109} INFO - [2021-11-15 07:27:49,733] {dag.py:2921} INFO - Setting next_dagrun for example_xcom_args_with_operators to None
[2021-11-15 07:27:49,747] {processor.py:171} INFO - Processing /home/airflow/.local/lib/python3.7/site-packages/airflow/example_dags/example_xcomargs.py took 0.354 seconds
[2021-11-15 07:28:19,769] {processor.py:163} INFO - Started process (PID=414) to work on /home/airflow/.local/lib/python3.7/site-packages/airflow/example_dags/example_xcomargs.py
[2021-11-15 07:28:19,770] {processor.py:620} INFO - Processing file /home/airflow/.local/lib/python3.7/site-packages/airflow/example_dags/example_xcomargs.py for tasks to queue
[2021-11-15 07:28:19,771] {logging_mixin.py:109} INFO - [2021-11-15 07:28:19,770] {dagbag.py:500} INFO - Filling up the DagBag from /home/airflow/.local/lib/python3.7/site-packages/airflow/example_dags/example_xcomargs.py
[2021-11-15 07:28:19,804] {processor.py:632} INFO - DAG(s) dict_keys(['example_xcom_args', 'example_xcom_args_with_operators']) retrieved from /home/airflow/.local/lib/python3.7/site-packages/airflow/example_dags/example_xcomargs.py
[2021-11-15 07:28:20,075] {logging_mixin.py:109} INFO - [2021-11-15 07:28:20,075] {dag.py:2389} INFO - Sync 2 DAGs
[2021-11-15 07:28:20,089] {logging_mixin.py:109} INFO - [2021-11-15 07:28:20,088] {dag.py:2921} INFO - Setting next_dagrun for example_xcom_args to None
[2021-11-15 07:28:20,089] {logging_mixin.py:109} INFO - [2021-11-15 07:28:20,089] {dag.py:2921} INFO - Setting next_dagrun for example_xcom_args_with_operators to None
[2021-11-15 07:28:20,098] {processor.py:171} INFO - Processing /home/airflow/.local/lib/python3.7/site-packages/airflow/example_dags/example_xcomargs.py took 0.332 seconds
[2021-11-15 07:28:50,765] {processor.py:163} INFO - Started process (PID=472) to work on /home/airflow/.local/lib/python3.7/site-packages/airflow/example_dags/example_xcomargs.py
[2021-11-15 07:28:50,767] {processor.py:620} INFO - Processing file /home/airflow/.local/lib/python3.7/site-packages/airflow/example_dags/example_xcomargs.py for tasks to queue
[2021-11-15 07:28:50,767] {logging_mixin.py:109} INFO - [2021-11-15 07:28:50,767] {dagbag.py:500} INFO - Filling up the DagBag from /home/airflow/.local/lib/python3.7/site-packages/airflow/example_dags/example_xcomargs.py
[2021-11-15 07:28:50,797] {processor.py:632} INFO - DAG(s) dict_keys(['example_xcom_args', 'example_xcom_args_with_operators']) retrieved from /home/airflow/.local/lib/python3.7/site-packages/airflow/example_dags/example_xcomargs.py
[2021-11-15 07:28:51,055] {logging_mixin.py:109} INFO - [2021-11-15 07:28:51,055] {dag.py:2389} INFO - Sync 2 DAGs
[2021-11-15 07:28:51,066] {logging_mixin.py:109} INFO - [2021-11-15 07:28:51,066] {dag.py:2921} INFO - Setting next_dagrun for example_xcom_args to None
[2021-11-15 07:28:51,067] {logging_mixin.py:109} INFO - [2021-11-15 07:28:51,067] {dag.py:2921} INFO - Setting next_dagrun for example_xcom_args_with_operators to None
[2021-11-15 07:28:51,075] {processor.py:171} INFO - Processing /home/airflow/.local/lib/python3.7/site-packages/airflow/example_dags/example_xcomargs.py took 0.313 seconds
[2021-11-15 07:29:21,964] {processor.py:163} INFO - Started process (PID=522) to work on /home/airflow/.local/lib/python3.7/site-packages/airflow/example_dags/example_xcomargs.py
[2021-11-15 07:29:21,966] {processor.py:620} INFO - Processing file /home/airflow/.local/lib/python3.7/site-packages/airflow/example_dags/example_xcomargs.py for tasks to queue
[2021-11-15 07:29:21,966] {logging_mixin.py:109} INFO - [2021-11-15 07:29:21,966] {dagbag.py:500} INFO - Filling up the DagBag from /home/airflow/.local/lib/python3.7/site-packages/airflow/example_dags/example_xcomargs.py
[2021-11-15 07:29:21,993] {processor.py:632} INFO - DAG(s) dict_keys(['example_xcom_args', 'example_xcom_args_with_operators']) retrieved from /home/airflow/.local/lib/python3.7/site-packages/airflow/example_dags/example_xcomargs.py
[2021-11-15 07:29:22,248] {logging_mixin.py:109} INFO - [2021-11-15 07:29:22,248] {dag.py:2389} INFO - Sync 2 DAGs
[2021-11-15 07:29:22,260] {logging_mixin.py:109} INFO - [2021-11-15 07:29:22,260] {dag.py:2921} INFO - Setting next_dagrun for example_xcom_args to None
[2021-11-15 07:29:22,261] {logging_mixin.py:109} INFO - [2021-11-15 07:29:22,261] {dag.py:2921} INFO - Setting next_dagrun for example_xcom_args_with_operators to None
[2021-11-15 07:29:22,270] {processor.py:171} INFO - Processing /home/airflow/.local/lib/python3.7/site-packages/airflow/example_dags/example_xcomargs.py took 0.308 seconds
[2021-11-15 07:29:53,226] {processor.py:163} INFO - Started process (PID=579) to work on /home/airflow/.local/lib/python3.7/site-packages/airflow/example_dags/example_xcomargs.py
[2021-11-15 07:29:53,228] {processor.py:620} INFO - Processing file /home/airflow/.local/lib/python3.7/site-packages/airflow/example_dags/example_xcomargs.py for tasks to queue
[2021-11-15 07:29:53,228] {logging_mixin.py:109} INFO - [2021-11-15 07:29:53,228] {dagbag.py:500} INFO - Filling up the DagBag from /home/airflow/.local/lib/python3.7/site-packages/airflow/example_dags/example_xcomargs.py
[2021-11-15 07:29:53,262] {processor.py:632} INFO - DAG(s) dict_keys(['example_xcom_args', 'example_xcom_args_with_operators']) retrieved from /home/airflow/.local/lib/python3.7/site-packages/airflow/example_dags/example_xcomargs.py
[2021-11-15 07:29:53,538] {logging_mixin.py:109} INFO - [2021-11-15 07:29:53,538] {dag.py:2389} INFO - Sync 2 DAGs
[2021-11-15 07:29:53,550] {logging_mixin.py:109} INFO - [2021-11-15 07:29:53,550] {dag.py:2921} INFO - Setting next_dagrun for example_xcom_args to None
[2021-11-15 07:29:53,550] {logging_mixin.py:109} INFO - [2021-11-15 07:29:53,550] {dag.py:2921} INFO - Setting next_dagrun for example_xcom_args_with_operators to None
[2021-11-15 07:29:53,560] {processor.py:171} INFO - Processing /home/airflow/.local/lib/python3.7/site-packages/airflow/example_dags/example_xcomargs.py took 0.337 seconds
[2021-11-15 07:30:23,789] {processor.py:163} INFO - Started process (PID=628) to work on /home/airflow/.local/lib/python3.7/site-packages/airflow/example_dags/example_xcomargs.py
[2021-11-15 07:30:23,790] {processor.py:620} INFO - Processing file /home/airflow/.local/lib/python3.7/site-packages/airflow/example_dags/example_xcomargs.py for tasks to queue
[2021-11-15 07:30:23,791] {logging_mixin.py:109} INFO - [2021-11-15 07:30:23,790] {dagbag.py:500} INFO - Filling up the DagBag from /home/airflow/.local/lib/python3.7/site-packages/airflow/example_dags/example_xcomargs.py
[2021-11-15 07:30:23,816] {processor.py:632} INFO - DAG(s) dict_keys(['example_xcom_args', 'example_xcom_args_with_operators']) retrieved from /home/airflow/.local/lib/python3.7/site-packages/airflow/example_dags/example_xcomargs.py
[2021-11-15 07:30:24,149] {logging_mixin.py:109} INFO - [2021-11-15 07:30:24,148] {dag.py:2389} INFO - Sync 2 DAGs
[2021-11-15 07:30:24,164] {logging_mixin.py:109} INFO - [2021-11-15 07:30:24,164] {dag.py:2921} INFO - Setting next_dagrun for example_xcom_args to None
[2021-11-15 07:30:24,164] {logging_mixin.py:109} INFO - [2021-11-15 07:30:24,164] {dag.py:2921} INFO - Setting next_dagrun for example_xcom_args_with_operators to None
[2021-11-15 07:30:24,176] {processor.py:171} INFO - Processing /home/airflow/.local/lib/python3.7/site-packages/airflow/example_dags/example_xcomargs.py took 0.389 seconds
[2021-11-15 07:30:54,223] {processor.py:163} INFO - Started process (PID=686) to work on /home/airflow/.local/lib/python3.7/site-packages/airflow/example_dags/example_xcomargs.py
[2021-11-15 07:30:54,225] {processor.py:620} INFO - Processing file /home/airflow/.local/lib/python3.7/site-packages/airflow/example_dags/example_xcomargs.py for tasks to queue
[2021-11-15 07:30:54,225] {logging_mixin.py:109} INFO - [2021-11-15 07:30:54,225] {dagbag.py:500} INFO - Filling up the DagBag from /home/airflow/.local/lib/python3.7/site-packages/airflow/example_dags/example_xcomargs.py
[2021-11-15 07:30:54,263] {processor.py:632} INFO - DAG(s) dict_keys(['example_xcom_args', 'example_xcom_args_with_operators']) retrieved from /home/airflow/.local/lib/python3.7/site-packages/airflow/example_dags/example_xcomargs.py
[2021-11-15 07:30:54,547] {logging_mixin.py:109} INFO - [2021-11-15 07:30:54,547] {dag.py:2389} INFO - Sync 2 DAGs
[2021-11-15 07:30:54,559] {logging_mixin.py:109} INFO - [2021-11-15 07:30:54,559] {dag.py:2921} INFO - Setting next_dagrun for example_xcom_args to None
[2021-11-15 07:30:54,560] {logging_mixin.py:109} INFO - [2021-11-15 07:30:54,559] {dag.py:2921} INFO - Setting next_dagrun for example_xcom_args_with_operators to None
[2021-11-15 07:30:54,570] {processor.py:171} INFO - Processing /home/airflow/.local/lib/python3.7/site-packages/airflow/example_dags/example_xcomargs.py took 0.350 seconds
[2021-11-15 07:31:24,714] {processor.py:163} INFO - Started process (PID=735) to work on /home/airflow/.local/lib/python3.7/site-packages/airflow/example_dags/example_xcomargs.py
[2021-11-15 07:31:24,716] {processor.py:620} INFO - Processing file /home/airflow/.local/lib/python3.7/site-packages/airflow/example_dags/example_xcomargs.py for tasks to queue
[2021-11-15 07:31:24,716] {logging_mixin.py:109} INFO - [2021-11-15 07:31:24,716] {dagbag.py:500} INFO - Filling up the DagBag from /home/airflow/.local/lib/python3.7/site-packages/airflow/example_dags/example_xcomargs.py
[2021-11-15 07:31:24,765] {processor.py:632} INFO - DAG(s) dict_keys(['example_xcom_args', 'example_xcom_args_with_operators']) retrieved from /home/airflow/.local/lib/python3.7/site-packages/airflow/example_dags/example_xcomargs.py
[2021-11-15 07:31:25,060] {logging_mixin.py:109} INFO - [2021-11-15 07:31:25,060] {dag.py:2389} INFO - Sync 2 DAGs
[2021-11-15 07:31:25,072] {logging_mixin.py:109} INFO - [2021-11-15 07:31:25,072] {dag.py:2921} INFO - Setting next_dagrun for example_xcom_args to None
[2021-11-15 07:31:25,073] {logging_mixin.py:109} INFO - [2021-11-15 07:31:25,073] {dag.py:2921} INFO - Setting next_dagrun for example_xcom_args_with_operators to None
[2021-11-15 07:31:25,082] {processor.py:171} INFO - Processing /home/airflow/.local/lib/python3.7/site-packages/airflow/example_dags/example_xcomargs.py took 0.371 seconds
[2021-11-15 07:31:55,132] {processor.py:163} INFO - Started process (PID=796) to work on /home/airflow/.local/lib/python3.7/site-packages/airflow/example_dags/example_xcomargs.py
[2021-11-15 07:31:55,133] {processor.py:620} INFO - Processing file /home/airflow/.local/lib/python3.7/site-packages/airflow/example_dags/example_xcomargs.py for tasks to queue
[2021-11-15 07:31:55,134] {logging_mixin.py:109} INFO - [2021-11-15 07:31:55,133] {dagbag.py:500} INFO - Filling up the DagBag from /home/airflow/.local/lib/python3.7/site-packages/airflow/example_dags/example_xcomargs.py
[2021-11-15 07:31:55,160] {processor.py:632} INFO - DAG(s) dict_keys(['example_xcom_args', 'example_xcom_args_with_operators']) retrieved from /home/airflow/.local/lib/python3.7/site-packages/airflow/example_dags/example_xcomargs.py
[2021-11-15 07:31:55,425] {logging_mixin.py:109} INFO - [2021-11-15 07:31:55,425] {dag.py:2389} INFO - Sync 2 DAGs
[2021-11-15 07:31:55,437] {logging_mixin.py:109} INFO - [2021-11-15 07:31:55,437] {dag.py:2921} INFO - Setting next_dagrun for example_xcom_args to None
[2021-11-15 07:31:55,438] {logging_mixin.py:109} INFO - [2021-11-15 07:31:55,438] {dag.py:2921} INFO - Setting next_dagrun for example_xcom_args_with_operators to None
[2021-11-15 07:31:55,447] {processor.py:171} INFO - Processing /home/airflow/.local/lib/python3.7/site-packages/airflow/example_dags/example_xcomargs.py took 0.318 seconds
[2021-11-15 07:32:25,522] {processor.py:163} INFO - Started process (PID=843) to work on /home/airflow/.local/lib/python3.7/site-packages/airflow/example_dags/example_xcomargs.py
[2021-11-15 07:32:25,523] {processor.py:620} INFO - Processing file /home/airflow/.local/lib/python3.7/site-packages/airflow/example_dags/example_xcomargs.py for tasks to queue
[2021-11-15 07:32:25,524] {logging_mixin.py:109} INFO - [2021-11-15 07:32:25,523] {dagbag.py:500} INFO - Filling up the DagBag from /home/airflow/.local/lib/python3.7/site-packages/airflow/example_dags/example_xcomargs.py
[2021-11-15 07:32:25,551] {processor.py:632} INFO - DAG(s) dict_keys(['example_xcom_args', 'example_xcom_args_with_operators']) retrieved from /home/airflow/.local/lib/python3.7/site-packages/airflow/example_dags/example_xcomargs.py
[2021-11-15 07:32:25,819] {logging_mixin.py:109} INFO - [2021-11-15 07:32:25,819] {dag.py:2389} INFO - Sync 2 DAGs
[2021-11-15 07:32:25,831] {logging_mixin.py:109} INFO - [2021-11-15 07:32:25,831] {dag.py:2921} INFO - Setting next_dagrun for example_xcom_args to None
[2021-11-15 07:32:25,831] {logging_mixin.py:109} INFO - [2021-11-15 07:32:25,831] {dag.py:2921} INFO - Setting next_dagrun for example_xcom_args_with_operators to None
[2021-11-15 07:32:25,840] {processor.py:171} INFO - Processing /home/airflow/.local/lib/python3.7/site-packages/airflow/example_dags/example_xcomargs.py took 0.322 seconds
[2021-11-15 07:32:55,957] {processor.py:163} INFO - Started process (PID=900) to work on /home/airflow/.local/lib/python3.7/site-packages/airflow/example_dags/example_xcomargs.py
[2021-11-15 07:32:55,960] {processor.py:620} INFO - Processing file /home/airflow/.local/lib/python3.7/site-packages/airflow/example_dags/example_xcomargs.py for tasks to queue
[2021-11-15 07:32:55,961] {logging_mixin.py:109} INFO - [2021-11-15 07:32:55,960] {dagbag.py:500} INFO - Filling up the DagBag from /home/airflow/.local/lib/python3.7/site-packages/airflow/example_dags/example_xcomargs.py
[2021-11-15 07:32:55,994] {processor.py:632} INFO - DAG(s) dict_keys(['example_xcom_args', 'example_xcom_args_with_operators']) retrieved from /home/airflow/.local/lib/python3.7/site-packages/airflow/example_dags/example_xcomargs.py
[2021-11-15 07:32:56,286] {logging_mixin.py:109} INFO - [2021-11-15 07:32:56,286] {dag.py:2389} INFO - Sync 2 DAGs
[2021-11-15 07:32:56,300] {logging_mixin.py:109} INFO - [2021-11-15 07:32:56,300] {dag.py:2921} INFO - Setting next_dagrun for example_xcom_args to None
[2021-11-15 07:32:56,300] {logging_mixin.py:109} INFO - [2021-11-15 07:32:56,300] {dag.py:2921} INFO - Setting next_dagrun for example_xcom_args_with_operators to None
[2021-11-15 07:32:56,310] {processor.py:171} INFO - Processing /home/airflow/.local/lib/python3.7/site-packages/airflow/example_dags/example_xcomargs.py took 0.357 seconds
[2021-11-15 07:33:26,473] {processor.py:163} INFO - Started process (PID=952) to work on /home/airflow/.local/lib/python3.7/site-packages/airflow/example_dags/example_xcomargs.py
[2021-11-15 07:33:26,476] {processor.py:620} INFO - Processing file /home/airflow/.local/lib/python3.7/site-packages/airflow/example_dags/example_xcomargs.py for tasks to queue
[2021-11-15 07:33:26,477] {logging_mixin.py:109} INFO - [2021-11-15 07:33:26,477] {dagbag.py:500} INFO - Filling up the DagBag from /home/airflow/.local/lib/python3.7/site-packages/airflow/example_dags/example_xcomargs.py
[2021-11-15 07:33:26,512] {processor.py:632} INFO - DAG(s) dict_keys(['example_xcom_args', 'example_xcom_args_with_operators']) retrieved from /home/airflow/.local/lib/python3.7/site-packages/airflow/example_dags/example_xcomargs.py
[2021-11-15 07:33:26,800] {logging_mixin.py:109} INFO - [2021-11-15 07:33:26,800] {dag.py:2389} INFO - Sync 2 DAGs
[2021-11-15 07:33:26,813] {logging_mixin.py:109} INFO - [2021-11-15 07:33:26,813] {dag.py:2921} INFO - Setting next_dagrun for example_xcom_args to None
[2021-11-15 07:33:26,814] {logging_mixin.py:109} INFO - [2021-11-15 07:33:26,813] {dag.py:2921} INFO - Setting next_dagrun for example_xcom_args_with_operators to None
[2021-11-15 07:33:26,823] {processor.py:171} INFO - Processing /home/airflow/.local/lib/python3.7/site-packages/airflow/example_dags/example_xcomargs.py took 0.360 seconds
[2021-11-15 07:33:56,949] {processor.py:163} INFO - Started process (PID=1009) to work on /home/airflow/.local/lib/python3.7/site-packages/airflow/example_dags/example_xcomargs.py
[2021-11-15 07:33:56,951] {processor.py:620} INFO - Processing file /home/airflow/.local/lib/python3.7/site-packages/airflow/example_dags/example_xcomargs.py for tasks to queue
[2021-11-15 07:33:56,951] {logging_mixin.py:109} INFO - [2021-11-15 07:33:56,951] {dagbag.py:500} INFO - Filling up the DagBag from /home/airflow/.local/lib/python3.7/site-packages/airflow/example_dags/example_xcomargs.py
[2021-11-15 07:33:56,981] {processor.py:632} INFO - DAG(s) dict_keys(['example_xcom_args', 'example_xcom_args_with_operators']) retrieved from /home/airflow/.local/lib/python3.7/site-packages/airflow/example_dags/example_xcomargs.py
[2021-11-15 07:33:57,259] {logging_mixin.py:109} INFO - [2021-11-15 07:33:57,259] {dag.py:2389} INFO - Sync 2 DAGs
[2021-11-15 07:33:57,272] {logging_mixin.py:109} INFO - [2021-11-15 07:33:57,272] {dag.py:2921} INFO - Setting next_dagrun for example_xcom_args to None
[2021-11-15 07:33:57,272] {logging_mixin.py:109} INFO - [2021-11-15 07:33:57,272] {dag.py:2921} INFO - Setting next_dagrun for example_xcom_args_with_operators to None
[2021-11-15 07:33:57,281] {processor.py:171} INFO - Processing /home/airflow/.local/lib/python3.7/site-packages/airflow/example_dags/example_xcomargs.py took 0.334 seconds
[2021-11-15 07:34:27,478] {processor.py:163} INFO - Started process (PID=1060) to work on /home/airflow/.local/lib/python3.7/site-packages/airflow/example_dags/example_xcomargs.py
[2021-11-15 07:34:27,480] {processor.py:620} INFO - Processing file /home/airflow/.local/lib/python3.7/site-packages/airflow/example_dags/example_xcomargs.py for tasks to queue
[2021-11-15 07:34:27,482] {logging_mixin.py:109} INFO - [2021-11-15 07:34:27,481] {dagbag.py:500} INFO - Filling up the DagBag from /home/airflow/.local/lib/python3.7/site-packages/airflow/example_dags/example_xcomargs.py
[2021-11-15 07:34:27,521] {processor.py:632} INFO - DAG(s) dict_keys(['example_xcom_args', 'example_xcom_args_with_operators']) retrieved from /home/airflow/.local/lib/python3.7/site-packages/airflow/example_dags/example_xcomargs.py
[2021-11-15 07:34:27,534] {logging_mixin.py:109} INFO - [2021-11-15 07:34:27,534] {dag.py:2389} INFO - Sync 2 DAGs
[2021-11-15 07:34:27,550] {logging_mixin.py:109} INFO - [2021-11-15 07:34:27,550] {dag.py:2921} INFO - Setting next_dagrun for example_xcom_args to None
[2021-11-15 07:34:27,551] {logging_mixin.py:109} INFO - [2021-11-15 07:34:27,551] {dag.py:2921} INFO - Setting next_dagrun for example_xcom_args_with_operators to None
[2021-11-15 07:34:27,560] {processor.py:171} INFO - Processing /home/airflow/.local/lib/python3.7/site-packages/airflow/example_dags/example_xcomargs.py took 0.087 seconds
[2021-11-15 07:34:57,988] {processor.py:163} INFO - Started process (PID=1117) to work on /home/airflow/.local/lib/python3.7/site-packages/airflow/example_dags/example_xcomargs.py
[2021-11-15 07:34:57,989] {processor.py:620} INFO - Processing file /home/airflow/.local/lib/python3.7/site-packages/airflow/example_dags/example_xcomargs.py for tasks to queue
[2021-11-15 07:34:57,990] {logging_mixin.py:109} INFO - [2021-11-15 07:34:57,990] {dagbag.py:500} INFO - Filling up the DagBag from /home/airflow/.local/lib/python3.7/site-packages/airflow/example_dags/example_xcomargs.py
[2021-11-15 07:34:58,017] {processor.py:632} INFO - DAG(s) dict_keys(['example_xcom_args', 'example_xcom_args_with_operators']) retrieved from /home/airflow/.local/lib/python3.7/site-packages/airflow/example_dags/example_xcomargs.py
[2021-11-15 07:34:58,329] {logging_mixin.py:109} INFO - [2021-11-15 07:34:58,329] {dag.py:2389} INFO - Sync 2 DAGs
[2021-11-15 07:34:58,342] {logging_mixin.py:109} INFO - [2021-11-15 07:34:58,342] {dag.py:2921} INFO - Setting next_dagrun for example_xcom_args to None
[2021-11-15 07:34:58,342] {logging_mixin.py:109} INFO - [2021-11-15 07:34:58,342] {dag.py:2921} INFO - Setting next_dagrun for example_xcom_args_with_operators to None
[2021-11-15 07:34:58,355] {processor.py:171} INFO - Processing /home/airflow/.local/lib/python3.7/site-packages/airflow/example_dags/example_xcomargs.py took 0.370 seconds
[2021-11-15 07:35:28,531] {processor.py:163} INFO - Started process (PID=1166) to work on /home/airflow/.local/lib/python3.7/site-packages/airflow/example_dags/example_xcomargs.py
[2021-11-15 07:35:28,533] {processor.py:620} INFO - Processing file /home/airflow/.local/lib/python3.7/site-packages/airflow/example_dags/example_xcomargs.py for tasks to queue
[2021-11-15 07:35:28,534] {logging_mixin.py:109} INFO - [2021-11-15 07:35:28,534] {dagbag.py:500} INFO - Filling up the DagBag from /home/airflow/.local/lib/python3.7/site-packages/airflow/example_dags/example_xcomargs.py
[2021-11-15 07:35:28,565] {processor.py:632} INFO - DAG(s) dict_keys(['example_xcom_args', 'example_xcom_args_with_operators']) retrieved from /home/airflow/.local/lib/python3.7/site-packages/airflow/example_dags/example_xcomargs.py
[2021-11-15 07:35:28,578] {logging_mixin.py:109} INFO - [2021-11-15 07:35:28,578] {dag.py:2389} INFO - Sync 2 DAGs
[2021-11-15 07:35:28,593] {logging_mixin.py:109} INFO - [2021-11-15 07:35:28,593] {dag.py:2921} INFO - Setting next_dagrun for example_xcom_args to None
[2021-11-15 07:35:28,593] {logging_mixin.py:109} INFO - [2021-11-15 07:35:28,593] {dag.py:2921} INFO - Setting next_dagrun for example_xcom_args_with_operators to None
[2021-11-15 07:35:28,603] {processor.py:171} INFO - Processing /home/airflow/.local/lib/python3.7/site-packages/airflow/example_dags/example_xcomargs.py took 0.075 seconds
[2021-11-15 07:35:58,939] {processor.py:163} INFO - Started process (PID=1223) to work on /home/airflow/.local/lib/python3.7/site-packages/airflow/example_dags/example_xcomargs.py
[2021-11-15 07:35:58,940] {processor.py:620} INFO - Processing file /home/airflow/.local/lib/python3.7/site-packages/airflow/example_dags/example_xcomargs.py for tasks to queue
[2021-11-15 07:35:58,941] {logging_mixin.py:109} INFO - [2021-11-15 07:35:58,940] {dagbag.py:500} INFO - Filling up the DagBag from /home/airflow/.local/lib/python3.7/site-packages/airflow/example_dags/example_xcomargs.py
[2021-11-15 07:35:58,967] {processor.py:632} INFO - DAG(s) dict_keys(['example_xcom_args', 'example_xcom_args_with_operators']) retrieved from /home/airflow/.local/lib/python3.7/site-packages/airflow/example_dags/example_xcomargs.py
[2021-11-15 07:35:59,278] {logging_mixin.py:109} INFO - [2021-11-15 07:35:59,278] {dag.py:2389} INFO - Sync 2 DAGs
[2021-11-15 07:35:59,296] {logging_mixin.py:109} INFO - [2021-11-15 07:35:59,296] {dag.py:2921} INFO - Setting next_dagrun for example_xcom_args to None
[2021-11-15 07:35:59,296] {logging_mixin.py:109} INFO - [2021-11-15 07:35:59,296] {dag.py:2921} INFO - Setting next_dagrun for example_xcom_args_with_operators to None
[2021-11-15 07:35:59,306] {processor.py:171} INFO - Processing /home/airflow/.local/lib/python3.7/site-packages/airflow/example_dags/example_xcomargs.py took 0.369 seconds
[2021-11-15 07:36:29,525] {processor.py:163} INFO - Started process (PID=1273) to work on /home/airflow/.local/lib/python3.7/site-packages/airflow/example_dags/example_xcomargs.py
[2021-11-15 07:36:29,528] {processor.py:620} INFO - Processing file /home/airflow/.local/lib/python3.7/site-packages/airflow/example_dags/example_xcomargs.py for tasks to queue
[2021-11-15 07:36:29,529] {logging_mixin.py:109} INFO - [2021-11-15 07:36:29,528] {dagbag.py:500} INFO - Filling up the DagBag from /home/airflow/.local/lib/python3.7/site-packages/airflow/example_dags/example_xcomargs.py
[2021-11-15 07:36:29,573] {processor.py:632} INFO - DAG(s) dict_keys(['example_xcom_args', 'example_xcom_args_with_operators']) retrieved from /home/airflow/.local/lib/python3.7/site-packages/airflow/example_dags/example_xcomargs.py
[2021-11-15 07:36:29,915] {logging_mixin.py:109} INFO - [2021-11-15 07:36:29,915] {dag.py:2389} INFO - Sync 2 DAGs
[2021-11-15 07:36:29,929] {logging_mixin.py:109} INFO - [2021-11-15 07:36:29,929] {dag.py:2921} INFO - Setting next_dagrun for example_xcom_args to None
[2021-11-15 07:36:29,930] {logging_mixin.py:109} INFO - [2021-11-15 07:36:29,930] {dag.py:2921} INFO - Setting next_dagrun for example_xcom_args_with_operators to None
[2021-11-15 07:36:29,940] {processor.py:171} INFO - Processing /home/airflow/.local/lib/python3.7/site-packages/airflow/example_dags/example_xcomargs.py took 0.420 seconds
[2021-11-15 07:37:00,386] {processor.py:163} INFO - Started process (PID=1323) to work on /home/airflow/.local/lib/python3.7/site-packages/airflow/example_dags/example_xcomargs.py
[2021-11-15 07:37:00,388] {processor.py:620} INFO - Processing file /home/airflow/.local/lib/python3.7/site-packages/airflow/example_dags/example_xcomargs.py for tasks to queue
[2021-11-15 07:37:00,389] {logging_mixin.py:109} INFO - [2021-11-15 07:37:00,389] {dagbag.py:500} INFO - Filling up the DagBag from /home/airflow/.local/lib/python3.7/site-packages/airflow/example_dags/example_xcomargs.py
[2021-11-15 07:37:00,434] {processor.py:632} INFO - DAG(s) dict_keys(['example_xcom_args', 'example_xcom_args_with_operators']) retrieved from /home/airflow/.local/lib/python3.7/site-packages/airflow/example_dags/example_xcomargs.py
[2021-11-15 07:37:00,708] {logging_mixin.py:109} INFO - [2021-11-15 07:37:00,707] {dag.py:2389} INFO - Sync 2 DAGs
[2021-11-15 07:37:00,719] {logging_mixin.py:109} INFO - [2021-11-15 07:37:00,719] {dag.py:2921} INFO - Setting next_dagrun for example_xcom_args to None
[2021-11-15 07:37:00,720] {logging_mixin.py:109} INFO - [2021-11-15 07:37:00,720] {dag.py:2921} INFO - Setting next_dagrun for example_xcom_args_with_operators to None
[2021-11-15 07:37:00,729] {processor.py:171} INFO - Processing /home/airflow/.local/lib/python3.7/site-packages/airflow/example_dags/example_xcomargs.py took 0.347 seconds
[2021-11-15 07:37:31,710] {processor.py:163} INFO - Started process (PID=1383) to work on /home/airflow/.local/lib/python3.7/site-packages/airflow/example_dags/example_xcomargs.py
[2021-11-15 07:37:31,713] {processor.py:620} INFO - Processing file /home/airflow/.local/lib/python3.7/site-packages/airflow/example_dags/example_xcomargs.py for tasks to queue
[2021-11-15 07:37:31,714] {logging_mixin.py:109} INFO - [2021-11-15 07:37:31,713] {dagbag.py:500} INFO - Filling up the DagBag from /home/airflow/.local/lib/python3.7/site-packages/airflow/example_dags/example_xcomargs.py
[2021-11-15 07:37:31,766] {processor.py:632} INFO - DAG(s) dict_keys(['example_xcom_args', 'example_xcom_args_with_operators']) retrieved from /home/airflow/.local/lib/python3.7/site-packages/airflow/example_dags/example_xcomargs.py
[2021-11-15 07:37:32,051] {logging_mixin.py:109} INFO - [2021-11-15 07:37:32,050] {dag.py:2389} INFO - Sync 2 DAGs
[2021-11-15 07:37:32,062] {logging_mixin.py:109} INFO - [2021-11-15 07:37:32,062] {dag.py:2921} INFO - Setting next_dagrun for example_xcom_args to None
[2021-11-15 07:37:32,062] {logging_mixin.py:109} INFO - [2021-11-15 07:37:32,062] {dag.py:2921} INFO - Setting next_dagrun for example_xcom_args_with_operators to None
[2021-11-15 07:37:32,072] {processor.py:171} INFO - Processing /home/airflow/.local/lib/python3.7/site-packages/airflow/example_dags/example_xcomargs.py took 0.369 seconds
[2021-11-15 07:38:02,863] {processor.py:163} INFO - Started process (PID=1440) to work on /home/airflow/.local/lib/python3.7/site-packages/airflow/example_dags/example_xcomargs.py
[2021-11-15 07:38:02,865] {processor.py:620} INFO - Processing file /home/airflow/.local/lib/python3.7/site-packages/airflow/example_dags/example_xcomargs.py for tasks to queue
[2021-11-15 07:38:02,865] {logging_mixin.py:109} INFO - [2021-11-15 07:38:02,865] {dagbag.py:500} INFO - Filling up the DagBag from /home/airflow/.local/lib/python3.7/site-packages/airflow/example_dags/example_xcomargs.py
[2021-11-15 07:38:02,890] {processor.py:632} INFO - DAG(s) dict_keys(['example_xcom_args', 'example_xcom_args_with_operators']) retrieved from /home/airflow/.local/lib/python3.7/site-packages/airflow/example_dags/example_xcomargs.py
[2021-11-15 07:38:03,140] {logging_mixin.py:109} INFO - [2021-11-15 07:38:03,139] {dag.py:2389} INFO - Sync 2 DAGs
[2021-11-15 07:38:03,153] {logging_mixin.py:109} INFO - [2021-11-15 07:38:03,153] {dag.py:2921} INFO - Setting next_dagrun for example_xcom_args to None
[2021-11-15 07:38:03,153] {logging_mixin.py:109} INFO - [2021-11-15 07:38:03,153] {dag.py:2921} INFO - Setting next_dagrun for example_xcom_args_with_operators to None
[2021-11-15 07:38:03,163] {processor.py:171} INFO - Processing /home/airflow/.local/lib/python3.7/site-packages/airflow/example_dags/example_xcomargs.py took 0.302 seconds
