[2021-11-15 07:27:08,662] {processor.py:163} INFO - Started process (PID=100) to work on /home/airflow/.local/lib/python3.7/site-packages/airflow/example_dags/example_kubernetes_executor_config.py
[2021-11-15 07:27:08,663] {processor.py:620} INFO - Processing file /home/airflow/.local/lib/python3.7/site-packages/airflow/example_dags/example_kubernetes_executor_config.py for tasks to queue
[2021-11-15 07:27:08,664] {logging_mixin.py:109} INFO - [2021-11-15 07:27:08,664] {dagbag.py:500} INFO - Filling up the DagBag from /home/airflow/.local/lib/python3.7/site-packages/airflow/example_dags/example_kubernetes_executor_config.py
[2021-11-15 07:27:08,716] {processor.py:632} INFO - DAG(s) dict_keys(['example_kubernetes_executor_config']) retrieved from /home/airflow/.local/lib/python3.7/site-packages/airflow/example_dags/example_kubernetes_executor_config.py
[2021-11-15 07:27:12,094] {logging_mixin.py:109} INFO - [2021-11-15 07:27:12,094] {providers_manager.py:156} WARNING - Exception when importing 'airflow.providers.google.leveldb.hooks.leveldb.LevelDBHook' from 'apache-airflow-providers-google' package: No module named 'plyvel'
[2021-11-15 07:27:12,837] {logging_mixin.py:109} INFO - [2021-11-15 07:27:12,837] {providers_manager.py:156} WARNING - Exception when importing 'airflow.providers.google.leveldb.hooks.leveldb.LevelDBHook' from 'apache-airflow-providers-google' package: No module named 'plyvel'
[2021-11-15 07:27:12,863] {logging_mixin.py:109} INFO - [2021-11-15 07:27:12,863] {manager.py:496} INFO - Created Permission View: can edit on DAG:example_kubernetes_executor_config
[2021-11-15 07:27:12,876] {logging_mixin.py:109} INFO - [2021-11-15 07:27:12,876] {manager.py:496} INFO - Created Permission View: can read on DAG:example_kubernetes_executor_config
[2021-11-15 07:27:12,877] {logging_mixin.py:109} INFO - [2021-11-15 07:27:12,876] {dag.py:2389} INFO - Sync 1 DAGs
[2021-11-15 07:27:12,887] {logging_mixin.py:109} INFO - [2021-11-15 07:27:12,887] {dag.py:2408} INFO - Creating ORM DAG for example_kubernetes_executor_config
[2021-11-15 07:27:12,899] {logging_mixin.py:109} INFO - [2021-11-15 07:27:12,899] {dag.py:2921} INFO - Setting next_dagrun for example_kubernetes_executor_config to None
[2021-11-15 07:27:12,919] {processor.py:171} INFO - Processing /home/airflow/.local/lib/python3.7/site-packages/airflow/example_dags/example_kubernetes_executor_config.py took 4.262 seconds
[2021-11-15 07:27:43,189] {processor.py:163} INFO - Started process (PID=351) to work on /home/airflow/.local/lib/python3.7/site-packages/airflow/example_dags/example_kubernetes_executor_config.py
[2021-11-15 07:27:43,191] {processor.py:620} INFO - Processing file /home/airflow/.local/lib/python3.7/site-packages/airflow/example_dags/example_kubernetes_executor_config.py for tasks to queue
[2021-11-15 07:27:43,191] {logging_mixin.py:109} INFO - [2021-11-15 07:27:43,191] {dagbag.py:500} INFO - Filling up the DagBag from /home/airflow/.local/lib/python3.7/site-packages/airflow/example_dags/example_kubernetes_executor_config.py
[2021-11-15 07:27:43,219] {processor.py:632} INFO - DAG(s) dict_keys(['example_kubernetes_executor_config']) retrieved from /home/airflow/.local/lib/python3.7/site-packages/airflow/example_dags/example_kubernetes_executor_config.py
[2021-11-15 07:27:43,231] {logging_mixin.py:109} INFO - [2021-11-15 07:27:43,231] {dag.py:2389} INFO - Sync 1 DAGs
[2021-11-15 07:27:43,248] {logging_mixin.py:109} INFO - [2021-11-15 07:27:43,248] {dag.py:2921} INFO - Setting next_dagrun for example_kubernetes_executor_config to None
[2021-11-15 07:27:43,259] {processor.py:171} INFO - Processing /home/airflow/.local/lib/python3.7/site-packages/airflow/example_dags/example_kubernetes_executor_config.py took 0.072 seconds
[2021-11-15 07:28:13,425] {processor.py:163} INFO - Started process (PID=409) to work on /home/airflow/.local/lib/python3.7/site-packages/airflow/example_dags/example_kubernetes_executor_config.py
[2021-11-15 07:28:13,426] {processor.py:620} INFO - Processing file /home/airflow/.local/lib/python3.7/site-packages/airflow/example_dags/example_kubernetes_executor_config.py for tasks to queue
[2021-11-15 07:28:13,426] {logging_mixin.py:109} INFO - [2021-11-15 07:28:13,426] {dagbag.py:500} INFO - Filling up the DagBag from /home/airflow/.local/lib/python3.7/site-packages/airflow/example_dags/example_kubernetes_executor_config.py
[2021-11-15 07:28:13,458] {processor.py:632} INFO - DAG(s) dict_keys(['example_kubernetes_executor_config']) retrieved from /home/airflow/.local/lib/python3.7/site-packages/airflow/example_dags/example_kubernetes_executor_config.py
[2021-11-15 07:28:13,471] {logging_mixin.py:109} INFO - [2021-11-15 07:28:13,471] {dag.py:2389} INFO - Sync 1 DAGs
[2021-11-15 07:28:13,486] {logging_mixin.py:109} INFO - [2021-11-15 07:28:13,486] {dag.py:2921} INFO - Setting next_dagrun for example_kubernetes_executor_config to None
[2021-11-15 07:28:13,494] {processor.py:171} INFO - Processing /home/airflow/.local/lib/python3.7/site-packages/airflow/example_dags/example_kubernetes_executor_config.py took 0.073 seconds
[2021-11-15 07:28:43,582] {processor.py:163} INFO - Started process (PID=459) to work on /home/airflow/.local/lib/python3.7/site-packages/airflow/example_dags/example_kubernetes_executor_config.py
[2021-11-15 07:28:43,583] {processor.py:620} INFO - Processing file /home/airflow/.local/lib/python3.7/site-packages/airflow/example_dags/example_kubernetes_executor_config.py for tasks to queue
[2021-11-15 07:28:43,584] {logging_mixin.py:109} INFO - [2021-11-15 07:28:43,584] {dagbag.py:500} INFO - Filling up the DagBag from /home/airflow/.local/lib/python3.7/site-packages/airflow/example_dags/example_kubernetes_executor_config.py
[2021-11-15 07:28:43,610] {processor.py:632} INFO - DAG(s) dict_keys(['example_kubernetes_executor_config']) retrieved from /home/airflow/.local/lib/python3.7/site-packages/airflow/example_dags/example_kubernetes_executor_config.py
[2021-11-15 07:28:43,621] {logging_mixin.py:109} INFO - [2021-11-15 07:28:43,621] {dag.py:2389} INFO - Sync 1 DAGs
[2021-11-15 07:28:43,636] {logging_mixin.py:109} INFO - [2021-11-15 07:28:43,636] {dag.py:2921} INFO - Setting next_dagrun for example_kubernetes_executor_config to None
[2021-11-15 07:28:43,644] {processor.py:171} INFO - Processing /home/airflow/.local/lib/python3.7/site-packages/airflow/example_dags/example_kubernetes_executor_config.py took 0.065 seconds
[2021-11-15 07:29:14,545] {processor.py:163} INFO - Started process (PID=517) to work on /home/airflow/.local/lib/python3.7/site-packages/airflow/example_dags/example_kubernetes_executor_config.py
[2021-11-15 07:29:14,546] {processor.py:620} INFO - Processing file /home/airflow/.local/lib/python3.7/site-packages/airflow/example_dags/example_kubernetes_executor_config.py for tasks to queue
[2021-11-15 07:29:14,546] {logging_mixin.py:109} INFO - [2021-11-15 07:29:14,546] {dagbag.py:500} INFO - Filling up the DagBag from /home/airflow/.local/lib/python3.7/site-packages/airflow/example_dags/example_kubernetes_executor_config.py
[2021-11-15 07:29:14,570] {processor.py:632} INFO - DAG(s) dict_keys(['example_kubernetes_executor_config']) retrieved from /home/airflow/.local/lib/python3.7/site-packages/airflow/example_dags/example_kubernetes_executor_config.py
[2021-11-15 07:29:14,580] {logging_mixin.py:109} INFO - [2021-11-15 07:29:14,580] {dag.py:2389} INFO - Sync 1 DAGs
[2021-11-15 07:29:14,593] {logging_mixin.py:109} INFO - [2021-11-15 07:29:14,593] {dag.py:2921} INFO - Setting next_dagrun for example_kubernetes_executor_config to None
[2021-11-15 07:29:14,601] {processor.py:171} INFO - Processing /home/airflow/.local/lib/python3.7/site-packages/airflow/example_dags/example_kubernetes_executor_config.py took 0.059 seconds
[2021-11-15 07:29:44,638] {processor.py:163} INFO - Started process (PID=565) to work on /home/airflow/.local/lib/python3.7/site-packages/airflow/example_dags/example_kubernetes_executor_config.py
[2021-11-15 07:29:44,639] {processor.py:620} INFO - Processing file /home/airflow/.local/lib/python3.7/site-packages/airflow/example_dags/example_kubernetes_executor_config.py for tasks to queue
[2021-11-15 07:29:44,640] {logging_mixin.py:109} INFO - [2021-11-15 07:29:44,640] {dagbag.py:500} INFO - Filling up the DagBag from /home/airflow/.local/lib/python3.7/site-packages/airflow/example_dags/example_kubernetes_executor_config.py
[2021-11-15 07:29:44,669] {processor.py:632} INFO - DAG(s) dict_keys(['example_kubernetes_executor_config']) retrieved from /home/airflow/.local/lib/python3.7/site-packages/airflow/example_dags/example_kubernetes_executor_config.py
[2021-11-15 07:29:44,682] {logging_mixin.py:109} INFO - [2021-11-15 07:29:44,682] {dag.py:2389} INFO - Sync 1 DAGs
[2021-11-15 07:29:44,697] {logging_mixin.py:109} INFO - [2021-11-15 07:29:44,697] {dag.py:2921} INFO - Setting next_dagrun for example_kubernetes_executor_config to None
[2021-11-15 07:29:44,706] {processor.py:171} INFO - Processing /home/airflow/.local/lib/python3.7/site-packages/airflow/example_dags/example_kubernetes_executor_config.py took 0.071 seconds
[2021-11-15 07:30:15,433] {processor.py:163} INFO - Started process (PID=622) to work on /home/airflow/.local/lib/python3.7/site-packages/airflow/example_dags/example_kubernetes_executor_config.py
[2021-11-15 07:30:15,436] {processor.py:620} INFO - Processing file /home/airflow/.local/lib/python3.7/site-packages/airflow/example_dags/example_kubernetes_executor_config.py for tasks to queue
[2021-11-15 07:30:15,437] {logging_mixin.py:109} INFO - [2021-11-15 07:30:15,437] {dagbag.py:500} INFO - Filling up the DagBag from /home/airflow/.local/lib/python3.7/site-packages/airflow/example_dags/example_kubernetes_executor_config.py
[2021-11-15 07:30:15,470] {processor.py:632} INFO - DAG(s) dict_keys(['example_kubernetes_executor_config']) retrieved from /home/airflow/.local/lib/python3.7/site-packages/airflow/example_dags/example_kubernetes_executor_config.py
[2021-11-15 07:30:15,482] {logging_mixin.py:109} INFO - [2021-11-15 07:30:15,482] {dag.py:2389} INFO - Sync 1 DAGs
[2021-11-15 07:30:15,497] {logging_mixin.py:109} INFO - [2021-11-15 07:30:15,497] {dag.py:2921} INFO - Setting next_dagrun for example_kubernetes_executor_config to None
[2021-11-15 07:30:15,506] {processor.py:171} INFO - Processing /home/airflow/.local/lib/python3.7/site-packages/airflow/example_dags/example_kubernetes_executor_config.py took 0.080 seconds
[2021-11-15 07:30:45,903] {processor.py:163} INFO - Started process (PID=672) to work on /home/airflow/.local/lib/python3.7/site-packages/airflow/example_dags/example_kubernetes_executor_config.py
[2021-11-15 07:30:45,906] {processor.py:620} INFO - Processing file /home/airflow/.local/lib/python3.7/site-packages/airflow/example_dags/example_kubernetes_executor_config.py for tasks to queue
[2021-11-15 07:30:45,907] {logging_mixin.py:109} INFO - [2021-11-15 07:30:45,907] {dagbag.py:500} INFO - Filling up the DagBag from /home/airflow/.local/lib/python3.7/site-packages/airflow/example_dags/example_kubernetes_executor_config.py
[2021-11-15 07:30:45,959] {processor.py:632} INFO - DAG(s) dict_keys(['example_kubernetes_executor_config']) retrieved from /home/airflow/.local/lib/python3.7/site-packages/airflow/example_dags/example_kubernetes_executor_config.py
[2021-11-15 07:30:45,971] {logging_mixin.py:109} INFO - [2021-11-15 07:30:45,971] {dag.py:2389} INFO - Sync 1 DAGs
[2021-11-15 07:30:45,987] {logging_mixin.py:109} INFO - [2021-11-15 07:30:45,987] {dag.py:2921} INFO - Setting next_dagrun for example_kubernetes_executor_config to None
[2021-11-15 07:30:45,995] {processor.py:171} INFO - Processing /home/airflow/.local/lib/python3.7/site-packages/airflow/example_dags/example_kubernetes_executor_config.py took 0.102 seconds
[2021-11-15 07:31:16,364] {processor.py:163} INFO - Started process (PID=729) to work on /home/airflow/.local/lib/python3.7/site-packages/airflow/example_dags/example_kubernetes_executor_config.py
[2021-11-15 07:31:16,365] {processor.py:620} INFO - Processing file /home/airflow/.local/lib/python3.7/site-packages/airflow/example_dags/example_kubernetes_executor_config.py for tasks to queue
[2021-11-15 07:31:16,365] {logging_mixin.py:109} INFO - [2021-11-15 07:31:16,365] {dagbag.py:500} INFO - Filling up the DagBag from /home/airflow/.local/lib/python3.7/site-packages/airflow/example_dags/example_kubernetes_executor_config.py
[2021-11-15 07:31:16,387] {processor.py:632} INFO - DAG(s) dict_keys(['example_kubernetes_executor_config']) retrieved from /home/airflow/.local/lib/python3.7/site-packages/airflow/example_dags/example_kubernetes_executor_config.py
[2021-11-15 07:31:16,396] {logging_mixin.py:109} INFO - [2021-11-15 07:31:16,396] {dag.py:2389} INFO - Sync 1 DAGs
[2021-11-15 07:31:16,410] {logging_mixin.py:109} INFO - [2021-11-15 07:31:16,410] {dag.py:2921} INFO - Setting next_dagrun for example_kubernetes_executor_config to None
[2021-11-15 07:31:16,418] {processor.py:171} INFO - Processing /home/airflow/.local/lib/python3.7/site-packages/airflow/example_dags/example_kubernetes_executor_config.py took 0.056 seconds
[2021-11-15 07:31:46,704] {processor.py:163} INFO - Started process (PID=780) to work on /home/airflow/.local/lib/python3.7/site-packages/airflow/example_dags/example_kubernetes_executor_config.py
[2021-11-15 07:31:46,705] {processor.py:620} INFO - Processing file /home/airflow/.local/lib/python3.7/site-packages/airflow/example_dags/example_kubernetes_executor_config.py for tasks to queue
[2021-11-15 07:31:46,706] {logging_mixin.py:109} INFO - [2021-11-15 07:31:46,705] {dagbag.py:500} INFO - Filling up the DagBag from /home/airflow/.local/lib/python3.7/site-packages/airflow/example_dags/example_kubernetes_executor_config.py
[2021-11-15 07:31:46,741] {processor.py:632} INFO - DAG(s) dict_keys(['example_kubernetes_executor_config']) retrieved from /home/airflow/.local/lib/python3.7/site-packages/airflow/example_dags/example_kubernetes_executor_config.py
[2021-11-15 07:31:46,754] {logging_mixin.py:109} INFO - [2021-11-15 07:31:46,754] {dag.py:2389} INFO - Sync 1 DAGs
[2021-11-15 07:31:46,776] {logging_mixin.py:109} INFO - [2021-11-15 07:31:46,776] {dag.py:2921} INFO - Setting next_dagrun for example_kubernetes_executor_config to None
[2021-11-15 07:31:46,788] {processor.py:171} INFO - Processing /home/airflow/.local/lib/python3.7/site-packages/airflow/example_dags/example_kubernetes_executor_config.py took 0.087 seconds
[2021-11-15 07:32:17,183] {processor.py:163} INFO - Started process (PID=837) to work on /home/airflow/.local/lib/python3.7/site-packages/airflow/example_dags/example_kubernetes_executor_config.py
[2021-11-15 07:32:17,185] {processor.py:620} INFO - Processing file /home/airflow/.local/lib/python3.7/site-packages/airflow/example_dags/example_kubernetes_executor_config.py for tasks to queue
[2021-11-15 07:32:17,186] {logging_mixin.py:109} INFO - [2021-11-15 07:32:17,186] {dagbag.py:500} INFO - Filling up the DagBag from /home/airflow/.local/lib/python3.7/site-packages/airflow/example_dags/example_kubernetes_executor_config.py
[2021-11-15 07:32:17,232] {processor.py:632} INFO - DAG(s) dict_keys(['example_kubernetes_executor_config']) retrieved from /home/airflow/.local/lib/python3.7/site-packages/airflow/example_dags/example_kubernetes_executor_config.py
[2021-11-15 07:32:17,242] {logging_mixin.py:109} INFO - [2021-11-15 07:32:17,242] {dag.py:2389} INFO - Sync 1 DAGs
[2021-11-15 07:32:17,257] {logging_mixin.py:109} INFO - [2021-11-15 07:32:17,256] {dag.py:2921} INFO - Setting next_dagrun for example_kubernetes_executor_config to None
[2021-11-15 07:32:17,267] {processor.py:171} INFO - Processing /home/airflow/.local/lib/python3.7/site-packages/airflow/example_dags/example_kubernetes_executor_config.py took 0.088 seconds
[2021-11-15 07:32:47,630] {processor.py:163} INFO - Started process (PID=886) to work on /home/airflow/.local/lib/python3.7/site-packages/airflow/example_dags/example_kubernetes_executor_config.py
[2021-11-15 07:32:47,632] {processor.py:620} INFO - Processing file /home/airflow/.local/lib/python3.7/site-packages/airflow/example_dags/example_kubernetes_executor_config.py for tasks to queue
[2021-11-15 07:32:47,634] {logging_mixin.py:109} INFO - [2021-11-15 07:32:47,633] {dagbag.py:500} INFO - Filling up the DagBag from /home/airflow/.local/lib/python3.7/site-packages/airflow/example_dags/example_kubernetes_executor_config.py
[2021-11-15 07:32:47,702] {processor.py:632} INFO - DAG(s) dict_keys(['example_kubernetes_executor_config']) retrieved from /home/airflow/.local/lib/python3.7/site-packages/airflow/example_dags/example_kubernetes_executor_config.py
[2021-11-15 07:32:47,716] {logging_mixin.py:109} INFO - [2021-11-15 07:32:47,716] {dag.py:2389} INFO - Sync 1 DAGs
[2021-11-15 07:32:47,737] {logging_mixin.py:109} INFO - [2021-11-15 07:32:47,737] {dag.py:2921} INFO - Setting next_dagrun for example_kubernetes_executor_config to None
[2021-11-15 07:32:47,752] {processor.py:171} INFO - Processing /home/airflow/.local/lib/python3.7/site-packages/airflow/example_dags/example_kubernetes_executor_config.py took 0.126 seconds
[2021-11-15 07:33:18,100] {processor.py:163} INFO - Started process (PID=946) to work on /home/airflow/.local/lib/python3.7/site-packages/airflow/example_dags/example_kubernetes_executor_config.py
[2021-11-15 07:33:18,101] {processor.py:620} INFO - Processing file /home/airflow/.local/lib/python3.7/site-packages/airflow/example_dags/example_kubernetes_executor_config.py for tasks to queue
[2021-11-15 07:33:18,101] {logging_mixin.py:109} INFO - [2021-11-15 07:33:18,101] {dagbag.py:500} INFO - Filling up the DagBag from /home/airflow/.local/lib/python3.7/site-packages/airflow/example_dags/example_kubernetes_executor_config.py
[2021-11-15 07:33:18,127] {processor.py:632} INFO - DAG(s) dict_keys(['example_kubernetes_executor_config']) retrieved from /home/airflow/.local/lib/python3.7/site-packages/airflow/example_dags/example_kubernetes_executor_config.py
[2021-11-15 07:33:18,139] {logging_mixin.py:109} INFO - [2021-11-15 07:33:18,139] {dag.py:2389} INFO - Sync 1 DAGs
[2021-11-15 07:33:18,157] {logging_mixin.py:109} INFO - [2021-11-15 07:33:18,157] {dag.py:2921} INFO - Setting next_dagrun for example_kubernetes_executor_config to None
[2021-11-15 07:33:18,167] {processor.py:171} INFO - Processing /home/airflow/.local/lib/python3.7/site-packages/airflow/example_dags/example_kubernetes_executor_config.py took 0.071 seconds
[2021-11-15 07:33:48,556] {processor.py:163} INFO - Started process (PID=995) to work on /home/airflow/.local/lib/python3.7/site-packages/airflow/example_dags/example_kubernetes_executor_config.py
[2021-11-15 07:33:48,558] {processor.py:620} INFO - Processing file /home/airflow/.local/lib/python3.7/site-packages/airflow/example_dags/example_kubernetes_executor_config.py for tasks to queue
[2021-11-15 07:33:48,559] {logging_mixin.py:109} INFO - [2021-11-15 07:33:48,559] {dagbag.py:500} INFO - Filling up the DagBag from /home/airflow/.local/lib/python3.7/site-packages/airflow/example_dags/example_kubernetes_executor_config.py
[2021-11-15 07:33:48,590] {processor.py:632} INFO - DAG(s) dict_keys(['example_kubernetes_executor_config']) retrieved from /home/airflow/.local/lib/python3.7/site-packages/airflow/example_dags/example_kubernetes_executor_config.py
[2021-11-15 07:33:48,602] {logging_mixin.py:109} INFO - [2021-11-15 07:33:48,602] {dag.py:2389} INFO - Sync 1 DAGs
[2021-11-15 07:33:48,618] {logging_mixin.py:109} INFO - [2021-11-15 07:33:48,618] {dag.py:2921} INFO - Setting next_dagrun for example_kubernetes_executor_config to None
[2021-11-15 07:33:48,627] {processor.py:171} INFO - Processing /home/airflow/.local/lib/python3.7/site-packages/airflow/example_dags/example_kubernetes_executor_config.py took 0.075 seconds
[2021-11-15 07:34:19,162] {processor.py:163} INFO - Started process (PID=1054) to work on /home/airflow/.local/lib/python3.7/site-packages/airflow/example_dags/example_kubernetes_executor_config.py
[2021-11-15 07:34:19,163] {processor.py:620} INFO - Processing file /home/airflow/.local/lib/python3.7/site-packages/airflow/example_dags/example_kubernetes_executor_config.py for tasks to queue
[2021-11-15 07:34:19,163] {logging_mixin.py:109} INFO - [2021-11-15 07:34:19,163] {dagbag.py:500} INFO - Filling up the DagBag from /home/airflow/.local/lib/python3.7/site-packages/airflow/example_dags/example_kubernetes_executor_config.py
[2021-11-15 07:34:19,187] {processor.py:632} INFO - DAG(s) dict_keys(['example_kubernetes_executor_config']) retrieved from /home/airflow/.local/lib/python3.7/site-packages/airflow/example_dags/example_kubernetes_executor_config.py
[2021-11-15 07:34:19,198] {logging_mixin.py:109} INFO - [2021-11-15 07:34:19,198] {dag.py:2389} INFO - Sync 1 DAGs
[2021-11-15 07:34:19,213] {logging_mixin.py:109} INFO - [2021-11-15 07:34:19,213] {dag.py:2921} INFO - Setting next_dagrun for example_kubernetes_executor_config to None
[2021-11-15 07:34:19,223] {processor.py:171} INFO - Processing /home/airflow/.local/lib/python3.7/site-packages/airflow/example_dags/example_kubernetes_executor_config.py took 0.063 seconds
[2021-11-15 07:34:49,710] {processor.py:163} INFO - Started process (PID=1103) to work on /home/airflow/.local/lib/python3.7/site-packages/airflow/example_dags/example_kubernetes_executor_config.py
[2021-11-15 07:34:49,713] {processor.py:620} INFO - Processing file /home/airflow/.local/lib/python3.7/site-packages/airflow/example_dags/example_kubernetes_executor_config.py for tasks to queue
[2021-11-15 07:34:49,714] {logging_mixin.py:109} INFO - [2021-11-15 07:34:49,714] {dagbag.py:500} INFO - Filling up the DagBag from /home/airflow/.local/lib/python3.7/site-packages/airflow/example_dags/example_kubernetes_executor_config.py
[2021-11-15 07:34:49,749] {processor.py:632} INFO - DAG(s) dict_keys(['example_kubernetes_executor_config']) retrieved from /home/airflow/.local/lib/python3.7/site-packages/airflow/example_dags/example_kubernetes_executor_config.py
[2021-11-15 07:34:49,761] {logging_mixin.py:109} INFO - [2021-11-15 07:34:49,761] {dag.py:2389} INFO - Sync 1 DAGs
[2021-11-15 07:34:49,778] {logging_mixin.py:109} INFO - [2021-11-15 07:34:49,778] {dag.py:2921} INFO - Setting next_dagrun for example_kubernetes_executor_config to None
[2021-11-15 07:34:49,787] {processor.py:171} INFO - Processing /home/airflow/.local/lib/python3.7/site-packages/airflow/example_dags/example_kubernetes_executor_config.py took 0.083 seconds
[2021-11-15 07:35:20,225] {processor.py:163} INFO - Started process (PID=1152) to work on /home/airflow/.local/lib/python3.7/site-packages/airflow/example_dags/example_kubernetes_executor_config.py
[2021-11-15 07:35:20,226] {processor.py:620} INFO - Processing file /home/airflow/.local/lib/python3.7/site-packages/airflow/example_dags/example_kubernetes_executor_config.py for tasks to queue
[2021-11-15 07:35:20,226] {logging_mixin.py:109} INFO - [2021-11-15 07:35:20,226] {dagbag.py:500} INFO - Filling up the DagBag from /home/airflow/.local/lib/python3.7/site-packages/airflow/example_dags/example_kubernetes_executor_config.py
[2021-11-15 07:35:20,254] {processor.py:632} INFO - DAG(s) dict_keys(['example_kubernetes_executor_config']) retrieved from /home/airflow/.local/lib/python3.7/site-packages/airflow/example_dags/example_kubernetes_executor_config.py
[2021-11-15 07:35:20,269] {logging_mixin.py:109} INFO - [2021-11-15 07:35:20,269] {dag.py:2389} INFO - Sync 1 DAGs
[2021-11-15 07:35:20,290] {logging_mixin.py:109} INFO - [2021-11-15 07:35:20,290] {dag.py:2921} INFO - Setting next_dagrun for example_kubernetes_executor_config to None
[2021-11-15 07:35:20,301] {processor.py:171} INFO - Processing /home/airflow/.local/lib/python3.7/site-packages/airflow/example_dags/example_kubernetes_executor_config.py took 0.078 seconds
[2021-11-15 07:35:50,623] {processor.py:163} INFO - Started process (PID=1209) to work on /home/airflow/.local/lib/python3.7/site-packages/airflow/example_dags/example_kubernetes_executor_config.py
[2021-11-15 07:35:50,626] {processor.py:620} INFO - Processing file /home/airflow/.local/lib/python3.7/site-packages/airflow/example_dags/example_kubernetes_executor_config.py for tasks to queue
[2021-11-15 07:35:50,628] {logging_mixin.py:109} INFO - [2021-11-15 07:35:50,627] {dagbag.py:500} INFO - Filling up the DagBag from /home/airflow/.local/lib/python3.7/site-packages/airflow/example_dags/example_kubernetes_executor_config.py
[2021-11-15 07:35:50,662] {processor.py:632} INFO - DAG(s) dict_keys(['example_kubernetes_executor_config']) retrieved from /home/airflow/.local/lib/python3.7/site-packages/airflow/example_dags/example_kubernetes_executor_config.py
[2021-11-15 07:35:50,674] {logging_mixin.py:109} INFO - [2021-11-15 07:35:50,674] {dag.py:2389} INFO - Sync 1 DAGs
[2021-11-15 07:35:50,693] {logging_mixin.py:109} INFO - [2021-11-15 07:35:50,693] {dag.py:2921} INFO - Setting next_dagrun for example_kubernetes_executor_config to None
[2021-11-15 07:35:50,703] {processor.py:171} INFO - Processing /home/airflow/.local/lib/python3.7/site-packages/airflow/example_dags/example_kubernetes_executor_config.py took 0.088 seconds
[2021-11-15 07:36:21,238] {processor.py:163} INFO - Started process (PID=1259) to work on /home/airflow/.local/lib/python3.7/site-packages/airflow/example_dags/example_kubernetes_executor_config.py
[2021-11-15 07:36:21,239] {processor.py:620} INFO - Processing file /home/airflow/.local/lib/python3.7/site-packages/airflow/example_dags/example_kubernetes_executor_config.py for tasks to queue
[2021-11-15 07:36:21,240] {logging_mixin.py:109} INFO - [2021-11-15 07:36:21,240] {dagbag.py:500} INFO - Filling up the DagBag from /home/airflow/.local/lib/python3.7/site-packages/airflow/example_dags/example_kubernetes_executor_config.py
[2021-11-15 07:36:21,266] {processor.py:632} INFO - DAG(s) dict_keys(['example_kubernetes_executor_config']) retrieved from /home/airflow/.local/lib/python3.7/site-packages/airflow/example_dags/example_kubernetes_executor_config.py
[2021-11-15 07:36:21,277] {logging_mixin.py:109} INFO - [2021-11-15 07:36:21,277] {dag.py:2389} INFO - Sync 1 DAGs
[2021-11-15 07:36:21,295] {logging_mixin.py:109} INFO - [2021-11-15 07:36:21,295] {dag.py:2921} INFO - Setting next_dagrun for example_kubernetes_executor_config to None
[2021-11-15 07:36:21,304] {processor.py:171} INFO - Processing /home/airflow/.local/lib/python3.7/site-packages/airflow/example_dags/example_kubernetes_executor_config.py took 0.069 seconds
[2021-11-15 07:36:51,724] {processor.py:163} INFO - Started process (PID=1316) to work on /home/airflow/.local/lib/python3.7/site-packages/airflow/example_dags/example_kubernetes_executor_config.py
[2021-11-15 07:36:51,725] {processor.py:620} INFO - Processing file /home/airflow/.local/lib/python3.7/site-packages/airflow/example_dags/example_kubernetes_executor_config.py for tasks to queue
[2021-11-15 07:36:51,726] {logging_mixin.py:109} INFO - [2021-11-15 07:36:51,726] {dagbag.py:500} INFO - Filling up the DagBag from /home/airflow/.local/lib/python3.7/site-packages/airflow/example_dags/example_kubernetes_executor_config.py
[2021-11-15 07:36:51,759] {processor.py:632} INFO - DAG(s) dict_keys(['example_kubernetes_executor_config']) retrieved from /home/airflow/.local/lib/python3.7/site-packages/airflow/example_dags/example_kubernetes_executor_config.py
[2021-11-15 07:36:51,779] {logging_mixin.py:109} INFO - [2021-11-15 07:36:51,778] {dag.py:2389} INFO - Sync 1 DAGs
[2021-11-15 07:36:51,798] {logging_mixin.py:109} INFO - [2021-11-15 07:36:51,798] {dag.py:2921} INFO - Setting next_dagrun for example_kubernetes_executor_config to None
[2021-11-15 07:36:51,808] {processor.py:171} INFO - Processing /home/airflow/.local/lib/python3.7/site-packages/airflow/example_dags/example_kubernetes_executor_config.py took 0.088 seconds
[2021-11-15 07:37:22,071] {processor.py:163} INFO - Started process (PID=1366) to work on /home/airflow/.local/lib/python3.7/site-packages/airflow/example_dags/example_kubernetes_executor_config.py
[2021-11-15 07:37:22,072] {processor.py:620} INFO - Processing file /home/airflow/.local/lib/python3.7/site-packages/airflow/example_dags/example_kubernetes_executor_config.py for tasks to queue
[2021-11-15 07:37:22,072] {logging_mixin.py:109} INFO - [2021-11-15 07:37:22,072] {dagbag.py:500} INFO - Filling up the DagBag from /home/airflow/.local/lib/python3.7/site-packages/airflow/example_dags/example_kubernetes_executor_config.py
[2021-11-15 07:37:22,094] {processor.py:632} INFO - DAG(s) dict_keys(['example_kubernetes_executor_config']) retrieved from /home/airflow/.local/lib/python3.7/site-packages/airflow/example_dags/example_kubernetes_executor_config.py
[2021-11-15 07:37:22,105] {logging_mixin.py:109} INFO - [2021-11-15 07:37:22,104] {dag.py:2389} INFO - Sync 1 DAGs
[2021-11-15 07:37:22,118] {logging_mixin.py:109} INFO - [2021-11-15 07:37:22,118] {dag.py:2921} INFO - Setting next_dagrun for example_kubernetes_executor_config to None
[2021-11-15 07:37:22,127] {processor.py:171} INFO - Processing /home/airflow/.local/lib/python3.7/site-packages/airflow/example_dags/example_kubernetes_executor_config.py took 0.059 seconds
[2021-11-15 07:37:52,450] {processor.py:163} INFO - Started process (PID=1424) to work on /home/airflow/.local/lib/python3.7/site-packages/airflow/example_dags/example_kubernetes_executor_config.py
[2021-11-15 07:37:52,451] {processor.py:620} INFO - Processing file /home/airflow/.local/lib/python3.7/site-packages/airflow/example_dags/example_kubernetes_executor_config.py for tasks to queue
[2021-11-15 07:37:52,452] {logging_mixin.py:109} INFO - [2021-11-15 07:37:52,452] {dagbag.py:500} INFO - Filling up the DagBag from /home/airflow/.local/lib/python3.7/site-packages/airflow/example_dags/example_kubernetes_executor_config.py
[2021-11-15 07:37:52,476] {processor.py:632} INFO - DAG(s) dict_keys(['example_kubernetes_executor_config']) retrieved from /home/airflow/.local/lib/python3.7/site-packages/airflow/example_dags/example_kubernetes_executor_config.py
[2021-11-15 07:37:52,488] {logging_mixin.py:109} INFO - [2021-11-15 07:37:52,488] {dag.py:2389} INFO - Sync 1 DAGs
[2021-11-15 07:37:52,507] {logging_mixin.py:109} INFO - [2021-11-15 07:37:52,507] {dag.py:2921} INFO - Setting next_dagrun for example_kubernetes_executor_config to None
[2021-11-15 07:37:52,518] {processor.py:171} INFO - Processing /home/airflow/.local/lib/python3.7/site-packages/airflow/example_dags/example_kubernetes_executor_config.py took 0.071 seconds
