[2021-11-15 07:27:28,594] {processor.py:163} INFO - Started process (PID=233) to work on /home/airflow/.local/lib/python3.7/site-packages/airflow/example_dags/example_skip_dag.py
[2021-11-15 07:27:28,595] {processor.py:620} INFO - Processing file /home/airflow/.local/lib/python3.7/site-packages/airflow/example_dags/example_skip_dag.py for tasks to queue
[2021-11-15 07:27:28,595] {logging_mixin.py:109} INFO - [2021-11-15 07:27:28,595] {dagbag.py:500} INFO - Filling up the DagBag from /home/airflow/.local/lib/python3.7/site-packages/airflow/example_dags/example_skip_dag.py
[2021-11-15 07:27:28,619] {processor.py:632} INFO - DAG(s) dict_keys(['example_skip_dag']) retrieved from /home/airflow/.local/lib/python3.7/site-packages/airflow/example_dags/example_skip_dag.py
[2021-11-15 07:27:30,495] {logging_mixin.py:109} INFO - [2021-11-15 07:27:30,495] {providers_manager.py:156} WARNING - Exception when importing 'airflow.providers.google.leveldb.hooks.leveldb.LevelDBHook' from 'apache-airflow-providers-google' package: No module named 'plyvel'
[2021-11-15 07:27:30,991] {logging_mixin.py:109} INFO - [2021-11-15 07:27:30,991] {providers_manager.py:156} WARNING - Exception when importing 'airflow.providers.google.leveldb.hooks.leveldb.LevelDBHook' from 'apache-airflow-providers-google' package: No module named 'plyvel'
[2021-11-15 07:27:31,015] {logging_mixin.py:109} INFO - [2021-11-15 07:27:31,014] {manager.py:496} INFO - Created Permission View: can edit on DAG:example_skip_dag
[2021-11-15 07:27:31,026] {logging_mixin.py:109} INFO - [2021-11-15 07:27:31,026] {manager.py:496} INFO - Created Permission View: can read on DAG:example_skip_dag
[2021-11-15 07:27:31,026] {logging_mixin.py:109} INFO - [2021-11-15 07:27:31,026] {dag.py:2389} INFO - Sync 1 DAGs
[2021-11-15 07:27:31,034] {logging_mixin.py:109} INFO - [2021-11-15 07:27:31,034] {dag.py:2408} INFO - Creating ORM DAG for example_skip_dag
[2021-11-15 07:27:31,043] {logging_mixin.py:109} INFO - [2021-11-15 07:27:31,043] {dag.py:2921} INFO - Setting next_dagrun for example_skip_dag to 2021-11-14T07:27:31.043200+00:00
[2021-11-15 07:27:31,057] {processor.py:171} INFO - Processing /home/airflow/.local/lib/python3.7/site-packages/airflow/example_dags/example_skip_dag.py took 2.465 seconds
[2021-11-15 07:28:01,105] {processor.py:163} INFO - Started process (PID=382) to work on /home/airflow/.local/lib/python3.7/site-packages/airflow/example_dags/example_skip_dag.py
[2021-11-15 07:28:01,107] {processor.py:620} INFO - Processing file /home/airflow/.local/lib/python3.7/site-packages/airflow/example_dags/example_skip_dag.py for tasks to queue
[2021-11-15 07:28:01,107] {logging_mixin.py:109} INFO - [2021-11-15 07:28:01,107] {dagbag.py:500} INFO - Filling up the DagBag from /home/airflow/.local/lib/python3.7/site-packages/airflow/example_dags/example_skip_dag.py
[2021-11-15 07:28:01,138] {processor.py:632} INFO - DAG(s) dict_keys(['example_skip_dag']) retrieved from /home/airflow/.local/lib/python3.7/site-packages/airflow/example_dags/example_skip_dag.py
[2021-11-15 07:28:01,149] {logging_mixin.py:109} INFO - [2021-11-15 07:28:01,149] {dag.py:2389} INFO - Sync 1 DAGs
[2021-11-15 07:28:01,165] {logging_mixin.py:109} INFO - [2021-11-15 07:28:01,165] {dag.py:2921} INFO - Setting next_dagrun for example_skip_dag to 2021-11-14T07:28:01.165163+00:00
[2021-11-15 07:28:01,175] {processor.py:171} INFO - Processing /home/airflow/.local/lib/python3.7/site-packages/airflow/example_dags/example_skip_dag.py took 0.073 seconds
[2021-11-15 07:28:31,543] {processor.py:163} INFO - Started process (PID=432) to work on /home/airflow/.local/lib/python3.7/site-packages/airflow/example_dags/example_skip_dag.py
[2021-11-15 07:28:31,545] {processor.py:620} INFO - Processing file /home/airflow/.local/lib/python3.7/site-packages/airflow/example_dags/example_skip_dag.py for tasks to queue
[2021-11-15 07:28:31,545] {logging_mixin.py:109} INFO - [2021-11-15 07:28:31,545] {dagbag.py:500} INFO - Filling up the DagBag from /home/airflow/.local/lib/python3.7/site-packages/airflow/example_dags/example_skip_dag.py
[2021-11-15 07:28:31,569] {processor.py:632} INFO - DAG(s) dict_keys(['example_skip_dag']) retrieved from /home/airflow/.local/lib/python3.7/site-packages/airflow/example_dags/example_skip_dag.py
[2021-11-15 07:28:31,582] {logging_mixin.py:109} INFO - [2021-11-15 07:28:31,582] {dag.py:2389} INFO - Sync 1 DAGs
[2021-11-15 07:28:31,599] {logging_mixin.py:109} INFO - [2021-11-15 07:28:31,599] {dag.py:2921} INFO - Setting next_dagrun for example_skip_dag to 2021-11-14T07:28:31.599055+00:00
[2021-11-15 07:28:31,608] {processor.py:171} INFO - Processing /home/airflow/.local/lib/python3.7/site-packages/airflow/example_dags/example_skip_dag.py took 0.067 seconds
[2021-11-15 07:29:01,740] {processor.py:163} INFO - Started process (PID=490) to work on /home/airflow/.local/lib/python3.7/site-packages/airflow/example_dags/example_skip_dag.py
[2021-11-15 07:29:01,741] {processor.py:620} INFO - Processing file /home/airflow/.local/lib/python3.7/site-packages/airflow/example_dags/example_skip_dag.py for tasks to queue
[2021-11-15 07:29:01,742] {logging_mixin.py:109} INFO - [2021-11-15 07:29:01,742] {dagbag.py:500} INFO - Filling up the DagBag from /home/airflow/.local/lib/python3.7/site-packages/airflow/example_dags/example_skip_dag.py
[2021-11-15 07:29:01,764] {processor.py:632} INFO - DAG(s) dict_keys(['example_skip_dag']) retrieved from /home/airflow/.local/lib/python3.7/site-packages/airflow/example_dags/example_skip_dag.py
[2021-11-15 07:29:01,775] {logging_mixin.py:109} INFO - [2021-11-15 07:29:01,774] {dag.py:2389} INFO - Sync 1 DAGs
[2021-11-15 07:29:01,789] {logging_mixin.py:109} INFO - [2021-11-15 07:29:01,789] {dag.py:2921} INFO - Setting next_dagrun for example_skip_dag to 2021-11-14T07:29:01.788850+00:00
[2021-11-15 07:29:01,797] {processor.py:171} INFO - Processing /home/airflow/.local/lib/python3.7/site-packages/airflow/example_dags/example_skip_dag.py took 0.060 seconds
[2021-11-15 07:29:31,904] {processor.py:163} INFO - Started process (PID=539) to work on /home/airflow/.local/lib/python3.7/site-packages/airflow/example_dags/example_skip_dag.py
[2021-11-15 07:29:31,907] {processor.py:620} INFO - Processing file /home/airflow/.local/lib/python3.7/site-packages/airflow/example_dags/example_skip_dag.py for tasks to queue
[2021-11-15 07:29:31,909] {logging_mixin.py:109} INFO - [2021-11-15 07:29:31,909] {dagbag.py:500} INFO - Filling up the DagBag from /home/airflow/.local/lib/python3.7/site-packages/airflow/example_dags/example_skip_dag.py
[2021-11-15 07:29:31,950] {processor.py:632} INFO - DAG(s) dict_keys(['example_skip_dag']) retrieved from /home/airflow/.local/lib/python3.7/site-packages/airflow/example_dags/example_skip_dag.py
[2021-11-15 07:29:31,960] {logging_mixin.py:109} INFO - [2021-11-15 07:29:31,960] {dag.py:2389} INFO - Sync 1 DAGs
[2021-11-15 07:29:31,976] {logging_mixin.py:109} INFO - [2021-11-15 07:29:31,976] {dag.py:2921} INFO - Setting next_dagrun for example_skip_dag to 2021-11-14T07:29:31.976587+00:00
[2021-11-15 07:29:31,986] {processor.py:171} INFO - Processing /home/airflow/.local/lib/python3.7/site-packages/airflow/example_dags/example_skip_dag.py took 0.090 seconds
[2021-11-15 07:30:02,728] {processor.py:163} INFO - Started process (PID=596) to work on /home/airflow/.local/lib/python3.7/site-packages/airflow/example_dags/example_skip_dag.py
[2021-11-15 07:30:02,732] {processor.py:620} INFO - Processing file /home/airflow/.local/lib/python3.7/site-packages/airflow/example_dags/example_skip_dag.py for tasks to queue
[2021-11-15 07:30:02,733] {logging_mixin.py:109} INFO - [2021-11-15 07:30:02,733] {dagbag.py:500} INFO - Filling up the DagBag from /home/airflow/.local/lib/python3.7/site-packages/airflow/example_dags/example_skip_dag.py
[2021-11-15 07:30:02,769] {processor.py:632} INFO - DAG(s) dict_keys(['example_skip_dag']) retrieved from /home/airflow/.local/lib/python3.7/site-packages/airflow/example_dags/example_skip_dag.py
[2021-11-15 07:30:02,781] {logging_mixin.py:109} INFO - [2021-11-15 07:30:02,780] {dag.py:2389} INFO - Sync 1 DAGs
[2021-11-15 07:30:02,797] {logging_mixin.py:109} INFO - [2021-11-15 07:30:02,797] {dag.py:2921} INFO - Setting next_dagrun for example_skip_dag to 2021-11-14T07:30:02.796981+00:00
[2021-11-15 07:30:02,806] {processor.py:171} INFO - Processing /home/airflow/.local/lib/python3.7/site-packages/airflow/example_dags/example_skip_dag.py took 0.086 seconds
[2021-11-15 07:30:33,203] {processor.py:163} INFO - Started process (PID=645) to work on /home/airflow/.local/lib/python3.7/site-packages/airflow/example_dags/example_skip_dag.py
[2021-11-15 07:30:33,205] {processor.py:620} INFO - Processing file /home/airflow/.local/lib/python3.7/site-packages/airflow/example_dags/example_skip_dag.py for tasks to queue
[2021-11-15 07:30:33,206] {logging_mixin.py:109} INFO - [2021-11-15 07:30:33,206] {dagbag.py:500} INFO - Filling up the DagBag from /home/airflow/.local/lib/python3.7/site-packages/airflow/example_dags/example_skip_dag.py
[2021-11-15 07:30:33,233] {processor.py:632} INFO - DAG(s) dict_keys(['example_skip_dag']) retrieved from /home/airflow/.local/lib/python3.7/site-packages/airflow/example_dags/example_skip_dag.py
[2021-11-15 07:30:33,247] {logging_mixin.py:109} INFO - [2021-11-15 07:30:33,247] {dag.py:2389} INFO - Sync 1 DAGs
[2021-11-15 07:30:33,268] {logging_mixin.py:109} INFO - [2021-11-15 07:30:33,268] {dag.py:2921} INFO - Setting next_dagrun for example_skip_dag to 2021-11-14T07:30:33.267716+00:00
[2021-11-15 07:30:33,279] {processor.py:171} INFO - Processing /home/airflow/.local/lib/python3.7/site-packages/airflow/example_dags/example_skip_dag.py took 0.078 seconds
[2021-11-15 07:31:03,704] {processor.py:163} INFO - Started process (PID=703) to work on /home/airflow/.local/lib/python3.7/site-packages/airflow/example_dags/example_skip_dag.py
[2021-11-15 07:31:03,705] {processor.py:620} INFO - Processing file /home/airflow/.local/lib/python3.7/site-packages/airflow/example_dags/example_skip_dag.py for tasks to queue
[2021-11-15 07:31:03,706] {logging_mixin.py:109} INFO - [2021-11-15 07:31:03,706] {dagbag.py:500} INFO - Filling up the DagBag from /home/airflow/.local/lib/python3.7/site-packages/airflow/example_dags/example_skip_dag.py
[2021-11-15 07:31:03,732] {processor.py:632} INFO - DAG(s) dict_keys(['example_skip_dag']) retrieved from /home/airflow/.local/lib/python3.7/site-packages/airflow/example_dags/example_skip_dag.py
[2021-11-15 07:31:03,748] {logging_mixin.py:109} INFO - [2021-11-15 07:31:03,747] {dag.py:2389} INFO - Sync 1 DAGs
[2021-11-15 07:31:03,769] {logging_mixin.py:109} INFO - [2021-11-15 07:31:03,769] {dag.py:2921} INFO - Setting next_dagrun for example_skip_dag to 2021-11-14T07:31:03.769569+00:00
[2021-11-15 07:31:03,780] {processor.py:171} INFO - Processing /home/airflow/.local/lib/python3.7/site-packages/airflow/example_dags/example_skip_dag.py took 0.079 seconds
[2021-11-15 07:31:34,198] {processor.py:163} INFO - Started process (PID=753) to work on /home/airflow/.local/lib/python3.7/site-packages/airflow/example_dags/example_skip_dag.py
[2021-11-15 07:31:34,199] {processor.py:620} INFO - Processing file /home/airflow/.local/lib/python3.7/site-packages/airflow/example_dags/example_skip_dag.py for tasks to queue
[2021-11-15 07:31:34,200] {logging_mixin.py:109} INFO - [2021-11-15 07:31:34,200] {dagbag.py:500} INFO - Filling up the DagBag from /home/airflow/.local/lib/python3.7/site-packages/airflow/example_dags/example_skip_dag.py
[2021-11-15 07:31:34,228] {processor.py:632} INFO - DAG(s) dict_keys(['example_skip_dag']) retrieved from /home/airflow/.local/lib/python3.7/site-packages/airflow/example_dags/example_skip_dag.py
[2021-11-15 07:31:34,240] {logging_mixin.py:109} INFO - [2021-11-15 07:31:34,240] {dag.py:2389} INFO - Sync 1 DAGs
[2021-11-15 07:31:34,256] {logging_mixin.py:109} INFO - [2021-11-15 07:31:34,256] {dag.py:2921} INFO - Setting next_dagrun for example_skip_dag to 2021-11-14T07:31:34.255778+00:00
[2021-11-15 07:31:34,264] {processor.py:171} INFO - Processing /home/airflow/.local/lib/python3.7/site-packages/airflow/example_dags/example_skip_dag.py took 0.070 seconds
[2021-11-15 07:32:04,428] {processor.py:163} INFO - Started process (PID=811) to work on /home/airflow/.local/lib/python3.7/site-packages/airflow/example_dags/example_skip_dag.py
[2021-11-15 07:32:04,429] {processor.py:620} INFO - Processing file /home/airflow/.local/lib/python3.7/site-packages/airflow/example_dags/example_skip_dag.py for tasks to queue
[2021-11-15 07:32:04,430] {logging_mixin.py:109} INFO - [2021-11-15 07:32:04,430] {dagbag.py:500} INFO - Filling up the DagBag from /home/airflow/.local/lib/python3.7/site-packages/airflow/example_dags/example_skip_dag.py
[2021-11-15 07:32:04,456] {processor.py:632} INFO - DAG(s) dict_keys(['example_skip_dag']) retrieved from /home/airflow/.local/lib/python3.7/site-packages/airflow/example_dags/example_skip_dag.py
[2021-11-15 07:32:04,467] {logging_mixin.py:109} INFO - [2021-11-15 07:32:04,467] {dag.py:2389} INFO - Sync 1 DAGs
[2021-11-15 07:32:04,482] {logging_mixin.py:109} INFO - [2021-11-15 07:32:04,482] {dag.py:2921} INFO - Setting next_dagrun for example_skip_dag to 2021-11-14T07:32:04.482496+00:00
[2021-11-15 07:32:04,492] {processor.py:171} INFO - Processing /home/airflow/.local/lib/python3.7/site-packages/airflow/example_dags/example_skip_dag.py took 0.067 seconds
[2021-11-15 07:32:35,012] {processor.py:163} INFO - Started process (PID=860) to work on /home/airflow/.local/lib/python3.7/site-packages/airflow/example_dags/example_skip_dag.py
[2021-11-15 07:32:35,014] {processor.py:620} INFO - Processing file /home/airflow/.local/lib/python3.7/site-packages/airflow/example_dags/example_skip_dag.py for tasks to queue
[2021-11-15 07:32:35,015] {logging_mixin.py:109} INFO - [2021-11-15 07:32:35,015] {dagbag.py:500} INFO - Filling up the DagBag from /home/airflow/.local/lib/python3.7/site-packages/airflow/example_dags/example_skip_dag.py
[2021-11-15 07:32:35,043] {processor.py:632} INFO - DAG(s) dict_keys(['example_skip_dag']) retrieved from /home/airflow/.local/lib/python3.7/site-packages/airflow/example_dags/example_skip_dag.py
[2021-11-15 07:32:35,058] {logging_mixin.py:109} INFO - [2021-11-15 07:32:35,058] {dag.py:2389} INFO - Sync 1 DAGs
[2021-11-15 07:32:35,078] {logging_mixin.py:109} INFO - [2021-11-15 07:32:35,078] {dag.py:2921} INFO - Setting next_dagrun for example_skip_dag to 2021-11-14T07:32:35.077878+00:00
[2021-11-15 07:32:35,088] {processor.py:171} INFO - Processing /home/airflow/.local/lib/python3.7/site-packages/airflow/example_dags/example_skip_dag.py took 0.079 seconds
[2021-11-15 07:33:05,438] {processor.py:163} INFO - Started process (PID=919) to work on /home/airflow/.local/lib/python3.7/site-packages/airflow/example_dags/example_skip_dag.py
[2021-11-15 07:33:05,440] {processor.py:620} INFO - Processing file /home/airflow/.local/lib/python3.7/site-packages/airflow/example_dags/example_skip_dag.py for tasks to queue
[2021-11-15 07:33:05,440] {logging_mixin.py:109} INFO - [2021-11-15 07:33:05,440] {dagbag.py:500} INFO - Filling up the DagBag from /home/airflow/.local/lib/python3.7/site-packages/airflow/example_dags/example_skip_dag.py
[2021-11-15 07:33:05,461] {processor.py:632} INFO - DAG(s) dict_keys(['example_skip_dag']) retrieved from /home/airflow/.local/lib/python3.7/site-packages/airflow/example_dags/example_skip_dag.py
[2021-11-15 07:33:05,471] {logging_mixin.py:109} INFO - [2021-11-15 07:33:05,471] {dag.py:2389} INFO - Sync 1 DAGs
[2021-11-15 07:33:05,491] {logging_mixin.py:109} INFO - [2021-11-15 07:33:05,491] {dag.py:2921} INFO - Setting next_dagrun for example_skip_dag to 2021-11-14T07:33:05.491010+00:00
[2021-11-15 07:33:05,501] {processor.py:171} INFO - Processing /home/airflow/.local/lib/python3.7/site-packages/airflow/example_dags/example_skip_dag.py took 0.065 seconds
[2021-11-15 07:33:35,890] {processor.py:163} INFO - Started process (PID=969) to work on /home/airflow/.local/lib/python3.7/site-packages/airflow/example_dags/example_skip_dag.py
[2021-11-15 07:33:35,895] {processor.py:620} INFO - Processing file /home/airflow/.local/lib/python3.7/site-packages/airflow/example_dags/example_skip_dag.py for tasks to queue
[2021-11-15 07:33:35,897] {logging_mixin.py:109} INFO - [2021-11-15 07:33:35,897] {dagbag.py:500} INFO - Filling up the DagBag from /home/airflow/.local/lib/python3.7/site-packages/airflow/example_dags/example_skip_dag.py
[2021-11-15 07:33:35,931] {processor.py:632} INFO - DAG(s) dict_keys(['example_skip_dag']) retrieved from /home/airflow/.local/lib/python3.7/site-packages/airflow/example_dags/example_skip_dag.py
[2021-11-15 07:33:35,942] {logging_mixin.py:109} INFO - [2021-11-15 07:33:35,942] {dag.py:2389} INFO - Sync 1 DAGs
[2021-11-15 07:33:35,957] {logging_mixin.py:109} INFO - [2021-11-15 07:33:35,957] {dag.py:2921} INFO - Setting next_dagrun for example_skip_dag to 2021-11-14T07:33:35.957599+00:00
[2021-11-15 07:33:35,967] {processor.py:171} INFO - Processing /home/airflow/.local/lib/python3.7/site-packages/airflow/example_dags/example_skip_dag.py took 0.087 seconds
[2021-11-15 07:34:06,429] {processor.py:163} INFO - Started process (PID=1026) to work on /home/airflow/.local/lib/python3.7/site-packages/airflow/example_dags/example_skip_dag.py
[2021-11-15 07:34:06,431] {processor.py:620} INFO - Processing file /home/airflow/.local/lib/python3.7/site-packages/airflow/example_dags/example_skip_dag.py for tasks to queue
[2021-11-15 07:34:06,431] {logging_mixin.py:109} INFO - [2021-11-15 07:34:06,431] {dagbag.py:500} INFO - Filling up the DagBag from /home/airflow/.local/lib/python3.7/site-packages/airflow/example_dags/example_skip_dag.py
[2021-11-15 07:34:06,462] {processor.py:632} INFO - DAG(s) dict_keys(['example_skip_dag']) retrieved from /home/airflow/.local/lib/python3.7/site-packages/airflow/example_dags/example_skip_dag.py
[2021-11-15 07:34:06,475] {logging_mixin.py:109} INFO - [2021-11-15 07:34:06,475] {dag.py:2389} INFO - Sync 1 DAGs
[2021-11-15 07:34:06,494] {logging_mixin.py:109} INFO - [2021-11-15 07:34:06,494] {dag.py:2921} INFO - Setting next_dagrun for example_skip_dag to 2021-11-14T07:34:06.493836+00:00
[2021-11-15 07:34:06,505] {processor.py:171} INFO - Processing /home/airflow/.local/lib/python3.7/site-packages/airflow/example_dags/example_skip_dag.py took 0.080 seconds
[2021-11-15 07:34:36,921] {processor.py:163} INFO - Started process (PID=1077) to work on /home/airflow/.local/lib/python3.7/site-packages/airflow/example_dags/example_skip_dag.py
[2021-11-15 07:34:36,923] {processor.py:620} INFO - Processing file /home/airflow/.local/lib/python3.7/site-packages/airflow/example_dags/example_skip_dag.py for tasks to queue
[2021-11-15 07:34:36,923] {logging_mixin.py:109} INFO - [2021-11-15 07:34:36,923] {dagbag.py:500} INFO - Filling up the DagBag from /home/airflow/.local/lib/python3.7/site-packages/airflow/example_dags/example_skip_dag.py
[2021-11-15 07:34:36,947] {processor.py:632} INFO - DAG(s) dict_keys(['example_skip_dag']) retrieved from /home/airflow/.local/lib/python3.7/site-packages/airflow/example_dags/example_skip_dag.py
[2021-11-15 07:34:36,957] {logging_mixin.py:109} INFO - [2021-11-15 07:34:36,957] {dag.py:2389} INFO - Sync 1 DAGs
[2021-11-15 07:34:36,973] {logging_mixin.py:109} INFO - [2021-11-15 07:34:36,973] {dag.py:2921} INFO - Setting next_dagrun for example_skip_dag to 2021-11-14T07:34:36.973146+00:00
[2021-11-15 07:34:36,982] {processor.py:171} INFO - Processing /home/airflow/.local/lib/python3.7/site-packages/airflow/example_dags/example_skip_dag.py took 0.063 seconds
[2021-11-15 07:35:07,493] {processor.py:163} INFO - Started process (PID=1126) to work on /home/airflow/.local/lib/python3.7/site-packages/airflow/example_dags/example_skip_dag.py
[2021-11-15 07:35:07,495] {processor.py:620} INFO - Processing file /home/airflow/.local/lib/python3.7/site-packages/airflow/example_dags/example_skip_dag.py for tasks to queue
[2021-11-15 07:35:07,495] {logging_mixin.py:109} INFO - [2021-11-15 07:35:07,495] {dagbag.py:500} INFO - Filling up the DagBag from /home/airflow/.local/lib/python3.7/site-packages/airflow/example_dags/example_skip_dag.py
[2021-11-15 07:35:07,517] {processor.py:632} INFO - DAG(s) dict_keys(['example_skip_dag']) retrieved from /home/airflow/.local/lib/python3.7/site-packages/airflow/example_dags/example_skip_dag.py
[2021-11-15 07:35:07,527] {logging_mixin.py:109} INFO - [2021-11-15 07:35:07,526] {dag.py:2389} INFO - Sync 1 DAGs
[2021-11-15 07:35:07,541] {logging_mixin.py:109} INFO - [2021-11-15 07:35:07,541] {dag.py:2921} INFO - Setting next_dagrun for example_skip_dag to 2021-11-14T07:35:07.541378+00:00
[2021-11-15 07:35:07,550] {processor.py:171} INFO - Processing /home/airflow/.local/lib/python3.7/site-packages/airflow/example_dags/example_skip_dag.py took 0.060 seconds
[2021-11-15 07:35:37,937] {processor.py:163} INFO - Started process (PID=1183) to work on /home/airflow/.local/lib/python3.7/site-packages/airflow/example_dags/example_skip_dag.py
[2021-11-15 07:35:37,938] {processor.py:620} INFO - Processing file /home/airflow/.local/lib/python3.7/site-packages/airflow/example_dags/example_skip_dag.py for tasks to queue
[2021-11-15 07:35:37,939] {logging_mixin.py:109} INFO - [2021-11-15 07:35:37,939] {dagbag.py:500} INFO - Filling up the DagBag from /home/airflow/.local/lib/python3.7/site-packages/airflow/example_dags/example_skip_dag.py
[2021-11-15 07:35:37,965] {processor.py:632} INFO - DAG(s) dict_keys(['example_skip_dag']) retrieved from /home/airflow/.local/lib/python3.7/site-packages/airflow/example_dags/example_skip_dag.py
[2021-11-15 07:35:37,976] {logging_mixin.py:109} INFO - [2021-11-15 07:35:37,976] {dag.py:2389} INFO - Sync 1 DAGs
[2021-11-15 07:35:37,991] {logging_mixin.py:109} INFO - [2021-11-15 07:35:37,991] {dag.py:2921} INFO - Setting next_dagrun for example_skip_dag to 2021-11-14T07:35:37.990853+00:00
[2021-11-15 07:35:37,999] {processor.py:171} INFO - Processing /home/airflow/.local/lib/python3.7/site-packages/airflow/example_dags/example_skip_dag.py took 0.065 seconds
[2021-11-15 07:36:08,453] {processor.py:163} INFO - Started process (PID=1232) to work on /home/airflow/.local/lib/python3.7/site-packages/airflow/example_dags/example_skip_dag.py
[2021-11-15 07:36:08,456] {processor.py:620} INFO - Processing file /home/airflow/.local/lib/python3.7/site-packages/airflow/example_dags/example_skip_dag.py for tasks to queue
[2021-11-15 07:36:08,457] {logging_mixin.py:109} INFO - [2021-11-15 07:36:08,457] {dagbag.py:500} INFO - Filling up the DagBag from /home/airflow/.local/lib/python3.7/site-packages/airflow/example_dags/example_skip_dag.py
[2021-11-15 07:36:08,485] {processor.py:632} INFO - DAG(s) dict_keys(['example_skip_dag']) retrieved from /home/airflow/.local/lib/python3.7/site-packages/airflow/example_dags/example_skip_dag.py
[2021-11-15 07:36:08,500] {logging_mixin.py:109} INFO - [2021-11-15 07:36:08,500] {dag.py:2389} INFO - Sync 1 DAGs
[2021-11-15 07:36:08,516] {logging_mixin.py:109} INFO - [2021-11-15 07:36:08,516] {dag.py:2921} INFO - Setting next_dagrun for example_skip_dag to 2021-11-14T07:36:08.516453+00:00
[2021-11-15 07:36:08,527] {processor.py:171} INFO - Processing /home/airflow/.local/lib/python3.7/site-packages/airflow/example_dags/example_skip_dag.py took 0.084 seconds
[2021-11-15 07:36:39,077] {processor.py:163} INFO - Started process (PID=1290) to work on /home/airflow/.local/lib/python3.7/site-packages/airflow/example_dags/example_skip_dag.py
[2021-11-15 07:36:39,079] {processor.py:620} INFO - Processing file /home/airflow/.local/lib/python3.7/site-packages/airflow/example_dags/example_skip_dag.py for tasks to queue
[2021-11-15 07:36:39,080] {logging_mixin.py:109} INFO - [2021-11-15 07:36:39,080] {dagbag.py:500} INFO - Filling up the DagBag from /home/airflow/.local/lib/python3.7/site-packages/airflow/example_dags/example_skip_dag.py
[2021-11-15 07:36:39,109] {processor.py:632} INFO - DAG(s) dict_keys(['example_skip_dag']) retrieved from /home/airflow/.local/lib/python3.7/site-packages/airflow/example_dags/example_skip_dag.py
[2021-11-15 07:36:39,121] {logging_mixin.py:109} INFO - [2021-11-15 07:36:39,121] {dag.py:2389} INFO - Sync 1 DAGs
[2021-11-15 07:36:39,139] {logging_mixin.py:109} INFO - [2021-11-15 07:36:39,139] {dag.py:2921} INFO - Setting next_dagrun for example_skip_dag to 2021-11-14T07:36:39.138783+00:00
[2021-11-15 07:36:39,150] {processor.py:171} INFO - Processing /home/airflow/.local/lib/python3.7/site-packages/airflow/example_dags/example_skip_dag.py took 0.077 seconds
[2021-11-15 07:37:09,441] {processor.py:163} INFO - Started process (PID=1340) to work on /home/airflow/.local/lib/python3.7/site-packages/airflow/example_dags/example_skip_dag.py
[2021-11-15 07:37:09,443] {processor.py:620} INFO - Processing file /home/airflow/.local/lib/python3.7/site-packages/airflow/example_dags/example_skip_dag.py for tasks to queue
[2021-11-15 07:37:09,443] {logging_mixin.py:109} INFO - [2021-11-15 07:37:09,443] {dagbag.py:500} INFO - Filling up the DagBag from /home/airflow/.local/lib/python3.7/site-packages/airflow/example_dags/example_skip_dag.py
[2021-11-15 07:37:09,466] {processor.py:632} INFO - DAG(s) dict_keys(['example_skip_dag']) retrieved from /home/airflow/.local/lib/python3.7/site-packages/airflow/example_dags/example_skip_dag.py
[2021-11-15 07:37:09,476] {logging_mixin.py:109} INFO - [2021-11-15 07:37:09,476] {dag.py:2389} INFO - Sync 1 DAGs
[2021-11-15 07:37:09,493] {logging_mixin.py:109} INFO - [2021-11-15 07:37:09,493] {dag.py:2921} INFO - Setting next_dagrun for example_skip_dag to 2021-11-14T07:37:09.492735+00:00
[2021-11-15 07:37:09,502] {processor.py:171} INFO - Processing /home/airflow/.local/lib/python3.7/site-packages/airflow/example_dags/example_skip_dag.py took 0.064 seconds
[2021-11-15 07:37:39,636] {processor.py:163} INFO - Started process (PID=1398) to work on /home/airflow/.local/lib/python3.7/site-packages/airflow/example_dags/example_skip_dag.py
[2021-11-15 07:37:39,638] {processor.py:620} INFO - Processing file /home/airflow/.local/lib/python3.7/site-packages/airflow/example_dags/example_skip_dag.py for tasks to queue
[2021-11-15 07:37:39,638] {logging_mixin.py:109} INFO - [2021-11-15 07:37:39,638] {dagbag.py:500} INFO - Filling up the DagBag from /home/airflow/.local/lib/python3.7/site-packages/airflow/example_dags/example_skip_dag.py
[2021-11-15 07:37:39,661] {processor.py:632} INFO - DAG(s) dict_keys(['example_skip_dag']) retrieved from /home/airflow/.local/lib/python3.7/site-packages/airflow/example_dags/example_skip_dag.py
[2021-11-15 07:37:39,671] {logging_mixin.py:109} INFO - [2021-11-15 07:37:39,671] {dag.py:2389} INFO - Sync 1 DAGs
[2021-11-15 07:37:39,686] {logging_mixin.py:109} INFO - [2021-11-15 07:37:39,686] {dag.py:2921} INFO - Setting next_dagrun for example_skip_dag to 2021-11-14T07:37:39.686356+00:00
[2021-11-15 07:37:39,696] {processor.py:171} INFO - Processing /home/airflow/.local/lib/python3.7/site-packages/airflow/example_dags/example_skip_dag.py took 0.063 seconds
[2021-11-15 07:38:10,075] {processor.py:163} INFO - Started process (PID=1448) to work on /home/airflow/.local/lib/python3.7/site-packages/airflow/example_dags/example_skip_dag.py
[2021-11-15 07:38:10,076] {processor.py:620} INFO - Processing file /home/airflow/.local/lib/python3.7/site-packages/airflow/example_dags/example_skip_dag.py for tasks to queue
[2021-11-15 07:38:10,077] {logging_mixin.py:109} INFO - [2021-11-15 07:38:10,077] {dagbag.py:500} INFO - Filling up the DagBag from /home/airflow/.local/lib/python3.7/site-packages/airflow/example_dags/example_skip_dag.py
[2021-11-15 07:38:10,098] {processor.py:632} INFO - DAG(s) dict_keys(['example_skip_dag']) retrieved from /home/airflow/.local/lib/python3.7/site-packages/airflow/example_dags/example_skip_dag.py
[2021-11-15 07:38:10,108] {logging_mixin.py:109} INFO - [2021-11-15 07:38:10,108] {dag.py:2389} INFO - Sync 1 DAGs
[2021-11-15 07:38:10,123] {logging_mixin.py:109} INFO - [2021-11-15 07:38:10,123] {dag.py:2921} INFO - Setting next_dagrun for example_skip_dag to 2021-11-14T07:38:10.123476+00:00
[2021-11-15 07:38:10,132] {processor.py:171} INFO - Processing /home/airflow/.local/lib/python3.7/site-packages/airflow/example_dags/example_skip_dag.py took 0.060 seconds
