[2021-11-15 07:26:52,299] {processor.py:163} INFO - Started process (PID=38) to work on /home/airflow/.local/lib/python3.7/site-packages/airflow/example_dags/example_latest_only.py
[2021-11-15 07:26:52,300] {processor.py:620} INFO - Processing file /home/airflow/.local/lib/python3.7/site-packages/airflow/example_dags/example_latest_only.py for tasks to queue
[2021-11-15 07:26:52,301] {logging_mixin.py:109} INFO - [2021-11-15 07:26:52,301] {dagbag.py:500} INFO - Filling up the DagBag from /home/airflow/.local/lib/python3.7/site-packages/airflow/example_dags/example_latest_only.py
[2021-11-15 07:26:52,358] {processor.py:632} INFO - DAG(s) dict_keys(['latest_only']) retrieved from /home/airflow/.local/lib/python3.7/site-packages/airflow/example_dags/example_latest_only.py
[2021-11-15 07:26:58,235] {logging_mixin.py:109} INFO - [2021-11-15 07:26:58,235] {providers_manager.py:156} WARNING - Exception when importing 'airflow.providers.google.leveldb.hooks.leveldb.LevelDBHook' from 'apache-airflow-providers-google' package: No module named 'plyvel'
[2021-11-15 07:26:59,763] {logging_mixin.py:109} INFO - [2021-11-15 07:26:59,763] {providers_manager.py:156} WARNING - Exception when importing 'airflow.providers.google.leveldb.hooks.leveldb.LevelDBHook' from 'apache-airflow-providers-google' package: No module named 'plyvel'
[2021-11-15 07:26:59,821] {logging_mixin.py:109} INFO - [2021-11-15 07:26:59,821] {manager.py:496} INFO - Created Permission View: can edit on DAG:latest_only
[2021-11-15 07:26:59,839] {logging_mixin.py:109} INFO - [2021-11-15 07:26:59,839] {manager.py:496} INFO - Created Permission View: can read on DAG:latest_only
[2021-11-15 07:26:59,839] {logging_mixin.py:109} INFO - [2021-11-15 07:26:59,839] {dag.py:2389} INFO - Sync 1 DAGs
[2021-11-15 07:26:59,848] {logging_mixin.py:109} INFO - [2021-11-15 07:26:59,848] {dag.py:2408} INFO - Creating ORM DAG for latest_only
[2021-11-15 07:26:59,856] {logging_mixin.py:109} INFO - [2021-11-15 07:26:59,856] {dag.py:2921} INFO - Setting next_dagrun for latest_only to 2021-11-15T03:26:59.856580+00:00
[2021-11-15 07:26:59,878] {processor.py:171} INFO - Processing /home/airflow/.local/lib/python3.7/site-packages/airflow/example_dags/example_latest_only.py took 7.583 seconds
[2021-11-15 07:27:41,462] {processor.py:163} INFO - Started process (PID=337) to work on /home/airflow/.local/lib/python3.7/site-packages/airflow/example_dags/example_latest_only.py
[2021-11-15 07:27:41,463] {processor.py:620} INFO - Processing file /home/airflow/.local/lib/python3.7/site-packages/airflow/example_dags/example_latest_only.py for tasks to queue
[2021-11-15 07:27:41,464] {logging_mixin.py:109} INFO - [2021-11-15 07:27:41,464] {dagbag.py:500} INFO - Filling up the DagBag from /home/airflow/.local/lib/python3.7/site-packages/airflow/example_dags/example_latest_only.py
[2021-11-15 07:27:41,488] {processor.py:632} INFO - DAG(s) dict_keys(['latest_only']) retrieved from /home/airflow/.local/lib/python3.7/site-packages/airflow/example_dags/example_latest_only.py
[2021-11-15 07:27:41,500] {logging_mixin.py:109} INFO - [2021-11-15 07:27:41,500] {dag.py:2389} INFO - Sync 1 DAGs
[2021-11-15 07:27:41,517] {logging_mixin.py:109} INFO - [2021-11-15 07:27:41,517] {dag.py:2921} INFO - Setting next_dagrun for latest_only to 2021-11-15T03:27:41.516952+00:00
[2021-11-15 07:27:41,526] {processor.py:171} INFO - Processing /home/airflow/.local/lib/python3.7/site-packages/airflow/example_dags/example_latest_only.py took 0.067 seconds
[2021-11-15 07:28:11,803] {processor.py:163} INFO - Started process (PID=399) to work on /home/airflow/.local/lib/python3.7/site-packages/airflow/example_dags/example_latest_only.py
[2021-11-15 07:28:11,806] {processor.py:620} INFO - Processing file /home/airflow/.local/lib/python3.7/site-packages/airflow/example_dags/example_latest_only.py for tasks to queue
[2021-11-15 07:28:11,807] {logging_mixin.py:109} INFO - [2021-11-15 07:28:11,807] {dagbag.py:500} INFO - Filling up the DagBag from /home/airflow/.local/lib/python3.7/site-packages/airflow/example_dags/example_latest_only.py
[2021-11-15 07:28:11,841] {processor.py:632} INFO - DAG(s) dict_keys(['latest_only']) retrieved from /home/airflow/.local/lib/python3.7/site-packages/airflow/example_dags/example_latest_only.py
[2021-11-15 07:28:11,850] {logging_mixin.py:109} INFO - [2021-11-15 07:28:11,850] {dag.py:2389} INFO - Sync 1 DAGs
[2021-11-15 07:28:11,865] {logging_mixin.py:109} INFO - [2021-11-15 07:28:11,864] {dag.py:2921} INFO - Setting next_dagrun for latest_only to 2021-11-15T03:28:11.864720+00:00
[2021-11-15 07:28:11,874] {processor.py:171} INFO - Processing /home/airflow/.local/lib/python3.7/site-packages/airflow/example_dags/example_latest_only.py took 0.080 seconds
[2021-11-15 07:28:41,947] {processor.py:163} INFO - Started process (PID=449) to work on /home/airflow/.local/lib/python3.7/site-packages/airflow/example_dags/example_latest_only.py
[2021-11-15 07:28:41,948] {processor.py:620} INFO - Processing file /home/airflow/.local/lib/python3.7/site-packages/airflow/example_dags/example_latest_only.py for tasks to queue
[2021-11-15 07:28:41,948] {logging_mixin.py:109} INFO - [2021-11-15 07:28:41,948] {dagbag.py:500} INFO - Filling up the DagBag from /home/airflow/.local/lib/python3.7/site-packages/airflow/example_dags/example_latest_only.py
[2021-11-15 07:28:41,971] {processor.py:632} INFO - DAG(s) dict_keys(['latest_only']) retrieved from /home/airflow/.local/lib/python3.7/site-packages/airflow/example_dags/example_latest_only.py
[2021-11-15 07:28:41,980] {logging_mixin.py:109} INFO - [2021-11-15 07:28:41,980] {dag.py:2389} INFO - Sync 1 DAGs
[2021-11-15 07:28:41,995] {logging_mixin.py:109} INFO - [2021-11-15 07:28:41,994] {dag.py:2921} INFO - Setting next_dagrun for latest_only to 2021-11-15T03:28:41.994661+00:00
[2021-11-15 07:28:42,003] {processor.py:171} INFO - Processing /home/airflow/.local/lib/python3.7/site-packages/airflow/example_dags/example_latest_only.py took 0.058 seconds
[2021-11-15 07:29:12,120] {processor.py:163} INFO - Started process (PID=507) to work on /home/airflow/.local/lib/python3.7/site-packages/airflow/example_dags/example_latest_only.py
[2021-11-15 07:29:12,121] {processor.py:620} INFO - Processing file /home/airflow/.local/lib/python3.7/site-packages/airflow/example_dags/example_latest_only.py for tasks to queue
[2021-11-15 07:29:12,122] {logging_mixin.py:109} INFO - [2021-11-15 07:29:12,122] {dagbag.py:500} INFO - Filling up the DagBag from /home/airflow/.local/lib/python3.7/site-packages/airflow/example_dags/example_latest_only.py
[2021-11-15 07:29:12,145] {processor.py:632} INFO - DAG(s) dict_keys(['latest_only']) retrieved from /home/airflow/.local/lib/python3.7/site-packages/airflow/example_dags/example_latest_only.py
[2021-11-15 07:29:12,156] {logging_mixin.py:109} INFO - [2021-11-15 07:29:12,156] {dag.py:2389} INFO - Sync 1 DAGs
[2021-11-15 07:29:12,176] {logging_mixin.py:109} INFO - [2021-11-15 07:29:12,175] {dag.py:2921} INFO - Setting next_dagrun for latest_only to 2021-11-15T03:29:12.175558+00:00
[2021-11-15 07:29:12,184] {processor.py:171} INFO - Processing /home/airflow/.local/lib/python3.7/site-packages/airflow/example_dags/example_latest_only.py took 0.066 seconds
[2021-11-15 07:29:42,304] {processor.py:163} INFO - Started process (PID=556) to work on /home/airflow/.local/lib/python3.7/site-packages/airflow/example_dags/example_latest_only.py
[2021-11-15 07:29:42,305] {processor.py:620} INFO - Processing file /home/airflow/.local/lib/python3.7/site-packages/airflow/example_dags/example_latest_only.py for tasks to queue
[2021-11-15 07:29:42,306] {logging_mixin.py:109} INFO - [2021-11-15 07:29:42,305] {dagbag.py:500} INFO - Filling up the DagBag from /home/airflow/.local/lib/python3.7/site-packages/airflow/example_dags/example_latest_only.py
[2021-11-15 07:29:42,328] {processor.py:632} INFO - DAG(s) dict_keys(['latest_only']) retrieved from /home/airflow/.local/lib/python3.7/site-packages/airflow/example_dags/example_latest_only.py
[2021-11-15 07:29:42,335] {logging_mixin.py:109} INFO - [2021-11-15 07:29:42,335] {dag.py:2389} INFO - Sync 1 DAGs
[2021-11-15 07:29:42,350] {logging_mixin.py:109} INFO - [2021-11-15 07:29:42,350] {dag.py:2921} INFO - Setting next_dagrun for latest_only to 2021-11-15T03:29:42.350155+00:00
[2021-11-15 07:29:42,360] {processor.py:171} INFO - Processing /home/airflow/.local/lib/python3.7/site-packages/airflow/example_dags/example_latest_only.py took 0.058 seconds
[2021-11-15 07:30:13,145] {processor.py:163} INFO - Started process (PID=613) to work on /home/airflow/.local/lib/python3.7/site-packages/airflow/example_dags/example_latest_only.py
[2021-11-15 07:30:13,146] {processor.py:620} INFO - Processing file /home/airflow/.local/lib/python3.7/site-packages/airflow/example_dags/example_latest_only.py for tasks to queue
[2021-11-15 07:30:13,146] {logging_mixin.py:109} INFO - [2021-11-15 07:30:13,146] {dagbag.py:500} INFO - Filling up the DagBag from /home/airflow/.local/lib/python3.7/site-packages/airflow/example_dags/example_latest_only.py
[2021-11-15 07:30:13,165] {processor.py:632} INFO - DAG(s) dict_keys(['latest_only']) retrieved from /home/airflow/.local/lib/python3.7/site-packages/airflow/example_dags/example_latest_only.py
[2021-11-15 07:30:13,173] {logging_mixin.py:109} INFO - [2021-11-15 07:30:13,173] {dag.py:2389} INFO - Sync 1 DAGs
[2021-11-15 07:30:13,186] {logging_mixin.py:109} INFO - [2021-11-15 07:30:13,186] {dag.py:2921} INFO - Setting next_dagrun for latest_only to 2021-11-15T03:30:13.186428+00:00
[2021-11-15 07:30:13,195] {processor.py:171} INFO - Processing /home/airflow/.local/lib/python3.7/site-packages/airflow/example_dags/example_latest_only.py took 0.052 seconds
[2021-11-15 07:30:43,611] {processor.py:163} INFO - Started process (PID=663) to work on /home/airflow/.local/lib/python3.7/site-packages/airflow/example_dags/example_latest_only.py
[2021-11-15 07:30:43,612] {processor.py:620} INFO - Processing file /home/airflow/.local/lib/python3.7/site-packages/airflow/example_dags/example_latest_only.py for tasks to queue
[2021-11-15 07:30:43,612] {logging_mixin.py:109} INFO - [2021-11-15 07:30:43,612] {dagbag.py:500} INFO - Filling up the DagBag from /home/airflow/.local/lib/python3.7/site-packages/airflow/example_dags/example_latest_only.py
[2021-11-15 07:30:43,635] {processor.py:632} INFO - DAG(s) dict_keys(['latest_only']) retrieved from /home/airflow/.local/lib/python3.7/site-packages/airflow/example_dags/example_latest_only.py
[2021-11-15 07:30:43,643] {logging_mixin.py:109} INFO - [2021-11-15 07:30:43,643] {dag.py:2389} INFO - Sync 1 DAGs
[2021-11-15 07:30:43,658] {logging_mixin.py:109} INFO - [2021-11-15 07:30:43,658] {dag.py:2921} INFO - Setting next_dagrun for latest_only to 2021-11-15T03:30:43.658428+00:00
[2021-11-15 07:30:43,667] {processor.py:171} INFO - Processing /home/airflow/.local/lib/python3.7/site-packages/airflow/example_dags/example_latest_only.py took 0.059 seconds
[2021-11-15 07:31:14,015] {processor.py:163} INFO - Started process (PID=717) to work on /home/airflow/.local/lib/python3.7/site-packages/airflow/example_dags/example_latest_only.py
[2021-11-15 07:31:14,016] {processor.py:620} INFO - Processing file /home/airflow/.local/lib/python3.7/site-packages/airflow/example_dags/example_latest_only.py for tasks to queue
[2021-11-15 07:31:14,017] {logging_mixin.py:109} INFO - [2021-11-15 07:31:14,017] {dagbag.py:500} INFO - Filling up the DagBag from /home/airflow/.local/lib/python3.7/site-packages/airflow/example_dags/example_latest_only.py
[2021-11-15 07:31:14,043] {processor.py:632} INFO - DAG(s) dict_keys(['latest_only']) retrieved from /home/airflow/.local/lib/python3.7/site-packages/airflow/example_dags/example_latest_only.py
[2021-11-15 07:31:14,054] {logging_mixin.py:109} INFO - [2021-11-15 07:31:14,054] {dag.py:2389} INFO - Sync 1 DAGs
[2021-11-15 07:31:14,070] {logging_mixin.py:109} INFO - [2021-11-15 07:31:14,070] {dag.py:2921} INFO - Setting next_dagrun for latest_only to 2021-11-15T03:31:14.069945+00:00
[2021-11-15 07:31:14,079] {processor.py:171} INFO - Processing /home/airflow/.local/lib/python3.7/site-packages/airflow/example_dags/example_latest_only.py took 0.067 seconds
[2021-11-15 07:31:44,568] {processor.py:163} INFO - Started process (PID=771) to work on /home/airflow/.local/lib/python3.7/site-packages/airflow/example_dags/example_latest_only.py
[2021-11-15 07:31:44,569] {processor.py:620} INFO - Processing file /home/airflow/.local/lib/python3.7/site-packages/airflow/example_dags/example_latest_only.py for tasks to queue
[2021-11-15 07:31:44,570] {logging_mixin.py:109} INFO - [2021-11-15 07:31:44,569] {dagbag.py:500} INFO - Filling up the DagBag from /home/airflow/.local/lib/python3.7/site-packages/airflow/example_dags/example_latest_only.py
[2021-11-15 07:31:44,589] {processor.py:632} INFO - DAG(s) dict_keys(['latest_only']) retrieved from /home/airflow/.local/lib/python3.7/site-packages/airflow/example_dags/example_latest_only.py
[2021-11-15 07:31:44,600] {logging_mixin.py:109} INFO - [2021-11-15 07:31:44,599] {dag.py:2389} INFO - Sync 1 DAGs
[2021-11-15 07:31:44,617] {logging_mixin.py:109} INFO - [2021-11-15 07:31:44,617] {dag.py:2921} INFO - Setting next_dagrun for latest_only to 2021-11-15T03:31:44.617124+00:00
[2021-11-15 07:31:44,627] {processor.py:171} INFO - Processing /home/airflow/.local/lib/python3.7/site-packages/airflow/example_dags/example_latest_only.py took 0.061 seconds
[2021-11-15 07:32:14,726] {processor.py:163} INFO - Started process (PID=828) to work on /home/airflow/.local/lib/python3.7/site-packages/airflow/example_dags/example_latest_only.py
[2021-11-15 07:32:14,727] {processor.py:620} INFO - Processing file /home/airflow/.local/lib/python3.7/site-packages/airflow/example_dags/example_latest_only.py for tasks to queue
[2021-11-15 07:32:14,728] {logging_mixin.py:109} INFO - [2021-11-15 07:32:14,728] {dagbag.py:500} INFO - Filling up the DagBag from /home/airflow/.local/lib/python3.7/site-packages/airflow/example_dags/example_latest_only.py
[2021-11-15 07:32:14,758] {processor.py:632} INFO - DAG(s) dict_keys(['latest_only']) retrieved from /home/airflow/.local/lib/python3.7/site-packages/airflow/example_dags/example_latest_only.py
[2021-11-15 07:32:14,772] {logging_mixin.py:109} INFO - [2021-11-15 07:32:14,771] {dag.py:2389} INFO - Sync 1 DAGs
[2021-11-15 07:32:14,793] {logging_mixin.py:109} INFO - [2021-11-15 07:32:14,793] {dag.py:2921} INFO - Setting next_dagrun for latest_only to 2021-11-15T03:32:14.792996+00:00
[2021-11-15 07:32:14,803] {processor.py:171} INFO - Processing /home/airflow/.local/lib/python3.7/site-packages/airflow/example_dags/example_latest_only.py took 0.080 seconds
[2021-11-15 07:32:45,292] {processor.py:163} INFO - Started process (PID=877) to work on /home/airflow/.local/lib/python3.7/site-packages/airflow/example_dags/example_latest_only.py
[2021-11-15 07:32:45,295] {processor.py:620} INFO - Processing file /home/airflow/.local/lib/python3.7/site-packages/airflow/example_dags/example_latest_only.py for tasks to queue
[2021-11-15 07:32:45,296] {logging_mixin.py:109} INFO - [2021-11-15 07:32:45,296] {dagbag.py:500} INFO - Filling up the DagBag from /home/airflow/.local/lib/python3.7/site-packages/airflow/example_dags/example_latest_only.py
[2021-11-15 07:32:45,325] {processor.py:632} INFO - DAG(s) dict_keys(['latest_only']) retrieved from /home/airflow/.local/lib/python3.7/site-packages/airflow/example_dags/example_latest_only.py
[2021-11-15 07:32:45,334] {logging_mixin.py:109} INFO - [2021-11-15 07:32:45,334] {dag.py:2389} INFO - Sync 1 DAGs
[2021-11-15 07:32:45,352] {logging_mixin.py:109} INFO - [2021-11-15 07:32:45,352] {dag.py:2921} INFO - Setting next_dagrun for latest_only to 2021-11-15T03:32:45.352447+00:00
[2021-11-15 07:32:45,362] {processor.py:171} INFO - Processing /home/airflow/.local/lib/python3.7/site-packages/airflow/example_dags/example_latest_only.py took 0.079 seconds
[2021-11-15 07:33:15,820] {processor.py:163} INFO - Started process (PID=928) to work on /home/airflow/.local/lib/python3.7/site-packages/airflow/example_dags/example_latest_only.py
[2021-11-15 07:33:15,821] {processor.py:620} INFO - Processing file /home/airflow/.local/lib/python3.7/site-packages/airflow/example_dags/example_latest_only.py for tasks to queue
[2021-11-15 07:33:15,822] {logging_mixin.py:109} INFO - [2021-11-15 07:33:15,822] {dagbag.py:500} INFO - Filling up the DagBag from /home/airflow/.local/lib/python3.7/site-packages/airflow/example_dags/example_latest_only.py
[2021-11-15 07:33:15,841] {processor.py:632} INFO - DAG(s) dict_keys(['latest_only']) retrieved from /home/airflow/.local/lib/python3.7/site-packages/airflow/example_dags/example_latest_only.py
[2021-11-15 07:33:15,849] {logging_mixin.py:109} INFO - [2021-11-15 07:33:15,849] {dag.py:2389} INFO - Sync 1 DAGs
[2021-11-15 07:33:15,863] {logging_mixin.py:109} INFO - [2021-11-15 07:33:15,862] {dag.py:2921} INFO - Setting next_dagrun for latest_only to 2021-11-15T03:33:15.862685+00:00
[2021-11-15 07:33:15,871] {processor.py:171} INFO - Processing /home/airflow/.local/lib/python3.7/site-packages/airflow/example_dags/example_latest_only.py took 0.053 seconds
[2021-11-15 07:33:46,243] {processor.py:163} INFO - Started process (PID=986) to work on /home/airflow/.local/lib/python3.7/site-packages/airflow/example_dags/example_latest_only.py
[2021-11-15 07:33:46,244] {processor.py:620} INFO - Processing file /home/airflow/.local/lib/python3.7/site-packages/airflow/example_dags/example_latest_only.py for tasks to queue
[2021-11-15 07:33:46,245] {logging_mixin.py:109} INFO - [2021-11-15 07:33:46,245] {dagbag.py:500} INFO - Filling up the DagBag from /home/airflow/.local/lib/python3.7/site-packages/airflow/example_dags/example_latest_only.py
[2021-11-15 07:33:46,273] {processor.py:632} INFO - DAG(s) dict_keys(['latest_only']) retrieved from /home/airflow/.local/lib/python3.7/site-packages/airflow/example_dags/example_latest_only.py
[2021-11-15 07:33:46,285] {logging_mixin.py:109} INFO - [2021-11-15 07:33:46,285] {dag.py:2389} INFO - Sync 1 DAGs
[2021-11-15 07:33:46,304] {logging_mixin.py:109} INFO - [2021-11-15 07:33:46,304] {dag.py:2921} INFO - Setting next_dagrun for latest_only to 2021-11-15T03:33:46.304538+00:00
[2021-11-15 07:33:46,314] {processor.py:171} INFO - Processing /home/airflow/.local/lib/python3.7/site-packages/airflow/example_dags/example_latest_only.py took 0.075 seconds
[2021-11-15 07:34:16,809] {processor.py:163} INFO - Started process (PID=1035) to work on /home/airflow/.local/lib/python3.7/site-packages/airflow/example_dags/example_latest_only.py
[2021-11-15 07:34:16,810] {processor.py:620} INFO - Processing file /home/airflow/.local/lib/python3.7/site-packages/airflow/example_dags/example_latest_only.py for tasks to queue
[2021-11-15 07:34:16,810] {logging_mixin.py:109} INFO - [2021-11-15 07:34:16,810] {dagbag.py:500} INFO - Filling up the DagBag from /home/airflow/.local/lib/python3.7/site-packages/airflow/example_dags/example_latest_only.py
[2021-11-15 07:34:16,834] {processor.py:632} INFO - DAG(s) dict_keys(['latest_only']) retrieved from /home/airflow/.local/lib/python3.7/site-packages/airflow/example_dags/example_latest_only.py
[2021-11-15 07:34:16,845] {logging_mixin.py:109} INFO - [2021-11-15 07:34:16,845] {dag.py:2389} INFO - Sync 1 DAGs
[2021-11-15 07:34:16,865] {logging_mixin.py:109} INFO - [2021-11-15 07:34:16,864] {dag.py:2921} INFO - Setting next_dagrun for latest_only to 2021-11-15T03:34:16.864643+00:00
[2021-11-15 07:34:16,875] {processor.py:171} INFO - Processing /home/airflow/.local/lib/python3.7/site-packages/airflow/example_dags/example_latest_only.py took 0.069 seconds
[2021-11-15 07:34:47,280] {processor.py:163} INFO - Started process (PID=1094) to work on /home/airflow/.local/lib/python3.7/site-packages/airflow/example_dags/example_latest_only.py
[2021-11-15 07:34:47,282] {processor.py:620} INFO - Processing file /home/airflow/.local/lib/python3.7/site-packages/airflow/example_dags/example_latest_only.py for tasks to queue
[2021-11-15 07:34:47,284] {logging_mixin.py:109} INFO - [2021-11-15 07:34:47,283] {dagbag.py:500} INFO - Filling up the DagBag from /home/airflow/.local/lib/python3.7/site-packages/airflow/example_dags/example_latest_only.py
[2021-11-15 07:34:47,313] {processor.py:632} INFO - DAG(s) dict_keys(['latest_only']) retrieved from /home/airflow/.local/lib/python3.7/site-packages/airflow/example_dags/example_latest_only.py
[2021-11-15 07:34:47,323] {logging_mixin.py:109} INFO - [2021-11-15 07:34:47,323] {dag.py:2389} INFO - Sync 1 DAGs
[2021-11-15 07:34:47,340] {logging_mixin.py:109} INFO - [2021-11-15 07:34:47,340] {dag.py:2921} INFO - Setting next_dagrun for latest_only to 2021-11-15T03:34:47.339796+00:00
[2021-11-15 07:34:47,350] {processor.py:171} INFO - Processing /home/airflow/.local/lib/python3.7/site-packages/airflow/example_dags/example_latest_only.py took 0.081 seconds
[2021-11-15 07:35:17,870] {processor.py:163} INFO - Started process (PID=1143) to work on /home/airflow/.local/lib/python3.7/site-packages/airflow/example_dags/example_latest_only.py
[2021-11-15 07:35:17,871] {processor.py:620} INFO - Processing file /home/airflow/.local/lib/python3.7/site-packages/airflow/example_dags/example_latest_only.py for tasks to queue
[2021-11-15 07:35:17,871] {logging_mixin.py:109} INFO - [2021-11-15 07:35:17,871] {dagbag.py:500} INFO - Filling up the DagBag from /home/airflow/.local/lib/python3.7/site-packages/airflow/example_dags/example_latest_only.py
[2021-11-15 07:35:17,894] {processor.py:632} INFO - DAG(s) dict_keys(['latest_only']) retrieved from /home/airflow/.local/lib/python3.7/site-packages/airflow/example_dags/example_latest_only.py
[2021-11-15 07:35:17,904] {logging_mixin.py:109} INFO - [2021-11-15 07:35:17,903] {dag.py:2389} INFO - Sync 1 DAGs
[2021-11-15 07:35:17,922] {logging_mixin.py:109} INFO - [2021-11-15 07:35:17,922] {dag.py:2921} INFO - Setting next_dagrun for latest_only to 2021-11-15T03:35:17.922565+00:00
[2021-11-15 07:35:17,934] {processor.py:171} INFO - Processing /home/airflow/.local/lib/python3.7/site-packages/airflow/example_dags/example_latest_only.py took 0.067 seconds
[2021-11-15 07:35:48,298] {processor.py:163} INFO - Started process (PID=1200) to work on /home/airflow/.local/lib/python3.7/site-packages/airflow/example_dags/example_latest_only.py
[2021-11-15 07:35:48,300] {processor.py:620} INFO - Processing file /home/airflow/.local/lib/python3.7/site-packages/airflow/example_dags/example_latest_only.py for tasks to queue
[2021-11-15 07:35:48,301] {logging_mixin.py:109} INFO - [2021-11-15 07:35:48,301] {dagbag.py:500} INFO - Filling up the DagBag from /home/airflow/.local/lib/python3.7/site-packages/airflow/example_dags/example_latest_only.py
[2021-11-15 07:35:48,332] {processor.py:632} INFO - DAG(s) dict_keys(['latest_only']) retrieved from /home/airflow/.local/lib/python3.7/site-packages/airflow/example_dags/example_latest_only.py
[2021-11-15 07:35:48,341] {logging_mixin.py:109} INFO - [2021-11-15 07:35:48,341] {dag.py:2389} INFO - Sync 1 DAGs
[2021-11-15 07:35:48,357] {logging_mixin.py:109} INFO - [2021-11-15 07:35:48,356] {dag.py:2921} INFO - Setting next_dagrun for latest_only to 2021-11-15T03:35:48.356670+00:00
[2021-11-15 07:35:48,366] {processor.py:171} INFO - Processing /home/airflow/.local/lib/python3.7/site-packages/airflow/example_dags/example_latest_only.py took 0.074 seconds
[2021-11-15 07:36:18,847] {processor.py:163} INFO - Started process (PID=1250) to work on /home/airflow/.local/lib/python3.7/site-packages/airflow/example_dags/example_latest_only.py
[2021-11-15 07:36:18,849] {processor.py:620} INFO - Processing file /home/airflow/.local/lib/python3.7/site-packages/airflow/example_dags/example_latest_only.py for tasks to queue
[2021-11-15 07:36:18,850] {logging_mixin.py:109} INFO - [2021-11-15 07:36:18,850] {dagbag.py:500} INFO - Filling up the DagBag from /home/airflow/.local/lib/python3.7/site-packages/airflow/example_dags/example_latest_only.py
[2021-11-15 07:36:18,883] {processor.py:632} INFO - DAG(s) dict_keys(['latest_only']) retrieved from /home/airflow/.local/lib/python3.7/site-packages/airflow/example_dags/example_latest_only.py
[2021-11-15 07:36:18,894] {logging_mixin.py:109} INFO - [2021-11-15 07:36:18,894] {dag.py:2389} INFO - Sync 1 DAGs
[2021-11-15 07:36:18,915] {logging_mixin.py:109} INFO - [2021-11-15 07:36:18,914] {dag.py:2921} INFO - Setting next_dagrun for latest_only to 2021-11-15T03:36:18.914058+00:00
[2021-11-15 07:36:18,929] {processor.py:171} INFO - Processing /home/airflow/.local/lib/python3.7/site-packages/airflow/example_dags/example_latest_only.py took 0.087 seconds
[2021-11-15 07:36:49,393] {processor.py:163} INFO - Started process (PID=1307) to work on /home/airflow/.local/lib/python3.7/site-packages/airflow/example_dags/example_latest_only.py
[2021-11-15 07:36:49,394] {processor.py:620} INFO - Processing file /home/airflow/.local/lib/python3.7/site-packages/airflow/example_dags/example_latest_only.py for tasks to queue
[2021-11-15 07:36:49,395] {logging_mixin.py:109} INFO - [2021-11-15 07:36:49,395] {dagbag.py:500} INFO - Filling up the DagBag from /home/airflow/.local/lib/python3.7/site-packages/airflow/example_dags/example_latest_only.py
[2021-11-15 07:36:49,417] {processor.py:632} INFO - DAG(s) dict_keys(['latest_only']) retrieved from /home/airflow/.local/lib/python3.7/site-packages/airflow/example_dags/example_latest_only.py
[2021-11-15 07:36:49,426] {logging_mixin.py:109} INFO - [2021-11-15 07:36:49,426] {dag.py:2389} INFO - Sync 1 DAGs
[2021-11-15 07:36:49,441] {logging_mixin.py:109} INFO - [2021-11-15 07:36:49,441] {dag.py:2921} INFO - Setting next_dagrun for latest_only to 2021-11-15T03:36:49.440938+00:00
[2021-11-15 07:36:49,449] {processor.py:171} INFO - Processing /home/airflow/.local/lib/python3.7/site-packages/airflow/example_dags/example_latest_only.py took 0.059 seconds
[2021-11-15 07:37:19,765] {processor.py:163} INFO - Started process (PID=1357) to work on /home/airflow/.local/lib/python3.7/site-packages/airflow/example_dags/example_latest_only.py
[2021-11-15 07:37:19,766] {processor.py:620} INFO - Processing file /home/airflow/.local/lib/python3.7/site-packages/airflow/example_dags/example_latest_only.py for tasks to queue
[2021-11-15 07:37:19,767] {logging_mixin.py:109} INFO - [2021-11-15 07:37:19,767] {dagbag.py:500} INFO - Filling up the DagBag from /home/airflow/.local/lib/python3.7/site-packages/airflow/example_dags/example_latest_only.py
[2021-11-15 07:37:19,796] {processor.py:632} INFO - DAG(s) dict_keys(['latest_only']) retrieved from /home/airflow/.local/lib/python3.7/site-packages/airflow/example_dags/example_latest_only.py
[2021-11-15 07:37:19,808] {logging_mixin.py:109} INFO - [2021-11-15 07:37:19,808] {dag.py:2389} INFO - Sync 1 DAGs
[2021-11-15 07:37:19,827] {logging_mixin.py:109} INFO - [2021-11-15 07:37:19,827] {dag.py:2921} INFO - Setting next_dagrun for latest_only to 2021-11-15T03:37:19.827209+00:00
[2021-11-15 07:37:19,839] {processor.py:171} INFO - Processing /home/airflow/.local/lib/python3.7/site-packages/airflow/example_dags/example_latest_only.py took 0.078 seconds
[2021-11-15 07:37:49,991] {processor.py:163} INFO - Started process (PID=1406) to work on /home/airflow/.local/lib/python3.7/site-packages/airflow/example_dags/example_latest_only.py
[2021-11-15 07:37:49,993] {processor.py:620} INFO - Processing file /home/airflow/.local/lib/python3.7/site-packages/airflow/example_dags/example_latest_only.py for tasks to queue
[2021-11-15 07:37:49,993] {logging_mixin.py:109} INFO - [2021-11-15 07:37:49,993] {dagbag.py:500} INFO - Filling up the DagBag from /home/airflow/.local/lib/python3.7/site-packages/airflow/example_dags/example_latest_only.py
[2021-11-15 07:37:50,015] {processor.py:632} INFO - DAG(s) dict_keys(['latest_only']) retrieved from /home/airflow/.local/lib/python3.7/site-packages/airflow/example_dags/example_latest_only.py
[2021-11-15 07:37:50,025] {logging_mixin.py:109} INFO - [2021-11-15 07:37:50,024] {dag.py:2389} INFO - Sync 1 DAGs
[2021-11-15 07:37:50,040] {logging_mixin.py:109} INFO - [2021-11-15 07:37:50,040] {dag.py:2921} INFO - Setting next_dagrun for latest_only to 2021-11-15T03:37:50.040525+00:00
[2021-11-15 07:37:50,050] {processor.py:171} INFO - Processing /home/airflow/.local/lib/python3.7/site-packages/airflow/example_dags/example_latest_only.py took 0.061 seconds
