[2021-11-15 07:27:33,822] {processor.py:163} INFO - Started process (PID=279) to work on /home/airflow/.local/lib/python3.7/site-packages/airflow/example_dags/example_branch_python_dop_operator_3.py
[2021-11-15 07:27:33,823] {processor.py:620} INFO - Processing file /home/airflow/.local/lib/python3.7/site-packages/airflow/example_dags/example_branch_python_dop_operator_3.py for tasks to queue
[2021-11-15 07:27:33,824] {logging_mixin.py:109} INFO - [2021-11-15 07:27:33,824] {dagbag.py:500} INFO - Filling up the DagBag from /home/airflow/.local/lib/python3.7/site-packages/airflow/example_dags/example_branch_python_dop_operator_3.py
[2021-11-15 07:27:33,855] {processor.py:632} INFO - DAG(s) dict_keys(['example_branch_dop_operator_v3']) retrieved from /home/airflow/.local/lib/python3.7/site-packages/airflow/example_dags/example_branch_python_dop_operator_3.py
[2021-11-15 07:27:35,740] {logging_mixin.py:109} INFO - [2021-11-15 07:27:35,740] {providers_manager.py:156} WARNING - Exception when importing 'airflow.providers.google.leveldb.hooks.leveldb.LevelDBHook' from 'apache-airflow-providers-google' package: No module named 'plyvel'
[2021-11-15 07:27:36,160] {logging_mixin.py:109} INFO - [2021-11-15 07:27:36,159] {providers_manager.py:156} WARNING - Exception when importing 'airflow.providers.google.leveldb.hooks.leveldb.LevelDBHook' from 'apache-airflow-providers-google' package: No module named 'plyvel'
[2021-11-15 07:27:36,178] {logging_mixin.py:109} INFO - [2021-11-15 07:27:36,178] {manager.py:496} INFO - Created Permission View: can edit on DAG:example_branch_dop_operator_v3
[2021-11-15 07:27:36,185] {logging_mixin.py:109} INFO - [2021-11-15 07:27:36,185] {manager.py:496} INFO - Created Permission View: can read on DAG:example_branch_dop_operator_v3
[2021-11-15 07:27:36,185] {logging_mixin.py:109} INFO - [2021-11-15 07:27:36,185] {dag.py:2389} INFO - Sync 1 DAGs
[2021-11-15 07:27:36,191] {logging_mixin.py:109} INFO - [2021-11-15 07:27:36,191] {dag.py:2408} INFO - Creating ORM DAG for example_branch_dop_operator_v3
[2021-11-15 07:27:36,203] {logging_mixin.py:109} INFO - [2021-11-15 07:27:36,203] {dag.py:2921} INFO - Setting next_dagrun for example_branch_dop_operator_v3 to 2021-11-15T07:26:00+00:00
[2021-11-15 07:27:36,215] {processor.py:171} INFO - Processing /home/airflow/.local/lib/python3.7/site-packages/airflow/example_dags/example_branch_python_dop_operator_3.py took 2.396 seconds
[2021-11-15 07:28:06,343] {processor.py:163} INFO - Started process (PID=386) to work on /home/airflow/.local/lib/python3.7/site-packages/airflow/example_dags/example_branch_python_dop_operator_3.py
[2021-11-15 07:28:06,345] {processor.py:620} INFO - Processing file /home/airflow/.local/lib/python3.7/site-packages/airflow/example_dags/example_branch_python_dop_operator_3.py for tasks to queue
[2021-11-15 07:28:06,345] {logging_mixin.py:109} INFO - [2021-11-15 07:28:06,345] {dagbag.py:500} INFO - Filling up the DagBag from /home/airflow/.local/lib/python3.7/site-packages/airflow/example_dags/example_branch_python_dop_operator_3.py
[2021-11-15 07:28:06,371] {processor.py:632} INFO - DAG(s) dict_keys(['example_branch_dop_operator_v3']) retrieved from /home/airflow/.local/lib/python3.7/site-packages/airflow/example_dags/example_branch_python_dop_operator_3.py
[2021-11-15 07:28:06,381] {logging_mixin.py:109} INFO - [2021-11-15 07:28:06,381] {dag.py:2389} INFO - Sync 1 DAGs
[2021-11-15 07:28:06,403] {logging_mixin.py:109} INFO - [2021-11-15 07:28:06,403] {dag.py:2921} INFO - Setting next_dagrun for example_branch_dop_operator_v3 to 2021-11-15T07:27:00+00:00
[2021-11-15 07:28:06,412] {processor.py:171} INFO - Processing /home/airflow/.local/lib/python3.7/site-packages/airflow/example_dags/example_branch_python_dop_operator_3.py took 0.072 seconds
[2021-11-15 07:28:36,746] {processor.py:163} INFO - Started process (PID=444) to work on /home/airflow/.local/lib/python3.7/site-packages/airflow/example_dags/example_branch_python_dop_operator_3.py
[2021-11-15 07:28:36,747] {processor.py:620} INFO - Processing file /home/airflow/.local/lib/python3.7/site-packages/airflow/example_dags/example_branch_python_dop_operator_3.py for tasks to queue
[2021-11-15 07:28:36,748] {logging_mixin.py:109} INFO - [2021-11-15 07:28:36,748] {dagbag.py:500} INFO - Filling up the DagBag from /home/airflow/.local/lib/python3.7/site-packages/airflow/example_dags/example_branch_python_dop_operator_3.py
[2021-11-15 07:28:36,777] {processor.py:632} INFO - DAG(s) dict_keys(['example_branch_dop_operator_v3']) retrieved from /home/airflow/.local/lib/python3.7/site-packages/airflow/example_dags/example_branch_python_dop_operator_3.py
[2021-11-15 07:28:36,787] {logging_mixin.py:109} INFO - [2021-11-15 07:28:36,787] {dag.py:2389} INFO - Sync 1 DAGs
[2021-11-15 07:28:36,808] {logging_mixin.py:109} INFO - [2021-11-15 07:28:36,808] {dag.py:2921} INFO - Setting next_dagrun for example_branch_dop_operator_v3 to 2021-11-15T07:27:00+00:00
[2021-11-15 07:28:36,817] {processor.py:171} INFO - Processing /home/airflow/.local/lib/python3.7/site-packages/airflow/example_dags/example_branch_python_dop_operator_3.py took 0.075 seconds
[2021-11-15 07:29:06,927] {processor.py:163} INFO - Started process (PID=494) to work on /home/airflow/.local/lib/python3.7/site-packages/airflow/example_dags/example_branch_python_dop_operator_3.py
[2021-11-15 07:29:06,929] {processor.py:620} INFO - Processing file /home/airflow/.local/lib/python3.7/site-packages/airflow/example_dags/example_branch_python_dop_operator_3.py for tasks to queue
[2021-11-15 07:29:06,930] {logging_mixin.py:109} INFO - [2021-11-15 07:29:06,930] {dagbag.py:500} INFO - Filling up the DagBag from /home/airflow/.local/lib/python3.7/site-packages/airflow/example_dags/example_branch_python_dop_operator_3.py
[2021-11-15 07:29:06,962] {processor.py:632} INFO - DAG(s) dict_keys(['example_branch_dop_operator_v3']) retrieved from /home/airflow/.local/lib/python3.7/site-packages/airflow/example_dags/example_branch_python_dop_operator_3.py
[2021-11-15 07:29:06,971] {logging_mixin.py:109} INFO - [2021-11-15 07:29:06,971] {dag.py:2389} INFO - Sync 1 DAGs
[2021-11-15 07:29:06,994] {logging_mixin.py:109} INFO - [2021-11-15 07:29:06,994] {dag.py:2921} INFO - Setting next_dagrun for example_branch_dop_operator_v3 to 2021-11-15T07:28:00+00:00
[2021-11-15 07:29:07,004] {processor.py:171} INFO - Processing /home/airflow/.local/lib/python3.7/site-packages/airflow/example_dags/example_branch_python_dop_operator_3.py took 0.080 seconds
[2021-11-15 07:29:37,081] {processor.py:163} INFO - Started process (PID=551) to work on /home/airflow/.local/lib/python3.7/site-packages/airflow/example_dags/example_branch_python_dop_operator_3.py
[2021-11-15 07:29:37,082] {processor.py:620} INFO - Processing file /home/airflow/.local/lib/python3.7/site-packages/airflow/example_dags/example_branch_python_dop_operator_3.py for tasks to queue
[2021-11-15 07:29:37,083] {logging_mixin.py:109} INFO - [2021-11-15 07:29:37,083] {dagbag.py:500} INFO - Filling up the DagBag from /home/airflow/.local/lib/python3.7/site-packages/airflow/example_dags/example_branch_python_dop_operator_3.py
[2021-11-15 07:29:37,109] {processor.py:632} INFO - DAG(s) dict_keys(['example_branch_dop_operator_v3']) retrieved from /home/airflow/.local/lib/python3.7/site-packages/airflow/example_dags/example_branch_python_dop_operator_3.py
[2021-11-15 07:29:37,118] {logging_mixin.py:109} INFO - [2021-11-15 07:29:37,117] {dag.py:2389} INFO - Sync 1 DAGs
[2021-11-15 07:29:37,138] {logging_mixin.py:109} INFO - [2021-11-15 07:29:37,138] {dag.py:2921} INFO - Setting next_dagrun for example_branch_dop_operator_v3 to 2021-11-15T07:28:00+00:00
[2021-11-15 07:29:37,147] {processor.py:171} INFO - Processing /home/airflow/.local/lib/python3.7/site-packages/airflow/example_dags/example_branch_python_dop_operator_3.py took 0.068 seconds
[2021-11-15 07:30:07,955] {processor.py:163} INFO - Started process (PID=600) to work on /home/airflow/.local/lib/python3.7/site-packages/airflow/example_dags/example_branch_python_dop_operator_3.py
[2021-11-15 07:30:07,956] {processor.py:620} INFO - Processing file /home/airflow/.local/lib/python3.7/site-packages/airflow/example_dags/example_branch_python_dop_operator_3.py for tasks to queue
[2021-11-15 07:30:07,957] {logging_mixin.py:109} INFO - [2021-11-15 07:30:07,957] {dagbag.py:500} INFO - Filling up the DagBag from /home/airflow/.local/lib/python3.7/site-packages/airflow/example_dags/example_branch_python_dop_operator_3.py
[2021-11-15 07:30:07,979] {processor.py:632} INFO - DAG(s) dict_keys(['example_branch_dop_operator_v3']) retrieved from /home/airflow/.local/lib/python3.7/site-packages/airflow/example_dags/example_branch_python_dop_operator_3.py
[2021-11-15 07:30:07,986] {logging_mixin.py:109} INFO - [2021-11-15 07:30:07,986] {dag.py:2389} INFO - Sync 1 DAGs
[2021-11-15 07:30:08,004] {logging_mixin.py:109} INFO - [2021-11-15 07:30:08,004] {dag.py:2921} INFO - Setting next_dagrun for example_branch_dop_operator_v3 to 2021-11-15T07:29:00+00:00
[2021-11-15 07:30:08,013] {processor.py:171} INFO - Processing /home/airflow/.local/lib/python3.7/site-packages/airflow/example_dags/example_branch_python_dop_operator_3.py took 0.061 seconds
[2021-11-15 07:30:38,390] {processor.py:163} INFO - Started process (PID=658) to work on /home/airflow/.local/lib/python3.7/site-packages/airflow/example_dags/example_branch_python_dop_operator_3.py
[2021-11-15 07:30:38,391] {processor.py:620} INFO - Processing file /home/airflow/.local/lib/python3.7/site-packages/airflow/example_dags/example_branch_python_dop_operator_3.py for tasks to queue
[2021-11-15 07:30:38,391] {logging_mixin.py:109} INFO - [2021-11-15 07:30:38,391] {dagbag.py:500} INFO - Filling up the DagBag from /home/airflow/.local/lib/python3.7/site-packages/airflow/example_dags/example_branch_python_dop_operator_3.py
[2021-11-15 07:30:38,421] {processor.py:632} INFO - DAG(s) dict_keys(['example_branch_dop_operator_v3']) retrieved from /home/airflow/.local/lib/python3.7/site-packages/airflow/example_dags/example_branch_python_dop_operator_3.py
[2021-11-15 07:30:38,429] {logging_mixin.py:109} INFO - [2021-11-15 07:30:38,429] {dag.py:2389} INFO - Sync 1 DAGs
[2021-11-15 07:30:38,451] {logging_mixin.py:109} INFO - [2021-11-15 07:30:38,451] {dag.py:2921} INFO - Setting next_dagrun for example_branch_dop_operator_v3 to 2021-11-15T07:29:00+00:00
[2021-11-15 07:30:38,460] {processor.py:171} INFO - Processing /home/airflow/.local/lib/python3.7/site-packages/airflow/example_dags/example_branch_python_dop_operator_3.py took 0.073 seconds
[2021-11-15 07:31:08,816] {processor.py:163} INFO - Started process (PID=707) to work on /home/airflow/.local/lib/python3.7/site-packages/airflow/example_dags/example_branch_python_dop_operator_3.py
[2021-11-15 07:31:08,820] {processor.py:620} INFO - Processing file /home/airflow/.local/lib/python3.7/site-packages/airflow/example_dags/example_branch_python_dop_operator_3.py for tasks to queue
[2021-11-15 07:31:08,821] {logging_mixin.py:109} INFO - [2021-11-15 07:31:08,821] {dagbag.py:500} INFO - Filling up the DagBag from /home/airflow/.local/lib/python3.7/site-packages/airflow/example_dags/example_branch_python_dop_operator_3.py
[2021-11-15 07:31:08,858] {processor.py:632} INFO - DAG(s) dict_keys(['example_branch_dop_operator_v3']) retrieved from /home/airflow/.local/lib/python3.7/site-packages/airflow/example_dags/example_branch_python_dop_operator_3.py
[2021-11-15 07:31:08,867] {logging_mixin.py:109} INFO - [2021-11-15 07:31:08,867] {dag.py:2389} INFO - Sync 1 DAGs
[2021-11-15 07:31:08,887] {logging_mixin.py:109} INFO - [2021-11-15 07:31:08,887] {dag.py:2921} INFO - Setting next_dagrun for example_branch_dop_operator_v3 to 2021-11-15T07:30:00+00:00
[2021-11-15 07:31:08,896] {processor.py:171} INFO - Processing /home/airflow/.local/lib/python3.7/site-packages/airflow/example_dags/example_branch_python_dop_operator_3.py took 0.088 seconds
[2021-11-15 07:31:39,372] {processor.py:163} INFO - Started process (PID=766) to work on /home/airflow/.local/lib/python3.7/site-packages/airflow/example_dags/example_branch_python_dop_operator_3.py
[2021-11-15 07:31:39,373] {processor.py:620} INFO - Processing file /home/airflow/.local/lib/python3.7/site-packages/airflow/example_dags/example_branch_python_dop_operator_3.py for tasks to queue
[2021-11-15 07:31:39,374] {logging_mixin.py:109} INFO - [2021-11-15 07:31:39,374] {dagbag.py:500} INFO - Filling up the DagBag from /home/airflow/.local/lib/python3.7/site-packages/airflow/example_dags/example_branch_python_dop_operator_3.py
[2021-11-15 07:31:39,397] {processor.py:632} INFO - DAG(s) dict_keys(['example_branch_dop_operator_v3']) retrieved from /home/airflow/.local/lib/python3.7/site-packages/airflow/example_dags/example_branch_python_dop_operator_3.py
[2021-11-15 07:31:39,406] {logging_mixin.py:109} INFO - [2021-11-15 07:31:39,406] {dag.py:2389} INFO - Sync 1 DAGs
[2021-11-15 07:31:39,432] {logging_mixin.py:109} INFO - [2021-11-15 07:31:39,431] {dag.py:2921} INFO - Setting next_dagrun for example_branch_dop_operator_v3 to 2021-11-15T07:30:00+00:00
[2021-11-15 07:31:39,441] {processor.py:171} INFO - Processing /home/airflow/.local/lib/python3.7/site-packages/airflow/example_dags/example_branch_python_dop_operator_3.py took 0.072 seconds
[2021-11-15 07:32:09,609] {processor.py:163} INFO - Started process (PID=815) to work on /home/airflow/.local/lib/python3.7/site-packages/airflow/example_dags/example_branch_python_dop_operator_3.py
[2021-11-15 07:32:09,611] {processor.py:620} INFO - Processing file /home/airflow/.local/lib/python3.7/site-packages/airflow/example_dags/example_branch_python_dop_operator_3.py for tasks to queue
[2021-11-15 07:32:09,612] {logging_mixin.py:109} INFO - [2021-11-15 07:32:09,612] {dagbag.py:500} INFO - Filling up the DagBag from /home/airflow/.local/lib/python3.7/site-packages/airflow/example_dags/example_branch_python_dop_operator_3.py
[2021-11-15 07:32:09,633] {processor.py:632} INFO - DAG(s) dict_keys(['example_branch_dop_operator_v3']) retrieved from /home/airflow/.local/lib/python3.7/site-packages/airflow/example_dags/example_branch_python_dop_operator_3.py
[2021-11-15 07:32:09,642] {logging_mixin.py:109} INFO - [2021-11-15 07:32:09,642] {dag.py:2389} INFO - Sync 1 DAGs
[2021-11-15 07:32:09,660] {logging_mixin.py:109} INFO - [2021-11-15 07:32:09,660] {dag.py:2921} INFO - Setting next_dagrun for example_branch_dop_operator_v3 to 2021-11-15T07:31:00+00:00
[2021-11-15 07:32:09,669] {processor.py:171} INFO - Processing /home/airflow/.local/lib/python3.7/site-packages/airflow/example_dags/example_branch_python_dop_operator_3.py took 0.062 seconds
[2021-11-15 07:32:40,110] {processor.py:163} INFO - Started process (PID=872) to work on /home/airflow/.local/lib/python3.7/site-packages/airflow/example_dags/example_branch_python_dop_operator_3.py
[2021-11-15 07:32:40,111] {processor.py:620} INFO - Processing file /home/airflow/.local/lib/python3.7/site-packages/airflow/example_dags/example_branch_python_dop_operator_3.py for tasks to queue
[2021-11-15 07:32:40,112] {logging_mixin.py:109} INFO - [2021-11-15 07:32:40,112] {dagbag.py:500} INFO - Filling up the DagBag from /home/airflow/.local/lib/python3.7/site-packages/airflow/example_dags/example_branch_python_dop_operator_3.py
[2021-11-15 07:32:40,136] {processor.py:632} INFO - DAG(s) dict_keys(['example_branch_dop_operator_v3']) retrieved from /home/airflow/.local/lib/python3.7/site-packages/airflow/example_dags/example_branch_python_dop_operator_3.py
[2021-11-15 07:32:40,144] {logging_mixin.py:109} INFO - [2021-11-15 07:32:40,144] {dag.py:2389} INFO - Sync 1 DAGs
[2021-11-15 07:32:40,164] {logging_mixin.py:109} INFO - [2021-11-15 07:32:40,164] {dag.py:2921} INFO - Setting next_dagrun for example_branch_dop_operator_v3 to 2021-11-15T07:31:00+00:00
[2021-11-15 07:32:40,173] {processor.py:171} INFO - Processing /home/airflow/.local/lib/python3.7/site-packages/airflow/example_dags/example_branch_python_dop_operator_3.py took 0.066 seconds
[2021-11-15 07:33:10,673] {processor.py:163} INFO - Started process (PID=923) to work on /home/airflow/.local/lib/python3.7/site-packages/airflow/example_dags/example_branch_python_dop_operator_3.py
[2021-11-15 07:33:10,677] {processor.py:620} INFO - Processing file /home/airflow/.local/lib/python3.7/site-packages/airflow/example_dags/example_branch_python_dop_operator_3.py for tasks to queue
[2021-11-15 07:33:10,679] {logging_mixin.py:109} INFO - [2021-11-15 07:33:10,678] {dagbag.py:500} INFO - Filling up the DagBag from /home/airflow/.local/lib/python3.7/site-packages/airflow/example_dags/example_branch_python_dop_operator_3.py
[2021-11-15 07:33:10,715] {processor.py:632} INFO - DAG(s) dict_keys(['example_branch_dop_operator_v3']) retrieved from /home/airflow/.local/lib/python3.7/site-packages/airflow/example_dags/example_branch_python_dop_operator_3.py
[2021-11-15 07:33:10,724] {logging_mixin.py:109} INFO - [2021-11-15 07:33:10,724] {dag.py:2389} INFO - Sync 1 DAGs
[2021-11-15 07:33:10,745] {logging_mixin.py:109} INFO - [2021-11-15 07:33:10,745] {dag.py:2921} INFO - Setting next_dagrun for example_branch_dop_operator_v3 to 2021-11-15T07:32:00+00:00
[2021-11-15 07:33:10,755] {processor.py:171} INFO - Processing /home/airflow/.local/lib/python3.7/site-packages/airflow/example_dags/example_branch_python_dop_operator_3.py took 0.091 seconds
[2021-11-15 07:33:41,122] {processor.py:163} INFO - Started process (PID=973) to work on /home/airflow/.local/lib/python3.7/site-packages/airflow/example_dags/example_branch_python_dop_operator_3.py
[2021-11-15 07:33:41,123] {processor.py:620} INFO - Processing file /home/airflow/.local/lib/python3.7/site-packages/airflow/example_dags/example_branch_python_dop_operator_3.py for tasks to queue
[2021-11-15 07:33:41,124] {logging_mixin.py:109} INFO - [2021-11-15 07:33:41,123] {dagbag.py:500} INFO - Filling up the DagBag from /home/airflow/.local/lib/python3.7/site-packages/airflow/example_dags/example_branch_python_dop_operator_3.py
[2021-11-15 07:33:41,147] {processor.py:632} INFO - DAG(s) dict_keys(['example_branch_dop_operator_v3']) retrieved from /home/airflow/.local/lib/python3.7/site-packages/airflow/example_dags/example_branch_python_dop_operator_3.py
[2021-11-15 07:33:41,156] {logging_mixin.py:109} INFO - [2021-11-15 07:33:41,156] {dag.py:2389} INFO - Sync 1 DAGs
[2021-11-15 07:33:41,177] {logging_mixin.py:109} INFO - [2021-11-15 07:33:41,177] {dag.py:2921} INFO - Setting next_dagrun for example_branch_dop_operator_v3 to 2021-11-15T07:32:00+00:00
[2021-11-15 07:33:41,185] {processor.py:171} INFO - Processing /home/airflow/.local/lib/python3.7/site-packages/airflow/example_dags/example_branch_python_dop_operator_3.py took 0.066 seconds
[2021-11-15 07:34:11,668] {processor.py:163} INFO - Started process (PID=1030) to work on /home/airflow/.local/lib/python3.7/site-packages/airflow/example_dags/example_branch_python_dop_operator_3.py
[2021-11-15 07:34:11,669] {processor.py:620} INFO - Processing file /home/airflow/.local/lib/python3.7/site-packages/airflow/example_dags/example_branch_python_dop_operator_3.py for tasks to queue
[2021-11-15 07:34:11,669] {logging_mixin.py:109} INFO - [2021-11-15 07:34:11,669] {dagbag.py:500} INFO - Filling up the DagBag from /home/airflow/.local/lib/python3.7/site-packages/airflow/example_dags/example_branch_python_dop_operator_3.py
[2021-11-15 07:34:11,696] {processor.py:632} INFO - DAG(s) dict_keys(['example_branch_dop_operator_v3']) retrieved from /home/airflow/.local/lib/python3.7/site-packages/airflow/example_dags/example_branch_python_dop_operator_3.py
[2021-11-15 07:34:11,705] {logging_mixin.py:109} INFO - [2021-11-15 07:34:11,705] {dag.py:2389} INFO - Sync 1 DAGs
[2021-11-15 07:34:11,726] {logging_mixin.py:109} INFO - [2021-11-15 07:34:11,726] {dag.py:2921} INFO - Setting next_dagrun for example_branch_dop_operator_v3 to 2021-11-15T07:33:00+00:00
[2021-11-15 07:34:11,735] {processor.py:171} INFO - Processing /home/airflow/.local/lib/python3.7/site-packages/airflow/example_dags/example_branch_python_dop_operator_3.py took 0.070 seconds
[2021-11-15 07:34:42,116] {processor.py:163} INFO - Started process (PID=1081) to work on /home/airflow/.local/lib/python3.7/site-packages/airflow/example_dags/example_branch_python_dop_operator_3.py
[2021-11-15 07:34:42,118] {processor.py:620} INFO - Processing file /home/airflow/.local/lib/python3.7/site-packages/airflow/example_dags/example_branch_python_dop_operator_3.py for tasks to queue
[2021-11-15 07:34:42,118] {logging_mixin.py:109} INFO - [2021-11-15 07:34:42,118] {dagbag.py:500} INFO - Filling up the DagBag from /home/airflow/.local/lib/python3.7/site-packages/airflow/example_dags/example_branch_python_dop_operator_3.py
[2021-11-15 07:34:42,141] {processor.py:632} INFO - DAG(s) dict_keys(['example_branch_dop_operator_v3']) retrieved from /home/airflow/.local/lib/python3.7/site-packages/airflow/example_dags/example_branch_python_dop_operator_3.py
[2021-11-15 07:34:42,150] {logging_mixin.py:109} INFO - [2021-11-15 07:34:42,150] {dag.py:2389} INFO - Sync 1 DAGs
[2021-11-15 07:34:42,170] {logging_mixin.py:109} INFO - [2021-11-15 07:34:42,170] {dag.py:2921} INFO - Setting next_dagrun for example_branch_dop_operator_v3 to 2021-11-15T07:33:00+00:00
[2021-11-15 07:34:42,178] {processor.py:171} INFO - Processing /home/airflow/.local/lib/python3.7/site-packages/airflow/example_dags/example_branch_python_dop_operator_3.py took 0.064 seconds
[2021-11-15 07:35:12,699] {processor.py:163} INFO - Started process (PID=1138) to work on /home/airflow/.local/lib/python3.7/site-packages/airflow/example_dags/example_branch_python_dop_operator_3.py
[2021-11-15 07:35:12,702] {processor.py:620} INFO - Processing file /home/airflow/.local/lib/python3.7/site-packages/airflow/example_dags/example_branch_python_dop_operator_3.py for tasks to queue
[2021-11-15 07:35:12,704] {logging_mixin.py:109} INFO - [2021-11-15 07:35:12,703] {dagbag.py:500} INFO - Filling up the DagBag from /home/airflow/.local/lib/python3.7/site-packages/airflow/example_dags/example_branch_python_dop_operator_3.py
[2021-11-15 07:35:12,742] {processor.py:632} INFO - DAG(s) dict_keys(['example_branch_dop_operator_v3']) retrieved from /home/airflow/.local/lib/python3.7/site-packages/airflow/example_dags/example_branch_python_dop_operator_3.py
[2021-11-15 07:35:12,751] {logging_mixin.py:109} INFO - [2021-11-15 07:35:12,751] {dag.py:2389} INFO - Sync 1 DAGs
[2021-11-15 07:35:12,771] {logging_mixin.py:109} INFO - [2021-11-15 07:35:12,771] {dag.py:2921} INFO - Setting next_dagrun for example_branch_dop_operator_v3 to 2021-11-15T07:34:00+00:00
[2021-11-15 07:35:12,780] {processor.py:171} INFO - Processing /home/airflow/.local/lib/python3.7/site-packages/airflow/example_dags/example_branch_python_dop_operator_3.py took 0.089 seconds
[2021-11-15 07:35:43,161] {processor.py:163} INFO - Started process (PID=1187) to work on /home/airflow/.local/lib/python3.7/site-packages/airflow/example_dags/example_branch_python_dop_operator_3.py
[2021-11-15 07:35:43,165] {processor.py:620} INFO - Processing file /home/airflow/.local/lib/python3.7/site-packages/airflow/example_dags/example_branch_python_dop_operator_3.py for tasks to queue
[2021-11-15 07:35:43,166] {logging_mixin.py:109} INFO - [2021-11-15 07:35:43,166] {dagbag.py:500} INFO - Filling up the DagBag from /home/airflow/.local/lib/python3.7/site-packages/airflow/example_dags/example_branch_python_dop_operator_3.py
[2021-11-15 07:35:43,203] {processor.py:632} INFO - DAG(s) dict_keys(['example_branch_dop_operator_v3']) retrieved from /home/airflow/.local/lib/python3.7/site-packages/airflow/example_dags/example_branch_python_dop_operator_3.py
[2021-11-15 07:35:43,211] {logging_mixin.py:109} INFO - [2021-11-15 07:35:43,211] {dag.py:2389} INFO - Sync 1 DAGs
[2021-11-15 07:35:43,233] {logging_mixin.py:109} INFO - [2021-11-15 07:35:43,233] {dag.py:2921} INFO - Setting next_dagrun for example_branch_dop_operator_v3 to 2021-11-15T07:34:00+00:00
[2021-11-15 07:35:43,247] {processor.py:171} INFO - Processing /home/airflow/.local/lib/python3.7/site-packages/airflow/example_dags/example_branch_python_dop_operator_3.py took 0.094 seconds
[2021-11-15 07:36:13,655] {processor.py:163} INFO - Started process (PID=1245) to work on /home/airflow/.local/lib/python3.7/site-packages/airflow/example_dags/example_branch_python_dop_operator_3.py
[2021-11-15 07:36:13,657] {processor.py:620} INFO - Processing file /home/airflow/.local/lib/python3.7/site-packages/airflow/example_dags/example_branch_python_dop_operator_3.py for tasks to queue
[2021-11-15 07:36:13,657] {logging_mixin.py:109} INFO - [2021-11-15 07:36:13,657] {dagbag.py:500} INFO - Filling up the DagBag from /home/airflow/.local/lib/python3.7/site-packages/airflow/example_dags/example_branch_python_dop_operator_3.py
[2021-11-15 07:36:13,678] {processor.py:632} INFO - DAG(s) dict_keys(['example_branch_dop_operator_v3']) retrieved from /home/airflow/.local/lib/python3.7/site-packages/airflow/example_dags/example_branch_python_dop_operator_3.py
[2021-11-15 07:36:13,686] {logging_mixin.py:109} INFO - [2021-11-15 07:36:13,686] {dag.py:2389} INFO - Sync 1 DAGs
[2021-11-15 07:36:13,704] {logging_mixin.py:109} INFO - [2021-11-15 07:36:13,704] {dag.py:2921} INFO - Setting next_dagrun for example_branch_dop_operator_v3 to 2021-11-15T07:35:00+00:00
[2021-11-15 07:36:13,713] {processor.py:171} INFO - Processing /home/airflow/.local/lib/python3.7/site-packages/airflow/example_dags/example_branch_python_dop_operator_3.py took 0.060 seconds
[2021-11-15 07:36:44,275] {processor.py:163} INFO - Started process (PID=1294) to work on /home/airflow/.local/lib/python3.7/site-packages/airflow/example_dags/example_branch_python_dop_operator_3.py
[2021-11-15 07:36:44,277] {processor.py:620} INFO - Processing file /home/airflow/.local/lib/python3.7/site-packages/airflow/example_dags/example_branch_python_dop_operator_3.py for tasks to queue
[2021-11-15 07:36:44,277] {logging_mixin.py:109} INFO - [2021-11-15 07:36:44,277] {dagbag.py:500} INFO - Filling up the DagBag from /home/airflow/.local/lib/python3.7/site-packages/airflow/example_dags/example_branch_python_dop_operator_3.py
[2021-11-15 07:36:44,305] {processor.py:632} INFO - DAG(s) dict_keys(['example_branch_dop_operator_v3']) retrieved from /home/airflow/.local/lib/python3.7/site-packages/airflow/example_dags/example_branch_python_dop_operator_3.py
[2021-11-15 07:36:44,315] {logging_mixin.py:109} INFO - [2021-11-15 07:36:44,315] {dag.py:2389} INFO - Sync 1 DAGs
[2021-11-15 07:36:44,336] {logging_mixin.py:109} INFO - [2021-11-15 07:36:44,336] {dag.py:2921} INFO - Setting next_dagrun for example_branch_dop_operator_v3 to 2021-11-15T07:35:00+00:00
[2021-11-15 07:36:44,345] {processor.py:171} INFO - Processing /home/airflow/.local/lib/python3.7/site-packages/airflow/example_dags/example_branch_python_dop_operator_3.py took 0.074 seconds
[2021-11-15 07:37:14,567] {processor.py:163} INFO - Started process (PID=1352) to work on /home/airflow/.local/lib/python3.7/site-packages/airflow/example_dags/example_branch_python_dop_operator_3.py
[2021-11-15 07:37:14,569] {processor.py:620} INFO - Processing file /home/airflow/.local/lib/python3.7/site-packages/airflow/example_dags/example_branch_python_dop_operator_3.py for tasks to queue
[2021-11-15 07:37:14,569] {logging_mixin.py:109} INFO - [2021-11-15 07:37:14,569] {dagbag.py:500} INFO - Filling up the DagBag from /home/airflow/.local/lib/python3.7/site-packages/airflow/example_dags/example_branch_python_dop_operator_3.py
[2021-11-15 07:37:14,590] {processor.py:632} INFO - DAG(s) dict_keys(['example_branch_dop_operator_v3']) retrieved from /home/airflow/.local/lib/python3.7/site-packages/airflow/example_dags/example_branch_python_dop_operator_3.py
[2021-11-15 07:37:14,598] {logging_mixin.py:109} INFO - [2021-11-15 07:37:14,598] {dag.py:2389} INFO - Sync 1 DAGs
[2021-11-15 07:37:14,616] {logging_mixin.py:109} INFO - [2021-11-15 07:37:14,615] {dag.py:2921} INFO - Setting next_dagrun for example_branch_dop_operator_v3 to 2021-11-15T07:36:00+00:00
[2021-11-15 07:37:14,624] {processor.py:171} INFO - Processing /home/airflow/.local/lib/python3.7/site-packages/airflow/example_dags/example_branch_python_dop_operator_3.py took 0.059 seconds
[2021-11-15 07:37:44,870] {processor.py:163} INFO - Started process (PID=1402) to work on /home/airflow/.local/lib/python3.7/site-packages/airflow/example_dags/example_branch_python_dop_operator_3.py
[2021-11-15 07:37:44,873] {processor.py:620} INFO - Processing file /home/airflow/.local/lib/python3.7/site-packages/airflow/example_dags/example_branch_python_dop_operator_3.py for tasks to queue
[2021-11-15 07:37:44,875] {logging_mixin.py:109} INFO - [2021-11-15 07:37:44,875] {dagbag.py:500} INFO - Filling up the DagBag from /home/airflow/.local/lib/python3.7/site-packages/airflow/example_dags/example_branch_python_dop_operator_3.py
[2021-11-15 07:37:44,913] {processor.py:632} INFO - DAG(s) dict_keys(['example_branch_dop_operator_v3']) retrieved from /home/airflow/.local/lib/python3.7/site-packages/airflow/example_dags/example_branch_python_dop_operator_3.py
[2021-11-15 07:37:44,922] {logging_mixin.py:109} INFO - [2021-11-15 07:37:44,922] {dag.py:2389} INFO - Sync 1 DAGs
[2021-11-15 07:37:44,942] {logging_mixin.py:109} INFO - [2021-11-15 07:37:44,942] {dag.py:2921} INFO - Setting next_dagrun for example_branch_dop_operator_v3 to 2021-11-15T07:36:00+00:00
[2021-11-15 07:37:44,951] {processor.py:171} INFO - Processing /home/airflow/.local/lib/python3.7/site-packages/airflow/example_dags/example_branch_python_dop_operator_3.py took 0.089 seconds
[2021-11-15 07:38:15,246] {processor.py:163} INFO - Started process (PID=1452) to work on /home/airflow/.local/lib/python3.7/site-packages/airflow/example_dags/example_branch_python_dop_operator_3.py
[2021-11-15 07:38:15,248] {processor.py:620} INFO - Processing file /home/airflow/.local/lib/python3.7/site-packages/airflow/example_dags/example_branch_python_dop_operator_3.py for tasks to queue
[2021-11-15 07:38:15,249] {logging_mixin.py:109} INFO - [2021-11-15 07:38:15,249] {dagbag.py:500} INFO - Filling up the DagBag from /home/airflow/.local/lib/python3.7/site-packages/airflow/example_dags/example_branch_python_dop_operator_3.py
[2021-11-15 07:38:15,273] {processor.py:632} INFO - DAG(s) dict_keys(['example_branch_dop_operator_v3']) retrieved from /home/airflow/.local/lib/python3.7/site-packages/airflow/example_dags/example_branch_python_dop_operator_3.py
[2021-11-15 07:38:15,281] {logging_mixin.py:109} INFO - [2021-11-15 07:38:15,281] {dag.py:2389} INFO - Sync 1 DAGs
[2021-11-15 07:38:15,303] {logging_mixin.py:109} INFO - [2021-11-15 07:38:15,303] {dag.py:2921} INFO - Setting next_dagrun for example_branch_dop_operator_v3 to 2021-11-15T07:37:00+00:00
[2021-11-15 07:38:15,318] {processor.py:171} INFO - Processing /home/airflow/.local/lib/python3.7/site-packages/airflow/example_dags/example_branch_python_dop_operator_3.py took 0.075 seconds
