[2021-11-15 07:27:12,982] {processor.py:163} INFO - Started process (PID=118) to work on /home/airflow/.local/lib/python3.7/site-packages/airflow/example_dags/example_time_delta_sensor_async.py
[2021-11-15 07:27:12,984] {processor.py:620} INFO - Processing file /home/airflow/.local/lib/python3.7/site-packages/airflow/example_dags/example_time_delta_sensor_async.py for tasks to queue
[2021-11-15 07:27:12,985] {logging_mixin.py:109} INFO - [2021-11-15 07:27:12,984] {dagbag.py:500} INFO - Filling up the DagBag from /home/airflow/.local/lib/python3.7/site-packages/airflow/example_dags/example_time_delta_sensor_async.py
[2021-11-15 07:27:13,026] {processor.py:632} INFO - DAG(s) dict_keys(['example_time_delta_sensor_async']) retrieved from /home/airflow/.local/lib/python3.7/site-packages/airflow/example_dags/example_time_delta_sensor_async.py
[2021-11-15 07:27:15,336] {logging_mixin.py:109} INFO - [2021-11-15 07:27:15,336] {providers_manager.py:156} WARNING - Exception when importing 'airflow.providers.google.leveldb.hooks.leveldb.LevelDBHook' from 'apache-airflow-providers-google' package: No module named 'plyvel'
[2021-11-15 07:27:15,752] {logging_mixin.py:109} INFO - [2021-11-15 07:27:15,752] {providers_manager.py:156} WARNING - Exception when importing 'airflow.providers.google.leveldb.hooks.leveldb.LevelDBHook' from 'apache-airflow-providers-google' package: No module named 'plyvel'
[2021-11-15 07:27:15,770] {logging_mixin.py:109} INFO - [2021-11-15 07:27:15,770] {manager.py:496} INFO - Created Permission View: can edit on DAG:example_time_delta_sensor_async
[2021-11-15 07:27:15,777] {logging_mixin.py:109} INFO - [2021-11-15 07:27:15,777] {manager.py:496} INFO - Created Permission View: can read on DAG:example_time_delta_sensor_async
[2021-11-15 07:27:15,777] {logging_mixin.py:109} INFO - [2021-11-15 07:27:15,777] {dag.py:2389} INFO - Sync 1 DAGs
[2021-11-15 07:27:15,783] {logging_mixin.py:109} INFO - [2021-11-15 07:27:15,783] {dag.py:2408} INFO - Creating ORM DAG for example_time_delta_sensor_async
[2021-11-15 07:27:15,791] {logging_mixin.py:109} INFO - [2021-11-15 07:27:15,790] {dag.py:2921} INFO - Setting next_dagrun for example_time_delta_sensor_async to None
[2021-11-15 07:27:15,801] {processor.py:171} INFO - Processing /home/airflow/.local/lib/python3.7/site-packages/airflow/example_dags/example_time_delta_sensor_async.py took 2.824 seconds
[2021-11-15 07:27:46,301] {processor.py:163} INFO - Started process (PID=362) to work on /home/airflow/.local/lib/python3.7/site-packages/airflow/example_dags/example_time_delta_sensor_async.py
[2021-11-15 07:27:46,302] {processor.py:620} INFO - Processing file /home/airflow/.local/lib/python3.7/site-packages/airflow/example_dags/example_time_delta_sensor_async.py for tasks to queue
[2021-11-15 07:27:46,303] {logging_mixin.py:109} INFO - [2021-11-15 07:27:46,303] {dagbag.py:500} INFO - Filling up the DagBag from /home/airflow/.local/lib/python3.7/site-packages/airflow/example_dags/example_time_delta_sensor_async.py
[2021-11-15 07:27:46,327] {processor.py:632} INFO - DAG(s) dict_keys(['example_time_delta_sensor_async']) retrieved from /home/airflow/.local/lib/python3.7/site-packages/airflow/example_dags/example_time_delta_sensor_async.py
[2021-11-15 07:27:46,338] {logging_mixin.py:109} INFO - [2021-11-15 07:27:46,338] {dag.py:2389} INFO - Sync 1 DAGs
[2021-11-15 07:27:46,355] {logging_mixin.py:109} INFO - [2021-11-15 07:27:46,355] {dag.py:2921} INFO - Setting next_dagrun for example_time_delta_sensor_async to None
[2021-11-15 07:27:46,363] {processor.py:171} INFO - Processing /home/airflow/.local/lib/python3.7/site-packages/airflow/example_dags/example_time_delta_sensor_async.py took 0.065 seconds
[2021-11-15 07:28:16,563] {processor.py:163} INFO - Started process (PID=412) to work on /home/airflow/.local/lib/python3.7/site-packages/airflow/example_dags/example_time_delta_sensor_async.py
[2021-11-15 07:28:16,565] {processor.py:620} INFO - Processing file /home/airflow/.local/lib/python3.7/site-packages/airflow/example_dags/example_time_delta_sensor_async.py for tasks to queue
[2021-11-15 07:28:16,565] {logging_mixin.py:109} INFO - [2021-11-15 07:28:16,565] {dagbag.py:500} INFO - Filling up the DagBag from /home/airflow/.local/lib/python3.7/site-packages/airflow/example_dags/example_time_delta_sensor_async.py
[2021-11-15 07:28:16,598] {processor.py:632} INFO - DAG(s) dict_keys(['example_time_delta_sensor_async']) retrieved from /home/airflow/.local/lib/python3.7/site-packages/airflow/example_dags/example_time_delta_sensor_async.py
[2021-11-15 07:28:16,607] {logging_mixin.py:109} INFO - [2021-11-15 07:28:16,607] {dag.py:2389} INFO - Sync 1 DAGs
[2021-11-15 07:28:16,622] {logging_mixin.py:109} INFO - [2021-11-15 07:28:16,622] {dag.py:2921} INFO - Setting next_dagrun for example_time_delta_sensor_async to None
[2021-11-15 07:28:16,631] {processor.py:171} INFO - Processing /home/airflow/.local/lib/python3.7/site-packages/airflow/example_dags/example_time_delta_sensor_async.py took 0.071 seconds
[2021-11-15 07:28:46,680] {processor.py:163} INFO - Started process (PID=471) to work on /home/airflow/.local/lib/python3.7/site-packages/airflow/example_dags/example_time_delta_sensor_async.py
[2021-11-15 07:28:46,681] {processor.py:620} INFO - Processing file /home/airflow/.local/lib/python3.7/site-packages/airflow/example_dags/example_time_delta_sensor_async.py for tasks to queue
[2021-11-15 07:28:46,682] {logging_mixin.py:109} INFO - [2021-11-15 07:28:46,681] {dagbag.py:500} INFO - Filling up the DagBag from /home/airflow/.local/lib/python3.7/site-packages/airflow/example_dags/example_time_delta_sensor_async.py
[2021-11-15 07:28:46,704] {processor.py:632} INFO - DAG(s) dict_keys(['example_time_delta_sensor_async']) retrieved from /home/airflow/.local/lib/python3.7/site-packages/airflow/example_dags/example_time_delta_sensor_async.py
[2021-11-15 07:28:46,711] {logging_mixin.py:109} INFO - [2021-11-15 07:28:46,711] {dag.py:2389} INFO - Sync 1 DAGs
[2021-11-15 07:28:46,725] {logging_mixin.py:109} INFO - [2021-11-15 07:28:46,725] {dag.py:2921} INFO - Setting next_dagrun for example_time_delta_sensor_async to None
[2021-11-15 07:28:46,733] {processor.py:171} INFO - Processing /home/airflow/.local/lib/python3.7/site-packages/airflow/example_dags/example_time_delta_sensor_async.py took 0.055 seconds
[2021-11-15 07:29:16,810] {processor.py:163} INFO - Started process (PID=520) to work on /home/airflow/.local/lib/python3.7/site-packages/airflow/example_dags/example_time_delta_sensor_async.py
[2021-11-15 07:29:16,812] {processor.py:620} INFO - Processing file /home/airflow/.local/lib/python3.7/site-packages/airflow/example_dags/example_time_delta_sensor_async.py for tasks to queue
[2021-11-15 07:29:16,812] {logging_mixin.py:109} INFO - [2021-11-15 07:29:16,812] {dagbag.py:500} INFO - Filling up the DagBag from /home/airflow/.local/lib/python3.7/site-packages/airflow/example_dags/example_time_delta_sensor_async.py
[2021-11-15 07:29:16,843] {processor.py:632} INFO - DAG(s) dict_keys(['example_time_delta_sensor_async']) retrieved from /home/airflow/.local/lib/python3.7/site-packages/airflow/example_dags/example_time_delta_sensor_async.py
[2021-11-15 07:29:16,855] {logging_mixin.py:109} INFO - [2021-11-15 07:29:16,855] {dag.py:2389} INFO - Sync 1 DAGs
[2021-11-15 07:29:16,875] {logging_mixin.py:109} INFO - [2021-11-15 07:29:16,875] {dag.py:2921} INFO - Setting next_dagrun for example_time_delta_sensor_async to None
[2021-11-15 07:29:16,886] {processor.py:171} INFO - Processing /home/airflow/.local/lib/python3.7/site-packages/airflow/example_dags/example_time_delta_sensor_async.py took 0.079 seconds
[2021-11-15 07:29:47,094] {processor.py:163} INFO - Started process (PID=569) to work on /home/airflow/.local/lib/python3.7/site-packages/airflow/example_dags/example_time_delta_sensor_async.py
[2021-11-15 07:29:47,095] {processor.py:620} INFO - Processing file /home/airflow/.local/lib/python3.7/site-packages/airflow/example_dags/example_time_delta_sensor_async.py for tasks to queue
[2021-11-15 07:29:47,096] {logging_mixin.py:109} INFO - [2021-11-15 07:29:47,096] {dagbag.py:500} INFO - Filling up the DagBag from /home/airflow/.local/lib/python3.7/site-packages/airflow/example_dags/example_time_delta_sensor_async.py
[2021-11-15 07:29:47,119] {processor.py:632} INFO - DAG(s) dict_keys(['example_time_delta_sensor_async']) retrieved from /home/airflow/.local/lib/python3.7/site-packages/airflow/example_dags/example_time_delta_sensor_async.py
[2021-11-15 07:29:47,127] {logging_mixin.py:109} INFO - [2021-11-15 07:29:47,127] {dag.py:2389} INFO - Sync 1 DAGs
[2021-11-15 07:29:47,141] {logging_mixin.py:109} INFO - [2021-11-15 07:29:47,141] {dag.py:2921} INFO - Setting next_dagrun for example_time_delta_sensor_async to None
[2021-11-15 07:29:47,149] {processor.py:171} INFO - Processing /home/airflow/.local/lib/python3.7/site-packages/airflow/example_dags/example_time_delta_sensor_async.py took 0.058 seconds
[2021-11-15 07:30:17,619] {processor.py:163} INFO - Started process (PID=626) to work on /home/airflow/.local/lib/python3.7/site-packages/airflow/example_dags/example_time_delta_sensor_async.py
[2021-11-15 07:30:17,620] {processor.py:620} INFO - Processing file /home/airflow/.local/lib/python3.7/site-packages/airflow/example_dags/example_time_delta_sensor_async.py for tasks to queue
[2021-11-15 07:30:17,621] {logging_mixin.py:109} INFO - [2021-11-15 07:30:17,621] {dagbag.py:500} INFO - Filling up the DagBag from /home/airflow/.local/lib/python3.7/site-packages/airflow/example_dags/example_time_delta_sensor_async.py
[2021-11-15 07:30:17,647] {processor.py:632} INFO - DAG(s) dict_keys(['example_time_delta_sensor_async']) retrieved from /home/airflow/.local/lib/python3.7/site-packages/airflow/example_dags/example_time_delta_sensor_async.py
[2021-11-15 07:30:17,657] {logging_mixin.py:109} INFO - [2021-11-15 07:30:17,657] {dag.py:2389} INFO - Sync 1 DAGs
[2021-11-15 07:30:17,680] {logging_mixin.py:109} INFO - [2021-11-15 07:30:17,680] {dag.py:2921} INFO - Setting next_dagrun for example_time_delta_sensor_async to None
[2021-11-15 07:30:17,689] {processor.py:171} INFO - Processing /home/airflow/.local/lib/python3.7/site-packages/airflow/example_dags/example_time_delta_sensor_async.py took 0.075 seconds
[2021-11-15 07:30:48,088] {processor.py:163} INFO - Started process (PID=676) to work on /home/airflow/.local/lib/python3.7/site-packages/airflow/example_dags/example_time_delta_sensor_async.py
[2021-11-15 07:30:48,089] {processor.py:620} INFO - Processing file /home/airflow/.local/lib/python3.7/site-packages/airflow/example_dags/example_time_delta_sensor_async.py for tasks to queue
[2021-11-15 07:30:48,090] {logging_mixin.py:109} INFO - [2021-11-15 07:30:48,089] {dagbag.py:500} INFO - Filling up the DagBag from /home/airflow/.local/lib/python3.7/site-packages/airflow/example_dags/example_time_delta_sensor_async.py
[2021-11-15 07:30:48,110] {processor.py:632} INFO - DAG(s) dict_keys(['example_time_delta_sensor_async']) retrieved from /home/airflow/.local/lib/python3.7/site-packages/airflow/example_dags/example_time_delta_sensor_async.py
[2021-11-15 07:30:48,120] {logging_mixin.py:109} INFO - [2021-11-15 07:30:48,120] {dag.py:2389} INFO - Sync 1 DAGs
[2021-11-15 07:30:48,139] {logging_mixin.py:109} INFO - [2021-11-15 07:30:48,139] {dag.py:2921} INFO - Setting next_dagrun for example_time_delta_sensor_async to None
[2021-11-15 07:30:48,148] {processor.py:171} INFO - Processing /home/airflow/.local/lib/python3.7/site-packages/airflow/example_dags/example_time_delta_sensor_async.py took 0.063 seconds
[2021-11-15 07:31:18,558] {processor.py:163} INFO - Started process (PID=733) to work on /home/airflow/.local/lib/python3.7/site-packages/airflow/example_dags/example_time_delta_sensor_async.py
[2021-11-15 07:31:18,562] {processor.py:620} INFO - Processing file /home/airflow/.local/lib/python3.7/site-packages/airflow/example_dags/example_time_delta_sensor_async.py for tasks to queue
[2021-11-15 07:31:18,563] {logging_mixin.py:109} INFO - [2021-11-15 07:31:18,563] {dagbag.py:500} INFO - Filling up the DagBag from /home/airflow/.local/lib/python3.7/site-packages/airflow/example_dags/example_time_delta_sensor_async.py
[2021-11-15 07:31:18,595] {processor.py:632} INFO - DAG(s) dict_keys(['example_time_delta_sensor_async']) retrieved from /home/airflow/.local/lib/python3.7/site-packages/airflow/example_dags/example_time_delta_sensor_async.py
[2021-11-15 07:31:18,605] {logging_mixin.py:109} INFO - [2021-11-15 07:31:18,605] {dag.py:2389} INFO - Sync 1 DAGs
[2021-11-15 07:31:18,620] {logging_mixin.py:109} INFO - [2021-11-15 07:31:18,620] {dag.py:2921} INFO - Setting next_dagrun for example_time_delta_sensor_async to None
[2021-11-15 07:31:18,629] {processor.py:171} INFO - Processing /home/airflow/.local/lib/python3.7/site-packages/airflow/example_dags/example_time_delta_sensor_async.py took 0.079 seconds
[2021-11-15 07:31:48,909] {processor.py:163} INFO - Started process (PID=784) to work on /home/airflow/.local/lib/python3.7/site-packages/airflow/example_dags/example_time_delta_sensor_async.py
[2021-11-15 07:31:48,910] {processor.py:620} INFO - Processing file /home/airflow/.local/lib/python3.7/site-packages/airflow/example_dags/example_time_delta_sensor_async.py for tasks to queue
[2021-11-15 07:31:48,910] {logging_mixin.py:109} INFO - [2021-11-15 07:31:48,910] {dagbag.py:500} INFO - Filling up the DagBag from /home/airflow/.local/lib/python3.7/site-packages/airflow/example_dags/example_time_delta_sensor_async.py
[2021-11-15 07:31:48,928] {processor.py:632} INFO - DAG(s) dict_keys(['example_time_delta_sensor_async']) retrieved from /home/airflow/.local/lib/python3.7/site-packages/airflow/example_dags/example_time_delta_sensor_async.py
[2021-11-15 07:31:48,936] {logging_mixin.py:109} INFO - [2021-11-15 07:31:48,936] {dag.py:2389} INFO - Sync 1 DAGs
[2021-11-15 07:31:48,949] {logging_mixin.py:109} INFO - [2021-11-15 07:31:48,949] {dag.py:2921} INFO - Setting next_dagrun for example_time_delta_sensor_async to None
[2021-11-15 07:31:48,957] {processor.py:171} INFO - Processing /home/airflow/.local/lib/python3.7/site-packages/airflow/example_dags/example_time_delta_sensor_async.py took 0.050 seconds
[2021-11-15 07:32:19,401] {processor.py:163} INFO - Started process (PID=841) to work on /home/airflow/.local/lib/python3.7/site-packages/airflow/example_dags/example_time_delta_sensor_async.py
[2021-11-15 07:32:19,404] {processor.py:620} INFO - Processing file /home/airflow/.local/lib/python3.7/site-packages/airflow/example_dags/example_time_delta_sensor_async.py for tasks to queue
[2021-11-15 07:32:19,405] {logging_mixin.py:109} INFO - [2021-11-15 07:32:19,405] {dagbag.py:500} INFO - Filling up the DagBag from /home/airflow/.local/lib/python3.7/site-packages/airflow/example_dags/example_time_delta_sensor_async.py
[2021-11-15 07:32:19,436] {processor.py:632} INFO - DAG(s) dict_keys(['example_time_delta_sensor_async']) retrieved from /home/airflow/.local/lib/python3.7/site-packages/airflow/example_dags/example_time_delta_sensor_async.py
[2021-11-15 07:32:19,446] {logging_mixin.py:109} INFO - [2021-11-15 07:32:19,446] {dag.py:2389} INFO - Sync 1 DAGs
[2021-11-15 07:32:19,465] {logging_mixin.py:109} INFO - [2021-11-15 07:32:19,465] {dag.py:2921} INFO - Setting next_dagrun for example_time_delta_sensor_async to None
[2021-11-15 07:32:19,475] {processor.py:171} INFO - Processing /home/airflow/.local/lib/python3.7/site-packages/airflow/example_dags/example_time_delta_sensor_async.py took 0.083 seconds
[2021-11-15 07:32:49,833] {processor.py:163} INFO - Started process (PID=890) to work on /home/airflow/.local/lib/python3.7/site-packages/airflow/example_dags/example_time_delta_sensor_async.py
[2021-11-15 07:32:49,834] {processor.py:620} INFO - Processing file /home/airflow/.local/lib/python3.7/site-packages/airflow/example_dags/example_time_delta_sensor_async.py for tasks to queue
[2021-11-15 07:32:49,835] {logging_mixin.py:109} INFO - [2021-11-15 07:32:49,835] {dagbag.py:500} INFO - Filling up the DagBag from /home/airflow/.local/lib/python3.7/site-packages/airflow/example_dags/example_time_delta_sensor_async.py
[2021-11-15 07:32:49,863] {processor.py:632} INFO - DAG(s) dict_keys(['example_time_delta_sensor_async']) retrieved from /home/airflow/.local/lib/python3.7/site-packages/airflow/example_dags/example_time_delta_sensor_async.py
[2021-11-15 07:32:49,875] {logging_mixin.py:109} INFO - [2021-11-15 07:32:49,875] {dag.py:2389} INFO - Sync 1 DAGs
[2021-11-15 07:32:49,894] {logging_mixin.py:109} INFO - [2021-11-15 07:32:49,894] {dag.py:2921} INFO - Setting next_dagrun for example_time_delta_sensor_async to None
[2021-11-15 07:32:49,904] {processor.py:171} INFO - Processing /home/airflow/.local/lib/python3.7/site-packages/airflow/example_dags/example_time_delta_sensor_async.py took 0.075 seconds
[2021-11-15 07:33:20,315] {processor.py:163} INFO - Started process (PID=950) to work on /home/airflow/.local/lib/python3.7/site-packages/airflow/example_dags/example_time_delta_sensor_async.py
[2021-11-15 07:33:20,318] {processor.py:620} INFO - Processing file /home/airflow/.local/lib/python3.7/site-packages/airflow/example_dags/example_time_delta_sensor_async.py for tasks to queue
[2021-11-15 07:33:20,320] {logging_mixin.py:109} INFO - [2021-11-15 07:33:20,320] {dagbag.py:500} INFO - Filling up the DagBag from /home/airflow/.local/lib/python3.7/site-packages/airflow/example_dags/example_time_delta_sensor_async.py
[2021-11-15 07:33:20,350] {processor.py:632} INFO - DAG(s) dict_keys(['example_time_delta_sensor_async']) retrieved from /home/airflow/.local/lib/python3.7/site-packages/airflow/example_dags/example_time_delta_sensor_async.py
[2021-11-15 07:33:20,359] {logging_mixin.py:109} INFO - [2021-11-15 07:33:20,359] {dag.py:2389} INFO - Sync 1 DAGs
[2021-11-15 07:33:20,375] {logging_mixin.py:109} INFO - [2021-11-15 07:33:20,375] {dag.py:2921} INFO - Setting next_dagrun for example_time_delta_sensor_async to None
[2021-11-15 07:33:20,384] {processor.py:171} INFO - Processing /home/airflow/.local/lib/python3.7/site-packages/airflow/example_dags/example_time_delta_sensor_async.py took 0.077 seconds
[2021-11-15 07:33:50,808] {processor.py:163} INFO - Started process (PID=999) to work on /home/airflow/.local/lib/python3.7/site-packages/airflow/example_dags/example_time_delta_sensor_async.py
[2021-11-15 07:33:50,809] {processor.py:620} INFO - Processing file /home/airflow/.local/lib/python3.7/site-packages/airflow/example_dags/example_time_delta_sensor_async.py for tasks to queue
[2021-11-15 07:33:50,810] {logging_mixin.py:109} INFO - [2021-11-15 07:33:50,810] {dagbag.py:500} INFO - Filling up the DagBag from /home/airflow/.local/lib/python3.7/site-packages/airflow/example_dags/example_time_delta_sensor_async.py
[2021-11-15 07:33:50,837] {processor.py:632} INFO - DAG(s) dict_keys(['example_time_delta_sensor_async']) retrieved from /home/airflow/.local/lib/python3.7/site-packages/airflow/example_dags/example_time_delta_sensor_async.py
[2021-11-15 07:33:50,849] {logging_mixin.py:109} INFO - [2021-11-15 07:33:50,848] {dag.py:2389} INFO - Sync 1 DAGs
[2021-11-15 07:33:50,869] {logging_mixin.py:109} INFO - [2021-11-15 07:33:50,869] {dag.py:2921} INFO - Setting next_dagrun for example_time_delta_sensor_async to None
[2021-11-15 07:33:50,882] {processor.py:171} INFO - Processing /home/airflow/.local/lib/python3.7/site-packages/airflow/example_dags/example_time_delta_sensor_async.py took 0.078 seconds
[2021-11-15 07:34:21,334] {processor.py:163} INFO - Started process (PID=1058) to work on /home/airflow/.local/lib/python3.7/site-packages/airflow/example_dags/example_time_delta_sensor_async.py
[2021-11-15 07:34:21,337] {processor.py:620} INFO - Processing file /home/airflow/.local/lib/python3.7/site-packages/airflow/example_dags/example_time_delta_sensor_async.py for tasks to queue
[2021-11-15 07:34:21,338] {logging_mixin.py:109} INFO - [2021-11-15 07:34:21,338] {dagbag.py:500} INFO - Filling up the DagBag from /home/airflow/.local/lib/python3.7/site-packages/airflow/example_dags/example_time_delta_sensor_async.py
[2021-11-15 07:34:21,366] {processor.py:632} INFO - DAG(s) dict_keys(['example_time_delta_sensor_async']) retrieved from /home/airflow/.local/lib/python3.7/site-packages/airflow/example_dags/example_time_delta_sensor_async.py
[2021-11-15 07:34:21,376] {logging_mixin.py:109} INFO - [2021-11-15 07:34:21,376] {dag.py:2389} INFO - Sync 1 DAGs
[2021-11-15 07:34:21,392] {logging_mixin.py:109} INFO - [2021-11-15 07:34:21,391] {dag.py:2921} INFO - Setting next_dagrun for example_time_delta_sensor_async to None
[2021-11-15 07:34:21,400] {processor.py:171} INFO - Processing /home/airflow/.local/lib/python3.7/site-packages/airflow/example_dags/example_time_delta_sensor_async.py took 0.076 seconds
[2021-11-15 07:34:51,879] {processor.py:163} INFO - Started process (PID=1107) to work on /home/airflow/.local/lib/python3.7/site-packages/airflow/example_dags/example_time_delta_sensor_async.py
[2021-11-15 07:34:51,880] {processor.py:620} INFO - Processing file /home/airflow/.local/lib/python3.7/site-packages/airflow/example_dags/example_time_delta_sensor_async.py for tasks to queue
[2021-11-15 07:34:51,881] {logging_mixin.py:109} INFO - [2021-11-15 07:34:51,881] {dagbag.py:500} INFO - Filling up the DagBag from /home/airflow/.local/lib/python3.7/site-packages/airflow/example_dags/example_time_delta_sensor_async.py
[2021-11-15 07:34:51,903] {processor.py:632} INFO - DAG(s) dict_keys(['example_time_delta_sensor_async']) retrieved from /home/airflow/.local/lib/python3.7/site-packages/airflow/example_dags/example_time_delta_sensor_async.py
[2021-11-15 07:34:51,912] {logging_mixin.py:109} INFO - [2021-11-15 07:34:51,912] {dag.py:2389} INFO - Sync 1 DAGs
[2021-11-15 07:34:51,927] {logging_mixin.py:109} INFO - [2021-11-15 07:34:51,927] {dag.py:2921} INFO - Setting next_dagrun for example_time_delta_sensor_async to None
[2021-11-15 07:34:51,936] {processor.py:171} INFO - Processing /home/airflow/.local/lib/python3.7/site-packages/airflow/example_dags/example_time_delta_sensor_async.py took 0.059 seconds
[2021-11-15 07:35:22,376] {processor.py:163} INFO - Started process (PID=1164) to work on /home/airflow/.local/lib/python3.7/site-packages/airflow/example_dags/example_time_delta_sensor_async.py
[2021-11-15 07:35:22,377] {processor.py:620} INFO - Processing file /home/airflow/.local/lib/python3.7/site-packages/airflow/example_dags/example_time_delta_sensor_async.py for tasks to queue
[2021-11-15 07:35:22,377] {logging_mixin.py:109} INFO - [2021-11-15 07:35:22,377] {dagbag.py:500} INFO - Filling up the DagBag from /home/airflow/.local/lib/python3.7/site-packages/airflow/example_dags/example_time_delta_sensor_async.py
[2021-11-15 07:35:22,399] {processor.py:632} INFO - DAG(s) dict_keys(['example_time_delta_sensor_async']) retrieved from /home/airflow/.local/lib/python3.7/site-packages/airflow/example_dags/example_time_delta_sensor_async.py
[2021-11-15 07:35:22,410] {logging_mixin.py:109} INFO - [2021-11-15 07:35:22,409] {dag.py:2389} INFO - Sync 1 DAGs
[2021-11-15 07:35:22,429] {logging_mixin.py:109} INFO - [2021-11-15 07:35:22,429] {dag.py:2921} INFO - Setting next_dagrun for example_time_delta_sensor_async to None
[2021-11-15 07:35:22,439] {processor.py:171} INFO - Processing /home/airflow/.local/lib/python3.7/site-packages/airflow/example_dags/example_time_delta_sensor_async.py took 0.065 seconds
[2021-11-15 07:35:52,822] {processor.py:163} INFO - Started process (PID=1213) to work on /home/airflow/.local/lib/python3.7/site-packages/airflow/example_dags/example_time_delta_sensor_async.py
[2021-11-15 07:35:52,823] {processor.py:620} INFO - Processing file /home/airflow/.local/lib/python3.7/site-packages/airflow/example_dags/example_time_delta_sensor_async.py for tasks to queue
[2021-11-15 07:35:52,824] {logging_mixin.py:109} INFO - [2021-11-15 07:35:52,824] {dagbag.py:500} INFO - Filling up the DagBag from /home/airflow/.local/lib/python3.7/site-packages/airflow/example_dags/example_time_delta_sensor_async.py
[2021-11-15 07:35:52,847] {processor.py:632} INFO - DAG(s) dict_keys(['example_time_delta_sensor_async']) retrieved from /home/airflow/.local/lib/python3.7/site-packages/airflow/example_dags/example_time_delta_sensor_async.py
[2021-11-15 07:35:52,856] {logging_mixin.py:109} INFO - [2021-11-15 07:35:52,856] {dag.py:2389} INFO - Sync 1 DAGs
[2021-11-15 07:35:52,871] {logging_mixin.py:109} INFO - [2021-11-15 07:35:52,871] {dag.py:2921} INFO - Setting next_dagrun for example_time_delta_sensor_async to None
[2021-11-15 07:35:52,880] {processor.py:171} INFO - Processing /home/airflow/.local/lib/python3.7/site-packages/airflow/example_dags/example_time_delta_sensor_async.py took 0.061 seconds
[2021-11-15 07:36:23,409] {processor.py:163} INFO - Started process (PID=1271) to work on /home/airflow/.local/lib/python3.7/site-packages/airflow/example_dags/example_time_delta_sensor_async.py
[2021-11-15 07:36:23,410] {processor.py:620} INFO - Processing file /home/airflow/.local/lib/python3.7/site-packages/airflow/example_dags/example_time_delta_sensor_async.py for tasks to queue
[2021-11-15 07:36:23,410] {logging_mixin.py:109} INFO - [2021-11-15 07:36:23,410] {dagbag.py:500} INFO - Filling up the DagBag from /home/airflow/.local/lib/python3.7/site-packages/airflow/example_dags/example_time_delta_sensor_async.py
[2021-11-15 07:36:23,431] {processor.py:632} INFO - DAG(s) dict_keys(['example_time_delta_sensor_async']) retrieved from /home/airflow/.local/lib/python3.7/site-packages/airflow/example_dags/example_time_delta_sensor_async.py
[2021-11-15 07:36:23,439] {logging_mixin.py:109} INFO - [2021-11-15 07:36:23,439] {dag.py:2389} INFO - Sync 1 DAGs
[2021-11-15 07:36:23,453] {logging_mixin.py:109} INFO - [2021-11-15 07:36:23,453] {dag.py:2921} INFO - Setting next_dagrun for example_time_delta_sensor_async to None
[2021-11-15 07:36:23,463] {processor.py:171} INFO - Processing /home/airflow/.local/lib/python3.7/site-packages/airflow/example_dags/example_time_delta_sensor_async.py took 0.056 seconds
[2021-11-15 07:36:54,286] {processor.py:163} INFO - Started process (PID=1321) to work on /home/airflow/.local/lib/python3.7/site-packages/airflow/example_dags/example_time_delta_sensor_async.py
[2021-11-15 07:36:54,287] {processor.py:620} INFO - Processing file /home/airflow/.local/lib/python3.7/site-packages/airflow/example_dags/example_time_delta_sensor_async.py for tasks to queue
[2021-11-15 07:36:54,288] {logging_mixin.py:109} INFO - [2021-11-15 07:36:54,287] {dagbag.py:500} INFO - Filling up the DagBag from /home/airflow/.local/lib/python3.7/site-packages/airflow/example_dags/example_time_delta_sensor_async.py
[2021-11-15 07:36:54,309] {processor.py:632} INFO - DAG(s) dict_keys(['example_time_delta_sensor_async']) retrieved from /home/airflow/.local/lib/python3.7/site-packages/airflow/example_dags/example_time_delta_sensor_async.py
[2021-11-15 07:36:54,317] {logging_mixin.py:109} INFO - [2021-11-15 07:36:54,317] {dag.py:2389} INFO - Sync 1 DAGs
[2021-11-15 07:36:54,331] {logging_mixin.py:109} INFO - [2021-11-15 07:36:54,331] {dag.py:2921} INFO - Setting next_dagrun for example_time_delta_sensor_async to None
[2021-11-15 07:36:54,339] {processor.py:171} INFO - Processing /home/airflow/.local/lib/python3.7/site-packages/airflow/example_dags/example_time_delta_sensor_async.py took 0.056 seconds
[2021-11-15 07:37:24,501] {processor.py:163} INFO - Started process (PID=1371) to work on /home/airflow/.local/lib/python3.7/site-packages/airflow/example_dags/example_time_delta_sensor_async.py
[2021-11-15 07:37:24,502] {processor.py:620} INFO - Processing file /home/airflow/.local/lib/python3.7/site-packages/airflow/example_dags/example_time_delta_sensor_async.py for tasks to queue
[2021-11-15 07:37:24,502] {logging_mixin.py:109} INFO - [2021-11-15 07:37:24,502] {dagbag.py:500} INFO - Filling up the DagBag from /home/airflow/.local/lib/python3.7/site-packages/airflow/example_dags/example_time_delta_sensor_async.py
[2021-11-15 07:37:24,524] {processor.py:632} INFO - DAG(s) dict_keys(['example_time_delta_sensor_async']) retrieved from /home/airflow/.local/lib/python3.7/site-packages/airflow/example_dags/example_time_delta_sensor_async.py
[2021-11-15 07:37:24,533] {logging_mixin.py:109} INFO - [2021-11-15 07:37:24,533] {dag.py:2389} INFO - Sync 1 DAGs
[2021-11-15 07:37:24,548] {logging_mixin.py:109} INFO - [2021-11-15 07:37:24,548] {dag.py:2921} INFO - Setting next_dagrun for example_time_delta_sensor_async to None
[2021-11-15 07:37:24,557] {processor.py:171} INFO - Processing /home/airflow/.local/lib/python3.7/site-packages/airflow/example_dags/example_time_delta_sensor_async.py took 0.058 seconds
[2021-11-15 07:37:54,680] {processor.py:163} INFO - Started process (PID=1429) to work on /home/airflow/.local/lib/python3.7/site-packages/airflow/example_dags/example_time_delta_sensor_async.py
[2021-11-15 07:37:54,681] {processor.py:620} INFO - Processing file /home/airflow/.local/lib/python3.7/site-packages/airflow/example_dags/example_time_delta_sensor_async.py for tasks to queue
[2021-11-15 07:37:54,682] {logging_mixin.py:109} INFO - [2021-11-15 07:37:54,682] {dagbag.py:500} INFO - Filling up the DagBag from /home/airflow/.local/lib/python3.7/site-packages/airflow/example_dags/example_time_delta_sensor_async.py
[2021-11-15 07:37:54,703] {processor.py:632} INFO - DAG(s) dict_keys(['example_time_delta_sensor_async']) retrieved from /home/airflow/.local/lib/python3.7/site-packages/airflow/example_dags/example_time_delta_sensor_async.py
[2021-11-15 07:37:54,711] {logging_mixin.py:109} INFO - [2021-11-15 07:37:54,711] {dag.py:2389} INFO - Sync 1 DAGs
[2021-11-15 07:37:54,727] {logging_mixin.py:109} INFO - [2021-11-15 07:37:54,727] {dag.py:2921} INFO - Setting next_dagrun for example_time_delta_sensor_async to None
[2021-11-15 07:37:54,737] {processor.py:171} INFO - Processing /home/airflow/.local/lib/python3.7/site-packages/airflow/example_dags/example_time_delta_sensor_async.py took 0.060 seconds
