[2021-11-15 07:26:59,894] {processor.py:163} INFO - Started process (PID=55) to work on /home/airflow/.local/lib/python3.7/site-packages/airflow/example_dags/example_task_group.py
[2021-11-15 07:26:59,895] {processor.py:620} INFO - Processing file /home/airflow/.local/lib/python3.7/site-packages/airflow/example_dags/example_task_group.py for tasks to queue
[2021-11-15 07:26:59,896] {logging_mixin.py:109} INFO - [2021-11-15 07:26:59,896] {dagbag.py:500} INFO - Filling up the DagBag from /home/airflow/.local/lib/python3.7/site-packages/airflow/example_dags/example_task_group.py
[2021-11-15 07:26:59,922] {processor.py:632} INFO - DAG(s) dict_keys(['example_task_group']) retrieved from /home/airflow/.local/lib/python3.7/site-packages/airflow/example_dags/example_task_group.py
[2021-11-15 07:27:02,750] {logging_mixin.py:109} INFO - [2021-11-15 07:27:02,750] {providers_manager.py:156} WARNING - Exception when importing 'airflow.providers.google.leveldb.hooks.leveldb.LevelDBHook' from 'apache-airflow-providers-google' package: No module named 'plyvel'
[2021-11-15 07:27:03,581] {logging_mixin.py:109} INFO - [2021-11-15 07:27:03,581] {providers_manager.py:156} WARNING - Exception when importing 'airflow.providers.google.leveldb.hooks.leveldb.LevelDBHook' from 'apache-airflow-providers-google' package: No module named 'plyvel'
[2021-11-15 07:27:03,617] {logging_mixin.py:109} INFO - [2021-11-15 07:27:03,616] {manager.py:496} INFO - Created Permission View: can edit on DAG:example_task_group
[2021-11-15 07:27:03,631] {logging_mixin.py:109} INFO - [2021-11-15 07:27:03,631] {manager.py:496} INFO - Created Permission View: can read on DAG:example_task_group
[2021-11-15 07:27:03,632] {logging_mixin.py:109} INFO - [2021-11-15 07:27:03,631] {dag.py:2389} INFO - Sync 1 DAGs
[2021-11-15 07:27:03,644] {logging_mixin.py:109} INFO - [2021-11-15 07:27:03,643] {dag.py:2408} INFO - Creating ORM DAG for example_task_group
[2021-11-15 07:27:03,660] {logging_mixin.py:109} INFO - [2021-11-15 07:27:03,660] {dag.py:2921} INFO - Setting next_dagrun for example_task_group to 2021-11-14T07:27:03.660346+00:00
[2021-11-15 07:27:03,681] {processor.py:171} INFO - Processing /home/airflow/.local/lib/python3.7/site-packages/airflow/example_dags/example_task_group.py took 3.789 seconds
[2021-11-15 07:27:41,540] {processor.py:163} INFO - Started process (PID=338) to work on /home/airflow/.local/lib/python3.7/site-packages/airflow/example_dags/example_task_group.py
[2021-11-15 07:27:41,541] {processor.py:620} INFO - Processing file /home/airflow/.local/lib/python3.7/site-packages/airflow/example_dags/example_task_group.py for tasks to queue
[2021-11-15 07:27:41,541] {logging_mixin.py:109} INFO - [2021-11-15 07:27:41,541] {dagbag.py:500} INFO - Filling up the DagBag from /home/airflow/.local/lib/python3.7/site-packages/airflow/example_dags/example_task_group.py
[2021-11-15 07:27:41,570] {processor.py:632} INFO - DAG(s) dict_keys(['example_task_group']) retrieved from /home/airflow/.local/lib/python3.7/site-packages/airflow/example_dags/example_task_group.py
[2021-11-15 07:27:41,581] {logging_mixin.py:109} INFO - [2021-11-15 07:27:41,581] {dag.py:2389} INFO - Sync 1 DAGs
[2021-11-15 07:27:41,597] {logging_mixin.py:109} INFO - [2021-11-15 07:27:41,597] {dag.py:2921} INFO - Setting next_dagrun for example_task_group to 2021-11-14T07:27:41.596802+00:00
[2021-11-15 07:27:41,606] {processor.py:171} INFO - Processing /home/airflow/.local/lib/python3.7/site-packages/airflow/example_dags/example_task_group.py took 0.069 seconds
[2021-11-15 07:28:11,887] {processor.py:163} INFO - Started process (PID=400) to work on /home/airflow/.local/lib/python3.7/site-packages/airflow/example_dags/example_task_group.py
[2021-11-15 07:28:11,888] {processor.py:620} INFO - Processing file /home/airflow/.local/lib/python3.7/site-packages/airflow/example_dags/example_task_group.py for tasks to queue
[2021-11-15 07:28:11,888] {logging_mixin.py:109} INFO - [2021-11-15 07:28:11,888] {dagbag.py:500} INFO - Filling up the DagBag from /home/airflow/.local/lib/python3.7/site-packages/airflow/example_dags/example_task_group.py
[2021-11-15 07:28:11,916] {processor.py:632} INFO - DAG(s) dict_keys(['example_task_group']) retrieved from /home/airflow/.local/lib/python3.7/site-packages/airflow/example_dags/example_task_group.py
[2021-11-15 07:28:11,926] {logging_mixin.py:109} INFO - [2021-11-15 07:28:11,926] {dag.py:2389} INFO - Sync 1 DAGs
[2021-11-15 07:28:11,942] {logging_mixin.py:109} INFO - [2021-11-15 07:28:11,941] {dag.py:2921} INFO - Setting next_dagrun for example_task_group to 2021-11-14T07:28:11.941728+00:00
[2021-11-15 07:28:11,951] {processor.py:171} INFO - Processing /home/airflow/.local/lib/python3.7/site-packages/airflow/example_dags/example_task_group.py took 0.067 seconds
[2021-11-15 07:28:42,016] {processor.py:163} INFO - Started process (PID=450) to work on /home/airflow/.local/lib/python3.7/site-packages/airflow/example_dags/example_task_group.py
[2021-11-15 07:28:42,017] {processor.py:620} INFO - Processing file /home/airflow/.local/lib/python3.7/site-packages/airflow/example_dags/example_task_group.py for tasks to queue
[2021-11-15 07:28:42,018] {logging_mixin.py:109} INFO - [2021-11-15 07:28:42,018] {dagbag.py:500} INFO - Filling up the DagBag from /home/airflow/.local/lib/python3.7/site-packages/airflow/example_dags/example_task_group.py
[2021-11-15 07:28:42,045] {processor.py:632} INFO - DAG(s) dict_keys(['example_task_group']) retrieved from /home/airflow/.local/lib/python3.7/site-packages/airflow/example_dags/example_task_group.py
[2021-11-15 07:28:42,055] {logging_mixin.py:109} INFO - [2021-11-15 07:28:42,055] {dag.py:2389} INFO - Sync 1 DAGs
[2021-11-15 07:28:42,069] {logging_mixin.py:109} INFO - [2021-11-15 07:28:42,069] {dag.py:2921} INFO - Setting next_dagrun for example_task_group to 2021-11-14T07:28:42.069331+00:00
[2021-11-15 07:28:42,083] {processor.py:171} INFO - Processing /home/airflow/.local/lib/python3.7/site-packages/airflow/example_dags/example_task_group.py took 0.069 seconds
[2021-11-15 07:29:12,193] {processor.py:163} INFO - Started process (PID=508) to work on /home/airflow/.local/lib/python3.7/site-packages/airflow/example_dags/example_task_group.py
[2021-11-15 07:29:12,194] {processor.py:620} INFO - Processing file /home/airflow/.local/lib/python3.7/site-packages/airflow/example_dags/example_task_group.py for tasks to queue
[2021-11-15 07:29:12,195] {logging_mixin.py:109} INFO - [2021-11-15 07:29:12,195] {dagbag.py:500} INFO - Filling up the DagBag from /home/airflow/.local/lib/python3.7/site-packages/airflow/example_dags/example_task_group.py
[2021-11-15 07:29:12,221] {processor.py:632} INFO - DAG(s) dict_keys(['example_task_group']) retrieved from /home/airflow/.local/lib/python3.7/site-packages/airflow/example_dags/example_task_group.py
[2021-11-15 07:29:12,231] {logging_mixin.py:109} INFO - [2021-11-15 07:29:12,231] {dag.py:2389} INFO - Sync 1 DAGs
[2021-11-15 07:29:12,246] {logging_mixin.py:109} INFO - [2021-11-15 07:29:12,246] {dag.py:2921} INFO - Setting next_dagrun for example_task_group to 2021-11-14T07:29:12.246207+00:00
[2021-11-15 07:29:12,255] {processor.py:171} INFO - Processing /home/airflow/.local/lib/python3.7/site-packages/airflow/example_dags/example_task_group.py took 0.065 seconds
[2021-11-15 07:29:42,373] {processor.py:163} INFO - Started process (PID=557) to work on /home/airflow/.local/lib/python3.7/site-packages/airflow/example_dags/example_task_group.py
[2021-11-15 07:29:42,374] {processor.py:620} INFO - Processing file /home/airflow/.local/lib/python3.7/site-packages/airflow/example_dags/example_task_group.py for tasks to queue
[2021-11-15 07:29:42,374] {logging_mixin.py:109} INFO - [2021-11-15 07:29:42,374] {dagbag.py:500} INFO - Filling up the DagBag from /home/airflow/.local/lib/python3.7/site-packages/airflow/example_dags/example_task_group.py
[2021-11-15 07:29:42,398] {processor.py:632} INFO - DAG(s) dict_keys(['example_task_group']) retrieved from /home/airflow/.local/lib/python3.7/site-packages/airflow/example_dags/example_task_group.py
[2021-11-15 07:29:42,408] {logging_mixin.py:109} INFO - [2021-11-15 07:29:42,407] {dag.py:2389} INFO - Sync 1 DAGs
[2021-11-15 07:29:42,421] {logging_mixin.py:109} INFO - [2021-11-15 07:29:42,421] {dag.py:2921} INFO - Setting next_dagrun for example_task_group to 2021-11-14T07:29:42.420914+00:00
[2021-11-15 07:29:42,429] {processor.py:171} INFO - Processing /home/airflow/.local/lib/python3.7/site-packages/airflow/example_dags/example_task_group.py took 0.058 seconds
[2021-11-15 07:30:13,207] {processor.py:163} INFO - Started process (PID=614) to work on /home/airflow/.local/lib/python3.7/site-packages/airflow/example_dags/example_task_group.py
[2021-11-15 07:30:13,208] {processor.py:620} INFO - Processing file /home/airflow/.local/lib/python3.7/site-packages/airflow/example_dags/example_task_group.py for tasks to queue
[2021-11-15 07:30:13,208] {logging_mixin.py:109} INFO - [2021-11-15 07:30:13,208] {dagbag.py:500} INFO - Filling up the DagBag from /home/airflow/.local/lib/python3.7/site-packages/airflow/example_dags/example_task_group.py
[2021-11-15 07:30:13,230] {processor.py:632} INFO - DAG(s) dict_keys(['example_task_group']) retrieved from /home/airflow/.local/lib/python3.7/site-packages/airflow/example_dags/example_task_group.py
[2021-11-15 07:30:13,239] {logging_mixin.py:109} INFO - [2021-11-15 07:30:13,239] {dag.py:2389} INFO - Sync 1 DAGs
[2021-11-15 07:30:13,252] {logging_mixin.py:109} INFO - [2021-11-15 07:30:13,252] {dag.py:2921} INFO - Setting next_dagrun for example_task_group to 2021-11-14T07:30:13.252565+00:00
[2021-11-15 07:30:13,260] {processor.py:171} INFO - Processing /home/airflow/.local/lib/python3.7/site-packages/airflow/example_dags/example_task_group.py took 0.056 seconds
[2021-11-15 07:30:43,680] {processor.py:163} INFO - Started process (PID=664) to work on /home/airflow/.local/lib/python3.7/site-packages/airflow/example_dags/example_task_group.py
[2021-11-15 07:30:43,681] {processor.py:620} INFO - Processing file /home/airflow/.local/lib/python3.7/site-packages/airflow/example_dags/example_task_group.py for tasks to queue
[2021-11-15 07:30:43,681] {logging_mixin.py:109} INFO - [2021-11-15 07:30:43,681] {dagbag.py:500} INFO - Filling up the DagBag from /home/airflow/.local/lib/python3.7/site-packages/airflow/example_dags/example_task_group.py
[2021-11-15 07:30:43,706] {processor.py:632} INFO - DAG(s) dict_keys(['example_task_group']) retrieved from /home/airflow/.local/lib/python3.7/site-packages/airflow/example_dags/example_task_group.py
[2021-11-15 07:30:43,716] {logging_mixin.py:109} INFO - [2021-11-15 07:30:43,716] {dag.py:2389} INFO - Sync 1 DAGs
[2021-11-15 07:30:43,731] {logging_mixin.py:109} INFO - [2021-11-15 07:30:43,731] {dag.py:2921} INFO - Setting next_dagrun for example_task_group to 2021-11-14T07:30:43.731119+00:00
[2021-11-15 07:30:43,740] {processor.py:171} INFO - Processing /home/airflow/.local/lib/python3.7/site-packages/airflow/example_dags/example_task_group.py took 0.063 seconds
[2021-11-15 07:31:14,092] {processor.py:163} INFO - Started process (PID=719) to work on /home/airflow/.local/lib/python3.7/site-packages/airflow/example_dags/example_task_group.py
[2021-11-15 07:31:14,093] {processor.py:620} INFO - Processing file /home/airflow/.local/lib/python3.7/site-packages/airflow/example_dags/example_task_group.py for tasks to queue
[2021-11-15 07:31:14,094] {logging_mixin.py:109} INFO - [2021-11-15 07:31:14,094] {dagbag.py:500} INFO - Filling up the DagBag from /home/airflow/.local/lib/python3.7/site-packages/airflow/example_dags/example_task_group.py
[2021-11-15 07:31:14,120] {processor.py:632} INFO - DAG(s) dict_keys(['example_task_group']) retrieved from /home/airflow/.local/lib/python3.7/site-packages/airflow/example_dags/example_task_group.py
[2021-11-15 07:31:14,134] {logging_mixin.py:109} INFO - [2021-11-15 07:31:14,134] {dag.py:2389} INFO - Sync 1 DAGs
[2021-11-15 07:31:14,155] {logging_mixin.py:109} INFO - [2021-11-15 07:31:14,155] {dag.py:2921} INFO - Setting next_dagrun for example_task_group to 2021-11-14T07:31:14.155145+00:00
[2021-11-15 07:31:14,166] {processor.py:171} INFO - Processing /home/airflow/.local/lib/python3.7/site-packages/airflow/example_dags/example_task_group.py took 0.077 seconds
[2021-11-15 07:31:44,640] {processor.py:163} INFO - Started process (PID=772) to work on /home/airflow/.local/lib/python3.7/site-packages/airflow/example_dags/example_task_group.py
[2021-11-15 07:31:44,641] {processor.py:620} INFO - Processing file /home/airflow/.local/lib/python3.7/site-packages/airflow/example_dags/example_task_group.py for tasks to queue
[2021-11-15 07:31:44,642] {logging_mixin.py:109} INFO - [2021-11-15 07:31:44,642] {dagbag.py:500} INFO - Filling up the DagBag from /home/airflow/.local/lib/python3.7/site-packages/airflow/example_dags/example_task_group.py
[2021-11-15 07:31:44,664] {processor.py:632} INFO - DAG(s) dict_keys(['example_task_group']) retrieved from /home/airflow/.local/lib/python3.7/site-packages/airflow/example_dags/example_task_group.py
[2021-11-15 07:31:44,674] {logging_mixin.py:109} INFO - [2021-11-15 07:31:44,674] {dag.py:2389} INFO - Sync 1 DAGs
[2021-11-15 07:31:44,689] {logging_mixin.py:109} INFO - [2021-11-15 07:31:44,688] {dag.py:2921} INFO - Setting next_dagrun for example_task_group to 2021-11-14T07:31:44.688751+00:00
[2021-11-15 07:31:44,698] {processor.py:171} INFO - Processing /home/airflow/.local/lib/python3.7/site-packages/airflow/example_dags/example_task_group.py took 0.060 seconds
[2021-11-15 07:32:14,818] {processor.py:163} INFO - Started process (PID=829) to work on /home/airflow/.local/lib/python3.7/site-packages/airflow/example_dags/example_task_group.py
[2021-11-15 07:32:14,822] {processor.py:620} INFO - Processing file /home/airflow/.local/lib/python3.7/site-packages/airflow/example_dags/example_task_group.py for tasks to queue
[2021-11-15 07:32:14,822] {logging_mixin.py:109} INFO - [2021-11-15 07:32:14,822] {dagbag.py:500} INFO - Filling up the DagBag from /home/airflow/.local/lib/python3.7/site-packages/airflow/example_dags/example_task_group.py
[2021-11-15 07:32:14,847] {processor.py:632} INFO - DAG(s) dict_keys(['example_task_group']) retrieved from /home/airflow/.local/lib/python3.7/site-packages/airflow/example_dags/example_task_group.py
[2021-11-15 07:32:14,857] {logging_mixin.py:109} INFO - [2021-11-15 07:32:14,857] {dag.py:2389} INFO - Sync 1 DAGs
[2021-11-15 07:32:14,873] {logging_mixin.py:109} INFO - [2021-11-15 07:32:14,872] {dag.py:2921} INFO - Setting next_dagrun for example_task_group to 2021-11-14T07:32:14.872745+00:00
[2021-11-15 07:32:14,882] {processor.py:171} INFO - Processing /home/airflow/.local/lib/python3.7/site-packages/airflow/example_dags/example_task_group.py took 0.068 seconds
[2021-11-15 07:32:45,374] {processor.py:163} INFO - Started process (PID=878) to work on /home/airflow/.local/lib/python3.7/site-packages/airflow/example_dags/example_task_group.py
[2021-11-15 07:32:45,375] {processor.py:620} INFO - Processing file /home/airflow/.local/lib/python3.7/site-packages/airflow/example_dags/example_task_group.py for tasks to queue
[2021-11-15 07:32:45,375] {logging_mixin.py:109} INFO - [2021-11-15 07:32:45,375] {dagbag.py:500} INFO - Filling up the DagBag from /home/airflow/.local/lib/python3.7/site-packages/airflow/example_dags/example_task_group.py
[2021-11-15 07:32:45,400] {processor.py:632} INFO - DAG(s) dict_keys(['example_task_group']) retrieved from /home/airflow/.local/lib/python3.7/site-packages/airflow/example_dags/example_task_group.py
[2021-11-15 07:32:45,411] {logging_mixin.py:109} INFO - [2021-11-15 07:32:45,411] {dag.py:2389} INFO - Sync 1 DAGs
[2021-11-15 07:32:45,426] {logging_mixin.py:109} INFO - [2021-11-15 07:32:45,426] {dag.py:2921} INFO - Setting next_dagrun for example_task_group to 2021-11-14T07:32:45.426643+00:00
[2021-11-15 07:32:45,435] {processor.py:171} INFO - Processing /home/airflow/.local/lib/python3.7/site-packages/airflow/example_dags/example_task_group.py took 0.064 seconds
[2021-11-15 07:33:15,884] {processor.py:163} INFO - Started process (PID=929) to work on /home/airflow/.local/lib/python3.7/site-packages/airflow/example_dags/example_task_group.py
[2021-11-15 07:33:15,885] {processor.py:620} INFO - Processing file /home/airflow/.local/lib/python3.7/site-packages/airflow/example_dags/example_task_group.py for tasks to queue
[2021-11-15 07:33:15,886] {logging_mixin.py:109} INFO - [2021-11-15 07:33:15,886] {dagbag.py:500} INFO - Filling up the DagBag from /home/airflow/.local/lib/python3.7/site-packages/airflow/example_dags/example_task_group.py
[2021-11-15 07:33:15,913] {processor.py:632} INFO - DAG(s) dict_keys(['example_task_group']) retrieved from /home/airflow/.local/lib/python3.7/site-packages/airflow/example_dags/example_task_group.py
[2021-11-15 07:33:15,925] {logging_mixin.py:109} INFO - [2021-11-15 07:33:15,925] {dag.py:2389} INFO - Sync 1 DAGs
[2021-11-15 07:33:15,945] {logging_mixin.py:109} INFO - [2021-11-15 07:33:15,945] {dag.py:2921} INFO - Setting next_dagrun for example_task_group to 2021-11-14T07:33:15.945285+00:00
[2021-11-15 07:33:15,956] {processor.py:171} INFO - Processing /home/airflow/.local/lib/python3.7/site-packages/airflow/example_dags/example_task_group.py took 0.075 seconds
[2021-11-15 07:33:46,328] {processor.py:163} INFO - Started process (PID=987) to work on /home/airflow/.local/lib/python3.7/site-packages/airflow/example_dags/example_task_group.py
[2021-11-15 07:33:46,330] {processor.py:620} INFO - Processing file /home/airflow/.local/lib/python3.7/site-packages/airflow/example_dags/example_task_group.py for tasks to queue
[2021-11-15 07:33:46,330] {logging_mixin.py:109} INFO - [2021-11-15 07:33:46,330] {dagbag.py:500} INFO - Filling up the DagBag from /home/airflow/.local/lib/python3.7/site-packages/airflow/example_dags/example_task_group.py
[2021-11-15 07:33:46,355] {processor.py:632} INFO - DAG(s) dict_keys(['example_task_group']) retrieved from /home/airflow/.local/lib/python3.7/site-packages/airflow/example_dags/example_task_group.py
[2021-11-15 07:33:46,367] {logging_mixin.py:109} INFO - [2021-11-15 07:33:46,367] {dag.py:2389} INFO - Sync 1 DAGs
[2021-11-15 07:33:46,382] {logging_mixin.py:109} INFO - [2021-11-15 07:33:46,382] {dag.py:2921} INFO - Setting next_dagrun for example_task_group to 2021-11-14T07:33:46.382327+00:00
[2021-11-15 07:33:46,391] {processor.py:171} INFO - Processing /home/airflow/.local/lib/python3.7/site-packages/airflow/example_dags/example_task_group.py took 0.066 seconds
[2021-11-15 07:34:16,889] {processor.py:163} INFO - Started process (PID=1036) to work on /home/airflow/.local/lib/python3.7/site-packages/airflow/example_dags/example_task_group.py
[2021-11-15 07:34:16,891] {processor.py:620} INFO - Processing file /home/airflow/.local/lib/python3.7/site-packages/airflow/example_dags/example_task_group.py for tasks to queue
[2021-11-15 07:34:16,891] {logging_mixin.py:109} INFO - [2021-11-15 07:34:16,891] {dagbag.py:500} INFO - Filling up the DagBag from /home/airflow/.local/lib/python3.7/site-packages/airflow/example_dags/example_task_group.py
[2021-11-15 07:34:16,915] {processor.py:632} INFO - DAG(s) dict_keys(['example_task_group']) retrieved from /home/airflow/.local/lib/python3.7/site-packages/airflow/example_dags/example_task_group.py
[2021-11-15 07:34:16,925] {logging_mixin.py:109} INFO - [2021-11-15 07:34:16,925] {dag.py:2389} INFO - Sync 1 DAGs
[2021-11-15 07:34:16,940] {logging_mixin.py:109} INFO - [2021-11-15 07:34:16,940] {dag.py:2921} INFO - Setting next_dagrun for example_task_group to 2021-11-14T07:34:16.940137+00:00
[2021-11-15 07:34:16,949] {processor.py:171} INFO - Processing /home/airflow/.local/lib/python3.7/site-packages/airflow/example_dags/example_task_group.py took 0.062 seconds
[2021-11-15 07:34:47,363] {processor.py:163} INFO - Started process (PID=1095) to work on /home/airflow/.local/lib/python3.7/site-packages/airflow/example_dags/example_task_group.py
[2021-11-15 07:34:47,365] {processor.py:620} INFO - Processing file /home/airflow/.local/lib/python3.7/site-packages/airflow/example_dags/example_task_group.py for tasks to queue
[2021-11-15 07:34:47,365] {logging_mixin.py:109} INFO - [2021-11-15 07:34:47,365] {dagbag.py:500} INFO - Filling up the DagBag from /home/airflow/.local/lib/python3.7/site-packages/airflow/example_dags/example_task_group.py
[2021-11-15 07:34:47,391] {processor.py:632} INFO - DAG(s) dict_keys(['example_task_group']) retrieved from /home/airflow/.local/lib/python3.7/site-packages/airflow/example_dags/example_task_group.py
[2021-11-15 07:34:47,402] {logging_mixin.py:109} INFO - [2021-11-15 07:34:47,402] {dag.py:2389} INFO - Sync 1 DAGs
[2021-11-15 07:34:47,418] {logging_mixin.py:109} INFO - [2021-11-15 07:34:47,418] {dag.py:2921} INFO - Setting next_dagrun for example_task_group to 2021-11-14T07:34:47.418612+00:00
[2021-11-15 07:34:47,428] {processor.py:171} INFO - Processing /home/airflow/.local/lib/python3.7/site-packages/airflow/example_dags/example_task_group.py took 0.068 seconds
[2021-11-15 07:35:17,952] {processor.py:163} INFO - Started process (PID=1144) to work on /home/airflow/.local/lib/python3.7/site-packages/airflow/example_dags/example_task_group.py
[2021-11-15 07:35:17,953] {processor.py:620} INFO - Processing file /home/airflow/.local/lib/python3.7/site-packages/airflow/example_dags/example_task_group.py for tasks to queue
[2021-11-15 07:35:17,954] {logging_mixin.py:109} INFO - [2021-11-15 07:35:17,954] {dagbag.py:500} INFO - Filling up the DagBag from /home/airflow/.local/lib/python3.7/site-packages/airflow/example_dags/example_task_group.py
[2021-11-15 07:35:17,985] {processor.py:632} INFO - DAG(s) dict_keys(['example_task_group']) retrieved from /home/airflow/.local/lib/python3.7/site-packages/airflow/example_dags/example_task_group.py
[2021-11-15 07:35:17,999] {logging_mixin.py:109} INFO - [2021-11-15 07:35:17,999] {dag.py:2389} INFO - Sync 1 DAGs
[2021-11-15 07:35:18,023] {logging_mixin.py:109} INFO - [2021-11-15 07:35:18,023] {dag.py:2921} INFO - Setting next_dagrun for example_task_group to 2021-11-14T07:35:18.023181+00:00
[2021-11-15 07:35:18,037] {processor.py:171} INFO - Processing /home/airflow/.local/lib/python3.7/site-packages/airflow/example_dags/example_task_group.py took 0.088 seconds
[2021-11-15 07:35:48,379] {processor.py:163} INFO - Started process (PID=1201) to work on /home/airflow/.local/lib/python3.7/site-packages/airflow/example_dags/example_task_group.py
[2021-11-15 07:35:48,380] {processor.py:620} INFO - Processing file /home/airflow/.local/lib/python3.7/site-packages/airflow/example_dags/example_task_group.py for tasks to queue
[2021-11-15 07:35:48,380] {logging_mixin.py:109} INFO - [2021-11-15 07:35:48,380] {dagbag.py:500} INFO - Filling up the DagBag from /home/airflow/.local/lib/python3.7/site-packages/airflow/example_dags/example_task_group.py
[2021-11-15 07:35:48,405] {processor.py:632} INFO - DAG(s) dict_keys(['example_task_group']) retrieved from /home/airflow/.local/lib/python3.7/site-packages/airflow/example_dags/example_task_group.py
[2021-11-15 07:35:48,415] {logging_mixin.py:109} INFO - [2021-11-15 07:35:48,415] {dag.py:2389} INFO - Sync 1 DAGs
[2021-11-15 07:35:48,431] {logging_mixin.py:109} INFO - [2021-11-15 07:35:48,431] {dag.py:2921} INFO - Setting next_dagrun for example_task_group to 2021-11-14T07:35:48.430725+00:00
[2021-11-15 07:35:48,440] {processor.py:171} INFO - Processing /home/airflow/.local/lib/python3.7/site-packages/airflow/example_dags/example_task_group.py took 0.064 seconds
[2021-11-15 07:36:18,948] {processor.py:163} INFO - Started process (PID=1251) to work on /home/airflow/.local/lib/python3.7/site-packages/airflow/example_dags/example_task_group.py
[2021-11-15 07:36:18,950] {processor.py:620} INFO - Processing file /home/airflow/.local/lib/python3.7/site-packages/airflow/example_dags/example_task_group.py for tasks to queue
[2021-11-15 07:36:18,951] {logging_mixin.py:109} INFO - [2021-11-15 07:36:18,951] {dagbag.py:500} INFO - Filling up the DagBag from /home/airflow/.local/lib/python3.7/site-packages/airflow/example_dags/example_task_group.py
[2021-11-15 07:36:18,989] {processor.py:632} INFO - DAG(s) dict_keys(['example_task_group']) retrieved from /home/airflow/.local/lib/python3.7/site-packages/airflow/example_dags/example_task_group.py
[2021-11-15 07:36:19,004] {logging_mixin.py:109} INFO - [2021-11-15 07:36:19,004] {dag.py:2389} INFO - Sync 1 DAGs
[2021-11-15 07:36:19,024] {logging_mixin.py:109} INFO - [2021-11-15 07:36:19,024] {dag.py:2921} INFO - Setting next_dagrun for example_task_group to 2021-11-14T07:36:19.023945+00:00
[2021-11-15 07:36:19,036] {processor.py:171} INFO - Processing /home/airflow/.local/lib/python3.7/site-packages/airflow/example_dags/example_task_group.py took 0.091 seconds
[2021-11-15 07:36:49,463] {processor.py:163} INFO - Started process (PID=1308) to work on /home/airflow/.local/lib/python3.7/site-packages/airflow/example_dags/example_task_group.py
[2021-11-15 07:36:49,465] {processor.py:620} INFO - Processing file /home/airflow/.local/lib/python3.7/site-packages/airflow/example_dags/example_task_group.py for tasks to queue
[2021-11-15 07:36:49,465] {logging_mixin.py:109} INFO - [2021-11-15 07:36:49,465] {dagbag.py:500} INFO - Filling up the DagBag from /home/airflow/.local/lib/python3.7/site-packages/airflow/example_dags/example_task_group.py
[2021-11-15 07:36:49,490] {processor.py:632} INFO - DAG(s) dict_keys(['example_task_group']) retrieved from /home/airflow/.local/lib/python3.7/site-packages/airflow/example_dags/example_task_group.py
[2021-11-15 07:36:49,503] {logging_mixin.py:109} INFO - [2021-11-15 07:36:49,503] {dag.py:2389} INFO - Sync 1 DAGs
[2021-11-15 07:36:49,523] {logging_mixin.py:109} INFO - [2021-11-15 07:36:49,523] {dag.py:2921} INFO - Setting next_dagrun for example_task_group to 2021-11-14T07:36:49.523066+00:00
[2021-11-15 07:36:49,533] {processor.py:171} INFO - Processing /home/airflow/.local/lib/python3.7/site-packages/airflow/example_dags/example_task_group.py took 0.072 seconds
[2021-11-15 07:37:19,858] {processor.py:163} INFO - Started process (PID=1358) to work on /home/airflow/.local/lib/python3.7/site-packages/airflow/example_dags/example_task_group.py
[2021-11-15 07:37:19,859] {processor.py:620} INFO - Processing file /home/airflow/.local/lib/python3.7/site-packages/airflow/example_dags/example_task_group.py for tasks to queue
[2021-11-15 07:37:19,860] {logging_mixin.py:109} INFO - [2021-11-15 07:37:19,859] {dagbag.py:500} INFO - Filling up the DagBag from /home/airflow/.local/lib/python3.7/site-packages/airflow/example_dags/example_task_group.py
[2021-11-15 07:37:19,895] {processor.py:632} INFO - DAG(s) dict_keys(['example_task_group']) retrieved from /home/airflow/.local/lib/python3.7/site-packages/airflow/example_dags/example_task_group.py
[2021-11-15 07:37:19,911] {logging_mixin.py:109} INFO - [2021-11-15 07:37:19,911] {dag.py:2389} INFO - Sync 1 DAGs
[2021-11-15 07:37:19,930] {logging_mixin.py:109} INFO - [2021-11-15 07:37:19,929] {dag.py:2921} INFO - Setting next_dagrun for example_task_group to 2021-11-14T07:37:19.929689+00:00
[2021-11-15 07:37:19,941] {processor.py:171} INFO - Processing /home/airflow/.local/lib/python3.7/site-packages/airflow/example_dags/example_task_group.py took 0.087 seconds
[2021-11-15 07:37:50,064] {processor.py:163} INFO - Started process (PID=1407) to work on /home/airflow/.local/lib/python3.7/site-packages/airflow/example_dags/example_task_group.py
[2021-11-15 07:37:50,065] {processor.py:620} INFO - Processing file /home/airflow/.local/lib/python3.7/site-packages/airflow/example_dags/example_task_group.py for tasks to queue
[2021-11-15 07:37:50,066] {logging_mixin.py:109} INFO - [2021-11-15 07:37:50,066] {dagbag.py:500} INFO - Filling up the DagBag from /home/airflow/.local/lib/python3.7/site-packages/airflow/example_dags/example_task_group.py
[2021-11-15 07:37:50,096] {processor.py:632} INFO - DAG(s) dict_keys(['example_task_group']) retrieved from /home/airflow/.local/lib/python3.7/site-packages/airflow/example_dags/example_task_group.py
[2021-11-15 07:37:50,113] {logging_mixin.py:109} INFO - [2021-11-15 07:37:50,113] {dag.py:2389} INFO - Sync 1 DAGs
[2021-11-15 07:37:50,135] {logging_mixin.py:109} INFO - [2021-11-15 07:37:50,135] {dag.py:2921} INFO - Setting next_dagrun for example_task_group to 2021-11-14T07:37:50.135102+00:00
[2021-11-15 07:37:50,146] {processor.py:171} INFO - Processing /home/airflow/.local/lib/python3.7/site-packages/airflow/example_dags/example_task_group.py took 0.085 seconds
