[2021-11-15 07:27:03,924] {processor.py:163} INFO - Started process (PID=82) to work on /home/airflow/.local/lib/python3.7/site-packages/airflow/example_dags/example_kubernetes_executor.py
[2021-11-15 07:27:03,926] {processor.py:620} INFO - Processing file /home/airflow/.local/lib/python3.7/site-packages/airflow/example_dags/example_kubernetes_executor.py for tasks to queue
[2021-11-15 07:27:03,926] {logging_mixin.py:109} INFO - [2021-11-15 07:27:03,926] {dagbag.py:500} INFO - Filling up the DagBag from /home/airflow/.local/lib/python3.7/site-packages/airflow/example_dags/example_kubernetes_executor.py
[2021-11-15 07:27:03,972] {processor.py:632} INFO - DAG(s) dict_keys(['example_kubernetes_executor']) retrieved from /home/airflow/.local/lib/python3.7/site-packages/airflow/example_dags/example_kubernetes_executor.py
[2021-11-15 07:27:07,653] {logging_mixin.py:109} INFO - [2021-11-15 07:27:07,653] {providers_manager.py:156} WARNING - Exception when importing 'airflow.providers.google.leveldb.hooks.leveldb.LevelDBHook' from 'apache-airflow-providers-google' package: No module named 'plyvel'
[2021-11-15 07:27:08,532] {logging_mixin.py:109} INFO - [2021-11-15 07:27:08,532] {providers_manager.py:156} WARNING - Exception when importing 'airflow.providers.google.leveldb.hooks.leveldb.LevelDBHook' from 'apache-airflow-providers-google' package: No module named 'plyvel'
[2021-11-15 07:27:08,568] {logging_mixin.py:109} INFO - [2021-11-15 07:27:08,568] {manager.py:496} INFO - Created Permission View: can edit on DAG:example_kubernetes_executor
[2021-11-15 07:27:08,581] {logging_mixin.py:109} INFO - [2021-11-15 07:27:08,581] {manager.py:496} INFO - Created Permission View: can read on DAG:example_kubernetes_executor
[2021-11-15 07:27:08,582] {logging_mixin.py:109} INFO - [2021-11-15 07:27:08,581] {dag.py:2389} INFO - Sync 1 DAGs
[2021-11-15 07:27:08,594] {logging_mixin.py:109} INFO - [2021-11-15 07:27:08,594] {dag.py:2408} INFO - Creating ORM DAG for example_kubernetes_executor
[2021-11-15 07:27:08,606] {logging_mixin.py:109} INFO - [2021-11-15 07:27:08,606] {dag.py:2921} INFO - Setting next_dagrun for example_kubernetes_executor to None
[2021-11-15 07:27:08,625] {processor.py:171} INFO - Processing /home/airflow/.local/lib/python3.7/site-packages/airflow/example_dags/example_kubernetes_executor.py took 4.706 seconds
[2021-11-15 07:27:42,119] {processor.py:163} INFO - Started process (PID=348) to work on /home/airflow/.local/lib/python3.7/site-packages/airflow/example_dags/example_kubernetes_executor.py
[2021-11-15 07:27:42,133] {processor.py:620} INFO - Processing file /home/airflow/.local/lib/python3.7/site-packages/airflow/example_dags/example_kubernetes_executor.py for tasks to queue
[2021-11-15 07:27:42,134] {logging_mixin.py:109} INFO - [2021-11-15 07:27:42,133] {dagbag.py:500} INFO - Filling up the DagBag from /home/airflow/.local/lib/python3.7/site-packages/airflow/example_dags/example_kubernetes_executor.py
[2021-11-15 07:27:42,190] {processor.py:632} INFO - DAG(s) dict_keys(['example_kubernetes_executor']) retrieved from /home/airflow/.local/lib/python3.7/site-packages/airflow/example_dags/example_kubernetes_executor.py
[2021-11-15 07:27:42,214] {logging_mixin.py:109} INFO - [2021-11-15 07:27:42,214] {dag.py:2389} INFO - Sync 1 DAGs
[2021-11-15 07:27:42,232] {logging_mixin.py:109} INFO - [2021-11-15 07:27:42,232] {dag.py:2921} INFO - Setting next_dagrun for example_kubernetes_executor to None
[2021-11-15 07:27:42,242] {processor.py:171} INFO - Processing /home/airflow/.local/lib/python3.7/site-packages/airflow/example_dags/example_kubernetes_executor.py took 0.127 seconds
[2021-11-15 07:28:12,409] {processor.py:163} INFO - Started process (PID=407) to work on /home/airflow/.local/lib/python3.7/site-packages/airflow/example_dags/example_kubernetes_executor.py
[2021-11-15 07:28:12,410] {processor.py:620} INFO - Processing file /home/airflow/.local/lib/python3.7/site-packages/airflow/example_dags/example_kubernetes_executor.py for tasks to queue
[2021-11-15 07:28:12,411] {logging_mixin.py:109} INFO - [2021-11-15 07:28:12,411] {dagbag.py:500} INFO - Filling up the DagBag from /home/airflow/.local/lib/python3.7/site-packages/airflow/example_dags/example_kubernetes_executor.py
[2021-11-15 07:28:12,437] {processor.py:632} INFO - DAG(s) dict_keys(['example_kubernetes_executor']) retrieved from /home/airflow/.local/lib/python3.7/site-packages/airflow/example_dags/example_kubernetes_executor.py
[2021-11-15 07:28:12,446] {logging_mixin.py:109} INFO - [2021-11-15 07:28:12,446] {dag.py:2389} INFO - Sync 1 DAGs
[2021-11-15 07:28:12,461] {logging_mixin.py:109} INFO - [2021-11-15 07:28:12,461] {dag.py:2921} INFO - Setting next_dagrun for example_kubernetes_executor to None
[2021-11-15 07:28:12,470] {processor.py:171} INFO - Processing /home/airflow/.local/lib/python3.7/site-packages/airflow/example_dags/example_kubernetes_executor.py took 0.063 seconds
[2021-11-15 07:28:43,301] {processor.py:163} INFO - Started process (PID=457) to work on /home/airflow/.local/lib/python3.7/site-packages/airflow/example_dags/example_kubernetes_executor.py
[2021-11-15 07:28:43,303] {processor.py:620} INFO - Processing file /home/airflow/.local/lib/python3.7/site-packages/airflow/example_dags/example_kubernetes_executor.py for tasks to queue
[2021-11-15 07:28:43,303] {logging_mixin.py:109} INFO - [2021-11-15 07:28:43,303] {dagbag.py:500} INFO - Filling up the DagBag from /home/airflow/.local/lib/python3.7/site-packages/airflow/example_dags/example_kubernetes_executor.py
[2021-11-15 07:28:43,328] {processor.py:632} INFO - DAG(s) dict_keys(['example_kubernetes_executor']) retrieved from /home/airflow/.local/lib/python3.7/site-packages/airflow/example_dags/example_kubernetes_executor.py
[2021-11-15 07:28:43,338] {logging_mixin.py:109} INFO - [2021-11-15 07:28:43,337] {dag.py:2389} INFO - Sync 1 DAGs
[2021-11-15 07:28:43,352] {logging_mixin.py:109} INFO - [2021-11-15 07:28:43,352] {dag.py:2921} INFO - Setting next_dagrun for example_kubernetes_executor to None
[2021-11-15 07:28:43,361] {processor.py:171} INFO - Processing /home/airflow/.local/lib/python3.7/site-packages/airflow/example_dags/example_kubernetes_executor.py took 0.062 seconds
[2021-11-15 07:29:13,451] {processor.py:163} INFO - Started process (PID=514) to work on /home/airflow/.local/lib/python3.7/site-packages/airflow/example_dags/example_kubernetes_executor.py
[2021-11-15 07:29:13,452] {processor.py:620} INFO - Processing file /home/airflow/.local/lib/python3.7/site-packages/airflow/example_dags/example_kubernetes_executor.py for tasks to queue
[2021-11-15 07:29:13,453] {logging_mixin.py:109} INFO - [2021-11-15 07:29:13,453] {dagbag.py:500} INFO - Filling up the DagBag from /home/airflow/.local/lib/python3.7/site-packages/airflow/example_dags/example_kubernetes_executor.py
[2021-11-15 07:29:13,479] {processor.py:632} INFO - DAG(s) dict_keys(['example_kubernetes_executor']) retrieved from /home/airflow/.local/lib/python3.7/site-packages/airflow/example_dags/example_kubernetes_executor.py
[2021-11-15 07:29:13,487] {logging_mixin.py:109} INFO - [2021-11-15 07:29:13,487] {dag.py:2389} INFO - Sync 1 DAGs
[2021-11-15 07:29:13,502] {logging_mixin.py:109} INFO - [2021-11-15 07:29:13,501] {dag.py:2921} INFO - Setting next_dagrun for example_kubernetes_executor to None
[2021-11-15 07:29:13,510] {processor.py:171} INFO - Processing /home/airflow/.local/lib/python3.7/site-packages/airflow/example_dags/example_kubernetes_executor.py took 0.062 seconds
[2021-11-15 07:29:43,556] {processor.py:163} INFO - Started process (PID=563) to work on /home/airflow/.local/lib/python3.7/site-packages/airflow/example_dags/example_kubernetes_executor.py
[2021-11-15 07:29:43,557] {processor.py:620} INFO - Processing file /home/airflow/.local/lib/python3.7/site-packages/airflow/example_dags/example_kubernetes_executor.py for tasks to queue
[2021-11-15 07:29:43,557] {logging_mixin.py:109} INFO - [2021-11-15 07:29:43,557] {dagbag.py:500} INFO - Filling up the DagBag from /home/airflow/.local/lib/python3.7/site-packages/airflow/example_dags/example_kubernetes_executor.py
[2021-11-15 07:29:43,583] {processor.py:632} INFO - DAG(s) dict_keys(['example_kubernetes_executor']) retrieved from /home/airflow/.local/lib/python3.7/site-packages/airflow/example_dags/example_kubernetes_executor.py
[2021-11-15 07:29:43,592] {logging_mixin.py:109} INFO - [2021-11-15 07:29:43,592] {dag.py:2389} INFO - Sync 1 DAGs
[2021-11-15 07:29:43,607] {logging_mixin.py:109} INFO - [2021-11-15 07:29:43,607] {dag.py:2921} INFO - Setting next_dagrun for example_kubernetes_executor to None
[2021-11-15 07:29:43,616] {processor.py:171} INFO - Processing /home/airflow/.local/lib/python3.7/site-packages/airflow/example_dags/example_kubernetes_executor.py took 0.063 seconds
[2021-11-15 07:30:14,388] {processor.py:163} INFO - Started process (PID=620) to work on /home/airflow/.local/lib/python3.7/site-packages/airflow/example_dags/example_kubernetes_executor.py
[2021-11-15 07:30:14,390] {processor.py:620} INFO - Processing file /home/airflow/.local/lib/python3.7/site-packages/airflow/example_dags/example_kubernetes_executor.py for tasks to queue
[2021-11-15 07:30:14,391] {logging_mixin.py:109} INFO - [2021-11-15 07:30:14,390] {dagbag.py:500} INFO - Filling up the DagBag from /home/airflow/.local/lib/python3.7/site-packages/airflow/example_dags/example_kubernetes_executor.py
[2021-11-15 07:30:14,422] {processor.py:632} INFO - DAG(s) dict_keys(['example_kubernetes_executor']) retrieved from /home/airflow/.local/lib/python3.7/site-packages/airflow/example_dags/example_kubernetes_executor.py
[2021-11-15 07:30:14,434] {logging_mixin.py:109} INFO - [2021-11-15 07:30:14,433] {dag.py:2389} INFO - Sync 1 DAGs
[2021-11-15 07:30:14,452] {logging_mixin.py:109} INFO - [2021-11-15 07:30:14,452] {dag.py:2921} INFO - Setting next_dagrun for example_kubernetes_executor to None
[2021-11-15 07:30:14,462] {processor.py:171} INFO - Processing /home/airflow/.local/lib/python3.7/site-packages/airflow/example_dags/example_kubernetes_executor.py took 0.078 seconds
[2021-11-15 07:30:44,867] {processor.py:163} INFO - Started process (PID=670) to work on /home/airflow/.local/lib/python3.7/site-packages/airflow/example_dags/example_kubernetes_executor.py
[2021-11-15 07:30:44,868] {processor.py:620} INFO - Processing file /home/airflow/.local/lib/python3.7/site-packages/airflow/example_dags/example_kubernetes_executor.py for tasks to queue
[2021-11-15 07:30:44,869] {logging_mixin.py:109} INFO - [2021-11-15 07:30:44,868] {dagbag.py:500} INFO - Filling up the DagBag from /home/airflow/.local/lib/python3.7/site-packages/airflow/example_dags/example_kubernetes_executor.py
[2021-11-15 07:30:44,895] {processor.py:632} INFO - DAG(s) dict_keys(['example_kubernetes_executor']) retrieved from /home/airflow/.local/lib/python3.7/site-packages/airflow/example_dags/example_kubernetes_executor.py
[2021-11-15 07:30:44,905] {logging_mixin.py:109} INFO - [2021-11-15 07:30:44,905] {dag.py:2389} INFO - Sync 1 DAGs
[2021-11-15 07:30:44,922] {logging_mixin.py:109} INFO - [2021-11-15 07:30:44,922] {dag.py:2921} INFO - Setting next_dagrun for example_kubernetes_executor to None
[2021-11-15 07:30:44,932] {processor.py:171} INFO - Processing /home/airflow/.local/lib/python3.7/site-packages/airflow/example_dags/example_kubernetes_executor.py took 0.069 seconds
[2021-11-15 07:31:15,289] {processor.py:163} INFO - Started process (PID=727) to work on /home/airflow/.local/lib/python3.7/site-packages/airflow/example_dags/example_kubernetes_executor.py
[2021-11-15 07:31:15,290] {processor.py:620} INFO - Processing file /home/airflow/.local/lib/python3.7/site-packages/airflow/example_dags/example_kubernetes_executor.py for tasks to queue
[2021-11-15 07:31:15,290] {logging_mixin.py:109} INFO - [2021-11-15 07:31:15,290] {dagbag.py:500} INFO - Filling up the DagBag from /home/airflow/.local/lib/python3.7/site-packages/airflow/example_dags/example_kubernetes_executor.py
[2021-11-15 07:31:15,311] {processor.py:632} INFO - DAG(s) dict_keys(['example_kubernetes_executor']) retrieved from /home/airflow/.local/lib/python3.7/site-packages/airflow/example_dags/example_kubernetes_executor.py
[2021-11-15 07:31:15,321] {logging_mixin.py:109} INFO - [2021-11-15 07:31:15,321] {dag.py:2389} INFO - Sync 1 DAGs
[2021-11-15 07:31:15,340] {logging_mixin.py:109} INFO - [2021-11-15 07:31:15,339] {dag.py:2921} INFO - Setting next_dagrun for example_kubernetes_executor to None
[2021-11-15 07:31:15,349] {processor.py:171} INFO - Processing /home/airflow/.local/lib/python3.7/site-packages/airflow/example_dags/example_kubernetes_executor.py took 0.063 seconds
[2021-11-15 07:31:45,855] {processor.py:163} INFO - Started process (PID=778) to work on /home/airflow/.local/lib/python3.7/site-packages/airflow/example_dags/example_kubernetes_executor.py
[2021-11-15 07:31:45,858] {processor.py:620} INFO - Processing file /home/airflow/.local/lib/python3.7/site-packages/airflow/example_dags/example_kubernetes_executor.py for tasks to queue
[2021-11-15 07:31:45,859] {logging_mixin.py:109} INFO - [2021-11-15 07:31:45,859] {dagbag.py:500} INFO - Filling up the DagBag from /home/airflow/.local/lib/python3.7/site-packages/airflow/example_dags/example_kubernetes_executor.py
[2021-11-15 07:31:45,891] {processor.py:632} INFO - DAG(s) dict_keys(['example_kubernetes_executor']) retrieved from /home/airflow/.local/lib/python3.7/site-packages/airflow/example_dags/example_kubernetes_executor.py
[2021-11-15 07:31:45,900] {logging_mixin.py:109} INFO - [2021-11-15 07:31:45,900] {dag.py:2389} INFO - Sync 1 DAGs
[2021-11-15 07:31:45,916] {logging_mixin.py:109} INFO - [2021-11-15 07:31:45,916] {dag.py:2921} INFO - Setting next_dagrun for example_kubernetes_executor to None
[2021-11-15 07:31:45,925] {processor.py:171} INFO - Processing /home/airflow/.local/lib/python3.7/site-packages/airflow/example_dags/example_kubernetes_executor.py took 0.079 seconds
[2021-11-15 07:32:16,082] {processor.py:163} INFO - Started process (PID=835) to work on /home/airflow/.local/lib/python3.7/site-packages/airflow/example_dags/example_kubernetes_executor.py
[2021-11-15 07:32:16,083] {processor.py:620} INFO - Processing file /home/airflow/.local/lib/python3.7/site-packages/airflow/example_dags/example_kubernetes_executor.py for tasks to queue
[2021-11-15 07:32:16,083] {logging_mixin.py:109} INFO - [2021-11-15 07:32:16,083] {dagbag.py:500} INFO - Filling up the DagBag from /home/airflow/.local/lib/python3.7/site-packages/airflow/example_dags/example_kubernetes_executor.py
[2021-11-15 07:32:16,106] {processor.py:632} INFO - DAG(s) dict_keys(['example_kubernetes_executor']) retrieved from /home/airflow/.local/lib/python3.7/site-packages/airflow/example_dags/example_kubernetes_executor.py
[2021-11-15 07:32:16,118] {logging_mixin.py:109} INFO - [2021-11-15 07:32:16,118] {dag.py:2389} INFO - Sync 1 DAGs
[2021-11-15 07:32:16,137] {logging_mixin.py:109} INFO - [2021-11-15 07:32:16,137] {dag.py:2921} INFO - Setting next_dagrun for example_kubernetes_executor to None
[2021-11-15 07:32:16,145] {processor.py:171} INFO - Processing /home/airflow/.local/lib/python3.7/site-packages/airflow/example_dags/example_kubernetes_executor.py took 0.066 seconds
[2021-11-15 07:32:46,587] {processor.py:163} INFO - Started process (PID=884) to work on /home/airflow/.local/lib/python3.7/site-packages/airflow/example_dags/example_kubernetes_executor.py
[2021-11-15 07:32:46,588] {processor.py:620} INFO - Processing file /home/airflow/.local/lib/python3.7/site-packages/airflow/example_dags/example_kubernetes_executor.py for tasks to queue
[2021-11-15 07:32:46,588] {logging_mixin.py:109} INFO - [2021-11-15 07:32:46,588] {dagbag.py:500} INFO - Filling up the DagBag from /home/airflow/.local/lib/python3.7/site-packages/airflow/example_dags/example_kubernetes_executor.py
[2021-11-15 07:32:46,618] {processor.py:632} INFO - DAG(s) dict_keys(['example_kubernetes_executor']) retrieved from /home/airflow/.local/lib/python3.7/site-packages/airflow/example_dags/example_kubernetes_executor.py
[2021-11-15 07:32:46,631] {logging_mixin.py:109} INFO - [2021-11-15 07:32:46,631] {dag.py:2389} INFO - Sync 1 DAGs
[2021-11-15 07:32:46,651] {logging_mixin.py:109} INFO - [2021-11-15 07:32:46,651] {dag.py:2921} INFO - Setting next_dagrun for example_kubernetes_executor to None
[2021-11-15 07:32:46,660] {processor.py:171} INFO - Processing /home/airflow/.local/lib/python3.7/site-packages/airflow/example_dags/example_kubernetes_executor.py took 0.077 seconds
[2021-11-15 07:33:17,020] {processor.py:163} INFO - Started process (PID=944) to work on /home/airflow/.local/lib/python3.7/site-packages/airflow/example_dags/example_kubernetes_executor.py
[2021-11-15 07:33:17,021] {processor.py:620} INFO - Processing file /home/airflow/.local/lib/python3.7/site-packages/airflow/example_dags/example_kubernetes_executor.py for tasks to queue
[2021-11-15 07:33:17,022] {logging_mixin.py:109} INFO - [2021-11-15 07:33:17,022] {dagbag.py:500} INFO - Filling up the DagBag from /home/airflow/.local/lib/python3.7/site-packages/airflow/example_dags/example_kubernetes_executor.py
[2021-11-15 07:33:17,045] {processor.py:632} INFO - DAG(s) dict_keys(['example_kubernetes_executor']) retrieved from /home/airflow/.local/lib/python3.7/site-packages/airflow/example_dags/example_kubernetes_executor.py
[2021-11-15 07:33:17,054] {logging_mixin.py:109} INFO - [2021-11-15 07:33:17,054] {dag.py:2389} INFO - Sync 1 DAGs
[2021-11-15 07:33:17,069] {logging_mixin.py:109} INFO - [2021-11-15 07:33:17,069] {dag.py:2921} INFO - Setting next_dagrun for example_kubernetes_executor to None
[2021-11-15 07:33:17,079] {processor.py:171} INFO - Processing /home/airflow/.local/lib/python3.7/site-packages/airflow/example_dags/example_kubernetes_executor.py took 0.062 seconds
[2021-11-15 07:33:47,541] {processor.py:163} INFO - Started process (PID=993) to work on /home/airflow/.local/lib/python3.7/site-packages/airflow/example_dags/example_kubernetes_executor.py
[2021-11-15 07:33:47,543] {processor.py:620} INFO - Processing file /home/airflow/.local/lib/python3.7/site-packages/airflow/example_dags/example_kubernetes_executor.py for tasks to queue
[2021-11-15 07:33:47,544] {logging_mixin.py:109} INFO - [2021-11-15 07:33:47,544] {dagbag.py:500} INFO - Filling up the DagBag from /home/airflow/.local/lib/python3.7/site-packages/airflow/example_dags/example_kubernetes_executor.py
[2021-11-15 07:33:47,577] {processor.py:632} INFO - DAG(s) dict_keys(['example_kubernetes_executor']) retrieved from /home/airflow/.local/lib/python3.7/site-packages/airflow/example_dags/example_kubernetes_executor.py
[2021-11-15 07:33:47,587] {logging_mixin.py:109} INFO - [2021-11-15 07:33:47,587] {dag.py:2389} INFO - Sync 1 DAGs
[2021-11-15 07:33:47,603] {logging_mixin.py:109} INFO - [2021-11-15 07:33:47,603] {dag.py:2921} INFO - Setting next_dagrun for example_kubernetes_executor to None
[2021-11-15 07:33:47,618] {processor.py:171} INFO - Processing /home/airflow/.local/lib/python3.7/site-packages/airflow/example_dags/example_kubernetes_executor.py took 0.083 seconds
[2021-11-15 07:34:18,079] {processor.py:163} INFO - Started process (PID=1042) to work on /home/airflow/.local/lib/python3.7/site-packages/airflow/example_dags/example_kubernetes_executor.py
[2021-11-15 07:34:18,080] {processor.py:620} INFO - Processing file /home/airflow/.local/lib/python3.7/site-packages/airflow/example_dags/example_kubernetes_executor.py for tasks to queue
[2021-11-15 07:34:18,081] {logging_mixin.py:109} INFO - [2021-11-15 07:34:18,081] {dagbag.py:500} INFO - Filling up the DagBag from /home/airflow/.local/lib/python3.7/site-packages/airflow/example_dags/example_kubernetes_executor.py
[2021-11-15 07:34:18,107] {processor.py:632} INFO - DAG(s) dict_keys(['example_kubernetes_executor']) retrieved from /home/airflow/.local/lib/python3.7/site-packages/airflow/example_dags/example_kubernetes_executor.py
[2021-11-15 07:34:18,121] {logging_mixin.py:109} INFO - [2021-11-15 07:34:18,121] {dag.py:2389} INFO - Sync 1 DAGs
[2021-11-15 07:34:18,142] {logging_mixin.py:109} INFO - [2021-11-15 07:34:18,142] {dag.py:2921} INFO - Setting next_dagrun for example_kubernetes_executor to None
[2021-11-15 07:34:18,151] {processor.py:171} INFO - Processing /home/airflow/.local/lib/python3.7/site-packages/airflow/example_dags/example_kubernetes_executor.py took 0.075 seconds
[2021-11-15 07:34:48,585] {processor.py:163} INFO - Started process (PID=1101) to work on /home/airflow/.local/lib/python3.7/site-packages/airflow/example_dags/example_kubernetes_executor.py
[2021-11-15 07:34:48,586] {processor.py:620} INFO - Processing file /home/airflow/.local/lib/python3.7/site-packages/airflow/example_dags/example_kubernetes_executor.py for tasks to queue
[2021-11-15 07:34:48,587] {logging_mixin.py:109} INFO - [2021-11-15 07:34:48,587] {dagbag.py:500} INFO - Filling up the DagBag from /home/airflow/.local/lib/python3.7/site-packages/airflow/example_dags/example_kubernetes_executor.py
[2021-11-15 07:34:48,622] {processor.py:632} INFO - DAG(s) dict_keys(['example_kubernetes_executor']) retrieved from /home/airflow/.local/lib/python3.7/site-packages/airflow/example_dags/example_kubernetes_executor.py
[2021-11-15 07:34:48,635] {logging_mixin.py:109} INFO - [2021-11-15 07:34:48,635] {dag.py:2389} INFO - Sync 1 DAGs
[2021-11-15 07:34:48,659] {logging_mixin.py:109} INFO - [2021-11-15 07:34:48,659] {dag.py:2921} INFO - Setting next_dagrun for example_kubernetes_executor to None
[2021-11-15 07:34:48,671] {processor.py:171} INFO - Processing /home/airflow/.local/lib/python3.7/site-packages/airflow/example_dags/example_kubernetes_executor.py took 0.090 seconds
[2021-11-15 07:35:19,148] {processor.py:163} INFO - Started process (PID=1150) to work on /home/airflow/.local/lib/python3.7/site-packages/airflow/example_dags/example_kubernetes_executor.py
[2021-11-15 07:35:19,149] {processor.py:620} INFO - Processing file /home/airflow/.local/lib/python3.7/site-packages/airflow/example_dags/example_kubernetes_executor.py for tasks to queue
[2021-11-15 07:35:19,150] {logging_mixin.py:109} INFO - [2021-11-15 07:35:19,150] {dagbag.py:500} INFO - Filling up the DagBag from /home/airflow/.local/lib/python3.7/site-packages/airflow/example_dags/example_kubernetes_executor.py
[2021-11-15 07:35:19,172] {processor.py:632} INFO - DAG(s) dict_keys(['example_kubernetes_executor']) retrieved from /home/airflow/.local/lib/python3.7/site-packages/airflow/example_dags/example_kubernetes_executor.py
[2021-11-15 07:35:19,181] {logging_mixin.py:109} INFO - [2021-11-15 07:35:19,181] {dag.py:2389} INFO - Sync 1 DAGs
[2021-11-15 07:35:19,196] {logging_mixin.py:109} INFO - [2021-11-15 07:35:19,196] {dag.py:2921} INFO - Setting next_dagrun for example_kubernetes_executor to None
[2021-11-15 07:35:19,205] {processor.py:171} INFO - Processing /home/airflow/.local/lib/python3.7/site-packages/airflow/example_dags/example_kubernetes_executor.py took 0.059 seconds
[2021-11-15 07:35:49,576] {processor.py:163} INFO - Started process (PID=1207) to work on /home/airflow/.local/lib/python3.7/site-packages/airflow/example_dags/example_kubernetes_executor.py
[2021-11-15 07:35:49,578] {processor.py:620} INFO - Processing file /home/airflow/.local/lib/python3.7/site-packages/airflow/example_dags/example_kubernetes_executor.py for tasks to queue
[2021-11-15 07:35:49,579] {logging_mixin.py:109} INFO - [2021-11-15 07:35:49,578] {dagbag.py:500} INFO - Filling up the DagBag from /home/airflow/.local/lib/python3.7/site-packages/airflow/example_dags/example_kubernetes_executor.py
[2021-11-15 07:35:49,607] {processor.py:632} INFO - DAG(s) dict_keys(['example_kubernetes_executor']) retrieved from /home/airflow/.local/lib/python3.7/site-packages/airflow/example_dags/example_kubernetes_executor.py
[2021-11-15 07:35:49,619] {logging_mixin.py:109} INFO - [2021-11-15 07:35:49,619] {dag.py:2389} INFO - Sync 1 DAGs
[2021-11-15 07:35:49,640] {logging_mixin.py:109} INFO - [2021-11-15 07:35:49,640] {dag.py:2921} INFO - Setting next_dagrun for example_kubernetes_executor to None
[2021-11-15 07:35:49,648] {processor.py:171} INFO - Processing /home/airflow/.local/lib/python3.7/site-packages/airflow/example_dags/example_kubernetes_executor.py took 0.075 seconds
[2021-11-15 07:36:20,221] {processor.py:163} INFO - Started process (PID=1257) to work on /home/airflow/.local/lib/python3.7/site-packages/airflow/example_dags/example_kubernetes_executor.py
[2021-11-15 07:36:20,223] {processor.py:620} INFO - Processing file /home/airflow/.local/lib/python3.7/site-packages/airflow/example_dags/example_kubernetes_executor.py for tasks to queue
[2021-11-15 07:36:20,224] {logging_mixin.py:109} INFO - [2021-11-15 07:36:20,224] {dagbag.py:500} INFO - Filling up the DagBag from /home/airflow/.local/lib/python3.7/site-packages/airflow/example_dags/example_kubernetes_executor.py
[2021-11-15 07:36:20,257] {processor.py:632} INFO - DAG(s) dict_keys(['example_kubernetes_executor']) retrieved from /home/airflow/.local/lib/python3.7/site-packages/airflow/example_dags/example_kubernetes_executor.py
[2021-11-15 07:36:20,273] {logging_mixin.py:109} INFO - [2021-11-15 07:36:20,272] {dag.py:2389} INFO - Sync 1 DAGs
[2021-11-15 07:36:20,297] {logging_mixin.py:109} INFO - [2021-11-15 07:36:20,297] {dag.py:2921} INFO - Setting next_dagrun for example_kubernetes_executor to None
[2021-11-15 07:36:20,308] {processor.py:171} INFO - Processing /home/airflow/.local/lib/python3.7/site-packages/airflow/example_dags/example_kubernetes_executor.py took 0.092 seconds
[2021-11-15 07:36:50,629] {processor.py:163} INFO - Started process (PID=1314) to work on /home/airflow/.local/lib/python3.7/site-packages/airflow/example_dags/example_kubernetes_executor.py
[2021-11-15 07:36:50,630] {processor.py:620} INFO - Processing file /home/airflow/.local/lib/python3.7/site-packages/airflow/example_dags/example_kubernetes_executor.py for tasks to queue
[2021-11-15 07:36:50,630] {logging_mixin.py:109} INFO - [2021-11-15 07:36:50,630] {dagbag.py:500} INFO - Filling up the DagBag from /home/airflow/.local/lib/python3.7/site-packages/airflow/example_dags/example_kubernetes_executor.py
[2021-11-15 07:36:50,653] {processor.py:632} INFO - DAG(s) dict_keys(['example_kubernetes_executor']) retrieved from /home/airflow/.local/lib/python3.7/site-packages/airflow/example_dags/example_kubernetes_executor.py
[2021-11-15 07:36:50,662] {logging_mixin.py:109} INFO - [2021-11-15 07:36:50,662] {dag.py:2389} INFO - Sync 1 DAGs
[2021-11-15 07:36:50,677] {logging_mixin.py:109} INFO - [2021-11-15 07:36:50,677] {dag.py:2921} INFO - Setting next_dagrun for example_kubernetes_executor to None
[2021-11-15 07:36:50,686] {processor.py:171} INFO - Processing /home/airflow/.local/lib/python3.7/site-packages/airflow/example_dags/example_kubernetes_executor.py took 0.059 seconds
[2021-11-15 07:37:21,057] {processor.py:163} INFO - Started process (PID=1364) to work on /home/airflow/.local/lib/python3.7/site-packages/airflow/example_dags/example_kubernetes_executor.py
[2021-11-15 07:37:21,058] {processor.py:620} INFO - Processing file /home/airflow/.local/lib/python3.7/site-packages/airflow/example_dags/example_kubernetes_executor.py for tasks to queue
[2021-11-15 07:37:21,059] {logging_mixin.py:109} INFO - [2021-11-15 07:37:21,059] {dagbag.py:500} INFO - Filling up the DagBag from /home/airflow/.local/lib/python3.7/site-packages/airflow/example_dags/example_kubernetes_executor.py
[2021-11-15 07:37:21,081] {processor.py:632} INFO - DAG(s) dict_keys(['example_kubernetes_executor']) retrieved from /home/airflow/.local/lib/python3.7/site-packages/airflow/example_dags/example_kubernetes_executor.py
[2021-11-15 07:37:21,089] {logging_mixin.py:109} INFO - [2021-11-15 07:37:21,089] {dag.py:2389} INFO - Sync 1 DAGs
[2021-11-15 07:37:21,104] {logging_mixin.py:109} INFO - [2021-11-15 07:37:21,104] {dag.py:2921} INFO - Setting next_dagrun for example_kubernetes_executor to None
[2021-11-15 07:37:21,112] {processor.py:171} INFO - Processing /home/airflow/.local/lib/python3.7/site-packages/airflow/example_dags/example_kubernetes_executor.py took 0.057 seconds
[2021-11-15 07:37:51,396] {processor.py:163} INFO - Started process (PID=1422) to work on /home/airflow/.local/lib/python3.7/site-packages/airflow/example_dags/example_kubernetes_executor.py
[2021-11-15 07:37:51,397] {processor.py:620} INFO - Processing file /home/airflow/.local/lib/python3.7/site-packages/airflow/example_dags/example_kubernetes_executor.py for tasks to queue
[2021-11-15 07:37:51,398] {logging_mixin.py:109} INFO - [2021-11-15 07:37:51,397] {dagbag.py:500} INFO - Filling up the DagBag from /home/airflow/.local/lib/python3.7/site-packages/airflow/example_dags/example_kubernetes_executor.py
[2021-11-15 07:37:51,418] {processor.py:632} INFO - DAG(s) dict_keys(['example_kubernetes_executor']) retrieved from /home/airflow/.local/lib/python3.7/site-packages/airflow/example_dags/example_kubernetes_executor.py
[2021-11-15 07:37:51,426] {logging_mixin.py:109} INFO - [2021-11-15 07:37:51,426] {dag.py:2389} INFO - Sync 1 DAGs
[2021-11-15 07:37:51,439] {logging_mixin.py:109} INFO - [2021-11-15 07:37:51,439] {dag.py:2921} INFO - Setting next_dagrun for example_kubernetes_executor to None
[2021-11-15 07:37:51,447] {processor.py:171} INFO - Processing /home/airflow/.local/lib/python3.7/site-packages/airflow/example_dags/example_kubernetes_executor.py took 0.053 seconds
