[2021-11-15 07:27:31,100] {processor.py:163} INFO - Started process (PID=262) to work on /home/airflow/.local/lib/python3.7/site-packages/airflow/example_dags/example_trigger_target_dag.py
[2021-11-15 07:27:31,101] {processor.py:620} INFO - Processing file /home/airflow/.local/lib/python3.7/site-packages/airflow/example_dags/example_trigger_target_dag.py for tasks to queue
[2021-11-15 07:27:31,102] {logging_mixin.py:109} INFO - [2021-11-15 07:27:31,102] {dagbag.py:500} INFO - Filling up the DagBag from /home/airflow/.local/lib/python3.7/site-packages/airflow/example_dags/example_trigger_target_dag.py
[2021-11-15 07:27:31,133] {processor.py:632} INFO - DAG(s) dict_keys(['example_trigger_target_dag']) retrieved from /home/airflow/.local/lib/python3.7/site-packages/airflow/example_dags/example_trigger_target_dag.py
[2021-11-15 07:27:33,232] {logging_mixin.py:109} INFO - [2021-11-15 07:27:33,232] {providers_manager.py:156} WARNING - Exception when importing 'airflow.providers.google.leveldb.hooks.leveldb.LevelDBHook' from 'apache-airflow-providers-google' package: No module named 'plyvel'
[2021-11-15 07:27:33,715] {logging_mixin.py:109} INFO - [2021-11-15 07:27:33,715] {providers_manager.py:156} WARNING - Exception when importing 'airflow.providers.google.leveldb.hooks.leveldb.LevelDBHook' from 'apache-airflow-providers-google' package: No module named 'plyvel'
[2021-11-15 07:27:33,735] {logging_mixin.py:109} INFO - [2021-11-15 07:27:33,735] {manager.py:496} INFO - Created Permission View: can edit on DAG:example_trigger_target_dag
[2021-11-15 07:27:33,743] {logging_mixin.py:109} INFO - [2021-11-15 07:27:33,743] {manager.py:496} INFO - Created Permission View: can read on DAG:example_trigger_target_dag
[2021-11-15 07:27:33,743] {logging_mixin.py:109} INFO - [2021-11-15 07:27:33,743] {dag.py:2389} INFO - Sync 1 DAGs
[2021-11-15 07:27:33,751] {logging_mixin.py:109} INFO - [2021-11-15 07:27:33,750] {dag.py:2408} INFO - Creating ORM DAG for example_trigger_target_dag
[2021-11-15 07:27:33,760] {logging_mixin.py:109} INFO - [2021-11-15 07:27:33,760] {dag.py:2921} INFO - Setting next_dagrun for example_trigger_target_dag to None
[2021-11-15 07:27:33,777] {processor.py:171} INFO - Processing /home/airflow/.local/lib/python3.7/site-packages/airflow/example_dags/example_trigger_target_dag.py took 2.680 seconds
[2021-11-15 07:28:04,211] {processor.py:163} INFO - Started process (PID=385) to work on /home/airflow/.local/lib/python3.7/site-packages/airflow/example_dags/example_trigger_target_dag.py
[2021-11-15 07:28:04,212] {processor.py:620} INFO - Processing file /home/airflow/.local/lib/python3.7/site-packages/airflow/example_dags/example_trigger_target_dag.py for tasks to queue
[2021-11-15 07:28:04,213] {logging_mixin.py:109} INFO - [2021-11-15 07:28:04,212] {dagbag.py:500} INFO - Filling up the DagBag from /home/airflow/.local/lib/python3.7/site-packages/airflow/example_dags/example_trigger_target_dag.py
[2021-11-15 07:28:04,245] {processor.py:632} INFO - DAG(s) dict_keys(['example_trigger_target_dag']) retrieved from /home/airflow/.local/lib/python3.7/site-packages/airflow/example_dags/example_trigger_target_dag.py
[2021-11-15 07:28:04,254] {logging_mixin.py:109} INFO - [2021-11-15 07:28:04,254] {dag.py:2389} INFO - Sync 1 DAGs
[2021-11-15 07:28:04,270] {logging_mixin.py:109} INFO - [2021-11-15 07:28:04,270] {dag.py:2921} INFO - Setting next_dagrun for example_trigger_target_dag to None
[2021-11-15 07:28:04,280] {processor.py:171} INFO - Processing /home/airflow/.local/lib/python3.7/site-packages/airflow/example_dags/example_trigger_target_dag.py took 0.072 seconds
[2021-11-15 07:28:34,637] {processor.py:163} INFO - Started process (PID=443) to work on /home/airflow/.local/lib/python3.7/site-packages/airflow/example_dags/example_trigger_target_dag.py
[2021-11-15 07:28:34,639] {processor.py:620} INFO - Processing file /home/airflow/.local/lib/python3.7/site-packages/airflow/example_dags/example_trigger_target_dag.py for tasks to queue
[2021-11-15 07:28:34,640] {logging_mixin.py:109} INFO - [2021-11-15 07:28:34,640] {dagbag.py:500} INFO - Filling up the DagBag from /home/airflow/.local/lib/python3.7/site-packages/airflow/example_dags/example_trigger_target_dag.py
[2021-11-15 07:28:34,677] {processor.py:632} INFO - DAG(s) dict_keys(['example_trigger_target_dag']) retrieved from /home/airflow/.local/lib/python3.7/site-packages/airflow/example_dags/example_trigger_target_dag.py
[2021-11-15 07:28:34,686] {logging_mixin.py:109} INFO - [2021-11-15 07:28:34,686] {dag.py:2389} INFO - Sync 1 DAGs
[2021-11-15 07:28:34,703] {logging_mixin.py:109} INFO - [2021-11-15 07:28:34,703] {dag.py:2921} INFO - Setting next_dagrun for example_trigger_target_dag to None
[2021-11-15 07:28:34,713] {processor.py:171} INFO - Processing /home/airflow/.local/lib/python3.7/site-packages/airflow/example_dags/example_trigger_target_dag.py took 0.080 seconds
[2021-11-15 07:29:04,829] {processor.py:163} INFO - Started process (PID=493) to work on /home/airflow/.local/lib/python3.7/site-packages/airflow/example_dags/example_trigger_target_dag.py
[2021-11-15 07:29:04,830] {processor.py:620} INFO - Processing file /home/airflow/.local/lib/python3.7/site-packages/airflow/example_dags/example_trigger_target_dag.py for tasks to queue
[2021-11-15 07:29:04,830] {logging_mixin.py:109} INFO - [2021-11-15 07:29:04,830] {dagbag.py:500} INFO - Filling up the DagBag from /home/airflow/.local/lib/python3.7/site-packages/airflow/example_dags/example_trigger_target_dag.py
[2021-11-15 07:29:04,860] {processor.py:632} INFO - DAG(s) dict_keys(['example_trigger_target_dag']) retrieved from /home/airflow/.local/lib/python3.7/site-packages/airflow/example_dags/example_trigger_target_dag.py
[2021-11-15 07:29:04,868] {logging_mixin.py:109} INFO - [2021-11-15 07:29:04,868] {dag.py:2389} INFO - Sync 1 DAGs
[2021-11-15 07:29:04,884] {logging_mixin.py:109} INFO - [2021-11-15 07:29:04,884] {dag.py:2921} INFO - Setting next_dagrun for example_trigger_target_dag to None
[2021-11-15 07:29:04,893] {processor.py:171} INFO - Processing /home/airflow/.local/lib/python3.7/site-packages/airflow/example_dags/example_trigger_target_dag.py took 0.067 seconds
[2021-11-15 07:29:35,013] {processor.py:163} INFO - Started process (PID=542) to work on /home/airflow/.local/lib/python3.7/site-packages/airflow/example_dags/example_trigger_target_dag.py
[2021-11-15 07:29:35,013] {processor.py:620} INFO - Processing file /home/airflow/.local/lib/python3.7/site-packages/airflow/example_dags/example_trigger_target_dag.py for tasks to queue
[2021-11-15 07:29:35,014] {logging_mixin.py:109} INFO - [2021-11-15 07:29:35,014] {dagbag.py:500} INFO - Filling up the DagBag from /home/airflow/.local/lib/python3.7/site-packages/airflow/example_dags/example_trigger_target_dag.py
[2021-11-15 07:29:35,035] {processor.py:632} INFO - DAG(s) dict_keys(['example_trigger_target_dag']) retrieved from /home/airflow/.local/lib/python3.7/site-packages/airflow/example_dags/example_trigger_target_dag.py
[2021-11-15 07:29:35,043] {logging_mixin.py:109} INFO - [2021-11-15 07:29:35,043] {dag.py:2389} INFO - Sync 1 DAGs
[2021-11-15 07:29:35,055] {logging_mixin.py:109} INFO - [2021-11-15 07:29:35,055] {dag.py:2921} INFO - Setting next_dagrun for example_trigger_target_dag to None
[2021-11-15 07:29:35,063] {processor.py:171} INFO - Processing /home/airflow/.local/lib/python3.7/site-packages/airflow/example_dags/example_trigger_target_dag.py took 0.052 seconds
[2021-11-15 07:30:05,859] {processor.py:163} INFO - Started process (PID=599) to work on /home/airflow/.local/lib/python3.7/site-packages/airflow/example_dags/example_trigger_target_dag.py
[2021-11-15 07:30:05,862] {processor.py:620} INFO - Processing file /home/airflow/.local/lib/python3.7/site-packages/airflow/example_dags/example_trigger_target_dag.py for tasks to queue
[2021-11-15 07:30:05,863] {logging_mixin.py:109} INFO - [2021-11-15 07:30:05,863] {dagbag.py:500} INFO - Filling up the DagBag from /home/airflow/.local/lib/python3.7/site-packages/airflow/example_dags/example_trigger_target_dag.py
[2021-11-15 07:30:05,897] {processor.py:632} INFO - DAG(s) dict_keys(['example_trigger_target_dag']) retrieved from /home/airflow/.local/lib/python3.7/site-packages/airflow/example_dags/example_trigger_target_dag.py
[2021-11-15 07:30:05,907] {logging_mixin.py:109} INFO - [2021-11-15 07:30:05,907] {dag.py:2389} INFO - Sync 1 DAGs
[2021-11-15 07:30:05,923] {logging_mixin.py:109} INFO - [2021-11-15 07:30:05,923] {dag.py:2921} INFO - Setting next_dagrun for example_trigger_target_dag to None
[2021-11-15 07:30:05,933] {processor.py:171} INFO - Processing /home/airflow/.local/lib/python3.7/site-packages/airflow/example_dags/example_trigger_target_dag.py took 0.081 seconds
[2021-11-15 07:30:36,301] {processor.py:163} INFO - Started process (PID=648) to work on /home/airflow/.local/lib/python3.7/site-packages/airflow/example_dags/example_trigger_target_dag.py
[2021-11-15 07:30:36,302] {processor.py:620} INFO - Processing file /home/airflow/.local/lib/python3.7/site-packages/airflow/example_dags/example_trigger_target_dag.py for tasks to queue
[2021-11-15 07:30:36,303] {logging_mixin.py:109} INFO - [2021-11-15 07:30:36,303] {dagbag.py:500} INFO - Filling up the DagBag from /home/airflow/.local/lib/python3.7/site-packages/airflow/example_dags/example_trigger_target_dag.py
[2021-11-15 07:30:36,328] {processor.py:632} INFO - DAG(s) dict_keys(['example_trigger_target_dag']) retrieved from /home/airflow/.local/lib/python3.7/site-packages/airflow/example_dags/example_trigger_target_dag.py
[2021-11-15 07:30:36,339] {logging_mixin.py:109} INFO - [2021-11-15 07:30:36,339] {dag.py:2389} INFO - Sync 1 DAGs
[2021-11-15 07:30:36,358] {logging_mixin.py:109} INFO - [2021-11-15 07:30:36,358] {dag.py:2921} INFO - Setting next_dagrun for example_trigger_target_dag to None
[2021-11-15 07:30:36,368] {processor.py:171} INFO - Processing /home/airflow/.local/lib/python3.7/site-packages/airflow/example_dags/example_trigger_target_dag.py took 0.069 seconds
[2021-11-15 07:31:06,721] {processor.py:163} INFO - Started process (PID=706) to work on /home/airflow/.local/lib/python3.7/site-packages/airflow/example_dags/example_trigger_target_dag.py
[2021-11-15 07:31:06,722] {processor.py:620} INFO - Processing file /home/airflow/.local/lib/python3.7/site-packages/airflow/example_dags/example_trigger_target_dag.py for tasks to queue
[2021-11-15 07:31:06,722] {logging_mixin.py:109} INFO - [2021-11-15 07:31:06,722] {dagbag.py:500} INFO - Filling up the DagBag from /home/airflow/.local/lib/python3.7/site-packages/airflow/example_dags/example_trigger_target_dag.py
[2021-11-15 07:31:06,747] {processor.py:632} INFO - DAG(s) dict_keys(['example_trigger_target_dag']) retrieved from /home/airflow/.local/lib/python3.7/site-packages/airflow/example_dags/example_trigger_target_dag.py
[2021-11-15 07:31:06,755] {logging_mixin.py:109} INFO - [2021-11-15 07:31:06,755] {dag.py:2389} INFO - Sync 1 DAGs
[2021-11-15 07:31:06,769] {logging_mixin.py:109} INFO - [2021-11-15 07:31:06,769] {dag.py:2921} INFO - Setting next_dagrun for example_trigger_target_dag to None
[2021-11-15 07:31:06,777] {processor.py:171} INFO - Processing /home/airflow/.local/lib/python3.7/site-packages/airflow/example_dags/example_trigger_target_dag.py took 0.059 seconds
[2021-11-15 07:31:37,291] {processor.py:163} INFO - Started process (PID=756) to work on /home/airflow/.local/lib/python3.7/site-packages/airflow/example_dags/example_trigger_target_dag.py
[2021-11-15 07:31:37,293] {processor.py:620} INFO - Processing file /home/airflow/.local/lib/python3.7/site-packages/airflow/example_dags/example_trigger_target_dag.py for tasks to queue
[2021-11-15 07:31:37,293] {logging_mixin.py:109} INFO - [2021-11-15 07:31:37,293] {dagbag.py:500} INFO - Filling up the DagBag from /home/airflow/.local/lib/python3.7/site-packages/airflow/example_dags/example_trigger_target_dag.py
[2021-11-15 07:31:37,315] {processor.py:632} INFO - DAG(s) dict_keys(['example_trigger_target_dag']) retrieved from /home/airflow/.local/lib/python3.7/site-packages/airflow/example_dags/example_trigger_target_dag.py
[2021-11-15 07:31:37,324] {logging_mixin.py:109} INFO - [2021-11-15 07:31:37,324] {dag.py:2389} INFO - Sync 1 DAGs
[2021-11-15 07:31:37,343] {logging_mixin.py:109} INFO - [2021-11-15 07:31:37,342] {dag.py:2921} INFO - Setting next_dagrun for example_trigger_target_dag to None
[2021-11-15 07:31:37,353] {processor.py:171} INFO - Processing /home/airflow/.local/lib/python3.7/site-packages/airflow/example_dags/example_trigger_target_dag.py took 0.063 seconds
[2021-11-15 07:32:07,528] {processor.py:163} INFO - Started process (PID=814) to work on /home/airflow/.local/lib/python3.7/site-packages/airflow/example_dags/example_trigger_target_dag.py
[2021-11-15 07:32:07,529] {processor.py:620} INFO - Processing file /home/airflow/.local/lib/python3.7/site-packages/airflow/example_dags/example_trigger_target_dag.py for tasks to queue
[2021-11-15 07:32:07,529] {logging_mixin.py:109} INFO - [2021-11-15 07:32:07,529] {dagbag.py:500} INFO - Filling up the DagBag from /home/airflow/.local/lib/python3.7/site-packages/airflow/example_dags/example_trigger_target_dag.py
[2021-11-15 07:32:07,553] {processor.py:632} INFO - DAG(s) dict_keys(['example_trigger_target_dag']) retrieved from /home/airflow/.local/lib/python3.7/site-packages/airflow/example_dags/example_trigger_target_dag.py
[2021-11-15 07:32:07,564] {logging_mixin.py:109} INFO - [2021-11-15 07:32:07,563] {dag.py:2389} INFO - Sync 1 DAGs
[2021-11-15 07:32:07,583] {logging_mixin.py:109} INFO - [2021-11-15 07:32:07,582] {dag.py:2921} INFO - Setting next_dagrun for example_trigger_target_dag to None
[2021-11-15 07:32:07,592] {processor.py:171} INFO - Processing /home/airflow/.local/lib/python3.7/site-packages/airflow/example_dags/example_trigger_target_dag.py took 0.067 seconds
[2021-11-15 07:32:38,036] {processor.py:163} INFO - Started process (PID=863) to work on /home/airflow/.local/lib/python3.7/site-packages/airflow/example_dags/example_trigger_target_dag.py
[2021-11-15 07:32:38,037] {processor.py:620} INFO - Processing file /home/airflow/.local/lib/python3.7/site-packages/airflow/example_dags/example_trigger_target_dag.py for tasks to queue
[2021-11-15 07:32:38,038] {logging_mixin.py:109} INFO - [2021-11-15 07:32:38,038] {dagbag.py:500} INFO - Filling up the DagBag from /home/airflow/.local/lib/python3.7/site-packages/airflow/example_dags/example_trigger_target_dag.py
[2021-11-15 07:32:38,060] {processor.py:632} INFO - DAG(s) dict_keys(['example_trigger_target_dag']) retrieved from /home/airflow/.local/lib/python3.7/site-packages/airflow/example_dags/example_trigger_target_dag.py
[2021-11-15 07:32:38,068] {logging_mixin.py:109} INFO - [2021-11-15 07:32:38,068] {dag.py:2389} INFO - Sync 1 DAGs
[2021-11-15 07:32:38,083] {logging_mixin.py:109} INFO - [2021-11-15 07:32:38,083] {dag.py:2921} INFO - Setting next_dagrun for example_trigger_target_dag to None
[2021-11-15 07:32:38,091] {processor.py:171} INFO - Processing /home/airflow/.local/lib/python3.7/site-packages/airflow/example_dags/example_trigger_target_dag.py took 0.057 seconds
[2021-11-15 07:33:08,571] {processor.py:163} INFO - Started process (PID=922) to work on /home/airflow/.local/lib/python3.7/site-packages/airflow/example_dags/example_trigger_target_dag.py
[2021-11-15 07:33:08,572] {processor.py:620} INFO - Processing file /home/airflow/.local/lib/python3.7/site-packages/airflow/example_dags/example_trigger_target_dag.py for tasks to queue
[2021-11-15 07:33:08,573] {logging_mixin.py:109} INFO - [2021-11-15 07:33:08,573] {dagbag.py:500} INFO - Filling up the DagBag from /home/airflow/.local/lib/python3.7/site-packages/airflow/example_dags/example_trigger_target_dag.py
[2021-11-15 07:33:08,599] {processor.py:632} INFO - DAG(s) dict_keys(['example_trigger_target_dag']) retrieved from /home/airflow/.local/lib/python3.7/site-packages/airflow/example_dags/example_trigger_target_dag.py
[2021-11-15 07:33:08,609] {logging_mixin.py:109} INFO - [2021-11-15 07:33:08,608] {dag.py:2389} INFO - Sync 1 DAGs
[2021-11-15 07:33:08,624] {logging_mixin.py:109} INFO - [2021-11-15 07:33:08,624] {dag.py:2921} INFO - Setting next_dagrun for example_trigger_target_dag to None
[2021-11-15 07:33:08,633] {processor.py:171} INFO - Processing /home/airflow/.local/lib/python3.7/site-packages/airflow/example_dags/example_trigger_target_dag.py took 0.065 seconds
[2021-11-15 07:33:39,023] {processor.py:163} INFO - Started process (PID=972) to work on /home/airflow/.local/lib/python3.7/site-packages/airflow/example_dags/example_trigger_target_dag.py
[2021-11-15 07:33:39,025] {processor.py:620} INFO - Processing file /home/airflow/.local/lib/python3.7/site-packages/airflow/example_dags/example_trigger_target_dag.py for tasks to queue
[2021-11-15 07:33:39,026] {logging_mixin.py:109} INFO - [2021-11-15 07:33:39,026] {dagbag.py:500} INFO - Filling up the DagBag from /home/airflow/.local/lib/python3.7/site-packages/airflow/example_dags/example_trigger_target_dag.py
[2021-11-15 07:33:39,056] {processor.py:632} INFO - DAG(s) dict_keys(['example_trigger_target_dag']) retrieved from /home/airflow/.local/lib/python3.7/site-packages/airflow/example_dags/example_trigger_target_dag.py
[2021-11-15 07:33:39,066] {logging_mixin.py:109} INFO - [2021-11-15 07:33:39,066] {dag.py:2389} INFO - Sync 1 DAGs
[2021-11-15 07:33:39,083] {logging_mixin.py:109} INFO - [2021-11-15 07:33:39,083] {dag.py:2921} INFO - Setting next_dagrun for example_trigger_target_dag to None
[2021-11-15 07:33:39,092] {processor.py:171} INFO - Processing /home/airflow/.local/lib/python3.7/site-packages/airflow/example_dags/example_trigger_target_dag.py took 0.075 seconds
[2021-11-15 07:34:09,544] {processor.py:163} INFO - Started process (PID=1029) to work on /home/airflow/.local/lib/python3.7/site-packages/airflow/example_dags/example_trigger_target_dag.py
[2021-11-15 07:34:09,546] {processor.py:620} INFO - Processing file /home/airflow/.local/lib/python3.7/site-packages/airflow/example_dags/example_trigger_target_dag.py for tasks to queue
[2021-11-15 07:34:09,546] {logging_mixin.py:109} INFO - [2021-11-15 07:34:09,546] {dagbag.py:500} INFO - Filling up the DagBag from /home/airflow/.local/lib/python3.7/site-packages/airflow/example_dags/example_trigger_target_dag.py
[2021-11-15 07:34:09,596] {processor.py:632} INFO - DAG(s) dict_keys(['example_trigger_target_dag']) retrieved from /home/airflow/.local/lib/python3.7/site-packages/airflow/example_dags/example_trigger_target_dag.py
[2021-11-15 07:34:09,606] {logging_mixin.py:109} INFO - [2021-11-15 07:34:09,605] {dag.py:2389} INFO - Sync 1 DAGs
[2021-11-15 07:34:09,627] {logging_mixin.py:109} INFO - [2021-11-15 07:34:09,627] {dag.py:2921} INFO - Setting next_dagrun for example_trigger_target_dag to None
[2021-11-15 07:34:09,638] {processor.py:171} INFO - Processing /home/airflow/.local/lib/python3.7/site-packages/airflow/example_dags/example_trigger_target_dag.py took 0.098 seconds
[2021-11-15 07:34:40,027] {processor.py:163} INFO - Started process (PID=1080) to work on /home/airflow/.local/lib/python3.7/site-packages/airflow/example_dags/example_trigger_target_dag.py
[2021-11-15 07:34:40,029] {processor.py:620} INFO - Processing file /home/airflow/.local/lib/python3.7/site-packages/airflow/example_dags/example_trigger_target_dag.py for tasks to queue
[2021-11-15 07:34:40,030] {logging_mixin.py:109} INFO - [2021-11-15 07:34:40,030] {dagbag.py:500} INFO - Filling up the DagBag from /home/airflow/.local/lib/python3.7/site-packages/airflow/example_dags/example_trigger_target_dag.py
[2021-11-15 07:34:40,062] {processor.py:632} INFO - DAG(s) dict_keys(['example_trigger_target_dag']) retrieved from /home/airflow/.local/lib/python3.7/site-packages/airflow/example_dags/example_trigger_target_dag.py
[2021-11-15 07:34:40,071] {logging_mixin.py:109} INFO - [2021-11-15 07:34:40,071] {dag.py:2389} INFO - Sync 1 DAGs
[2021-11-15 07:34:40,086] {logging_mixin.py:109} INFO - [2021-11-15 07:34:40,086] {dag.py:2921} INFO - Setting next_dagrun for example_trigger_target_dag to None
[2021-11-15 07:34:40,095] {processor.py:171} INFO - Processing /home/airflow/.local/lib/python3.7/site-packages/airflow/example_dags/example_trigger_target_dag.py took 0.074 seconds
[2021-11-15 07:35:10,580] {processor.py:163} INFO - Started process (PID=1137) to work on /home/airflow/.local/lib/python3.7/site-packages/airflow/example_dags/example_trigger_target_dag.py
[2021-11-15 07:35:10,582] {processor.py:620} INFO - Processing file /home/airflow/.local/lib/python3.7/site-packages/airflow/example_dags/example_trigger_target_dag.py for tasks to queue
[2021-11-15 07:35:10,582] {logging_mixin.py:109} INFO - [2021-11-15 07:35:10,582] {dagbag.py:500} INFO - Filling up the DagBag from /home/airflow/.local/lib/python3.7/site-packages/airflow/example_dags/example_trigger_target_dag.py
[2021-11-15 07:35:10,616] {processor.py:632} INFO - DAG(s) dict_keys(['example_trigger_target_dag']) retrieved from /home/airflow/.local/lib/python3.7/site-packages/airflow/example_dags/example_trigger_target_dag.py
[2021-11-15 07:35:10,627] {logging_mixin.py:109} INFO - [2021-11-15 07:35:10,627] {dag.py:2389} INFO - Sync 1 DAGs
[2021-11-15 07:35:10,647] {logging_mixin.py:109} INFO - [2021-11-15 07:35:10,647] {dag.py:2921} INFO - Setting next_dagrun for example_trigger_target_dag to None
[2021-11-15 07:35:10,658] {processor.py:171} INFO - Processing /home/airflow/.local/lib/python3.7/site-packages/airflow/example_dags/example_trigger_target_dag.py took 0.082 seconds
[2021-11-15 07:35:41,051] {processor.py:163} INFO - Started process (PID=1186) to work on /home/airflow/.local/lib/python3.7/site-packages/airflow/example_dags/example_trigger_target_dag.py
[2021-11-15 07:35:41,054] {processor.py:620} INFO - Processing file /home/airflow/.local/lib/python3.7/site-packages/airflow/example_dags/example_trigger_target_dag.py for tasks to queue
[2021-11-15 07:35:41,055] {logging_mixin.py:109} INFO - [2021-11-15 07:35:41,055] {dagbag.py:500} INFO - Filling up the DagBag from /home/airflow/.local/lib/python3.7/site-packages/airflow/example_dags/example_trigger_target_dag.py
[2021-11-15 07:35:41,088] {processor.py:632} INFO - DAG(s) dict_keys(['example_trigger_target_dag']) retrieved from /home/airflow/.local/lib/python3.7/site-packages/airflow/example_dags/example_trigger_target_dag.py
[2021-11-15 07:35:41,097] {logging_mixin.py:109} INFO - [2021-11-15 07:35:41,097] {dag.py:2389} INFO - Sync 1 DAGs
[2021-11-15 07:35:41,113] {logging_mixin.py:109} INFO - [2021-11-15 07:35:41,113] {dag.py:2921} INFO - Setting next_dagrun for example_trigger_target_dag to None
[2021-11-15 07:35:41,122] {processor.py:171} INFO - Processing /home/airflow/.local/lib/python3.7/site-packages/airflow/example_dags/example_trigger_target_dag.py took 0.080 seconds
[2021-11-15 07:36:11,583] {processor.py:163} INFO - Started process (PID=1244) to work on /home/airflow/.local/lib/python3.7/site-packages/airflow/example_dags/example_trigger_target_dag.py
[2021-11-15 07:36:11,584] {processor.py:620} INFO - Processing file /home/airflow/.local/lib/python3.7/site-packages/airflow/example_dags/example_trigger_target_dag.py for tasks to queue
[2021-11-15 07:36:11,585] {logging_mixin.py:109} INFO - [2021-11-15 07:36:11,585] {dagbag.py:500} INFO - Filling up the DagBag from /home/airflow/.local/lib/python3.7/site-packages/airflow/example_dags/example_trigger_target_dag.py
[2021-11-15 07:36:11,606] {processor.py:632} INFO - DAG(s) dict_keys(['example_trigger_target_dag']) retrieved from /home/airflow/.local/lib/python3.7/site-packages/airflow/example_dags/example_trigger_target_dag.py
[2021-11-15 07:36:11,613] {logging_mixin.py:109} INFO - [2021-11-15 07:36:11,613] {dag.py:2389} INFO - Sync 1 DAGs
[2021-11-15 07:36:11,627] {logging_mixin.py:109} INFO - [2021-11-15 07:36:11,627] {dag.py:2921} INFO - Setting next_dagrun for example_trigger_target_dag to None
[2021-11-15 07:36:11,635] {processor.py:171} INFO - Processing /home/airflow/.local/lib/python3.7/site-packages/airflow/example_dags/example_trigger_target_dag.py took 0.054 seconds
[2021-11-15 07:36:42,177] {processor.py:163} INFO - Started process (PID=1293) to work on /home/airflow/.local/lib/python3.7/site-packages/airflow/example_dags/example_trigger_target_dag.py
[2021-11-15 07:36:42,179] {processor.py:620} INFO - Processing file /home/airflow/.local/lib/python3.7/site-packages/airflow/example_dags/example_trigger_target_dag.py for tasks to queue
[2021-11-15 07:36:42,179] {logging_mixin.py:109} INFO - [2021-11-15 07:36:42,179] {dagbag.py:500} INFO - Filling up the DagBag from /home/airflow/.local/lib/python3.7/site-packages/airflow/example_dags/example_trigger_target_dag.py
[2021-11-15 07:36:42,215] {processor.py:632} INFO - DAG(s) dict_keys(['example_trigger_target_dag']) retrieved from /home/airflow/.local/lib/python3.7/site-packages/airflow/example_dags/example_trigger_target_dag.py
[2021-11-15 07:36:42,224] {logging_mixin.py:109} INFO - [2021-11-15 07:36:42,224] {dag.py:2389} INFO - Sync 1 DAGs
[2021-11-15 07:36:42,240] {logging_mixin.py:109} INFO - [2021-11-15 07:36:42,240] {dag.py:2921} INFO - Setting next_dagrun for example_trigger_target_dag to None
[2021-11-15 07:36:42,250] {processor.py:171} INFO - Processing /home/airflow/.local/lib/python3.7/site-packages/airflow/example_dags/example_trigger_target_dag.py took 0.076 seconds
[2021-11-15 07:37:12,461] {processor.py:163} INFO - Started process (PID=1343) to work on /home/airflow/.local/lib/python3.7/site-packages/airflow/example_dags/example_trigger_target_dag.py
[2021-11-15 07:37:12,466] {processor.py:620} INFO - Processing file /home/airflow/.local/lib/python3.7/site-packages/airflow/example_dags/example_trigger_target_dag.py for tasks to queue
[2021-11-15 07:37:12,466] {logging_mixin.py:109} INFO - [2021-11-15 07:37:12,466] {dagbag.py:500} INFO - Filling up the DagBag from /home/airflow/.local/lib/python3.7/site-packages/airflow/example_dags/example_trigger_target_dag.py
[2021-11-15 07:37:12,509] {processor.py:632} INFO - DAG(s) dict_keys(['example_trigger_target_dag']) retrieved from /home/airflow/.local/lib/python3.7/site-packages/airflow/example_dags/example_trigger_target_dag.py
[2021-11-15 07:37:12,519] {logging_mixin.py:109} INFO - [2021-11-15 07:37:12,519] {dag.py:2389} INFO - Sync 1 DAGs
[2021-11-15 07:37:12,539] {logging_mixin.py:109} INFO - [2021-11-15 07:37:12,539] {dag.py:2921} INFO - Setting next_dagrun for example_trigger_target_dag to None
[2021-11-15 07:37:12,549] {processor.py:171} INFO - Processing /home/airflow/.local/lib/python3.7/site-packages/airflow/example_dags/example_trigger_target_dag.py took 0.092 seconds
[2021-11-15 07:37:42,765] {processor.py:163} INFO - Started process (PID=1401) to work on /home/airflow/.local/lib/python3.7/site-packages/airflow/example_dags/example_trigger_target_dag.py
[2021-11-15 07:37:42,766] {processor.py:620} INFO - Processing file /home/airflow/.local/lib/python3.7/site-packages/airflow/example_dags/example_trigger_target_dag.py for tasks to queue
[2021-11-15 07:37:42,767] {logging_mixin.py:109} INFO - [2021-11-15 07:37:42,766] {dagbag.py:500} INFO - Filling up the DagBag from /home/airflow/.local/lib/python3.7/site-packages/airflow/example_dags/example_trigger_target_dag.py
[2021-11-15 07:37:42,795] {processor.py:632} INFO - DAG(s) dict_keys(['example_trigger_target_dag']) retrieved from /home/airflow/.local/lib/python3.7/site-packages/airflow/example_dags/example_trigger_target_dag.py
[2021-11-15 07:37:42,805] {logging_mixin.py:109} INFO - [2021-11-15 07:37:42,805] {dag.py:2389} INFO - Sync 1 DAGs
[2021-11-15 07:37:42,821] {logging_mixin.py:109} INFO - [2021-11-15 07:37:42,821] {dag.py:2921} INFO - Setting next_dagrun for example_trigger_target_dag to None
[2021-11-15 07:37:42,830] {processor.py:171} INFO - Processing /home/airflow/.local/lib/python3.7/site-packages/airflow/example_dags/example_trigger_target_dag.py took 0.069 seconds
[2021-11-15 07:38:13,173] {processor.py:163} INFO - Started process (PID=1451) to work on /home/airflow/.local/lib/python3.7/site-packages/airflow/example_dags/example_trigger_target_dag.py
[2021-11-15 07:38:13,174] {processor.py:620} INFO - Processing file /home/airflow/.local/lib/python3.7/site-packages/airflow/example_dags/example_trigger_target_dag.py for tasks to queue
[2021-11-15 07:38:13,174] {logging_mixin.py:109} INFO - [2021-11-15 07:38:13,174] {dagbag.py:500} INFO - Filling up the DagBag from /home/airflow/.local/lib/python3.7/site-packages/airflow/example_dags/example_trigger_target_dag.py
[2021-11-15 07:38:13,197] {processor.py:632} INFO - DAG(s) dict_keys(['example_trigger_target_dag']) retrieved from /home/airflow/.local/lib/python3.7/site-packages/airflow/example_dags/example_trigger_target_dag.py
[2021-11-15 07:38:13,205] {logging_mixin.py:109} INFO - [2021-11-15 07:38:13,205] {dag.py:2389} INFO - Sync 1 DAGs
[2021-11-15 07:38:13,220] {logging_mixin.py:109} INFO - [2021-11-15 07:38:13,220] {dag.py:2921} INFO - Setting next_dagrun for example_trigger_target_dag to None
[2021-11-15 07:38:13,228] {processor.py:171} INFO - Processing /home/airflow/.local/lib/python3.7/site-packages/airflow/example_dags/example_trigger_target_dag.py took 0.058 seconds
