[2021-11-15 07:27:15,822] {processor.py:163} INFO - Started process (PID=136) to work on /home/airflow/.local/lib/python3.7/site-packages/airflow/example_dags/example_short_circuit_operator.py
[2021-11-15 07:27:15,823] {processor.py:620} INFO - Processing file /home/airflow/.local/lib/python3.7/site-packages/airflow/example_dags/example_short_circuit_operator.py for tasks to queue
[2021-11-15 07:27:15,823] {logging_mixin.py:109} INFO - [2021-11-15 07:27:15,823] {dagbag.py:500} INFO - Filling up the DagBag from /home/airflow/.local/lib/python3.7/site-packages/airflow/example_dags/example_short_circuit_operator.py
[2021-11-15 07:27:15,849] {processor.py:632} INFO - DAG(s) dict_keys(['example_short_circuit_operator']) retrieved from /home/airflow/.local/lib/python3.7/site-packages/airflow/example_dags/example_short_circuit_operator.py
[2021-11-15 07:27:17,862] {logging_mixin.py:109} INFO - [2021-11-15 07:27:17,861] {providers_manager.py:156} WARNING - Exception when importing 'airflow.providers.google.leveldb.hooks.leveldb.LevelDBHook' from 'apache-airflow-providers-google' package: No module named 'plyvel'
[2021-11-15 07:27:18,437] {logging_mixin.py:109} INFO - [2021-11-15 07:27:18,437] {providers_manager.py:156} WARNING - Exception when importing 'airflow.providers.google.leveldb.hooks.leveldb.LevelDBHook' from 'apache-airflow-providers-google' package: No module named 'plyvel'
[2021-11-15 07:27:18,464] {logging_mixin.py:109} INFO - [2021-11-15 07:27:18,464] {manager.py:496} INFO - Created Permission View: can edit on DAG:example_short_circuit_operator
[2021-11-15 07:27:18,476] {logging_mixin.py:109} INFO - [2021-11-15 07:27:18,476] {manager.py:496} INFO - Created Permission View: can read on DAG:example_short_circuit_operator
[2021-11-15 07:27:18,477] {logging_mixin.py:109} INFO - [2021-11-15 07:27:18,477] {dag.py:2389} INFO - Sync 1 DAGs
[2021-11-15 07:27:18,486] {logging_mixin.py:109} INFO - [2021-11-15 07:27:18,485] {dag.py:2408} INFO - Creating ORM DAG for example_short_circuit_operator
[2021-11-15 07:27:18,499] {logging_mixin.py:109} INFO - [2021-11-15 07:27:18,499] {dag.py:2921} INFO - Setting next_dagrun for example_short_circuit_operator to 2021-11-14T07:27:18.499152+00:00
[2021-11-15 07:27:18,515] {processor.py:171} INFO - Processing /home/airflow/.local/lib/python3.7/site-packages/airflow/example_dags/example_short_circuit_operator.py took 2.695 seconds
[2021-11-15 07:27:49,404] {processor.py:163} INFO - Started process (PID=364) to work on /home/airflow/.local/lib/python3.7/site-packages/airflow/example_dags/example_short_circuit_operator.py
[2021-11-15 07:27:49,407] {processor.py:620} INFO - Processing file /home/airflow/.local/lib/python3.7/site-packages/airflow/example_dags/example_short_circuit_operator.py for tasks to queue
[2021-11-15 07:27:49,408] {logging_mixin.py:109} INFO - [2021-11-15 07:27:49,407] {dagbag.py:500} INFO - Filling up the DagBag from /home/airflow/.local/lib/python3.7/site-packages/airflow/example_dags/example_short_circuit_operator.py
[2021-11-15 07:27:49,446] {processor.py:632} INFO - DAG(s) dict_keys(['example_short_circuit_operator']) retrieved from /home/airflow/.local/lib/python3.7/site-packages/airflow/example_dags/example_short_circuit_operator.py
[2021-11-15 07:27:49,458] {logging_mixin.py:109} INFO - [2021-11-15 07:27:49,458] {dag.py:2389} INFO - Sync 1 DAGs
[2021-11-15 07:27:49,479] {logging_mixin.py:109} INFO - [2021-11-15 07:27:49,478] {dag.py:2921} INFO - Setting next_dagrun for example_short_circuit_operator to 2021-11-14T07:27:49.478543+00:00
[2021-11-15 07:27:49,487] {processor.py:171} INFO - Processing /home/airflow/.local/lib/python3.7/site-packages/airflow/example_dags/example_short_circuit_operator.py took 0.088 seconds
[2021-11-15 07:28:19,663] {processor.py:163} INFO - Started process (PID=413) to work on /home/airflow/.local/lib/python3.7/site-packages/airflow/example_dags/example_short_circuit_operator.py
[2021-11-15 07:28:19,665] {processor.py:620} INFO - Processing file /home/airflow/.local/lib/python3.7/site-packages/airflow/example_dags/example_short_circuit_operator.py for tasks to queue
[2021-11-15 07:28:19,666] {logging_mixin.py:109} INFO - [2021-11-15 07:28:19,665] {dagbag.py:500} INFO - Filling up the DagBag from /home/airflow/.local/lib/python3.7/site-packages/airflow/example_dags/example_short_circuit_operator.py
[2021-11-15 07:28:19,700] {processor.py:632} INFO - DAG(s) dict_keys(['example_short_circuit_operator']) retrieved from /home/airflow/.local/lib/python3.7/site-packages/airflow/example_dags/example_short_circuit_operator.py
[2021-11-15 07:28:19,711] {logging_mixin.py:109} INFO - [2021-11-15 07:28:19,711] {dag.py:2389} INFO - Sync 1 DAGs
[2021-11-15 07:28:19,730] {logging_mixin.py:109} INFO - [2021-11-15 07:28:19,730] {dag.py:2921} INFO - Setting next_dagrun for example_short_circuit_operator to 2021-11-14T07:28:19.729831+00:00
[2021-11-15 07:28:19,739] {processor.py:171} INFO - Processing /home/airflow/.local/lib/python3.7/site-packages/airflow/example_dags/example_short_circuit_operator.py took 0.081 seconds
[2021-11-15 07:28:50,768] {processor.py:163} INFO - Started process (PID=473) to work on /home/airflow/.local/lib/python3.7/site-packages/airflow/example_dags/example_short_circuit_operator.py
[2021-11-15 07:28:50,769] {processor.py:620} INFO - Processing file /home/airflow/.local/lib/python3.7/site-packages/airflow/example_dags/example_short_circuit_operator.py for tasks to queue
[2021-11-15 07:28:50,770] {logging_mixin.py:109} INFO - [2021-11-15 07:28:50,770] {dagbag.py:500} INFO - Filling up the DagBag from /home/airflow/.local/lib/python3.7/site-packages/airflow/example_dags/example_short_circuit_operator.py
[2021-11-15 07:28:50,795] {processor.py:632} INFO - DAG(s) dict_keys(['example_short_circuit_operator']) retrieved from /home/airflow/.local/lib/python3.7/site-packages/airflow/example_dags/example_short_circuit_operator.py
[2021-11-15 07:28:50,804] {logging_mixin.py:109} INFO - [2021-11-15 07:28:50,804] {dag.py:2389} INFO - Sync 1 DAGs
[2021-11-15 07:28:50,819] {logging_mixin.py:109} INFO - [2021-11-15 07:28:50,819] {dag.py:2921} INFO - Setting next_dagrun for example_short_circuit_operator to 2021-11-14T07:28:50.819337+00:00
[2021-11-15 07:28:50,828] {processor.py:171} INFO - Processing /home/airflow/.local/lib/python3.7/site-packages/airflow/example_dags/example_short_circuit_operator.py took 0.062 seconds
[2021-11-15 07:29:20,957] {processor.py:163} INFO - Started process (PID=521) to work on /home/airflow/.local/lib/python3.7/site-packages/airflow/example_dags/example_short_circuit_operator.py
[2021-11-15 07:29:20,959] {processor.py:620} INFO - Processing file /home/airflow/.local/lib/python3.7/site-packages/airflow/example_dags/example_short_circuit_operator.py for tasks to queue
[2021-11-15 07:29:20,959] {logging_mixin.py:109} INFO - [2021-11-15 07:29:20,959] {dagbag.py:500} INFO - Filling up the DagBag from /home/airflow/.local/lib/python3.7/site-packages/airflow/example_dags/example_short_circuit_operator.py
[2021-11-15 07:29:20,983] {processor.py:632} INFO - DAG(s) dict_keys(['example_short_circuit_operator']) retrieved from /home/airflow/.local/lib/python3.7/site-packages/airflow/example_dags/example_short_circuit_operator.py
[2021-11-15 07:29:20,992] {logging_mixin.py:109} INFO - [2021-11-15 07:29:20,991] {dag.py:2389} INFO - Sync 1 DAGs
[2021-11-15 07:29:21,006] {logging_mixin.py:109} INFO - [2021-11-15 07:29:21,006] {dag.py:2921} INFO - Setting next_dagrun for example_short_circuit_operator to 2021-11-14T07:29:21.006319+00:00
[2021-11-15 07:29:21,016] {processor.py:171} INFO - Processing /home/airflow/.local/lib/python3.7/site-packages/airflow/example_dags/example_short_circuit_operator.py took 0.061 seconds
[2021-11-15 07:29:51,184] {processor.py:163} INFO - Started process (PID=578) to work on /home/airflow/.local/lib/python3.7/site-packages/airflow/example_dags/example_short_circuit_operator.py
[2021-11-15 07:29:51,187] {processor.py:620} INFO - Processing file /home/airflow/.local/lib/python3.7/site-packages/airflow/example_dags/example_short_circuit_operator.py for tasks to queue
[2021-11-15 07:29:51,188] {logging_mixin.py:109} INFO - [2021-11-15 07:29:51,188] {dagbag.py:500} INFO - Filling up the DagBag from /home/airflow/.local/lib/python3.7/site-packages/airflow/example_dags/example_short_circuit_operator.py
[2021-11-15 07:29:51,221] {processor.py:632} INFO - DAG(s) dict_keys(['example_short_circuit_operator']) retrieved from /home/airflow/.local/lib/python3.7/site-packages/airflow/example_dags/example_short_circuit_operator.py
[2021-11-15 07:29:51,234] {logging_mixin.py:109} INFO - [2021-11-15 07:29:51,234] {dag.py:2389} INFO - Sync 1 DAGs
[2021-11-15 07:29:51,255] {logging_mixin.py:109} INFO - [2021-11-15 07:29:51,255] {dag.py:2921} INFO - Setting next_dagrun for example_short_circuit_operator to 2021-11-14T07:29:51.254943+00:00
[2021-11-15 07:29:51,264] {processor.py:171} INFO - Processing /home/airflow/.local/lib/python3.7/site-packages/airflow/example_dags/example_short_circuit_operator.py took 0.083 seconds
[2021-11-15 07:30:21,779] {processor.py:163} INFO - Started process (PID=627) to work on /home/airflow/.local/lib/python3.7/site-packages/airflow/example_dags/example_short_circuit_operator.py
[2021-11-15 07:30:21,781] {processor.py:620} INFO - Processing file /home/airflow/.local/lib/python3.7/site-packages/airflow/example_dags/example_short_circuit_operator.py for tasks to queue
[2021-11-15 07:30:21,781] {logging_mixin.py:109} INFO - [2021-11-15 07:30:21,781] {dagbag.py:500} INFO - Filling up the DagBag from /home/airflow/.local/lib/python3.7/site-packages/airflow/example_dags/example_short_circuit_operator.py
[2021-11-15 07:30:21,802] {processor.py:632} INFO - DAG(s) dict_keys(['example_short_circuit_operator']) retrieved from /home/airflow/.local/lib/python3.7/site-packages/airflow/example_dags/example_short_circuit_operator.py
[2021-11-15 07:30:21,811] {logging_mixin.py:109} INFO - [2021-11-15 07:30:21,811] {dag.py:2389} INFO - Sync 1 DAGs
[2021-11-15 07:30:21,824] {logging_mixin.py:109} INFO - [2021-11-15 07:30:21,824] {dag.py:2921} INFO - Setting next_dagrun for example_short_circuit_operator to 2021-11-14T07:30:21.824613+00:00
[2021-11-15 07:30:21,833] {processor.py:171} INFO - Processing /home/airflow/.local/lib/python3.7/site-packages/airflow/example_dags/example_short_circuit_operator.py took 0.055 seconds
[2021-11-15 07:30:52,209] {processor.py:163} INFO - Started process (PID=685) to work on /home/airflow/.local/lib/python3.7/site-packages/airflow/example_dags/example_short_circuit_operator.py
[2021-11-15 07:30:52,211] {processor.py:620} INFO - Processing file /home/airflow/.local/lib/python3.7/site-packages/airflow/example_dags/example_short_circuit_operator.py for tasks to queue
[2021-11-15 07:30:52,212] {logging_mixin.py:109} INFO - [2021-11-15 07:30:52,212] {dagbag.py:500} INFO - Filling up the DagBag from /home/airflow/.local/lib/python3.7/site-packages/airflow/example_dags/example_short_circuit_operator.py
[2021-11-15 07:30:52,243] {processor.py:632} INFO - DAG(s) dict_keys(['example_short_circuit_operator']) retrieved from /home/airflow/.local/lib/python3.7/site-packages/airflow/example_dags/example_short_circuit_operator.py
[2021-11-15 07:30:52,255] {logging_mixin.py:109} INFO - [2021-11-15 07:30:52,255] {dag.py:2389} INFO - Sync 1 DAGs
[2021-11-15 07:30:52,273] {logging_mixin.py:109} INFO - [2021-11-15 07:30:52,273] {dag.py:2921} INFO - Setting next_dagrun for example_short_circuit_operator to 2021-11-14T07:30:52.273114+00:00
[2021-11-15 07:30:52,282] {processor.py:171} INFO - Processing /home/airflow/.local/lib/python3.7/site-packages/airflow/example_dags/example_short_circuit_operator.py took 0.076 seconds
[2021-11-15 07:31:22,677] {processor.py:163} INFO - Started process (PID=734) to work on /home/airflow/.local/lib/python3.7/site-packages/airflow/example_dags/example_short_circuit_operator.py
[2021-11-15 07:31:22,681] {processor.py:620} INFO - Processing file /home/airflow/.local/lib/python3.7/site-packages/airflow/example_dags/example_short_circuit_operator.py for tasks to queue
[2021-11-15 07:31:22,682] {logging_mixin.py:109} INFO - [2021-11-15 07:31:22,682] {dagbag.py:500} INFO - Filling up the DagBag from /home/airflow/.local/lib/python3.7/site-packages/airflow/example_dags/example_short_circuit_operator.py
[2021-11-15 07:31:22,718] {processor.py:632} INFO - DAG(s) dict_keys(['example_short_circuit_operator']) retrieved from /home/airflow/.local/lib/python3.7/site-packages/airflow/example_dags/example_short_circuit_operator.py
[2021-11-15 07:31:22,728] {logging_mixin.py:109} INFO - [2021-11-15 07:31:22,728] {dag.py:2389} INFO - Sync 1 DAGs
[2021-11-15 07:31:22,744] {logging_mixin.py:109} INFO - [2021-11-15 07:31:22,744] {dag.py:2921} INFO - Setting next_dagrun for example_short_circuit_operator to 2021-11-14T07:31:22.744270+00:00
[2021-11-15 07:31:22,754] {processor.py:171} INFO - Processing /home/airflow/.local/lib/python3.7/site-packages/airflow/example_dags/example_short_circuit_operator.py took 0.086 seconds
[2021-11-15 07:31:53,040] {processor.py:163} INFO - Started process (PID=793) to work on /home/airflow/.local/lib/python3.7/site-packages/airflow/example_dags/example_short_circuit_operator.py
[2021-11-15 07:31:53,042] {processor.py:620} INFO - Processing file /home/airflow/.local/lib/python3.7/site-packages/airflow/example_dags/example_short_circuit_operator.py for tasks to queue
[2021-11-15 07:31:53,042] {logging_mixin.py:109} INFO - [2021-11-15 07:31:53,042] {dagbag.py:500} INFO - Filling up the DagBag from /home/airflow/.local/lib/python3.7/site-packages/airflow/example_dags/example_short_circuit_operator.py
[2021-11-15 07:31:53,066] {processor.py:632} INFO - DAG(s) dict_keys(['example_short_circuit_operator']) retrieved from /home/airflow/.local/lib/python3.7/site-packages/airflow/example_dags/example_short_circuit_operator.py
[2021-11-15 07:31:53,076] {logging_mixin.py:109} INFO - [2021-11-15 07:31:53,076] {dag.py:2389} INFO - Sync 1 DAGs
[2021-11-15 07:31:53,090] {logging_mixin.py:109} INFO - [2021-11-15 07:31:53,090] {dag.py:2921} INFO - Setting next_dagrun for example_short_circuit_operator to 2021-11-14T07:31:53.090635+00:00
[2021-11-15 07:31:53,100] {processor.py:171} INFO - Processing /home/airflow/.local/lib/python3.7/site-packages/airflow/example_dags/example_short_circuit_operator.py took 0.062 seconds
[2021-11-15 07:32:23,500] {processor.py:163} INFO - Started process (PID=842) to work on /home/airflow/.local/lib/python3.7/site-packages/airflow/example_dags/example_short_circuit_operator.py
[2021-11-15 07:32:23,502] {processor.py:620} INFO - Processing file /home/airflow/.local/lib/python3.7/site-packages/airflow/example_dags/example_short_circuit_operator.py for tasks to queue
[2021-11-15 07:32:23,502] {logging_mixin.py:109} INFO - [2021-11-15 07:32:23,502] {dagbag.py:500} INFO - Filling up the DagBag from /home/airflow/.local/lib/python3.7/site-packages/airflow/example_dags/example_short_circuit_operator.py
[2021-11-15 07:32:23,524] {processor.py:632} INFO - DAG(s) dict_keys(['example_short_circuit_operator']) retrieved from /home/airflow/.local/lib/python3.7/site-packages/airflow/example_dags/example_short_circuit_operator.py
[2021-11-15 07:32:23,532] {logging_mixin.py:109} INFO - [2021-11-15 07:32:23,532] {dag.py:2389} INFO - Sync 1 DAGs
[2021-11-15 07:32:23,546] {logging_mixin.py:109} INFO - [2021-11-15 07:32:23,546] {dag.py:2921} INFO - Setting next_dagrun for example_short_circuit_operator to 2021-11-14T07:32:23.545987+00:00
[2021-11-15 07:32:23,554] {processor.py:171} INFO - Processing /home/airflow/.local/lib/python3.7/site-packages/airflow/example_dags/example_short_circuit_operator.py took 0.056 seconds
[2021-11-15 07:32:53,934] {processor.py:163} INFO - Started process (PID=899) to work on /home/airflow/.local/lib/python3.7/site-packages/airflow/example_dags/example_short_circuit_operator.py
[2021-11-15 07:32:53,936] {processor.py:620} INFO - Processing file /home/airflow/.local/lib/python3.7/site-packages/airflow/example_dags/example_short_circuit_operator.py for tasks to queue
[2021-11-15 07:32:53,937] {logging_mixin.py:109} INFO - [2021-11-15 07:32:53,936] {dagbag.py:500} INFO - Filling up the DagBag from /home/airflow/.local/lib/python3.7/site-packages/airflow/example_dags/example_short_circuit_operator.py
[2021-11-15 07:32:53,976] {processor.py:632} INFO - DAG(s) dict_keys(['example_short_circuit_operator']) retrieved from /home/airflow/.local/lib/python3.7/site-packages/airflow/example_dags/example_short_circuit_operator.py
[2021-11-15 07:32:53,989] {logging_mixin.py:109} INFO - [2021-11-15 07:32:53,989] {dag.py:2389} INFO - Sync 1 DAGs
[2021-11-15 07:32:54,006] {logging_mixin.py:109} INFO - [2021-11-15 07:32:54,006] {dag.py:2921} INFO - Setting next_dagrun for example_short_circuit_operator to 2021-11-14T07:32:54.006359+00:00
[2021-11-15 07:32:54,015] {processor.py:171} INFO - Processing /home/airflow/.local/lib/python3.7/site-packages/airflow/example_dags/example_short_circuit_operator.py took 0.085 seconds
[2021-11-15 07:33:24,438] {processor.py:163} INFO - Started process (PID=951) to work on /home/airflow/.local/lib/python3.7/site-packages/airflow/example_dags/example_short_circuit_operator.py
[2021-11-15 07:33:24,442] {processor.py:620} INFO - Processing file /home/airflow/.local/lib/python3.7/site-packages/airflow/example_dags/example_short_circuit_operator.py for tasks to queue
[2021-11-15 07:33:24,444] {logging_mixin.py:109} INFO - [2021-11-15 07:33:24,443] {dagbag.py:500} INFO - Filling up the DagBag from /home/airflow/.local/lib/python3.7/site-packages/airflow/example_dags/example_short_circuit_operator.py
[2021-11-15 07:33:24,481] {processor.py:632} INFO - DAG(s) dict_keys(['example_short_circuit_operator']) retrieved from /home/airflow/.local/lib/python3.7/site-packages/airflow/example_dags/example_short_circuit_operator.py
[2021-11-15 07:33:24,492] {logging_mixin.py:109} INFO - [2021-11-15 07:33:24,492] {dag.py:2389} INFO - Sync 1 DAGs
[2021-11-15 07:33:24,508] {logging_mixin.py:109} INFO - [2021-11-15 07:33:24,508] {dag.py:2921} INFO - Setting next_dagrun for example_short_circuit_operator to 2021-11-14T07:33:24.508482+00:00
[2021-11-15 07:33:24,518] {processor.py:171} INFO - Processing /home/airflow/.local/lib/python3.7/site-packages/airflow/example_dags/example_short_circuit_operator.py took 0.089 seconds
[2021-11-15 07:33:54,919] {processor.py:163} INFO - Started process (PID=1008) to work on /home/airflow/.local/lib/python3.7/site-packages/airflow/example_dags/example_short_circuit_operator.py
[2021-11-15 07:33:54,921] {processor.py:620} INFO - Processing file /home/airflow/.local/lib/python3.7/site-packages/airflow/example_dags/example_short_circuit_operator.py for tasks to queue
[2021-11-15 07:33:54,921] {logging_mixin.py:109} INFO - [2021-11-15 07:33:54,921] {dagbag.py:500} INFO - Filling up the DagBag from /home/airflow/.local/lib/python3.7/site-packages/airflow/example_dags/example_short_circuit_operator.py
[2021-11-15 07:33:54,942] {processor.py:632} INFO - DAG(s) dict_keys(['example_short_circuit_operator']) retrieved from /home/airflow/.local/lib/python3.7/site-packages/airflow/example_dags/example_short_circuit_operator.py
[2021-11-15 07:33:54,950] {logging_mixin.py:109} INFO - [2021-11-15 07:33:54,950] {dag.py:2389} INFO - Sync 1 DAGs
[2021-11-15 07:33:54,964] {logging_mixin.py:109} INFO - [2021-11-15 07:33:54,963] {dag.py:2921} INFO - Setting next_dagrun for example_short_circuit_operator to 2021-11-14T07:33:54.963643+00:00
[2021-11-15 07:33:54,972] {processor.py:171} INFO - Processing /home/airflow/.local/lib/python3.7/site-packages/airflow/example_dags/example_short_circuit_operator.py took 0.056 seconds
[2021-11-15 07:34:25,457] {processor.py:163} INFO - Started process (PID=1059) to work on /home/airflow/.local/lib/python3.7/site-packages/airflow/example_dags/example_short_circuit_operator.py
[2021-11-15 07:34:25,459] {processor.py:620} INFO - Processing file /home/airflow/.local/lib/python3.7/site-packages/airflow/example_dags/example_short_circuit_operator.py for tasks to queue
[2021-11-15 07:34:25,459] {logging_mixin.py:109} INFO - [2021-11-15 07:34:25,459] {dagbag.py:500} INFO - Filling up the DagBag from /home/airflow/.local/lib/python3.7/site-packages/airflow/example_dags/example_short_circuit_operator.py
[2021-11-15 07:34:25,488] {processor.py:632} INFO - DAG(s) dict_keys(['example_short_circuit_operator']) retrieved from /home/airflow/.local/lib/python3.7/site-packages/airflow/example_dags/example_short_circuit_operator.py
[2021-11-15 07:34:25,499] {logging_mixin.py:109} INFO - [2021-11-15 07:34:25,499] {dag.py:2389} INFO - Sync 1 DAGs
[2021-11-15 07:34:25,516] {logging_mixin.py:109} INFO - [2021-11-15 07:34:25,516] {dag.py:2921} INFO - Setting next_dagrun for example_short_circuit_operator to 2021-11-14T07:34:25.516291+00:00
[2021-11-15 07:34:25,526] {processor.py:171} INFO - Processing /home/airflow/.local/lib/python3.7/site-packages/airflow/example_dags/example_short_circuit_operator.py took 0.071 seconds
[2021-11-15 07:34:55,977] {processor.py:163} INFO - Started process (PID=1116) to work on /home/airflow/.local/lib/python3.7/site-packages/airflow/example_dags/example_short_circuit_operator.py
[2021-11-15 07:34:55,978] {processor.py:620} INFO - Processing file /home/airflow/.local/lib/python3.7/site-packages/airflow/example_dags/example_short_circuit_operator.py for tasks to queue
[2021-11-15 07:34:55,979] {logging_mixin.py:109} INFO - [2021-11-15 07:34:55,979] {dagbag.py:500} INFO - Filling up the DagBag from /home/airflow/.local/lib/python3.7/site-packages/airflow/example_dags/example_short_circuit_operator.py
[2021-11-15 07:34:56,006] {processor.py:632} INFO - DAG(s) dict_keys(['example_short_circuit_operator']) retrieved from /home/airflow/.local/lib/python3.7/site-packages/airflow/example_dags/example_short_circuit_operator.py
[2021-11-15 07:34:56,017] {logging_mixin.py:109} INFO - [2021-11-15 07:34:56,017] {dag.py:2389} INFO - Sync 1 DAGs
[2021-11-15 07:34:56,036] {logging_mixin.py:109} INFO - [2021-11-15 07:34:56,036] {dag.py:2921} INFO - Setting next_dagrun for example_short_circuit_operator to 2021-11-14T07:34:56.036102+00:00
[2021-11-15 07:34:56,047] {processor.py:171} INFO - Processing /home/airflow/.local/lib/python3.7/site-packages/airflow/example_dags/example_short_circuit_operator.py took 0.073 seconds
[2021-11-15 07:35:26,517] {processor.py:163} INFO - Started process (PID=1165) to work on /home/airflow/.local/lib/python3.7/site-packages/airflow/example_dags/example_short_circuit_operator.py
[2021-11-15 07:35:26,519] {processor.py:620} INFO - Processing file /home/airflow/.local/lib/python3.7/site-packages/airflow/example_dags/example_short_circuit_operator.py for tasks to queue
[2021-11-15 07:35:26,520] {logging_mixin.py:109} INFO - [2021-11-15 07:35:26,520] {dagbag.py:500} INFO - Filling up the DagBag from /home/airflow/.local/lib/python3.7/site-packages/airflow/example_dags/example_short_circuit_operator.py
[2021-11-15 07:35:26,549] {processor.py:632} INFO - DAG(s) dict_keys(['example_short_circuit_operator']) retrieved from /home/airflow/.local/lib/python3.7/site-packages/airflow/example_dags/example_short_circuit_operator.py
[2021-11-15 07:35:26,560] {logging_mixin.py:109} INFO - [2021-11-15 07:35:26,560] {dag.py:2389} INFO - Sync 1 DAGs
[2021-11-15 07:35:26,576] {logging_mixin.py:109} INFO - [2021-11-15 07:35:26,576] {dag.py:2921} INFO - Setting next_dagrun for example_short_circuit_operator to 2021-11-14T07:35:26.576015+00:00
[2021-11-15 07:35:26,585] {processor.py:171} INFO - Processing /home/airflow/.local/lib/python3.7/site-packages/airflow/example_dags/example_short_circuit_operator.py took 0.071 seconds
[2021-11-15 07:35:56,923] {processor.py:163} INFO - Started process (PID=1214) to work on /home/airflow/.local/lib/python3.7/site-packages/airflow/example_dags/example_short_circuit_operator.py
[2021-11-15 07:35:56,925] {processor.py:620} INFO - Processing file /home/airflow/.local/lib/python3.7/site-packages/airflow/example_dags/example_short_circuit_operator.py for tasks to queue
[2021-11-15 07:35:56,925] {logging_mixin.py:109} INFO - [2021-11-15 07:35:56,925] {dagbag.py:500} INFO - Filling up the DagBag from /home/airflow/.local/lib/python3.7/site-packages/airflow/example_dags/example_short_circuit_operator.py
[2021-11-15 07:35:56,954] {processor.py:632} INFO - DAG(s) dict_keys(['example_short_circuit_operator']) retrieved from /home/airflow/.local/lib/python3.7/site-packages/airflow/example_dags/example_short_circuit_operator.py
[2021-11-15 07:35:56,969] {logging_mixin.py:109} INFO - [2021-11-15 07:35:56,969] {dag.py:2389} INFO - Sync 1 DAGs
[2021-11-15 07:35:56,985] {logging_mixin.py:109} INFO - [2021-11-15 07:35:56,985] {dag.py:2921} INFO - Setting next_dagrun for example_short_circuit_operator to 2021-11-14T07:35:56.985494+00:00
[2021-11-15 07:35:56,995] {processor.py:171} INFO - Processing /home/airflow/.local/lib/python3.7/site-packages/airflow/example_dags/example_short_circuit_operator.py took 0.074 seconds
[2021-11-15 07:36:27,488] {processor.py:163} INFO - Started process (PID=1272) to work on /home/airflow/.local/lib/python3.7/site-packages/airflow/example_dags/example_short_circuit_operator.py
[2021-11-15 07:36:27,489] {processor.py:620} INFO - Processing file /home/airflow/.local/lib/python3.7/site-packages/airflow/example_dags/example_short_circuit_operator.py for tasks to queue
[2021-11-15 07:36:27,490] {logging_mixin.py:109} INFO - [2021-11-15 07:36:27,489] {dagbag.py:500} INFO - Filling up the DagBag from /home/airflow/.local/lib/python3.7/site-packages/airflow/example_dags/example_short_circuit_operator.py
[2021-11-15 07:36:27,513] {processor.py:632} INFO - DAG(s) dict_keys(['example_short_circuit_operator']) retrieved from /home/airflow/.local/lib/python3.7/site-packages/airflow/example_dags/example_short_circuit_operator.py
[2021-11-15 07:36:27,521] {logging_mixin.py:109} INFO - [2021-11-15 07:36:27,521] {dag.py:2389} INFO - Sync 1 DAGs
[2021-11-15 07:36:27,535] {logging_mixin.py:109} INFO - [2021-11-15 07:36:27,535] {dag.py:2921} INFO - Setting next_dagrun for example_short_circuit_operator to 2021-11-14T07:36:27.535217+00:00
[2021-11-15 07:36:27,543] {processor.py:171} INFO - Processing /home/airflow/.local/lib/python3.7/site-packages/airflow/example_dags/example_short_circuit_operator.py took 0.058 seconds
[2021-11-15 07:36:58,361] {processor.py:163} INFO - Started process (PID=1322) to work on /home/airflow/.local/lib/python3.7/site-packages/airflow/example_dags/example_short_circuit_operator.py
[2021-11-15 07:36:58,363] {processor.py:620} INFO - Processing file /home/airflow/.local/lib/python3.7/site-packages/airflow/example_dags/example_short_circuit_operator.py for tasks to queue
[2021-11-15 07:36:58,363] {logging_mixin.py:109} INFO - [2021-11-15 07:36:58,363] {dagbag.py:500} INFO - Filling up the DagBag from /home/airflow/.local/lib/python3.7/site-packages/airflow/example_dags/example_short_circuit_operator.py
[2021-11-15 07:36:58,385] {processor.py:632} INFO - DAG(s) dict_keys(['example_short_circuit_operator']) retrieved from /home/airflow/.local/lib/python3.7/site-packages/airflow/example_dags/example_short_circuit_operator.py
[2021-11-15 07:36:58,394] {logging_mixin.py:109} INFO - [2021-11-15 07:36:58,394] {dag.py:2389} INFO - Sync 1 DAGs
[2021-11-15 07:36:58,409] {logging_mixin.py:109} INFO - [2021-11-15 07:36:58,409] {dag.py:2921} INFO - Setting next_dagrun for example_short_circuit_operator to 2021-11-14T07:36:58.409282+00:00
[2021-11-15 07:36:58,418] {processor.py:171} INFO - Processing /home/airflow/.local/lib/python3.7/site-packages/airflow/example_dags/example_short_circuit_operator.py took 0.060 seconds
[2021-11-15 07:37:28,585] {processor.py:163} INFO - Started process (PID=1380) to work on /home/airflow/.local/lib/python3.7/site-packages/airflow/example_dags/example_short_circuit_operator.py
[2021-11-15 07:37:28,587] {processor.py:620} INFO - Processing file /home/airflow/.local/lib/python3.7/site-packages/airflow/example_dags/example_short_circuit_operator.py for tasks to queue
[2021-11-15 07:37:28,588] {logging_mixin.py:109} INFO - [2021-11-15 07:37:28,587] {dagbag.py:500} INFO - Filling up the DagBag from /home/airflow/.local/lib/python3.7/site-packages/airflow/example_dags/example_short_circuit_operator.py
[2021-11-15 07:37:28,619] {processor.py:632} INFO - DAG(s) dict_keys(['example_short_circuit_operator']) retrieved from /home/airflow/.local/lib/python3.7/site-packages/airflow/example_dags/example_short_circuit_operator.py
[2021-11-15 07:37:28,633] {logging_mixin.py:109} INFO - [2021-11-15 07:37:28,632] {dag.py:2389} INFO - Sync 1 DAGs
[2021-11-15 07:37:28,653] {logging_mixin.py:109} INFO - [2021-11-15 07:37:28,652] {dag.py:2921} INFO - Setting next_dagrun for example_short_circuit_operator to 2021-11-14T07:37:28.652586+00:00
[2021-11-15 07:37:28,666] {processor.py:171} INFO - Processing /home/airflow/.local/lib/python3.7/site-packages/airflow/example_dags/example_short_circuit_operator.py took 0.083 seconds
[2021-11-15 07:37:58,790] {processor.py:163} INFO - Started process (PID=1430) to work on /home/airflow/.local/lib/python3.7/site-packages/airflow/example_dags/example_short_circuit_operator.py
[2021-11-15 07:37:58,794] {processor.py:620} INFO - Processing file /home/airflow/.local/lib/python3.7/site-packages/airflow/example_dags/example_short_circuit_operator.py for tasks to queue
[2021-11-15 07:37:58,796] {logging_mixin.py:109} INFO - [2021-11-15 07:37:58,796] {dagbag.py:500} INFO - Filling up the DagBag from /home/airflow/.local/lib/python3.7/site-packages/airflow/example_dags/example_short_circuit_operator.py
[2021-11-15 07:37:58,833] {processor.py:632} INFO - DAG(s) dict_keys(['example_short_circuit_operator']) retrieved from /home/airflow/.local/lib/python3.7/site-packages/airflow/example_dags/example_short_circuit_operator.py
[2021-11-15 07:37:58,844] {logging_mixin.py:109} INFO - [2021-11-15 07:37:58,843] {dag.py:2389} INFO - Sync 1 DAGs
[2021-11-15 07:37:58,860] {logging_mixin.py:109} INFO - [2021-11-15 07:37:58,860] {dag.py:2921} INFO - Setting next_dagrun for example_short_circuit_operator to 2021-11-14T07:37:58.859850+00:00
[2021-11-15 07:37:58,869] {processor.py:171} INFO - Processing /home/airflow/.local/lib/python3.7/site-packages/airflow/example_dags/example_short_circuit_operator.py took 0.088 seconds
