[2021-11-15 07:26:52,285] {processor.py:163} INFO - Started process (PID=37) to work on /home/airflow/.local/lib/python3.7/site-packages/airflow/example_dags/example_bash_operator.py
[2021-11-15 07:26:52,287] {processor.py:620} INFO - Processing file /home/airflow/.local/lib/python3.7/site-packages/airflow/example_dags/example_bash_operator.py for tasks to queue
[2021-11-15 07:26:52,288] {logging_mixin.py:109} INFO - [2021-11-15 07:26:52,287] {dagbag.py:500} INFO - Filling up the DagBag from /home/airflow/.local/lib/python3.7/site-packages/airflow/example_dags/example_bash_operator.py
[2021-11-15 07:26:52,368] {processor.py:632} INFO - DAG(s) dict_keys(['example_bash_operator']) retrieved from /home/airflow/.local/lib/python3.7/site-packages/airflow/example_dags/example_bash_operator.py
[2021-11-15 07:26:58,235] {logging_mixin.py:109} INFO - [2021-11-15 07:26:58,235] {providers_manager.py:156} WARNING - Exception when importing 'airflow.providers.google.leveldb.hooks.leveldb.LevelDBHook' from 'apache-airflow-providers-google' package: No module named 'plyvel'
[2021-11-15 07:26:59,751] {logging_mixin.py:109} INFO - [2021-11-15 07:26:59,751] {providers_manager.py:156} WARNING - Exception when importing 'airflow.providers.google.leveldb.hooks.leveldb.LevelDBHook' from 'apache-airflow-providers-google' package: No module named 'plyvel'
[2021-11-15 07:26:59,811] {logging_mixin.py:109} INFO - [2021-11-15 07:26:59,811] {manager.py:496} INFO - Created Permission View: can edit on DAG:example_bash_operator
[2021-11-15 07:26:59,828] {logging_mixin.py:109} INFO - [2021-11-15 07:26:59,828] {manager.py:496} INFO - Created Permission View: can read on DAG:example_bash_operator
[2021-11-15 07:26:59,829] {logging_mixin.py:109} INFO - [2021-11-15 07:26:59,829] {dag.py:2389} INFO - Sync 1 DAGs
[2021-11-15 07:26:59,836] {logging_mixin.py:109} INFO - [2021-11-15 07:26:59,836] {dag.py:2408} INFO - Creating ORM DAG for example_bash_operator
[2021-11-15 07:26:59,846] {logging_mixin.py:109} INFO - [2021-11-15 07:26:59,846] {dag.py:2921} INFO - Setting next_dagrun for example_bash_operator to 2021-11-14 00:00:00+00:00
[2021-11-15 07:26:59,872] {processor.py:171} INFO - Processing /home/airflow/.local/lib/python3.7/site-packages/airflow/example_dags/example_bash_operator.py took 7.603 seconds
[2021-11-15 07:27:41,368] {processor.py:163} INFO - Started process (PID=336) to work on /home/airflow/.local/lib/python3.7/site-packages/airflow/example_dags/example_bash_operator.py
[2021-11-15 07:27:41,370] {processor.py:620} INFO - Processing file /home/airflow/.local/lib/python3.7/site-packages/airflow/example_dags/example_bash_operator.py for tasks to queue
[2021-11-15 07:27:41,370] {logging_mixin.py:109} INFO - [2021-11-15 07:27:41,370] {dagbag.py:500} INFO - Filling up the DagBag from /home/airflow/.local/lib/python3.7/site-packages/airflow/example_dags/example_bash_operator.py
[2021-11-15 07:27:41,403] {processor.py:632} INFO - DAG(s) dict_keys(['example_bash_operator']) retrieved from /home/airflow/.local/lib/python3.7/site-packages/airflow/example_dags/example_bash_operator.py
[2021-11-15 07:27:41,414] {logging_mixin.py:109} INFO - [2021-11-15 07:27:41,414] {dag.py:2389} INFO - Sync 1 DAGs
[2021-11-15 07:27:41,437] {logging_mixin.py:109} INFO - [2021-11-15 07:27:41,436] {dag.py:2921} INFO - Setting next_dagrun for example_bash_operator to 2021-11-14 00:00:00+00:00
[2021-11-15 07:27:41,448] {processor.py:171} INFO - Processing /home/airflow/.local/lib/python3.7/site-packages/airflow/example_dags/example_bash_operator.py took 0.083 seconds
[2021-11-15 07:28:11,793] {processor.py:163} INFO - Started process (PID=398) to work on /home/airflow/.local/lib/python3.7/site-packages/airflow/example_dags/example_bash_operator.py
[2021-11-15 07:28:11,797] {processor.py:620} INFO - Processing file /home/airflow/.local/lib/python3.7/site-packages/airflow/example_dags/example_bash_operator.py for tasks to queue
[2021-11-15 07:28:11,799] {logging_mixin.py:109} INFO - [2021-11-15 07:28:11,798] {dagbag.py:500} INFO - Filling up the DagBag from /home/airflow/.local/lib/python3.7/site-packages/airflow/example_dags/example_bash_operator.py
[2021-11-15 07:28:11,840] {processor.py:632} INFO - DAG(s) dict_keys(['example_bash_operator']) retrieved from /home/airflow/.local/lib/python3.7/site-packages/airflow/example_dags/example_bash_operator.py
[2021-11-15 07:28:11,850] {logging_mixin.py:109} INFO - [2021-11-15 07:28:11,850] {dag.py:2389} INFO - Sync 1 DAGs
[2021-11-15 07:28:11,866] {logging_mixin.py:109} INFO - [2021-11-15 07:28:11,866] {dag.py:2921} INFO - Setting next_dagrun for example_bash_operator to 2021-11-14 00:00:00+00:00
[2021-11-15 07:28:11,875] {processor.py:171} INFO - Processing /home/airflow/.local/lib/python3.7/site-packages/airflow/example_dags/example_bash_operator.py took 0.090 seconds
[2021-11-15 07:28:41,942] {processor.py:163} INFO - Started process (PID=448) to work on /home/airflow/.local/lib/python3.7/site-packages/airflow/example_dags/example_bash_operator.py
[2021-11-15 07:28:41,945] {processor.py:620} INFO - Processing file /home/airflow/.local/lib/python3.7/site-packages/airflow/example_dags/example_bash_operator.py for tasks to queue
[2021-11-15 07:28:41,945] {logging_mixin.py:109} INFO - [2021-11-15 07:28:41,945] {dagbag.py:500} INFO - Filling up the DagBag from /home/airflow/.local/lib/python3.7/site-packages/airflow/example_dags/example_bash_operator.py
[2021-11-15 07:28:41,974] {processor.py:632} INFO - DAG(s) dict_keys(['example_bash_operator']) retrieved from /home/airflow/.local/lib/python3.7/site-packages/airflow/example_dags/example_bash_operator.py
[2021-11-15 07:28:41,984] {logging_mixin.py:109} INFO - [2021-11-15 07:28:41,983] {dag.py:2389} INFO - Sync 1 DAGs
[2021-11-15 07:28:41,999] {logging_mixin.py:109} INFO - [2021-11-15 07:28:41,999] {dag.py:2921} INFO - Setting next_dagrun for example_bash_operator to 2021-11-14 00:00:00+00:00
[2021-11-15 07:28:42,008] {processor.py:171} INFO - Processing /home/airflow/.local/lib/python3.7/site-packages/airflow/example_dags/example_bash_operator.py took 0.068 seconds
[2021-11-15 07:29:12,117] {processor.py:163} INFO - Started process (PID=506) to work on /home/airflow/.local/lib/python3.7/site-packages/airflow/example_dags/example_bash_operator.py
[2021-11-15 07:29:12,119] {processor.py:620} INFO - Processing file /home/airflow/.local/lib/python3.7/site-packages/airflow/example_dags/example_bash_operator.py for tasks to queue
[2021-11-15 07:29:12,119] {logging_mixin.py:109} INFO - [2021-11-15 07:29:12,119] {dagbag.py:500} INFO - Filling up the DagBag from /home/airflow/.local/lib/python3.7/site-packages/airflow/example_dags/example_bash_operator.py
[2021-11-15 07:29:12,145] {processor.py:632} INFO - DAG(s) dict_keys(['example_bash_operator']) retrieved from /home/airflow/.local/lib/python3.7/site-packages/airflow/example_dags/example_bash_operator.py
[2021-11-15 07:29:12,155] {logging_mixin.py:109} INFO - [2021-11-15 07:29:12,155] {dag.py:2389} INFO - Sync 1 DAGs
[2021-11-15 07:29:12,170] {logging_mixin.py:109} INFO - [2021-11-15 07:29:12,170] {dag.py:2921} INFO - Setting next_dagrun for example_bash_operator to 2021-11-14 00:00:00+00:00
[2021-11-15 07:29:12,179] {processor.py:171} INFO - Processing /home/airflow/.local/lib/python3.7/site-packages/airflow/example_dags/example_bash_operator.py took 0.065 seconds
[2021-11-15 07:29:42,301] {processor.py:163} INFO - Started process (PID=555) to work on /home/airflow/.local/lib/python3.7/site-packages/airflow/example_dags/example_bash_operator.py
[2021-11-15 07:29:42,302] {processor.py:620} INFO - Processing file /home/airflow/.local/lib/python3.7/site-packages/airflow/example_dags/example_bash_operator.py for tasks to queue
[2021-11-15 07:29:42,303] {logging_mixin.py:109} INFO - [2021-11-15 07:29:42,303] {dagbag.py:500} INFO - Filling up the DagBag from /home/airflow/.local/lib/python3.7/site-packages/airflow/example_dags/example_bash_operator.py
[2021-11-15 07:29:42,327] {processor.py:632} INFO - DAG(s) dict_keys(['example_bash_operator']) retrieved from /home/airflow/.local/lib/python3.7/site-packages/airflow/example_dags/example_bash_operator.py
[2021-11-15 07:29:42,336] {logging_mixin.py:109} INFO - [2021-11-15 07:29:42,336] {dag.py:2389} INFO - Sync 1 DAGs
[2021-11-15 07:29:42,352] {logging_mixin.py:109} INFO - [2021-11-15 07:29:42,352] {dag.py:2921} INFO - Setting next_dagrun for example_bash_operator to 2021-11-14 00:00:00+00:00
[2021-11-15 07:29:42,361] {processor.py:171} INFO - Processing /home/airflow/.local/lib/python3.7/site-packages/airflow/example_dags/example_bash_operator.py took 0.062 seconds
[2021-11-15 07:30:13,141] {processor.py:163} INFO - Started process (PID=612) to work on /home/airflow/.local/lib/python3.7/site-packages/airflow/example_dags/example_bash_operator.py
[2021-11-15 07:30:13,142] {processor.py:620} INFO - Processing file /home/airflow/.local/lib/python3.7/site-packages/airflow/example_dags/example_bash_operator.py for tasks to queue
[2021-11-15 07:30:13,143] {logging_mixin.py:109} INFO - [2021-11-15 07:30:13,143] {dagbag.py:500} INFO - Filling up the DagBag from /home/airflow/.local/lib/python3.7/site-packages/airflow/example_dags/example_bash_operator.py
[2021-11-15 07:30:13,165] {processor.py:632} INFO - DAG(s) dict_keys(['example_bash_operator']) retrieved from /home/airflow/.local/lib/python3.7/site-packages/airflow/example_dags/example_bash_operator.py
[2021-11-15 07:30:13,173] {logging_mixin.py:109} INFO - [2021-11-15 07:30:13,173] {dag.py:2389} INFO - Sync 1 DAGs
[2021-11-15 07:30:13,187] {logging_mixin.py:109} INFO - [2021-11-15 07:30:13,187] {dag.py:2921} INFO - Setting next_dagrun for example_bash_operator to 2021-11-14 00:00:00+00:00
[2021-11-15 07:30:13,196] {processor.py:171} INFO - Processing /home/airflow/.local/lib/python3.7/site-packages/airflow/example_dags/example_bash_operator.py took 0.057 seconds
[2021-11-15 07:30:43,606] {processor.py:163} INFO - Started process (PID=662) to work on /home/airflow/.local/lib/python3.7/site-packages/airflow/example_dags/example_bash_operator.py
[2021-11-15 07:30:43,607] {processor.py:620} INFO - Processing file /home/airflow/.local/lib/python3.7/site-packages/airflow/example_dags/example_bash_operator.py for tasks to queue
[2021-11-15 07:30:43,608] {logging_mixin.py:109} INFO - [2021-11-15 07:30:43,608] {dagbag.py:500} INFO - Filling up the DagBag from /home/airflow/.local/lib/python3.7/site-packages/airflow/example_dags/example_bash_operator.py
[2021-11-15 07:30:43,635] {processor.py:632} INFO - DAG(s) dict_keys(['example_bash_operator']) retrieved from /home/airflow/.local/lib/python3.7/site-packages/airflow/example_dags/example_bash_operator.py
[2021-11-15 07:30:43,645] {logging_mixin.py:109} INFO - [2021-11-15 07:30:43,645] {dag.py:2389} INFO - Sync 1 DAGs
[2021-11-15 07:30:43,661] {logging_mixin.py:109} INFO - [2021-11-15 07:30:43,661] {dag.py:2921} INFO - Setting next_dagrun for example_bash_operator to 2021-11-14 00:00:00+00:00
[2021-11-15 07:30:43,670] {processor.py:171} INFO - Processing /home/airflow/.local/lib/python3.7/site-packages/airflow/example_dags/example_bash_operator.py took 0.066 seconds
[2021-11-15 07:31:14,010] {processor.py:163} INFO - Started process (PID=716) to work on /home/airflow/.local/lib/python3.7/site-packages/airflow/example_dags/example_bash_operator.py
[2021-11-15 07:31:14,011] {processor.py:620} INFO - Processing file /home/airflow/.local/lib/python3.7/site-packages/airflow/example_dags/example_bash_operator.py for tasks to queue
[2021-11-15 07:31:14,012] {logging_mixin.py:109} INFO - [2021-11-15 07:31:14,012] {dagbag.py:500} INFO - Filling up the DagBag from /home/airflow/.local/lib/python3.7/site-packages/airflow/example_dags/example_bash_operator.py
[2021-11-15 07:31:14,041] {processor.py:632} INFO - DAG(s) dict_keys(['example_bash_operator']) retrieved from /home/airflow/.local/lib/python3.7/site-packages/airflow/example_dags/example_bash_operator.py
[2021-11-15 07:31:14,054] {logging_mixin.py:109} INFO - [2021-11-15 07:31:14,054] {dag.py:2389} INFO - Sync 1 DAGs
[2021-11-15 07:31:14,075] {logging_mixin.py:109} INFO - [2021-11-15 07:31:14,075] {dag.py:2921} INFO - Setting next_dagrun for example_bash_operator to 2021-11-14 00:00:00+00:00
[2021-11-15 07:31:14,085] {processor.py:171} INFO - Processing /home/airflow/.local/lib/python3.7/site-packages/airflow/example_dags/example_bash_operator.py took 0.078 seconds
[2021-11-15 07:31:44,565] {processor.py:163} INFO - Started process (PID=770) to work on /home/airflow/.local/lib/python3.7/site-packages/airflow/example_dags/example_bash_operator.py
[2021-11-15 07:31:44,566] {processor.py:620} INFO - Processing file /home/airflow/.local/lib/python3.7/site-packages/airflow/example_dags/example_bash_operator.py for tasks to queue
[2021-11-15 07:31:44,567] {logging_mixin.py:109} INFO - [2021-11-15 07:31:44,567] {dagbag.py:500} INFO - Filling up the DagBag from /home/airflow/.local/lib/python3.7/site-packages/airflow/example_dags/example_bash_operator.py
[2021-11-15 07:31:44,590] {processor.py:632} INFO - DAG(s) dict_keys(['example_bash_operator']) retrieved from /home/airflow/.local/lib/python3.7/site-packages/airflow/example_dags/example_bash_operator.py
[2021-11-15 07:31:44,601] {logging_mixin.py:109} INFO - [2021-11-15 07:31:44,601] {dag.py:2389} INFO - Sync 1 DAGs
[2021-11-15 07:31:44,619] {logging_mixin.py:109} INFO - [2021-11-15 07:31:44,619] {dag.py:2921} INFO - Setting next_dagrun for example_bash_operator to 2021-11-14 00:00:00+00:00
[2021-11-15 07:31:44,628] {processor.py:171} INFO - Processing /home/airflow/.local/lib/python3.7/site-packages/airflow/example_dags/example_bash_operator.py took 0.065 seconds
[2021-11-15 07:32:14,722] {processor.py:163} INFO - Started process (PID=827) to work on /home/airflow/.local/lib/python3.7/site-packages/airflow/example_dags/example_bash_operator.py
[2021-11-15 07:32:14,724] {processor.py:620} INFO - Processing file /home/airflow/.local/lib/python3.7/site-packages/airflow/example_dags/example_bash_operator.py for tasks to queue
[2021-11-15 07:32:14,724] {logging_mixin.py:109} INFO - [2021-11-15 07:32:14,724] {dagbag.py:500} INFO - Filling up the DagBag from /home/airflow/.local/lib/python3.7/site-packages/airflow/example_dags/example_bash_operator.py
[2021-11-15 07:32:14,758] {processor.py:632} INFO - DAG(s) dict_keys(['example_bash_operator']) retrieved from /home/airflow/.local/lib/python3.7/site-packages/airflow/example_dags/example_bash_operator.py
[2021-11-15 07:32:14,773] {logging_mixin.py:109} INFO - [2021-11-15 07:32:14,772] {dag.py:2389} INFO - Sync 1 DAGs
[2021-11-15 07:32:14,794] {logging_mixin.py:109} INFO - [2021-11-15 07:32:14,794] {dag.py:2921} INFO - Setting next_dagrun for example_bash_operator to 2021-11-14 00:00:00+00:00
[2021-11-15 07:32:14,804] {processor.py:171} INFO - Processing /home/airflow/.local/lib/python3.7/site-packages/airflow/example_dags/example_bash_operator.py took 0.086 seconds
[2021-11-15 07:32:45,282] {processor.py:163} INFO - Started process (PID=876) to work on /home/airflow/.local/lib/python3.7/site-packages/airflow/example_dags/example_bash_operator.py
[2021-11-15 07:32:45,285] {processor.py:620} INFO - Processing file /home/airflow/.local/lib/python3.7/site-packages/airflow/example_dags/example_bash_operator.py for tasks to queue
[2021-11-15 07:32:45,287] {logging_mixin.py:109} INFO - [2021-11-15 07:32:45,286] {dagbag.py:500} INFO - Filling up the DagBag from /home/airflow/.local/lib/python3.7/site-packages/airflow/example_dags/example_bash_operator.py
[2021-11-15 07:32:45,325] {processor.py:632} INFO - DAG(s) dict_keys(['example_bash_operator']) retrieved from /home/airflow/.local/lib/python3.7/site-packages/airflow/example_dags/example_bash_operator.py
[2021-11-15 07:32:45,334] {logging_mixin.py:109} INFO - [2021-11-15 07:32:45,334] {dag.py:2389} INFO - Sync 1 DAGs
[2021-11-15 07:32:45,351] {logging_mixin.py:109} INFO - [2021-11-15 07:32:45,351] {dag.py:2921} INFO - Setting next_dagrun for example_bash_operator to 2021-11-14 00:00:00+00:00
[2021-11-15 07:32:45,360] {processor.py:171} INFO - Processing /home/airflow/.local/lib/python3.7/site-packages/airflow/example_dags/example_bash_operator.py took 0.087 seconds
[2021-11-15 07:33:15,816] {processor.py:163} INFO - Started process (PID=927) to work on /home/airflow/.local/lib/python3.7/site-packages/airflow/example_dags/example_bash_operator.py
[2021-11-15 07:33:15,818] {processor.py:620} INFO - Processing file /home/airflow/.local/lib/python3.7/site-packages/airflow/example_dags/example_bash_operator.py for tasks to queue
[2021-11-15 07:33:15,818] {logging_mixin.py:109} INFO - [2021-11-15 07:33:15,818] {dagbag.py:500} INFO - Filling up the DagBag from /home/airflow/.local/lib/python3.7/site-packages/airflow/example_dags/example_bash_operator.py
[2021-11-15 07:33:15,842] {processor.py:632} INFO - DAG(s) dict_keys(['example_bash_operator']) retrieved from /home/airflow/.local/lib/python3.7/site-packages/airflow/example_dags/example_bash_operator.py
[2021-11-15 07:33:15,854] {logging_mixin.py:109} INFO - [2021-11-15 07:33:15,854] {dag.py:2389} INFO - Sync 1 DAGs
[2021-11-15 07:33:15,874] {logging_mixin.py:109} INFO - [2021-11-15 07:33:15,874] {dag.py:2921} INFO - Setting next_dagrun for example_bash_operator to 2021-11-14 00:00:00+00:00
[2021-11-15 07:33:15,885] {processor.py:171} INFO - Processing /home/airflow/.local/lib/python3.7/site-packages/airflow/example_dags/example_bash_operator.py took 0.071 seconds
[2021-11-15 07:33:46,239] {processor.py:163} INFO - Started process (PID=985) to work on /home/airflow/.local/lib/python3.7/site-packages/airflow/example_dags/example_bash_operator.py
[2021-11-15 07:33:46,241] {processor.py:620} INFO - Processing file /home/airflow/.local/lib/python3.7/site-packages/airflow/example_dags/example_bash_operator.py for tasks to queue
[2021-11-15 07:33:46,242] {logging_mixin.py:109} INFO - [2021-11-15 07:33:46,242] {dagbag.py:500} INFO - Filling up the DagBag from /home/airflow/.local/lib/python3.7/site-packages/airflow/example_dags/example_bash_operator.py
[2021-11-15 07:33:46,278] {processor.py:632} INFO - DAG(s) dict_keys(['example_bash_operator']) retrieved from /home/airflow/.local/lib/python3.7/site-packages/airflow/example_dags/example_bash_operator.py
[2021-11-15 07:33:46,291] {logging_mixin.py:109} INFO - [2021-11-15 07:33:46,291] {dag.py:2389} INFO - Sync 1 DAGs
[2021-11-15 07:33:46,310] {logging_mixin.py:109} INFO - [2021-11-15 07:33:46,310] {dag.py:2921} INFO - Setting next_dagrun for example_bash_operator to 2021-11-14 00:00:00+00:00
[2021-11-15 07:33:46,319] {processor.py:171} INFO - Processing /home/airflow/.local/lib/python3.7/site-packages/airflow/example_dags/example_bash_operator.py took 0.084 seconds
[2021-11-15 07:34:16,805] {processor.py:163} INFO - Started process (PID=1034) to work on /home/airflow/.local/lib/python3.7/site-packages/airflow/example_dags/example_bash_operator.py
[2021-11-15 07:34:16,806] {processor.py:620} INFO - Processing file /home/airflow/.local/lib/python3.7/site-packages/airflow/example_dags/example_bash_operator.py for tasks to queue
[2021-11-15 07:34:16,807] {logging_mixin.py:109} INFO - [2021-11-15 07:34:16,807] {dagbag.py:500} INFO - Filling up the DagBag from /home/airflow/.local/lib/python3.7/site-packages/airflow/example_dags/example_bash_operator.py
[2021-11-15 07:34:16,836] {processor.py:632} INFO - DAG(s) dict_keys(['example_bash_operator']) retrieved from /home/airflow/.local/lib/python3.7/site-packages/airflow/example_dags/example_bash_operator.py
[2021-11-15 07:34:16,849] {logging_mixin.py:109} INFO - [2021-11-15 07:34:16,849] {dag.py:2389} INFO - Sync 1 DAGs
[2021-11-15 07:34:16,869] {logging_mixin.py:109} INFO - [2021-11-15 07:34:16,869] {dag.py:2921} INFO - Setting next_dagrun for example_bash_operator to 2021-11-14 00:00:00+00:00
[2021-11-15 07:34:16,880] {processor.py:171} INFO - Processing /home/airflow/.local/lib/python3.7/site-packages/airflow/example_dags/example_bash_operator.py took 0.078 seconds
[2021-11-15 07:34:47,267] {processor.py:163} INFO - Started process (PID=1093) to work on /home/airflow/.local/lib/python3.7/site-packages/airflow/example_dags/example_bash_operator.py
[2021-11-15 07:34:47,271] {processor.py:620} INFO - Processing file /home/airflow/.local/lib/python3.7/site-packages/airflow/example_dags/example_bash_operator.py for tasks to queue
[2021-11-15 07:34:47,273] {logging_mixin.py:109} INFO - [2021-11-15 07:34:47,272] {dagbag.py:500} INFO - Filling up the DagBag from /home/airflow/.local/lib/python3.7/site-packages/airflow/example_dags/example_bash_operator.py
[2021-11-15 07:34:47,314] {processor.py:632} INFO - DAG(s) dict_keys(['example_bash_operator']) retrieved from /home/airflow/.local/lib/python3.7/site-packages/airflow/example_dags/example_bash_operator.py
[2021-11-15 07:34:47,324] {logging_mixin.py:109} INFO - [2021-11-15 07:34:47,324] {dag.py:2389} INFO - Sync 1 DAGs
[2021-11-15 07:34:47,341] {logging_mixin.py:109} INFO - [2021-11-15 07:34:47,341] {dag.py:2921} INFO - Setting next_dagrun for example_bash_operator to 2021-11-14 00:00:00+00:00
[2021-11-15 07:34:47,351] {processor.py:171} INFO - Processing /home/airflow/.local/lib/python3.7/site-packages/airflow/example_dags/example_bash_operator.py took 0.093 seconds
[2021-11-15 07:35:17,865] {processor.py:163} INFO - Started process (PID=1142) to work on /home/airflow/.local/lib/python3.7/site-packages/airflow/example_dags/example_bash_operator.py
[2021-11-15 07:35:17,867] {processor.py:620} INFO - Processing file /home/airflow/.local/lib/python3.7/site-packages/airflow/example_dags/example_bash_operator.py for tasks to queue
[2021-11-15 07:35:17,868] {logging_mixin.py:109} INFO - [2021-11-15 07:35:17,867] {dagbag.py:500} INFO - Filling up the DagBag from /home/airflow/.local/lib/python3.7/site-packages/airflow/example_dags/example_bash_operator.py
[2021-11-15 07:35:17,895] {processor.py:632} INFO - DAG(s) dict_keys(['example_bash_operator']) retrieved from /home/airflow/.local/lib/python3.7/site-packages/airflow/example_dags/example_bash_operator.py
[2021-11-15 07:35:17,907] {logging_mixin.py:109} INFO - [2021-11-15 07:35:17,907] {dag.py:2389} INFO - Sync 1 DAGs
[2021-11-15 07:35:17,932] {logging_mixin.py:109} INFO - [2021-11-15 07:35:17,932] {dag.py:2921} INFO - Setting next_dagrun for example_bash_operator to 2021-11-14 00:00:00+00:00
[2021-11-15 07:35:17,943] {processor.py:171} INFO - Processing /home/airflow/.local/lib/python3.7/site-packages/airflow/example_dags/example_bash_operator.py took 0.081 seconds
[2021-11-15 07:35:48,292] {processor.py:163} INFO - Started process (PID=1199) to work on /home/airflow/.local/lib/python3.7/site-packages/airflow/example_dags/example_bash_operator.py
[2021-11-15 07:35:48,295] {processor.py:620} INFO - Processing file /home/airflow/.local/lib/python3.7/site-packages/airflow/example_dags/example_bash_operator.py for tasks to queue
[2021-11-15 07:35:48,296] {logging_mixin.py:109} INFO - [2021-11-15 07:35:48,296] {dagbag.py:500} INFO - Filling up the DagBag from /home/airflow/.local/lib/python3.7/site-packages/airflow/example_dags/example_bash_operator.py
[2021-11-15 07:35:48,333] {processor.py:632} INFO - DAG(s) dict_keys(['example_bash_operator']) retrieved from /home/airflow/.local/lib/python3.7/site-packages/airflow/example_dags/example_bash_operator.py
[2021-11-15 07:35:48,343] {logging_mixin.py:109} INFO - [2021-11-15 07:35:48,343] {dag.py:2389} INFO - Sync 1 DAGs
[2021-11-15 07:35:48,358] {logging_mixin.py:109} INFO - [2021-11-15 07:35:48,358] {dag.py:2921} INFO - Setting next_dagrun for example_bash_operator to 2021-11-14 00:00:00+00:00
[2021-11-15 07:35:48,367] {processor.py:171} INFO - Processing /home/airflow/.local/lib/python3.7/site-packages/airflow/example_dags/example_bash_operator.py took 0.082 seconds
[2021-11-15 07:36:18,840] {processor.py:163} INFO - Started process (PID=1249) to work on /home/airflow/.local/lib/python3.7/site-packages/airflow/example_dags/example_bash_operator.py
[2021-11-15 07:36:18,842] {processor.py:620} INFO - Processing file /home/airflow/.local/lib/python3.7/site-packages/airflow/example_dags/example_bash_operator.py for tasks to queue
[2021-11-15 07:36:18,843] {logging_mixin.py:109} INFO - [2021-11-15 07:36:18,843] {dagbag.py:500} INFO - Filling up the DagBag from /home/airflow/.local/lib/python3.7/site-packages/airflow/example_dags/example_bash_operator.py
[2021-11-15 07:36:18,880] {processor.py:632} INFO - DAG(s) dict_keys(['example_bash_operator']) retrieved from /home/airflow/.local/lib/python3.7/site-packages/airflow/example_dags/example_bash_operator.py
[2021-11-15 07:36:18,894] {logging_mixin.py:109} INFO - [2021-11-15 07:36:18,894] {dag.py:2389} INFO - Sync 1 DAGs
[2021-11-15 07:36:18,917] {logging_mixin.py:109} INFO - [2021-11-15 07:36:18,917] {dag.py:2921} INFO - Setting next_dagrun for example_bash_operator to 2021-11-14 00:00:00+00:00
[2021-11-15 07:36:18,930] {processor.py:171} INFO - Processing /home/airflow/.local/lib/python3.7/site-packages/airflow/example_dags/example_bash_operator.py took 0.095 seconds
[2021-11-15 07:36:49,389] {processor.py:163} INFO - Started process (PID=1306) to work on /home/airflow/.local/lib/python3.7/site-packages/airflow/example_dags/example_bash_operator.py
[2021-11-15 07:36:49,391] {processor.py:620} INFO - Processing file /home/airflow/.local/lib/python3.7/site-packages/airflow/example_dags/example_bash_operator.py for tasks to queue
[2021-11-15 07:36:49,391] {logging_mixin.py:109} INFO - [2021-11-15 07:36:49,391] {dagbag.py:500} INFO - Filling up the DagBag from /home/airflow/.local/lib/python3.7/site-packages/airflow/example_dags/example_bash_operator.py
[2021-11-15 07:36:49,417] {processor.py:632} INFO - DAG(s) dict_keys(['example_bash_operator']) retrieved from /home/airflow/.local/lib/python3.7/site-packages/airflow/example_dags/example_bash_operator.py
[2021-11-15 07:36:49,428] {logging_mixin.py:109} INFO - [2021-11-15 07:36:49,428] {dag.py:2389} INFO - Sync 1 DAGs
[2021-11-15 07:36:49,448] {logging_mixin.py:109} INFO - [2021-11-15 07:36:49,448] {dag.py:2921} INFO - Setting next_dagrun for example_bash_operator to 2021-11-14 00:00:00+00:00
[2021-11-15 07:36:49,458] {processor.py:171} INFO - Processing /home/airflow/.local/lib/python3.7/site-packages/airflow/example_dags/example_bash_operator.py took 0.072 seconds
[2021-11-15 07:37:19,761] {processor.py:163} INFO - Started process (PID=1356) to work on /home/airflow/.local/lib/python3.7/site-packages/airflow/example_dags/example_bash_operator.py
[2021-11-15 07:37:19,763] {processor.py:620} INFO - Processing file /home/airflow/.local/lib/python3.7/site-packages/airflow/example_dags/example_bash_operator.py for tasks to queue
[2021-11-15 07:37:19,764] {logging_mixin.py:109} INFO - [2021-11-15 07:37:19,763] {dagbag.py:500} INFO - Filling up the DagBag from /home/airflow/.local/lib/python3.7/site-packages/airflow/example_dags/example_bash_operator.py
[2021-11-15 07:37:19,801] {processor.py:632} INFO - DAG(s) dict_keys(['example_bash_operator']) retrieved from /home/airflow/.local/lib/python3.7/site-packages/airflow/example_dags/example_bash_operator.py
[2021-11-15 07:37:19,814] {logging_mixin.py:109} INFO - [2021-11-15 07:37:19,814] {dag.py:2389} INFO - Sync 1 DAGs
[2021-11-15 07:37:19,837] {logging_mixin.py:109} INFO - [2021-11-15 07:37:19,837] {dag.py:2921} INFO - Setting next_dagrun for example_bash_operator to 2021-11-14 00:00:00+00:00
[2021-11-15 07:37:19,849] {processor.py:171} INFO - Processing /home/airflow/.local/lib/python3.7/site-packages/airflow/example_dags/example_bash_operator.py took 0.093 seconds
[2021-11-15 07:37:49,988] {processor.py:163} INFO - Started process (PID=1405) to work on /home/airflow/.local/lib/python3.7/site-packages/airflow/example_dags/example_bash_operator.py
[2021-11-15 07:37:49,989] {processor.py:620} INFO - Processing file /home/airflow/.local/lib/python3.7/site-packages/airflow/example_dags/example_bash_operator.py for tasks to queue
[2021-11-15 07:37:49,990] {logging_mixin.py:109} INFO - [2021-11-15 07:37:49,990] {dagbag.py:500} INFO - Filling up the DagBag from /home/airflow/.local/lib/python3.7/site-packages/airflow/example_dags/example_bash_operator.py
[2021-11-15 07:37:50,014] {processor.py:632} INFO - DAG(s) dict_keys(['example_bash_operator']) retrieved from /home/airflow/.local/lib/python3.7/site-packages/airflow/example_dags/example_bash_operator.py
[2021-11-15 07:37:50,024] {logging_mixin.py:109} INFO - [2021-11-15 07:37:50,024] {dag.py:2389} INFO - Sync 1 DAGs
[2021-11-15 07:37:50,045] {logging_mixin.py:109} INFO - [2021-11-15 07:37:50,045] {dag.py:2921} INFO - Setting next_dagrun for example_bash_operator to 2021-11-14 00:00:00+00:00
[2021-11-15 07:37:50,055] {processor.py:171} INFO - Processing /home/airflow/.local/lib/python3.7/site-packages/airflow/example_dags/example_bash_operator.py took 0.071 seconds
