[2021-11-15 07:27:12,701] {processor.py:163} INFO - Started process (PID=117) to work on /home/airflow/.local/lib/python3.7/site-packages/airflow/example_dags/example_complex.py
[2021-11-15 07:27:12,702] {processor.py:620} INFO - Processing file /home/airflow/.local/lib/python3.7/site-packages/airflow/example_dags/example_complex.py for tasks to queue
[2021-11-15 07:27:12,703] {logging_mixin.py:109} INFO - [2021-11-15 07:27:12,703] {dagbag.py:500} INFO - Filling up the DagBag from /home/airflow/.local/lib/python3.7/site-packages/airflow/example_dags/example_complex.py
[2021-11-15 07:27:12,776] {processor.py:632} INFO - DAG(s) dict_keys(['example_complex']) retrieved from /home/airflow/.local/lib/python3.7/site-packages/airflow/example_dags/example_complex.py
[2021-11-15 07:27:15,207] {logging_mixin.py:109} INFO - [2021-11-15 07:27:15,207] {providers_manager.py:156} WARNING - Exception when importing 'airflow.providers.google.leveldb.hooks.leveldb.LevelDBHook' from 'apache-airflow-providers-google' package: No module named 'plyvel'
[2021-11-15 07:27:15,629] {logging_mixin.py:109} INFO - [2021-11-15 07:27:15,629] {providers_manager.py:156} WARNING - Exception when importing 'airflow.providers.google.leveldb.hooks.leveldb.LevelDBHook' from 'apache-airflow-providers-google' package: No module named 'plyvel'
[2021-11-15 07:27:15,650] {logging_mixin.py:109} INFO - [2021-11-15 07:27:15,650] {manager.py:496} INFO - Created Permission View: can edit on DAG:example_complex
[2021-11-15 07:27:15,657] {logging_mixin.py:109} INFO - [2021-11-15 07:27:15,657] {manager.py:496} INFO - Created Permission View: can read on DAG:example_complex
[2021-11-15 07:27:15,658] {logging_mixin.py:109} INFO - [2021-11-15 07:27:15,657] {dag.py:2389} INFO - Sync 1 DAGs
[2021-11-15 07:27:15,664] {logging_mixin.py:109} INFO - [2021-11-15 07:27:15,663] {dag.py:2408} INFO - Creating ORM DAG for example_complex
[2021-11-15 07:27:15,671] {logging_mixin.py:109} INFO - [2021-11-15 07:27:15,671] {dag.py:2921} INFO - Setting next_dagrun for example_complex to None
[2021-11-15 07:27:15,683] {processor.py:171} INFO - Processing /home/airflow/.local/lib/python3.7/site-packages/airflow/example_dags/example_complex.py took 2.987 seconds
[2021-11-15 07:27:46,294] {processor.py:163} INFO - Started process (PID=361) to work on /home/airflow/.local/lib/python3.7/site-packages/airflow/example_dags/example_complex.py
[2021-11-15 07:27:46,295] {processor.py:620} INFO - Processing file /home/airflow/.local/lib/python3.7/site-packages/airflow/example_dags/example_complex.py for tasks to queue
[2021-11-15 07:27:46,296] {logging_mixin.py:109} INFO - [2021-11-15 07:27:46,296] {dagbag.py:500} INFO - Filling up the DagBag from /home/airflow/.local/lib/python3.7/site-packages/airflow/example_dags/example_complex.py
[2021-11-15 07:27:46,334] {processor.py:632} INFO - DAG(s) dict_keys(['example_complex']) retrieved from /home/airflow/.local/lib/python3.7/site-packages/airflow/example_dags/example_complex.py
[2021-11-15 07:27:46,352] {logging_mixin.py:109} INFO - [2021-11-15 07:27:46,352] {dag.py:2389} INFO - Sync 1 DAGs
[2021-11-15 07:27:46,368] {logging_mixin.py:109} INFO - [2021-11-15 07:27:46,368] {dag.py:2921} INFO - Setting next_dagrun for example_complex to None
[2021-11-15 07:27:46,376] {processor.py:171} INFO - Processing /home/airflow/.local/lib/python3.7/site-packages/airflow/example_dags/example_complex.py took 0.086 seconds
[2021-11-15 07:28:16,559] {processor.py:163} INFO - Started process (PID=411) to work on /home/airflow/.local/lib/python3.7/site-packages/airflow/example_dags/example_complex.py
[2021-11-15 07:28:16,561] {processor.py:620} INFO - Processing file /home/airflow/.local/lib/python3.7/site-packages/airflow/example_dags/example_complex.py for tasks to queue
[2021-11-15 07:28:16,561] {logging_mixin.py:109} INFO - [2021-11-15 07:28:16,561] {dagbag.py:500} INFO - Filling up the DagBag from /home/airflow/.local/lib/python3.7/site-packages/airflow/example_dags/example_complex.py
[2021-11-15 07:28:16,606] {processor.py:632} INFO - DAG(s) dict_keys(['example_complex']) retrieved from /home/airflow/.local/lib/python3.7/site-packages/airflow/example_dags/example_complex.py
[2021-11-15 07:28:16,624] {logging_mixin.py:109} INFO - [2021-11-15 07:28:16,624] {dag.py:2389} INFO - Sync 1 DAGs
[2021-11-15 07:28:16,640] {logging_mixin.py:109} INFO - [2021-11-15 07:28:16,640] {dag.py:2921} INFO - Setting next_dagrun for example_complex to None
[2021-11-15 07:28:16,649] {processor.py:171} INFO - Processing /home/airflow/.local/lib/python3.7/site-packages/airflow/example_dags/example_complex.py took 0.094 seconds
[2021-11-15 07:28:46,676] {processor.py:163} INFO - Started process (PID=470) to work on /home/airflow/.local/lib/python3.7/site-packages/airflow/example_dags/example_complex.py
[2021-11-15 07:28:46,678] {processor.py:620} INFO - Processing file /home/airflow/.local/lib/python3.7/site-packages/airflow/example_dags/example_complex.py for tasks to queue
[2021-11-15 07:28:46,678] {logging_mixin.py:109} INFO - [2021-11-15 07:28:46,678] {dagbag.py:500} INFO - Filling up the DagBag from /home/airflow/.local/lib/python3.7/site-packages/airflow/example_dags/example_complex.py
[2021-11-15 07:28:46,710] {processor.py:632} INFO - DAG(s) dict_keys(['example_complex']) retrieved from /home/airflow/.local/lib/python3.7/site-packages/airflow/example_dags/example_complex.py
[2021-11-15 07:28:46,725] {logging_mixin.py:109} INFO - [2021-11-15 07:28:46,725] {dag.py:2389} INFO - Sync 1 DAGs
[2021-11-15 07:28:46,739] {logging_mixin.py:109} INFO - [2021-11-15 07:28:46,739] {dag.py:2921} INFO - Setting next_dagrun for example_complex to None
[2021-11-15 07:28:46,746] {processor.py:171} INFO - Processing /home/airflow/.local/lib/python3.7/site-packages/airflow/example_dags/example_complex.py took 0.072 seconds
[2021-11-15 07:29:16,806] {processor.py:163} INFO - Started process (PID=519) to work on /home/airflow/.local/lib/python3.7/site-packages/airflow/example_dags/example_complex.py
[2021-11-15 07:29:16,808] {processor.py:620} INFO - Processing file /home/airflow/.local/lib/python3.7/site-packages/airflow/example_dags/example_complex.py for tasks to queue
[2021-11-15 07:29:16,808] {logging_mixin.py:109} INFO - [2021-11-15 07:29:16,808] {dagbag.py:500} INFO - Filling up the DagBag from /home/airflow/.local/lib/python3.7/site-packages/airflow/example_dags/example_complex.py
[2021-11-15 07:29:16,853] {processor.py:632} INFO - DAG(s) dict_keys(['example_complex']) retrieved from /home/airflow/.local/lib/python3.7/site-packages/airflow/example_dags/example_complex.py
[2021-11-15 07:29:16,876] {logging_mixin.py:109} INFO - [2021-11-15 07:29:16,876] {dag.py:2389} INFO - Sync 1 DAGs
[2021-11-15 07:29:16,895] {logging_mixin.py:109} INFO - [2021-11-15 07:29:16,895] {dag.py:2921} INFO - Setting next_dagrun for example_complex to None
[2021-11-15 07:29:16,906] {processor.py:171} INFO - Processing /home/airflow/.local/lib/python3.7/site-packages/airflow/example_dags/example_complex.py took 0.103 seconds
[2021-11-15 07:29:47,090] {processor.py:163} INFO - Started process (PID=568) to work on /home/airflow/.local/lib/python3.7/site-packages/airflow/example_dags/example_complex.py
[2021-11-15 07:29:47,092] {processor.py:620} INFO - Processing file /home/airflow/.local/lib/python3.7/site-packages/airflow/example_dags/example_complex.py for tasks to queue
[2021-11-15 07:29:47,092] {logging_mixin.py:109} INFO - [2021-11-15 07:29:47,092] {dagbag.py:500} INFO - Filling up the DagBag from /home/airflow/.local/lib/python3.7/site-packages/airflow/example_dags/example_complex.py
[2021-11-15 07:29:47,128] {processor.py:632} INFO - DAG(s) dict_keys(['example_complex']) retrieved from /home/airflow/.local/lib/python3.7/site-packages/airflow/example_dags/example_complex.py
[2021-11-15 07:29:47,149] {logging_mixin.py:109} INFO - [2021-11-15 07:29:47,149] {dag.py:2389} INFO - Sync 1 DAGs
[2021-11-15 07:29:47,168] {logging_mixin.py:109} INFO - [2021-11-15 07:29:47,167] {dag.py:2921} INFO - Setting next_dagrun for example_complex to None
[2021-11-15 07:29:47,177] {processor.py:171} INFO - Processing /home/airflow/.local/lib/python3.7/site-packages/airflow/example_dags/example_complex.py took 0.090 seconds
[2021-11-15 07:30:17,614] {processor.py:163} INFO - Started process (PID=625) to work on /home/airflow/.local/lib/python3.7/site-packages/airflow/example_dags/example_complex.py
[2021-11-15 07:30:17,616] {processor.py:620} INFO - Processing file /home/airflow/.local/lib/python3.7/site-packages/airflow/example_dags/example_complex.py for tasks to queue
[2021-11-15 07:30:17,616] {logging_mixin.py:109} INFO - [2021-11-15 07:30:17,616] {dagbag.py:500} INFO - Filling up the DagBag from /home/airflow/.local/lib/python3.7/site-packages/airflow/example_dags/example_complex.py
[2021-11-15 07:30:17,665] {processor.py:632} INFO - DAG(s) dict_keys(['example_complex']) retrieved from /home/airflow/.local/lib/python3.7/site-packages/airflow/example_dags/example_complex.py
[2021-11-15 07:30:17,687] {logging_mixin.py:109} INFO - [2021-11-15 07:30:17,687] {dag.py:2389} INFO - Sync 1 DAGs
[2021-11-15 07:30:17,702] {logging_mixin.py:109} INFO - [2021-11-15 07:30:17,701] {dag.py:2921} INFO - Setting next_dagrun for example_complex to None
[2021-11-15 07:30:17,710] {processor.py:171} INFO - Processing /home/airflow/.local/lib/python3.7/site-packages/airflow/example_dags/example_complex.py took 0.099 seconds
[2021-11-15 07:30:48,085] {processor.py:163} INFO - Started process (PID=675) to work on /home/airflow/.local/lib/python3.7/site-packages/airflow/example_dags/example_complex.py
[2021-11-15 07:30:48,086] {processor.py:620} INFO - Processing file /home/airflow/.local/lib/python3.7/site-packages/airflow/example_dags/example_complex.py for tasks to queue
[2021-11-15 07:30:48,087] {logging_mixin.py:109} INFO - [2021-11-15 07:30:48,087] {dagbag.py:500} INFO - Filling up the DagBag from /home/airflow/.local/lib/python3.7/site-packages/airflow/example_dags/example_complex.py
[2021-11-15 07:30:48,115] {processor.py:632} INFO - DAG(s) dict_keys(['example_complex']) retrieved from /home/airflow/.local/lib/python3.7/site-packages/airflow/example_dags/example_complex.py
[2021-11-15 07:30:48,130] {logging_mixin.py:109} INFO - [2021-11-15 07:30:48,130] {dag.py:2389} INFO - Sync 1 DAGs
[2021-11-15 07:30:48,144] {logging_mixin.py:109} INFO - [2021-11-15 07:30:48,144] {dag.py:2921} INFO - Setting next_dagrun for example_complex to None
[2021-11-15 07:30:48,152] {processor.py:171} INFO - Processing /home/airflow/.local/lib/python3.7/site-packages/airflow/example_dags/example_complex.py took 0.070 seconds
[2021-11-15 07:31:18,549] {processor.py:163} INFO - Started process (PID=732) to work on /home/airflow/.local/lib/python3.7/site-packages/airflow/example_dags/example_complex.py
[2021-11-15 07:31:18,553] {processor.py:620} INFO - Processing file /home/airflow/.local/lib/python3.7/site-packages/airflow/example_dags/example_complex.py for tasks to queue
[2021-11-15 07:31:18,554] {logging_mixin.py:109} INFO - [2021-11-15 07:31:18,554] {dagbag.py:500} INFO - Filling up the DagBag from /home/airflow/.local/lib/python3.7/site-packages/airflow/example_dags/example_complex.py
[2021-11-15 07:31:18,604] {processor.py:632} INFO - DAG(s) dict_keys(['example_complex']) retrieved from /home/airflow/.local/lib/python3.7/site-packages/airflow/example_dags/example_complex.py
[2021-11-15 07:31:18,622] {logging_mixin.py:109} INFO - [2021-11-15 07:31:18,621] {dag.py:2389} INFO - Sync 1 DAGs
[2021-11-15 07:31:18,637] {logging_mixin.py:109} INFO - [2021-11-15 07:31:18,637] {dag.py:2921} INFO - Setting next_dagrun for example_complex to None
[2021-11-15 07:31:18,646] {processor.py:171} INFO - Processing /home/airflow/.local/lib/python3.7/site-packages/airflow/example_dags/example_complex.py took 0.105 seconds
[2021-11-15 07:31:48,905] {processor.py:163} INFO - Started process (PID=783) to work on /home/airflow/.local/lib/python3.7/site-packages/airflow/example_dags/example_complex.py
[2021-11-15 07:31:48,907] {processor.py:620} INFO - Processing file /home/airflow/.local/lib/python3.7/site-packages/airflow/example_dags/example_complex.py for tasks to queue
[2021-11-15 07:31:48,907] {logging_mixin.py:109} INFO - [2021-11-15 07:31:48,907] {dagbag.py:500} INFO - Filling up the DagBag from /home/airflow/.local/lib/python3.7/site-packages/airflow/example_dags/example_complex.py
[2021-11-15 07:31:48,937] {processor.py:632} INFO - DAG(s) dict_keys(['example_complex']) retrieved from /home/airflow/.local/lib/python3.7/site-packages/airflow/example_dags/example_complex.py
[2021-11-15 07:31:48,958] {logging_mixin.py:109} INFO - [2021-11-15 07:31:48,958] {dag.py:2389} INFO - Sync 1 DAGs
[2021-11-15 07:31:48,975] {logging_mixin.py:109} INFO - [2021-11-15 07:31:48,975] {dag.py:2921} INFO - Setting next_dagrun for example_complex to None
[2021-11-15 07:31:48,985] {processor.py:171} INFO - Processing /home/airflow/.local/lib/python3.7/site-packages/airflow/example_dags/example_complex.py took 0.081 seconds
[2021-11-15 07:32:19,391] {processor.py:163} INFO - Started process (PID=840) to work on /home/airflow/.local/lib/python3.7/site-packages/airflow/example_dags/example_complex.py
[2021-11-15 07:32:19,394] {processor.py:620} INFO - Processing file /home/airflow/.local/lib/python3.7/site-packages/airflow/example_dags/example_complex.py for tasks to queue
[2021-11-15 07:32:19,396] {logging_mixin.py:109} INFO - [2021-11-15 07:32:19,396] {dagbag.py:500} INFO - Filling up the DagBag from /home/airflow/.local/lib/python3.7/site-packages/airflow/example_dags/example_complex.py
[2021-11-15 07:32:19,446] {processor.py:632} INFO - DAG(s) dict_keys(['example_complex']) retrieved from /home/airflow/.local/lib/python3.7/site-packages/airflow/example_dags/example_complex.py
[2021-11-15 07:32:19,469] {logging_mixin.py:109} INFO - [2021-11-15 07:32:19,468] {dag.py:2389} INFO - Sync 1 DAGs
[2021-11-15 07:32:19,484] {logging_mixin.py:109} INFO - [2021-11-15 07:32:19,484] {dag.py:2921} INFO - Setting next_dagrun for example_complex to None
[2021-11-15 07:32:19,492] {processor.py:171} INFO - Processing /home/airflow/.local/lib/python3.7/site-packages/airflow/example_dags/example_complex.py took 0.110 seconds
[2021-11-15 07:32:49,828] {processor.py:163} INFO - Started process (PID=889) to work on /home/airflow/.local/lib/python3.7/site-packages/airflow/example_dags/example_complex.py
[2021-11-15 07:32:49,829] {processor.py:620} INFO - Processing file /home/airflow/.local/lib/python3.7/site-packages/airflow/example_dags/example_complex.py for tasks to queue
[2021-11-15 07:32:49,830] {logging_mixin.py:109} INFO - [2021-11-15 07:32:49,830] {dagbag.py:500} INFO - Filling up the DagBag from /home/airflow/.local/lib/python3.7/site-packages/airflow/example_dags/example_complex.py
[2021-11-15 07:32:49,865] {processor.py:632} INFO - DAG(s) dict_keys(['example_complex']) retrieved from /home/airflow/.local/lib/python3.7/site-packages/airflow/example_dags/example_complex.py
[2021-11-15 07:32:49,882] {logging_mixin.py:109} INFO - [2021-11-15 07:32:49,882] {dag.py:2389} INFO - Sync 1 DAGs
[2021-11-15 07:32:49,898] {logging_mixin.py:109} INFO - [2021-11-15 07:32:49,898] {dag.py:2921} INFO - Setting next_dagrun for example_complex to None
[2021-11-15 07:32:49,908] {processor.py:171} INFO - Processing /home/airflow/.local/lib/python3.7/site-packages/airflow/example_dags/example_complex.py took 0.084 seconds
[2021-11-15 07:33:20,305] {processor.py:163} INFO - Started process (PID=949) to work on /home/airflow/.local/lib/python3.7/site-packages/airflow/example_dags/example_complex.py
[2021-11-15 07:33:20,309] {processor.py:620} INFO - Processing file /home/airflow/.local/lib/python3.7/site-packages/airflow/example_dags/example_complex.py for tasks to queue
[2021-11-15 07:33:20,310] {logging_mixin.py:109} INFO - [2021-11-15 07:33:20,310] {dagbag.py:500} INFO - Filling up the DagBag from /home/airflow/.local/lib/python3.7/site-packages/airflow/example_dags/example_complex.py
[2021-11-15 07:33:20,359] {processor.py:632} INFO - DAG(s) dict_keys(['example_complex']) retrieved from /home/airflow/.local/lib/python3.7/site-packages/airflow/example_dags/example_complex.py
[2021-11-15 07:33:20,379] {logging_mixin.py:109} INFO - [2021-11-15 07:33:20,379] {dag.py:2389} INFO - Sync 1 DAGs
[2021-11-15 07:33:20,396] {logging_mixin.py:109} INFO - [2021-11-15 07:33:20,396] {dag.py:2921} INFO - Setting next_dagrun for example_complex to None
[2021-11-15 07:33:20,409] {processor.py:171} INFO - Processing /home/airflow/.local/lib/python3.7/site-packages/airflow/example_dags/example_complex.py took 0.112 seconds
[2021-11-15 07:33:50,804] {processor.py:163} INFO - Started process (PID=998) to work on /home/airflow/.local/lib/python3.7/site-packages/airflow/example_dags/example_complex.py
[2021-11-15 07:33:50,806] {processor.py:620} INFO - Processing file /home/airflow/.local/lib/python3.7/site-packages/airflow/example_dags/example_complex.py for tasks to queue
[2021-11-15 07:33:50,807] {logging_mixin.py:109} INFO - [2021-11-15 07:33:50,806] {dagbag.py:500} INFO - Filling up the DagBag from /home/airflow/.local/lib/python3.7/site-packages/airflow/example_dags/example_complex.py
[2021-11-15 07:33:50,850] {processor.py:632} INFO - DAG(s) dict_keys(['example_complex']) retrieved from /home/airflow/.local/lib/python3.7/site-packages/airflow/example_dags/example_complex.py
[2021-11-15 07:33:50,875] {logging_mixin.py:109} INFO - [2021-11-15 07:33:50,874] {dag.py:2389} INFO - Sync 1 DAGs
[2021-11-15 07:33:50,899] {logging_mixin.py:109} INFO - [2021-11-15 07:33:50,899] {dag.py:2921} INFO - Setting next_dagrun for example_complex to None
[2021-11-15 07:33:50,908] {processor.py:171} INFO - Processing /home/airflow/.local/lib/python3.7/site-packages/airflow/example_dags/example_complex.py took 0.110 seconds
[2021-11-15 07:34:21,321] {processor.py:163} INFO - Started process (PID=1057) to work on /home/airflow/.local/lib/python3.7/site-packages/airflow/example_dags/example_complex.py
[2021-11-15 07:34:21,324] {processor.py:620} INFO - Processing file /home/airflow/.local/lib/python3.7/site-packages/airflow/example_dags/example_complex.py for tasks to queue
[2021-11-15 07:34:21,326] {logging_mixin.py:109} INFO - [2021-11-15 07:34:21,326] {dagbag.py:500} INFO - Filling up the DagBag from /home/airflow/.local/lib/python3.7/site-packages/airflow/example_dags/example_complex.py
[2021-11-15 07:34:21,374] {processor.py:632} INFO - DAG(s) dict_keys(['example_complex']) retrieved from /home/airflow/.local/lib/python3.7/site-packages/airflow/example_dags/example_complex.py
[2021-11-15 07:34:21,396] {logging_mixin.py:109} INFO - [2021-11-15 07:34:21,396] {dag.py:2389} INFO - Sync 1 DAGs
[2021-11-15 07:34:21,412] {logging_mixin.py:109} INFO - [2021-11-15 07:34:21,412] {dag.py:2921} INFO - Setting next_dagrun for example_complex to None
[2021-11-15 07:34:21,420] {processor.py:171} INFO - Processing /home/airflow/.local/lib/python3.7/site-packages/airflow/example_dags/example_complex.py took 0.107 seconds
[2021-11-15 07:34:51,876] {processor.py:163} INFO - Started process (PID=1106) to work on /home/airflow/.local/lib/python3.7/site-packages/airflow/example_dags/example_complex.py
[2021-11-15 07:34:51,878] {processor.py:620} INFO - Processing file /home/airflow/.local/lib/python3.7/site-packages/airflow/example_dags/example_complex.py for tasks to queue
[2021-11-15 07:34:51,878] {logging_mixin.py:109} INFO - [2021-11-15 07:34:51,878] {dagbag.py:500} INFO - Filling up the DagBag from /home/airflow/.local/lib/python3.7/site-packages/airflow/example_dags/example_complex.py
[2021-11-15 07:34:51,911] {processor.py:632} INFO - DAG(s) dict_keys(['example_complex']) retrieved from /home/airflow/.local/lib/python3.7/site-packages/airflow/example_dags/example_complex.py
[2021-11-15 07:34:51,928] {logging_mixin.py:109} INFO - [2021-11-15 07:34:51,928] {dag.py:2389} INFO - Sync 1 DAGs
[2021-11-15 07:34:51,944] {logging_mixin.py:109} INFO - [2021-11-15 07:34:51,944] {dag.py:2921} INFO - Setting next_dagrun for example_complex to None
[2021-11-15 07:34:51,952] {processor.py:171} INFO - Processing /home/airflow/.local/lib/python3.7/site-packages/airflow/example_dags/example_complex.py took 0.078 seconds
[2021-11-15 07:35:22,372] {processor.py:163} INFO - Started process (PID=1163) to work on /home/airflow/.local/lib/python3.7/site-packages/airflow/example_dags/example_complex.py
[2021-11-15 07:35:22,374] {processor.py:620} INFO - Processing file /home/airflow/.local/lib/python3.7/site-packages/airflow/example_dags/example_complex.py for tasks to queue
[2021-11-15 07:35:22,374] {logging_mixin.py:109} INFO - [2021-11-15 07:35:22,374] {dagbag.py:500} INFO - Filling up the DagBag from /home/airflow/.local/lib/python3.7/site-packages/airflow/example_dags/example_complex.py
[2021-11-15 07:35:22,408] {processor.py:632} INFO - DAG(s) dict_keys(['example_complex']) retrieved from /home/airflow/.local/lib/python3.7/site-packages/airflow/example_dags/example_complex.py
[2021-11-15 07:35:22,431] {logging_mixin.py:109} INFO - [2021-11-15 07:35:22,431] {dag.py:2389} INFO - Sync 1 DAGs
[2021-11-15 07:35:22,448] {logging_mixin.py:109} INFO - [2021-11-15 07:35:22,448] {dag.py:2921} INFO - Setting next_dagrun for example_complex to None
[2021-11-15 07:35:22,456] {processor.py:171} INFO - Processing /home/airflow/.local/lib/python3.7/site-packages/airflow/example_dags/example_complex.py took 0.086 seconds
[2021-11-15 07:35:52,819] {processor.py:163} INFO - Started process (PID=1212) to work on /home/airflow/.local/lib/python3.7/site-packages/airflow/example_dags/example_complex.py
[2021-11-15 07:35:52,821] {processor.py:620} INFO - Processing file /home/airflow/.local/lib/python3.7/site-packages/airflow/example_dags/example_complex.py for tasks to queue
[2021-11-15 07:35:52,821] {logging_mixin.py:109} INFO - [2021-11-15 07:35:52,821] {dagbag.py:500} INFO - Filling up the DagBag from /home/airflow/.local/lib/python3.7/site-packages/airflow/example_dags/example_complex.py
[2021-11-15 07:35:52,858] {processor.py:632} INFO - DAG(s) dict_keys(['example_complex']) retrieved from /home/airflow/.local/lib/python3.7/site-packages/airflow/example_dags/example_complex.py
[2021-11-15 07:35:52,875] {logging_mixin.py:109} INFO - [2021-11-15 07:35:52,875] {dag.py:2389} INFO - Sync 1 DAGs
[2021-11-15 07:35:52,890] {logging_mixin.py:109} INFO - [2021-11-15 07:35:52,890] {dag.py:2921} INFO - Setting next_dagrun for example_complex to None
[2021-11-15 07:35:52,902] {processor.py:171} INFO - Processing /home/airflow/.local/lib/python3.7/site-packages/airflow/example_dags/example_complex.py took 0.087 seconds
[2021-11-15 07:36:23,406] {processor.py:163} INFO - Started process (PID=1270) to work on /home/airflow/.local/lib/python3.7/site-packages/airflow/example_dags/example_complex.py
[2021-11-15 07:36:23,407] {processor.py:620} INFO - Processing file /home/airflow/.local/lib/python3.7/site-packages/airflow/example_dags/example_complex.py for tasks to queue
[2021-11-15 07:36:23,408] {logging_mixin.py:109} INFO - [2021-11-15 07:36:23,408] {dagbag.py:500} INFO - Filling up the DagBag from /home/airflow/.local/lib/python3.7/site-packages/airflow/example_dags/example_complex.py
[2021-11-15 07:36:23,438] {processor.py:632} INFO - DAG(s) dict_keys(['example_complex']) retrieved from /home/airflow/.local/lib/python3.7/site-packages/airflow/example_dags/example_complex.py
[2021-11-15 07:36:23,454] {logging_mixin.py:109} INFO - [2021-11-15 07:36:23,454] {dag.py:2389} INFO - Sync 1 DAGs
[2021-11-15 07:36:23,470] {logging_mixin.py:109} INFO - [2021-11-15 07:36:23,469] {dag.py:2921} INFO - Setting next_dagrun for example_complex to None
[2021-11-15 07:36:23,479] {processor.py:171} INFO - Processing /home/airflow/.local/lib/python3.7/site-packages/airflow/example_dags/example_complex.py took 0.076 seconds
[2021-11-15 07:36:54,281] {processor.py:163} INFO - Started process (PID=1320) to work on /home/airflow/.local/lib/python3.7/site-packages/airflow/example_dags/example_complex.py
[2021-11-15 07:36:54,283] {processor.py:620} INFO - Processing file /home/airflow/.local/lib/python3.7/site-packages/airflow/example_dags/example_complex.py for tasks to queue
[2021-11-15 07:36:54,283] {logging_mixin.py:109} INFO - [2021-11-15 07:36:54,283] {dagbag.py:500} INFO - Filling up the DagBag from /home/airflow/.local/lib/python3.7/site-packages/airflow/example_dags/example_complex.py
[2021-11-15 07:36:54,314] {processor.py:632} INFO - DAG(s) dict_keys(['example_complex']) retrieved from /home/airflow/.local/lib/python3.7/site-packages/airflow/example_dags/example_complex.py
[2021-11-15 07:36:54,331] {logging_mixin.py:109} INFO - [2021-11-15 07:36:54,331] {dag.py:2389} INFO - Sync 1 DAGs
[2021-11-15 07:36:54,348] {logging_mixin.py:109} INFO - [2021-11-15 07:36:54,347] {dag.py:2921} INFO - Setting next_dagrun for example_complex to None
[2021-11-15 07:36:54,356] {processor.py:171} INFO - Processing /home/airflow/.local/lib/python3.7/site-packages/airflow/example_dags/example_complex.py took 0.077 seconds
[2021-11-15 07:37:24,497] {processor.py:163} INFO - Started process (PID=1370) to work on /home/airflow/.local/lib/python3.7/site-packages/airflow/example_dags/example_complex.py
[2021-11-15 07:37:24,499] {processor.py:620} INFO - Processing file /home/airflow/.local/lib/python3.7/site-packages/airflow/example_dags/example_complex.py for tasks to queue
[2021-11-15 07:37:24,499] {logging_mixin.py:109} INFO - [2021-11-15 07:37:24,499] {dagbag.py:500} INFO - Filling up the DagBag from /home/airflow/.local/lib/python3.7/site-packages/airflow/example_dags/example_complex.py
[2021-11-15 07:37:24,532] {processor.py:632} INFO - DAG(s) dict_keys(['example_complex']) retrieved from /home/airflow/.local/lib/python3.7/site-packages/airflow/example_dags/example_complex.py
[2021-11-15 07:37:24,549] {logging_mixin.py:109} INFO - [2021-11-15 07:37:24,549] {dag.py:2389} INFO - Sync 1 DAGs
[2021-11-15 07:37:24,565] {logging_mixin.py:109} INFO - [2021-11-15 07:37:24,564] {dag.py:2921} INFO - Setting next_dagrun for example_complex to None
[2021-11-15 07:37:24,573] {processor.py:171} INFO - Processing /home/airflow/.local/lib/python3.7/site-packages/airflow/example_dags/example_complex.py took 0.079 seconds
[2021-11-15 07:37:54,591] {processor.py:163} INFO - Started process (PID=1428) to work on /home/airflow/.local/lib/python3.7/site-packages/airflow/example_dags/example_complex.py
[2021-11-15 07:37:54,592] {processor.py:620} INFO - Processing file /home/airflow/.local/lib/python3.7/site-packages/airflow/example_dags/example_complex.py for tasks to queue
[2021-11-15 07:37:54,592] {logging_mixin.py:109} INFO - [2021-11-15 07:37:54,592] {dagbag.py:500} INFO - Filling up the DagBag from /home/airflow/.local/lib/python3.7/site-packages/airflow/example_dags/example_complex.py
[2021-11-15 07:37:54,626] {processor.py:632} INFO - DAG(s) dict_keys(['example_complex']) retrieved from /home/airflow/.local/lib/python3.7/site-packages/airflow/example_dags/example_complex.py
[2021-11-15 07:37:54,643] {logging_mixin.py:109} INFO - [2021-11-15 07:37:54,643] {dag.py:2389} INFO - Sync 1 DAGs
[2021-11-15 07:37:54,658] {logging_mixin.py:109} INFO - [2021-11-15 07:37:54,658] {dag.py:2921} INFO - Setting next_dagrun for example_complex to None
[2021-11-15 07:37:54,667] {processor.py:171} INFO - Processing /home/airflow/.local/lib/python3.7/site-packages/airflow/example_dags/example_complex.py took 0.079 seconds
