[2021-11-15 07:27:36,293] {processor.py:163} INFO - Started process (PID=298) to work on /home/airflow/.local/lib/python3.7/site-packages/airflow/example_dags/example_branch_day_of_week_operator.py
[2021-11-15 07:27:36,294] {processor.py:620} INFO - Processing file /home/airflow/.local/lib/python3.7/site-packages/airflow/example_dags/example_branch_day_of_week_operator.py for tasks to queue
[2021-11-15 07:27:36,294] {logging_mixin.py:109} INFO - [2021-11-15 07:27:36,294] {dagbag.py:500} INFO - Filling up the DagBag from /home/airflow/.local/lib/python3.7/site-packages/airflow/example_dags/example_branch_day_of_week_operator.py
[2021-11-15 07:27:36,320] {processor.py:632} INFO - DAG(s) dict_keys(['example_weekday_branch_operator']) retrieved from /home/airflow/.local/lib/python3.7/site-packages/airflow/example_dags/example_branch_day_of_week_operator.py
[2021-11-15 07:27:38,085] {logging_mixin.py:109} INFO - [2021-11-15 07:27:38,085] {providers_manager.py:156} WARNING - Exception when importing 'airflow.providers.google.leveldb.hooks.leveldb.LevelDBHook' from 'apache-airflow-providers-google' package: No module named 'plyvel'
[2021-11-15 07:27:38,552] {logging_mixin.py:109} INFO - [2021-11-15 07:27:38,552] {providers_manager.py:156} WARNING - Exception when importing 'airflow.providers.google.leveldb.hooks.leveldb.LevelDBHook' from 'apache-airflow-providers-google' package: No module named 'plyvel'
[2021-11-15 07:27:38,573] {logging_mixin.py:109} INFO - [2021-11-15 07:27:38,573] {manager.py:496} INFO - Created Permission View: can edit on DAG:example_weekday_branch_operator
[2021-11-15 07:27:38,581] {logging_mixin.py:109} INFO - [2021-11-15 07:27:38,581] {manager.py:496} INFO - Created Permission View: can read on DAG:example_weekday_branch_operator
[2021-11-15 07:27:38,582] {logging_mixin.py:109} INFO - [2021-11-15 07:27:38,582] {dag.py:2389} INFO - Sync 1 DAGs
[2021-11-15 07:27:38,589] {logging_mixin.py:109} INFO - [2021-11-15 07:27:38,588] {dag.py:2408} INFO - Creating ORM DAG for example_weekday_branch_operator
[2021-11-15 07:27:38,600] {logging_mixin.py:109} INFO - [2021-11-15 07:27:38,600] {dag.py:2921} INFO - Setting next_dagrun for example_weekday_branch_operator to 2021-11-14 00:00:00+00:00
[2021-11-15 07:27:38,616] {processor.py:171} INFO - Processing /home/airflow/.local/lib/python3.7/site-packages/airflow/example_dags/example_branch_day_of_week_operator.py took 2.325 seconds
[2021-11-15 07:28:08,692] {processor.py:163} INFO - Started process (PID=394) to work on /home/airflow/.local/lib/python3.7/site-packages/airflow/example_dags/example_branch_day_of_week_operator.py
[2021-11-15 07:28:08,693] {processor.py:620} INFO - Processing file /home/airflow/.local/lib/python3.7/site-packages/airflow/example_dags/example_branch_day_of_week_operator.py for tasks to queue
[2021-11-15 07:28:08,694] {logging_mixin.py:109} INFO - [2021-11-15 07:28:08,694] {dagbag.py:500} INFO - Filling up the DagBag from /home/airflow/.local/lib/python3.7/site-packages/airflow/example_dags/example_branch_day_of_week_operator.py
[2021-11-15 07:28:08,724] {processor.py:632} INFO - DAG(s) dict_keys(['example_weekday_branch_operator']) retrieved from /home/airflow/.local/lib/python3.7/site-packages/airflow/example_dags/example_branch_day_of_week_operator.py
[2021-11-15 07:28:08,734] {logging_mixin.py:109} INFO - [2021-11-15 07:28:08,734] {dag.py:2389} INFO - Sync 1 DAGs
[2021-11-15 07:28:08,753] {logging_mixin.py:109} INFO - [2021-11-15 07:28:08,753] {dag.py:2921} INFO - Setting next_dagrun for example_weekday_branch_operator to 2021-11-14 00:00:00+00:00
[2021-11-15 07:28:08,763] {processor.py:171} INFO - Processing /home/airflow/.local/lib/python3.7/site-packages/airflow/example_dags/example_branch_day_of_week_operator.py took 0.075 seconds
[2021-11-15 07:28:38,852] {processor.py:163} INFO - Started process (PID=447) to work on /home/airflow/.local/lib/python3.7/site-packages/airflow/example_dags/example_branch_day_of_week_operator.py
[2021-11-15 07:28:38,853] {processor.py:620} INFO - Processing file /home/airflow/.local/lib/python3.7/site-packages/airflow/example_dags/example_branch_day_of_week_operator.py for tasks to queue
[2021-11-15 07:28:38,853] {logging_mixin.py:109} INFO - [2021-11-15 07:28:38,853] {dagbag.py:500} INFO - Filling up the DagBag from /home/airflow/.local/lib/python3.7/site-packages/airflow/example_dags/example_branch_day_of_week_operator.py
[2021-11-15 07:28:38,885] {processor.py:632} INFO - DAG(s) dict_keys(['example_weekday_branch_operator']) retrieved from /home/airflow/.local/lib/python3.7/site-packages/airflow/example_dags/example_branch_day_of_week_operator.py
[2021-11-15 07:28:38,896] {logging_mixin.py:109} INFO - [2021-11-15 07:28:38,896] {dag.py:2389} INFO - Sync 1 DAGs
[2021-11-15 07:28:38,914] {logging_mixin.py:109} INFO - [2021-11-15 07:28:38,914] {dag.py:2921} INFO - Setting next_dagrun for example_weekday_branch_operator to 2021-11-14 00:00:00+00:00
[2021-11-15 07:28:38,923] {processor.py:171} INFO - Processing /home/airflow/.local/lib/python3.7/site-packages/airflow/example_dags/example_branch_day_of_week_operator.py took 0.075 seconds
[2021-11-15 07:29:09,032] {processor.py:163} INFO - Started process (PID=497) to work on /home/airflow/.local/lib/python3.7/site-packages/airflow/example_dags/example_branch_day_of_week_operator.py
[2021-11-15 07:29:09,034] {processor.py:620} INFO - Processing file /home/airflow/.local/lib/python3.7/site-packages/airflow/example_dags/example_branch_day_of_week_operator.py for tasks to queue
[2021-11-15 07:29:09,034] {logging_mixin.py:109} INFO - [2021-11-15 07:29:09,034] {dagbag.py:500} INFO - Filling up the DagBag from /home/airflow/.local/lib/python3.7/site-packages/airflow/example_dags/example_branch_day_of_week_operator.py
[2021-11-15 07:29:09,065] {processor.py:632} INFO - DAG(s) dict_keys(['example_weekday_branch_operator']) retrieved from /home/airflow/.local/lib/python3.7/site-packages/airflow/example_dags/example_branch_day_of_week_operator.py
[2021-11-15 07:29:09,074] {logging_mixin.py:109} INFO - [2021-11-15 07:29:09,074] {dag.py:2389} INFO - Sync 1 DAGs
[2021-11-15 07:29:09,092] {logging_mixin.py:109} INFO - [2021-11-15 07:29:09,092] {dag.py:2921} INFO - Setting next_dagrun for example_weekday_branch_operator to 2021-11-14 00:00:00+00:00
[2021-11-15 07:29:09,102] {processor.py:171} INFO - Processing /home/airflow/.local/lib/python3.7/site-packages/airflow/example_dags/example_branch_day_of_week_operator.py took 0.073 seconds
[2021-11-15 07:29:39,218] {processor.py:163} INFO - Started process (PID=554) to work on /home/airflow/.local/lib/python3.7/site-packages/airflow/example_dags/example_branch_day_of_week_operator.py
[2021-11-15 07:29:39,220] {processor.py:620} INFO - Processing file /home/airflow/.local/lib/python3.7/site-packages/airflow/example_dags/example_branch_day_of_week_operator.py for tasks to queue
[2021-11-15 07:29:39,220] {logging_mixin.py:109} INFO - [2021-11-15 07:29:39,220] {dagbag.py:500} INFO - Filling up the DagBag from /home/airflow/.local/lib/python3.7/site-packages/airflow/example_dags/example_branch_day_of_week_operator.py
[2021-11-15 07:29:39,246] {processor.py:632} INFO - DAG(s) dict_keys(['example_weekday_branch_operator']) retrieved from /home/airflow/.local/lib/python3.7/site-packages/airflow/example_dags/example_branch_day_of_week_operator.py
[2021-11-15 07:29:39,254] {logging_mixin.py:109} INFO - [2021-11-15 07:29:39,254] {dag.py:2389} INFO - Sync 1 DAGs
[2021-11-15 07:29:39,271] {logging_mixin.py:109} INFO - [2021-11-15 07:29:39,271] {dag.py:2921} INFO - Setting next_dagrun for example_weekday_branch_operator to 2021-11-14 00:00:00+00:00
[2021-11-15 07:29:39,280] {processor.py:171} INFO - Processing /home/airflow/.local/lib/python3.7/site-packages/airflow/example_dags/example_branch_day_of_week_operator.py took 0.064 seconds
[2021-11-15 07:30:10,061] {processor.py:163} INFO - Started process (PID=603) to work on /home/airflow/.local/lib/python3.7/site-packages/airflow/example_dags/example_branch_day_of_week_operator.py
[2021-11-15 07:30:10,062] {processor.py:620} INFO - Processing file /home/airflow/.local/lib/python3.7/site-packages/airflow/example_dags/example_branch_day_of_week_operator.py for tasks to queue
[2021-11-15 07:30:10,063] {logging_mixin.py:109} INFO - [2021-11-15 07:30:10,063] {dagbag.py:500} INFO - Filling up the DagBag from /home/airflow/.local/lib/python3.7/site-packages/airflow/example_dags/example_branch_day_of_week_operator.py
[2021-11-15 07:30:10,084] {processor.py:632} INFO - DAG(s) dict_keys(['example_weekday_branch_operator']) retrieved from /home/airflow/.local/lib/python3.7/site-packages/airflow/example_dags/example_branch_day_of_week_operator.py
[2021-11-15 07:30:10,094] {logging_mixin.py:109} INFO - [2021-11-15 07:30:10,094] {dag.py:2389} INFO - Sync 1 DAGs
[2021-11-15 07:30:10,113] {logging_mixin.py:109} INFO - [2021-11-15 07:30:10,113] {dag.py:2921} INFO - Setting next_dagrun for example_weekday_branch_operator to 2021-11-14 00:00:00+00:00
[2021-11-15 07:30:10,122] {processor.py:171} INFO - Processing /home/airflow/.local/lib/python3.7/site-packages/airflow/example_dags/example_branch_day_of_week_operator.py took 0.063 seconds
[2021-11-15 07:30:40,492] {processor.py:163} INFO - Started process (PID=661) to work on /home/airflow/.local/lib/python3.7/site-packages/airflow/example_dags/example_branch_day_of_week_operator.py
[2021-11-15 07:30:40,493] {processor.py:620} INFO - Processing file /home/airflow/.local/lib/python3.7/site-packages/airflow/example_dags/example_branch_day_of_week_operator.py for tasks to queue
[2021-11-15 07:30:40,494] {logging_mixin.py:109} INFO - [2021-11-15 07:30:40,494] {dagbag.py:500} INFO - Filling up the DagBag from /home/airflow/.local/lib/python3.7/site-packages/airflow/example_dags/example_branch_day_of_week_operator.py
[2021-11-15 07:30:40,518] {processor.py:632} INFO - DAG(s) dict_keys(['example_weekday_branch_operator']) retrieved from /home/airflow/.local/lib/python3.7/site-packages/airflow/example_dags/example_branch_day_of_week_operator.py
[2021-11-15 07:30:40,526] {logging_mixin.py:109} INFO - [2021-11-15 07:30:40,526] {dag.py:2389} INFO - Sync 1 DAGs
[2021-11-15 07:30:40,542] {logging_mixin.py:109} INFO - [2021-11-15 07:30:40,542] {dag.py:2921} INFO - Setting next_dagrun for example_weekday_branch_operator to 2021-11-14 00:00:00+00:00
[2021-11-15 07:30:40,551] {processor.py:171} INFO - Processing /home/airflow/.local/lib/python3.7/site-packages/airflow/example_dags/example_branch_day_of_week_operator.py took 0.062 seconds
[2021-11-15 07:31:10,918] {processor.py:163} INFO - Started process (PID=710) to work on /home/airflow/.local/lib/python3.7/site-packages/airflow/example_dags/example_branch_day_of_week_operator.py
[2021-11-15 07:31:10,919] {processor.py:620} INFO - Processing file /home/airflow/.local/lib/python3.7/site-packages/airflow/example_dags/example_branch_day_of_week_operator.py for tasks to queue
[2021-11-15 07:31:10,920] {logging_mixin.py:109} INFO - [2021-11-15 07:31:10,920] {dagbag.py:500} INFO - Filling up the DagBag from /home/airflow/.local/lib/python3.7/site-packages/airflow/example_dags/example_branch_day_of_week_operator.py
[2021-11-15 07:31:10,943] {processor.py:632} INFO - DAG(s) dict_keys(['example_weekday_branch_operator']) retrieved from /home/airflow/.local/lib/python3.7/site-packages/airflow/example_dags/example_branch_day_of_week_operator.py
[2021-11-15 07:31:10,951] {logging_mixin.py:109} INFO - [2021-11-15 07:31:10,951] {dag.py:2389} INFO - Sync 1 DAGs
[2021-11-15 07:31:10,968] {logging_mixin.py:109} INFO - [2021-11-15 07:31:10,968] {dag.py:2921} INFO - Setting next_dagrun for example_weekday_branch_operator to 2021-11-14 00:00:00+00:00
[2021-11-15 07:31:10,976] {processor.py:171} INFO - Processing /home/airflow/.local/lib/python3.7/site-packages/airflow/example_dags/example_branch_day_of_week_operator.py took 0.061 seconds
[2021-11-15 07:31:41,475] {processor.py:163} INFO - Started process (PID=769) to work on /home/airflow/.local/lib/python3.7/site-packages/airflow/example_dags/example_branch_day_of_week_operator.py
[2021-11-15 07:31:41,476] {processor.py:620} INFO - Processing file /home/airflow/.local/lib/python3.7/site-packages/airflow/example_dags/example_branch_day_of_week_operator.py for tasks to queue
[2021-11-15 07:31:41,477] {logging_mixin.py:109} INFO - [2021-11-15 07:31:41,477] {dagbag.py:500} INFO - Filling up the DagBag from /home/airflow/.local/lib/python3.7/site-packages/airflow/example_dags/example_branch_day_of_week_operator.py
[2021-11-15 07:31:41,500] {processor.py:632} INFO - DAG(s) dict_keys(['example_weekday_branch_operator']) retrieved from /home/airflow/.local/lib/python3.7/site-packages/airflow/example_dags/example_branch_day_of_week_operator.py
[2021-11-15 07:31:41,508] {logging_mixin.py:109} INFO - [2021-11-15 07:31:41,508] {dag.py:2389} INFO - Sync 1 DAGs
[2021-11-15 07:31:41,526] {logging_mixin.py:109} INFO - [2021-11-15 07:31:41,526] {dag.py:2921} INFO - Setting next_dagrun for example_weekday_branch_operator to 2021-11-14 00:00:00+00:00
[2021-11-15 07:31:41,536] {processor.py:171} INFO - Processing /home/airflow/.local/lib/python3.7/site-packages/airflow/example_dags/example_branch_day_of_week_operator.py took 0.064 seconds
[2021-11-15 07:32:11,638] {processor.py:163} INFO - Started process (PID=817) to work on /home/airflow/.local/lib/python3.7/site-packages/airflow/example_dags/example_branch_day_of_week_operator.py
[2021-11-15 07:32:11,639] {processor.py:620} INFO - Processing file /home/airflow/.local/lib/python3.7/site-packages/airflow/example_dags/example_branch_day_of_week_operator.py for tasks to queue
[2021-11-15 07:32:11,640] {logging_mixin.py:109} INFO - [2021-11-15 07:32:11,640] {dagbag.py:500} INFO - Filling up the DagBag from /home/airflow/.local/lib/python3.7/site-packages/airflow/example_dags/example_branch_day_of_week_operator.py
[2021-11-15 07:32:11,665] {processor.py:632} INFO - DAG(s) dict_keys(['example_weekday_branch_operator']) retrieved from /home/airflow/.local/lib/python3.7/site-packages/airflow/example_dags/example_branch_day_of_week_operator.py
[2021-11-15 07:32:11,674] {logging_mixin.py:109} INFO - [2021-11-15 07:32:11,674] {dag.py:2389} INFO - Sync 1 DAGs
[2021-11-15 07:32:11,691] {logging_mixin.py:109} INFO - [2021-11-15 07:32:11,690] {dag.py:2921} INFO - Setting next_dagrun for example_weekday_branch_operator to 2021-11-14 00:00:00+00:00
[2021-11-15 07:32:11,699] {processor.py:171} INFO - Processing /home/airflow/.local/lib/python3.7/site-packages/airflow/example_dags/example_branch_day_of_week_operator.py took 0.064 seconds
[2021-11-15 07:32:42,161] {processor.py:163} INFO - Started process (PID=874) to work on /home/airflow/.local/lib/python3.7/site-packages/airflow/example_dags/example_branch_day_of_week_operator.py
[2021-11-15 07:32:42,164] {processor.py:620} INFO - Processing file /home/airflow/.local/lib/python3.7/site-packages/airflow/example_dags/example_branch_day_of_week_operator.py for tasks to queue
[2021-11-15 07:32:42,165] {logging_mixin.py:109} INFO - [2021-11-15 07:32:42,165] {dagbag.py:500} INFO - Filling up the DagBag from /home/airflow/.local/lib/python3.7/site-packages/airflow/example_dags/example_branch_day_of_week_operator.py
[2021-11-15 07:32:42,196] {processor.py:632} INFO - DAG(s) dict_keys(['example_weekday_branch_operator']) retrieved from /home/airflow/.local/lib/python3.7/site-packages/airflow/example_dags/example_branch_day_of_week_operator.py
[2021-11-15 07:32:42,205] {logging_mixin.py:109} INFO - [2021-11-15 07:32:42,205] {dag.py:2389} INFO - Sync 1 DAGs
[2021-11-15 07:32:42,222] {logging_mixin.py:109} INFO - [2021-11-15 07:32:42,222] {dag.py:2921} INFO - Setting next_dagrun for example_weekday_branch_operator to 2021-11-14 00:00:00+00:00
[2021-11-15 07:32:42,231] {processor.py:171} INFO - Processing /home/airflow/.local/lib/python3.7/site-packages/airflow/example_dags/example_branch_day_of_week_operator.py took 0.079 seconds
[2021-11-15 07:33:12,710] {processor.py:163} INFO - Started process (PID=925) to work on /home/airflow/.local/lib/python3.7/site-packages/airflow/example_dags/example_branch_day_of_week_operator.py
[2021-11-15 07:33:12,714] {processor.py:620} INFO - Processing file /home/airflow/.local/lib/python3.7/site-packages/airflow/example_dags/example_branch_day_of_week_operator.py for tasks to queue
[2021-11-15 07:33:12,715] {logging_mixin.py:109} INFO - [2021-11-15 07:33:12,715] {dagbag.py:500} INFO - Filling up the DagBag from /home/airflow/.local/lib/python3.7/site-packages/airflow/example_dags/example_branch_day_of_week_operator.py
[2021-11-15 07:33:12,747] {processor.py:632} INFO - DAG(s) dict_keys(['example_weekday_branch_operator']) retrieved from /home/airflow/.local/lib/python3.7/site-packages/airflow/example_dags/example_branch_day_of_week_operator.py
[2021-11-15 07:33:12,757] {logging_mixin.py:109} INFO - [2021-11-15 07:33:12,756] {dag.py:2389} INFO - Sync 1 DAGs
[2021-11-15 07:33:12,774] {logging_mixin.py:109} INFO - [2021-11-15 07:33:12,774] {dag.py:2921} INFO - Setting next_dagrun for example_weekday_branch_operator to 2021-11-14 00:00:00+00:00
[2021-11-15 07:33:12,783] {processor.py:171} INFO - Processing /home/airflow/.local/lib/python3.7/site-packages/airflow/example_dags/example_branch_day_of_week_operator.py took 0.083 seconds
[2021-11-15 07:33:43,138] {processor.py:163} INFO - Started process (PID=983) to work on /home/airflow/.local/lib/python3.7/site-packages/airflow/example_dags/example_branch_day_of_week_operator.py
[2021-11-15 07:33:43,139] {processor.py:620} INFO - Processing file /home/airflow/.local/lib/python3.7/site-packages/airflow/example_dags/example_branch_day_of_week_operator.py for tasks to queue
[2021-11-15 07:33:43,139] {logging_mixin.py:109} INFO - [2021-11-15 07:33:43,139] {dagbag.py:500} INFO - Filling up the DagBag from /home/airflow/.local/lib/python3.7/site-packages/airflow/example_dags/example_branch_day_of_week_operator.py
[2021-11-15 07:33:43,163] {processor.py:632} INFO - DAG(s) dict_keys(['example_weekday_branch_operator']) retrieved from /home/airflow/.local/lib/python3.7/site-packages/airflow/example_dags/example_branch_day_of_week_operator.py
[2021-11-15 07:33:43,174] {logging_mixin.py:109} INFO - [2021-11-15 07:33:43,174] {dag.py:2389} INFO - Sync 1 DAGs
[2021-11-15 07:33:43,195] {logging_mixin.py:109} INFO - [2021-11-15 07:33:43,195] {dag.py:2921} INFO - Setting next_dagrun for example_weekday_branch_operator to 2021-11-14 00:00:00+00:00
[2021-11-15 07:33:43,205] {processor.py:171} INFO - Processing /home/airflow/.local/lib/python3.7/site-packages/airflow/example_dags/example_branch_day_of_week_operator.py took 0.069 seconds
[2021-11-15 07:34:13,708] {processor.py:163} INFO - Started process (PID=1032) to work on /home/airflow/.local/lib/python3.7/site-packages/airflow/example_dags/example_branch_day_of_week_operator.py
[2021-11-15 07:34:13,711] {processor.py:620} INFO - Processing file /home/airflow/.local/lib/python3.7/site-packages/airflow/example_dags/example_branch_day_of_week_operator.py for tasks to queue
[2021-11-15 07:34:13,712] {logging_mixin.py:109} INFO - [2021-11-15 07:34:13,711] {dagbag.py:500} INFO - Filling up the DagBag from /home/airflow/.local/lib/python3.7/site-packages/airflow/example_dags/example_branch_day_of_week_operator.py
[2021-11-15 07:34:13,743] {processor.py:632} INFO - DAG(s) dict_keys(['example_weekday_branch_operator']) retrieved from /home/airflow/.local/lib/python3.7/site-packages/airflow/example_dags/example_branch_day_of_week_operator.py
[2021-11-15 07:34:13,753] {logging_mixin.py:109} INFO - [2021-11-15 07:34:13,753] {dag.py:2389} INFO - Sync 1 DAGs
[2021-11-15 07:34:13,770] {logging_mixin.py:109} INFO - [2021-11-15 07:34:13,770] {dag.py:2921} INFO - Setting next_dagrun for example_weekday_branch_operator to 2021-11-14 00:00:00+00:00
[2021-11-15 07:34:13,779] {processor.py:171} INFO - Processing /home/airflow/.local/lib/python3.7/site-packages/airflow/example_dags/example_branch_day_of_week_operator.py took 0.079 seconds
[2021-11-15 07:34:44,156] {processor.py:163} INFO - Started process (PID=1091) to work on /home/airflow/.local/lib/python3.7/site-packages/airflow/example_dags/example_branch_day_of_week_operator.py
[2021-11-15 07:34:44,157] {processor.py:620} INFO - Processing file /home/airflow/.local/lib/python3.7/site-packages/airflow/example_dags/example_branch_day_of_week_operator.py for tasks to queue
[2021-11-15 07:34:44,158] {logging_mixin.py:109} INFO - [2021-11-15 07:34:44,158] {dagbag.py:500} INFO - Filling up the DagBag from /home/airflow/.local/lib/python3.7/site-packages/airflow/example_dags/example_branch_day_of_week_operator.py
[2021-11-15 07:34:44,185] {processor.py:632} INFO - DAG(s) dict_keys(['example_weekday_branch_operator']) retrieved from /home/airflow/.local/lib/python3.7/site-packages/airflow/example_dags/example_branch_day_of_week_operator.py
[2021-11-15 07:34:44,194] {logging_mixin.py:109} INFO - [2021-11-15 07:34:44,194] {dag.py:2389} INFO - Sync 1 DAGs
[2021-11-15 07:34:44,212] {logging_mixin.py:109} INFO - [2021-11-15 07:34:44,212] {dag.py:2921} INFO - Setting next_dagrun for example_weekday_branch_operator to 2021-11-14 00:00:00+00:00
[2021-11-15 07:34:44,222] {processor.py:171} INFO - Processing /home/airflow/.local/lib/python3.7/site-packages/airflow/example_dags/example_branch_day_of_week_operator.py took 0.069 seconds
[2021-11-15 07:35:14,757] {processor.py:163} INFO - Started process (PID=1140) to work on /home/airflow/.local/lib/python3.7/site-packages/airflow/example_dags/example_branch_day_of_week_operator.py
[2021-11-15 07:35:14,759] {processor.py:620} INFO - Processing file /home/airflow/.local/lib/python3.7/site-packages/airflow/example_dags/example_branch_day_of_week_operator.py for tasks to queue
[2021-11-15 07:35:14,759] {logging_mixin.py:109} INFO - [2021-11-15 07:35:14,759] {dagbag.py:500} INFO - Filling up the DagBag from /home/airflow/.local/lib/python3.7/site-packages/airflow/example_dags/example_branch_day_of_week_operator.py
[2021-11-15 07:35:14,787] {processor.py:632} INFO - DAG(s) dict_keys(['example_weekday_branch_operator']) retrieved from /home/airflow/.local/lib/python3.7/site-packages/airflow/example_dags/example_branch_day_of_week_operator.py
[2021-11-15 07:35:14,797] {logging_mixin.py:109} INFO - [2021-11-15 07:35:14,797] {dag.py:2389} INFO - Sync 1 DAGs
[2021-11-15 07:35:14,818] {logging_mixin.py:109} INFO - [2021-11-15 07:35:14,818] {dag.py:2921} INFO - Setting next_dagrun for example_weekday_branch_operator to 2021-11-14 00:00:00+00:00
[2021-11-15 07:35:14,830] {processor.py:171} INFO - Processing /home/airflow/.local/lib/python3.7/site-packages/airflow/example_dags/example_branch_day_of_week_operator.py took 0.076 seconds
[2021-11-15 07:35:45,180] {processor.py:163} INFO - Started process (PID=1189) to work on /home/airflow/.local/lib/python3.7/site-packages/airflow/example_dags/example_branch_day_of_week_operator.py
[2021-11-15 07:35:45,181] {processor.py:620} INFO - Processing file /home/airflow/.local/lib/python3.7/site-packages/airflow/example_dags/example_branch_day_of_week_operator.py for tasks to queue
[2021-11-15 07:35:45,182] {logging_mixin.py:109} INFO - [2021-11-15 07:35:45,182] {dagbag.py:500} INFO - Filling up the DagBag from /home/airflow/.local/lib/python3.7/site-packages/airflow/example_dags/example_branch_day_of_week_operator.py
[2021-11-15 07:35:45,205] {processor.py:632} INFO - DAG(s) dict_keys(['example_weekday_branch_operator']) retrieved from /home/airflow/.local/lib/python3.7/site-packages/airflow/example_dags/example_branch_day_of_week_operator.py
[2021-11-15 07:35:45,217] {logging_mixin.py:109} INFO - [2021-11-15 07:35:45,217] {dag.py:2389} INFO - Sync 1 DAGs
[2021-11-15 07:35:45,236] {logging_mixin.py:109} INFO - [2021-11-15 07:35:45,236] {dag.py:2921} INFO - Setting next_dagrun for example_weekday_branch_operator to 2021-11-14 00:00:00+00:00
[2021-11-15 07:35:45,245] {processor.py:171} INFO - Processing /home/airflow/.local/lib/python3.7/site-packages/airflow/example_dags/example_branch_day_of_week_operator.py took 0.067 seconds
[2021-11-15 07:36:15,717] {processor.py:163} INFO - Started process (PID=1247) to work on /home/airflow/.local/lib/python3.7/site-packages/airflow/example_dags/example_branch_day_of_week_operator.py
[2021-11-15 07:36:15,720] {processor.py:620} INFO - Processing file /home/airflow/.local/lib/python3.7/site-packages/airflow/example_dags/example_branch_day_of_week_operator.py for tasks to queue
[2021-11-15 07:36:15,721] {logging_mixin.py:109} INFO - [2021-11-15 07:36:15,721] {dagbag.py:500} INFO - Filling up the DagBag from /home/airflow/.local/lib/python3.7/site-packages/airflow/example_dags/example_branch_day_of_week_operator.py
[2021-11-15 07:36:15,752] {processor.py:632} INFO - DAG(s) dict_keys(['example_weekday_branch_operator']) retrieved from /home/airflow/.local/lib/python3.7/site-packages/airflow/example_dags/example_branch_day_of_week_operator.py
[2021-11-15 07:36:15,762] {logging_mixin.py:109} INFO - [2021-11-15 07:36:15,762] {dag.py:2389} INFO - Sync 1 DAGs
[2021-11-15 07:36:15,781] {logging_mixin.py:109} INFO - [2021-11-15 07:36:15,781] {dag.py:2921} INFO - Setting next_dagrun for example_weekday_branch_operator to 2021-11-14 00:00:00+00:00
[2021-11-15 07:36:15,790] {processor.py:171} INFO - Processing /home/airflow/.local/lib/python3.7/site-packages/airflow/example_dags/example_branch_day_of_week_operator.py took 0.081 seconds
[2021-11-15 07:36:46,295] {processor.py:163} INFO - Started process (PID=1296) to work on /home/airflow/.local/lib/python3.7/site-packages/airflow/example_dags/example_branch_day_of_week_operator.py
[2021-11-15 07:36:46,296] {processor.py:620} INFO - Processing file /home/airflow/.local/lib/python3.7/site-packages/airflow/example_dags/example_branch_day_of_week_operator.py for tasks to queue
[2021-11-15 07:36:46,296] {logging_mixin.py:109} INFO - [2021-11-15 07:36:46,296] {dagbag.py:500} INFO - Filling up the DagBag from /home/airflow/.local/lib/python3.7/site-packages/airflow/example_dags/example_branch_day_of_week_operator.py
[2021-11-15 07:36:46,319] {processor.py:632} INFO - DAG(s) dict_keys(['example_weekday_branch_operator']) retrieved from /home/airflow/.local/lib/python3.7/site-packages/airflow/example_dags/example_branch_day_of_week_operator.py
[2021-11-15 07:36:46,328] {logging_mixin.py:109} INFO - [2021-11-15 07:36:46,328] {dag.py:2389} INFO - Sync 1 DAGs
[2021-11-15 07:36:46,345] {logging_mixin.py:109} INFO - [2021-11-15 07:36:46,345] {dag.py:2921} INFO - Setting next_dagrun for example_weekday_branch_operator to 2021-11-14 00:00:00+00:00
[2021-11-15 07:36:46,354] {processor.py:171} INFO - Processing /home/airflow/.local/lib/python3.7/site-packages/airflow/example_dags/example_branch_day_of_week_operator.py took 0.062 seconds
[2021-11-15 07:37:16,630] {processor.py:163} INFO - Started process (PID=1354) to work on /home/airflow/.local/lib/python3.7/site-packages/airflow/example_dags/example_branch_day_of_week_operator.py
[2021-11-15 07:37:16,633] {processor.py:620} INFO - Processing file /home/airflow/.local/lib/python3.7/site-packages/airflow/example_dags/example_branch_day_of_week_operator.py for tasks to queue
[2021-11-15 07:37:16,634] {logging_mixin.py:109} INFO - [2021-11-15 07:37:16,634] {dagbag.py:500} INFO - Filling up the DagBag from /home/airflow/.local/lib/python3.7/site-packages/airflow/example_dags/example_branch_day_of_week_operator.py
[2021-11-15 07:37:16,667] {processor.py:632} INFO - DAG(s) dict_keys(['example_weekday_branch_operator']) retrieved from /home/airflow/.local/lib/python3.7/site-packages/airflow/example_dags/example_branch_day_of_week_operator.py
[2021-11-15 07:37:16,677] {logging_mixin.py:109} INFO - [2021-11-15 07:37:16,677] {dag.py:2389} INFO - Sync 1 DAGs
[2021-11-15 07:37:16,696] {logging_mixin.py:109} INFO - [2021-11-15 07:37:16,696] {dag.py:2921} INFO - Setting next_dagrun for example_weekday_branch_operator to 2021-11-14 00:00:00+00:00
[2021-11-15 07:37:16,705] {processor.py:171} INFO - Processing /home/airflow/.local/lib/python3.7/site-packages/airflow/example_dags/example_branch_day_of_week_operator.py took 0.084 seconds
[2021-11-15 07:37:46,909] {processor.py:163} INFO - Started process (PID=1404) to work on /home/airflow/.local/lib/python3.7/site-packages/airflow/example_dags/example_branch_day_of_week_operator.py
[2021-11-15 07:37:46,910] {processor.py:620} INFO - Processing file /home/airflow/.local/lib/python3.7/site-packages/airflow/example_dags/example_branch_day_of_week_operator.py for tasks to queue
[2021-11-15 07:37:46,911] {logging_mixin.py:109} INFO - [2021-11-15 07:37:46,911] {dagbag.py:500} INFO - Filling up the DagBag from /home/airflow/.local/lib/python3.7/site-packages/airflow/example_dags/example_branch_day_of_week_operator.py
[2021-11-15 07:37:46,938] {processor.py:632} INFO - DAG(s) dict_keys(['example_weekday_branch_operator']) retrieved from /home/airflow/.local/lib/python3.7/site-packages/airflow/example_dags/example_branch_day_of_week_operator.py
[2021-11-15 07:37:46,947] {logging_mixin.py:109} INFO - [2021-11-15 07:37:46,947] {dag.py:2389} INFO - Sync 1 DAGs
[2021-11-15 07:37:46,964] {logging_mixin.py:109} INFO - [2021-11-15 07:37:46,964] {dag.py:2921} INFO - Setting next_dagrun for example_weekday_branch_operator to 2021-11-14 00:00:00+00:00
[2021-11-15 07:37:46,972] {processor.py:171} INFO - Processing /home/airflow/.local/lib/python3.7/site-packages/airflow/example_dags/example_branch_day_of_week_operator.py took 0.069 seconds
[2021-11-15 07:38:17,278] {processor.py:163} INFO - Started process (PID=1463) to work on /home/airflow/.local/lib/python3.7/site-packages/airflow/example_dags/example_branch_day_of_week_operator.py
[2021-11-15 07:38:17,279] {processor.py:620} INFO - Processing file /home/airflow/.local/lib/python3.7/site-packages/airflow/example_dags/example_branch_day_of_week_operator.py for tasks to queue
[2021-11-15 07:38:17,280] {logging_mixin.py:109} INFO - [2021-11-15 07:38:17,280] {dagbag.py:500} INFO - Filling up the DagBag from /home/airflow/.local/lib/python3.7/site-packages/airflow/example_dags/example_branch_day_of_week_operator.py
[2021-11-15 07:38:17,304] {processor.py:632} INFO - DAG(s) dict_keys(['example_weekday_branch_operator']) retrieved from /home/airflow/.local/lib/python3.7/site-packages/airflow/example_dags/example_branch_day_of_week_operator.py
[2021-11-15 07:38:17,313] {logging_mixin.py:109} INFO - [2021-11-15 07:38:17,313] {dag.py:2389} INFO - Sync 1 DAGs
[2021-11-15 07:38:17,330] {logging_mixin.py:109} INFO - [2021-11-15 07:38:17,330] {dag.py:2921} INFO - Setting next_dagrun for example_weekday_branch_operator to 2021-11-14 00:00:00+00:00
[2021-11-15 07:38:17,339] {processor.py:171} INFO - Processing /home/airflow/.local/lib/python3.7/site-packages/airflow/example_dags/example_branch_day_of_week_operator.py took 0.064 seconds
