[2021-11-15 07:27:31,085] {processor.py:163} INFO - Started process (PID=261) to work on /home/airflow/.local/lib/python3.7/site-packages/airflow/example_dags/example_subdag_operator.py
[2021-11-15 07:27:31,087] {processor.py:620} INFO - Processing file /home/airflow/.local/lib/python3.7/site-packages/airflow/example_dags/example_subdag_operator.py for tasks to queue
[2021-11-15 07:27:31,088] {logging_mixin.py:109} INFO - [2021-11-15 07:27:31,087] {dagbag.py:500} INFO - Filling up the DagBag from /home/airflow/.local/lib/python3.7/site-packages/airflow/example_dags/example_subdag_operator.py
[2021-11-15 07:27:31,132] {processor.py:632} INFO - DAG(s) dict_keys(['example_subdag_operator.section-1', 'example_subdag_operator.section-2', 'example_subdag_operator']) retrieved from /home/airflow/.local/lib/python3.7/site-packages/airflow/example_dags/example_subdag_operator.py
[2021-11-15 07:27:33,334] {logging_mixin.py:109} INFO - [2021-11-15 07:27:33,334] {providers_manager.py:156} WARNING - Exception when importing 'airflow.providers.google.leveldb.hooks.leveldb.LevelDBHook' from 'apache-airflow-providers-google' package: No module named 'plyvel'
[2021-11-15 07:27:33,831] {logging_mixin.py:109} INFO - [2021-11-15 07:27:33,831] {providers_manager.py:156} WARNING - Exception when importing 'airflow.providers.google.leveldb.hooks.leveldb.LevelDBHook' from 'apache-airflow-providers-google' package: No module named 'plyvel'
[2021-11-15 07:27:33,853] {logging_mixin.py:109} INFO - [2021-11-15 07:27:33,853] {manager.py:496} INFO - Created Permission View: can edit on DAG:example_subdag_operator
[2021-11-15 07:27:33,861] {logging_mixin.py:109} INFO - [2021-11-15 07:27:33,861] {manager.py:496} INFO - Created Permission View: can read on DAG:example_subdag_operator
[2021-11-15 07:27:33,862] {logging_mixin.py:109} INFO - [2021-11-15 07:27:33,861] {dag.py:2389} INFO - Sync 3 DAGs
[2021-11-15 07:27:33,869] {logging_mixin.py:109} INFO - [2021-11-15 07:27:33,869] {dag.py:2408} INFO - Creating ORM DAG for example_subdag_operator
[2021-11-15 07:27:33,870] {logging_mixin.py:109} INFO - [2021-11-15 07:27:33,870] {dag.py:2408} INFO - Creating ORM DAG for example_subdag_operator.section-1
[2021-11-15 07:27:33,870] {logging_mixin.py:109} INFO - [2021-11-15 07:27:33,870] {dag.py:2408} INFO - Creating ORM DAG for example_subdag_operator.section-2
[2021-11-15 07:27:33,881] {logging_mixin.py:109} INFO - [2021-11-15 07:27:33,881] {dag.py:2921} INFO - Setting next_dagrun for example_subdag_operator to 2021-11-13T00:00:00+00:00
[2021-11-15 07:27:33,881] {logging_mixin.py:109} INFO - [2021-11-15 07:27:33,881] {dag.py:2921} INFO - Setting next_dagrun for example_subdag_operator.section-1 to None
[2021-11-15 07:27:33,882] {logging_mixin.py:109} INFO - [2021-11-15 07:27:33,882] {dag.py:2921} INFO - Setting next_dagrun for example_subdag_operator.section-2 to None
[2021-11-15 07:27:33,891] {logging_mixin.py:109} INFO - [2021-11-15 07:27:33,891] {dag.py:2389} INFO - Sync 2 DAGs
[2021-11-15 07:27:33,900] {logging_mixin.py:109} INFO - [2021-11-15 07:27:33,900] {dag.py:2921} INFO - Setting next_dagrun for example_subdag_operator.section-1 to None
[2021-11-15 07:27:33,901] {logging_mixin.py:109} INFO - [2021-11-15 07:27:33,901] {dag.py:2921} INFO - Setting next_dagrun for example_subdag_operator.section-2 to None
[2021-11-15 07:27:33,908] {processor.py:171} INFO - Processing /home/airflow/.local/lib/python3.7/site-packages/airflow/example_dags/example_subdag_operator.py took 2.826 seconds
[2021-11-15 07:28:04,207] {processor.py:163} INFO - Started process (PID=384) to work on /home/airflow/.local/lib/python3.7/site-packages/airflow/example_dags/example_subdag_operator.py
[2021-11-15 07:28:04,208] {processor.py:620} INFO - Processing file /home/airflow/.local/lib/python3.7/site-packages/airflow/example_dags/example_subdag_operator.py for tasks to queue
[2021-11-15 07:28:04,209] {logging_mixin.py:109} INFO - [2021-11-15 07:28:04,209] {dagbag.py:500} INFO - Filling up the DagBag from /home/airflow/.local/lib/python3.7/site-packages/airflow/example_dags/example_subdag_operator.py
[2021-11-15 07:28:04,250] {processor.py:632} INFO - DAG(s) dict_keys(['example_subdag_operator.section-1', 'example_subdag_operator.section-2', 'example_subdag_operator']) retrieved from /home/airflow/.local/lib/python3.7/site-packages/airflow/example_dags/example_subdag_operator.py
[2021-11-15 07:28:04,262] {logging_mixin.py:109} INFO - [2021-11-15 07:28:04,262] {dag.py:2389} INFO - Sync 3 DAGs
[2021-11-15 07:28:04,278] {logging_mixin.py:109} INFO - [2021-11-15 07:28:04,278] {dag.py:2921} INFO - Setting next_dagrun for example_subdag_operator to 2021-11-13T00:00:00+00:00
[2021-11-15 07:28:04,278] {logging_mixin.py:109} INFO - [2021-11-15 07:28:04,278] {dag.py:2921} INFO - Setting next_dagrun for example_subdag_operator.section-1 to None
[2021-11-15 07:28:04,279] {logging_mixin.py:109} INFO - [2021-11-15 07:28:04,278] {dag.py:2921} INFO - Setting next_dagrun for example_subdag_operator.section-2 to None
[2021-11-15 07:28:04,284] {logging_mixin.py:109} INFO - [2021-11-15 07:28:04,284] {dag.py:2389} INFO - Sync 2 DAGs
[2021-11-15 07:28:04,293] {logging_mixin.py:109} INFO - [2021-11-15 07:28:04,293] {dag.py:2921} INFO - Setting next_dagrun for example_subdag_operator.section-1 to None
[2021-11-15 07:28:04,293] {logging_mixin.py:109} INFO - [2021-11-15 07:28:04,293] {dag.py:2921} INFO - Setting next_dagrun for example_subdag_operator.section-2 to None
[2021-11-15 07:28:04,300] {processor.py:171} INFO - Processing /home/airflow/.local/lib/python3.7/site-packages/airflow/example_dags/example_subdag_operator.py took 0.097 seconds
[2021-11-15 07:28:34,638] {processor.py:163} INFO - Started process (PID=442) to work on /home/airflow/.local/lib/python3.7/site-packages/airflow/example_dags/example_subdag_operator.py
[2021-11-15 07:28:34,640] {processor.py:620} INFO - Processing file /home/airflow/.local/lib/python3.7/site-packages/airflow/example_dags/example_subdag_operator.py for tasks to queue
[2021-11-15 07:28:34,641] {logging_mixin.py:109} INFO - [2021-11-15 07:28:34,641] {dagbag.py:500} INFO - Filling up the DagBag from /home/airflow/.local/lib/python3.7/site-packages/airflow/example_dags/example_subdag_operator.py
[2021-11-15 07:28:34,685] {processor.py:632} INFO - DAG(s) dict_keys(['example_subdag_operator.section-1', 'example_subdag_operator.section-2', 'example_subdag_operator']) retrieved from /home/airflow/.local/lib/python3.7/site-packages/airflow/example_dags/example_subdag_operator.py
[2021-11-15 07:28:34,696] {logging_mixin.py:109} INFO - [2021-11-15 07:28:34,696] {dag.py:2389} INFO - Sync 3 DAGs
[2021-11-15 07:28:34,714] {logging_mixin.py:109} INFO - [2021-11-15 07:28:34,714] {dag.py:2921} INFO - Setting next_dagrun for example_subdag_operator to 2021-11-13T00:00:00+00:00
[2021-11-15 07:28:34,714] {logging_mixin.py:109} INFO - [2021-11-15 07:28:34,714] {dag.py:2921} INFO - Setting next_dagrun for example_subdag_operator.section-1 to None
[2021-11-15 07:28:34,714] {logging_mixin.py:109} INFO - [2021-11-15 07:28:34,714] {dag.py:2921} INFO - Setting next_dagrun for example_subdag_operator.section-2 to None
[2021-11-15 07:28:34,720] {logging_mixin.py:109} INFO - [2021-11-15 07:28:34,720] {dag.py:2389} INFO - Sync 2 DAGs
[2021-11-15 07:28:34,728] {logging_mixin.py:109} INFO - [2021-11-15 07:28:34,728] {dag.py:2921} INFO - Setting next_dagrun for example_subdag_operator.section-1 to None
[2021-11-15 07:28:34,729] {logging_mixin.py:109} INFO - [2021-11-15 07:28:34,728] {dag.py:2921} INFO - Setting next_dagrun for example_subdag_operator.section-2 to None
[2021-11-15 07:28:34,736] {processor.py:171} INFO - Processing /home/airflow/.local/lib/python3.7/site-packages/airflow/example_dags/example_subdag_operator.py took 0.101 seconds
[2021-11-15 07:29:04,825] {processor.py:163} INFO - Started process (PID=492) to work on /home/airflow/.local/lib/python3.7/site-packages/airflow/example_dags/example_subdag_operator.py
[2021-11-15 07:29:04,827] {processor.py:620} INFO - Processing file /home/airflow/.local/lib/python3.7/site-packages/airflow/example_dags/example_subdag_operator.py for tasks to queue
[2021-11-15 07:29:04,827] {logging_mixin.py:109} INFO - [2021-11-15 07:29:04,827] {dagbag.py:500} INFO - Filling up the DagBag from /home/airflow/.local/lib/python3.7/site-packages/airflow/example_dags/example_subdag_operator.py
[2021-11-15 07:29:04,864] {processor.py:632} INFO - DAG(s) dict_keys(['example_subdag_operator.section-1', 'example_subdag_operator.section-2', 'example_subdag_operator']) retrieved from /home/airflow/.local/lib/python3.7/site-packages/airflow/example_dags/example_subdag_operator.py
[2021-11-15 07:29:04,876] {logging_mixin.py:109} INFO - [2021-11-15 07:29:04,876] {dag.py:2389} INFO - Sync 3 DAGs
[2021-11-15 07:29:04,893] {logging_mixin.py:109} INFO - [2021-11-15 07:29:04,893] {dag.py:2921} INFO - Setting next_dagrun for example_subdag_operator to 2021-11-13T00:00:00+00:00
[2021-11-15 07:29:04,893] {logging_mixin.py:109} INFO - [2021-11-15 07:29:04,893] {dag.py:2921} INFO - Setting next_dagrun for example_subdag_operator.section-1 to None
[2021-11-15 07:29:04,893] {logging_mixin.py:109} INFO - [2021-11-15 07:29:04,893] {dag.py:2921} INFO - Setting next_dagrun for example_subdag_operator.section-2 to None
[2021-11-15 07:29:04,899] {logging_mixin.py:109} INFO - [2021-11-15 07:29:04,899] {dag.py:2389} INFO - Sync 2 DAGs
[2021-11-15 07:29:04,908] {logging_mixin.py:109} INFO - [2021-11-15 07:29:04,908] {dag.py:2921} INFO - Setting next_dagrun for example_subdag_operator.section-1 to None
[2021-11-15 07:29:04,908] {logging_mixin.py:109} INFO - [2021-11-15 07:29:04,908] {dag.py:2921} INFO - Setting next_dagrun for example_subdag_operator.section-2 to None
[2021-11-15 07:29:04,915] {processor.py:171} INFO - Processing /home/airflow/.local/lib/python3.7/site-packages/airflow/example_dags/example_subdag_operator.py took 0.093 seconds
[2021-11-15 07:29:35,010] {processor.py:163} INFO - Started process (PID=541) to work on /home/airflow/.local/lib/python3.7/site-packages/airflow/example_dags/example_subdag_operator.py
[2021-11-15 07:29:35,011] {processor.py:620} INFO - Processing file /home/airflow/.local/lib/python3.7/site-packages/airflow/example_dags/example_subdag_operator.py for tasks to queue
[2021-11-15 07:29:35,012] {logging_mixin.py:109} INFO - [2021-11-15 07:29:35,012] {dagbag.py:500} INFO - Filling up the DagBag from /home/airflow/.local/lib/python3.7/site-packages/airflow/example_dags/example_subdag_operator.py
[2021-11-15 07:29:35,041] {processor.py:632} INFO - DAG(s) dict_keys(['example_subdag_operator.section-1', 'example_subdag_operator.section-2', 'example_subdag_operator']) retrieved from /home/airflow/.local/lib/python3.7/site-packages/airflow/example_dags/example_subdag_operator.py
[2021-11-15 07:29:35,051] {logging_mixin.py:109} INFO - [2021-11-15 07:29:35,051] {dag.py:2389} INFO - Sync 3 DAGs
[2021-11-15 07:29:35,065] {logging_mixin.py:109} INFO - [2021-11-15 07:29:35,065] {dag.py:2921} INFO - Setting next_dagrun for example_subdag_operator to 2021-11-13T00:00:00+00:00
[2021-11-15 07:29:35,066] {logging_mixin.py:109} INFO - [2021-11-15 07:29:35,066] {dag.py:2921} INFO - Setting next_dagrun for example_subdag_operator.section-1 to None
[2021-11-15 07:29:35,066] {logging_mixin.py:109} INFO - [2021-11-15 07:29:35,066] {dag.py:2921} INFO - Setting next_dagrun for example_subdag_operator.section-2 to None
[2021-11-15 07:29:35,071] {logging_mixin.py:109} INFO - [2021-11-15 07:29:35,071] {dag.py:2389} INFO - Sync 2 DAGs
[2021-11-15 07:29:35,079] {logging_mixin.py:109} INFO - [2021-11-15 07:29:35,079] {dag.py:2921} INFO - Setting next_dagrun for example_subdag_operator.section-1 to None
[2021-11-15 07:29:35,079] {logging_mixin.py:109} INFO - [2021-11-15 07:29:35,079] {dag.py:2921} INFO - Setting next_dagrun for example_subdag_operator.section-2 to None
[2021-11-15 07:29:35,085] {processor.py:171} INFO - Processing /home/airflow/.local/lib/python3.7/site-packages/airflow/example_dags/example_subdag_operator.py took 0.078 seconds
[2021-11-15 07:30:05,850] {processor.py:163} INFO - Started process (PID=598) to work on /home/airflow/.local/lib/python3.7/site-packages/airflow/example_dags/example_subdag_operator.py
[2021-11-15 07:30:05,854] {processor.py:620} INFO - Processing file /home/airflow/.local/lib/python3.7/site-packages/airflow/example_dags/example_subdag_operator.py for tasks to queue
[2021-11-15 07:30:05,855] {logging_mixin.py:109} INFO - [2021-11-15 07:30:05,855] {dagbag.py:500} INFO - Filling up the DagBag from /home/airflow/.local/lib/python3.7/site-packages/airflow/example_dags/example_subdag_operator.py
[2021-11-15 07:30:05,901] {processor.py:632} INFO - DAG(s) dict_keys(['example_subdag_operator.section-1', 'example_subdag_operator.section-2', 'example_subdag_operator']) retrieved from /home/airflow/.local/lib/python3.7/site-packages/airflow/example_dags/example_subdag_operator.py
[2021-11-15 07:30:05,913] {logging_mixin.py:109} INFO - [2021-11-15 07:30:05,913] {dag.py:2389} INFO - Sync 3 DAGs
[2021-11-15 07:30:05,930] {logging_mixin.py:109} INFO - [2021-11-15 07:30:05,930] {dag.py:2921} INFO - Setting next_dagrun for example_subdag_operator to 2021-11-13T00:00:00+00:00
[2021-11-15 07:30:05,930] {logging_mixin.py:109} INFO - [2021-11-15 07:30:05,930] {dag.py:2921} INFO - Setting next_dagrun for example_subdag_operator.section-1 to None
[2021-11-15 07:30:05,930] {logging_mixin.py:109} INFO - [2021-11-15 07:30:05,930] {dag.py:2921} INFO - Setting next_dagrun for example_subdag_operator.section-2 to None
[2021-11-15 07:30:05,936] {logging_mixin.py:109} INFO - [2021-11-15 07:30:05,936] {dag.py:2389} INFO - Sync 2 DAGs
[2021-11-15 07:30:05,945] {logging_mixin.py:109} INFO - [2021-11-15 07:30:05,945] {dag.py:2921} INFO - Setting next_dagrun for example_subdag_operator.section-1 to None
[2021-11-15 07:30:05,945] {logging_mixin.py:109} INFO - [2021-11-15 07:30:05,945] {dag.py:2921} INFO - Setting next_dagrun for example_subdag_operator.section-2 to None
[2021-11-15 07:30:05,952] {processor.py:171} INFO - Processing /home/airflow/.local/lib/python3.7/site-packages/airflow/example_dags/example_subdag_operator.py took 0.110 seconds
[2021-11-15 07:30:36,297] {processor.py:163} INFO - Started process (PID=647) to work on /home/airflow/.local/lib/python3.7/site-packages/airflow/example_dags/example_subdag_operator.py
[2021-11-15 07:30:36,298] {processor.py:620} INFO - Processing file /home/airflow/.local/lib/python3.7/site-packages/airflow/example_dags/example_subdag_operator.py for tasks to queue
[2021-11-15 07:30:36,299] {logging_mixin.py:109} INFO - [2021-11-15 07:30:36,299] {dagbag.py:500} INFO - Filling up the DagBag from /home/airflow/.local/lib/python3.7/site-packages/airflow/example_dags/example_subdag_operator.py
[2021-11-15 07:30:36,331] {processor.py:632} INFO - DAG(s) dict_keys(['example_subdag_operator.section-1', 'example_subdag_operator.section-2', 'example_subdag_operator']) retrieved from /home/airflow/.local/lib/python3.7/site-packages/airflow/example_dags/example_subdag_operator.py
[2021-11-15 07:30:36,342] {logging_mixin.py:109} INFO - [2021-11-15 07:30:36,342] {dag.py:2389} INFO - Sync 3 DAGs
[2021-11-15 07:30:36,356] {logging_mixin.py:109} INFO - [2021-11-15 07:30:36,356] {dag.py:2921} INFO - Setting next_dagrun for example_subdag_operator to 2021-11-13T00:00:00+00:00
[2021-11-15 07:30:36,357] {logging_mixin.py:109} INFO - [2021-11-15 07:30:36,357] {dag.py:2921} INFO - Setting next_dagrun for example_subdag_operator.section-1 to None
[2021-11-15 07:30:36,357] {logging_mixin.py:109} INFO - [2021-11-15 07:30:36,357] {dag.py:2921} INFO - Setting next_dagrun for example_subdag_operator.section-2 to None
[2021-11-15 07:30:36,362] {logging_mixin.py:109} INFO - [2021-11-15 07:30:36,362] {dag.py:2389} INFO - Sync 2 DAGs
[2021-11-15 07:30:36,372] {logging_mixin.py:109} INFO - [2021-11-15 07:30:36,371] {dag.py:2921} INFO - Setting next_dagrun for example_subdag_operator.section-1 to None
[2021-11-15 07:30:36,372] {logging_mixin.py:109} INFO - [2021-11-15 07:30:36,372] {dag.py:2921} INFO - Setting next_dagrun for example_subdag_operator.section-2 to None
[2021-11-15 07:30:36,378] {processor.py:171} INFO - Processing /home/airflow/.local/lib/python3.7/site-packages/airflow/example_dags/example_subdag_operator.py took 0.084 seconds
[2021-11-15 07:31:06,717] {processor.py:163} INFO - Started process (PID=705) to work on /home/airflow/.local/lib/python3.7/site-packages/airflow/example_dags/example_subdag_operator.py
[2021-11-15 07:31:06,718] {processor.py:620} INFO - Processing file /home/airflow/.local/lib/python3.7/site-packages/airflow/example_dags/example_subdag_operator.py for tasks to queue
[2021-11-15 07:31:06,719] {logging_mixin.py:109} INFO - [2021-11-15 07:31:06,719] {dagbag.py:500} INFO - Filling up the DagBag from /home/airflow/.local/lib/python3.7/site-packages/airflow/example_dags/example_subdag_operator.py
[2021-11-15 07:31:06,749] {processor.py:632} INFO - DAG(s) dict_keys(['example_subdag_operator.section-1', 'example_subdag_operator.section-2', 'example_subdag_operator']) retrieved from /home/airflow/.local/lib/python3.7/site-packages/airflow/example_dags/example_subdag_operator.py
[2021-11-15 07:31:06,760] {logging_mixin.py:109} INFO - [2021-11-15 07:31:06,760] {dag.py:2389} INFO - Sync 3 DAGs
[2021-11-15 07:31:06,775] {logging_mixin.py:109} INFO - [2021-11-15 07:31:06,775] {dag.py:2921} INFO - Setting next_dagrun for example_subdag_operator to 2021-11-13T00:00:00+00:00
[2021-11-15 07:31:06,775] {logging_mixin.py:109} INFO - [2021-11-15 07:31:06,775] {dag.py:2921} INFO - Setting next_dagrun for example_subdag_operator.section-1 to None
[2021-11-15 07:31:06,775] {logging_mixin.py:109} INFO - [2021-11-15 07:31:06,775] {dag.py:2921} INFO - Setting next_dagrun for example_subdag_operator.section-2 to None
[2021-11-15 07:31:06,781] {logging_mixin.py:109} INFO - [2021-11-15 07:31:06,781] {dag.py:2389} INFO - Sync 2 DAGs
[2021-11-15 07:31:06,789] {logging_mixin.py:109} INFO - [2021-11-15 07:31:06,789] {dag.py:2921} INFO - Setting next_dagrun for example_subdag_operator.section-1 to None
[2021-11-15 07:31:06,789] {logging_mixin.py:109} INFO - [2021-11-15 07:31:06,789] {dag.py:2921} INFO - Setting next_dagrun for example_subdag_operator.section-2 to None
[2021-11-15 07:31:06,795] {processor.py:171} INFO - Processing /home/airflow/.local/lib/python3.7/site-packages/airflow/example_dags/example_subdag_operator.py took 0.081 seconds
[2021-11-15 07:31:37,291] {processor.py:163} INFO - Started process (PID=755) to work on /home/airflow/.local/lib/python3.7/site-packages/airflow/example_dags/example_subdag_operator.py
[2021-11-15 07:31:37,293] {processor.py:620} INFO - Processing file /home/airflow/.local/lib/python3.7/site-packages/airflow/example_dags/example_subdag_operator.py for tasks to queue
[2021-11-15 07:31:37,293] {logging_mixin.py:109} INFO - [2021-11-15 07:31:37,293] {dagbag.py:500} INFO - Filling up the DagBag from /home/airflow/.local/lib/python3.7/site-packages/airflow/example_dags/example_subdag_operator.py
[2021-11-15 07:31:37,323] {processor.py:632} INFO - DAG(s) dict_keys(['example_subdag_operator.section-1', 'example_subdag_operator.section-2', 'example_subdag_operator']) retrieved from /home/airflow/.local/lib/python3.7/site-packages/airflow/example_dags/example_subdag_operator.py
[2021-11-15 07:31:37,337] {logging_mixin.py:109} INFO - [2021-11-15 07:31:37,337] {dag.py:2389} INFO - Sync 3 DAGs
[2021-11-15 07:31:37,355] {logging_mixin.py:109} INFO - [2021-11-15 07:31:37,355] {dag.py:2921} INFO - Setting next_dagrun for example_subdag_operator to 2021-11-13T00:00:00+00:00
[2021-11-15 07:31:37,355] {logging_mixin.py:109} INFO - [2021-11-15 07:31:37,355] {dag.py:2921} INFO - Setting next_dagrun for example_subdag_operator.section-1 to None
[2021-11-15 07:31:37,356] {logging_mixin.py:109} INFO - [2021-11-15 07:31:37,356] {dag.py:2921} INFO - Setting next_dagrun for example_subdag_operator.section-2 to None
[2021-11-15 07:31:37,361] {logging_mixin.py:109} INFO - [2021-11-15 07:31:37,361] {dag.py:2389} INFO - Sync 2 DAGs
[2021-11-15 07:31:37,371] {logging_mixin.py:109} INFO - [2021-11-15 07:31:37,370] {dag.py:2921} INFO - Setting next_dagrun for example_subdag_operator.section-1 to None
[2021-11-15 07:31:37,371] {logging_mixin.py:109} INFO - [2021-11-15 07:31:37,371] {dag.py:2921} INFO - Setting next_dagrun for example_subdag_operator.section-2 to None
[2021-11-15 07:31:37,378] {processor.py:171} INFO - Processing /home/airflow/.local/lib/python3.7/site-packages/airflow/example_dags/example_subdag_operator.py took 0.089 seconds
[2021-11-15 07:32:07,524] {processor.py:163} INFO - Started process (PID=813) to work on /home/airflow/.local/lib/python3.7/site-packages/airflow/example_dags/example_subdag_operator.py
[2021-11-15 07:32:07,526] {processor.py:620} INFO - Processing file /home/airflow/.local/lib/python3.7/site-packages/airflow/example_dags/example_subdag_operator.py for tasks to queue
[2021-11-15 07:32:07,526] {logging_mixin.py:109} INFO - [2021-11-15 07:32:07,526] {dagbag.py:500} INFO - Filling up the DagBag from /home/airflow/.local/lib/python3.7/site-packages/airflow/example_dags/example_subdag_operator.py
[2021-11-15 07:32:07,559] {processor.py:632} INFO - DAG(s) dict_keys(['example_subdag_operator.section-1', 'example_subdag_operator.section-2', 'example_subdag_operator']) retrieved from /home/airflow/.local/lib/python3.7/site-packages/airflow/example_dags/example_subdag_operator.py
[2021-11-15 07:32:07,573] {logging_mixin.py:109} INFO - [2021-11-15 07:32:07,573] {dag.py:2389} INFO - Sync 3 DAGs
[2021-11-15 07:32:07,591] {logging_mixin.py:109} INFO - [2021-11-15 07:32:07,591] {dag.py:2921} INFO - Setting next_dagrun for example_subdag_operator to 2021-11-13T00:00:00+00:00
[2021-11-15 07:32:07,591] {logging_mixin.py:109} INFO - [2021-11-15 07:32:07,591] {dag.py:2921} INFO - Setting next_dagrun for example_subdag_operator.section-1 to None
[2021-11-15 07:32:07,592] {logging_mixin.py:109} INFO - [2021-11-15 07:32:07,592] {dag.py:2921} INFO - Setting next_dagrun for example_subdag_operator.section-2 to None
[2021-11-15 07:32:07,597] {logging_mixin.py:109} INFO - [2021-11-15 07:32:07,597] {dag.py:2389} INFO - Sync 2 DAGs
[2021-11-15 07:32:07,605] {logging_mixin.py:109} INFO - [2021-11-15 07:32:07,605] {dag.py:2921} INFO - Setting next_dagrun for example_subdag_operator.section-1 to None
[2021-11-15 07:32:07,606] {logging_mixin.py:109} INFO - [2021-11-15 07:32:07,606] {dag.py:2921} INFO - Setting next_dagrun for example_subdag_operator.section-2 to None
[2021-11-15 07:32:07,612] {processor.py:171} INFO - Processing /home/airflow/.local/lib/python3.7/site-packages/airflow/example_dags/example_subdag_operator.py took 0.091 seconds
[2021-11-15 07:32:38,033] {processor.py:163} INFO - Started process (PID=862) to work on /home/airflow/.local/lib/python3.7/site-packages/airflow/example_dags/example_subdag_operator.py
[2021-11-15 07:32:38,035] {processor.py:620} INFO - Processing file /home/airflow/.local/lib/python3.7/site-packages/airflow/example_dags/example_subdag_operator.py for tasks to queue
[2021-11-15 07:32:38,035] {logging_mixin.py:109} INFO - [2021-11-15 07:32:38,035] {dagbag.py:500} INFO - Filling up the DagBag from /home/airflow/.local/lib/python3.7/site-packages/airflow/example_dags/example_subdag_operator.py
[2021-11-15 07:32:38,065] {processor.py:632} INFO - DAG(s) dict_keys(['example_subdag_operator.section-1', 'example_subdag_operator.section-2', 'example_subdag_operator']) retrieved from /home/airflow/.local/lib/python3.7/site-packages/airflow/example_dags/example_subdag_operator.py
[2021-11-15 07:32:38,076] {logging_mixin.py:109} INFO - [2021-11-15 07:32:38,076] {dag.py:2389} INFO - Sync 3 DAGs
[2021-11-15 07:32:38,091] {logging_mixin.py:109} INFO - [2021-11-15 07:32:38,091] {dag.py:2921} INFO - Setting next_dagrun for example_subdag_operator to 2021-11-13T00:00:00+00:00
[2021-11-15 07:32:38,091] {logging_mixin.py:109} INFO - [2021-11-15 07:32:38,091] {dag.py:2921} INFO - Setting next_dagrun for example_subdag_operator.section-1 to None
[2021-11-15 07:32:38,091] {logging_mixin.py:109} INFO - [2021-11-15 07:32:38,091] {dag.py:2921} INFO - Setting next_dagrun for example_subdag_operator.section-2 to None
[2021-11-15 07:32:38,097] {logging_mixin.py:109} INFO - [2021-11-15 07:32:38,097] {dag.py:2389} INFO - Sync 2 DAGs
[2021-11-15 07:32:38,106] {logging_mixin.py:109} INFO - [2021-11-15 07:32:38,106] {dag.py:2921} INFO - Setting next_dagrun for example_subdag_operator.section-1 to None
[2021-11-15 07:32:38,106] {logging_mixin.py:109} INFO - [2021-11-15 07:32:38,106] {dag.py:2921} INFO - Setting next_dagrun for example_subdag_operator.section-2 to None
[2021-11-15 07:32:38,112] {processor.py:171} INFO - Processing /home/airflow/.local/lib/python3.7/site-packages/airflow/example_dags/example_subdag_operator.py took 0.082 seconds
[2021-11-15 07:33:08,566] {processor.py:163} INFO - Started process (PID=921) to work on /home/airflow/.local/lib/python3.7/site-packages/airflow/example_dags/example_subdag_operator.py
[2021-11-15 07:33:08,568] {processor.py:620} INFO - Processing file /home/airflow/.local/lib/python3.7/site-packages/airflow/example_dags/example_subdag_operator.py for tasks to queue
[2021-11-15 07:33:08,568] {logging_mixin.py:109} INFO - [2021-11-15 07:33:08,568] {dagbag.py:500} INFO - Filling up the DagBag from /home/airflow/.local/lib/python3.7/site-packages/airflow/example_dags/example_subdag_operator.py
[2021-11-15 07:33:08,602] {processor.py:632} INFO - DAG(s) dict_keys(['example_subdag_operator.section-1', 'example_subdag_operator.section-2', 'example_subdag_operator']) retrieved from /home/airflow/.local/lib/python3.7/site-packages/airflow/example_dags/example_subdag_operator.py
[2021-11-15 07:33:08,614] {logging_mixin.py:109} INFO - [2021-11-15 07:33:08,613] {dag.py:2389} INFO - Sync 3 DAGs
[2021-11-15 07:33:08,629] {logging_mixin.py:109} INFO - [2021-11-15 07:33:08,629] {dag.py:2921} INFO - Setting next_dagrun for example_subdag_operator to 2021-11-13T00:00:00+00:00
[2021-11-15 07:33:08,630] {logging_mixin.py:109} INFO - [2021-11-15 07:33:08,630] {dag.py:2921} INFO - Setting next_dagrun for example_subdag_operator.section-1 to None
[2021-11-15 07:33:08,630] {logging_mixin.py:109} INFO - [2021-11-15 07:33:08,630] {dag.py:2921} INFO - Setting next_dagrun for example_subdag_operator.section-2 to None
[2021-11-15 07:33:08,635] {logging_mixin.py:109} INFO - [2021-11-15 07:33:08,635] {dag.py:2389} INFO - Sync 2 DAGs
[2021-11-15 07:33:08,645] {logging_mixin.py:109} INFO - [2021-11-15 07:33:08,645] {dag.py:2921} INFO - Setting next_dagrun for example_subdag_operator.section-1 to None
[2021-11-15 07:33:08,645] {logging_mixin.py:109} INFO - [2021-11-15 07:33:08,645] {dag.py:2921} INFO - Setting next_dagrun for example_subdag_operator.section-2 to None
[2021-11-15 07:33:08,652] {processor.py:171} INFO - Processing /home/airflow/.local/lib/python3.7/site-packages/airflow/example_dags/example_subdag_operator.py took 0.089 seconds
[2021-11-15 07:33:39,016] {processor.py:163} INFO - Started process (PID=971) to work on /home/airflow/.local/lib/python3.7/site-packages/airflow/example_dags/example_subdag_operator.py
[2021-11-15 07:33:39,019] {processor.py:620} INFO - Processing file /home/airflow/.local/lib/python3.7/site-packages/airflow/example_dags/example_subdag_operator.py for tasks to queue
[2021-11-15 07:33:39,020] {logging_mixin.py:109} INFO - [2021-11-15 07:33:39,020] {dagbag.py:500} INFO - Filling up the DagBag from /home/airflow/.local/lib/python3.7/site-packages/airflow/example_dags/example_subdag_operator.py
[2021-11-15 07:33:39,060] {processor.py:632} INFO - DAG(s) dict_keys(['example_subdag_operator.section-1', 'example_subdag_operator.section-2', 'example_subdag_operator']) retrieved from /home/airflow/.local/lib/python3.7/site-packages/airflow/example_dags/example_subdag_operator.py
[2021-11-15 07:33:39,073] {logging_mixin.py:109} INFO - [2021-11-15 07:33:39,073] {dag.py:2389} INFO - Sync 3 DAGs
[2021-11-15 07:33:39,090] {logging_mixin.py:109} INFO - [2021-11-15 07:33:39,090] {dag.py:2921} INFO - Setting next_dagrun for example_subdag_operator to 2021-11-13T00:00:00+00:00
[2021-11-15 07:33:39,091] {logging_mixin.py:109} INFO - [2021-11-15 07:33:39,091] {dag.py:2921} INFO - Setting next_dagrun for example_subdag_operator.section-1 to None
[2021-11-15 07:33:39,091] {logging_mixin.py:109} INFO - [2021-11-15 07:33:39,091] {dag.py:2921} INFO - Setting next_dagrun for example_subdag_operator.section-2 to None
[2021-11-15 07:33:39,097] {logging_mixin.py:109} INFO - [2021-11-15 07:33:39,097] {dag.py:2389} INFO - Sync 2 DAGs
[2021-11-15 07:33:39,106] {logging_mixin.py:109} INFO - [2021-11-15 07:33:39,106] {dag.py:2921} INFO - Setting next_dagrun for example_subdag_operator.section-1 to None
[2021-11-15 07:33:39,106] {logging_mixin.py:109} INFO - [2021-11-15 07:33:39,106] {dag.py:2921} INFO - Setting next_dagrun for example_subdag_operator.section-2 to None
[2021-11-15 07:33:39,114] {processor.py:171} INFO - Processing /home/airflow/.local/lib/python3.7/site-packages/airflow/example_dags/example_subdag_operator.py took 0.107 seconds
[2021-11-15 07:34:09,538] {processor.py:163} INFO - Started process (PID=1028) to work on /home/airflow/.local/lib/python3.7/site-packages/airflow/example_dags/example_subdag_operator.py
[2021-11-15 07:34:09,540] {processor.py:620} INFO - Processing file /home/airflow/.local/lib/python3.7/site-packages/airflow/example_dags/example_subdag_operator.py for tasks to queue
[2021-11-15 07:34:09,541] {logging_mixin.py:109} INFO - [2021-11-15 07:34:09,541] {dagbag.py:500} INFO - Filling up the DagBag from /home/airflow/.local/lib/python3.7/site-packages/airflow/example_dags/example_subdag_operator.py
[2021-11-15 07:34:09,607] {processor.py:632} INFO - DAG(s) dict_keys(['example_subdag_operator.section-1', 'example_subdag_operator.section-2', 'example_subdag_operator']) retrieved from /home/airflow/.local/lib/python3.7/site-packages/airflow/example_dags/example_subdag_operator.py
[2021-11-15 07:34:09,619] {logging_mixin.py:109} INFO - [2021-11-15 07:34:09,619] {dag.py:2389} INFO - Sync 3 DAGs
[2021-11-15 07:34:09,634] {logging_mixin.py:109} INFO - [2021-11-15 07:34:09,634] {dag.py:2921} INFO - Setting next_dagrun for example_subdag_operator to 2021-11-13T00:00:00+00:00
[2021-11-15 07:34:09,634] {logging_mixin.py:109} INFO - [2021-11-15 07:34:09,634] {dag.py:2921} INFO - Setting next_dagrun for example_subdag_operator.section-1 to None
[2021-11-15 07:34:09,634] {logging_mixin.py:109} INFO - [2021-11-15 07:34:09,634] {dag.py:2921} INFO - Setting next_dagrun for example_subdag_operator.section-2 to None
[2021-11-15 07:34:09,640] {logging_mixin.py:109} INFO - [2021-11-15 07:34:09,639] {dag.py:2389} INFO - Sync 2 DAGs
[2021-11-15 07:34:09,648] {logging_mixin.py:109} INFO - [2021-11-15 07:34:09,648] {dag.py:2921} INFO - Setting next_dagrun for example_subdag_operator.section-1 to None
[2021-11-15 07:34:09,648] {logging_mixin.py:109} INFO - [2021-11-15 07:34:09,648] {dag.py:2921} INFO - Setting next_dagrun for example_subdag_operator.section-2 to None
[2021-11-15 07:34:09,654] {processor.py:171} INFO - Processing /home/airflow/.local/lib/python3.7/site-packages/airflow/example_dags/example_subdag_operator.py took 0.121 seconds
[2021-11-15 07:34:40,021] {processor.py:163} INFO - Started process (PID=1079) to work on /home/airflow/.local/lib/python3.7/site-packages/airflow/example_dags/example_subdag_operator.py
[2021-11-15 07:34:40,024] {processor.py:620} INFO - Processing file /home/airflow/.local/lib/python3.7/site-packages/airflow/example_dags/example_subdag_operator.py for tasks to queue
[2021-11-15 07:34:40,025] {logging_mixin.py:109} INFO - [2021-11-15 07:34:40,024] {dagbag.py:500} INFO - Filling up the DagBag from /home/airflow/.local/lib/python3.7/site-packages/airflow/example_dags/example_subdag_operator.py
[2021-11-15 07:34:40,067] {processor.py:632} INFO - DAG(s) dict_keys(['example_subdag_operator.section-1', 'example_subdag_operator.section-2', 'example_subdag_operator']) retrieved from /home/airflow/.local/lib/python3.7/site-packages/airflow/example_dags/example_subdag_operator.py
[2021-11-15 07:34:40,079] {logging_mixin.py:109} INFO - [2021-11-15 07:34:40,078] {dag.py:2389} INFO - Sync 3 DAGs
[2021-11-15 07:34:40,094] {logging_mixin.py:109} INFO - [2021-11-15 07:34:40,094] {dag.py:2921} INFO - Setting next_dagrun for example_subdag_operator to 2021-11-13T00:00:00+00:00
[2021-11-15 07:34:40,094] {logging_mixin.py:109} INFO - [2021-11-15 07:34:40,094] {dag.py:2921} INFO - Setting next_dagrun for example_subdag_operator.section-1 to None
[2021-11-15 07:34:40,094] {logging_mixin.py:109} INFO - [2021-11-15 07:34:40,094] {dag.py:2921} INFO - Setting next_dagrun for example_subdag_operator.section-2 to None
[2021-11-15 07:34:40,100] {logging_mixin.py:109} INFO - [2021-11-15 07:34:40,100] {dag.py:2389} INFO - Sync 2 DAGs
[2021-11-15 07:34:40,108] {logging_mixin.py:109} INFO - [2021-11-15 07:34:40,108] {dag.py:2921} INFO - Setting next_dagrun for example_subdag_operator.section-1 to None
[2021-11-15 07:34:40,109] {logging_mixin.py:109} INFO - [2021-11-15 07:34:40,109] {dag.py:2921} INFO - Setting next_dagrun for example_subdag_operator.section-2 to None
[2021-11-15 07:34:40,115] {processor.py:171} INFO - Processing /home/airflow/.local/lib/python3.7/site-packages/airflow/example_dags/example_subdag_operator.py took 0.102 seconds
[2021-11-15 07:35:10,575] {processor.py:163} INFO - Started process (PID=1136) to work on /home/airflow/.local/lib/python3.7/site-packages/airflow/example_dags/example_subdag_operator.py
[2021-11-15 07:35:10,577] {processor.py:620} INFO - Processing file /home/airflow/.local/lib/python3.7/site-packages/airflow/example_dags/example_subdag_operator.py for tasks to queue
[2021-11-15 07:35:10,578] {logging_mixin.py:109} INFO - [2021-11-15 07:35:10,578] {dagbag.py:500} INFO - Filling up the DagBag from /home/airflow/.local/lib/python3.7/site-packages/airflow/example_dags/example_subdag_operator.py
[2021-11-15 07:35:10,619] {processor.py:632} INFO - DAG(s) dict_keys(['example_subdag_operator.section-1', 'example_subdag_operator.section-2', 'example_subdag_operator']) retrieved from /home/airflow/.local/lib/python3.7/site-packages/airflow/example_dags/example_subdag_operator.py
[2021-11-15 07:35:10,634] {logging_mixin.py:109} INFO - [2021-11-15 07:35:10,634] {dag.py:2389} INFO - Sync 3 DAGs
[2021-11-15 07:35:10,654] {logging_mixin.py:109} INFO - [2021-11-15 07:35:10,653] {dag.py:2921} INFO - Setting next_dagrun for example_subdag_operator to 2021-11-13T00:00:00+00:00
[2021-11-15 07:35:10,654] {logging_mixin.py:109} INFO - [2021-11-15 07:35:10,654] {dag.py:2921} INFO - Setting next_dagrun for example_subdag_operator.section-1 to None
[2021-11-15 07:35:10,654] {logging_mixin.py:109} INFO - [2021-11-15 07:35:10,654] {dag.py:2921} INFO - Setting next_dagrun for example_subdag_operator.section-2 to None
[2021-11-15 07:35:10,661] {logging_mixin.py:109} INFO - [2021-11-15 07:35:10,661] {dag.py:2389} INFO - Sync 2 DAGs
[2021-11-15 07:35:10,672] {logging_mixin.py:109} INFO - [2021-11-15 07:35:10,671] {dag.py:2921} INFO - Setting next_dagrun for example_subdag_operator.section-1 to None
[2021-11-15 07:35:10,672] {logging_mixin.py:109} INFO - [2021-11-15 07:35:10,672] {dag.py:2921} INFO - Setting next_dagrun for example_subdag_operator.section-2 to None
[2021-11-15 07:35:10,681] {processor.py:171} INFO - Processing /home/airflow/.local/lib/python3.7/site-packages/airflow/example_dags/example_subdag_operator.py took 0.109 seconds
[2021-11-15 07:35:41,041] {processor.py:163} INFO - Started process (PID=1185) to work on /home/airflow/.local/lib/python3.7/site-packages/airflow/example_dags/example_subdag_operator.py
[2021-11-15 07:35:41,045] {processor.py:620} INFO - Processing file /home/airflow/.local/lib/python3.7/site-packages/airflow/example_dags/example_subdag_operator.py for tasks to queue
[2021-11-15 07:35:41,047] {logging_mixin.py:109} INFO - [2021-11-15 07:35:41,046] {dagbag.py:500} INFO - Filling up the DagBag from /home/airflow/.local/lib/python3.7/site-packages/airflow/example_dags/example_subdag_operator.py
[2021-11-15 07:35:41,092] {processor.py:632} INFO - DAG(s) dict_keys(['example_subdag_operator.section-1', 'example_subdag_operator.section-2', 'example_subdag_operator']) retrieved from /home/airflow/.local/lib/python3.7/site-packages/airflow/example_dags/example_subdag_operator.py
[2021-11-15 07:35:41,104] {logging_mixin.py:109} INFO - [2021-11-15 07:35:41,104] {dag.py:2389} INFO - Sync 3 DAGs
[2021-11-15 07:35:41,119] {logging_mixin.py:109} INFO - [2021-11-15 07:35:41,119] {dag.py:2921} INFO - Setting next_dagrun for example_subdag_operator to 2021-11-13T00:00:00+00:00
[2021-11-15 07:35:41,120] {logging_mixin.py:109} INFO - [2021-11-15 07:35:41,120] {dag.py:2921} INFO - Setting next_dagrun for example_subdag_operator.section-1 to None
[2021-11-15 07:35:41,120] {logging_mixin.py:109} INFO - [2021-11-15 07:35:41,120] {dag.py:2921} INFO - Setting next_dagrun for example_subdag_operator.section-2 to None
[2021-11-15 07:35:41,125] {logging_mixin.py:109} INFO - [2021-11-15 07:35:41,125] {dag.py:2389} INFO - Sync 2 DAGs
[2021-11-15 07:35:41,134] {logging_mixin.py:109} INFO - [2021-11-15 07:35:41,134] {dag.py:2921} INFO - Setting next_dagrun for example_subdag_operator.section-1 to None
[2021-11-15 07:35:41,134] {logging_mixin.py:109} INFO - [2021-11-15 07:35:41,134] {dag.py:2921} INFO - Setting next_dagrun for example_subdag_operator.section-2 to None
[2021-11-15 07:35:41,145] {processor.py:171} INFO - Processing /home/airflow/.local/lib/python3.7/site-packages/airflow/example_dags/example_subdag_operator.py took 0.112 seconds
[2021-11-15 07:36:11,581] {processor.py:163} INFO - Started process (PID=1243) to work on /home/airflow/.local/lib/python3.7/site-packages/airflow/example_dags/example_subdag_operator.py
[2021-11-15 07:36:11,583] {processor.py:620} INFO - Processing file /home/airflow/.local/lib/python3.7/site-packages/airflow/example_dags/example_subdag_operator.py for tasks to queue
[2021-11-15 07:36:11,583] {logging_mixin.py:109} INFO - [2021-11-15 07:36:11,583] {dagbag.py:500} INFO - Filling up the DagBag from /home/airflow/.local/lib/python3.7/site-packages/airflow/example_dags/example_subdag_operator.py
[2021-11-15 07:36:11,618] {processor.py:632} INFO - DAG(s) dict_keys(['example_subdag_operator.section-1', 'example_subdag_operator.section-2', 'example_subdag_operator']) retrieved from /home/airflow/.local/lib/python3.7/site-packages/airflow/example_dags/example_subdag_operator.py
[2021-11-15 07:36:11,628] {logging_mixin.py:109} INFO - [2021-11-15 07:36:11,628] {dag.py:2389} INFO - Sync 3 DAGs
[2021-11-15 07:36:11,645] {logging_mixin.py:109} INFO - [2021-11-15 07:36:11,645] {dag.py:2921} INFO - Setting next_dagrun for example_subdag_operator to 2021-11-13T00:00:00+00:00
[2021-11-15 07:36:11,646] {logging_mixin.py:109} INFO - [2021-11-15 07:36:11,646] {dag.py:2921} INFO - Setting next_dagrun for example_subdag_operator.section-1 to None
[2021-11-15 07:36:11,646] {logging_mixin.py:109} INFO - [2021-11-15 07:36:11,646] {dag.py:2921} INFO - Setting next_dagrun for example_subdag_operator.section-2 to None
[2021-11-15 07:36:11,652] {logging_mixin.py:109} INFO - [2021-11-15 07:36:11,652] {dag.py:2389} INFO - Sync 2 DAGs
[2021-11-15 07:36:11,662] {logging_mixin.py:109} INFO - [2021-11-15 07:36:11,662] {dag.py:2921} INFO - Setting next_dagrun for example_subdag_operator.section-1 to None
[2021-11-15 07:36:11,662] {logging_mixin.py:109} INFO - [2021-11-15 07:36:11,662] {dag.py:2921} INFO - Setting next_dagrun for example_subdag_operator.section-2 to None
[2021-11-15 07:36:11,668] {processor.py:171} INFO - Processing /home/airflow/.local/lib/python3.7/site-packages/airflow/example_dags/example_subdag_operator.py took 0.091 seconds
[2021-11-15 07:36:42,172] {processor.py:163} INFO - Started process (PID=1292) to work on /home/airflow/.local/lib/python3.7/site-packages/airflow/example_dags/example_subdag_operator.py
[2021-11-15 07:36:42,173] {processor.py:620} INFO - Processing file /home/airflow/.local/lib/python3.7/site-packages/airflow/example_dags/example_subdag_operator.py for tasks to queue
[2021-11-15 07:36:42,174] {logging_mixin.py:109} INFO - [2021-11-15 07:36:42,174] {dagbag.py:500} INFO - Filling up the DagBag from /home/airflow/.local/lib/python3.7/site-packages/airflow/example_dags/example_subdag_operator.py
[2021-11-15 07:36:42,213] {processor.py:632} INFO - DAG(s) dict_keys(['example_subdag_operator.section-1', 'example_subdag_operator.section-2', 'example_subdag_operator']) retrieved from /home/airflow/.local/lib/python3.7/site-packages/airflow/example_dags/example_subdag_operator.py
[2021-11-15 07:36:42,225] {logging_mixin.py:109} INFO - [2021-11-15 07:36:42,225] {dag.py:2389} INFO - Sync 3 DAGs
[2021-11-15 07:36:42,243] {logging_mixin.py:109} INFO - [2021-11-15 07:36:42,242] {dag.py:2921} INFO - Setting next_dagrun for example_subdag_operator to 2021-11-13T00:00:00+00:00
[2021-11-15 07:36:42,243] {logging_mixin.py:109} INFO - [2021-11-15 07:36:42,243] {dag.py:2921} INFO - Setting next_dagrun for example_subdag_operator.section-1 to None
[2021-11-15 07:36:42,243] {logging_mixin.py:109} INFO - [2021-11-15 07:36:42,243] {dag.py:2921} INFO - Setting next_dagrun for example_subdag_operator.section-2 to None
[2021-11-15 07:36:42,249] {logging_mixin.py:109} INFO - [2021-11-15 07:36:42,249] {dag.py:2389} INFO - Sync 2 DAGs
[2021-11-15 07:36:42,258] {logging_mixin.py:109} INFO - [2021-11-15 07:36:42,258] {dag.py:2921} INFO - Setting next_dagrun for example_subdag_operator.section-1 to None
[2021-11-15 07:36:42,258] {logging_mixin.py:109} INFO - [2021-11-15 07:36:42,258] {dag.py:2921} INFO - Setting next_dagrun for example_subdag_operator.section-2 to None
[2021-11-15 07:36:42,265] {processor.py:171} INFO - Processing /home/airflow/.local/lib/python3.7/site-packages/airflow/example_dags/example_subdag_operator.py took 0.096 seconds
[2021-11-15 07:37:12,457] {processor.py:163} INFO - Started process (PID=1342) to work on /home/airflow/.local/lib/python3.7/site-packages/airflow/example_dags/example_subdag_operator.py
[2021-11-15 07:37:12,470] {processor.py:620} INFO - Processing file /home/airflow/.local/lib/python3.7/site-packages/airflow/example_dags/example_subdag_operator.py for tasks to queue
[2021-11-15 07:37:12,470] {logging_mixin.py:109} INFO - [2021-11-15 07:37:12,470] {dagbag.py:500} INFO - Filling up the DagBag from /home/airflow/.local/lib/python3.7/site-packages/airflow/example_dags/example_subdag_operator.py
[2021-11-15 07:37:12,518] {processor.py:632} INFO - DAG(s) dict_keys(['example_subdag_operator.section-1', 'example_subdag_operator.section-2', 'example_subdag_operator']) retrieved from /home/airflow/.local/lib/python3.7/site-packages/airflow/example_dags/example_subdag_operator.py
[2021-11-15 07:37:12,533] {logging_mixin.py:109} INFO - [2021-11-15 07:37:12,532] {dag.py:2389} INFO - Sync 3 DAGs
[2021-11-15 07:37:12,552] {logging_mixin.py:109} INFO - [2021-11-15 07:37:12,552] {dag.py:2921} INFO - Setting next_dagrun for example_subdag_operator to 2021-11-13T00:00:00+00:00
[2021-11-15 07:37:12,552] {logging_mixin.py:109} INFO - [2021-11-15 07:37:12,552] {dag.py:2921} INFO - Setting next_dagrun for example_subdag_operator.section-1 to None
[2021-11-15 07:37:12,552] {logging_mixin.py:109} INFO - [2021-11-15 07:37:12,552] {dag.py:2921} INFO - Setting next_dagrun for example_subdag_operator.section-2 to None
[2021-11-15 07:37:12,559] {logging_mixin.py:109} INFO - [2021-11-15 07:37:12,559] {dag.py:2389} INFO - Sync 2 DAGs
[2021-11-15 07:37:12,570] {logging_mixin.py:109} INFO - [2021-11-15 07:37:12,570] {dag.py:2921} INFO - Setting next_dagrun for example_subdag_operator.section-1 to None
[2021-11-15 07:37:12,570] {logging_mixin.py:109} INFO - [2021-11-15 07:37:12,570] {dag.py:2921} INFO - Setting next_dagrun for example_subdag_operator.section-2 to None
[2021-11-15 07:37:12,578] {processor.py:171} INFO - Processing /home/airflow/.local/lib/python3.7/site-packages/airflow/example_dags/example_subdag_operator.py took 0.124 seconds
[2021-11-15 07:37:42,761] {processor.py:163} INFO - Started process (PID=1400) to work on /home/airflow/.local/lib/python3.7/site-packages/airflow/example_dags/example_subdag_operator.py
[2021-11-15 07:37:42,762] {processor.py:620} INFO - Processing file /home/airflow/.local/lib/python3.7/site-packages/airflow/example_dags/example_subdag_operator.py for tasks to queue
[2021-11-15 07:37:42,763] {logging_mixin.py:109} INFO - [2021-11-15 07:37:42,763] {dagbag.py:500} INFO - Filling up the DagBag from /home/airflow/.local/lib/python3.7/site-packages/airflow/example_dags/example_subdag_operator.py
[2021-11-15 07:37:42,799] {processor.py:632} INFO - DAG(s) dict_keys(['example_subdag_operator.section-1', 'example_subdag_operator.section-2', 'example_subdag_operator']) retrieved from /home/airflow/.local/lib/python3.7/site-packages/airflow/example_dags/example_subdag_operator.py
[2021-11-15 07:37:42,812] {logging_mixin.py:109} INFO - [2021-11-15 07:37:42,812] {dag.py:2389} INFO - Sync 3 DAGs
[2021-11-15 07:37:42,828] {logging_mixin.py:109} INFO - [2021-11-15 07:37:42,828] {dag.py:2921} INFO - Setting next_dagrun for example_subdag_operator to 2021-11-13T00:00:00+00:00
[2021-11-15 07:37:42,828] {logging_mixin.py:109} INFO - [2021-11-15 07:37:42,828] {dag.py:2921} INFO - Setting next_dagrun for example_subdag_operator.section-1 to None
[2021-11-15 07:37:42,829] {logging_mixin.py:109} INFO - [2021-11-15 07:37:42,828] {dag.py:2921} INFO - Setting next_dagrun for example_subdag_operator.section-2 to None
[2021-11-15 07:37:42,834] {logging_mixin.py:109} INFO - [2021-11-15 07:37:42,834] {dag.py:2389} INFO - Sync 2 DAGs
[2021-11-15 07:37:42,844] {logging_mixin.py:109} INFO - [2021-11-15 07:37:42,843] {dag.py:2921} INFO - Setting next_dagrun for example_subdag_operator.section-1 to None
[2021-11-15 07:37:42,844] {logging_mixin.py:109} INFO - [2021-11-15 07:37:42,844] {dag.py:2921} INFO - Setting next_dagrun for example_subdag_operator.section-2 to None
[2021-11-15 07:37:42,851] {processor.py:171} INFO - Processing /home/airflow/.local/lib/python3.7/site-packages/airflow/example_dags/example_subdag_operator.py took 0.093 seconds
[2021-11-15 07:38:13,169] {processor.py:163} INFO - Started process (PID=1450) to work on /home/airflow/.local/lib/python3.7/site-packages/airflow/example_dags/example_subdag_operator.py
[2021-11-15 07:38:13,171] {processor.py:620} INFO - Processing file /home/airflow/.local/lib/python3.7/site-packages/airflow/example_dags/example_subdag_operator.py for tasks to queue
[2021-11-15 07:38:13,171] {logging_mixin.py:109} INFO - [2021-11-15 07:38:13,171] {dagbag.py:500} INFO - Filling up the DagBag from /home/airflow/.local/lib/python3.7/site-packages/airflow/example_dags/example_subdag_operator.py
[2021-11-15 07:38:13,202] {processor.py:632} INFO - DAG(s) dict_keys(['example_subdag_operator.section-1', 'example_subdag_operator.section-2', 'example_subdag_operator']) retrieved from /home/airflow/.local/lib/python3.7/site-packages/airflow/example_dags/example_subdag_operator.py
[2021-11-15 07:38:13,213] {logging_mixin.py:109} INFO - [2021-11-15 07:38:13,213] {dag.py:2389} INFO - Sync 3 DAGs
[2021-11-15 07:38:13,228] {logging_mixin.py:109} INFO - [2021-11-15 07:38:13,228] {dag.py:2921} INFO - Setting next_dagrun for example_subdag_operator to 2021-11-13T00:00:00+00:00
[2021-11-15 07:38:13,229] {logging_mixin.py:109} INFO - [2021-11-15 07:38:13,228] {dag.py:2921} INFO - Setting next_dagrun for example_subdag_operator.section-1 to None
[2021-11-15 07:38:13,229] {logging_mixin.py:109} INFO - [2021-11-15 07:38:13,229] {dag.py:2921} INFO - Setting next_dagrun for example_subdag_operator.section-2 to None
[2021-11-15 07:38:13,234] {logging_mixin.py:109} INFO - [2021-11-15 07:38:13,234] {dag.py:2389} INFO - Sync 2 DAGs
[2021-11-15 07:38:13,244] {logging_mixin.py:109} INFO - [2021-11-15 07:38:13,244] {dag.py:2921} INFO - Setting next_dagrun for example_subdag_operator.section-1 to None
[2021-11-15 07:38:13,244] {logging_mixin.py:109} INFO - [2021-11-15 07:38:13,244] {dag.py:2921} INFO - Setting next_dagrun for example_subdag_operator.section-2 to None
[2021-11-15 07:38:13,252] {processor.py:171} INFO - Processing /home/airflow/.local/lib/python3.7/site-packages/airflow/example_dags/example_subdag_operator.py took 0.086 seconds
