[2021-11-15 07:27:25,998] {processor.py:163} INFO - Started process (PID=215) to work on /home/airflow/.local/lib/python3.7/site-packages/airflow/example_dags/tutorial_taskflow_api_etl.py
[2021-11-15 07:27:25,999] {processor.py:620} INFO - Processing file /home/airflow/.local/lib/python3.7/site-packages/airflow/example_dags/tutorial_taskflow_api_etl.py for tasks to queue
[2021-11-15 07:27:25,999] {logging_mixin.py:109} INFO - [2021-11-15 07:27:25,999] {dagbag.py:500} INFO - Filling up the DagBag from /home/airflow/.local/lib/python3.7/site-packages/airflow/example_dags/tutorial_taskflow_api_etl.py
[2021-11-15 07:27:26,033] {processor.py:632} INFO - DAG(s) dict_keys(['tutorial_taskflow_api_etl']) retrieved from /home/airflow/.local/lib/python3.7/site-packages/airflow/example_dags/tutorial_taskflow_api_etl.py
[2021-11-15 07:27:28,025] {logging_mixin.py:109} INFO - [2021-11-15 07:27:28,025] {providers_manager.py:156} WARNING - Exception when importing 'airflow.providers.google.leveldb.hooks.leveldb.LevelDBHook' from 'apache-airflow-providers-google' package: No module named 'plyvel'
[2021-11-15 07:27:28,517] {logging_mixin.py:109} INFO - [2021-11-15 07:27:28,517] {providers_manager.py:156} WARNING - Exception when importing 'airflow.providers.google.leveldb.hooks.leveldb.LevelDBHook' from 'apache-airflow-providers-google' package: No module named 'plyvel'
[2021-11-15 07:27:28,536] {logging_mixin.py:109} INFO - [2021-11-15 07:27:28,536] {manager.py:496} INFO - Created Permission View: can edit on DAG:tutorial_taskflow_api_etl
[2021-11-15 07:27:28,545] {logging_mixin.py:109} INFO - [2021-11-15 07:27:28,545] {manager.py:496} INFO - Created Permission View: can read on DAG:tutorial_taskflow_api_etl
[2021-11-15 07:27:28,545] {logging_mixin.py:109} INFO - [2021-11-15 07:27:28,545] {dag.py:2389} INFO - Sync 1 DAGs
[2021-11-15 07:27:28,552] {logging_mixin.py:109} INFO - [2021-11-15 07:27:28,552] {dag.py:2408} INFO - Creating ORM DAG for tutorial_taskflow_api_etl
[2021-11-15 07:27:28,560] {logging_mixin.py:109} INFO - [2021-11-15 07:27:28,560] {dag.py:2921} INFO - Setting next_dagrun for tutorial_taskflow_api_etl to None
[2021-11-15 07:27:28,571] {processor.py:171} INFO - Processing /home/airflow/.local/lib/python3.7/site-packages/airflow/example_dags/tutorial_taskflow_api_etl.py took 2.576 seconds
[2021-11-15 07:27:58,715] {processor.py:163} INFO - Started process (PID=380) to work on /home/airflow/.local/lib/python3.7/site-packages/airflow/example_dags/tutorial_taskflow_api_etl.py
[2021-11-15 07:27:58,720] {processor.py:620} INFO - Processing file /home/airflow/.local/lib/python3.7/site-packages/airflow/example_dags/tutorial_taskflow_api_etl.py for tasks to queue
[2021-11-15 07:27:58,722] {logging_mixin.py:109} INFO - [2021-11-15 07:27:58,722] {dagbag.py:500} INFO - Filling up the DagBag from /home/airflow/.local/lib/python3.7/site-packages/airflow/example_dags/tutorial_taskflow_api_etl.py
[2021-11-15 07:27:58,795] {processor.py:632} INFO - DAG(s) dict_keys(['tutorial_taskflow_api_etl']) retrieved from /home/airflow/.local/lib/python3.7/site-packages/airflow/example_dags/tutorial_taskflow_api_etl.py
[2021-11-15 07:27:59,056] {logging_mixin.py:109} INFO - [2021-11-15 07:27:59,056] {dag.py:2389} INFO - Sync 1 DAGs
[2021-11-15 07:27:59,068] {logging_mixin.py:109} INFO - [2021-11-15 07:27:59,068] {dag.py:2921} INFO - Setting next_dagrun for tutorial_taskflow_api_etl to None
[2021-11-15 07:27:59,078] {processor.py:171} INFO - Processing /home/airflow/.local/lib/python3.7/site-packages/airflow/example_dags/tutorial_taskflow_api_etl.py took 0.372 seconds
[2021-11-15 07:28:29,176] {processor.py:163} INFO - Started process (PID=431) to work on /home/airflow/.local/lib/python3.7/site-packages/airflow/example_dags/tutorial_taskflow_api_etl.py
[2021-11-15 07:28:29,178] {processor.py:620} INFO - Processing file /home/airflow/.local/lib/python3.7/site-packages/airflow/example_dags/tutorial_taskflow_api_etl.py for tasks to queue
[2021-11-15 07:28:29,178] {logging_mixin.py:109} INFO - [2021-11-15 07:28:29,178] {dagbag.py:500} INFO - Filling up the DagBag from /home/airflow/.local/lib/python3.7/site-packages/airflow/example_dags/tutorial_taskflow_api_etl.py
[2021-11-15 07:28:29,207] {processor.py:632} INFO - DAG(s) dict_keys(['tutorial_taskflow_api_etl']) retrieved from /home/airflow/.local/lib/python3.7/site-packages/airflow/example_dags/tutorial_taskflow_api_etl.py
[2021-11-15 07:28:29,488] {logging_mixin.py:109} INFO - [2021-11-15 07:28:29,488] {dag.py:2389} INFO - Sync 1 DAGs
[2021-11-15 07:28:29,500] {logging_mixin.py:109} INFO - [2021-11-15 07:28:29,500] {dag.py:2921} INFO - Setting next_dagrun for tutorial_taskflow_api_etl to None
[2021-11-15 07:28:29,515] {processor.py:171} INFO - Processing /home/airflow/.local/lib/python3.7/site-packages/airflow/example_dags/tutorial_taskflow_api_etl.py took 0.341 seconds
[2021-11-15 07:29:00,430] {processor.py:163} INFO - Started process (PID=489) to work on /home/airflow/.local/lib/python3.7/site-packages/airflow/example_dags/tutorial_taskflow_api_etl.py
[2021-11-15 07:29:00,432] {processor.py:620} INFO - Processing file /home/airflow/.local/lib/python3.7/site-packages/airflow/example_dags/tutorial_taskflow_api_etl.py for tasks to queue
[2021-11-15 07:29:00,432] {logging_mixin.py:109} INFO - [2021-11-15 07:29:00,432] {dagbag.py:500} INFO - Filling up the DagBag from /home/airflow/.local/lib/python3.7/site-packages/airflow/example_dags/tutorial_taskflow_api_etl.py
[2021-11-15 07:29:00,459] {processor.py:632} INFO - DAG(s) dict_keys(['tutorial_taskflow_api_etl']) retrieved from /home/airflow/.local/lib/python3.7/site-packages/airflow/example_dags/tutorial_taskflow_api_etl.py
[2021-11-15 07:29:00,700] {logging_mixin.py:109} INFO - [2021-11-15 07:29:00,700] {dag.py:2389} INFO - Sync 1 DAGs
[2021-11-15 07:29:00,713] {logging_mixin.py:109} INFO - [2021-11-15 07:29:00,713] {dag.py:2921} INFO - Setting next_dagrun for tutorial_taskflow_api_etl to None
[2021-11-15 07:29:00,723] {processor.py:171} INFO - Processing /home/airflow/.local/lib/python3.7/site-packages/airflow/example_dags/tutorial_taskflow_api_etl.py took 0.295 seconds
[2021-11-15 07:29:30,821] {processor.py:163} INFO - Started process (PID=538) to work on /home/airflow/.local/lib/python3.7/site-packages/airflow/example_dags/tutorial_taskflow_api_etl.py
[2021-11-15 07:29:30,824] {processor.py:620} INFO - Processing file /home/airflow/.local/lib/python3.7/site-packages/airflow/example_dags/tutorial_taskflow_api_etl.py for tasks to queue
[2021-11-15 07:29:30,825] {logging_mixin.py:109} INFO - [2021-11-15 07:29:30,825] {dagbag.py:500} INFO - Filling up the DagBag from /home/airflow/.local/lib/python3.7/site-packages/airflow/example_dags/tutorial_taskflow_api_etl.py
[2021-11-15 07:29:30,867] {processor.py:632} INFO - DAG(s) dict_keys(['tutorial_taskflow_api_etl']) retrieved from /home/airflow/.local/lib/python3.7/site-packages/airflow/example_dags/tutorial_taskflow_api_etl.py
[2021-11-15 07:29:31,123] {logging_mixin.py:109} INFO - [2021-11-15 07:29:31,123] {dag.py:2389} INFO - Sync 1 DAGs
[2021-11-15 07:29:31,135] {logging_mixin.py:109} INFO - [2021-11-15 07:29:31,135] {dag.py:2921} INFO - Setting next_dagrun for tutorial_taskflow_api_etl to None
[2021-11-15 07:29:31,144] {processor.py:171} INFO - Processing /home/airflow/.local/lib/python3.7/site-packages/airflow/example_dags/tutorial_taskflow_api_etl.py took 0.327 seconds
[2021-11-15 07:30:01,624] {processor.py:163} INFO - Started process (PID=595) to work on /home/airflow/.local/lib/python3.7/site-packages/airflow/example_dags/tutorial_taskflow_api_etl.py
[2021-11-15 07:30:01,625] {processor.py:620} INFO - Processing file /home/airflow/.local/lib/python3.7/site-packages/airflow/example_dags/tutorial_taskflow_api_etl.py for tasks to queue
[2021-11-15 07:30:01,626] {logging_mixin.py:109} INFO - [2021-11-15 07:30:01,626] {dagbag.py:500} INFO - Filling up the DagBag from /home/airflow/.local/lib/python3.7/site-packages/airflow/example_dags/tutorial_taskflow_api_etl.py
[2021-11-15 07:30:01,655] {processor.py:632} INFO - DAG(s) dict_keys(['tutorial_taskflow_api_etl']) retrieved from /home/airflow/.local/lib/python3.7/site-packages/airflow/example_dags/tutorial_taskflow_api_etl.py
[2021-11-15 07:30:01,911] {logging_mixin.py:109} INFO - [2021-11-15 07:30:01,911] {dag.py:2389} INFO - Sync 1 DAGs
[2021-11-15 07:30:01,924] {logging_mixin.py:109} INFO - [2021-11-15 07:30:01,924] {dag.py:2921} INFO - Setting next_dagrun for tutorial_taskflow_api_etl to None
[2021-11-15 07:30:01,935] {processor.py:171} INFO - Processing /home/airflow/.local/lib/python3.7/site-packages/airflow/example_dags/tutorial_taskflow_api_etl.py took 0.315 seconds
[2021-11-15 07:30:32,133] {processor.py:163} INFO - Started process (PID=644) to work on /home/airflow/.local/lib/python3.7/site-packages/airflow/example_dags/tutorial_taskflow_api_etl.py
[2021-11-15 07:30:32,135] {processor.py:620} INFO - Processing file /home/airflow/.local/lib/python3.7/site-packages/airflow/example_dags/tutorial_taskflow_api_etl.py for tasks to queue
[2021-11-15 07:30:32,136] {logging_mixin.py:109} INFO - [2021-11-15 07:30:32,136] {dagbag.py:500} INFO - Filling up the DagBag from /home/airflow/.local/lib/python3.7/site-packages/airflow/example_dags/tutorial_taskflow_api_etl.py
[2021-11-15 07:30:32,168] {processor.py:632} INFO - DAG(s) dict_keys(['tutorial_taskflow_api_etl']) retrieved from /home/airflow/.local/lib/python3.7/site-packages/airflow/example_dags/tutorial_taskflow_api_etl.py
[2021-11-15 07:30:32,431] {logging_mixin.py:109} INFO - [2021-11-15 07:30:32,431] {dag.py:2389} INFO - Sync 1 DAGs
[2021-11-15 07:30:32,443] {logging_mixin.py:109} INFO - [2021-11-15 07:30:32,443] {dag.py:2921} INFO - Setting next_dagrun for tutorial_taskflow_api_etl to None
[2021-11-15 07:30:32,453] {processor.py:171} INFO - Processing /home/airflow/.local/lib/python3.7/site-packages/airflow/example_dags/tutorial_taskflow_api_etl.py took 0.322 seconds
[2021-11-15 07:31:02,639] {processor.py:163} INFO - Started process (PID=702) to work on /home/airflow/.local/lib/python3.7/site-packages/airflow/example_dags/tutorial_taskflow_api_etl.py
[2021-11-15 07:31:02,640] {processor.py:620} INFO - Processing file /home/airflow/.local/lib/python3.7/site-packages/airflow/example_dags/tutorial_taskflow_api_etl.py for tasks to queue
[2021-11-15 07:31:02,641] {logging_mixin.py:109} INFO - [2021-11-15 07:31:02,641] {dagbag.py:500} INFO - Filling up the DagBag from /home/airflow/.local/lib/python3.7/site-packages/airflow/example_dags/tutorial_taskflow_api_etl.py
[2021-11-15 07:31:02,667] {processor.py:632} INFO - DAG(s) dict_keys(['tutorial_taskflow_api_etl']) retrieved from /home/airflow/.local/lib/python3.7/site-packages/airflow/example_dags/tutorial_taskflow_api_etl.py
[2021-11-15 07:31:02,920] {logging_mixin.py:109} INFO - [2021-11-15 07:31:02,920] {dag.py:2389} INFO - Sync 1 DAGs
[2021-11-15 07:31:02,939] {logging_mixin.py:109} INFO - [2021-11-15 07:31:02,939] {dag.py:2921} INFO - Setting next_dagrun for tutorial_taskflow_api_etl to None
[2021-11-15 07:31:02,950] {processor.py:171} INFO - Processing /home/airflow/.local/lib/python3.7/site-packages/airflow/example_dags/tutorial_taskflow_api_etl.py took 0.314 seconds
[2021-11-15 07:31:33,065] {processor.py:163} INFO - Started process (PID=752) to work on /home/airflow/.local/lib/python3.7/site-packages/airflow/example_dags/tutorial_taskflow_api_etl.py
[2021-11-15 07:31:33,067] {processor.py:620} INFO - Processing file /home/airflow/.local/lib/python3.7/site-packages/airflow/example_dags/tutorial_taskflow_api_etl.py for tasks to queue
[2021-11-15 07:31:33,068] {logging_mixin.py:109} INFO - [2021-11-15 07:31:33,068] {dagbag.py:500} INFO - Filling up the DagBag from /home/airflow/.local/lib/python3.7/site-packages/airflow/example_dags/tutorial_taskflow_api_etl.py
[2021-11-15 07:31:33,103] {processor.py:632} INFO - DAG(s) dict_keys(['tutorial_taskflow_api_etl']) retrieved from /home/airflow/.local/lib/python3.7/site-packages/airflow/example_dags/tutorial_taskflow_api_etl.py
[2021-11-15 07:31:33,367] {logging_mixin.py:109} INFO - [2021-11-15 07:31:33,367] {dag.py:2389} INFO - Sync 1 DAGs
[2021-11-15 07:31:33,378] {logging_mixin.py:109} INFO - [2021-11-15 07:31:33,378] {dag.py:2921} INFO - Setting next_dagrun for tutorial_taskflow_api_etl to None
[2021-11-15 07:31:33,387] {processor.py:171} INFO - Processing /home/airflow/.local/lib/python3.7/site-packages/airflow/example_dags/tutorial_taskflow_api_etl.py took 0.325 seconds
[2021-11-15 07:32:03,418] {processor.py:163} INFO - Started process (PID=810) to work on /home/airflow/.local/lib/python3.7/site-packages/airflow/example_dags/tutorial_taskflow_api_etl.py
[2021-11-15 07:32:03,419] {processor.py:620} INFO - Processing file /home/airflow/.local/lib/python3.7/site-packages/airflow/example_dags/tutorial_taskflow_api_etl.py for tasks to queue
[2021-11-15 07:32:03,420] {logging_mixin.py:109} INFO - [2021-11-15 07:32:03,420] {dagbag.py:500} INFO - Filling up the DagBag from /home/airflow/.local/lib/python3.7/site-packages/airflow/example_dags/tutorial_taskflow_api_etl.py
[2021-11-15 07:32:03,442] {processor.py:632} INFO - DAG(s) dict_keys(['tutorial_taskflow_api_etl']) retrieved from /home/airflow/.local/lib/python3.7/site-packages/airflow/example_dags/tutorial_taskflow_api_etl.py
[2021-11-15 07:32:03,696] {logging_mixin.py:109} INFO - [2021-11-15 07:32:03,696] {dag.py:2389} INFO - Sync 1 DAGs
[2021-11-15 07:32:03,708] {logging_mixin.py:109} INFO - [2021-11-15 07:32:03,708] {dag.py:2921} INFO - Setting next_dagrun for tutorial_taskflow_api_etl to None
[2021-11-15 07:32:03,717] {processor.py:171} INFO - Processing /home/airflow/.local/lib/python3.7/site-packages/airflow/example_dags/tutorial_taskflow_api_etl.py took 0.301 seconds
[2021-11-15 07:32:33,928] {processor.py:163} INFO - Started process (PID=859) to work on /home/airflow/.local/lib/python3.7/site-packages/airflow/example_dags/tutorial_taskflow_api_etl.py
[2021-11-15 07:32:33,932] {processor.py:620} INFO - Processing file /home/airflow/.local/lib/python3.7/site-packages/airflow/example_dags/tutorial_taskflow_api_etl.py for tasks to queue
[2021-11-15 07:32:33,934] {logging_mixin.py:109} INFO - [2021-11-15 07:32:33,934] {dagbag.py:500} INFO - Filling up the DagBag from /home/airflow/.local/lib/python3.7/site-packages/airflow/example_dags/tutorial_taskflow_api_etl.py
[2021-11-15 07:32:33,969] {processor.py:632} INFO - DAG(s) dict_keys(['tutorial_taskflow_api_etl']) retrieved from /home/airflow/.local/lib/python3.7/site-packages/airflow/example_dags/tutorial_taskflow_api_etl.py
[2021-11-15 07:32:34,250] {logging_mixin.py:109} INFO - [2021-11-15 07:32:34,250] {dag.py:2389} INFO - Sync 1 DAGs
[2021-11-15 07:32:34,263] {logging_mixin.py:109} INFO - [2021-11-15 07:32:34,263] {dag.py:2921} INFO - Setting next_dagrun for tutorial_taskflow_api_etl to None
[2021-11-15 07:32:34,273] {processor.py:171} INFO - Processing /home/airflow/.local/lib/python3.7/site-packages/airflow/example_dags/tutorial_taskflow_api_etl.py took 0.355 seconds
[2021-11-15 07:33:04,372] {processor.py:163} INFO - Started process (PID=918) to work on /home/airflow/.local/lib/python3.7/site-packages/airflow/example_dags/tutorial_taskflow_api_etl.py
[2021-11-15 07:33:04,374] {processor.py:620} INFO - Processing file /home/airflow/.local/lib/python3.7/site-packages/airflow/example_dags/tutorial_taskflow_api_etl.py for tasks to queue
[2021-11-15 07:33:04,375] {logging_mixin.py:109} INFO - [2021-11-15 07:33:04,375] {dagbag.py:500} INFO - Filling up the DagBag from /home/airflow/.local/lib/python3.7/site-packages/airflow/example_dags/tutorial_taskflow_api_etl.py
[2021-11-15 07:33:04,414] {processor.py:632} INFO - DAG(s) dict_keys(['tutorial_taskflow_api_etl']) retrieved from /home/airflow/.local/lib/python3.7/site-packages/airflow/example_dags/tutorial_taskflow_api_etl.py
[2021-11-15 07:33:04,733] {logging_mixin.py:109} INFO - [2021-11-15 07:33:04,733] {dag.py:2389} INFO - Sync 1 DAGs
[2021-11-15 07:33:04,750] {logging_mixin.py:109} INFO - [2021-11-15 07:33:04,750] {dag.py:2921} INFO - Setting next_dagrun for tutorial_taskflow_api_etl to None
[2021-11-15 07:33:04,762] {processor.py:171} INFO - Processing /home/airflow/.local/lib/python3.7/site-packages/airflow/example_dags/tutorial_taskflow_api_etl.py took 0.394 seconds
[2021-11-15 07:33:34,799] {processor.py:163} INFO - Started process (PID=968) to work on /home/airflow/.local/lib/python3.7/site-packages/airflow/example_dags/tutorial_taskflow_api_etl.py
[2021-11-15 07:33:34,801] {processor.py:620} INFO - Processing file /home/airflow/.local/lib/python3.7/site-packages/airflow/example_dags/tutorial_taskflow_api_etl.py for tasks to queue
[2021-11-15 07:33:34,801] {logging_mixin.py:109} INFO - [2021-11-15 07:33:34,801] {dagbag.py:500} INFO - Filling up the DagBag from /home/airflow/.local/lib/python3.7/site-packages/airflow/example_dags/tutorial_taskflow_api_etl.py
[2021-11-15 07:33:34,832] {processor.py:632} INFO - DAG(s) dict_keys(['tutorial_taskflow_api_etl']) retrieved from /home/airflow/.local/lib/python3.7/site-packages/airflow/example_dags/tutorial_taskflow_api_etl.py
[2021-11-15 07:33:35,098] {logging_mixin.py:109} INFO - [2021-11-15 07:33:35,098] {dag.py:2389} INFO - Sync 1 DAGs
[2021-11-15 07:33:35,110] {logging_mixin.py:109} INFO - [2021-11-15 07:33:35,110] {dag.py:2921} INFO - Setting next_dagrun for tutorial_taskflow_api_etl to None
[2021-11-15 07:33:35,119] {processor.py:171} INFO - Processing /home/airflow/.local/lib/python3.7/site-packages/airflow/example_dags/tutorial_taskflow_api_etl.py took 0.323 seconds
[2021-11-15 07:34:05,350] {processor.py:163} INFO - Started process (PID=1017) to work on /home/airflow/.local/lib/python3.7/site-packages/airflow/example_dags/tutorial_taskflow_api_etl.py
[2021-11-15 07:34:05,352] {processor.py:620} INFO - Processing file /home/airflow/.local/lib/python3.7/site-packages/airflow/example_dags/tutorial_taskflow_api_etl.py for tasks to queue
[2021-11-15 07:34:05,352] {logging_mixin.py:109} INFO - [2021-11-15 07:34:05,352] {dagbag.py:500} INFO - Filling up the DagBag from /home/airflow/.local/lib/python3.7/site-packages/airflow/example_dags/tutorial_taskflow_api_etl.py
[2021-11-15 07:34:05,375] {processor.py:632} INFO - DAG(s) dict_keys(['tutorial_taskflow_api_etl']) retrieved from /home/airflow/.local/lib/python3.7/site-packages/airflow/example_dags/tutorial_taskflow_api_etl.py
[2021-11-15 07:34:05,633] {logging_mixin.py:109} INFO - [2021-11-15 07:34:05,633] {dag.py:2389} INFO - Sync 1 DAGs
[2021-11-15 07:34:05,647] {logging_mixin.py:109} INFO - [2021-11-15 07:34:05,646] {dag.py:2921} INFO - Setting next_dagrun for tutorial_taskflow_api_etl to None
[2021-11-15 07:34:05,657] {processor.py:171} INFO - Processing /home/airflow/.local/lib/python3.7/site-packages/airflow/example_dags/tutorial_taskflow_api_etl.py took 0.309 seconds
[2021-11-15 07:34:35,842] {processor.py:163} INFO - Started process (PID=1076) to work on /home/airflow/.local/lib/python3.7/site-packages/airflow/example_dags/tutorial_taskflow_api_etl.py
[2021-11-15 07:34:35,844] {processor.py:620} INFO - Processing file /home/airflow/.local/lib/python3.7/site-packages/airflow/example_dags/tutorial_taskflow_api_etl.py for tasks to queue
[2021-11-15 07:34:35,845] {logging_mixin.py:109} INFO - [2021-11-15 07:34:35,844] {dagbag.py:500} INFO - Filling up the DagBag from /home/airflow/.local/lib/python3.7/site-packages/airflow/example_dags/tutorial_taskflow_api_etl.py
[2021-11-15 07:34:35,876] {processor.py:632} INFO - DAG(s) dict_keys(['tutorial_taskflow_api_etl']) retrieved from /home/airflow/.local/lib/python3.7/site-packages/airflow/example_dags/tutorial_taskflow_api_etl.py
[2021-11-15 07:34:36,140] {logging_mixin.py:109} INFO - [2021-11-15 07:34:36,139] {dag.py:2389} INFO - Sync 1 DAGs
[2021-11-15 07:34:36,153] {logging_mixin.py:109} INFO - [2021-11-15 07:34:36,153] {dag.py:2921} INFO - Setting next_dagrun for tutorial_taskflow_api_etl to None
[2021-11-15 07:34:36,163] {processor.py:171} INFO - Processing /home/airflow/.local/lib/python3.7/site-packages/airflow/example_dags/tutorial_taskflow_api_etl.py took 0.324 seconds
[2021-11-15 07:35:06,427] {processor.py:163} INFO - Started process (PID=1125) to work on /home/airflow/.local/lib/python3.7/site-packages/airflow/example_dags/tutorial_taskflow_api_etl.py
[2021-11-15 07:35:06,428] {processor.py:620} INFO - Processing file /home/airflow/.local/lib/python3.7/site-packages/airflow/example_dags/tutorial_taskflow_api_etl.py for tasks to queue
[2021-11-15 07:35:06,428] {logging_mixin.py:109} INFO - [2021-11-15 07:35:06,428] {dagbag.py:500} INFO - Filling up the DagBag from /home/airflow/.local/lib/python3.7/site-packages/airflow/example_dags/tutorial_taskflow_api_etl.py
[2021-11-15 07:35:06,452] {processor.py:632} INFO - DAG(s) dict_keys(['tutorial_taskflow_api_etl']) retrieved from /home/airflow/.local/lib/python3.7/site-packages/airflow/example_dags/tutorial_taskflow_api_etl.py
[2021-11-15 07:35:06,742] {logging_mixin.py:109} INFO - [2021-11-15 07:35:06,741] {dag.py:2389} INFO - Sync 1 DAGs
[2021-11-15 07:35:06,759] {logging_mixin.py:109} INFO - [2021-11-15 07:35:06,759] {dag.py:2921} INFO - Setting next_dagrun for tutorial_taskflow_api_etl to None
[2021-11-15 07:35:06,773] {processor.py:171} INFO - Processing /home/airflow/.local/lib/python3.7/site-packages/airflow/example_dags/tutorial_taskflow_api_etl.py took 0.348 seconds
[2021-11-15 07:35:36,850] {processor.py:163} INFO - Started process (PID=1182) to work on /home/airflow/.local/lib/python3.7/site-packages/airflow/example_dags/tutorial_taskflow_api_etl.py
[2021-11-15 07:35:36,852] {processor.py:620} INFO - Processing file /home/airflow/.local/lib/python3.7/site-packages/airflow/example_dags/tutorial_taskflow_api_etl.py for tasks to queue
[2021-11-15 07:35:36,853] {logging_mixin.py:109} INFO - [2021-11-15 07:35:36,852] {dagbag.py:500} INFO - Filling up the DagBag from /home/airflow/.local/lib/python3.7/site-packages/airflow/example_dags/tutorial_taskflow_api_etl.py
[2021-11-15 07:35:36,886] {processor.py:632} INFO - DAG(s) dict_keys(['tutorial_taskflow_api_etl']) retrieved from /home/airflow/.local/lib/python3.7/site-packages/airflow/example_dags/tutorial_taskflow_api_etl.py
[2021-11-15 07:35:37,165] {logging_mixin.py:109} INFO - [2021-11-15 07:35:37,165] {dag.py:2389} INFO - Sync 1 DAGs
[2021-11-15 07:35:37,177] {logging_mixin.py:109} INFO - [2021-11-15 07:35:37,177] {dag.py:2921} INFO - Setting next_dagrun for tutorial_taskflow_api_etl to None
[2021-11-15 07:35:37,187] {processor.py:171} INFO - Processing /home/airflow/.local/lib/python3.7/site-packages/airflow/example_dags/tutorial_taskflow_api_etl.py took 0.340 seconds
[2021-11-15 07:36:07,351] {processor.py:163} INFO - Started process (PID=1231) to work on /home/airflow/.local/lib/python3.7/site-packages/airflow/example_dags/tutorial_taskflow_api_etl.py
[2021-11-15 07:36:07,353] {processor.py:620} INFO - Processing file /home/airflow/.local/lib/python3.7/site-packages/airflow/example_dags/tutorial_taskflow_api_etl.py for tasks to queue
[2021-11-15 07:36:07,353] {logging_mixin.py:109} INFO - [2021-11-15 07:36:07,353] {dagbag.py:500} INFO - Filling up the DagBag from /home/airflow/.local/lib/python3.7/site-packages/airflow/example_dags/tutorial_taskflow_api_etl.py
[2021-11-15 07:36:07,389] {processor.py:632} INFO - DAG(s) dict_keys(['tutorial_taskflow_api_etl']) retrieved from /home/airflow/.local/lib/python3.7/site-packages/airflow/example_dags/tutorial_taskflow_api_etl.py
[2021-11-15 07:36:07,690] {logging_mixin.py:109} INFO - [2021-11-15 07:36:07,690] {dag.py:2389} INFO - Sync 1 DAGs
[2021-11-15 07:36:07,707] {logging_mixin.py:109} INFO - [2021-11-15 07:36:07,707] {dag.py:2921} INFO - Setting next_dagrun for tutorial_taskflow_api_etl to None
[2021-11-15 07:36:07,721] {processor.py:171} INFO - Processing /home/airflow/.local/lib/python3.7/site-packages/airflow/example_dags/tutorial_taskflow_api_etl.py took 0.373 seconds
[2021-11-15 07:36:37,937] {processor.py:163} INFO - Started process (PID=1289) to work on /home/airflow/.local/lib/python3.7/site-packages/airflow/example_dags/tutorial_taskflow_api_etl.py
[2021-11-15 07:36:37,939] {processor.py:620} INFO - Processing file /home/airflow/.local/lib/python3.7/site-packages/airflow/example_dags/tutorial_taskflow_api_etl.py for tasks to queue
[2021-11-15 07:36:37,939] {logging_mixin.py:109} INFO - [2021-11-15 07:36:37,939] {dagbag.py:500} INFO - Filling up the DagBag from /home/airflow/.local/lib/python3.7/site-packages/airflow/example_dags/tutorial_taskflow_api_etl.py
[2021-11-15 07:36:37,968] {processor.py:632} INFO - DAG(s) dict_keys(['tutorial_taskflow_api_etl']) retrieved from /home/airflow/.local/lib/python3.7/site-packages/airflow/example_dags/tutorial_taskflow_api_etl.py
[2021-11-15 07:36:38,265] {logging_mixin.py:109} INFO - [2021-11-15 07:36:38,265] {dag.py:2389} INFO - Sync 1 DAGs
[2021-11-15 07:36:38,278] {logging_mixin.py:109} INFO - [2021-11-15 07:36:38,278] {dag.py:2921} INFO - Setting next_dagrun for tutorial_taskflow_api_etl to None
[2021-11-15 07:36:38,288] {processor.py:171} INFO - Processing /home/airflow/.local/lib/python3.7/site-packages/airflow/example_dags/tutorial_taskflow_api_etl.py took 0.353 seconds
[2021-11-15 07:37:08,389] {processor.py:163} INFO - Started process (PID=1339) to work on /home/airflow/.local/lib/python3.7/site-packages/airflow/example_dags/tutorial_taskflow_api_etl.py
[2021-11-15 07:37:08,391] {processor.py:620} INFO - Processing file /home/airflow/.local/lib/python3.7/site-packages/airflow/example_dags/tutorial_taskflow_api_etl.py for tasks to queue
[2021-11-15 07:37:08,392] {logging_mixin.py:109} INFO - [2021-11-15 07:37:08,391] {dagbag.py:500} INFO - Filling up the DagBag from /home/airflow/.local/lib/python3.7/site-packages/airflow/example_dags/tutorial_taskflow_api_etl.py
[2021-11-15 07:37:08,426] {processor.py:632} INFO - DAG(s) dict_keys(['tutorial_taskflow_api_etl']) retrieved from /home/airflow/.local/lib/python3.7/site-packages/airflow/example_dags/tutorial_taskflow_api_etl.py
[2021-11-15 07:37:08,760] {logging_mixin.py:109} INFO - [2021-11-15 07:37:08,759] {dag.py:2389} INFO - Sync 1 DAGs
[2021-11-15 07:37:08,772] {logging_mixin.py:109} INFO - [2021-11-15 07:37:08,772] {dag.py:2921} INFO - Setting next_dagrun for tutorial_taskflow_api_etl to None
[2021-11-15 07:37:08,783] {processor.py:171} INFO - Processing /home/airflow/.local/lib/python3.7/site-packages/airflow/example_dags/tutorial_taskflow_api_etl.py took 0.398 seconds
[2021-11-15 07:37:39,633] {processor.py:163} INFO - Started process (PID=1397) to work on /home/airflow/.local/lib/python3.7/site-packages/airflow/example_dags/tutorial_taskflow_api_etl.py
[2021-11-15 07:37:39,635] {processor.py:620} INFO - Processing file /home/airflow/.local/lib/python3.7/site-packages/airflow/example_dags/tutorial_taskflow_api_etl.py for tasks to queue
[2021-11-15 07:37:39,635] {logging_mixin.py:109} INFO - [2021-11-15 07:37:39,635] {dagbag.py:500} INFO - Filling up the DagBag from /home/airflow/.local/lib/python3.7/site-packages/airflow/example_dags/tutorial_taskflow_api_etl.py
[2021-11-15 07:37:39,663] {processor.py:632} INFO - DAG(s) dict_keys(['tutorial_taskflow_api_etl']) retrieved from /home/airflow/.local/lib/python3.7/site-packages/airflow/example_dags/tutorial_taskflow_api_etl.py
[2021-11-15 07:37:39,672] {logging_mixin.py:109} INFO - [2021-11-15 07:37:39,671] {dag.py:2389} INFO - Sync 1 DAGs
[2021-11-15 07:37:39,686] {logging_mixin.py:109} INFO - [2021-11-15 07:37:39,686] {dag.py:2921} INFO - Setting next_dagrun for tutorial_taskflow_api_etl to None
[2021-11-15 07:37:39,695] {processor.py:171} INFO - Processing /home/airflow/.local/lib/python3.7/site-packages/airflow/example_dags/tutorial_taskflow_api_etl.py took 0.065 seconds
[2021-11-15 07:38:09,731] {processor.py:163} INFO - Started process (PID=1447) to work on /home/airflow/.local/lib/python3.7/site-packages/airflow/example_dags/tutorial_taskflow_api_etl.py
[2021-11-15 07:38:09,735] {processor.py:620} INFO - Processing file /home/airflow/.local/lib/python3.7/site-packages/airflow/example_dags/tutorial_taskflow_api_etl.py for tasks to queue
[2021-11-15 07:38:09,736] {logging_mixin.py:109} INFO - [2021-11-15 07:38:09,736] {dagbag.py:500} INFO - Filling up the DagBag from /home/airflow/.local/lib/python3.7/site-packages/airflow/example_dags/tutorial_taskflow_api_etl.py
[2021-11-15 07:38:09,771] {processor.py:632} INFO - DAG(s) dict_keys(['tutorial_taskflow_api_etl']) retrieved from /home/airflow/.local/lib/python3.7/site-packages/airflow/example_dags/tutorial_taskflow_api_etl.py
[2021-11-15 07:38:10,039] {logging_mixin.py:109} INFO - [2021-11-15 07:38:10,039] {dag.py:2389} INFO - Sync 1 DAGs
[2021-11-15 07:38:10,050] {logging_mixin.py:109} INFO - [2021-11-15 07:38:10,050] {dag.py:2921} INFO - Setting next_dagrun for tutorial_taskflow_api_etl to None
[2021-11-15 07:38:10,059] {processor.py:171} INFO - Processing /home/airflow/.local/lib/python3.7/site-packages/airflow/example_dags/tutorial_taskflow_api_etl.py took 0.338 seconds
