[2021-11-15 07:27:21,149] {processor.py:163} INFO - Started process (PID=179) to work on /home/airflow/.local/lib/python3.7/site-packages/airflow/example_dags/tutorial_taskflow_api_etl_virtualenv.py
[2021-11-15 07:27:21,150] {processor.py:620} INFO - Processing file /home/airflow/.local/lib/python3.7/site-packages/airflow/example_dags/tutorial_taskflow_api_etl_virtualenv.py for tasks to queue
[2021-11-15 07:27:21,151] {logging_mixin.py:109} INFO - [2021-11-15 07:27:21,151] {dagbag.py:500} INFO - Filling up the DagBag from /home/airflow/.local/lib/python3.7/site-packages/airflow/example_dags/tutorial_taskflow_api_etl_virtualenv.py
[2021-11-15 07:27:21,181] {processor.py:632} INFO - DAG(s) dict_keys(['tutorial_taskflow_api_etl_virtualenv']) retrieved from /home/airflow/.local/lib/python3.7/site-packages/airflow/example_dags/tutorial_taskflow_api_etl_virtualenv.py
[2021-11-15 07:27:22,937] {logging_mixin.py:109} INFO - [2021-11-15 07:27:22,937] {providers_manager.py:156} WARNING - Exception when importing 'airflow.providers.google.leveldb.hooks.leveldb.LevelDBHook' from 'apache-airflow-providers-google' package: No module named 'plyvel'
[2021-11-15 07:27:23,353] {logging_mixin.py:109} INFO - [2021-11-15 07:27:23,353] {providers_manager.py:156} WARNING - Exception when importing 'airflow.providers.google.leveldb.hooks.leveldb.LevelDBHook' from 'apache-airflow-providers-google' package: No module named 'plyvel'
[2021-11-15 07:27:23,371] {logging_mixin.py:109} INFO - [2021-11-15 07:27:23,371] {manager.py:496} INFO - Created Permission View: can edit on DAG:tutorial_taskflow_api_etl_virtualenv
[2021-11-15 07:27:23,378] {logging_mixin.py:109} INFO - [2021-11-15 07:27:23,378] {manager.py:496} INFO - Created Permission View: can read on DAG:tutorial_taskflow_api_etl_virtualenv
[2021-11-15 07:27:23,379] {logging_mixin.py:109} INFO - [2021-11-15 07:27:23,379] {dag.py:2389} INFO - Sync 1 DAGs
[2021-11-15 07:27:23,385] {logging_mixin.py:109} INFO - [2021-11-15 07:27:23,385] {dag.py:2408} INFO - Creating ORM DAG for tutorial_taskflow_api_etl_virtualenv
[2021-11-15 07:27:23,392] {logging_mixin.py:109} INFO - [2021-11-15 07:27:23,392] {dag.py:2921} INFO - Setting next_dagrun for tutorial_taskflow_api_etl_virtualenv to None
[2021-11-15 07:27:23,403] {processor.py:171} INFO - Processing /home/airflow/.local/lib/python3.7/site-packages/airflow/example_dags/tutorial_taskflow_api_etl_virtualenv.py took 2.256 seconds
[2021-11-15 07:27:53,521] {processor.py:163} INFO - Started process (PID=367) to work on /home/airflow/.local/lib/python3.7/site-packages/airflow/example_dags/tutorial_taskflow_api_etl_virtualenv.py
[2021-11-15 07:27:53,523] {processor.py:620} INFO - Processing file /home/airflow/.local/lib/python3.7/site-packages/airflow/example_dags/tutorial_taskflow_api_etl_virtualenv.py for tasks to queue
[2021-11-15 07:27:53,524] {logging_mixin.py:109} INFO - [2021-11-15 07:27:53,524] {dagbag.py:500} INFO - Filling up the DagBag from /home/airflow/.local/lib/python3.7/site-packages/airflow/example_dags/tutorial_taskflow_api_etl_virtualenv.py
[2021-11-15 07:27:53,552] {processor.py:632} INFO - DAG(s) dict_keys(['tutorial_taskflow_api_etl_virtualenv']) retrieved from /home/airflow/.local/lib/python3.7/site-packages/airflow/example_dags/tutorial_taskflow_api_etl_virtualenv.py
[2021-11-15 07:27:53,822] {logging_mixin.py:109} INFO - [2021-11-15 07:27:53,822] {dag.py:2389} INFO - Sync 1 DAGs
[2021-11-15 07:27:53,835] {logging_mixin.py:109} INFO - [2021-11-15 07:27:53,835] {dag.py:2921} INFO - Setting next_dagrun for tutorial_taskflow_api_etl_virtualenv to None
[2021-11-15 07:27:53,844] {processor.py:171} INFO - Processing /home/airflow/.local/lib/python3.7/site-packages/airflow/example_dags/tutorial_taskflow_api_etl_virtualenv.py took 0.325 seconds
[2021-11-15 07:28:23,871] {processor.py:163} INFO - Started process (PID=426) to work on /home/airflow/.local/lib/python3.7/site-packages/airflow/example_dags/tutorial_taskflow_api_etl_virtualenv.py
[2021-11-15 07:28:23,873] {processor.py:620} INFO - Processing file /home/airflow/.local/lib/python3.7/site-packages/airflow/example_dags/tutorial_taskflow_api_etl_virtualenv.py for tasks to queue
[2021-11-15 07:28:23,873] {logging_mixin.py:109} INFO - [2021-11-15 07:28:23,873] {dagbag.py:500} INFO - Filling up the DagBag from /home/airflow/.local/lib/python3.7/site-packages/airflow/example_dags/tutorial_taskflow_api_etl_virtualenv.py
[2021-11-15 07:28:23,906] {processor.py:632} INFO - DAG(s) dict_keys(['tutorial_taskflow_api_etl_virtualenv']) retrieved from /home/airflow/.local/lib/python3.7/site-packages/airflow/example_dags/tutorial_taskflow_api_etl_virtualenv.py
[2021-11-15 07:28:24,175] {logging_mixin.py:109} INFO - [2021-11-15 07:28:24,175] {dag.py:2389} INFO - Sync 1 DAGs
[2021-11-15 07:28:24,188] {logging_mixin.py:109} INFO - [2021-11-15 07:28:24,188] {dag.py:2921} INFO - Setting next_dagrun for tutorial_taskflow_api_etl_virtualenv to None
[2021-11-15 07:28:24,198] {processor.py:171} INFO - Processing /home/airflow/.local/lib/python3.7/site-packages/airflow/example_dags/tutorial_taskflow_api_etl_virtualenv.py took 0.330 seconds
[2021-11-15 07:28:54,225] {processor.py:163} INFO - Started process (PID=477) to work on /home/airflow/.local/lib/python3.7/site-packages/airflow/example_dags/tutorial_taskflow_api_etl_virtualenv.py
[2021-11-15 07:28:54,226] {processor.py:620} INFO - Processing file /home/airflow/.local/lib/python3.7/site-packages/airflow/example_dags/tutorial_taskflow_api_etl_virtualenv.py for tasks to queue
[2021-11-15 07:28:54,226] {logging_mixin.py:109} INFO - [2021-11-15 07:28:54,226] {dagbag.py:500} INFO - Filling up the DagBag from /home/airflow/.local/lib/python3.7/site-packages/airflow/example_dags/tutorial_taskflow_api_etl_virtualenv.py
[2021-11-15 07:28:54,256] {processor.py:632} INFO - DAG(s) dict_keys(['tutorial_taskflow_api_etl_virtualenv']) retrieved from /home/airflow/.local/lib/python3.7/site-packages/airflow/example_dags/tutorial_taskflow_api_etl_virtualenv.py
[2021-11-15 07:28:54,514] {logging_mixin.py:109} INFO - [2021-11-15 07:28:54,513] {dag.py:2389} INFO - Sync 1 DAGs
[2021-11-15 07:28:54,526] {logging_mixin.py:109} INFO - [2021-11-15 07:28:54,526] {dag.py:2921} INFO - Setting next_dagrun for tutorial_taskflow_api_etl_virtualenv to None
[2021-11-15 07:28:54,536] {processor.py:171} INFO - Processing /home/airflow/.local/lib/python3.7/site-packages/airflow/example_dags/tutorial_taskflow_api_etl_virtualenv.py took 0.314 seconds
[2021-11-15 07:29:25,378] {processor.py:163} INFO - Started process (PID=534) to work on /home/airflow/.local/lib/python3.7/site-packages/airflow/example_dags/tutorial_taskflow_api_etl_virtualenv.py
[2021-11-15 07:29:25,380] {processor.py:620} INFO - Processing file /home/airflow/.local/lib/python3.7/site-packages/airflow/example_dags/tutorial_taskflow_api_etl_virtualenv.py for tasks to queue
[2021-11-15 07:29:25,380] {logging_mixin.py:109} INFO - [2021-11-15 07:29:25,380] {dagbag.py:500} INFO - Filling up the DagBag from /home/airflow/.local/lib/python3.7/site-packages/airflow/example_dags/tutorial_taskflow_api_etl_virtualenv.py
[2021-11-15 07:29:25,414] {processor.py:632} INFO - DAG(s) dict_keys(['tutorial_taskflow_api_etl_virtualenv']) retrieved from /home/airflow/.local/lib/python3.7/site-packages/airflow/example_dags/tutorial_taskflow_api_etl_virtualenv.py
[2021-11-15 07:29:25,672] {logging_mixin.py:109} INFO - [2021-11-15 07:29:25,672] {dag.py:2389} INFO - Sync 1 DAGs
[2021-11-15 07:29:25,685] {logging_mixin.py:109} INFO - [2021-11-15 07:29:25,685] {dag.py:2921} INFO - Setting next_dagrun for tutorial_taskflow_api_etl_virtualenv to None
[2021-11-15 07:29:25,695] {processor.py:171} INFO - Processing /home/airflow/.local/lib/python3.7/site-packages/airflow/example_dags/tutorial_taskflow_api_etl_virtualenv.py took 0.320 seconds
[2021-11-15 07:29:56,394] {processor.py:163} INFO - Started process (PID=583) to work on /home/airflow/.local/lib/python3.7/site-packages/airflow/example_dags/tutorial_taskflow_api_etl_virtualenv.py
[2021-11-15 07:29:56,395] {processor.py:620} INFO - Processing file /home/airflow/.local/lib/python3.7/site-packages/airflow/example_dags/tutorial_taskflow_api_etl_virtualenv.py for tasks to queue
[2021-11-15 07:29:56,396] {logging_mixin.py:109} INFO - [2021-11-15 07:29:56,395] {dagbag.py:500} INFO - Filling up the DagBag from /home/airflow/.local/lib/python3.7/site-packages/airflow/example_dags/tutorial_taskflow_api_etl_virtualenv.py
[2021-11-15 07:29:56,420] {processor.py:632} INFO - DAG(s) dict_keys(['tutorial_taskflow_api_etl_virtualenv']) retrieved from /home/airflow/.local/lib/python3.7/site-packages/airflow/example_dags/tutorial_taskflow_api_etl_virtualenv.py
[2021-11-15 07:29:56,687] {logging_mixin.py:109} INFO - [2021-11-15 07:29:56,687] {dag.py:2389} INFO - Sync 1 DAGs
[2021-11-15 07:29:56,700] {logging_mixin.py:109} INFO - [2021-11-15 07:29:56,700] {dag.py:2921} INFO - Setting next_dagrun for tutorial_taskflow_api_etl_virtualenv to None
[2021-11-15 07:29:56,709] {processor.py:171} INFO - Processing /home/airflow/.local/lib/python3.7/site-packages/airflow/example_dags/tutorial_taskflow_api_etl_virtualenv.py took 0.318 seconds
[2021-11-15 07:30:26,954] {processor.py:163} INFO - Started process (PID=640) to work on /home/airflow/.local/lib/python3.7/site-packages/airflow/example_dags/tutorial_taskflow_api_etl_virtualenv.py
[2021-11-15 07:30:26,957] {processor.py:620} INFO - Processing file /home/airflow/.local/lib/python3.7/site-packages/airflow/example_dags/tutorial_taskflow_api_etl_virtualenv.py for tasks to queue
[2021-11-15 07:30:26,959] {logging_mixin.py:109} INFO - [2021-11-15 07:30:26,959] {dagbag.py:500} INFO - Filling up the DagBag from /home/airflow/.local/lib/python3.7/site-packages/airflow/example_dags/tutorial_taskflow_api_etl_virtualenv.py
[2021-11-15 07:30:27,000] {processor.py:632} INFO - DAG(s) dict_keys(['tutorial_taskflow_api_etl_virtualenv']) retrieved from /home/airflow/.local/lib/python3.7/site-packages/airflow/example_dags/tutorial_taskflow_api_etl_virtualenv.py
[2021-11-15 07:30:27,252] {logging_mixin.py:109} INFO - [2021-11-15 07:30:27,252] {dag.py:2389} INFO - Sync 1 DAGs
[2021-11-15 07:30:27,263] {logging_mixin.py:109} INFO - [2021-11-15 07:30:27,263] {dag.py:2921} INFO - Setting next_dagrun for tutorial_taskflow_api_etl_virtualenv to None
[2021-11-15 07:30:27,272] {processor.py:171} INFO - Processing /home/airflow/.local/lib/python3.7/site-packages/airflow/example_dags/tutorial_taskflow_api_etl_virtualenv.py took 0.325 seconds
[2021-11-15 07:30:57,429] {processor.py:163} INFO - Started process (PID=690) to work on /home/airflow/.local/lib/python3.7/site-packages/airflow/example_dags/tutorial_taskflow_api_etl_virtualenv.py
[2021-11-15 07:30:57,432] {processor.py:620} INFO - Processing file /home/airflow/.local/lib/python3.7/site-packages/airflow/example_dags/tutorial_taskflow_api_etl_virtualenv.py for tasks to queue
[2021-11-15 07:30:57,434] {logging_mixin.py:109} INFO - [2021-11-15 07:30:57,433] {dagbag.py:500} INFO - Filling up the DagBag from /home/airflow/.local/lib/python3.7/site-packages/airflow/example_dags/tutorial_taskflow_api_etl_virtualenv.py
[2021-11-15 07:30:57,473] {processor.py:632} INFO - DAG(s) dict_keys(['tutorial_taskflow_api_etl_virtualenv']) retrieved from /home/airflow/.local/lib/python3.7/site-packages/airflow/example_dags/tutorial_taskflow_api_etl_virtualenv.py
[2021-11-15 07:30:57,733] {logging_mixin.py:109} INFO - [2021-11-15 07:30:57,733] {dag.py:2389} INFO - Sync 1 DAGs
[2021-11-15 07:30:57,745] {logging_mixin.py:109} INFO - [2021-11-15 07:30:57,745] {dag.py:2921} INFO - Setting next_dagrun for tutorial_taskflow_api_etl_virtualenv to None
[2021-11-15 07:30:57,754] {processor.py:171} INFO - Processing /home/airflow/.local/lib/python3.7/site-packages/airflow/example_dags/tutorial_taskflow_api_etl_virtualenv.py took 0.334 seconds
[2021-11-15 07:31:27,908] {processor.py:163} INFO - Started process (PID=748) to work on /home/airflow/.local/lib/python3.7/site-packages/airflow/example_dags/tutorial_taskflow_api_etl_virtualenv.py
[2021-11-15 07:31:27,909] {processor.py:620} INFO - Processing file /home/airflow/.local/lib/python3.7/site-packages/airflow/example_dags/tutorial_taskflow_api_etl_virtualenv.py for tasks to queue
[2021-11-15 07:31:27,910] {logging_mixin.py:109} INFO - [2021-11-15 07:31:27,910] {dagbag.py:500} INFO - Filling up the DagBag from /home/airflow/.local/lib/python3.7/site-packages/airflow/example_dags/tutorial_taskflow_api_etl_virtualenv.py
[2021-11-15 07:31:27,933] {processor.py:632} INFO - DAG(s) dict_keys(['tutorial_taskflow_api_etl_virtualenv']) retrieved from /home/airflow/.local/lib/python3.7/site-packages/airflow/example_dags/tutorial_taskflow_api_etl_virtualenv.py
[2021-11-15 07:31:28,193] {logging_mixin.py:109} INFO - [2021-11-15 07:31:28,192] {dag.py:2389} INFO - Sync 1 DAGs
[2021-11-15 07:31:28,205] {logging_mixin.py:109} INFO - [2021-11-15 07:31:28,205] {dag.py:2921} INFO - Setting next_dagrun for tutorial_taskflow_api_etl_virtualenv to None
[2021-11-15 07:31:28,215] {processor.py:171} INFO - Processing /home/airflow/.local/lib/python3.7/site-packages/airflow/example_dags/tutorial_taskflow_api_etl_virtualenv.py took 0.309 seconds
[2021-11-15 07:31:59,162] {processor.py:163} INFO - Started process (PID=798) to work on /home/airflow/.local/lib/python3.7/site-packages/airflow/example_dags/tutorial_taskflow_api_etl_virtualenv.py
[2021-11-15 07:31:59,165] {processor.py:620} INFO - Processing file /home/airflow/.local/lib/python3.7/site-packages/airflow/example_dags/tutorial_taskflow_api_etl_virtualenv.py for tasks to queue
[2021-11-15 07:31:59,165] {logging_mixin.py:109} INFO - [2021-11-15 07:31:59,165] {dagbag.py:500} INFO - Filling up the DagBag from /home/airflow/.local/lib/python3.7/site-packages/airflow/example_dags/tutorial_taskflow_api_etl_virtualenv.py
[2021-11-15 07:31:59,200] {processor.py:632} INFO - DAG(s) dict_keys(['tutorial_taskflow_api_etl_virtualenv']) retrieved from /home/airflow/.local/lib/python3.7/site-packages/airflow/example_dags/tutorial_taskflow_api_etl_virtualenv.py
[2021-11-15 07:31:59,463] {logging_mixin.py:109} INFO - [2021-11-15 07:31:59,463] {dag.py:2389} INFO - Sync 1 DAGs
[2021-11-15 07:31:59,477] {logging_mixin.py:109} INFO - [2021-11-15 07:31:59,477] {dag.py:2921} INFO - Setting next_dagrun for tutorial_taskflow_api_etl_virtualenv to None
[2021-11-15 07:31:59,489] {processor.py:171} INFO - Processing /home/airflow/.local/lib/python3.7/site-packages/airflow/example_dags/tutorial_taskflow_api_etl_virtualenv.py took 0.330 seconds
[2021-11-15 07:32:29,710] {processor.py:163} INFO - Started process (PID=855) to work on /home/airflow/.local/lib/python3.7/site-packages/airflow/example_dags/tutorial_taskflow_api_etl_virtualenv.py
[2021-11-15 07:32:29,714] {processor.py:620} INFO - Processing file /home/airflow/.local/lib/python3.7/site-packages/airflow/example_dags/tutorial_taskflow_api_etl_virtualenv.py for tasks to queue
[2021-11-15 07:32:29,715] {logging_mixin.py:109} INFO - [2021-11-15 07:32:29,715] {dagbag.py:500} INFO - Filling up the DagBag from /home/airflow/.local/lib/python3.7/site-packages/airflow/example_dags/tutorial_taskflow_api_etl_virtualenv.py
[2021-11-15 07:32:29,753] {processor.py:632} INFO - DAG(s) dict_keys(['tutorial_taskflow_api_etl_virtualenv']) retrieved from /home/airflow/.local/lib/python3.7/site-packages/airflow/example_dags/tutorial_taskflow_api_etl_virtualenv.py
[2021-11-15 07:32:30,044] {logging_mixin.py:109} INFO - [2021-11-15 07:32:30,044] {dag.py:2389} INFO - Sync 1 DAGs
[2021-11-15 07:32:30,056] {logging_mixin.py:109} INFO - [2021-11-15 07:32:30,056] {dag.py:2921} INFO - Setting next_dagrun for tutorial_taskflow_api_etl_virtualenv to None
[2021-11-15 07:32:30,066] {processor.py:171} INFO - Processing /home/airflow/.local/lib/python3.7/site-packages/airflow/example_dags/tutorial_taskflow_api_etl_virtualenv.py took 0.364 seconds
[2021-11-15 07:33:00,197] {processor.py:163} INFO - Started process (PID=904) to work on /home/airflow/.local/lib/python3.7/site-packages/airflow/example_dags/tutorial_taskflow_api_etl_virtualenv.py
[2021-11-15 07:33:00,201] {processor.py:620} INFO - Processing file /home/airflow/.local/lib/python3.7/site-packages/airflow/example_dags/tutorial_taskflow_api_etl_virtualenv.py for tasks to queue
[2021-11-15 07:33:00,202] {logging_mixin.py:109} INFO - [2021-11-15 07:33:00,202] {dagbag.py:500} INFO - Filling up the DagBag from /home/airflow/.local/lib/python3.7/site-packages/airflow/example_dags/tutorial_taskflow_api_etl_virtualenv.py
[2021-11-15 07:33:00,242] {processor.py:632} INFO - DAG(s) dict_keys(['tutorial_taskflow_api_etl_virtualenv']) retrieved from /home/airflow/.local/lib/python3.7/site-packages/airflow/example_dags/tutorial_taskflow_api_etl_virtualenv.py
[2021-11-15 07:33:00,523] {logging_mixin.py:109} INFO - [2021-11-15 07:33:00,523] {dag.py:2389} INFO - Sync 1 DAGs
[2021-11-15 07:33:00,535] {logging_mixin.py:109} INFO - [2021-11-15 07:33:00,535] {dag.py:2921} INFO - Setting next_dagrun for tutorial_taskflow_api_etl_virtualenv to None
[2021-11-15 07:33:00,549] {processor.py:171} INFO - Processing /home/airflow/.local/lib/python3.7/site-packages/airflow/example_dags/tutorial_taskflow_api_etl_virtualenv.py took 0.362 seconds
[2021-11-15 07:33:30,658] {processor.py:163} INFO - Started process (PID=964) to work on /home/airflow/.local/lib/python3.7/site-packages/airflow/example_dags/tutorial_taskflow_api_etl_virtualenv.py
[2021-11-15 07:33:30,661] {processor.py:620} INFO - Processing file /home/airflow/.local/lib/python3.7/site-packages/airflow/example_dags/tutorial_taskflow_api_etl_virtualenv.py for tasks to queue
[2021-11-15 07:33:30,661] {logging_mixin.py:109} INFO - [2021-11-15 07:33:30,661] {dagbag.py:500} INFO - Filling up the DagBag from /home/airflow/.local/lib/python3.7/site-packages/airflow/example_dags/tutorial_taskflow_api_etl_virtualenv.py
[2021-11-15 07:33:30,705] {processor.py:632} INFO - DAG(s) dict_keys(['tutorial_taskflow_api_etl_virtualenv']) retrieved from /home/airflow/.local/lib/python3.7/site-packages/airflow/example_dags/tutorial_taskflow_api_etl_virtualenv.py
[2021-11-15 07:33:31,061] {logging_mixin.py:109} INFO - [2021-11-15 07:33:31,061] {dag.py:2389} INFO - Sync 1 DAGs
[2021-11-15 07:33:31,077] {logging_mixin.py:109} INFO - [2021-11-15 07:33:31,077] {dag.py:2921} INFO - Setting next_dagrun for tutorial_taskflow_api_etl_virtualenv to None
[2021-11-15 07:33:31,089] {processor.py:171} INFO - Processing /home/airflow/.local/lib/python3.7/site-packages/airflow/example_dags/tutorial_taskflow_api_etl_virtualenv.py took 0.440 seconds
[2021-11-15 07:34:01,151] {processor.py:163} INFO - Started process (PID=1013) to work on /home/airflow/.local/lib/python3.7/site-packages/airflow/example_dags/tutorial_taskflow_api_etl_virtualenv.py
[2021-11-15 07:34:01,154] {processor.py:620} INFO - Processing file /home/airflow/.local/lib/python3.7/site-packages/airflow/example_dags/tutorial_taskflow_api_etl_virtualenv.py for tasks to queue
[2021-11-15 07:34:01,155] {logging_mixin.py:109} INFO - [2021-11-15 07:34:01,155] {dagbag.py:500} INFO - Filling up the DagBag from /home/airflow/.local/lib/python3.7/site-packages/airflow/example_dags/tutorial_taskflow_api_etl_virtualenv.py
[2021-11-15 07:34:01,190] {processor.py:632} INFO - DAG(s) dict_keys(['tutorial_taskflow_api_etl_virtualenv']) retrieved from /home/airflow/.local/lib/python3.7/site-packages/airflow/example_dags/tutorial_taskflow_api_etl_virtualenv.py
[2021-11-15 07:34:01,490] {logging_mixin.py:109} INFO - [2021-11-15 07:34:01,490] {dag.py:2389} INFO - Sync 1 DAGs
[2021-11-15 07:34:01,504] {logging_mixin.py:109} INFO - [2021-11-15 07:34:01,504] {dag.py:2921} INFO - Setting next_dagrun for tutorial_taskflow_api_etl_virtualenv to None
[2021-11-15 07:34:01,514] {processor.py:171} INFO - Processing /home/airflow/.local/lib/python3.7/site-packages/airflow/example_dags/tutorial_taskflow_api_etl_virtualenv.py took 0.368 seconds
[2021-11-15 07:34:31,640] {processor.py:163} INFO - Started process (PID=1072) to work on /home/airflow/.local/lib/python3.7/site-packages/airflow/example_dags/tutorial_taskflow_api_etl_virtualenv.py
[2021-11-15 07:34:31,641] {processor.py:620} INFO - Processing file /home/airflow/.local/lib/python3.7/site-packages/airflow/example_dags/tutorial_taskflow_api_etl_virtualenv.py for tasks to queue
[2021-11-15 07:34:31,641] {logging_mixin.py:109} INFO - [2021-11-15 07:34:31,641] {dagbag.py:500} INFO - Filling up the DagBag from /home/airflow/.local/lib/python3.7/site-packages/airflow/example_dags/tutorial_taskflow_api_etl_virtualenv.py
[2021-11-15 07:34:31,665] {processor.py:632} INFO - DAG(s) dict_keys(['tutorial_taskflow_api_etl_virtualenv']) retrieved from /home/airflow/.local/lib/python3.7/site-packages/airflow/example_dags/tutorial_taskflow_api_etl_virtualenv.py
[2021-11-15 07:34:31,914] {logging_mixin.py:109} INFO - [2021-11-15 07:34:31,914] {dag.py:2389} INFO - Sync 1 DAGs
[2021-11-15 07:34:31,926] {logging_mixin.py:109} INFO - [2021-11-15 07:34:31,926] {dag.py:2921} INFO - Setting next_dagrun for tutorial_taskflow_api_etl_virtualenv to None
[2021-11-15 07:34:31,935] {processor.py:171} INFO - Processing /home/airflow/.local/lib/python3.7/site-packages/airflow/example_dags/tutorial_taskflow_api_etl_virtualenv.py took 0.297 seconds
[2021-11-15 07:35:02,197] {processor.py:163} INFO - Started process (PID=1121) to work on /home/airflow/.local/lib/python3.7/site-packages/airflow/example_dags/tutorial_taskflow_api_etl_virtualenv.py
[2021-11-15 07:35:02,201] {processor.py:620} INFO - Processing file /home/airflow/.local/lib/python3.7/site-packages/airflow/example_dags/tutorial_taskflow_api_etl_virtualenv.py for tasks to queue
[2021-11-15 07:35:02,203] {logging_mixin.py:109} INFO - [2021-11-15 07:35:02,203] {dagbag.py:500} INFO - Filling up the DagBag from /home/airflow/.local/lib/python3.7/site-packages/airflow/example_dags/tutorial_taskflow_api_etl_virtualenv.py
[2021-11-15 07:35:02,243] {processor.py:632} INFO - DAG(s) dict_keys(['tutorial_taskflow_api_etl_virtualenv']) retrieved from /home/airflow/.local/lib/python3.7/site-packages/airflow/example_dags/tutorial_taskflow_api_etl_virtualenv.py
[2021-11-15 07:35:02,513] {logging_mixin.py:109} INFO - [2021-11-15 07:35:02,513] {dag.py:2389} INFO - Sync 1 DAGs
[2021-11-15 07:35:02,525] {logging_mixin.py:109} INFO - [2021-11-15 07:35:02,525] {dag.py:2921} INFO - Setting next_dagrun for tutorial_taskflow_api_etl_virtualenv to None
[2021-11-15 07:35:02,534] {processor.py:171} INFO - Processing /home/airflow/.local/lib/python3.7/site-packages/airflow/example_dags/tutorial_taskflow_api_etl_virtualenv.py took 0.346 seconds
[2021-11-15 07:35:32,695] {processor.py:163} INFO - Started process (PID=1170) to work on /home/airflow/.local/lib/python3.7/site-packages/airflow/example_dags/tutorial_taskflow_api_etl_virtualenv.py
[2021-11-15 07:35:32,697] {processor.py:620} INFO - Processing file /home/airflow/.local/lib/python3.7/site-packages/airflow/example_dags/tutorial_taskflow_api_etl_virtualenv.py for tasks to queue
[2021-11-15 07:35:32,697] {logging_mixin.py:109} INFO - [2021-11-15 07:35:32,697] {dagbag.py:500} INFO - Filling up the DagBag from /home/airflow/.local/lib/python3.7/site-packages/airflow/example_dags/tutorial_taskflow_api_etl_virtualenv.py
[2021-11-15 07:35:32,725] {processor.py:632} INFO - DAG(s) dict_keys(['tutorial_taskflow_api_etl_virtualenv']) retrieved from /home/airflow/.local/lib/python3.7/site-packages/airflow/example_dags/tutorial_taskflow_api_etl_virtualenv.py
[2021-11-15 07:35:33,049] {logging_mixin.py:109} INFO - [2021-11-15 07:35:33,049] {dag.py:2389} INFO - Sync 1 DAGs
[2021-11-15 07:35:33,063] {logging_mixin.py:109} INFO - [2021-11-15 07:35:33,063] {dag.py:2921} INFO - Setting next_dagrun for tutorial_taskflow_api_etl_virtualenv to None
[2021-11-15 07:35:33,074] {processor.py:171} INFO - Processing /home/airflow/.local/lib/python3.7/site-packages/airflow/example_dags/tutorial_taskflow_api_etl_virtualenv.py took 0.381 seconds
[2021-11-15 07:36:03,114] {processor.py:163} INFO - Started process (PID=1227) to work on /home/airflow/.local/lib/python3.7/site-packages/airflow/example_dags/tutorial_taskflow_api_etl_virtualenv.py
[2021-11-15 07:36:03,118] {processor.py:620} INFO - Processing file /home/airflow/.local/lib/python3.7/site-packages/airflow/example_dags/tutorial_taskflow_api_etl_virtualenv.py for tasks to queue
[2021-11-15 07:36:03,119] {logging_mixin.py:109} INFO - [2021-11-15 07:36:03,119] {dagbag.py:500} INFO - Filling up the DagBag from /home/airflow/.local/lib/python3.7/site-packages/airflow/example_dags/tutorial_taskflow_api_etl_virtualenv.py
[2021-11-15 07:36:03,155] {processor.py:632} INFO - DAG(s) dict_keys(['tutorial_taskflow_api_etl_virtualenv']) retrieved from /home/airflow/.local/lib/python3.7/site-packages/airflow/example_dags/tutorial_taskflow_api_etl_virtualenv.py
[2021-11-15 07:36:03,473] {logging_mixin.py:109} INFO - [2021-11-15 07:36:03,473] {dag.py:2389} INFO - Sync 1 DAGs
[2021-11-15 07:36:03,487] {logging_mixin.py:109} INFO - [2021-11-15 07:36:03,487] {dag.py:2921} INFO - Setting next_dagrun for tutorial_taskflow_api_etl_virtualenv to None
[2021-11-15 07:36:03,497] {processor.py:171} INFO - Processing /home/airflow/.local/lib/python3.7/site-packages/airflow/example_dags/tutorial_taskflow_api_etl_virtualenv.py took 0.392 seconds
[2021-11-15 07:36:33,745] {processor.py:163} INFO - Started process (PID=1277) to work on /home/airflow/.local/lib/python3.7/site-packages/airflow/example_dags/tutorial_taskflow_api_etl_virtualenv.py
[2021-11-15 07:36:33,746] {processor.py:620} INFO - Processing file /home/airflow/.local/lib/python3.7/site-packages/airflow/example_dags/tutorial_taskflow_api_etl_virtualenv.py for tasks to queue
[2021-11-15 07:36:33,747] {logging_mixin.py:109} INFO - [2021-11-15 07:36:33,747] {dagbag.py:500} INFO - Filling up the DagBag from /home/airflow/.local/lib/python3.7/site-packages/airflow/example_dags/tutorial_taskflow_api_etl_virtualenv.py
[2021-11-15 07:36:33,772] {processor.py:632} INFO - DAG(s) dict_keys(['tutorial_taskflow_api_etl_virtualenv']) retrieved from /home/airflow/.local/lib/python3.7/site-packages/airflow/example_dags/tutorial_taskflow_api_etl_virtualenv.py
[2021-11-15 07:36:34,020] {logging_mixin.py:109} INFO - [2021-11-15 07:36:34,020] {dag.py:2389} INFO - Sync 1 DAGs
[2021-11-15 07:36:34,032] {logging_mixin.py:109} INFO - [2021-11-15 07:36:34,032] {dag.py:2921} INFO - Setting next_dagrun for tutorial_taskflow_api_etl_virtualenv to None
[2021-11-15 07:36:34,043] {processor.py:171} INFO - Processing /home/airflow/.local/lib/python3.7/site-packages/airflow/example_dags/tutorial_taskflow_api_etl_virtualenv.py took 0.300 seconds
[2021-11-15 07:37:04,576] {processor.py:163} INFO - Started process (PID=1335) to work on /home/airflow/.local/lib/python3.7/site-packages/airflow/example_dags/tutorial_taskflow_api_etl_virtualenv.py
[2021-11-15 07:37:04,578] {processor.py:620} INFO - Processing file /home/airflow/.local/lib/python3.7/site-packages/airflow/example_dags/tutorial_taskflow_api_etl_virtualenv.py for tasks to queue
[2021-11-15 07:37:04,579] {logging_mixin.py:109} INFO - [2021-11-15 07:37:04,579] {dagbag.py:500} INFO - Filling up the DagBag from /home/airflow/.local/lib/python3.7/site-packages/airflow/example_dags/tutorial_taskflow_api_etl_virtualenv.py
[2021-11-15 07:37:04,615] {processor.py:632} INFO - DAG(s) dict_keys(['tutorial_taskflow_api_etl_virtualenv']) retrieved from /home/airflow/.local/lib/python3.7/site-packages/airflow/example_dags/tutorial_taskflow_api_etl_virtualenv.py
[2021-11-15 07:37:04,902] {logging_mixin.py:109} INFO - [2021-11-15 07:37:04,902] {dag.py:2389} INFO - Sync 1 DAGs
[2021-11-15 07:37:04,917] {logging_mixin.py:109} INFO - [2021-11-15 07:37:04,917] {dag.py:2921} INFO - Setting next_dagrun for tutorial_taskflow_api_etl_virtualenv to None
[2021-11-15 07:37:04,928] {processor.py:171} INFO - Processing /home/airflow/.local/lib/python3.7/site-packages/airflow/example_dags/tutorial_taskflow_api_etl_virtualenv.py took 0.356 seconds
[2021-11-15 07:37:35,096] {processor.py:163} INFO - Started process (PID=1385) to work on /home/airflow/.local/lib/python3.7/site-packages/airflow/example_dags/tutorial_taskflow_api_etl_virtualenv.py
[2021-11-15 07:37:35,098] {processor.py:620} INFO - Processing file /home/airflow/.local/lib/python3.7/site-packages/airflow/example_dags/tutorial_taskflow_api_etl_virtualenv.py for tasks to queue
[2021-11-15 07:37:35,098] {logging_mixin.py:109} INFO - [2021-11-15 07:37:35,098] {dagbag.py:500} INFO - Filling up the DagBag from /home/airflow/.local/lib/python3.7/site-packages/airflow/example_dags/tutorial_taskflow_api_etl_virtualenv.py
[2021-11-15 07:37:35,122] {processor.py:632} INFO - DAG(s) dict_keys(['tutorial_taskflow_api_etl_virtualenv']) retrieved from /home/airflow/.local/lib/python3.7/site-packages/airflow/example_dags/tutorial_taskflow_api_etl_virtualenv.py
[2021-11-15 07:37:35,133] {logging_mixin.py:109} INFO - [2021-11-15 07:37:35,133] {dag.py:2389} INFO - Sync 1 DAGs
[2021-11-15 07:37:35,149] {logging_mixin.py:109} INFO - [2021-11-15 07:37:35,149] {dag.py:2921} INFO - Setting next_dagrun for tutorial_taskflow_api_etl_virtualenv to None
[2021-11-15 07:37:35,157] {processor.py:171} INFO - Processing /home/airflow/.local/lib/python3.7/site-packages/airflow/example_dags/tutorial_taskflow_api_etl_virtualenv.py took 0.063 seconds
[2021-11-15 07:38:05,186] {processor.py:163} INFO - Started process (PID=1443) to work on /home/airflow/.local/lib/python3.7/site-packages/airflow/example_dags/tutorial_taskflow_api_etl_virtualenv.py
[2021-11-15 07:38:05,187] {processor.py:620} INFO - Processing file /home/airflow/.local/lib/python3.7/site-packages/airflow/example_dags/tutorial_taskflow_api_etl_virtualenv.py for tasks to queue
[2021-11-15 07:38:05,188] {logging_mixin.py:109} INFO - [2021-11-15 07:38:05,188] {dagbag.py:500} INFO - Filling up the DagBag from /home/airflow/.local/lib/python3.7/site-packages/airflow/example_dags/tutorial_taskflow_api_etl_virtualenv.py
[2021-11-15 07:38:05,228] {processor.py:632} INFO - DAG(s) dict_keys(['tutorial_taskflow_api_etl_virtualenv']) retrieved from /home/airflow/.local/lib/python3.7/site-packages/airflow/example_dags/tutorial_taskflow_api_etl_virtualenv.py
[2021-11-15 07:38:05,532] {logging_mixin.py:109} INFO - [2021-11-15 07:38:05,532] {dag.py:2389} INFO - Sync 1 DAGs
[2021-11-15 07:38:05,543] {logging_mixin.py:109} INFO - [2021-11-15 07:38:05,543] {dag.py:2921} INFO - Setting next_dagrun for tutorial_taskflow_api_etl_virtualenv to None
[2021-11-15 07:38:05,553] {processor.py:171} INFO - Processing /home/airflow/.local/lib/python3.7/site-packages/airflow/example_dags/tutorial_taskflow_api_etl_virtualenv.py took 0.371 seconds
