[2021-11-15 07:27:18,401] {processor.py:163} INFO - Started process (PID=161) to work on /home/airflow/.local/lib/python3.7/site-packages/airflow/example_dags/tutorial.py
[2021-11-15 07:27:18,403] {processor.py:620} INFO - Processing file /home/airflow/.local/lib/python3.7/site-packages/airflow/example_dags/tutorial.py for tasks to queue
[2021-11-15 07:27:18,404] {logging_mixin.py:109} INFO - [2021-11-15 07:27:18,404] {dagbag.py:500} INFO - Filling up the DagBag from /home/airflow/.local/lib/python3.7/site-packages/airflow/example_dags/tutorial.py
[2021-11-15 07:27:18,466] {processor.py:632} INFO - DAG(s) dict_keys(['tutorial']) retrieved from /home/airflow/.local/lib/python3.7/site-packages/airflow/example_dags/tutorial.py
[2021-11-15 07:27:20,657] {logging_mixin.py:109} INFO - [2021-11-15 07:27:20,657] {providers_manager.py:156} WARNING - Exception when importing 'airflow.providers.google.leveldb.hooks.leveldb.LevelDBHook' from 'apache-airflow-providers-google' package: No module named 'plyvel'
[2021-11-15 07:27:21,076] {logging_mixin.py:109} INFO - [2021-11-15 07:27:21,076] {providers_manager.py:156} WARNING - Exception when importing 'airflow.providers.google.leveldb.hooks.leveldb.LevelDBHook' from 'apache-airflow-providers-google' package: No module named 'plyvel'
[2021-11-15 07:27:21,095] {logging_mixin.py:109} INFO - [2021-11-15 07:27:21,095] {manager.py:496} INFO - Created Permission View: can edit on DAG:tutorial
[2021-11-15 07:27:21,103] {logging_mixin.py:109} INFO - [2021-11-15 07:27:21,103] {manager.py:496} INFO - Created Permission View: can read on DAG:tutorial
[2021-11-15 07:27:21,103] {logging_mixin.py:109} INFO - [2021-11-15 07:27:21,103] {dag.py:2389} INFO - Sync 1 DAGs
[2021-11-15 07:27:21,109] {logging_mixin.py:109} INFO - [2021-11-15 07:27:21,109] {dag.py:2408} INFO - Creating ORM DAG for tutorial
[2021-11-15 07:27:21,117] {logging_mixin.py:109} INFO - [2021-11-15 07:27:21,116] {dag.py:2921} INFO - Setting next_dagrun for tutorial to 2021-11-14T07:27:21.116787+00:00
[2021-11-15 07:27:21,128] {processor.py:171} INFO - Processing /home/airflow/.local/lib/python3.7/site-packages/airflow/example_dags/tutorial.py took 2.731 seconds
[2021-11-15 07:27:51,508] {processor.py:163} INFO - Started process (PID=365) to work on /home/airflow/.local/lib/python3.7/site-packages/airflow/example_dags/tutorial.py
[2021-11-15 07:27:51,510] {processor.py:620} INFO - Processing file /home/airflow/.local/lib/python3.7/site-packages/airflow/example_dags/tutorial.py for tasks to queue
[2021-11-15 07:27:51,510] {logging_mixin.py:109} INFO - [2021-11-15 07:27:51,510] {dagbag.py:500} INFO - Filling up the DagBag from /home/airflow/.local/lib/python3.7/site-packages/airflow/example_dags/tutorial.py
[2021-11-15 07:27:51,538] {processor.py:632} INFO - DAG(s) dict_keys(['tutorial']) retrieved from /home/airflow/.local/lib/python3.7/site-packages/airflow/example_dags/tutorial.py
[2021-11-15 07:27:51,549] {logging_mixin.py:109} INFO - [2021-11-15 07:27:51,549] {dag.py:2389} INFO - Sync 1 DAGs
[2021-11-15 07:27:51,569] {logging_mixin.py:109} INFO - [2021-11-15 07:27:51,568] {dag.py:2921} INFO - Setting next_dagrun for tutorial to 2021-11-14T07:27:51.568722+00:00
[2021-11-15 07:27:51,578] {processor.py:171} INFO - Processing /home/airflow/.local/lib/python3.7/site-packages/airflow/example_dags/tutorial.py took 0.072 seconds
[2021-11-15 07:28:21,778] {processor.py:163} INFO - Started process (PID=424) to work on /home/airflow/.local/lib/python3.7/site-packages/airflow/example_dags/tutorial.py
[2021-11-15 07:28:21,779] {processor.py:620} INFO - Processing file /home/airflow/.local/lib/python3.7/site-packages/airflow/example_dags/tutorial.py for tasks to queue
[2021-11-15 07:28:21,780] {logging_mixin.py:109} INFO - [2021-11-15 07:28:21,780] {dagbag.py:500} INFO - Filling up the DagBag from /home/airflow/.local/lib/python3.7/site-packages/airflow/example_dags/tutorial.py
[2021-11-15 07:28:21,809] {processor.py:632} INFO - DAG(s) dict_keys(['tutorial']) retrieved from /home/airflow/.local/lib/python3.7/site-packages/airflow/example_dags/tutorial.py
[2021-11-15 07:28:21,817] {logging_mixin.py:109} INFO - [2021-11-15 07:28:21,817] {dag.py:2389} INFO - Sync 1 DAGs
[2021-11-15 07:28:21,831] {logging_mixin.py:109} INFO - [2021-11-15 07:28:21,831] {dag.py:2921} INFO - Setting next_dagrun for tutorial to 2021-11-14T07:28:21.831362+00:00
[2021-11-15 07:28:21,841] {processor.py:171} INFO - Processing /home/airflow/.local/lib/python3.7/site-packages/airflow/example_dags/tutorial.py took 0.066 seconds
[2021-11-15 07:28:52,096] {processor.py:163} INFO - Started process (PID=474) to work on /home/airflow/.local/lib/python3.7/site-packages/airflow/example_dags/tutorial.py
[2021-11-15 07:28:52,098] {processor.py:620} INFO - Processing file /home/airflow/.local/lib/python3.7/site-packages/airflow/example_dags/tutorial.py for tasks to queue
[2021-11-15 07:28:52,099] {logging_mixin.py:109} INFO - [2021-11-15 07:28:52,099] {dagbag.py:500} INFO - Filling up the DagBag from /home/airflow/.local/lib/python3.7/site-packages/airflow/example_dags/tutorial.py
[2021-11-15 07:28:52,130] {processor.py:632} INFO - DAG(s) dict_keys(['tutorial']) retrieved from /home/airflow/.local/lib/python3.7/site-packages/airflow/example_dags/tutorial.py
[2021-11-15 07:28:52,140] {logging_mixin.py:109} INFO - [2021-11-15 07:28:52,140] {dag.py:2389} INFO - Sync 1 DAGs
[2021-11-15 07:28:52,155] {logging_mixin.py:109} INFO - [2021-11-15 07:28:52,155] {dag.py:2921} INFO - Setting next_dagrun for tutorial to 2021-11-14T07:28:52.155143+00:00
[2021-11-15 07:28:52,174] {processor.py:171} INFO - Processing /home/airflow/.local/lib/python3.7/site-packages/airflow/example_dags/tutorial.py took 0.081 seconds
[2021-11-15 07:29:22,287] {processor.py:163} INFO - Started process (PID=523) to work on /home/airflow/.local/lib/python3.7/site-packages/airflow/example_dags/tutorial.py
[2021-11-15 07:29:22,288] {processor.py:620} INFO - Processing file /home/airflow/.local/lib/python3.7/site-packages/airflow/example_dags/tutorial.py for tasks to queue
[2021-11-15 07:29:22,288] {logging_mixin.py:109} INFO - [2021-11-15 07:29:22,288] {dagbag.py:500} INFO - Filling up the DagBag from /home/airflow/.local/lib/python3.7/site-packages/airflow/example_dags/tutorial.py
[2021-11-15 07:29:22,314] {processor.py:632} INFO - DAG(s) dict_keys(['tutorial']) retrieved from /home/airflow/.local/lib/python3.7/site-packages/airflow/example_dags/tutorial.py
[2021-11-15 07:29:22,323] {logging_mixin.py:109} INFO - [2021-11-15 07:29:22,323] {dag.py:2389} INFO - Sync 1 DAGs
[2021-11-15 07:29:22,338] {logging_mixin.py:109} INFO - [2021-11-15 07:29:22,338] {dag.py:2921} INFO - Setting next_dagrun for tutorial to 2021-11-14T07:29:22.338170+00:00
[2021-11-15 07:29:22,347] {processor.py:171} INFO - Processing /home/airflow/.local/lib/python3.7/site-packages/airflow/example_dags/tutorial.py took 0.063 seconds
[2021-11-15 07:29:53,230] {processor.py:163} INFO - Started process (PID=580) to work on /home/airflow/.local/lib/python3.7/site-packages/airflow/example_dags/tutorial.py
[2021-11-15 07:29:53,231] {processor.py:620} INFO - Processing file /home/airflow/.local/lib/python3.7/site-packages/airflow/example_dags/tutorial.py for tasks to queue
[2021-11-15 07:29:53,232] {logging_mixin.py:109} INFO - [2021-11-15 07:29:53,232] {dagbag.py:500} INFO - Filling up the DagBag from /home/airflow/.local/lib/python3.7/site-packages/airflow/example_dags/tutorial.py
[2021-11-15 07:29:53,260] {processor.py:632} INFO - DAG(s) dict_keys(['tutorial']) retrieved from /home/airflow/.local/lib/python3.7/site-packages/airflow/example_dags/tutorial.py
[2021-11-15 07:29:53,270] {logging_mixin.py:109} INFO - [2021-11-15 07:29:53,270] {dag.py:2389} INFO - Sync 1 DAGs
[2021-11-15 07:29:53,286] {logging_mixin.py:109} INFO - [2021-11-15 07:29:53,286] {dag.py:2921} INFO - Setting next_dagrun for tutorial to 2021-11-14T07:29:53.286113+00:00
[2021-11-15 07:29:53,295] {processor.py:171} INFO - Processing /home/airflow/.local/lib/python3.7/site-packages/airflow/example_dags/tutorial.py took 0.068 seconds
[2021-11-15 07:30:23,793] {processor.py:163} INFO - Started process (PID=629) to work on /home/airflow/.local/lib/python3.7/site-packages/airflow/example_dags/tutorial.py
[2021-11-15 07:30:23,794] {processor.py:620} INFO - Processing file /home/airflow/.local/lib/python3.7/site-packages/airflow/example_dags/tutorial.py for tasks to queue
[2021-11-15 07:30:23,794] {logging_mixin.py:109} INFO - [2021-11-15 07:30:23,794] {dagbag.py:500} INFO - Filling up the DagBag from /home/airflow/.local/lib/python3.7/site-packages/airflow/example_dags/tutorial.py
[2021-11-15 07:30:23,815] {processor.py:632} INFO - DAG(s) dict_keys(['tutorial']) retrieved from /home/airflow/.local/lib/python3.7/site-packages/airflow/example_dags/tutorial.py
[2021-11-15 07:30:23,823] {logging_mixin.py:109} INFO - [2021-11-15 07:30:23,823] {dag.py:2389} INFO - Sync 1 DAGs
[2021-11-15 07:30:23,836] {logging_mixin.py:109} INFO - [2021-11-15 07:30:23,836] {dag.py:2921} INFO - Setting next_dagrun for tutorial to 2021-11-14T07:30:23.836565+00:00
[2021-11-15 07:30:23,845] {processor.py:171} INFO - Processing /home/airflow/.local/lib/python3.7/site-packages/airflow/example_dags/tutorial.py took 0.055 seconds
[2021-11-15 07:30:54,227] {processor.py:163} INFO - Started process (PID=687) to work on /home/airflow/.local/lib/python3.7/site-packages/airflow/example_dags/tutorial.py
[2021-11-15 07:30:54,228] {processor.py:620} INFO - Processing file /home/airflow/.local/lib/python3.7/site-packages/airflow/example_dags/tutorial.py for tasks to queue
[2021-11-15 07:30:54,229] {logging_mixin.py:109} INFO - [2021-11-15 07:30:54,229] {dagbag.py:500} INFO - Filling up the DagBag from /home/airflow/.local/lib/python3.7/site-packages/airflow/example_dags/tutorial.py
[2021-11-15 07:30:54,260] {processor.py:632} INFO - DAG(s) dict_keys(['tutorial']) retrieved from /home/airflow/.local/lib/python3.7/site-packages/airflow/example_dags/tutorial.py
[2021-11-15 07:30:54,273] {logging_mixin.py:109} INFO - [2021-11-15 07:30:54,273] {dag.py:2389} INFO - Sync 1 DAGs
[2021-11-15 07:30:54,294] {logging_mixin.py:109} INFO - [2021-11-15 07:30:54,294] {dag.py:2921} INFO - Setting next_dagrun for tutorial to 2021-11-14T07:30:54.294367+00:00
[2021-11-15 07:30:54,303] {processor.py:171} INFO - Processing /home/airflow/.local/lib/python3.7/site-packages/airflow/example_dags/tutorial.py took 0.079 seconds
[2021-11-15 07:31:24,717] {processor.py:163} INFO - Started process (PID=736) to work on /home/airflow/.local/lib/python3.7/site-packages/airflow/example_dags/tutorial.py
[2021-11-15 07:31:24,718] {processor.py:620} INFO - Processing file /home/airflow/.local/lib/python3.7/site-packages/airflow/example_dags/tutorial.py for tasks to queue
[2021-11-15 07:31:24,719] {logging_mixin.py:109} INFO - [2021-11-15 07:31:24,719] {dagbag.py:500} INFO - Filling up the DagBag from /home/airflow/.local/lib/python3.7/site-packages/airflow/example_dags/tutorial.py
[2021-11-15 07:31:24,747] {processor.py:632} INFO - DAG(s) dict_keys(['tutorial']) retrieved from /home/airflow/.local/lib/python3.7/site-packages/airflow/example_dags/tutorial.py
[2021-11-15 07:31:24,765] {logging_mixin.py:109} INFO - [2021-11-15 07:31:24,765] {dag.py:2389} INFO - Sync 1 DAGs
[2021-11-15 07:31:24,784] {logging_mixin.py:109} INFO - [2021-11-15 07:31:24,784] {dag.py:2921} INFO - Setting next_dagrun for tutorial to 2021-11-14T07:31:24.783836+00:00
[2021-11-15 07:31:24,795] {processor.py:171} INFO - Processing /home/airflow/.local/lib/python3.7/site-packages/airflow/example_dags/tutorial.py took 0.080 seconds
[2021-11-15 07:31:55,057] {processor.py:163} INFO - Started process (PID=794) to work on /home/airflow/.local/lib/python3.7/site-packages/airflow/example_dags/tutorial.py
[2021-11-15 07:31:55,059] {processor.py:620} INFO - Processing file /home/airflow/.local/lib/python3.7/site-packages/airflow/example_dags/tutorial.py for tasks to queue
[2021-11-15 07:31:55,059] {logging_mixin.py:109} INFO - [2021-11-15 07:31:55,059] {dagbag.py:500} INFO - Filling up the DagBag from /home/airflow/.local/lib/python3.7/site-packages/airflow/example_dags/tutorial.py
[2021-11-15 07:31:55,081] {processor.py:632} INFO - DAG(s) dict_keys(['tutorial']) retrieved from /home/airflow/.local/lib/python3.7/site-packages/airflow/example_dags/tutorial.py
[2021-11-15 07:31:55,091] {logging_mixin.py:109} INFO - [2021-11-15 07:31:55,091] {dag.py:2389} INFO - Sync 1 DAGs
[2021-11-15 07:31:55,108] {logging_mixin.py:109} INFO - [2021-11-15 07:31:55,108] {dag.py:2921} INFO - Setting next_dagrun for tutorial to 2021-11-14T07:31:55.108325+00:00
[2021-11-15 07:31:55,118] {processor.py:171} INFO - Processing /home/airflow/.local/lib/python3.7/site-packages/airflow/example_dags/tutorial.py took 0.063 seconds
[2021-11-15 07:32:25,525] {processor.py:163} INFO - Started process (PID=844) to work on /home/airflow/.local/lib/python3.7/site-packages/airflow/example_dags/tutorial.py
[2021-11-15 07:32:25,526] {processor.py:620} INFO - Processing file /home/airflow/.local/lib/python3.7/site-packages/airflow/example_dags/tutorial.py for tasks to queue
[2021-11-15 07:32:25,527] {logging_mixin.py:109} INFO - [2021-11-15 07:32:25,526] {dagbag.py:500} INFO - Filling up the DagBag from /home/airflow/.local/lib/python3.7/site-packages/airflow/example_dags/tutorial.py
[2021-11-15 07:32:25,550] {processor.py:632} INFO - DAG(s) dict_keys(['tutorial']) retrieved from /home/airflow/.local/lib/python3.7/site-packages/airflow/example_dags/tutorial.py
[2021-11-15 07:32:25,562] {logging_mixin.py:109} INFO - [2021-11-15 07:32:25,561] {dag.py:2389} INFO - Sync 1 DAGs
[2021-11-15 07:32:25,580] {logging_mixin.py:109} INFO - [2021-11-15 07:32:25,580] {dag.py:2921} INFO - Setting next_dagrun for tutorial to 2021-11-14T07:32:25.579985+00:00
[2021-11-15 07:32:25,589] {processor.py:171} INFO - Processing /home/airflow/.local/lib/python3.7/site-packages/airflow/example_dags/tutorial.py took 0.067 seconds
[2021-11-15 07:32:55,962] {processor.py:163} INFO - Started process (PID=901) to work on /home/airflow/.local/lib/python3.7/site-packages/airflow/example_dags/tutorial.py
[2021-11-15 07:32:55,963] {processor.py:620} INFO - Processing file /home/airflow/.local/lib/python3.7/site-packages/airflow/example_dags/tutorial.py for tasks to queue
[2021-11-15 07:32:55,963] {logging_mixin.py:109} INFO - [2021-11-15 07:32:55,963] {dagbag.py:500} INFO - Filling up the DagBag from /home/airflow/.local/lib/python3.7/site-packages/airflow/example_dags/tutorial.py
[2021-11-15 07:32:55,991] {processor.py:632} INFO - DAG(s) dict_keys(['tutorial']) retrieved from /home/airflow/.local/lib/python3.7/site-packages/airflow/example_dags/tutorial.py
[2021-11-15 07:32:56,001] {logging_mixin.py:109} INFO - [2021-11-15 07:32:56,001] {dag.py:2389} INFO - Sync 1 DAGs
[2021-11-15 07:32:56,016] {logging_mixin.py:109} INFO - [2021-11-15 07:32:56,016] {dag.py:2921} INFO - Setting next_dagrun for tutorial to 2021-11-14T07:32:56.016575+00:00
[2021-11-15 07:32:56,025] {processor.py:171} INFO - Processing /home/airflow/.local/lib/python3.7/site-packages/airflow/example_dags/tutorial.py took 0.067 seconds
[2021-11-15 07:33:26,478] {processor.py:163} INFO - Started process (PID=953) to work on /home/airflow/.local/lib/python3.7/site-packages/airflow/example_dags/tutorial.py
[2021-11-15 07:33:26,480] {processor.py:620} INFO - Processing file /home/airflow/.local/lib/python3.7/site-packages/airflow/example_dags/tutorial.py for tasks to queue
[2021-11-15 07:33:26,481] {logging_mixin.py:109} INFO - [2021-11-15 07:33:26,481] {dagbag.py:500} INFO - Filling up the DagBag from /home/airflow/.local/lib/python3.7/site-packages/airflow/example_dags/tutorial.py
[2021-11-15 07:33:26,509] {processor.py:632} INFO - DAG(s) dict_keys(['tutorial']) retrieved from /home/airflow/.local/lib/python3.7/site-packages/airflow/example_dags/tutorial.py
[2021-11-15 07:33:26,518] {logging_mixin.py:109} INFO - [2021-11-15 07:33:26,518] {dag.py:2389} INFO - Sync 1 DAGs
[2021-11-15 07:33:26,533] {logging_mixin.py:109} INFO - [2021-11-15 07:33:26,533] {dag.py:2921} INFO - Setting next_dagrun for tutorial to 2021-11-14T07:33:26.533588+00:00
[2021-11-15 07:33:26,543] {processor.py:171} INFO - Processing /home/airflow/.local/lib/python3.7/site-packages/airflow/example_dags/tutorial.py took 0.070 seconds
[2021-11-15 07:33:56,953] {processor.py:163} INFO - Started process (PID=1010) to work on /home/airflow/.local/lib/python3.7/site-packages/airflow/example_dags/tutorial.py
[2021-11-15 07:33:56,955] {processor.py:620} INFO - Processing file /home/airflow/.local/lib/python3.7/site-packages/airflow/example_dags/tutorial.py for tasks to queue
[2021-11-15 07:33:56,955] {logging_mixin.py:109} INFO - [2021-11-15 07:33:56,955] {dagbag.py:500} INFO - Filling up the DagBag from /home/airflow/.local/lib/python3.7/site-packages/airflow/example_dags/tutorial.py
[2021-11-15 07:33:56,984] {processor.py:632} INFO - DAG(s) dict_keys(['tutorial']) retrieved from /home/airflow/.local/lib/python3.7/site-packages/airflow/example_dags/tutorial.py
[2021-11-15 07:33:56,994] {logging_mixin.py:109} INFO - [2021-11-15 07:33:56,994] {dag.py:2389} INFO - Sync 1 DAGs
[2021-11-15 07:33:57,010] {logging_mixin.py:109} INFO - [2021-11-15 07:33:57,010] {dag.py:2921} INFO - Setting next_dagrun for tutorial to 2021-11-14T07:33:57.009792+00:00
[2021-11-15 07:33:57,019] {processor.py:171} INFO - Processing /home/airflow/.local/lib/python3.7/site-packages/airflow/example_dags/tutorial.py took 0.068 seconds
[2021-11-15 07:34:27,482] {processor.py:163} INFO - Started process (PID=1061) to work on /home/airflow/.local/lib/python3.7/site-packages/airflow/example_dags/tutorial.py
[2021-11-15 07:34:27,484] {processor.py:620} INFO - Processing file /home/airflow/.local/lib/python3.7/site-packages/airflow/example_dags/tutorial.py for tasks to queue
[2021-11-15 07:34:27,485] {logging_mixin.py:109} INFO - [2021-11-15 07:34:27,485] {dagbag.py:500} INFO - Filling up the DagBag from /home/airflow/.local/lib/python3.7/site-packages/airflow/example_dags/tutorial.py
[2021-11-15 07:34:27,515] {processor.py:632} INFO - DAG(s) dict_keys(['tutorial']) retrieved from /home/airflow/.local/lib/python3.7/site-packages/airflow/example_dags/tutorial.py
[2021-11-15 07:34:27,524] {logging_mixin.py:109} INFO - [2021-11-15 07:34:27,524] {dag.py:2389} INFO - Sync 1 DAGs
[2021-11-15 07:34:27,539] {logging_mixin.py:109} INFO - [2021-11-15 07:34:27,539] {dag.py:2921} INFO - Setting next_dagrun for tutorial to 2021-11-14T07:34:27.539385+00:00
[2021-11-15 07:34:27,548] {processor.py:171} INFO - Processing /home/airflow/.local/lib/python3.7/site-packages/airflow/example_dags/tutorial.py took 0.070 seconds
[2021-11-15 07:34:57,992] {processor.py:163} INFO - Started process (PID=1118) to work on /home/airflow/.local/lib/python3.7/site-packages/airflow/example_dags/tutorial.py
[2021-11-15 07:34:57,993] {processor.py:620} INFO - Processing file /home/airflow/.local/lib/python3.7/site-packages/airflow/example_dags/tutorial.py for tasks to queue
[2021-11-15 07:34:57,993] {logging_mixin.py:109} INFO - [2021-11-15 07:34:57,993] {dagbag.py:500} INFO - Filling up the DagBag from /home/airflow/.local/lib/python3.7/site-packages/airflow/example_dags/tutorial.py
[2021-11-15 07:34:58,015] {processor.py:632} INFO - DAG(s) dict_keys(['tutorial']) retrieved from /home/airflow/.local/lib/python3.7/site-packages/airflow/example_dags/tutorial.py
[2021-11-15 07:34:58,023] {logging_mixin.py:109} INFO - [2021-11-15 07:34:58,023] {dag.py:2389} INFO - Sync 1 DAGs
[2021-11-15 07:34:58,038] {logging_mixin.py:109} INFO - [2021-11-15 07:34:58,038] {dag.py:2921} INFO - Setting next_dagrun for tutorial to 2021-11-14T07:34:58.038391+00:00
[2021-11-15 07:34:58,047] {processor.py:171} INFO - Processing /home/airflow/.local/lib/python3.7/site-packages/airflow/example_dags/tutorial.py took 0.058 seconds
[2021-11-15 07:35:28,536] {processor.py:163} INFO - Started process (PID=1167) to work on /home/airflow/.local/lib/python3.7/site-packages/airflow/example_dags/tutorial.py
[2021-11-15 07:35:28,537] {processor.py:620} INFO - Processing file /home/airflow/.local/lib/python3.7/site-packages/airflow/example_dags/tutorial.py for tasks to queue
[2021-11-15 07:35:28,538] {logging_mixin.py:109} INFO - [2021-11-15 07:35:28,538] {dagbag.py:500} INFO - Filling up the DagBag from /home/airflow/.local/lib/python3.7/site-packages/airflow/example_dags/tutorial.py
[2021-11-15 07:35:28,563] {processor.py:632} INFO - DAG(s) dict_keys(['tutorial']) retrieved from /home/airflow/.local/lib/python3.7/site-packages/airflow/example_dags/tutorial.py
[2021-11-15 07:35:28,573] {logging_mixin.py:109} INFO - [2021-11-15 07:35:28,573] {dag.py:2389} INFO - Sync 1 DAGs
[2021-11-15 07:35:28,587] {logging_mixin.py:109} INFO - [2021-11-15 07:35:28,587] {dag.py:2921} INFO - Setting next_dagrun for tutorial to 2021-11-14T07:35:28.587592+00:00
[2021-11-15 07:35:28,597] {processor.py:171} INFO - Processing /home/airflow/.local/lib/python3.7/site-packages/airflow/example_dags/tutorial.py took 0.064 seconds
[2021-11-15 07:35:58,943] {processor.py:163} INFO - Started process (PID=1224) to work on /home/airflow/.local/lib/python3.7/site-packages/airflow/example_dags/tutorial.py
[2021-11-15 07:35:58,944] {processor.py:620} INFO - Processing file /home/airflow/.local/lib/python3.7/site-packages/airflow/example_dags/tutorial.py for tasks to queue
[2021-11-15 07:35:58,945] {logging_mixin.py:109} INFO - [2021-11-15 07:35:58,945] {dagbag.py:500} INFO - Filling up the DagBag from /home/airflow/.local/lib/python3.7/site-packages/airflow/example_dags/tutorial.py
[2021-11-15 07:35:58,967] {processor.py:632} INFO - DAG(s) dict_keys(['tutorial']) retrieved from /home/airflow/.local/lib/python3.7/site-packages/airflow/example_dags/tutorial.py
[2021-11-15 07:35:58,975] {logging_mixin.py:109} INFO - [2021-11-15 07:35:58,975] {dag.py:2389} INFO - Sync 1 DAGs
[2021-11-15 07:35:58,989] {logging_mixin.py:109} INFO - [2021-11-15 07:35:58,989] {dag.py:2921} INFO - Setting next_dagrun for tutorial to 2021-11-14T07:35:58.989425+00:00
[2021-11-15 07:35:58,998] {processor.py:171} INFO - Processing /home/airflow/.local/lib/python3.7/site-packages/airflow/example_dags/tutorial.py took 0.058 seconds
[2021-11-15 07:36:29,531] {processor.py:163} INFO - Started process (PID=1274) to work on /home/airflow/.local/lib/python3.7/site-packages/airflow/example_dags/tutorial.py
[2021-11-15 07:36:29,533] {processor.py:620} INFO - Processing file /home/airflow/.local/lib/python3.7/site-packages/airflow/example_dags/tutorial.py for tasks to queue
[2021-11-15 07:36:29,534] {logging_mixin.py:109} INFO - [2021-11-15 07:36:29,534] {dagbag.py:500} INFO - Filling up the DagBag from /home/airflow/.local/lib/python3.7/site-packages/airflow/example_dags/tutorial.py
[2021-11-15 07:36:29,568] {processor.py:632} INFO - DAG(s) dict_keys(['tutorial']) retrieved from /home/airflow/.local/lib/python3.7/site-packages/airflow/example_dags/tutorial.py
[2021-11-15 07:36:29,579] {logging_mixin.py:109} INFO - [2021-11-15 07:36:29,579] {dag.py:2389} INFO - Sync 1 DAGs
[2021-11-15 07:36:29,599] {logging_mixin.py:109} INFO - [2021-11-15 07:36:29,599] {dag.py:2921} INFO - Setting next_dagrun for tutorial to 2021-11-14T07:36:29.599433+00:00
[2021-11-15 07:36:29,611] {processor.py:171} INFO - Processing /home/airflow/.local/lib/python3.7/site-packages/airflow/example_dags/tutorial.py took 0.085 seconds
[2021-11-15 07:37:00,392] {processor.py:163} INFO - Started process (PID=1324) to work on /home/airflow/.local/lib/python3.7/site-packages/airflow/example_dags/tutorial.py
[2021-11-15 07:37:00,394] {processor.py:620} INFO - Processing file /home/airflow/.local/lib/python3.7/site-packages/airflow/example_dags/tutorial.py for tasks to queue
[2021-11-15 07:37:00,395] {logging_mixin.py:109} INFO - [2021-11-15 07:37:00,394] {dagbag.py:500} INFO - Filling up the DagBag from /home/airflow/.local/lib/python3.7/site-packages/airflow/example_dags/tutorial.py
[2021-11-15 07:37:00,431] {processor.py:632} INFO - DAG(s) dict_keys(['tutorial']) retrieved from /home/airflow/.local/lib/python3.7/site-packages/airflow/example_dags/tutorial.py
[2021-11-15 07:37:00,444] {logging_mixin.py:109} INFO - [2021-11-15 07:37:00,444] {dag.py:2389} INFO - Sync 1 DAGs
[2021-11-15 07:37:00,461] {logging_mixin.py:109} INFO - [2021-11-15 07:37:00,460] {dag.py:2921} INFO - Setting next_dagrun for tutorial to 2021-11-14T07:37:00.460640+00:00
[2021-11-15 07:37:00,470] {processor.py:171} INFO - Processing /home/airflow/.local/lib/python3.7/site-packages/airflow/example_dags/tutorial.py took 0.083 seconds
[2021-11-15 07:37:30,641] {processor.py:163} INFO - Started process (PID=1381) to work on /home/airflow/.local/lib/python3.7/site-packages/airflow/example_dags/tutorial.py
[2021-11-15 07:37:30,643] {processor.py:620} INFO - Processing file /home/airflow/.local/lib/python3.7/site-packages/airflow/example_dags/tutorial.py for tasks to queue
[2021-11-15 07:37:30,643] {logging_mixin.py:109} INFO - [2021-11-15 07:37:30,643] {dagbag.py:500} INFO - Filling up the DagBag from /home/airflow/.local/lib/python3.7/site-packages/airflow/example_dags/tutorial.py
[2021-11-15 07:37:30,669] {processor.py:632} INFO - DAG(s) dict_keys(['tutorial']) retrieved from /home/airflow/.local/lib/python3.7/site-packages/airflow/example_dags/tutorial.py
[2021-11-15 07:37:30,678] {logging_mixin.py:109} INFO - [2021-11-15 07:37:30,678] {dag.py:2389} INFO - Sync 1 DAGs
[2021-11-15 07:37:30,693] {logging_mixin.py:109} INFO - [2021-11-15 07:37:30,693] {dag.py:2921} INFO - Setting next_dagrun for tutorial to 2021-11-14T07:37:30.693178+00:00
[2021-11-15 07:37:30,702] {processor.py:171} INFO - Processing /home/airflow/.local/lib/python3.7/site-packages/airflow/example_dags/tutorial.py took 0.066 seconds
[2021-11-15 07:38:00,790] {processor.py:163} INFO - Started process (PID=1431) to work on /home/airflow/.local/lib/python3.7/site-packages/airflow/example_dags/tutorial.py
[2021-11-15 07:38:00,791] {processor.py:620} INFO - Processing file /home/airflow/.local/lib/python3.7/site-packages/airflow/example_dags/tutorial.py for tasks to queue
[2021-11-15 07:38:00,792] {logging_mixin.py:109} INFO - [2021-11-15 07:38:00,791] {dagbag.py:500} INFO - Filling up the DagBag from /home/airflow/.local/lib/python3.7/site-packages/airflow/example_dags/tutorial.py
[2021-11-15 07:38:00,812] {processor.py:632} INFO - DAG(s) dict_keys(['tutorial']) retrieved from /home/airflow/.local/lib/python3.7/site-packages/airflow/example_dags/tutorial.py
[2021-11-15 07:38:00,820] {logging_mixin.py:109} INFO - [2021-11-15 07:38:00,819] {dag.py:2389} INFO - Sync 1 DAGs
[2021-11-15 07:38:00,833] {logging_mixin.py:109} INFO - [2021-11-15 07:38:00,832] {dag.py:2921} INFO - Setting next_dagrun for tutorial to 2021-11-14T07:38:00.832730+00:00
[2021-11-15 07:38:00,841] {processor.py:171} INFO - Processing /home/airflow/.local/lib/python3.7/site-packages/airflow/example_dags/tutorial.py took 0.054 seconds
