[2021-11-15 07:27:21,190] {processor.py:163} INFO - Started process (PID=180) to work on /home/airflow/.local/lib/python3.7/site-packages/airflow/example_dags/tutorial_etl_dag.py
[2021-11-15 07:27:21,191] {processor.py:620} INFO - Processing file /home/airflow/.local/lib/python3.7/site-packages/airflow/example_dags/tutorial_etl_dag.py for tasks to queue
[2021-11-15 07:27:21,192] {logging_mixin.py:109} INFO - [2021-11-15 07:27:21,192] {dagbag.py:500} INFO - Filling up the DagBag from /home/airflow/.local/lib/python3.7/site-packages/airflow/example_dags/tutorial_etl_dag.py
[2021-11-15 07:27:21,215] {processor.py:632} INFO - DAG(s) dict_keys(['tutorial_etl_dag']) retrieved from /home/airflow/.local/lib/python3.7/site-packages/airflow/example_dags/tutorial_etl_dag.py
[2021-11-15 07:27:22,964] {logging_mixin.py:109} INFO - [2021-11-15 07:27:22,964] {providers_manager.py:156} WARNING - Exception when importing 'airflow.providers.google.leveldb.hooks.leveldb.LevelDBHook' from 'apache-airflow-providers-google' package: No module named 'plyvel'
[2021-11-15 07:27:23,374] {logging_mixin.py:109} INFO - [2021-11-15 07:27:23,374] {providers_manager.py:156} WARNING - Exception when importing 'airflow.providers.google.leveldb.hooks.leveldb.LevelDBHook' from 'apache-airflow-providers-google' package: No module named 'plyvel'
[2021-11-15 07:27:23,391] {logging_mixin.py:109} INFO - [2021-11-15 07:27:23,391] {manager.py:496} INFO - Created Permission View: can edit on DAG:tutorial_etl_dag
[2021-11-15 07:27:23,398] {logging_mixin.py:109} INFO - [2021-11-15 07:27:23,398] {manager.py:496} INFO - Created Permission View: can read on DAG:tutorial_etl_dag
[2021-11-15 07:27:23,399] {logging_mixin.py:109} INFO - [2021-11-15 07:27:23,398] {dag.py:2389} INFO - Sync 1 DAGs
[2021-11-15 07:27:23,404] {logging_mixin.py:109} INFO - [2021-11-15 07:27:23,404] {dag.py:2408} INFO - Creating ORM DAG for tutorial_etl_dag
[2021-11-15 07:27:23,411] {logging_mixin.py:109} INFO - [2021-11-15 07:27:23,411] {dag.py:2921} INFO - Setting next_dagrun for tutorial_etl_dag to None
[2021-11-15 07:27:23,422] {processor.py:171} INFO - Processing /home/airflow/.local/lib/python3.7/site-packages/airflow/example_dags/tutorial_etl_dag.py took 2.234 seconds
[2021-11-15 07:27:53,524] {processor.py:163} INFO - Started process (PID=368) to work on /home/airflow/.local/lib/python3.7/site-packages/airflow/example_dags/tutorial_etl_dag.py
[2021-11-15 07:27:53,525] {processor.py:620} INFO - Processing file /home/airflow/.local/lib/python3.7/site-packages/airflow/example_dags/tutorial_etl_dag.py for tasks to queue
[2021-11-15 07:27:53,526] {logging_mixin.py:109} INFO - [2021-11-15 07:27:53,526] {dagbag.py:500} INFO - Filling up the DagBag from /home/airflow/.local/lib/python3.7/site-packages/airflow/example_dags/tutorial_etl_dag.py
[2021-11-15 07:27:53,548] {processor.py:632} INFO - DAG(s) dict_keys(['tutorial_etl_dag']) retrieved from /home/airflow/.local/lib/python3.7/site-packages/airflow/example_dags/tutorial_etl_dag.py
[2021-11-15 07:27:53,555] {logging_mixin.py:109} INFO - [2021-11-15 07:27:53,555] {dag.py:2389} INFO - Sync 1 DAGs
[2021-11-15 07:27:53,569] {logging_mixin.py:109} INFO - [2021-11-15 07:27:53,569] {dag.py:2921} INFO - Setting next_dagrun for tutorial_etl_dag to None
[2021-11-15 07:27:53,577] {processor.py:171} INFO - Processing /home/airflow/.local/lib/python3.7/site-packages/airflow/example_dags/tutorial_etl_dag.py took 0.055 seconds
[2021-11-15 07:28:23,875] {processor.py:163} INFO - Started process (PID=427) to work on /home/airflow/.local/lib/python3.7/site-packages/airflow/example_dags/tutorial_etl_dag.py
[2021-11-15 07:28:23,876] {processor.py:620} INFO - Processing file /home/airflow/.local/lib/python3.7/site-packages/airflow/example_dags/tutorial_etl_dag.py for tasks to queue
[2021-11-15 07:28:23,877] {logging_mixin.py:109} INFO - [2021-11-15 07:28:23,877] {dagbag.py:500} INFO - Filling up the DagBag from /home/airflow/.local/lib/python3.7/site-packages/airflow/example_dags/tutorial_etl_dag.py
[2021-11-15 07:28:23,905] {processor.py:632} INFO - DAG(s) dict_keys(['tutorial_etl_dag']) retrieved from /home/airflow/.local/lib/python3.7/site-packages/airflow/example_dags/tutorial_etl_dag.py
[2021-11-15 07:28:23,915] {logging_mixin.py:109} INFO - [2021-11-15 07:28:23,915] {dag.py:2389} INFO - Sync 1 DAGs
[2021-11-15 07:28:23,931] {logging_mixin.py:109} INFO - [2021-11-15 07:28:23,931] {dag.py:2921} INFO - Setting next_dagrun for tutorial_etl_dag to None
[2021-11-15 07:28:23,939] {processor.py:171} INFO - Processing /home/airflow/.local/lib/python3.7/site-packages/airflow/example_dags/tutorial_etl_dag.py took 0.068 seconds
[2021-11-15 07:28:54,195] {processor.py:163} INFO - Started process (PID=476) to work on /home/airflow/.local/lib/python3.7/site-packages/airflow/example_dags/tutorial_etl_dag.py
[2021-11-15 07:28:54,197] {processor.py:620} INFO - Processing file /home/airflow/.local/lib/python3.7/site-packages/airflow/example_dags/tutorial_etl_dag.py for tasks to queue
[2021-11-15 07:28:54,197] {logging_mixin.py:109} INFO - [2021-11-15 07:28:54,197] {dagbag.py:500} INFO - Filling up the DagBag from /home/airflow/.local/lib/python3.7/site-packages/airflow/example_dags/tutorial_etl_dag.py
[2021-11-15 07:28:54,224] {processor.py:632} INFO - DAG(s) dict_keys(['tutorial_etl_dag']) retrieved from /home/airflow/.local/lib/python3.7/site-packages/airflow/example_dags/tutorial_etl_dag.py
[2021-11-15 07:28:54,233] {logging_mixin.py:109} INFO - [2021-11-15 07:28:54,233] {dag.py:2389} INFO - Sync 1 DAGs
[2021-11-15 07:28:54,247] {logging_mixin.py:109} INFO - [2021-11-15 07:28:54,247] {dag.py:2921} INFO - Setting next_dagrun for tutorial_etl_dag to None
[2021-11-15 07:28:54,257] {processor.py:171} INFO - Processing /home/airflow/.local/lib/python3.7/site-packages/airflow/example_dags/tutorial_etl_dag.py took 0.065 seconds
[2021-11-15 07:29:24,299] {processor.py:163} INFO - Started process (PID=533) to work on /home/airflow/.local/lib/python3.7/site-packages/airflow/example_dags/tutorial_etl_dag.py
[2021-11-15 07:29:24,301] {processor.py:620} INFO - Processing file /home/airflow/.local/lib/python3.7/site-packages/airflow/example_dags/tutorial_etl_dag.py for tasks to queue
[2021-11-15 07:29:24,301] {logging_mixin.py:109} INFO - [2021-11-15 07:29:24,301] {dagbag.py:500} INFO - Filling up the DagBag from /home/airflow/.local/lib/python3.7/site-packages/airflow/example_dags/tutorial_etl_dag.py
[2021-11-15 07:29:24,327] {processor.py:632} INFO - DAG(s) dict_keys(['tutorial_etl_dag']) retrieved from /home/airflow/.local/lib/python3.7/site-packages/airflow/example_dags/tutorial_etl_dag.py
[2021-11-15 07:29:24,335] {logging_mixin.py:109} INFO - [2021-11-15 07:29:24,335] {dag.py:2389} INFO - Sync 1 DAGs
[2021-11-15 07:29:24,350] {logging_mixin.py:109} INFO - [2021-11-15 07:29:24,350] {dag.py:2921} INFO - Setting next_dagrun for tutorial_etl_dag to None
[2021-11-15 07:29:24,359] {processor.py:171} INFO - Processing /home/airflow/.local/lib/python3.7/site-packages/airflow/example_dags/tutorial_etl_dag.py took 0.063 seconds
[2021-11-15 07:29:54,378] {processor.py:163} INFO - Started process (PID=582) to work on /home/airflow/.local/lib/python3.7/site-packages/airflow/example_dags/tutorial_etl_dag.py
[2021-11-15 07:29:54,380] {processor.py:620} INFO - Processing file /home/airflow/.local/lib/python3.7/site-packages/airflow/example_dags/tutorial_etl_dag.py for tasks to queue
[2021-11-15 07:29:54,380] {logging_mixin.py:109} INFO - [2021-11-15 07:29:54,380] {dagbag.py:500} INFO - Filling up the DagBag from /home/airflow/.local/lib/python3.7/site-packages/airflow/example_dags/tutorial_etl_dag.py
[2021-11-15 07:29:54,400] {processor.py:632} INFO - DAG(s) dict_keys(['tutorial_etl_dag']) retrieved from /home/airflow/.local/lib/python3.7/site-packages/airflow/example_dags/tutorial_etl_dag.py
[2021-11-15 07:29:54,407] {logging_mixin.py:109} INFO - [2021-11-15 07:29:54,407] {dag.py:2389} INFO - Sync 1 DAGs
[2021-11-15 07:29:54,421] {logging_mixin.py:109} INFO - [2021-11-15 07:29:54,421] {dag.py:2921} INFO - Setting next_dagrun for tutorial_etl_dag to None
[2021-11-15 07:29:54,430] {processor.py:171} INFO - Processing /home/airflow/.local/lib/python3.7/site-packages/airflow/example_dags/tutorial_etl_dag.py took 0.053 seconds
[2021-11-15 07:30:24,921] {processor.py:163} INFO - Started process (PID=639) to work on /home/airflow/.local/lib/python3.7/site-packages/airflow/example_dags/tutorial_etl_dag.py
[2021-11-15 07:30:24,923] {processor.py:620} INFO - Processing file /home/airflow/.local/lib/python3.7/site-packages/airflow/example_dags/tutorial_etl_dag.py for tasks to queue
[2021-11-15 07:30:24,924] {logging_mixin.py:109} INFO - [2021-11-15 07:30:24,924] {dagbag.py:500} INFO - Filling up the DagBag from /home/airflow/.local/lib/python3.7/site-packages/airflow/example_dags/tutorial_etl_dag.py
[2021-11-15 07:30:24,946] {processor.py:632} INFO - DAG(s) dict_keys(['tutorial_etl_dag']) retrieved from /home/airflow/.local/lib/python3.7/site-packages/airflow/example_dags/tutorial_etl_dag.py
[2021-11-15 07:30:24,957] {logging_mixin.py:109} INFO - [2021-11-15 07:30:24,957] {dag.py:2389} INFO - Sync 1 DAGs
[2021-11-15 07:30:24,974] {logging_mixin.py:109} INFO - [2021-11-15 07:30:24,974] {dag.py:2921} INFO - Setting next_dagrun for tutorial_etl_dag to None
[2021-11-15 07:30:24,982] {processor.py:171} INFO - Processing /home/airflow/.local/lib/python3.7/site-packages/airflow/example_dags/tutorial_etl_dag.py took 0.063 seconds
[2021-11-15 07:30:55,390] {processor.py:163} INFO - Started process (PID=689) to work on /home/airflow/.local/lib/python3.7/site-packages/airflow/example_dags/tutorial_etl_dag.py
[2021-11-15 07:30:55,392] {processor.py:620} INFO - Processing file /home/airflow/.local/lib/python3.7/site-packages/airflow/example_dags/tutorial_etl_dag.py for tasks to queue
[2021-11-15 07:30:55,393] {logging_mixin.py:109} INFO - [2021-11-15 07:30:55,393] {dagbag.py:500} INFO - Filling up the DagBag from /home/airflow/.local/lib/python3.7/site-packages/airflow/example_dags/tutorial_etl_dag.py
[2021-11-15 07:30:55,420] {processor.py:632} INFO - DAG(s) dict_keys(['tutorial_etl_dag']) retrieved from /home/airflow/.local/lib/python3.7/site-packages/airflow/example_dags/tutorial_etl_dag.py
[2021-11-15 07:30:55,430] {logging_mixin.py:109} INFO - [2021-11-15 07:30:55,430] {dag.py:2389} INFO - Sync 1 DAGs
[2021-11-15 07:30:55,448] {logging_mixin.py:109} INFO - [2021-11-15 07:30:55,448] {dag.py:2921} INFO - Setting next_dagrun for tutorial_etl_dag to None
[2021-11-15 07:30:55,459] {processor.py:171} INFO - Processing /home/airflow/.local/lib/python3.7/site-packages/airflow/example_dags/tutorial_etl_dag.py took 0.071 seconds
[2021-11-15 07:31:25,892] {processor.py:163} INFO - Started process (PID=738) to work on /home/airflow/.local/lib/python3.7/site-packages/airflow/example_dags/tutorial_etl_dag.py
[2021-11-15 07:31:25,893] {processor.py:620} INFO - Processing file /home/airflow/.local/lib/python3.7/site-packages/airflow/example_dags/tutorial_etl_dag.py for tasks to queue
[2021-11-15 07:31:25,894] {logging_mixin.py:109} INFO - [2021-11-15 07:31:25,894] {dagbag.py:500} INFO - Filling up the DagBag from /home/airflow/.local/lib/python3.7/site-packages/airflow/example_dags/tutorial_etl_dag.py
[2021-11-15 07:31:25,914] {processor.py:632} INFO - DAG(s) dict_keys(['tutorial_etl_dag']) retrieved from /home/airflow/.local/lib/python3.7/site-packages/airflow/example_dags/tutorial_etl_dag.py
[2021-11-15 07:31:25,922] {logging_mixin.py:109} INFO - [2021-11-15 07:31:25,922] {dag.py:2389} INFO - Sync 1 DAGs
[2021-11-15 07:31:25,935] {logging_mixin.py:109} INFO - [2021-11-15 07:31:25,935] {dag.py:2921} INFO - Setting next_dagrun for tutorial_etl_dag to None
[2021-11-15 07:31:25,943] {processor.py:171} INFO - Processing /home/airflow/.local/lib/python3.7/site-packages/airflow/example_dags/tutorial_etl_dag.py took 0.054 seconds
[2021-11-15 07:31:56,138] {processor.py:163} INFO - Started process (PID=797) to work on /home/airflow/.local/lib/python3.7/site-packages/airflow/example_dags/tutorial_etl_dag.py
[2021-11-15 07:31:56,139] {processor.py:620} INFO - Processing file /home/airflow/.local/lib/python3.7/site-packages/airflow/example_dags/tutorial_etl_dag.py for tasks to queue
[2021-11-15 07:31:56,140] {logging_mixin.py:109} INFO - [2021-11-15 07:31:56,140] {dagbag.py:500} INFO - Filling up the DagBag from /home/airflow/.local/lib/python3.7/site-packages/airflow/example_dags/tutorial_etl_dag.py
[2021-11-15 07:31:56,159] {processor.py:632} INFO - DAG(s) dict_keys(['tutorial_etl_dag']) retrieved from /home/airflow/.local/lib/python3.7/site-packages/airflow/example_dags/tutorial_etl_dag.py
[2021-11-15 07:31:56,167] {logging_mixin.py:109} INFO - [2021-11-15 07:31:56,167] {dag.py:2389} INFO - Sync 1 DAGs
[2021-11-15 07:31:56,181] {logging_mixin.py:109} INFO - [2021-11-15 07:31:56,181] {dag.py:2921} INFO - Setting next_dagrun for tutorial_etl_dag to None
[2021-11-15 07:31:56,191] {processor.py:171} INFO - Processing /home/airflow/.local/lib/python3.7/site-packages/airflow/example_dags/tutorial_etl_dag.py took 0.056 seconds
[2021-11-15 07:32:26,681] {processor.py:163} INFO - Started process (PID=846) to work on /home/airflow/.local/lib/python3.7/site-packages/airflow/example_dags/tutorial_etl_dag.py
[2021-11-15 07:32:26,682] {processor.py:620} INFO - Processing file /home/airflow/.local/lib/python3.7/site-packages/airflow/example_dags/tutorial_etl_dag.py for tasks to queue
[2021-11-15 07:32:26,682] {logging_mixin.py:109} INFO - [2021-11-15 07:32:26,682] {dagbag.py:500} INFO - Filling up the DagBag from /home/airflow/.local/lib/python3.7/site-packages/airflow/example_dags/tutorial_etl_dag.py
[2021-11-15 07:32:26,703] {processor.py:632} INFO - DAG(s) dict_keys(['tutorial_etl_dag']) retrieved from /home/airflow/.local/lib/python3.7/site-packages/airflow/example_dags/tutorial_etl_dag.py
[2021-11-15 07:32:26,711] {logging_mixin.py:109} INFO - [2021-11-15 07:32:26,711] {dag.py:2389} INFO - Sync 1 DAGs
[2021-11-15 07:32:26,724] {logging_mixin.py:109} INFO - [2021-11-15 07:32:26,724] {dag.py:2921} INFO - Setting next_dagrun for tutorial_etl_dag to None
[2021-11-15 07:32:26,734] {processor.py:171} INFO - Processing /home/airflow/.local/lib/python3.7/site-packages/airflow/example_dags/tutorial_etl_dag.py took 0.056 seconds
[2021-11-15 07:32:57,136] {processor.py:163} INFO - Started process (PID=903) to work on /home/airflow/.local/lib/python3.7/site-packages/airflow/example_dags/tutorial_etl_dag.py
[2021-11-15 07:32:57,140] {processor.py:620} INFO - Processing file /home/airflow/.local/lib/python3.7/site-packages/airflow/example_dags/tutorial_etl_dag.py for tasks to queue
[2021-11-15 07:32:57,142] {logging_mixin.py:109} INFO - [2021-11-15 07:32:57,141] {dagbag.py:500} INFO - Filling up the DagBag from /home/airflow/.local/lib/python3.7/site-packages/airflow/example_dags/tutorial_etl_dag.py
[2021-11-15 07:32:57,181] {processor.py:632} INFO - DAG(s) dict_keys(['tutorial_etl_dag']) retrieved from /home/airflow/.local/lib/python3.7/site-packages/airflow/example_dags/tutorial_etl_dag.py
[2021-11-15 07:32:57,190] {logging_mixin.py:109} INFO - [2021-11-15 07:32:57,190] {dag.py:2389} INFO - Sync 1 DAGs
[2021-11-15 07:32:57,205] {logging_mixin.py:109} INFO - [2021-11-15 07:32:57,205] {dag.py:2921} INFO - Setting next_dagrun for tutorial_etl_dag to None
[2021-11-15 07:32:57,214] {processor.py:171} INFO - Processing /home/airflow/.local/lib/python3.7/site-packages/airflow/example_dags/tutorial_etl_dag.py took 0.086 seconds
[2021-11-15 07:33:27,625] {processor.py:163} INFO - Started process (PID=955) to work on /home/airflow/.local/lib/python3.7/site-packages/airflow/example_dags/tutorial_etl_dag.py
[2021-11-15 07:33:27,627] {processor.py:620} INFO - Processing file /home/airflow/.local/lib/python3.7/site-packages/airflow/example_dags/tutorial_etl_dag.py for tasks to queue
[2021-11-15 07:33:27,627] {logging_mixin.py:109} INFO - [2021-11-15 07:33:27,627] {dagbag.py:500} INFO - Filling up the DagBag from /home/airflow/.local/lib/python3.7/site-packages/airflow/example_dags/tutorial_etl_dag.py
[2021-11-15 07:33:27,648] {processor.py:632} INFO - DAG(s) dict_keys(['tutorial_etl_dag']) retrieved from /home/airflow/.local/lib/python3.7/site-packages/airflow/example_dags/tutorial_etl_dag.py
[2021-11-15 07:33:27,657] {logging_mixin.py:109} INFO - [2021-11-15 07:33:27,657] {dag.py:2389} INFO - Sync 1 DAGs
[2021-11-15 07:33:27,671] {logging_mixin.py:109} INFO - [2021-11-15 07:33:27,671] {dag.py:2921} INFO - Setting next_dagrun for tutorial_etl_dag to None
[2021-11-15 07:33:27,679] {processor.py:171} INFO - Processing /home/airflow/.local/lib/python3.7/site-packages/airflow/example_dags/tutorial_etl_dag.py took 0.056 seconds
[2021-11-15 07:33:58,097] {processor.py:163} INFO - Started process (PID=1012) to work on /home/airflow/.local/lib/python3.7/site-packages/airflow/example_dags/tutorial_etl_dag.py
[2021-11-15 07:33:58,099] {processor.py:620} INFO - Processing file /home/airflow/.local/lib/python3.7/site-packages/airflow/example_dags/tutorial_etl_dag.py for tasks to queue
[2021-11-15 07:33:58,100] {logging_mixin.py:109} INFO - [2021-11-15 07:33:58,100] {dagbag.py:500} INFO - Filling up the DagBag from /home/airflow/.local/lib/python3.7/site-packages/airflow/example_dags/tutorial_etl_dag.py
[2021-11-15 07:33:58,124] {processor.py:632} INFO - DAG(s) dict_keys(['tutorial_etl_dag']) retrieved from /home/airflow/.local/lib/python3.7/site-packages/airflow/example_dags/tutorial_etl_dag.py
[2021-11-15 07:33:58,135] {logging_mixin.py:109} INFO - [2021-11-15 07:33:58,135] {dag.py:2389} INFO - Sync 1 DAGs
[2021-11-15 07:33:58,156] {logging_mixin.py:109} INFO - [2021-11-15 07:33:58,155] {dag.py:2921} INFO - Setting next_dagrun for tutorial_etl_dag to None
[2021-11-15 07:33:58,168] {processor.py:171} INFO - Processing /home/airflow/.local/lib/python3.7/site-packages/airflow/example_dags/tutorial_etl_dag.py took 0.073 seconds
[2021-11-15 07:34:28,598] {processor.py:163} INFO - Started process (PID=1063) to work on /home/airflow/.local/lib/python3.7/site-packages/airflow/example_dags/tutorial_etl_dag.py
[2021-11-15 07:34:28,602] {processor.py:620} INFO - Processing file /home/airflow/.local/lib/python3.7/site-packages/airflow/example_dags/tutorial_etl_dag.py for tasks to queue
[2021-11-15 07:34:28,604] {logging_mixin.py:109} INFO - [2021-11-15 07:34:28,603] {dagbag.py:500} INFO - Filling up the DagBag from /home/airflow/.local/lib/python3.7/site-packages/airflow/example_dags/tutorial_etl_dag.py
[2021-11-15 07:34:28,642] {processor.py:632} INFO - DAG(s) dict_keys(['tutorial_etl_dag']) retrieved from /home/airflow/.local/lib/python3.7/site-packages/airflow/example_dags/tutorial_etl_dag.py
[2021-11-15 07:34:28,654] {logging_mixin.py:109} INFO - [2021-11-15 07:34:28,653] {dag.py:2389} INFO - Sync 1 DAGs
[2021-11-15 07:34:28,672] {logging_mixin.py:109} INFO - [2021-11-15 07:34:28,672] {dag.py:2921} INFO - Setting next_dagrun for tutorial_etl_dag to None
[2021-11-15 07:34:28,680] {processor.py:171} INFO - Processing /home/airflow/.local/lib/python3.7/site-packages/airflow/example_dags/tutorial_etl_dag.py took 0.091 seconds
[2021-11-15 07:34:59,170] {processor.py:163} INFO - Started process (PID=1120) to work on /home/airflow/.local/lib/python3.7/site-packages/airflow/example_dags/tutorial_etl_dag.py
[2021-11-15 07:34:59,173] {processor.py:620} INFO - Processing file /home/airflow/.local/lib/python3.7/site-packages/airflow/example_dags/tutorial_etl_dag.py for tasks to queue
[2021-11-15 07:34:59,175] {logging_mixin.py:109} INFO - [2021-11-15 07:34:59,174] {dagbag.py:500} INFO - Filling up the DagBag from /home/airflow/.local/lib/python3.7/site-packages/airflow/example_dags/tutorial_etl_dag.py
[2021-11-15 07:34:59,209] {processor.py:632} INFO - DAG(s) dict_keys(['tutorial_etl_dag']) retrieved from /home/airflow/.local/lib/python3.7/site-packages/airflow/example_dags/tutorial_etl_dag.py
[2021-11-15 07:34:59,218] {logging_mixin.py:109} INFO - [2021-11-15 07:34:59,218] {dag.py:2389} INFO - Sync 1 DAGs
[2021-11-15 07:34:59,233] {logging_mixin.py:109} INFO - [2021-11-15 07:34:59,233] {dag.py:2921} INFO - Setting next_dagrun for tutorial_etl_dag to None
[2021-11-15 07:34:59,241] {processor.py:171} INFO - Processing /home/airflow/.local/lib/python3.7/site-packages/airflow/example_dags/tutorial_etl_dag.py took 0.080 seconds
[2021-11-15 07:35:29,641] {processor.py:163} INFO - Started process (PID=1169) to work on /home/airflow/.local/lib/python3.7/site-packages/airflow/example_dags/tutorial_etl_dag.py
[2021-11-15 07:35:29,645] {processor.py:620} INFO - Processing file /home/airflow/.local/lib/python3.7/site-packages/airflow/example_dags/tutorial_etl_dag.py for tasks to queue
[2021-11-15 07:35:29,647] {logging_mixin.py:109} INFO - [2021-11-15 07:35:29,647] {dagbag.py:500} INFO - Filling up the DagBag from /home/airflow/.local/lib/python3.7/site-packages/airflow/example_dags/tutorial_etl_dag.py
[2021-11-15 07:35:29,682] {processor.py:632} INFO - DAG(s) dict_keys(['tutorial_etl_dag']) retrieved from /home/airflow/.local/lib/python3.7/site-packages/airflow/example_dags/tutorial_etl_dag.py
[2021-11-15 07:35:29,692] {logging_mixin.py:109} INFO - [2021-11-15 07:35:29,692] {dag.py:2389} INFO - Sync 1 DAGs
[2021-11-15 07:35:29,707] {logging_mixin.py:109} INFO - [2021-11-15 07:35:29,707] {dag.py:2921} INFO - Setting next_dagrun for tutorial_etl_dag to None
[2021-11-15 07:35:29,716] {processor.py:171} INFO - Processing /home/airflow/.local/lib/python3.7/site-packages/airflow/example_dags/tutorial_etl_dag.py took 0.085 seconds
[2021-11-15 07:36:00,083] {processor.py:163} INFO - Started process (PID=1226) to work on /home/airflow/.local/lib/python3.7/site-packages/airflow/example_dags/tutorial_etl_dag.py
[2021-11-15 07:36:00,085] {processor.py:620} INFO - Processing file /home/airflow/.local/lib/python3.7/site-packages/airflow/example_dags/tutorial_etl_dag.py for tasks to queue
[2021-11-15 07:36:00,085] {logging_mixin.py:109} INFO - [2021-11-15 07:36:00,085] {dagbag.py:500} INFO - Filling up the DagBag from /home/airflow/.local/lib/python3.7/site-packages/airflow/example_dags/tutorial_etl_dag.py
[2021-11-15 07:36:00,108] {processor.py:632} INFO - DAG(s) dict_keys(['tutorial_etl_dag']) retrieved from /home/airflow/.local/lib/python3.7/site-packages/airflow/example_dags/tutorial_etl_dag.py
[2021-11-15 07:36:00,117] {logging_mixin.py:109} INFO - [2021-11-15 07:36:00,117] {dag.py:2389} INFO - Sync 1 DAGs
[2021-11-15 07:36:00,132] {logging_mixin.py:109} INFO - [2021-11-15 07:36:00,132] {dag.py:2921} INFO - Setting next_dagrun for tutorial_etl_dag to None
[2021-11-15 07:36:00,142] {processor.py:171} INFO - Processing /home/airflow/.local/lib/python3.7/site-packages/airflow/example_dags/tutorial_etl_dag.py took 0.062 seconds
[2021-11-15 07:36:30,730] {processor.py:163} INFO - Started process (PID=1276) to work on /home/airflow/.local/lib/python3.7/site-packages/airflow/example_dags/tutorial_etl_dag.py
[2021-11-15 07:36:30,732] {processor.py:620} INFO - Processing file /home/airflow/.local/lib/python3.7/site-packages/airflow/example_dags/tutorial_etl_dag.py for tasks to queue
[2021-11-15 07:36:30,733] {logging_mixin.py:109} INFO - [2021-11-15 07:36:30,733] {dagbag.py:500} INFO - Filling up the DagBag from /home/airflow/.local/lib/python3.7/site-packages/airflow/example_dags/tutorial_etl_dag.py
[2021-11-15 07:36:30,767] {processor.py:632} INFO - DAG(s) dict_keys(['tutorial_etl_dag']) retrieved from /home/airflow/.local/lib/python3.7/site-packages/airflow/example_dags/tutorial_etl_dag.py
[2021-11-15 07:36:30,778] {logging_mixin.py:109} INFO - [2021-11-15 07:36:30,778] {dag.py:2389} INFO - Sync 1 DAGs
[2021-11-15 07:36:30,796] {logging_mixin.py:109} INFO - [2021-11-15 07:36:30,796] {dag.py:2921} INFO - Setting next_dagrun for tutorial_etl_dag to None
[2021-11-15 07:36:30,806] {processor.py:171} INFO - Processing /home/airflow/.local/lib/python3.7/site-packages/airflow/example_dags/tutorial_etl_dag.py took 0.081 seconds
[2021-11-15 07:37:01,554] {processor.py:163} INFO - Started process (PID=1334) to work on /home/airflow/.local/lib/python3.7/site-packages/airflow/example_dags/tutorial_etl_dag.py
[2021-11-15 07:37:01,555] {processor.py:620} INFO - Processing file /home/airflow/.local/lib/python3.7/site-packages/airflow/example_dags/tutorial_etl_dag.py for tasks to queue
[2021-11-15 07:37:01,555] {logging_mixin.py:109} INFO - [2021-11-15 07:37:01,555] {dagbag.py:500} INFO - Filling up the DagBag from /home/airflow/.local/lib/python3.7/site-packages/airflow/example_dags/tutorial_etl_dag.py
[2021-11-15 07:37:01,577] {processor.py:632} INFO - DAG(s) dict_keys(['tutorial_etl_dag']) retrieved from /home/airflow/.local/lib/python3.7/site-packages/airflow/example_dags/tutorial_etl_dag.py
[2021-11-15 07:37:01,584] {logging_mixin.py:109} INFO - [2021-11-15 07:37:01,584] {dag.py:2389} INFO - Sync 1 DAGs
[2021-11-15 07:37:01,599] {logging_mixin.py:109} INFO - [2021-11-15 07:37:01,598] {dag.py:2921} INFO - Setting next_dagrun for tutorial_etl_dag to None
[2021-11-15 07:37:01,607] {processor.py:171} INFO - Processing /home/airflow/.local/lib/python3.7/site-packages/airflow/example_dags/tutorial_etl_dag.py took 0.056 seconds
[2021-11-15 07:37:31,717] {processor.py:163} INFO - Started process (PID=1384) to work on /home/airflow/.local/lib/python3.7/site-packages/airflow/example_dags/tutorial_etl_dag.py
[2021-11-15 07:37:31,719] {processor.py:620} INFO - Processing file /home/airflow/.local/lib/python3.7/site-packages/airflow/example_dags/tutorial_etl_dag.py for tasks to queue
[2021-11-15 07:37:31,719] {logging_mixin.py:109} INFO - [2021-11-15 07:37:31,719] {dagbag.py:500} INFO - Filling up the DagBag from /home/airflow/.local/lib/python3.7/site-packages/airflow/example_dags/tutorial_etl_dag.py
[2021-11-15 07:37:31,765] {processor.py:632} INFO - DAG(s) dict_keys(['tutorial_etl_dag']) retrieved from /home/airflow/.local/lib/python3.7/site-packages/airflow/example_dags/tutorial_etl_dag.py
[2021-11-15 07:37:31,776] {logging_mixin.py:109} INFO - [2021-11-15 07:37:31,776] {dag.py:2389} INFO - Sync 1 DAGs
[2021-11-15 07:37:31,797] {logging_mixin.py:109} INFO - [2021-11-15 07:37:31,797] {dag.py:2921} INFO - Setting next_dagrun for tutorial_etl_dag to None
[2021-11-15 07:37:31,806] {processor.py:171} INFO - Processing /home/airflow/.local/lib/python3.7/site-packages/airflow/example_dags/tutorial_etl_dag.py took 0.094 seconds
[2021-11-15 07:38:01,857] {processor.py:163} INFO - Started process (PID=1433) to work on /home/airflow/.local/lib/python3.7/site-packages/airflow/example_dags/tutorial_etl_dag.py
[2021-11-15 07:38:01,858] {processor.py:620} INFO - Processing file /home/airflow/.local/lib/python3.7/site-packages/airflow/example_dags/tutorial_etl_dag.py for tasks to queue
[2021-11-15 07:38:01,858] {logging_mixin.py:109} INFO - [2021-11-15 07:38:01,858] {dagbag.py:500} INFO - Filling up the DagBag from /home/airflow/.local/lib/python3.7/site-packages/airflow/example_dags/tutorial_etl_dag.py
[2021-11-15 07:38:01,878] {processor.py:632} INFO - DAG(s) dict_keys(['tutorial_etl_dag']) retrieved from /home/airflow/.local/lib/python3.7/site-packages/airflow/example_dags/tutorial_etl_dag.py
[2021-11-15 07:38:01,886] {logging_mixin.py:109} INFO - [2021-11-15 07:38:01,885] {dag.py:2389} INFO - Sync 1 DAGs
[2021-11-15 07:38:01,898] {logging_mixin.py:109} INFO - [2021-11-15 07:38:01,898] {dag.py:2921} INFO - Setting next_dagrun for tutorial_etl_dag to None
[2021-11-15 07:38:01,906] {processor.py:171} INFO - Processing /home/airflow/.local/lib/python3.7/site-packages/airflow/example_dags/tutorial_etl_dag.py took 0.051 seconds
