[2021-11-15 10:48:57,086] {taskinstance.py:1035} INFO - Dependencies all met for <TaskInstance: covid_ingestion.process_BE manual__2021-11-15T10:48:54.158422+00:00 [queued]>
[2021-11-15 10:48:57,098] {taskinstance.py:1035} INFO - Dependencies all met for <TaskInstance: covid_ingestion.process_BE manual__2021-11-15T10:48:54.158422+00:00 [queued]>
[2021-11-15 10:48:57,098] {taskinstance.py:1241} INFO - 
--------------------------------------------------------------------------------
[2021-11-15 10:48:57,098] {taskinstance.py:1242} INFO - Starting attempt 1 of 1
[2021-11-15 10:48:57,099] {taskinstance.py:1243} INFO - 
--------------------------------------------------------------------------------
[2021-11-15 10:48:57,116] {taskinstance.py:1262} INFO - Executing <Task(PythonOperator): process_BE> on 2021-11-15 10:48:54.158422+00:00
[2021-11-15 10:48:57,120] {standard_task_runner.py:52} INFO - Started process 4974 to run task
[2021-11-15 10:48:57,123] {standard_task_runner.py:76} INFO - Running: ['***', 'tasks', 'run', 'covid_ingestion', 'process_BE', 'manual__2021-11-15T10:48:54.158422+00:00', '--job-id', '109', '--raw', '--subdir', 'DAGS_FOLDER/covid_ingestion.py', '--cfg-path', '/tmp/tmp_xxvmc1z', '--error-file', '/tmp/tmpc2y6lv_x']
[2021-11-15 10:48:57,124] {standard_task_runner.py:77} INFO - Job 109: Subtask process_BE
[2021-11-15 10:48:57,159] {logging_mixin.py:109} INFO - Running <TaskInstance: covid_ingestion.process_BE manual__2021-11-15T10:48:54.158422+00:00 [running]> on host 6f9154c92b39
[2021-11-15 10:48:57,211] {taskinstance.py:1429} INFO - Exporting the following env vars:
AIRFLOW_CTX_DAG_OWNER=***
AIRFLOW_CTX_DAG_ID=covid_ingestion
AIRFLOW_CTX_TASK_ID=process_BE
AIRFLOW_CTX_EXECUTION_DATE=2021-11-15T10:48:54.158422+00:00
AIRFLOW_CTX_DAG_RUN_ID=manual__2021-11-15T10:48:54.158422+00:00
[2021-11-15 10:48:57,238] {warnings.py:110} WARNING - /home/***/.local/lib/python3.7/site-packages/pandas/core/series.py:1056: SettingWithCopyWarning: 
A value is trying to be set on a copy of a slice from a DataFrame

See the caveats in the documentation: https://pandas.pydata.org/pandas-docs/stable/user_guide/indexing.html#returning-a-view-versus-a-copy
  cacher_needs_updating = self._check_is_chained_assignment_possible()

[2021-11-15 10:48:57,239] {warnings.py:110} WARNING - /home/***/.local/lib/python3.7/site-packages/pandas/core/indexing.py:1724: SettingWithCopyWarning: 
A value is trying to be set on a copy of a slice from a DataFrame

See the caveats in the documentation: https://pandas.pydata.org/pandas-docs/stable/user_guide/indexing.html#returning-a-view-versus-a-copy
  self._setitem_with_indexer_missing(indexer, value)

[2021-11-15 10:48:57,241] {logging_mixin.py:109} INFO - date                                                    2020-02-27
time                                                           NaN
abbreviation_canton_and_fl                                      BE
ncumul_tested                                                  NaN
ncumul_conf                                                    1.0
ncumul_hosp                                                    NaN
ncumul_ICU                                                     NaN
ncumul_vent                                                    NaN
ncumul_released                                                NaN
ncumul_deceased                                                0.0
source                        https://covid-kennzahlen.apps.be.ch/
infections                                                     0.0
deaths                                                         NaN
Name: 0, dtype: object
[2021-11-15 10:48:57,241] {python.py:152} INFO - Done. Returned value was: None
[2021-11-15 10:48:57,257] {taskinstance.py:1280} INFO - Marking task as SUCCESS. dag_id=covid_ingestion, task_id=process_BE, execution_date=20211115T104854, start_date=20211115T104857, end_date=20211115T104857
[2021-11-15 10:48:57,298] {local_task_job.py:154} INFO - Task exited with return code 0
[2021-11-15 10:48:57,335] {local_task_job.py:264} INFO - 0 downstream tasks scheduled from follow-on schedule check
