[2021-11-15 20:37:46,311] {taskinstance.py:1035} INFO - Dependencies all met for <TaskInstance: covid_ingestion.process_BE_cases manual__2021-11-15T20:37:43.693060+00:00 [queued]>
[2021-11-15 20:37:46,324] {taskinstance.py:1035} INFO - Dependencies all met for <TaskInstance: covid_ingestion.process_BE_cases manual__2021-11-15T20:37:43.693060+00:00 [queued]>
[2021-11-15 20:37:46,324] {taskinstance.py:1241} INFO - 
--------------------------------------------------------------------------------
[2021-11-15 20:37:46,324] {taskinstance.py:1242} INFO - Starting attempt 1 of 1
[2021-11-15 20:37:46,324] {taskinstance.py:1243} INFO - 
--------------------------------------------------------------------------------
[2021-11-15 20:37:46,341] {taskinstance.py:1262} INFO - Executing <Task(PythonOperator): process_BE_cases> on 2021-11-15 20:37:43.693060+00:00
[2021-11-15 20:37:46,346] {standard_task_runner.py:52} INFO - Started process 2248 to run task
[2021-11-15 20:37:46,349] {standard_task_runner.py:76} INFO - Running: ['***', 'tasks', 'run', 'covid_ingestion', 'process_BE_cases', 'manual__2021-11-15T20:37:43.693060+00:00', '--job-id', '94', '--raw', '--subdir', 'DAGS_FOLDER/covid_ingestion.py', '--cfg-path', '/tmp/tmp1omghb9l', '--error-file', '/tmp/tmp32g5rjjr']
[2021-11-15 20:37:46,350] {standard_task_runner.py:77} INFO - Job 94: Subtask process_BE_cases
[2021-11-15 20:37:46,400] {logging_mixin.py:109} INFO - Running <TaskInstance: covid_ingestion.process_BE_cases manual__2021-11-15T20:37:43.693060+00:00 [running]> on host e693d79b64a2
[2021-11-15 20:37:46,450] {taskinstance.py:1429} INFO - Exporting the following env vars:
AIRFLOW_CTX_DAG_OWNER=***
AIRFLOW_CTX_DAG_ID=covid_ingestion
AIRFLOW_CTX_TASK_ID=process_BE_cases
AIRFLOW_CTX_EXECUTION_DATE=2021-11-15T20:37:43.693060+00:00
AIRFLOW_CTX_DAG_RUN_ID=manual__2021-11-15T20:37:43.693060+00:00
[2021-11-15 20:37:46,472] {warnings.py:110} WARNING - /home/***/.local/lib/python3.7/site-packages/pandas/core/series.py:1056: SettingWithCopyWarning: 
A value is trying to be set on a copy of a slice from a DataFrame

See the caveats in the documentation: https://pandas.pydata.org/pandas-docs/stable/user_guide/indexing.html#returning-a-view-versus-a-copy
  cacher_needs_updating = self._check_is_chained_assignment_possible()

[2021-11-15 20:37:46,474] {warnings.py:110} WARNING - /home/***/.local/lib/python3.7/site-packages/pandas/core/indexing.py:1724: SettingWithCopyWarning: 
A value is trying to be set on a copy of a slice from a DataFrame

See the caveats in the documentation: https://pandas.pydata.org/pandas-docs/stable/user_guide/indexing.html#returning-a-view-versus-a-copy
  self._setitem_with_indexer_missing(indexer, value)

[2021-11-15 20:37:46,510] {python.py:152} INFO - Done. Returned value was: {'date': '2021-11-15', 'deaths': 0.0, 'infections': 1.0, 'canton': 'BE'}
[2021-11-15 20:37:46,532] {taskinstance.py:1280} INFO - Marking task as SUCCESS. dag_id=covid_ingestion, task_id=process_BE_cases, execution_date=20211115T203743, start_date=20211115T203746, end_date=20211115T203746
[2021-11-15 20:37:46,560] {local_task_job.py:154} INFO - Task exited with return code 0
[2021-11-15 20:37:46,595] {local_task_job.py:264} INFO - 1 downstream tasks scheduled from follow-on schedule check
