[2021-11-15 10:24:21,994] {taskinstance.py:1035} INFO - Dependencies all met for <TaskInstance: covid_ingestion.ingest_to_dwh manual__2021-11-15T10:24:20.885033+00:00 [queued]>
[2021-11-15 10:24:22,016] {taskinstance.py:1035} INFO - Dependencies all met for <TaskInstance: covid_ingestion.ingest_to_dwh manual__2021-11-15T10:24:20.885033+00:00 [queued]>
[2021-11-15 10:24:22,016] {taskinstance.py:1241} INFO - 
--------------------------------------------------------------------------------
[2021-11-15 10:24:22,016] {taskinstance.py:1242} INFO - Starting attempt 1 of 1
[2021-11-15 10:24:22,016] {taskinstance.py:1243} INFO - 
--------------------------------------------------------------------------------
[2021-11-15 10:24:22,033] {taskinstance.py:1262} INFO - Executing <Task(PostgresOperator): ingest_to_dwh> on 2021-11-15 10:24:20.885033+00:00
[2021-11-15 10:24:22,038] {standard_task_runner.py:52} INFO - Started process 3987 to run task
[2021-11-15 10:24:22,042] {standard_task_runner.py:76} INFO - Running: ['***', 'tasks', 'run', 'covid_ingestion', 'ingest_to_dwh', 'manual__2021-11-15T10:24:20.885033+00:00', '--job-id', '75', '--raw', '--subdir', 'DAGS_FOLDER/covid_ingestion.py', '--cfg-path', '/tmp/tmpve05fc1i', '--error-file', '/tmp/tmp1ixoic5q']
[2021-11-15 10:24:22,043] {standard_task_runner.py:77} INFO - Job 75: Subtask ingest_to_dwh
[2021-11-15 10:24:22,091] {logging_mixin.py:109} INFO - Running <TaskInstance: covid_ingestion.ingest_to_dwh manual__2021-11-15T10:24:20.885033+00:00 [running]> on host 6f9154c92b39
[2021-11-15 10:24:22,140] {taskinstance.py:1429} INFO - Exporting the following env vars:
AIRFLOW_CTX_DAG_OWNER=***
AIRFLOW_CTX_DAG_ID=covid_ingestion
AIRFLOW_CTX_TASK_ID=ingest_to_dwh
AIRFLOW_CTX_EXECUTION_DATE=2021-11-15T10:24:20.885033+00:00
AIRFLOW_CTX_DAG_RUN_ID=manual__2021-11-15T10:24:20.885033+00:00
[2021-11-15 10:24:22,148] {base.py:79} INFO - Using connection to: id: postgres_dwh. Host: postgres-dwh, Port: 5432, Schema: None, Login: ***, Password: ***, extra: {}
[2021-11-15 10:24:22,151] {dbapi.py:225} INFO - Running statement: 
            CREATE TABLE IF NOT EXISTS pet (
            pet_id SERIAL PRIMARY KEY,
            name VARCHAR NOT NULL,
            pet_type VARCHAR NOT NULL,
            birth_date DATE NOT NULL,
            OWNER VARCHAR NOT NULL);
          , parameters: None
[2021-11-15 10:24:22,152] {postgres.py:71} INFO - NOTICE:  relation "pet" already exists, skipping

[2021-11-15 10:24:22,162] {taskinstance.py:1280} INFO - Marking task as SUCCESS. dag_id=covid_ingestion, task_id=ingest_to_dwh, execution_date=20211115T102420, start_date=20211115T102421, end_date=20211115T102422
[2021-11-15 10:24:22,213] {local_task_job.py:154} INFO - Task exited with return code 0
[2021-11-15 10:24:22,239] {local_task_job.py:264} INFO - 0 downstream tasks scheduled from follow-on schedule check
