[2021-11-15 11:12:59,038] {taskinstance.py:1035} INFO - Dependencies all met for <TaskInstance: covid_ingestion.process_BE manual__2021-11-15T11:12:55.715364+00:00 [queued]>
[2021-11-15 11:12:59,049] {taskinstance.py:1035} INFO - Dependencies all met for <TaskInstance: covid_ingestion.process_BE manual__2021-11-15T11:12:55.715364+00:00 [queued]>
[2021-11-15 11:12:59,050] {taskinstance.py:1241} INFO - 
--------------------------------------------------------------------------------
[2021-11-15 11:12:59,050] {taskinstance.py:1242} INFO - Starting attempt 1 of 1
[2021-11-15 11:12:59,050] {taskinstance.py:1243} INFO - 
--------------------------------------------------------------------------------
[2021-11-15 11:12:59,065] {taskinstance.py:1262} INFO - Executing <Task(PythonOperator): process_BE> on 2021-11-15 11:12:55.715364+00:00
[2021-11-15 11:12:59,070] {standard_task_runner.py:52} INFO - Started process 5886 to run task
[2021-11-15 11:12:59,073] {standard_task_runner.py:76} INFO - Running: ['***', 'tasks', 'run', 'covid_ingestion', 'process_BE', 'manual__2021-11-15T11:12:55.715364+00:00', '--job-id', '124', '--raw', '--subdir', 'DAGS_FOLDER/covid_ingestion.py', '--cfg-path', '/tmp/tmpkk0esagl', '--error-file', '/tmp/tmp7u8cz51a']
[2021-11-15 11:12:59,074] {standard_task_runner.py:77} INFO - Job 124: Subtask process_BE
[2021-11-15 11:12:59,107] {logging_mixin.py:109} INFO - Running <TaskInstance: covid_ingestion.process_BE manual__2021-11-15T11:12:55.715364+00:00 [running]> on host 6f9154c92b39
[2021-11-15 11:12:59,151] {taskinstance.py:1429} INFO - Exporting the following env vars:
AIRFLOW_CTX_DAG_OWNER=***
AIRFLOW_CTX_DAG_ID=covid_ingestion
AIRFLOW_CTX_TASK_ID=process_BE
AIRFLOW_CTX_EXECUTION_DATE=2021-11-15T11:12:55.715364+00:00
AIRFLOW_CTX_DAG_RUN_ID=manual__2021-11-15T11:12:55.715364+00:00
[2021-11-15 11:12:59,204] {logging_mixin.py:109} INFO -            date time  ... ncumul_deceased                                source
624  2021-11-15  NaN  ...          1186.0  https://covid-kennzahlen.apps.be.ch/

[1 rows x 11 columns]
[2021-11-15 11:12:59,206] {warnings.py:110} WARNING - /opt/***/dags/covid_ingestion.py:89: SettingWithCopyWarning: 
A value is trying to be set on a copy of a slice from a DataFrame.
Try using .loc[row_indexer,col_indexer] = value instead

See the caveats in the documentation: https://pandas.pydata.org/pandas-docs/stable/user_guide/indexing.html#returning-a-view-versus-a-copy
  cases_today['infections'] = cases_today['ncumul_conf'] - cases_yesterday['ncumul_conf']

[2021-11-15 11:12:59,207] {warnings.py:110} WARNING - /opt/***/dags/covid_ingestion.py:90: SettingWithCopyWarning: 
A value is trying to be set on a copy of a slice from a DataFrame.
Try using .loc[row_indexer,col_indexer] = value instead

See the caveats in the documentation: https://pandas.pydata.org/pandas-docs/stable/user_guide/indexing.html#returning-a-view-versus-a-copy
  cases_today['deaths'] = cases_today['ncumul_deceased'] - cases_yesterday['ncumul_deceased']

[2021-11-15 11:12:59,209] {logging_mixin.py:109} INFO - {'deaths_amount': 624    0.0
Name: deaths, dtype: float64, 'municipality_postal_code': '', 'place': '', 'canton': 'BE', 'infections': 624    0.0
Name: infections, dtype: float64, 'test_positive': 591    485
Name: positive_tests, dtype: int64, 'test_negative': 591   NaN
Name: negative_tests, dtype: float64, 'positivity_rate': 591    8.76
Name: positivity_rate, dtype: float64}
[2021-11-15 11:12:59,210] {python.py:152} INFO - Done. Returned value was: None
[2021-11-15 11:12:59,227] {taskinstance.py:1280} INFO - Marking task as SUCCESS. dag_id=covid_ingestion, task_id=process_BE, execution_date=20211115T111255, start_date=20211115T111259, end_date=20211115T111259
[2021-11-15 11:12:59,285] {local_task_job.py:154} INFO - Task exited with return code 0
[2021-11-15 11:12:59,330] {local_task_job.py:264} INFO - 0 downstream tasks scheduled from follow-on schedule check
