[2021-11-15 07:56:33,565] {taskinstance.py:1035} INFO - Dependencies all met for <TaskInstance: init_dwh_conn.initialize_dwh_conn scheduled__2021-11-08T00:00:00+00:00 [queued]>
[2021-11-15 07:56:33,584] {taskinstance.py:1035} INFO - Dependencies all met for <TaskInstance: init_dwh_conn.initialize_dwh_conn scheduled__2021-11-08T00:00:00+00:00 [queued]>
[2021-11-15 07:56:33,584] {taskinstance.py:1241} INFO - 
--------------------------------------------------------------------------------
[2021-11-15 07:56:33,584] {taskinstance.py:1242} INFO - Starting attempt 1 of 1
[2021-11-15 07:56:33,585] {taskinstance.py:1243} INFO - 
--------------------------------------------------------------------------------
[2021-11-15 07:56:33,602] {taskinstance.py:1262} INFO - Executing <Task(PythonOperator): initialize_dwh_conn> on 2021-11-08 00:00:00+00:00
[2021-11-15 07:56:33,607] {standard_task_runner.py:52} INFO - Started process 613 to run task
[2021-11-15 07:56:33,610] {standard_task_runner.py:76} INFO - Running: ['***', 'tasks', 'run', 'init_dwh_conn', 'initialize_dwh_conn', 'scheduled__2021-11-08T00:00:00+00:00', '--job-id', '3', '--raw', '--subdir', 'DAGS_FOLDER/initialize_dwh.py', '--cfg-path', '/tmp/tmpdat92obj', '--error-file', '/tmp/tmpak1fjwuj']
[2021-11-15 07:56:33,611] {standard_task_runner.py:77} INFO - Job 3: Subtask initialize_dwh_conn
[2021-11-15 07:56:33,649] {logging_mixin.py:109} INFO - Running <TaskInstance: init_dwh_conn.initialize_dwh_conn scheduled__2021-11-08T00:00:00+00:00 [running]> on host c3121b78434a
[2021-11-15 07:56:33,740] {taskinstance.py:1429} INFO - Exporting the following env vars:
AIRFLOW_CTX_DAG_OWNER=***
AIRFLOW_CTX_DAG_ID=init_dwh_conn
AIRFLOW_CTX_TASK_ID=initialize_dwh_conn
AIRFLOW_CTX_EXECUTION_DATE=2021-11-08T00:00:00+00:00
AIRFLOW_CTX_DAG_RUN_ID=scheduled__2021-11-08T00:00:00+00:00
[2021-11-15 07:56:33,741] {initialize_dwh.py:32} INFO - Creating connections and definining sql path
[2021-11-15 07:56:33,741] {crypto.py:82} WARNING - empty cryptography key - values will not be stored encrypted.
[2021-11-15 07:56:33,760] {python.py:152} INFO - Done. Returned value was: None
[2021-11-15 07:56:33,774] {taskinstance.py:1280} INFO - Marking task as SUCCESS. dag_id=init_dwh_conn, task_id=initialize_dwh_conn, execution_date=20211108T000000, start_date=20211115T075633, end_date=20211115T075633
[2021-11-15 07:56:33,823] {local_task_job.py:154} INFO - Task exited with return code 0
[2021-11-15 07:56:33,854] {local_task_job.py:264} INFO - 0 downstream tasks scheduled from follow-on schedule check
[2021-11-15 08:14:55,659] {taskinstance.py:1035} INFO - Dependencies all met for <TaskInstance: init_dwh_conn.initialize_dwh_conn scheduled__2021-11-08T00:00:00+00:00 [queued]>
[2021-11-15 08:14:55,673] {taskinstance.py:1035} INFO - Dependencies all met for <TaskInstance: init_dwh_conn.initialize_dwh_conn scheduled__2021-11-08T00:00:00+00:00 [queued]>
[2021-11-15 08:14:55,673] {taskinstance.py:1241} INFO - 
--------------------------------------------------------------------------------
[2021-11-15 08:14:55,673] {taskinstance.py:1242} INFO - Starting attempt 1 of 1
[2021-11-15 08:14:55,674] {taskinstance.py:1243} INFO - 
--------------------------------------------------------------------------------
[2021-11-15 08:14:55,692] {taskinstance.py:1262} INFO - Executing <Task(PythonOperator): initialize_dwh_conn> on 2021-11-08 00:00:00+00:00
[2021-11-15 08:14:55,696] {standard_task_runner.py:52} INFO - Started process 90 to run task
[2021-11-15 08:14:55,699] {standard_task_runner.py:76} INFO - Running: ['***', 'tasks', 'run', 'init_dwh_conn', 'initialize_dwh_conn', 'scheduled__2021-11-08T00:00:00+00:00', '--job-id', '3', '--raw', '--subdir', 'DAGS_FOLDER/initialize_dwh.py', '--cfg-path', '/tmp/tmp56kr0_we', '--error-file', '/tmp/tmp_exm08of']
[2021-11-15 08:14:55,700] {standard_task_runner.py:77} INFO - Job 3: Subtask initialize_dwh_conn
[2021-11-15 08:14:55,748] {logging_mixin.py:109} INFO - Running <TaskInstance: init_dwh_conn.initialize_dwh_conn scheduled__2021-11-08T00:00:00+00:00 [running]> on host 887b886e8ba1
[2021-11-15 08:14:55,813] {taskinstance.py:1429} INFO - Exporting the following env vars:
AIRFLOW_CTX_DAG_OWNER=***
AIRFLOW_CTX_DAG_ID=init_dwh_conn
AIRFLOW_CTX_TASK_ID=initialize_dwh_conn
AIRFLOW_CTX_EXECUTION_DATE=2021-11-08T00:00:00+00:00
AIRFLOW_CTX_DAG_RUN_ID=scheduled__2021-11-08T00:00:00+00:00
[2021-11-15 08:14:55,813] {initialize_dwh.py:33} INFO - Creating connections and definining sql path
[2021-11-15 08:14:55,814] {crypto.py:82} WARNING - empty cryptography key - values will not be stored encrypted.
[2021-11-15 08:14:55,829] {python.py:152} INFO - Done. Returned value was: None
[2021-11-15 08:14:55,842] {taskinstance.py:1280} INFO - Marking task as SUCCESS. dag_id=init_dwh_conn, task_id=initialize_dwh_conn, execution_date=20211108T000000, start_date=20211115T081455, end_date=20211115T081455
[2021-11-15 08:14:55,871] {local_task_job.py:154} INFO - Task exited with return code 0
[2021-11-15 08:14:55,900] {local_task_job.py:264} INFO - 1 downstream tasks scheduled from follow-on schedule check
[2021-11-15 08:21:00,484] {taskinstance.py:1035} INFO - Dependencies all met for <TaskInstance: init_dwh_conn.initialize_dwh_conn scheduled__2021-11-08T00:00:00+00:00 [queued]>
[2021-11-15 08:21:00,507] {taskinstance.py:1035} INFO - Dependencies all met for <TaskInstance: init_dwh_conn.initialize_dwh_conn scheduled__2021-11-08T00:00:00+00:00 [queued]>
[2021-11-15 08:21:00,507] {taskinstance.py:1241} INFO - 
--------------------------------------------------------------------------------
[2021-11-15 08:21:00,507] {taskinstance.py:1242} INFO - Starting attempt 1 of 1
[2021-11-15 08:21:00,507] {taskinstance.py:1243} INFO - 
--------------------------------------------------------------------------------
[2021-11-15 08:21:00,531] {taskinstance.py:1262} INFO - Executing <Task(PythonOperator): initialize_dwh_conn> on 2021-11-08 00:00:00+00:00
[2021-11-15 08:21:00,536] {standard_task_runner.py:52} INFO - Started process 88 to run task
[2021-11-15 08:21:00,539] {standard_task_runner.py:76} INFO - Running: ['***', 'tasks', 'run', 'init_dwh_conn', 'initialize_dwh_conn', 'scheduled__2021-11-08T00:00:00+00:00', '--job-id', '3', '--raw', '--subdir', 'DAGS_FOLDER/initialize_dwh.py', '--cfg-path', '/tmp/tmp49s8dgbk', '--error-file', '/tmp/tmpvqak294j']
[2021-11-15 08:21:00,539] {standard_task_runner.py:77} INFO - Job 3: Subtask initialize_dwh_conn
[2021-11-15 08:21:00,582] {logging_mixin.py:109} INFO - Running <TaskInstance: init_dwh_conn.initialize_dwh_conn scheduled__2021-11-08T00:00:00+00:00 [running]> on host 8b2742eb2ad3
[2021-11-15 08:21:00,646] {taskinstance.py:1429} INFO - Exporting the following env vars:
AIRFLOW_CTX_DAG_OWNER=***
AIRFLOW_CTX_DAG_ID=init_dwh_conn
AIRFLOW_CTX_TASK_ID=initialize_dwh_conn
AIRFLOW_CTX_EXECUTION_DATE=2021-11-08T00:00:00+00:00
AIRFLOW_CTX_DAG_RUN_ID=scheduled__2021-11-08T00:00:00+00:00
[2021-11-15 08:21:00,647] {initialize_dwh.py:33} INFO - Creating connections and definining sql path
[2021-11-15 08:21:00,647] {crypto.py:82} WARNING - empty cryptography key - values will not be stored encrypted.
[2021-11-15 08:21:00,685] {python.py:152} INFO - Done. Returned value was: None
[2021-11-15 08:21:00,718] {taskinstance.py:1280} INFO - Marking task as SUCCESS. dag_id=init_dwh_conn, task_id=initialize_dwh_conn, execution_date=20211108T000000, start_date=20211115T082100, end_date=20211115T082100
[2021-11-15 08:21:00,798] {local_task_job.py:154} INFO - Task exited with return code 0
[2021-11-15 08:21:00,856] {local_task_job.py:264} INFO - 1 downstream tasks scheduled from follow-on schedule check
[2021-11-15 08:26:05,395] {taskinstance.py:1035} INFO - Dependencies all met for <TaskInstance: init_dwh_conn.initialize_dwh_conn scheduled__2021-11-08T00:00:00+00:00 [queued]>
[2021-11-15 08:26:05,413] {taskinstance.py:1035} INFO - Dependencies all met for <TaskInstance: init_dwh_conn.initialize_dwh_conn scheduled__2021-11-08T00:00:00+00:00 [queued]>
[2021-11-15 08:26:05,413] {taskinstance.py:1241} INFO - 
--------------------------------------------------------------------------------
[2021-11-15 08:26:05,413] {taskinstance.py:1242} INFO - Starting attempt 1 of 1
[2021-11-15 08:26:05,413] {taskinstance.py:1243} INFO - 
--------------------------------------------------------------------------------
[2021-11-15 08:26:05,425] {taskinstance.py:1262} INFO - Executing <Task(PythonOperator): initialize_dwh_conn> on 2021-11-08 00:00:00+00:00
[2021-11-15 08:26:05,429] {standard_task_runner.py:52} INFO - Started process 81 to run task
[2021-11-15 08:26:05,432] {standard_task_runner.py:76} INFO - Running: ['***', 'tasks', 'run', 'init_dwh_conn', 'initialize_dwh_conn', 'scheduled__2021-11-08T00:00:00+00:00', '--job-id', '3', '--raw', '--subdir', 'DAGS_FOLDER/initialize_dwh.py', '--cfg-path', '/tmp/tmp78uythd0', '--error-file', '/tmp/tmpqmb_vg_6']
[2021-11-15 08:26:05,433] {standard_task_runner.py:77} INFO - Job 3: Subtask initialize_dwh_conn
[2021-11-15 08:26:05,468] {logging_mixin.py:109} INFO - Running <TaskInstance: init_dwh_conn.initialize_dwh_conn scheduled__2021-11-08T00:00:00+00:00 [running]> on host 74a5c3d08dc7
[2021-11-15 08:26:05,513] {taskinstance.py:1429} INFO - Exporting the following env vars:
AIRFLOW_CTX_DAG_OWNER=***
AIRFLOW_CTX_DAG_ID=init_dwh_conn
AIRFLOW_CTX_TASK_ID=initialize_dwh_conn
AIRFLOW_CTX_EXECUTION_DATE=2021-11-08T00:00:00+00:00
AIRFLOW_CTX_DAG_RUN_ID=scheduled__2021-11-08T00:00:00+00:00
[2021-11-15 08:26:05,514] {initialize_dwh.py:33} INFO - Creating connections and definining sql path
[2021-11-15 08:26:05,514] {crypto.py:82} WARNING - empty cryptography key - values will not be stored encrypted.
[2021-11-15 08:26:05,528] {python.py:152} INFO - Done. Returned value was: None
[2021-11-15 08:26:05,539] {taskinstance.py:1280} INFO - Marking task as SUCCESS. dag_id=init_dwh_conn, task_id=initialize_dwh_conn, execution_date=20211108T000000, start_date=20211115T082605, end_date=20211115T082605
[2021-11-15 08:26:05,564] {local_task_job.py:154} INFO - Task exited with return code 0
[2021-11-15 08:26:05,652] {local_task_job.py:264} INFO - 1 downstream tasks scheduled from follow-on schedule check
[2021-11-15 08:41:55,121] {taskinstance.py:1035} INFO - Dependencies all met for <TaskInstance: init_dwh_conn.initialize_dwh_conn scheduled__2021-11-08T00:00:00+00:00 [queued]>
[2021-11-15 08:41:55,140] {taskinstance.py:1035} INFO - Dependencies all met for <TaskInstance: init_dwh_conn.initialize_dwh_conn scheduled__2021-11-08T00:00:00+00:00 [queued]>
[2021-11-15 08:41:55,140] {taskinstance.py:1241} INFO - 
--------------------------------------------------------------------------------
[2021-11-15 08:41:55,140] {taskinstance.py:1242} INFO - Starting attempt 1 of 1
[2021-11-15 08:41:55,140] {taskinstance.py:1243} INFO - 
--------------------------------------------------------------------------------
[2021-11-15 08:41:55,151] {taskinstance.py:1262} INFO - Executing <Task(PythonOperator): initialize_dwh_conn> on 2021-11-08 00:00:00+00:00
[2021-11-15 08:41:55,156] {standard_task_runner.py:52} INFO - Started process 71 to run task
[2021-11-15 08:41:55,158] {standard_task_runner.py:76} INFO - Running: ['***', 'tasks', 'run', 'init_dwh_conn', 'initialize_dwh_conn', 'scheduled__2021-11-08T00:00:00+00:00', '--job-id', '3', '--raw', '--subdir', 'DAGS_FOLDER/initialize_dwh.py', '--cfg-path', '/tmp/tmpt0xlwfc4', '--error-file', '/tmp/tmpf9rb4fhn']
[2021-11-15 08:41:55,159] {standard_task_runner.py:77} INFO - Job 3: Subtask initialize_dwh_conn
[2021-11-15 08:41:55,195] {logging_mixin.py:109} INFO - Running <TaskInstance: init_dwh_conn.initialize_dwh_conn scheduled__2021-11-08T00:00:00+00:00 [running]> on host 6f9154c92b39
[2021-11-15 08:41:55,246] {taskinstance.py:1429} INFO - Exporting the following env vars:
AIRFLOW_CTX_DAG_OWNER=***
AIRFLOW_CTX_DAG_ID=init_dwh_conn
AIRFLOW_CTX_TASK_ID=initialize_dwh_conn
AIRFLOW_CTX_EXECUTION_DATE=2021-11-08T00:00:00+00:00
AIRFLOW_CTX_DAG_RUN_ID=scheduled__2021-11-08T00:00:00+00:00
[2021-11-15 08:41:55,246] {initialize_dwh.py:33} INFO - Creating connections and definining sql path
[2021-11-15 08:41:55,247] {crypto.py:82} WARNING - empty cryptography key - values will not be stored encrypted.
[2021-11-15 08:41:55,264] {python.py:152} INFO - Done. Returned value was: None
[2021-11-15 08:41:55,277] {taskinstance.py:1280} INFO - Marking task as SUCCESS. dag_id=init_dwh_conn, task_id=initialize_dwh_conn, execution_date=20211108T000000, start_date=20211115T084155, end_date=20211115T084155
[2021-11-15 08:41:55,331] {local_task_job.py:154} INFO - Task exited with return code 0
[2021-11-15 08:41:55,395] {local_task_job.py:264} INFO - 1 downstream tasks scheduled from follow-on schedule check
