[2021-11-15 10:46:52,958] {taskinstance.py:1035} INFO - Dependencies all met for <TaskInstance: covid_ingestion.process_BE manual__2021-11-15T10:46:49.389844+00:00 [queued]>
[2021-11-15 10:46:52,971] {taskinstance.py:1035} INFO - Dependencies all met for <TaskInstance: covid_ingestion.process_BE manual__2021-11-15T10:46:49.389844+00:00 [queued]>
[2021-11-15 10:46:52,971] {taskinstance.py:1241} INFO - 
--------------------------------------------------------------------------------
[2021-11-15 10:46:52,971] {taskinstance.py:1242} INFO - Starting attempt 1 of 1
[2021-11-15 10:46:52,971] {taskinstance.py:1243} INFO - 
--------------------------------------------------------------------------------
[2021-11-15 10:46:52,989] {taskinstance.py:1262} INFO - Executing <Task(PythonOperator): process_BE> on 2021-11-15 10:46:49.389844+00:00
[2021-11-15 10:46:52,994] {standard_task_runner.py:52} INFO - Started process 4893 to run task
[2021-11-15 10:46:52,997] {standard_task_runner.py:76} INFO - Running: ['***', 'tasks', 'run', 'covid_ingestion', 'process_BE', 'manual__2021-11-15T10:46:49.389844+00:00', '--job-id', '106', '--raw', '--subdir', 'DAGS_FOLDER/covid_ingestion.py', '--cfg-path', '/tmp/tmp639zfi_v', '--error-file', '/tmp/tmpwr7ov7pv']
[2021-11-15 10:46:52,997] {standard_task_runner.py:77} INFO - Job 106: Subtask process_BE
[2021-11-15 10:46:53,037] {logging_mixin.py:109} INFO - Running <TaskInstance: covid_ingestion.process_BE manual__2021-11-15T10:46:49.389844+00:00 [running]> on host 6f9154c92b39
[2021-11-15 10:46:53,083] {taskinstance.py:1429} INFO - Exporting the following env vars:
AIRFLOW_CTX_DAG_OWNER=***
AIRFLOW_CTX_DAG_ID=covid_ingestion
AIRFLOW_CTX_TASK_ID=process_BE
AIRFLOW_CTX_EXECUTION_DATE=2021-11-15T10:46:49.389844+00:00
AIRFLOW_CTX_DAG_RUN_ID=manual__2021-11-15T10:46:49.389844+00:00
[2021-11-15 10:46:53,105] {warnings.py:110} WARNING - /home/***/.local/lib/python3.7/site-packages/pandas/core/series.py:1056: SettingWithCopyWarning: 
A value is trying to be set on a copy of a slice from a DataFrame

See the caveats in the documentation: https://pandas.pydata.org/pandas-docs/stable/user_guide/indexing.html#returning-a-view-versus-a-copy
  cacher_needs_updating = self._check_is_chained_assignment_possible()

[2021-11-15 10:46:53,106] {warnings.py:110} WARNING - /home/***/.local/lib/python3.7/site-packages/pandas/core/indexing.py:1724: SettingWithCopyWarning: 
A value is trying to be set on a copy of a slice from a DataFrame

See the caveats in the documentation: https://pandas.pydata.org/pandas-docs/stable/user_guide/indexing.html#returning-a-view-versus-a-copy
  self._setitem_with_indexer_missing(indexer, value)

[2021-11-15 10:46:53,108] {logging_mixin.py:109} INFO - date                                                    2021-11-13
time                                                           NaN
abbreviation_canton_and_fl                                      BE
ncumul_tested                                                  NaN
ncumul_conf                                                    NaN
ncumul_hosp                                                    NaN
ncumul_ICU                                                     NaN
ncumul_vent                                                    NaN
ncumul_released                                                NaN
ncumul_deceased                                                NaN
source                        https://covid-kennzahlen.apps.be.ch/
infections                                                     NaN
deaths                                                         NaN
Name: 622, dtype: object
[2021-11-15 10:46:53,108] {python.py:152} INFO - Done. Returned value was: None
[2021-11-15 10:46:53,119] {taskinstance.py:1280} INFO - Marking task as SUCCESS. dag_id=covid_ingestion, task_id=process_BE, execution_date=20211115T104649, start_date=20211115T104652, end_date=20211115T104653
[2021-11-15 10:46:53,168] {local_task_job.py:154} INFO - Task exited with return code 0
[2021-11-15 10:46:53,200] {local_task_job.py:264} INFO - 0 downstream tasks scheduled from follow-on schedule check
