[2021-11-15 20:32:57,483] {taskinstance.py:1035} INFO - Dependencies all met for <TaskInstance: init_dwh_conn.initialize_dwh_conn manual__2021-11-15T20:32:56.233386+00:00 [queued]>
[2021-11-15 20:32:57,498] {taskinstance.py:1035} INFO - Dependencies all met for <TaskInstance: init_dwh_conn.initialize_dwh_conn manual__2021-11-15T20:32:56.233386+00:00 [queued]>
[2021-11-15 20:32:57,499] {taskinstance.py:1241} INFO - 
--------------------------------------------------------------------------------
[2021-11-15 20:32:57,499] {taskinstance.py:1242} INFO - Starting attempt 1 of 1
[2021-11-15 20:32:57,499] {taskinstance.py:1243} INFO - 
--------------------------------------------------------------------------------
[2021-11-15 20:32:57,520] {taskinstance.py:1262} INFO - Executing <Task(PythonOperator): initialize_dwh_conn> on 2021-11-15 20:32:56.233386+00:00
[2021-11-15 20:32:57,524] {standard_task_runner.py:52} INFO - Started process 2036 to run task
[2021-11-15 20:32:57,527] {standard_task_runner.py:76} INFO - Running: ['***', 'tasks', 'run', 'init_dwh_conn', 'initialize_dwh_conn', 'manual__2021-11-15T20:32:56.233386+00:00', '--job-id', '82', '--raw', '--subdir', 'DAGS_FOLDER/initialize_dwh.py', '--cfg-path', '/tmp/tmppkhx3pai', '--error-file', '/tmp/tmpro7mv3se']
[2021-11-15 20:32:57,528] {standard_task_runner.py:77} INFO - Job 82: Subtask initialize_dwh_conn
[2021-11-15 20:32:57,572] {logging_mixin.py:109} INFO - Running <TaskInstance: init_dwh_conn.initialize_dwh_conn manual__2021-11-15T20:32:56.233386+00:00 [running]> on host e693d79b64a2
[2021-11-15 20:32:57,624] {taskinstance.py:1429} INFO - Exporting the following env vars:
AIRFLOW_CTX_DAG_OWNER=***
AIRFLOW_CTX_DAG_ID=init_dwh_conn
AIRFLOW_CTX_TASK_ID=initialize_dwh_conn
AIRFLOW_CTX_EXECUTION_DATE=2021-11-15T20:32:56.233386+00:00
AIRFLOW_CTX_DAG_RUN_ID=manual__2021-11-15T20:32:56.233386+00:00
[2021-11-15 20:32:57,624] {initialize_dwh.py:33} INFO - Creating connections and definining sql path
[2021-11-15 20:32:57,625] {crypto.py:82} WARNING - empty cryptography key - values will not be stored encrypted.
[2021-11-15 20:32:57,633] {python.py:152} INFO - Done. Returned value was: None
[2021-11-15 20:32:57,647] {taskinstance.py:1280} INFO - Marking task as SUCCESS. dag_id=init_dwh_conn, task_id=initialize_dwh_conn, execution_date=20211115T203256, start_date=20211115T203257, end_date=20211115T203257
[2021-11-15 20:32:57,699] {local_task_job.py:154} INFO - Task exited with return code 0
[2021-11-15 20:32:57,748] {local_task_job.py:264} INFO - 1 downstream tasks scheduled from follow-on schedule check
