[2021-11-15 20:07:20,885] {taskinstance.py:1035} INFO - Dependencies all met for <TaskInstance: covid_ingestion.process_BE_cases manual__2021-11-15T20:07:17.910080+00:00 [queued]>
[2021-11-15 20:07:20,903] {taskinstance.py:1035} INFO - Dependencies all met for <TaskInstance: covid_ingestion.process_BE_cases manual__2021-11-15T20:07:17.910080+00:00 [queued]>
[2021-11-15 20:07:20,903] {taskinstance.py:1241} INFO - 
--------------------------------------------------------------------------------
[2021-11-15 20:07:20,903] {taskinstance.py:1242} INFO - Starting attempt 1 of 1
[2021-11-15 20:07:20,904] {taskinstance.py:1243} INFO - 
--------------------------------------------------------------------------------
[2021-11-15 20:07:20,923] {taskinstance.py:1262} INFO - Executing <Task(PythonOperator): process_BE_cases> on 2021-11-15 20:07:17.910080+00:00
[2021-11-15 20:07:20,928] {standard_task_runner.py:52} INFO - Started process 1046 to run task
[2021-11-15 20:07:20,932] {standard_task_runner.py:76} INFO - Running: ['***', 'tasks', 'run', 'covid_ingestion', 'process_BE_cases', 'manual__2021-11-15T20:07:17.910080+00:00', '--job-id', '58', '--raw', '--subdir', 'DAGS_FOLDER/covid_ingestion.py', '--cfg-path', '/tmp/tmpdf4qfnh0', '--error-file', '/tmp/tmp77784hgn']
[2021-11-15 20:07:20,933] {standard_task_runner.py:77} INFO - Job 58: Subtask process_BE_cases
[2021-11-15 20:07:20,974] {logging_mixin.py:109} INFO - Running <TaskInstance: covid_ingestion.process_BE_cases manual__2021-11-15T20:07:17.910080+00:00 [running]> on host e693d79b64a2
[2021-11-15 20:07:21,022] {taskinstance.py:1429} INFO - Exporting the following env vars:
AIRFLOW_CTX_DAG_OWNER=***
AIRFLOW_CTX_DAG_ID=covid_ingestion
AIRFLOW_CTX_TASK_ID=process_BE_cases
AIRFLOW_CTX_EXECUTION_DATE=2021-11-15T20:07:17.910080+00:00
AIRFLOW_CTX_DAG_RUN_ID=manual__2021-11-15T20:07:17.910080+00:00
[2021-11-15 20:07:21,039] {warnings.py:110} WARNING - /home/***/.local/lib/python3.7/site-packages/pandas/core/series.py:1056: SettingWithCopyWarning: 
A value is trying to be set on a copy of a slice from a DataFrame

See the caveats in the documentation: https://pandas.pydata.org/pandas-docs/stable/user_guide/indexing.html#returning-a-view-versus-a-copy
  cacher_needs_updating = self._check_is_chained_assignment_possible()

[2021-11-15 20:07:21,040] {warnings.py:110} WARNING - /home/***/.local/lib/python3.7/site-packages/pandas/core/indexing.py:1724: SettingWithCopyWarning: 
A value is trying to be set on a copy of a slice from a DataFrame

See the caveats in the documentation: https://pandas.pydata.org/pandas-docs/stable/user_guide/indexing.html#returning-a-view-versus-a-copy
  self._setitem_with_indexer_missing(indexer, value)

[2021-11-15 20:07:21,071] {python.py:152} INFO - Done. Returned value was: {'date': '2021-11-15', 'deaths': 0.0, 'infections': 1.0, 'canton': 'BE'}
[2021-11-15 20:07:21,092] {taskinstance.py:1280} INFO - Marking task as SUCCESS. dag_id=covid_ingestion, task_id=process_BE_cases, execution_date=20211115T200717, start_date=20211115T200720, end_date=20211115T200721
[2021-11-15 20:07:21,143] {local_task_job.py:154} INFO - Task exited with return code 0
[2021-11-15 20:07:21,173] {local_task_job.py:264} INFO - 1 downstream tasks scheduled from follow-on schedule check
