[2021-11-15 20:04:57,725] {taskinstance.py:1035} INFO - Dependencies all met for <TaskInstance: covid_ingestion.ingest_to_dwh manual__2021-11-15T20:04:53.662378+00:00 [queued]>
[2021-11-15 20:04:57,737] {taskinstance.py:1035} INFO - Dependencies all met for <TaskInstance: covid_ingestion.ingest_to_dwh manual__2021-11-15T20:04:53.662378+00:00 [queued]>
[2021-11-15 20:04:57,737] {taskinstance.py:1241} INFO - 
--------------------------------------------------------------------------------
[2021-11-15 20:04:57,737] {taskinstance.py:1242} INFO - Starting attempt 1 of 1
[2021-11-15 20:04:57,737] {taskinstance.py:1243} INFO - 
--------------------------------------------------------------------------------
[2021-11-15 20:04:57,754] {taskinstance.py:1262} INFO - Executing <Task(PostgresOperator): ingest_to_dwh> on 2021-11-15 20:04:53.662378+00:00
[2021-11-15 20:04:57,759] {standard_task_runner.py:52} INFO - Started process 946 to run task
[2021-11-15 20:04:57,762] {standard_task_runner.py:76} INFO - Running: ['***', 'tasks', 'run', 'covid_ingestion', 'ingest_to_dwh', 'manual__2021-11-15T20:04:53.662378+00:00', '--job-id', '53', '--raw', '--subdir', 'DAGS_FOLDER/covid_ingestion.py', '--cfg-path', '/tmp/tmpfxj9lrj7', '--error-file', '/tmp/tmpm2lhbmh4']
[2021-11-15 20:04:57,763] {standard_task_runner.py:77} INFO - Job 53: Subtask ingest_to_dwh
[2021-11-15 20:04:57,802] {logging_mixin.py:109} INFO - Running <TaskInstance: covid_ingestion.ingest_to_dwh manual__2021-11-15T20:04:53.662378+00:00 [running]> on host e693d79b64a2
[2021-11-15 20:04:57,861] {taskinstance.py:1429} INFO - Exporting the following env vars:
AIRFLOW_CTX_DAG_OWNER=***
AIRFLOW_CTX_DAG_ID=covid_ingestion
AIRFLOW_CTX_TASK_ID=ingest_to_dwh
AIRFLOW_CTX_EXECUTION_DATE=2021-11-15T20:04:53.662378+00:00
AIRFLOW_CTX_DAG_RUN_ID=manual__2021-11-15T20:04:53.662378+00:00
[2021-11-15 20:04:57,871] {base.py:79} INFO - Using connection to: id: postgres_dwh. Host: postgres-dwh, Port: 5432, Schema: None, Login: ***, Password: ***, extra: {}
[2021-11-15 20:04:57,876] {dbapi.py:225} INFO - Running statement: INSERT INTO dim_canton VALUES (DEFAULT, 'BE');, parameters: None
[2021-11-15 20:04:57,877] {dbapi.py:233} INFO - Rows affected: 1
[2021-11-15 20:04:57,892] {taskinstance.py:1280} INFO - Marking task as SUCCESS. dag_id=covid_ingestion, task_id=ingest_to_dwh, execution_date=20211115T200453, start_date=20211115T200457, end_date=20211115T200457
[2021-11-15 20:04:57,934] {local_task_job.py:154} INFO - Task exited with return code 0
[2021-11-15 20:04:58,011] {local_task_job.py:264} INFO - 0 downstream tasks scheduled from follow-on schedule check
