[2021-11-13 13:18:34,158] {processor.py:163} INFO - Started process (PID=57) to work on /home/airflow/.local/lib/python3.7/site-packages/airflow/example_dags/example_task_group_decorator.py
[2021-11-13 13:18:34,159] {processor.py:620} INFO - Processing file /home/airflow/.local/lib/python3.7/site-packages/airflow/example_dags/example_task_group_decorator.py for tasks to queue
[2021-11-13 13:18:34,160] {logging_mixin.py:109} INFO - [2021-11-13 13:18:34,160] {dagbag.py:500} INFO - Filling up the DagBag from /home/airflow/.local/lib/python3.7/site-packages/airflow/example_dags/example_task_group_decorator.py
[2021-11-13 13:18:34,215] {processor.py:632} INFO - DAG(s) dict_keys(['example_task_group_decorator']) retrieved from /home/airflow/.local/lib/python3.7/site-packages/airflow/example_dags/example_task_group_decorator.py
[2021-11-13 13:18:36,478] {logging_mixin.py:109} INFO - [2021-11-13 13:18:36,478] {providers_manager.py:156} WARNING - Exception when importing 'airflow.providers.google.leveldb.hooks.leveldb.LevelDBHook' from 'apache-airflow-providers-google' package: No module named 'plyvel'
[2021-11-13 13:18:37,348] {logging_mixin.py:109} INFO - [2021-11-13 13:18:37,348] {providers_manager.py:156} WARNING - Exception when importing 'airflow.providers.google.leveldb.hooks.leveldb.LevelDBHook' from 'apache-airflow-providers-google' package: No module named 'plyvel'
[2021-11-13 13:18:37,386] {logging_mixin.py:109} INFO - [2021-11-13 13:18:37,386] {manager.py:496} INFO - Created Permission View: can read on DAG:example_task_group_decorator
[2021-11-13 13:18:37,400] {logging_mixin.py:109} INFO - [2021-11-13 13:18:37,400] {manager.py:496} INFO - Created Permission View: can edit on DAG:example_task_group_decorator
[2021-11-13 13:18:37,401] {logging_mixin.py:109} INFO - [2021-11-13 13:18:37,400] {dag.py:2389} INFO - Sync 1 DAGs
[2021-11-13 13:18:37,413] {logging_mixin.py:109} INFO - [2021-11-13 13:18:37,413] {dag.py:2408} INFO - Creating ORM DAG for example_task_group_decorator
[2021-11-13 13:18:37,428] {logging_mixin.py:109} INFO - [2021-11-13 13:18:37,427] {dag.py:2921} INFO - Setting next_dagrun for example_task_group_decorator to 2021-11-12T13:18:37.427701+00:00
[2021-11-13 13:18:37,450] {processor.py:171} INFO - Processing /home/airflow/.local/lib/python3.7/site-packages/airflow/example_dags/example_task_group_decorator.py took 3.294 seconds
[2021-11-13 13:19:16,838] {processor.py:163} INFO - Started process (PID=339) to work on /home/airflow/.local/lib/python3.7/site-packages/airflow/example_dags/example_task_group_decorator.py
[2021-11-13 13:19:16,839] {processor.py:620} INFO - Processing file /home/airflow/.local/lib/python3.7/site-packages/airflow/example_dags/example_task_group_decorator.py for tasks to queue
[2021-11-13 13:19:16,840] {logging_mixin.py:109} INFO - [2021-11-13 13:19:16,840] {dagbag.py:500} INFO - Filling up the DagBag from /home/airflow/.local/lib/python3.7/site-packages/airflow/example_dags/example_task_group_decorator.py
[2021-11-13 13:19:16,885] {processor.py:632} INFO - DAG(s) dict_keys(['example_task_group_decorator']) retrieved from /home/airflow/.local/lib/python3.7/site-packages/airflow/example_dags/example_task_group_decorator.py
[2021-11-13 13:19:17,270] {logging_mixin.py:109} INFO - [2021-11-13 13:19:17,270] {dag.py:2389} INFO - Sync 1 DAGs
[2021-11-13 13:19:17,291] {logging_mixin.py:109} INFO - [2021-11-13 13:19:17,291] {dag.py:2921} INFO - Setting next_dagrun for example_task_group_decorator to 2021-11-12T13:19:17.290928+00:00
[2021-11-13 13:19:17,308] {processor.py:171} INFO - Processing /home/airflow/.local/lib/python3.7/site-packages/airflow/example_dags/example_task_group_decorator.py took 0.473 seconds
[2021-11-13 13:19:47,522] {processor.py:163} INFO - Started process (PID=403) to work on /home/airflow/.local/lib/python3.7/site-packages/airflow/example_dags/example_task_group_decorator.py
[2021-11-13 13:19:47,523] {processor.py:620} INFO - Processing file /home/airflow/.local/lib/python3.7/site-packages/airflow/example_dags/example_task_group_decorator.py for tasks to queue
[2021-11-13 13:19:47,524] {logging_mixin.py:109} INFO - [2021-11-13 13:19:47,524] {dagbag.py:500} INFO - Filling up the DagBag from /home/airflow/.local/lib/python3.7/site-packages/airflow/example_dags/example_task_group_decorator.py
[2021-11-13 13:19:47,576] {processor.py:632} INFO - DAG(s) dict_keys(['example_task_group_decorator']) retrieved from /home/airflow/.local/lib/python3.7/site-packages/airflow/example_dags/example_task_group_decorator.py
[2021-11-13 13:19:47,947] {logging_mixin.py:109} INFO - [2021-11-13 13:19:47,947] {dag.py:2389} INFO - Sync 1 DAGs
[2021-11-13 13:19:47,968] {logging_mixin.py:109} INFO - [2021-11-13 13:19:47,968] {dag.py:2921} INFO - Setting next_dagrun for example_task_group_decorator to 2021-11-12T13:19:47.968582+00:00
[2021-11-13 13:19:47,982] {processor.py:171} INFO - Processing /home/airflow/.local/lib/python3.7/site-packages/airflow/example_dags/example_task_group_decorator.py took 0.463 seconds
[2021-11-13 13:20:18,815] {processor.py:163} INFO - Started process (PID=452) to work on /home/airflow/.local/lib/python3.7/site-packages/airflow/example_dags/example_task_group_decorator.py
[2021-11-13 13:20:18,819] {processor.py:620} INFO - Processing file /home/airflow/.local/lib/python3.7/site-packages/airflow/example_dags/example_task_group_decorator.py for tasks to queue
[2021-11-13 13:20:18,820] {logging_mixin.py:109} INFO - [2021-11-13 13:20:18,820] {dagbag.py:500} INFO - Filling up the DagBag from /home/airflow/.local/lib/python3.7/site-packages/airflow/example_dags/example_task_group_decorator.py
[2021-11-13 13:20:18,874] {processor.py:632} INFO - DAG(s) dict_keys(['example_task_group_decorator']) retrieved from /home/airflow/.local/lib/python3.7/site-packages/airflow/example_dags/example_task_group_decorator.py
[2021-11-13 13:20:19,178] {logging_mixin.py:109} INFO - [2021-11-13 13:20:19,178] {dag.py:2389} INFO - Sync 1 DAGs
[2021-11-13 13:20:19,194] {logging_mixin.py:109} INFO - [2021-11-13 13:20:19,194] {dag.py:2921} INFO - Setting next_dagrun for example_task_group_decorator to 2021-11-12T13:20:19.193844+00:00
[2021-11-13 13:20:19,205] {processor.py:171} INFO - Processing /home/airflow/.local/lib/python3.7/site-packages/airflow/example_dags/example_task_group_decorator.py took 0.400 seconds
[2021-11-13 13:20:49,264] {processor.py:163} INFO - Started process (PID=515) to work on /home/airflow/.local/lib/python3.7/site-packages/airflow/example_dags/example_task_group_decorator.py
[2021-11-13 13:20:49,265] {processor.py:620} INFO - Processing file /home/airflow/.local/lib/python3.7/site-packages/airflow/example_dags/example_task_group_decorator.py for tasks to queue
[2021-11-13 13:20:49,265] {logging_mixin.py:109} INFO - [2021-11-13 13:20:49,265] {dagbag.py:500} INFO - Filling up the DagBag from /home/airflow/.local/lib/python3.7/site-packages/airflow/example_dags/example_task_group_decorator.py
[2021-11-13 13:20:49,308] {processor.py:632} INFO - DAG(s) dict_keys(['example_task_group_decorator']) retrieved from /home/airflow/.local/lib/python3.7/site-packages/airflow/example_dags/example_task_group_decorator.py
[2021-11-13 13:20:49,575] {logging_mixin.py:109} INFO - [2021-11-13 13:20:49,575] {dag.py:2389} INFO - Sync 1 DAGs
[2021-11-13 13:20:49,587] {logging_mixin.py:109} INFO - [2021-11-13 13:20:49,587] {dag.py:2921} INFO - Setting next_dagrun for example_task_group_decorator to 2021-11-12T13:20:49.587324+00:00
[2021-11-13 13:20:49,597] {processor.py:171} INFO - Processing /home/airflow/.local/lib/python3.7/site-packages/airflow/example_dags/example_task_group_decorator.py took 0.336 seconds
[2021-11-13 13:21:20,425] {processor.py:163} INFO - Started process (PID=564) to work on /home/airflow/.local/lib/python3.7/site-packages/airflow/example_dags/example_task_group_decorator.py
[2021-11-13 13:21:20,427] {processor.py:620} INFO - Processing file /home/airflow/.local/lib/python3.7/site-packages/airflow/example_dags/example_task_group_decorator.py for tasks to queue
[2021-11-13 13:21:20,427] {logging_mixin.py:109} INFO - [2021-11-13 13:21:20,427] {dagbag.py:500} INFO - Filling up the DagBag from /home/airflow/.local/lib/python3.7/site-packages/airflow/example_dags/example_task_group_decorator.py
[2021-11-13 13:21:20,465] {processor.py:632} INFO - DAG(s) dict_keys(['example_task_group_decorator']) retrieved from /home/airflow/.local/lib/python3.7/site-packages/airflow/example_dags/example_task_group_decorator.py
[2021-11-13 13:21:20,713] {logging_mixin.py:109} INFO - [2021-11-13 13:21:20,713] {dag.py:2389} INFO - Sync 1 DAGs
[2021-11-13 13:21:20,724] {logging_mixin.py:109} INFO - [2021-11-13 13:21:20,724] {dag.py:2921} INFO - Setting next_dagrun for example_task_group_decorator to 2021-11-12T13:21:20.724562+00:00
[2021-11-13 13:21:20,734] {processor.py:171} INFO - Processing /home/airflow/.local/lib/python3.7/site-packages/airflow/example_dags/example_task_group_decorator.py took 0.311 seconds
[2021-11-13 13:21:51,544] {processor.py:163} INFO - Started process (PID=622) to work on /home/airflow/.local/lib/python3.7/site-packages/airflow/example_dags/example_task_group_decorator.py
[2021-11-13 13:21:51,547] {processor.py:620} INFO - Processing file /home/airflow/.local/lib/python3.7/site-packages/airflow/example_dags/example_task_group_decorator.py for tasks to queue
[2021-11-13 13:21:51,549] {logging_mixin.py:109} INFO - [2021-11-13 13:21:51,549] {dagbag.py:500} INFO - Filling up the DagBag from /home/airflow/.local/lib/python3.7/site-packages/airflow/example_dags/example_task_group_decorator.py
[2021-11-13 13:21:51,601] {processor.py:632} INFO - DAG(s) dict_keys(['example_task_group_decorator']) retrieved from /home/airflow/.local/lib/python3.7/site-packages/airflow/example_dags/example_task_group_decorator.py
[2021-11-13 13:21:51,870] {logging_mixin.py:109} INFO - [2021-11-13 13:21:51,869] {dag.py:2389} INFO - Sync 1 DAGs
[2021-11-13 13:21:51,881] {logging_mixin.py:109} INFO - [2021-11-13 13:21:51,881] {dag.py:2921} INFO - Setting next_dagrun for example_task_group_decorator to 2021-11-12T13:21:51.881135+00:00
[2021-11-13 13:21:51,891] {processor.py:171} INFO - Processing /home/airflow/.local/lib/python3.7/site-packages/airflow/example_dags/example_task_group_decorator.py took 0.356 seconds
[2021-11-13 13:22:22,747] {processor.py:163} INFO - Started process (PID=672) to work on /home/airflow/.local/lib/python3.7/site-packages/airflow/example_dags/example_task_group_decorator.py
[2021-11-13 13:22:22,749] {processor.py:620} INFO - Processing file /home/airflow/.local/lib/python3.7/site-packages/airflow/example_dags/example_task_group_decorator.py for tasks to queue
[2021-11-13 13:22:22,750] {logging_mixin.py:109} INFO - [2021-11-13 13:22:22,750] {dagbag.py:500} INFO - Filling up the DagBag from /home/airflow/.local/lib/python3.7/site-packages/airflow/example_dags/example_task_group_decorator.py
[2021-11-13 13:22:22,810] {processor.py:632} INFO - DAG(s) dict_keys(['example_task_group_decorator']) retrieved from /home/airflow/.local/lib/python3.7/site-packages/airflow/example_dags/example_task_group_decorator.py
[2021-11-13 13:22:23,245] {logging_mixin.py:109} INFO - [2021-11-13 13:22:23,245] {dag.py:2389} INFO - Sync 1 DAGs
[2021-11-13 13:22:23,272] {logging_mixin.py:109} INFO - [2021-11-13 13:22:23,272] {dag.py:2921} INFO - Setting next_dagrun for example_task_group_decorator to 2021-11-12T13:22:23.272148+00:00
[2021-11-13 13:22:23,291] {processor.py:171} INFO - Processing /home/airflow/.local/lib/python3.7/site-packages/airflow/example_dags/example_task_group_decorator.py took 0.548 seconds
[2021-11-13 13:22:54,110] {processor.py:163} INFO - Started process (PID=731) to work on /home/airflow/.local/lib/python3.7/site-packages/airflow/example_dags/example_task_group_decorator.py
[2021-11-13 13:22:54,111] {processor.py:620} INFO - Processing file /home/airflow/.local/lib/python3.7/site-packages/airflow/example_dags/example_task_group_decorator.py for tasks to queue
[2021-11-13 13:22:54,112] {logging_mixin.py:109} INFO - [2021-11-13 13:22:54,112] {dagbag.py:500} INFO - Filling up the DagBag from /home/airflow/.local/lib/python3.7/site-packages/airflow/example_dags/example_task_group_decorator.py
[2021-11-13 13:22:54,156] {processor.py:632} INFO - DAG(s) dict_keys(['example_task_group_decorator']) retrieved from /home/airflow/.local/lib/python3.7/site-packages/airflow/example_dags/example_task_group_decorator.py
[2021-11-13 13:22:54,434] {logging_mixin.py:109} INFO - [2021-11-13 13:22:54,434] {dag.py:2389} INFO - Sync 1 DAGs
[2021-11-13 13:22:54,446] {logging_mixin.py:109} INFO - [2021-11-13 13:22:54,446] {dag.py:2921} INFO - Setting next_dagrun for example_task_group_decorator to 2021-11-12T13:22:54.446006+00:00
[2021-11-13 13:22:54,456] {processor.py:171} INFO - Processing /home/airflow/.local/lib/python3.7/site-packages/airflow/example_dags/example_task_group_decorator.py took 0.349 seconds
[2021-11-13 13:23:25,256] {processor.py:163} INFO - Started process (PID=780) to work on /home/airflow/.local/lib/python3.7/site-packages/airflow/example_dags/example_task_group_decorator.py
[2021-11-13 13:23:25,257] {processor.py:620} INFO - Processing file /home/airflow/.local/lib/python3.7/site-packages/airflow/example_dags/example_task_group_decorator.py for tasks to queue
[2021-11-13 13:23:25,258] {logging_mixin.py:109} INFO - [2021-11-13 13:23:25,258] {dagbag.py:500} INFO - Filling up the DagBag from /home/airflow/.local/lib/python3.7/site-packages/airflow/example_dags/example_task_group_decorator.py
[2021-11-13 13:23:25,303] {processor.py:632} INFO - DAG(s) dict_keys(['example_task_group_decorator']) retrieved from /home/airflow/.local/lib/python3.7/site-packages/airflow/example_dags/example_task_group_decorator.py
[2021-11-13 13:23:25,566] {logging_mixin.py:109} INFO - [2021-11-13 13:23:25,566] {dag.py:2389} INFO - Sync 1 DAGs
[2021-11-13 13:23:25,578] {logging_mixin.py:109} INFO - [2021-11-13 13:23:25,578] {dag.py:2921} INFO - Setting next_dagrun for example_task_group_decorator to 2021-11-12T13:23:25.578193+00:00
[2021-11-13 13:23:25,587] {processor.py:171} INFO - Processing /home/airflow/.local/lib/python3.7/site-packages/airflow/example_dags/example_task_group_decorator.py took 0.334 seconds
