[2021-11-13 13:19:05,829] {processor.py:163} INFO - Started process (PID=254) to work on /home/airflow/.local/lib/python3.7/site-packages/airflow/example_dags/example_trigger_target_dag.py
[2021-11-13 13:19:05,831] {processor.py:620} INFO - Processing file /home/airflow/.local/lib/python3.7/site-packages/airflow/example_dags/example_trigger_target_dag.py for tasks to queue
[2021-11-13 13:19:05,831] {logging_mixin.py:109} INFO - [2021-11-13 13:19:05,831] {dagbag.py:500} INFO - Filling up the DagBag from /home/airflow/.local/lib/python3.7/site-packages/airflow/example_dags/example_trigger_target_dag.py
[2021-11-13 13:19:05,872] {processor.py:632} INFO - DAG(s) dict_keys(['example_trigger_target_dag']) retrieved from /home/airflow/.local/lib/python3.7/site-packages/airflow/example_dags/example_trigger_target_dag.py
[2021-11-13 13:19:08,243] {logging_mixin.py:109} INFO - [2021-11-13 13:19:08,243] {providers_manager.py:156} WARNING - Exception when importing 'airflow.providers.google.leveldb.hooks.leveldb.LevelDBHook' from 'apache-airflow-providers-google' package: No module named 'plyvel'
[2021-11-13 13:19:08,767] {logging_mixin.py:109} INFO - [2021-11-13 13:19:08,767] {providers_manager.py:156} WARNING - Exception when importing 'airflow.providers.google.leveldb.hooks.leveldb.LevelDBHook' from 'apache-airflow-providers-google' package: No module named 'plyvel'
[2021-11-13 13:19:08,789] {logging_mixin.py:109} INFO - [2021-11-13 13:19:08,789] {manager.py:496} INFO - Created Permission View: can read on DAG:example_trigger_target_dag
[2021-11-13 13:19:08,797] {logging_mixin.py:109} INFO - [2021-11-13 13:19:08,797] {manager.py:496} INFO - Created Permission View: can edit on DAG:example_trigger_target_dag
[2021-11-13 13:19:08,798] {logging_mixin.py:109} INFO - [2021-11-13 13:19:08,798] {dag.py:2389} INFO - Sync 1 DAGs
[2021-11-13 13:19:08,805] {logging_mixin.py:109} INFO - [2021-11-13 13:19:08,805] {dag.py:2408} INFO - Creating ORM DAG for example_trigger_target_dag
[2021-11-13 13:19:08,814] {logging_mixin.py:109} INFO - [2021-11-13 13:19:08,814] {dag.py:2921} INFO - Setting next_dagrun for example_trigger_target_dag to None
[2021-11-13 13:19:08,826] {processor.py:171} INFO - Processing /home/airflow/.local/lib/python3.7/site-packages/airflow/example_dags/example_trigger_target_dag.py took 3.000 seconds
[2021-11-13 13:19:38,946] {processor.py:163} INFO - Started process (PID=383) to work on /home/airflow/.local/lib/python3.7/site-packages/airflow/example_dags/example_trigger_target_dag.py
[2021-11-13 13:19:38,949] {processor.py:620} INFO - Processing file /home/airflow/.local/lib/python3.7/site-packages/airflow/example_dags/example_trigger_target_dag.py for tasks to queue
[2021-11-13 13:19:38,950] {logging_mixin.py:109} INFO - [2021-11-13 13:19:38,950] {dagbag.py:500} INFO - Filling up the DagBag from /home/airflow/.local/lib/python3.7/site-packages/airflow/example_dags/example_trigger_target_dag.py
[2021-11-13 13:19:38,985] {processor.py:632} INFO - DAG(s) dict_keys(['example_trigger_target_dag']) retrieved from /home/airflow/.local/lib/python3.7/site-packages/airflow/example_dags/example_trigger_target_dag.py
[2021-11-13 13:19:38,994] {logging_mixin.py:109} INFO - [2021-11-13 13:19:38,994] {dag.py:2389} INFO - Sync 1 DAGs
[2021-11-13 13:19:39,009] {logging_mixin.py:109} INFO - [2021-11-13 13:19:39,009] {dag.py:2921} INFO - Setting next_dagrun for example_trigger_target_dag to None
[2021-11-13 13:19:39,019] {processor.py:171} INFO - Processing /home/airflow/.local/lib/python3.7/site-packages/airflow/example_dags/example_trigger_target_dag.py took 0.079 seconds
[2021-11-13 13:20:09,096] {processor.py:163} INFO - Started process (PID=432) to work on /home/airflow/.local/lib/python3.7/site-packages/airflow/example_dags/example_trigger_target_dag.py
[2021-11-13 13:20:09,097] {processor.py:620} INFO - Processing file /home/airflow/.local/lib/python3.7/site-packages/airflow/example_dags/example_trigger_target_dag.py for tasks to queue
[2021-11-13 13:20:09,097] {logging_mixin.py:109} INFO - [2021-11-13 13:20:09,097] {dagbag.py:500} INFO - Filling up the DagBag from /home/airflow/.local/lib/python3.7/site-packages/airflow/example_dags/example_trigger_target_dag.py
[2021-11-13 13:20:09,121] {processor.py:632} INFO - DAG(s) dict_keys(['example_trigger_target_dag']) retrieved from /home/airflow/.local/lib/python3.7/site-packages/airflow/example_dags/example_trigger_target_dag.py
[2021-11-13 13:20:09,132] {logging_mixin.py:109} INFO - [2021-11-13 13:20:09,132] {dag.py:2389} INFO - Sync 1 DAGs
[2021-11-13 13:20:09,151] {logging_mixin.py:109} INFO - [2021-11-13 13:20:09,150] {dag.py:2921} INFO - Setting next_dagrun for example_trigger_target_dag to None
[2021-11-13 13:20:09,159] {processor.py:171} INFO - Processing /home/airflow/.local/lib/python3.7/site-packages/airflow/example_dags/example_trigger_target_dag.py took 0.065 seconds
[2021-11-13 13:20:39,423] {processor.py:163} INFO - Started process (PID=491) to work on /home/airflow/.local/lib/python3.7/site-packages/airflow/example_dags/example_trigger_target_dag.py
[2021-11-13 13:20:39,425] {processor.py:620} INFO - Processing file /home/airflow/.local/lib/python3.7/site-packages/airflow/example_dags/example_trigger_target_dag.py for tasks to queue
[2021-11-13 13:20:39,425] {logging_mixin.py:109} INFO - [2021-11-13 13:20:39,425] {dagbag.py:500} INFO - Filling up the DagBag from /home/airflow/.local/lib/python3.7/site-packages/airflow/example_dags/example_trigger_target_dag.py
[2021-11-13 13:20:39,458] {processor.py:632} INFO - DAG(s) dict_keys(['example_trigger_target_dag']) retrieved from /home/airflow/.local/lib/python3.7/site-packages/airflow/example_dags/example_trigger_target_dag.py
[2021-11-13 13:20:39,470] {logging_mixin.py:109} INFO - [2021-11-13 13:20:39,470] {dag.py:2389} INFO - Sync 1 DAGs
[2021-11-13 13:20:39,491] {logging_mixin.py:109} INFO - [2021-11-13 13:20:39,491] {dag.py:2921} INFO - Setting next_dagrun for example_trigger_target_dag to None
[2021-11-13 13:20:39,501] {processor.py:171} INFO - Processing /home/airflow/.local/lib/python3.7/site-packages/airflow/example_dags/example_trigger_target_dag.py took 0.081 seconds
[2021-11-13 13:21:09,694] {processor.py:163} INFO - Started process (PID=540) to work on /home/airflow/.local/lib/python3.7/site-packages/airflow/example_dags/example_trigger_target_dag.py
[2021-11-13 13:21:09,695] {processor.py:620} INFO - Processing file /home/airflow/.local/lib/python3.7/site-packages/airflow/example_dags/example_trigger_target_dag.py for tasks to queue
[2021-11-13 13:21:09,696] {logging_mixin.py:109} INFO - [2021-11-13 13:21:09,696] {dagbag.py:500} INFO - Filling up the DagBag from /home/airflow/.local/lib/python3.7/site-packages/airflow/example_dags/example_trigger_target_dag.py
[2021-11-13 13:21:09,722] {processor.py:632} INFO - DAG(s) dict_keys(['example_trigger_target_dag']) retrieved from /home/airflow/.local/lib/python3.7/site-packages/airflow/example_dags/example_trigger_target_dag.py
[2021-11-13 13:21:09,731] {logging_mixin.py:109} INFO - [2021-11-13 13:21:09,730] {dag.py:2389} INFO - Sync 1 DAGs
[2021-11-13 13:21:09,745] {logging_mixin.py:109} INFO - [2021-11-13 13:21:09,745] {dag.py:2921} INFO - Setting next_dagrun for example_trigger_target_dag to None
[2021-11-13 13:21:09,754] {processor.py:171} INFO - Processing /home/airflow/.local/lib/python3.7/site-packages/airflow/example_dags/example_trigger_target_dag.py took 0.063 seconds
[2021-11-13 13:21:40,589] {processor.py:163} INFO - Started process (PID=598) to work on /home/airflow/.local/lib/python3.7/site-packages/airflow/example_dags/example_trigger_target_dag.py
[2021-11-13 13:21:40,591] {processor.py:620} INFO - Processing file /home/airflow/.local/lib/python3.7/site-packages/airflow/example_dags/example_trigger_target_dag.py for tasks to queue
[2021-11-13 13:21:40,592] {logging_mixin.py:109} INFO - [2021-11-13 13:21:40,592] {dagbag.py:500} INFO - Filling up the DagBag from /home/airflow/.local/lib/python3.7/site-packages/airflow/example_dags/example_trigger_target_dag.py
[2021-11-13 13:21:40,628] {processor.py:632} INFO - DAG(s) dict_keys(['example_trigger_target_dag']) retrieved from /home/airflow/.local/lib/python3.7/site-packages/airflow/example_dags/example_trigger_target_dag.py
[2021-11-13 13:21:40,641] {logging_mixin.py:109} INFO - [2021-11-13 13:21:40,641] {dag.py:2389} INFO - Sync 1 DAGs
[2021-11-13 13:21:40,662] {logging_mixin.py:109} INFO - [2021-11-13 13:21:40,662] {dag.py:2921} INFO - Setting next_dagrun for example_trigger_target_dag to None
[2021-11-13 13:21:40,671] {processor.py:171} INFO - Processing /home/airflow/.local/lib/python3.7/site-packages/airflow/example_dags/example_trigger_target_dag.py took 0.088 seconds
[2021-11-13 13:22:10,720] {processor.py:163} INFO - Started process (PID=647) to work on /home/airflow/.local/lib/python3.7/site-packages/airflow/example_dags/example_trigger_target_dag.py
[2021-11-13 13:22:10,722] {processor.py:620} INFO - Processing file /home/airflow/.local/lib/python3.7/site-packages/airflow/example_dags/example_trigger_target_dag.py for tasks to queue
[2021-11-13 13:22:10,722] {logging_mixin.py:109} INFO - [2021-11-13 13:22:10,722] {dagbag.py:500} INFO - Filling up the DagBag from /home/airflow/.local/lib/python3.7/site-packages/airflow/example_dags/example_trigger_target_dag.py
[2021-11-13 13:22:10,751] {processor.py:632} INFO - DAG(s) dict_keys(['example_trigger_target_dag']) retrieved from /home/airflow/.local/lib/python3.7/site-packages/airflow/example_dags/example_trigger_target_dag.py
[2021-11-13 13:22:10,761] {logging_mixin.py:109} INFO - [2021-11-13 13:22:10,761] {dag.py:2389} INFO - Sync 1 DAGs
[2021-11-13 13:22:10,778] {logging_mixin.py:109} INFO - [2021-11-13 13:22:10,778] {dag.py:2921} INFO - Setting next_dagrun for example_trigger_target_dag to None
[2021-11-13 13:22:10,787] {processor.py:171} INFO - Processing /home/airflow/.local/lib/python3.7/site-packages/airflow/example_dags/example_trigger_target_dag.py took 0.070 seconds
[2021-11-13 13:22:40,918] {processor.py:163} INFO - Started process (PID=704) to work on /home/airflow/.local/lib/python3.7/site-packages/airflow/example_dags/example_trigger_target_dag.py
[2021-11-13 13:22:40,919] {processor.py:620} INFO - Processing file /home/airflow/.local/lib/python3.7/site-packages/airflow/example_dags/example_trigger_target_dag.py for tasks to queue
[2021-11-13 13:22:40,920] {logging_mixin.py:109} INFO - [2021-11-13 13:22:40,919] {dagbag.py:500} INFO - Filling up the DagBag from /home/airflow/.local/lib/python3.7/site-packages/airflow/example_dags/example_trigger_target_dag.py
[2021-11-13 13:22:40,958] {processor.py:632} INFO - DAG(s) dict_keys(['example_trigger_target_dag']) retrieved from /home/airflow/.local/lib/python3.7/site-packages/airflow/example_dags/example_trigger_target_dag.py
[2021-11-13 13:22:40,972] {logging_mixin.py:109} INFO - [2021-11-13 13:22:40,972] {dag.py:2389} INFO - Sync 1 DAGs
[2021-11-13 13:22:40,998] {logging_mixin.py:109} INFO - [2021-11-13 13:22:40,997] {dag.py:2921} INFO - Setting next_dagrun for example_trigger_target_dag to None
[2021-11-13 13:22:41,012] {processor.py:171} INFO - Processing /home/airflow/.local/lib/python3.7/site-packages/airflow/example_dags/example_trigger_target_dag.py took 0.098 seconds
[2021-11-13 13:23:11,315] {processor.py:163} INFO - Started process (PID=753) to work on /home/airflow/.local/lib/python3.7/site-packages/airflow/example_dags/example_trigger_target_dag.py
[2021-11-13 13:23:11,317] {processor.py:620} INFO - Processing file /home/airflow/.local/lib/python3.7/site-packages/airflow/example_dags/example_trigger_target_dag.py for tasks to queue
[2021-11-13 13:23:11,317] {logging_mixin.py:109} INFO - [2021-11-13 13:23:11,317] {dagbag.py:500} INFO - Filling up the DagBag from /home/airflow/.local/lib/python3.7/site-packages/airflow/example_dags/example_trigger_target_dag.py
[2021-11-13 13:23:11,345] {processor.py:632} INFO - DAG(s) dict_keys(['example_trigger_target_dag']) retrieved from /home/airflow/.local/lib/python3.7/site-packages/airflow/example_dags/example_trigger_target_dag.py
[2021-11-13 13:23:11,356] {logging_mixin.py:109} INFO - [2021-11-13 13:23:11,356] {dag.py:2389} INFO - Sync 1 DAGs
[2021-11-13 13:23:11,372] {logging_mixin.py:109} INFO - [2021-11-13 13:23:11,372] {dag.py:2921} INFO - Setting next_dagrun for example_trigger_target_dag to None
[2021-11-13 13:23:11,381] {processor.py:171} INFO - Processing /home/airflow/.local/lib/python3.7/site-packages/airflow/example_dags/example_trigger_target_dag.py took 0.069 seconds
