[2021-11-13 13:18:57,784] {processor.py:163} INFO - Started process (PID=200) to work on /home/airflow/.local/lib/python3.7/site-packages/airflow/example_dags/example_dag_decorator.py
[2021-11-13 13:18:57,785] {processor.py:620} INFO - Processing file /home/airflow/.local/lib/python3.7/site-packages/airflow/example_dags/example_dag_decorator.py for tasks to queue
[2021-11-13 13:18:57,785] {logging_mixin.py:109} INFO - [2021-11-13 13:18:57,785] {dagbag.py:500} INFO - Filling up the DagBag from /home/airflow/.local/lib/python3.7/site-packages/airflow/example_dags/example_dag_decorator.py
[2021-11-13 13:18:57,824] {processor.py:632} INFO - DAG(s) dict_keys(['example_dag_decorator']) retrieved from /home/airflow/.local/lib/python3.7/site-packages/airflow/example_dags/example_dag_decorator.py
[2021-11-13 13:18:59,750] {logging_mixin.py:109} INFO - [2021-11-13 13:18:59,750] {providers_manager.py:156} WARNING - Exception when importing 'airflow.providers.google.leveldb.hooks.leveldb.LevelDBHook' from 'apache-airflow-providers-google' package: No module named 'plyvel'
[2021-11-13 13:19:00,206] {logging_mixin.py:109} INFO - [2021-11-13 13:19:00,206] {providers_manager.py:156} WARNING - Exception when importing 'airflow.providers.google.leveldb.hooks.leveldb.LevelDBHook' from 'apache-airflow-providers-google' package: No module named 'plyvel'
[2021-11-13 13:19:00,228] {logging_mixin.py:109} INFO - [2021-11-13 13:19:00,228] {manager.py:496} INFO - Created Permission View: can read on DAG:example_dag_decorator
[2021-11-13 13:19:00,236] {logging_mixin.py:109} INFO - [2021-11-13 13:19:00,236] {manager.py:496} INFO - Created Permission View: can edit on DAG:example_dag_decorator
[2021-11-13 13:19:00,237] {logging_mixin.py:109} INFO - [2021-11-13 13:19:00,236] {dag.py:2389} INFO - Sync 1 DAGs
[2021-11-13 13:19:00,245] {logging_mixin.py:109} INFO - [2021-11-13 13:19:00,245] {dag.py:2408} INFO - Creating ORM DAG for example_dag_decorator
[2021-11-13 13:19:00,253] {logging_mixin.py:109} INFO - [2021-11-13 13:19:00,253] {dag.py:2921} INFO - Setting next_dagrun for example_dag_decorator to None
[2021-11-13 13:19:00,265] {processor.py:171} INFO - Processing /home/airflow/.local/lib/python3.7/site-packages/airflow/example_dags/example_dag_decorator.py took 2.484 seconds
[2021-11-13 13:19:30,341] {processor.py:163} INFO - Started process (PID=369) to work on /home/airflow/.local/lib/python3.7/site-packages/airflow/example_dags/example_dag_decorator.py
[2021-11-13 13:19:30,342] {processor.py:620} INFO - Processing file /home/airflow/.local/lib/python3.7/site-packages/airflow/example_dags/example_dag_decorator.py for tasks to queue
[2021-11-13 13:19:30,343] {logging_mixin.py:109} INFO - [2021-11-13 13:19:30,343] {dagbag.py:500} INFO - Filling up the DagBag from /home/airflow/.local/lib/python3.7/site-packages/airflow/example_dags/example_dag_decorator.py
[2021-11-13 13:19:30,371] {processor.py:632} INFO - DAG(s) dict_keys(['example_dag_decorator']) retrieved from /home/airflow/.local/lib/python3.7/site-packages/airflow/example_dags/example_dag_decorator.py
[2021-11-13 13:19:30,635] {logging_mixin.py:109} INFO - [2021-11-13 13:19:30,635] {dag.py:2389} INFO - Sync 1 DAGs
[2021-11-13 13:19:30,651] {logging_mixin.py:109} INFO - [2021-11-13 13:19:30,651] {dag.py:2921} INFO - Setting next_dagrun for example_dag_decorator to None
[2021-11-13 13:19:30,663] {processor.py:171} INFO - Processing /home/airflow/.local/lib/python3.7/site-packages/airflow/example_dags/example_dag_decorator.py took 0.324 seconds
[2021-11-13 13:20:01,574] {processor.py:163} INFO - Started process (PID=426) to work on /home/airflow/.local/lib/python3.7/site-packages/airflow/example_dags/example_dag_decorator.py
[2021-11-13 13:20:01,576] {processor.py:620} INFO - Processing file /home/airflow/.local/lib/python3.7/site-packages/airflow/example_dags/example_dag_decorator.py for tasks to queue
[2021-11-13 13:20:01,576] {logging_mixin.py:109} INFO - [2021-11-13 13:20:01,576] {dagbag.py:500} INFO - Filling up the DagBag from /home/airflow/.local/lib/python3.7/site-packages/airflow/example_dags/example_dag_decorator.py
[2021-11-13 13:20:01,606] {processor.py:632} INFO - DAG(s) dict_keys(['example_dag_decorator']) retrieved from /home/airflow/.local/lib/python3.7/site-packages/airflow/example_dags/example_dag_decorator.py
[2021-11-13 13:20:01,865] {logging_mixin.py:109} INFO - [2021-11-13 13:20:01,865] {dag.py:2389} INFO - Sync 1 DAGs
[2021-11-13 13:20:01,877] {logging_mixin.py:109} INFO - [2021-11-13 13:20:01,877] {dag.py:2921} INFO - Setting next_dagrun for example_dag_decorator to None
[2021-11-13 13:20:01,887] {processor.py:171} INFO - Processing /home/airflow/.local/lib/python3.7/site-packages/airflow/example_dags/example_dag_decorator.py took 0.316 seconds
[2021-11-13 13:20:31,946] {processor.py:163} INFO - Started process (PID=475) to work on /home/airflow/.local/lib/python3.7/site-packages/airflow/example_dags/example_dag_decorator.py
[2021-11-13 13:20:31,949] {processor.py:620} INFO - Processing file /home/airflow/.local/lib/python3.7/site-packages/airflow/example_dags/example_dag_decorator.py for tasks to queue
[2021-11-13 13:20:31,951] {logging_mixin.py:109} INFO - [2021-11-13 13:20:31,951] {dagbag.py:500} INFO - Filling up the DagBag from /home/airflow/.local/lib/python3.7/site-packages/airflow/example_dags/example_dag_decorator.py
[2021-11-13 13:20:31,997] {processor.py:632} INFO - DAG(s) dict_keys(['example_dag_decorator']) retrieved from /home/airflow/.local/lib/python3.7/site-packages/airflow/example_dags/example_dag_decorator.py
[2021-11-13 13:20:32,268] {logging_mixin.py:109} INFO - [2021-11-13 13:20:32,268] {dag.py:2389} INFO - Sync 1 DAGs
[2021-11-13 13:20:32,280] {logging_mixin.py:109} INFO - [2021-11-13 13:20:32,279] {dag.py:2921} INFO - Setting next_dagrun for example_dag_decorator to None
[2021-11-13 13:20:32,289] {processor.py:171} INFO - Processing /home/airflow/.local/lib/python3.7/site-packages/airflow/example_dags/example_dag_decorator.py took 0.353 seconds
[2021-11-13 13:21:03,170] {processor.py:163} INFO - Started process (PID=534) to work on /home/airflow/.local/lib/python3.7/site-packages/airflow/example_dags/example_dag_decorator.py
[2021-11-13 13:21:03,172] {processor.py:620} INFO - Processing file /home/airflow/.local/lib/python3.7/site-packages/airflow/example_dags/example_dag_decorator.py for tasks to queue
[2021-11-13 13:21:03,173] {logging_mixin.py:109} INFO - [2021-11-13 13:21:03,173] {dagbag.py:500} INFO - Filling up the DagBag from /home/airflow/.local/lib/python3.7/site-packages/airflow/example_dags/example_dag_decorator.py
[2021-11-13 13:21:03,207] {processor.py:632} INFO - DAG(s) dict_keys(['example_dag_decorator']) retrieved from /home/airflow/.local/lib/python3.7/site-packages/airflow/example_dags/example_dag_decorator.py
[2021-11-13 13:21:03,465] {logging_mixin.py:109} INFO - [2021-11-13 13:21:03,465] {dag.py:2389} INFO - Sync 1 DAGs
[2021-11-13 13:21:03,477] {logging_mixin.py:109} INFO - [2021-11-13 13:21:03,476] {dag.py:2921} INFO - Setting next_dagrun for example_dag_decorator to None
[2021-11-13 13:21:03,486] {processor.py:171} INFO - Processing /home/airflow/.local/lib/python3.7/site-packages/airflow/example_dags/example_dag_decorator.py took 0.322 seconds
[2021-11-13 13:21:34,096] {processor.py:163} INFO - Started process (PID=583) to work on /home/airflow/.local/lib/python3.7/site-packages/airflow/example_dags/example_dag_decorator.py
[2021-11-13 13:21:34,100] {processor.py:620} INFO - Processing file /home/airflow/.local/lib/python3.7/site-packages/airflow/example_dags/example_dag_decorator.py for tasks to queue
[2021-11-13 13:21:34,102] {logging_mixin.py:109} INFO - [2021-11-13 13:21:34,102] {dagbag.py:500} INFO - Filling up the DagBag from /home/airflow/.local/lib/python3.7/site-packages/airflow/example_dags/example_dag_decorator.py
[2021-11-13 13:21:34,141] {processor.py:632} INFO - DAG(s) dict_keys(['example_dag_decorator']) retrieved from /home/airflow/.local/lib/python3.7/site-packages/airflow/example_dags/example_dag_decorator.py
[2021-11-13 13:21:34,432] {logging_mixin.py:109} INFO - [2021-11-13 13:21:34,432] {dag.py:2389} INFO - Sync 1 DAGs
[2021-11-13 13:21:34,445] {logging_mixin.py:109} INFO - [2021-11-13 13:21:34,445] {dag.py:2921} INFO - Setting next_dagrun for example_dag_decorator to None
[2021-11-13 13:21:34,455] {processor.py:171} INFO - Processing /home/airflow/.local/lib/python3.7/site-packages/airflow/example_dags/example_dag_decorator.py took 0.371 seconds
[2021-11-13 13:22:04,526] {processor.py:163} INFO - Started process (PID=641) to work on /home/airflow/.local/lib/python3.7/site-packages/airflow/example_dags/example_dag_decorator.py
[2021-11-13 13:22:04,528] {processor.py:620} INFO - Processing file /home/airflow/.local/lib/python3.7/site-packages/airflow/example_dags/example_dag_decorator.py for tasks to queue
[2021-11-13 13:22:04,528] {logging_mixin.py:109} INFO - [2021-11-13 13:22:04,528] {dagbag.py:500} INFO - Filling up the DagBag from /home/airflow/.local/lib/python3.7/site-packages/airflow/example_dags/example_dag_decorator.py
[2021-11-13 13:22:04,562] {processor.py:632} INFO - DAG(s) dict_keys(['example_dag_decorator']) retrieved from /home/airflow/.local/lib/python3.7/site-packages/airflow/example_dags/example_dag_decorator.py
[2021-11-13 13:22:04,822] {logging_mixin.py:109} INFO - [2021-11-13 13:22:04,822] {dag.py:2389} INFO - Sync 1 DAGs
[2021-11-13 13:22:04,833] {logging_mixin.py:109} INFO - [2021-11-13 13:22:04,833] {dag.py:2921} INFO - Setting next_dagrun for example_dag_decorator to None
[2021-11-13 13:22:04,842] {processor.py:171} INFO - Processing /home/airflow/.local/lib/python3.7/site-packages/airflow/example_dags/example_dag_decorator.py took 0.319 seconds
[2021-11-13 13:22:35,736] {processor.py:163} INFO - Started process (PID=691) to work on /home/airflow/.local/lib/python3.7/site-packages/airflow/example_dags/example_dag_decorator.py
[2021-11-13 13:22:35,738] {processor.py:620} INFO - Processing file /home/airflow/.local/lib/python3.7/site-packages/airflow/example_dags/example_dag_decorator.py for tasks to queue
[2021-11-13 13:22:35,739] {logging_mixin.py:109} INFO - [2021-11-13 13:22:35,739] {dagbag.py:500} INFO - Filling up the DagBag from /home/airflow/.local/lib/python3.7/site-packages/airflow/example_dags/example_dag_decorator.py
[2021-11-13 13:22:35,772] {processor.py:632} INFO - DAG(s) dict_keys(['example_dag_decorator']) retrieved from /home/airflow/.local/lib/python3.7/site-packages/airflow/example_dags/example_dag_decorator.py
[2021-11-13 13:22:36,042] {logging_mixin.py:109} INFO - [2021-11-13 13:22:36,042] {dag.py:2389} INFO - Sync 1 DAGs
[2021-11-13 13:22:36,053] {logging_mixin.py:109} INFO - [2021-11-13 13:22:36,053] {dag.py:2921} INFO - Setting next_dagrun for example_dag_decorator to None
[2021-11-13 13:22:36,062] {processor.py:171} INFO - Processing /home/airflow/.local/lib/python3.7/site-packages/airflow/example_dags/example_dag_decorator.py took 0.329 seconds
[2021-11-13 13:23:06,155] {processor.py:163} INFO - Started process (PID=748) to work on /home/airflow/.local/lib/python3.7/site-packages/airflow/example_dags/example_dag_decorator.py
[2021-11-13 13:23:06,156] {processor.py:620} INFO - Processing file /home/airflow/.local/lib/python3.7/site-packages/airflow/example_dags/example_dag_decorator.py for tasks to queue
[2021-11-13 13:23:06,157] {logging_mixin.py:109} INFO - [2021-11-13 13:23:06,157] {dagbag.py:500} INFO - Filling up the DagBag from /home/airflow/.local/lib/python3.7/site-packages/airflow/example_dags/example_dag_decorator.py
[2021-11-13 13:23:06,189] {processor.py:632} INFO - DAG(s) dict_keys(['example_dag_decorator']) retrieved from /home/airflow/.local/lib/python3.7/site-packages/airflow/example_dags/example_dag_decorator.py
[2021-11-13 13:23:06,486] {logging_mixin.py:109} INFO - [2021-11-13 13:23:06,485] {dag.py:2389} INFO - Sync 1 DAGs
[2021-11-13 13:23:06,504] {logging_mixin.py:109} INFO - [2021-11-13 13:23:06,504] {dag.py:2921} INFO - Setting next_dagrun for example_dag_decorator to None
[2021-11-13 13:23:06,520] {processor.py:171} INFO - Processing /home/airflow/.local/lib/python3.7/site-packages/airflow/example_dags/example_dag_decorator.py took 0.368 seconds
[2021-11-13 13:23:36,944] {processor.py:163} INFO - Started process (PID=797) to work on /home/airflow/.local/lib/python3.7/site-packages/airflow/example_dags/example_dag_decorator.py
[2021-11-13 13:23:36,948] {processor.py:620} INFO - Processing file /home/airflow/.local/lib/python3.7/site-packages/airflow/example_dags/example_dag_decorator.py for tasks to queue
[2021-11-13 13:23:36,949] {logging_mixin.py:109} INFO - [2021-11-13 13:23:36,949] {dagbag.py:500} INFO - Filling up the DagBag from /home/airflow/.local/lib/python3.7/site-packages/airflow/example_dags/example_dag_decorator.py
[2021-11-13 13:23:36,995] {processor.py:632} INFO - DAG(s) dict_keys(['example_dag_decorator']) retrieved from /home/airflow/.local/lib/python3.7/site-packages/airflow/example_dags/example_dag_decorator.py
[2021-11-13 13:23:37,247] {logging_mixin.py:109} INFO - [2021-11-13 13:23:37,247] {dag.py:2389} INFO - Sync 1 DAGs
[2021-11-13 13:23:37,258] {logging_mixin.py:109} INFO - [2021-11-13 13:23:37,258] {dag.py:2921} INFO - Setting next_dagrun for example_dag_decorator to None
[2021-11-13 13:23:37,267] {processor.py:171} INFO - Processing /home/airflow/.local/lib/python3.7/site-packages/airflow/example_dags/example_dag_decorator.py took 0.329 seconds
