[2021-11-13 13:19:05,707] {processor.py:163} INFO - Started process (PID=253) to work on /home/airflow/.local/lib/python3.7/site-packages/airflow/example_dags/example_subdag_operator.py
[2021-11-13 13:19:05,708] {processor.py:620} INFO - Processing file /home/airflow/.local/lib/python3.7/site-packages/airflow/example_dags/example_subdag_operator.py for tasks to queue
[2021-11-13 13:19:05,709] {logging_mixin.py:109} INFO - [2021-11-13 13:19:05,709] {dagbag.py:500} INFO - Filling up the DagBag from /home/airflow/.local/lib/python3.7/site-packages/airflow/example_dags/example_subdag_operator.py
[2021-11-13 13:19:05,749] {processor.py:632} INFO - DAG(s) dict_keys(['example_subdag_operator.section-1', 'example_subdag_operator.section-2', 'example_subdag_operator']) retrieved from /home/airflow/.local/lib/python3.7/site-packages/airflow/example_dags/example_subdag_operator.py
[2021-11-13 13:19:08,182] {logging_mixin.py:109} INFO - [2021-11-13 13:19:08,182] {providers_manager.py:156} WARNING - Exception when importing 'airflow.providers.google.leveldb.hooks.leveldb.LevelDBHook' from 'apache-airflow-providers-google' package: No module named 'plyvel'
[2021-11-13 13:19:08,769] {logging_mixin.py:109} INFO - [2021-11-13 13:19:08,769] {providers_manager.py:156} WARNING - Exception when importing 'airflow.providers.google.leveldb.hooks.leveldb.LevelDBHook' from 'apache-airflow-providers-google' package: No module named 'plyvel'
[2021-11-13 13:19:08,793] {logging_mixin.py:109} INFO - [2021-11-13 13:19:08,793] {manager.py:496} INFO - Created Permission View: can read on DAG:example_subdag_operator
[2021-11-13 13:19:08,803] {logging_mixin.py:109} INFO - [2021-11-13 13:19:08,803] {manager.py:496} INFO - Created Permission View: can edit on DAG:example_subdag_operator
[2021-11-13 13:19:08,804] {logging_mixin.py:109} INFO - [2021-11-13 13:19:08,804] {dag.py:2389} INFO - Sync 3 DAGs
[2021-11-13 13:19:08,812] {logging_mixin.py:109} INFO - [2021-11-13 13:19:08,812] {dag.py:2408} INFO - Creating ORM DAG for example_subdag_operator
[2021-11-13 13:19:08,813] {logging_mixin.py:109} INFO - [2021-11-13 13:19:08,812] {dag.py:2408} INFO - Creating ORM DAG for example_subdag_operator.section-1
[2021-11-13 13:19:08,813] {logging_mixin.py:109} INFO - [2021-11-13 13:19:08,813] {dag.py:2408} INFO - Creating ORM DAG for example_subdag_operator.section-2
[2021-11-13 13:19:08,822] {logging_mixin.py:109} INFO - [2021-11-13 13:19:08,822] {dag.py:2921} INFO - Setting next_dagrun for example_subdag_operator to 2021-11-11T00:00:00+00:00
[2021-11-13 13:19:08,822] {logging_mixin.py:109} INFO - [2021-11-13 13:19:08,822] {dag.py:2921} INFO - Setting next_dagrun for example_subdag_operator.section-1 to None
[2021-11-13 13:19:08,822] {logging_mixin.py:109} INFO - [2021-11-13 13:19:08,822] {dag.py:2921} INFO - Setting next_dagrun for example_subdag_operator.section-2 to None
[2021-11-13 13:19:08,833] {logging_mixin.py:109} INFO - [2021-11-13 13:19:08,833] {dag.py:2389} INFO - Sync 2 DAGs
[2021-11-13 13:19:08,843] {logging_mixin.py:109} INFO - [2021-11-13 13:19:08,843] {dag.py:2921} INFO - Setting next_dagrun for example_subdag_operator.section-1 to None
[2021-11-13 13:19:08,843] {logging_mixin.py:109} INFO - [2021-11-13 13:19:08,843] {dag.py:2921} INFO - Setting next_dagrun for example_subdag_operator.section-2 to None
[2021-11-13 13:19:08,851] {processor.py:171} INFO - Processing /home/airflow/.local/lib/python3.7/site-packages/airflow/example_dags/example_subdag_operator.py took 3.147 seconds
[2021-11-13 13:19:38,940] {processor.py:163} INFO - Started process (PID=382) to work on /home/airflow/.local/lib/python3.7/site-packages/airflow/example_dags/example_subdag_operator.py
[2021-11-13 13:19:38,944] {processor.py:620} INFO - Processing file /home/airflow/.local/lib/python3.7/site-packages/airflow/example_dags/example_subdag_operator.py for tasks to queue
[2021-11-13 13:19:38,945] {logging_mixin.py:109} INFO - [2021-11-13 13:19:38,945] {dagbag.py:500} INFO - Filling up the DagBag from /home/airflow/.local/lib/python3.7/site-packages/airflow/example_dags/example_subdag_operator.py
[2021-11-13 13:19:38,986] {processor.py:632} INFO - DAG(s) dict_keys(['example_subdag_operator.section-1', 'example_subdag_operator.section-2', 'example_subdag_operator']) retrieved from /home/airflow/.local/lib/python3.7/site-packages/airflow/example_dags/example_subdag_operator.py
[2021-11-13 13:19:38,998] {logging_mixin.py:109} INFO - [2021-11-13 13:19:38,997] {dag.py:2389} INFO - Sync 3 DAGs
[2021-11-13 13:19:39,013] {logging_mixin.py:109} INFO - [2021-11-13 13:19:39,013] {dag.py:2921} INFO - Setting next_dagrun for example_subdag_operator to 2021-11-11T00:00:00+00:00
[2021-11-13 13:19:39,014] {logging_mixin.py:109} INFO - [2021-11-13 13:19:39,014] {dag.py:2921} INFO - Setting next_dagrun for example_subdag_operator.section-1 to None
[2021-11-13 13:19:39,014] {logging_mixin.py:109} INFO - [2021-11-13 13:19:39,014] {dag.py:2921} INFO - Setting next_dagrun for example_subdag_operator.section-2 to None
[2021-11-13 13:19:39,020] {logging_mixin.py:109} INFO - [2021-11-13 13:19:39,020] {dag.py:2389} INFO - Sync 2 DAGs
[2021-11-13 13:19:39,029] {logging_mixin.py:109} INFO - [2021-11-13 13:19:39,029] {dag.py:2921} INFO - Setting next_dagrun for example_subdag_operator.section-1 to None
[2021-11-13 13:19:39,030] {logging_mixin.py:109} INFO - [2021-11-13 13:19:39,030] {dag.py:2921} INFO - Setting next_dagrun for example_subdag_operator.section-2 to None
[2021-11-13 13:19:39,036] {processor.py:171} INFO - Processing /home/airflow/.local/lib/python3.7/site-packages/airflow/example_dags/example_subdag_operator.py took 0.102 seconds
[2021-11-13 13:20:09,093] {processor.py:163} INFO - Started process (PID=431) to work on /home/airflow/.local/lib/python3.7/site-packages/airflow/example_dags/example_subdag_operator.py
[2021-11-13 13:20:09,095] {processor.py:620} INFO - Processing file /home/airflow/.local/lib/python3.7/site-packages/airflow/example_dags/example_subdag_operator.py for tasks to queue
[2021-11-13 13:20:09,095] {logging_mixin.py:109} INFO - [2021-11-13 13:20:09,095] {dagbag.py:500} INFO - Filling up the DagBag from /home/airflow/.local/lib/python3.7/site-packages/airflow/example_dags/example_subdag_operator.py
[2021-11-13 13:20:09,126] {processor.py:632} INFO - DAG(s) dict_keys(['example_subdag_operator.section-1', 'example_subdag_operator.section-2', 'example_subdag_operator']) retrieved from /home/airflow/.local/lib/python3.7/site-packages/airflow/example_dags/example_subdag_operator.py
[2021-11-13 13:20:09,136] {logging_mixin.py:109} INFO - [2021-11-13 13:20:09,136] {dag.py:2389} INFO - Sync 3 DAGs
[2021-11-13 13:20:09,151] {logging_mixin.py:109} INFO - [2021-11-13 13:20:09,151] {dag.py:2921} INFO - Setting next_dagrun for example_subdag_operator to 2021-11-11T00:00:00+00:00
[2021-11-13 13:20:09,151] {logging_mixin.py:109} INFO - [2021-11-13 13:20:09,151] {dag.py:2921} INFO - Setting next_dagrun for example_subdag_operator.section-1 to None
[2021-11-13 13:20:09,152] {logging_mixin.py:109} INFO - [2021-11-13 13:20:09,152] {dag.py:2921} INFO - Setting next_dagrun for example_subdag_operator.section-2 to None
[2021-11-13 13:20:09,157] {logging_mixin.py:109} INFO - [2021-11-13 13:20:09,157] {dag.py:2389} INFO - Sync 2 DAGs
[2021-11-13 13:20:09,165] {logging_mixin.py:109} INFO - [2021-11-13 13:20:09,165] {dag.py:2921} INFO - Setting next_dagrun for example_subdag_operator.section-1 to None
[2021-11-13 13:20:09,165] {logging_mixin.py:109} INFO - [2021-11-13 13:20:09,165] {dag.py:2921} INFO - Setting next_dagrun for example_subdag_operator.section-2 to None
[2021-11-13 13:20:09,171] {processor.py:171} INFO - Processing /home/airflow/.local/lib/python3.7/site-packages/airflow/example_dags/example_subdag_operator.py took 0.080 seconds
[2021-11-13 13:20:39,420] {processor.py:163} INFO - Started process (PID=490) to work on /home/airflow/.local/lib/python3.7/site-packages/airflow/example_dags/example_subdag_operator.py
[2021-11-13 13:20:39,422] {processor.py:620} INFO - Processing file /home/airflow/.local/lib/python3.7/site-packages/airflow/example_dags/example_subdag_operator.py for tasks to queue
[2021-11-13 13:20:39,422] {logging_mixin.py:109} INFO - [2021-11-13 13:20:39,422] {dagbag.py:500} INFO - Filling up the DagBag from /home/airflow/.local/lib/python3.7/site-packages/airflow/example_dags/example_subdag_operator.py
[2021-11-13 13:20:39,464] {processor.py:632} INFO - DAG(s) dict_keys(['example_subdag_operator.section-1', 'example_subdag_operator.section-2', 'example_subdag_operator']) retrieved from /home/airflow/.local/lib/python3.7/site-packages/airflow/example_dags/example_subdag_operator.py
[2021-11-13 13:20:39,485] {logging_mixin.py:109} INFO - [2021-11-13 13:20:39,485] {dag.py:2389} INFO - Sync 3 DAGs
[2021-11-13 13:20:39,510] {logging_mixin.py:109} INFO - [2021-11-13 13:20:39,510] {dag.py:2921} INFO - Setting next_dagrun for example_subdag_operator to 2021-11-11T00:00:00+00:00
[2021-11-13 13:20:39,510] {logging_mixin.py:109} INFO - [2021-11-13 13:20:39,510] {dag.py:2921} INFO - Setting next_dagrun for example_subdag_operator.section-1 to None
[2021-11-13 13:20:39,511] {logging_mixin.py:109} INFO - [2021-11-13 13:20:39,511] {dag.py:2921} INFO - Setting next_dagrun for example_subdag_operator.section-2 to None
[2021-11-13 13:20:39,519] {logging_mixin.py:109} INFO - [2021-11-13 13:20:39,518] {dag.py:2389} INFO - Sync 2 DAGs
[2021-11-13 13:20:39,533] {logging_mixin.py:109} INFO - [2021-11-13 13:20:39,533] {dag.py:2921} INFO - Setting next_dagrun for example_subdag_operator.section-1 to None
[2021-11-13 13:20:39,533] {logging_mixin.py:109} INFO - [2021-11-13 13:20:39,533] {dag.py:2921} INFO - Setting next_dagrun for example_subdag_operator.section-2 to None
[2021-11-13 13:20:39,543] {processor.py:171} INFO - Processing /home/airflow/.local/lib/python3.7/site-packages/airflow/example_dags/example_subdag_operator.py took 0.126 seconds
[2021-11-13 13:21:09,691] {processor.py:163} INFO - Started process (PID=539) to work on /home/airflow/.local/lib/python3.7/site-packages/airflow/example_dags/example_subdag_operator.py
[2021-11-13 13:21:09,693] {processor.py:620} INFO - Processing file /home/airflow/.local/lib/python3.7/site-packages/airflow/example_dags/example_subdag_operator.py for tasks to queue
[2021-11-13 13:21:09,693] {logging_mixin.py:109} INFO - [2021-11-13 13:21:09,693] {dagbag.py:500} INFO - Filling up the DagBag from /home/airflow/.local/lib/python3.7/site-packages/airflow/example_dags/example_subdag_operator.py
[2021-11-13 13:21:09,727] {processor.py:632} INFO - DAG(s) dict_keys(['example_subdag_operator.section-1', 'example_subdag_operator.section-2', 'example_subdag_operator']) retrieved from /home/airflow/.local/lib/python3.7/site-packages/airflow/example_dags/example_subdag_operator.py
[2021-11-13 13:21:09,739] {logging_mixin.py:109} INFO - [2021-11-13 13:21:09,738] {dag.py:2389} INFO - Sync 3 DAGs
[2021-11-13 13:21:09,754] {logging_mixin.py:109} INFO - [2021-11-13 13:21:09,753] {dag.py:2921} INFO - Setting next_dagrun for example_subdag_operator to 2021-11-11T00:00:00+00:00
[2021-11-13 13:21:09,754] {logging_mixin.py:109} INFO - [2021-11-13 13:21:09,754] {dag.py:2921} INFO - Setting next_dagrun for example_subdag_operator.section-1 to None
[2021-11-13 13:21:09,754] {logging_mixin.py:109} INFO - [2021-11-13 13:21:09,754] {dag.py:2921} INFO - Setting next_dagrun for example_subdag_operator.section-2 to None
[2021-11-13 13:21:09,760] {logging_mixin.py:109} INFO - [2021-11-13 13:21:09,760] {dag.py:2389} INFO - Sync 2 DAGs
[2021-11-13 13:21:09,768] {logging_mixin.py:109} INFO - [2021-11-13 13:21:09,768] {dag.py:2921} INFO - Setting next_dagrun for example_subdag_operator.section-1 to None
[2021-11-13 13:21:09,768] {logging_mixin.py:109} INFO - [2021-11-13 13:21:09,768] {dag.py:2921} INFO - Setting next_dagrun for example_subdag_operator.section-2 to None
[2021-11-13 13:21:09,780] {processor.py:171} INFO - Processing /home/airflow/.local/lib/python3.7/site-packages/airflow/example_dags/example_subdag_operator.py took 0.092 seconds
[2021-11-13 13:21:40,583] {processor.py:163} INFO - Started process (PID=597) to work on /home/airflow/.local/lib/python3.7/site-packages/airflow/example_dags/example_subdag_operator.py
[2021-11-13 13:21:40,586] {processor.py:620} INFO - Processing file /home/airflow/.local/lib/python3.7/site-packages/airflow/example_dags/example_subdag_operator.py for tasks to queue
[2021-11-13 13:21:40,587] {logging_mixin.py:109} INFO - [2021-11-13 13:21:40,587] {dagbag.py:500} INFO - Filling up the DagBag from /home/airflow/.local/lib/python3.7/site-packages/airflow/example_dags/example_subdag_operator.py
[2021-11-13 13:21:40,633] {processor.py:632} INFO - DAG(s) dict_keys(['example_subdag_operator.section-1', 'example_subdag_operator.section-2', 'example_subdag_operator']) retrieved from /home/airflow/.local/lib/python3.7/site-packages/airflow/example_dags/example_subdag_operator.py
[2021-11-13 13:21:40,649] {logging_mixin.py:109} INFO - [2021-11-13 13:21:40,649] {dag.py:2389} INFO - Sync 3 DAGs
[2021-11-13 13:21:40,669] {logging_mixin.py:109} INFO - [2021-11-13 13:21:40,669] {dag.py:2921} INFO - Setting next_dagrun for example_subdag_operator to 2021-11-11T00:00:00+00:00
[2021-11-13 13:21:40,669] {logging_mixin.py:109} INFO - [2021-11-13 13:21:40,669] {dag.py:2921} INFO - Setting next_dagrun for example_subdag_operator.section-1 to None
[2021-11-13 13:21:40,670] {logging_mixin.py:109} INFO - [2021-11-13 13:21:40,669] {dag.py:2921} INFO - Setting next_dagrun for example_subdag_operator.section-2 to None
[2021-11-13 13:21:40,677] {logging_mixin.py:109} INFO - [2021-11-13 13:21:40,677] {dag.py:2389} INFO - Sync 2 DAGs
[2021-11-13 13:21:40,688] {logging_mixin.py:109} INFO - [2021-11-13 13:21:40,688] {dag.py:2921} INFO - Setting next_dagrun for example_subdag_operator.section-1 to None
[2021-11-13 13:21:40,689] {logging_mixin.py:109} INFO - [2021-11-13 13:21:40,689] {dag.py:2921} INFO - Setting next_dagrun for example_subdag_operator.section-2 to None
[2021-11-13 13:21:40,697] {processor.py:171} INFO - Processing /home/airflow/.local/lib/python3.7/site-packages/airflow/example_dags/example_subdag_operator.py took 0.119 seconds
[2021-11-13 13:22:10,717] {processor.py:163} INFO - Started process (PID=646) to work on /home/airflow/.local/lib/python3.7/site-packages/airflow/example_dags/example_subdag_operator.py
[2021-11-13 13:22:10,718] {processor.py:620} INFO - Processing file /home/airflow/.local/lib/python3.7/site-packages/airflow/example_dags/example_subdag_operator.py for tasks to queue
[2021-11-13 13:22:10,719] {logging_mixin.py:109} INFO - [2021-11-13 13:22:10,719] {dagbag.py:500} INFO - Filling up the DagBag from /home/airflow/.local/lib/python3.7/site-packages/airflow/example_dags/example_subdag_operator.py
[2021-11-13 13:22:10,754] {processor.py:632} INFO - DAG(s) dict_keys(['example_subdag_operator.section-1', 'example_subdag_operator.section-2', 'example_subdag_operator']) retrieved from /home/airflow/.local/lib/python3.7/site-packages/airflow/example_dags/example_subdag_operator.py
[2021-11-13 13:22:10,768] {logging_mixin.py:109} INFO - [2021-11-13 13:22:10,768] {dag.py:2389} INFO - Sync 3 DAGs
[2021-11-13 13:22:10,784] {logging_mixin.py:109} INFO - [2021-11-13 13:22:10,784] {dag.py:2921} INFO - Setting next_dagrun for example_subdag_operator to 2021-11-11T00:00:00+00:00
[2021-11-13 13:22:10,784] {logging_mixin.py:109} INFO - [2021-11-13 13:22:10,784] {dag.py:2921} INFO - Setting next_dagrun for example_subdag_operator.section-1 to None
[2021-11-13 13:22:10,785] {logging_mixin.py:109} INFO - [2021-11-13 13:22:10,785] {dag.py:2921} INFO - Setting next_dagrun for example_subdag_operator.section-2 to None
[2021-11-13 13:22:10,791] {logging_mixin.py:109} INFO - [2021-11-13 13:22:10,791] {dag.py:2389} INFO - Sync 2 DAGs
[2021-11-13 13:22:10,803] {logging_mixin.py:109} INFO - [2021-11-13 13:22:10,803] {dag.py:2921} INFO - Setting next_dagrun for example_subdag_operator.section-1 to None
[2021-11-13 13:22:10,804] {logging_mixin.py:109} INFO - [2021-11-13 13:22:10,804] {dag.py:2921} INFO - Setting next_dagrun for example_subdag_operator.section-2 to None
[2021-11-13 13:22:10,814] {processor.py:171} INFO - Processing /home/airflow/.local/lib/python3.7/site-packages/airflow/example_dags/example_subdag_operator.py took 0.100 seconds
[2021-11-13 13:22:40,914] {processor.py:163} INFO - Started process (PID=703) to work on /home/airflow/.local/lib/python3.7/site-packages/airflow/example_dags/example_subdag_operator.py
[2021-11-13 13:22:40,916] {processor.py:620} INFO - Processing file /home/airflow/.local/lib/python3.7/site-packages/airflow/example_dags/example_subdag_operator.py for tasks to queue
[2021-11-13 13:22:40,916] {logging_mixin.py:109} INFO - [2021-11-13 13:22:40,916] {dagbag.py:500} INFO - Filling up the DagBag from /home/airflow/.local/lib/python3.7/site-packages/airflow/example_dags/example_subdag_operator.py
[2021-11-13 13:22:40,965] {processor.py:632} INFO - DAG(s) dict_keys(['example_subdag_operator.section-1', 'example_subdag_operator.section-2', 'example_subdag_operator']) retrieved from /home/airflow/.local/lib/python3.7/site-packages/airflow/example_dags/example_subdag_operator.py
[2021-11-13 13:22:40,984] {logging_mixin.py:109} INFO - [2021-11-13 13:22:40,984] {dag.py:2389} INFO - Sync 3 DAGs
[2021-11-13 13:22:41,013] {logging_mixin.py:109} INFO - [2021-11-13 13:22:41,013] {dag.py:2921} INFO - Setting next_dagrun for example_subdag_operator to 2021-11-11T00:00:00+00:00
[2021-11-13 13:22:41,014] {logging_mixin.py:109} INFO - [2021-11-13 13:22:41,013] {dag.py:2921} INFO - Setting next_dagrun for example_subdag_operator.section-1 to None
[2021-11-13 13:22:41,014] {logging_mixin.py:109} INFO - [2021-11-13 13:22:41,014] {dag.py:2921} INFO - Setting next_dagrun for example_subdag_operator.section-2 to None
[2021-11-13 13:22:41,022] {logging_mixin.py:109} INFO - [2021-11-13 13:22:41,022] {dag.py:2389} INFO - Sync 2 DAGs
[2021-11-13 13:22:41,035] {logging_mixin.py:109} INFO - [2021-11-13 13:22:41,035] {dag.py:2921} INFO - Setting next_dagrun for example_subdag_operator.section-1 to None
[2021-11-13 13:22:41,035] {logging_mixin.py:109} INFO - [2021-11-13 13:22:41,035] {dag.py:2921} INFO - Setting next_dagrun for example_subdag_operator.section-2 to None
[2021-11-13 13:22:41,045] {processor.py:171} INFO - Processing /home/airflow/.local/lib/python3.7/site-packages/airflow/example_dags/example_subdag_operator.py took 0.135 seconds
[2021-11-13 13:23:11,312] {processor.py:163} INFO - Started process (PID=752) to work on /home/airflow/.local/lib/python3.7/site-packages/airflow/example_dags/example_subdag_operator.py
[2021-11-13 13:23:11,314] {processor.py:620} INFO - Processing file /home/airflow/.local/lib/python3.7/site-packages/airflow/example_dags/example_subdag_operator.py for tasks to queue
[2021-11-13 13:23:11,315] {logging_mixin.py:109} INFO - [2021-11-13 13:23:11,315] {dagbag.py:500} INFO - Filling up the DagBag from /home/airflow/.local/lib/python3.7/site-packages/airflow/example_dags/example_subdag_operator.py
[2021-11-13 13:23:11,351] {processor.py:632} INFO - DAG(s) dict_keys(['example_subdag_operator.section-1', 'example_subdag_operator.section-2', 'example_subdag_operator']) retrieved from /home/airflow/.local/lib/python3.7/site-packages/airflow/example_dags/example_subdag_operator.py
[2021-11-13 13:23:11,363] {logging_mixin.py:109} INFO - [2021-11-13 13:23:11,363] {dag.py:2389} INFO - Sync 3 DAGs
[2021-11-13 13:23:11,379] {logging_mixin.py:109} INFO - [2021-11-13 13:23:11,379] {dag.py:2921} INFO - Setting next_dagrun for example_subdag_operator to 2021-11-11T00:00:00+00:00
[2021-11-13 13:23:11,380] {logging_mixin.py:109} INFO - [2021-11-13 13:23:11,380] {dag.py:2921} INFO - Setting next_dagrun for example_subdag_operator.section-1 to None
[2021-11-13 13:23:11,380] {logging_mixin.py:109} INFO - [2021-11-13 13:23:11,380] {dag.py:2921} INFO - Setting next_dagrun for example_subdag_operator.section-2 to None
[2021-11-13 13:23:11,386] {logging_mixin.py:109} INFO - [2021-11-13 13:23:11,386] {dag.py:2389} INFO - Sync 2 DAGs
[2021-11-13 13:23:11,394] {logging_mixin.py:109} INFO - [2021-11-13 13:23:11,394] {dag.py:2921} INFO - Setting next_dagrun for example_subdag_operator.section-1 to None
[2021-11-13 13:23:11,394] {logging_mixin.py:109} INFO - [2021-11-13 13:23:11,394] {dag.py:2921} INFO - Setting next_dagrun for example_subdag_operator.section-2 to None
[2021-11-13 13:23:11,401] {processor.py:171} INFO - Processing /home/airflow/.local/lib/python3.7/site-packages/airflow/example_dags/example_subdag_operator.py took 0.092 seconds
