[2021-11-13 13:18:46,197] {processor.py:163} INFO - Started process (PID=120) to work on /home/airflow/.local/lib/python3.7/site-packages/airflow/example_dags/example_time_delta_sensor_async.py
[2021-11-13 13:18:46,199] {processor.py:620} INFO - Processing file /home/airflow/.local/lib/python3.7/site-packages/airflow/example_dags/example_time_delta_sensor_async.py for tasks to queue
[2021-11-13 13:18:46,200] {logging_mixin.py:109} INFO - [2021-11-13 13:18:46,199] {dagbag.py:500} INFO - Filling up the DagBag from /home/airflow/.local/lib/python3.7/site-packages/airflow/example_dags/example_time_delta_sensor_async.py
[2021-11-13 13:18:46,239] {processor.py:632} INFO - DAG(s) dict_keys(['example_time_delta_sensor_async']) retrieved from /home/airflow/.local/lib/python3.7/site-packages/airflow/example_dags/example_time_delta_sensor_async.py
[2021-11-13 13:18:48,966] {logging_mixin.py:109} INFO - [2021-11-13 13:18:48,966] {providers_manager.py:156} WARNING - Exception when importing 'airflow.providers.google.leveldb.hooks.leveldb.LevelDBHook' from 'apache-airflow-providers-google' package: No module named 'plyvel'
[2021-11-13 13:18:49,367] {logging_mixin.py:109} INFO - [2021-11-13 13:18:49,367] {providers_manager.py:156} WARNING - Exception when importing 'airflow.providers.google.leveldb.hooks.leveldb.LevelDBHook' from 'apache-airflow-providers-google' package: No module named 'plyvel'
[2021-11-13 13:18:49,385] {logging_mixin.py:109} INFO - [2021-11-13 13:18:49,385] {manager.py:496} INFO - Created Permission View: can read on DAG:example_time_delta_sensor_async
[2021-11-13 13:18:49,393] {logging_mixin.py:109} INFO - [2021-11-13 13:18:49,393] {manager.py:496} INFO - Created Permission View: can edit on DAG:example_time_delta_sensor_async
[2021-11-13 13:18:49,394] {logging_mixin.py:109} INFO - [2021-11-13 13:18:49,393] {dag.py:2389} INFO - Sync 1 DAGs
[2021-11-13 13:18:49,400] {logging_mixin.py:109} INFO - [2021-11-13 13:18:49,400] {dag.py:2408} INFO - Creating ORM DAG for example_time_delta_sensor_async
[2021-11-13 13:18:49,408] {logging_mixin.py:109} INFO - [2021-11-13 13:18:49,408] {dag.py:2921} INFO - Setting next_dagrun for example_time_delta_sensor_async to None
[2021-11-13 13:18:49,419] {processor.py:171} INFO - Processing /home/airflow/.local/lib/python3.7/site-packages/airflow/example_dags/example_time_delta_sensor_async.py took 3.226 seconds
[2021-11-13 13:19:19,803] {processor.py:163} INFO - Started process (PID=353) to work on /home/airflow/.local/lib/python3.7/site-packages/airflow/example_dags/example_time_delta_sensor_async.py
[2021-11-13 13:19:19,804] {processor.py:620} INFO - Processing file /home/airflow/.local/lib/python3.7/site-packages/airflow/example_dags/example_time_delta_sensor_async.py for tasks to queue
[2021-11-13 13:19:19,804] {logging_mixin.py:109} INFO - [2021-11-13 13:19:19,804] {dagbag.py:500} INFO - Filling up the DagBag from /home/airflow/.local/lib/python3.7/site-packages/airflow/example_dags/example_time_delta_sensor_async.py
[2021-11-13 13:19:19,824] {processor.py:632} INFO - DAG(s) dict_keys(['example_time_delta_sensor_async']) retrieved from /home/airflow/.local/lib/python3.7/site-packages/airflow/example_dags/example_time_delta_sensor_async.py
[2021-11-13 13:19:19,833] {logging_mixin.py:109} INFO - [2021-11-13 13:19:19,833] {dag.py:2389} INFO - Sync 1 DAGs
[2021-11-13 13:19:19,847] {logging_mixin.py:109} INFO - [2021-11-13 13:19:19,847] {dag.py:2921} INFO - Setting next_dagrun for example_time_delta_sensor_async to None
[2021-11-13 13:19:19,855] {processor.py:171} INFO - Processing /home/airflow/.local/lib/python3.7/site-packages/airflow/example_dags/example_time_delta_sensor_async.py took 0.054 seconds
[2021-11-13 13:19:50,250] {processor.py:163} INFO - Started process (PID=410) to work on /home/airflow/.local/lib/python3.7/site-packages/airflow/example_dags/example_time_delta_sensor_async.py
[2021-11-13 13:19:50,251] {processor.py:620} INFO - Processing file /home/airflow/.local/lib/python3.7/site-packages/airflow/example_dags/example_time_delta_sensor_async.py for tasks to queue
[2021-11-13 13:19:50,252] {logging_mixin.py:109} INFO - [2021-11-13 13:19:50,252] {dagbag.py:500} INFO - Filling up the DagBag from /home/airflow/.local/lib/python3.7/site-packages/airflow/example_dags/example_time_delta_sensor_async.py
[2021-11-13 13:19:50,282] {processor.py:632} INFO - DAG(s) dict_keys(['example_time_delta_sensor_async']) retrieved from /home/airflow/.local/lib/python3.7/site-packages/airflow/example_dags/example_time_delta_sensor_async.py
[2021-11-13 13:19:50,293] {logging_mixin.py:109} INFO - [2021-11-13 13:19:50,293] {dag.py:2389} INFO - Sync 1 DAGs
[2021-11-13 13:19:50,314] {logging_mixin.py:109} INFO - [2021-11-13 13:19:50,314] {dag.py:2921} INFO - Setting next_dagrun for example_time_delta_sensor_async to None
[2021-11-13 13:19:50,325] {processor.py:171} INFO - Processing /home/airflow/.local/lib/python3.7/site-packages/airflow/example_dags/example_time_delta_sensor_async.py took 0.078 seconds
[2021-11-13 13:20:21,240] {processor.py:163} INFO - Started process (PID=459) to work on /home/airflow/.local/lib/python3.7/site-packages/airflow/example_dags/example_time_delta_sensor_async.py
[2021-11-13 13:20:21,241] {processor.py:620} INFO - Processing file /home/airflow/.local/lib/python3.7/site-packages/airflow/example_dags/example_time_delta_sensor_async.py for tasks to queue
[2021-11-13 13:20:21,242] {logging_mixin.py:109} INFO - [2021-11-13 13:20:21,242] {dagbag.py:500} INFO - Filling up the DagBag from /home/airflow/.local/lib/python3.7/site-packages/airflow/example_dags/example_time_delta_sensor_async.py
[2021-11-13 13:20:21,266] {processor.py:632} INFO - DAG(s) dict_keys(['example_time_delta_sensor_async']) retrieved from /home/airflow/.local/lib/python3.7/site-packages/airflow/example_dags/example_time_delta_sensor_async.py
[2021-11-13 13:20:21,278] {logging_mixin.py:109} INFO - [2021-11-13 13:20:21,278] {dag.py:2389} INFO - Sync 1 DAGs
[2021-11-13 13:20:21,297] {logging_mixin.py:109} INFO - [2021-11-13 13:20:21,297] {dag.py:2921} INFO - Setting next_dagrun for example_time_delta_sensor_async to None
[2021-11-13 13:20:21,308] {processor.py:171} INFO - Processing /home/airflow/.local/lib/python3.7/site-packages/airflow/example_dags/example_time_delta_sensor_async.py took 0.070 seconds
[2021-11-13 13:20:51,629] {processor.py:163} INFO - Started process (PID=518) to work on /home/airflow/.local/lib/python3.7/site-packages/airflow/example_dags/example_time_delta_sensor_async.py
[2021-11-13 13:20:51,630] {processor.py:620} INFO - Processing file /home/airflow/.local/lib/python3.7/site-packages/airflow/example_dags/example_time_delta_sensor_async.py for tasks to queue
[2021-11-13 13:20:51,630] {logging_mixin.py:109} INFO - [2021-11-13 13:20:51,630] {dagbag.py:500} INFO - Filling up the DagBag from /home/airflow/.local/lib/python3.7/site-packages/airflow/example_dags/example_time_delta_sensor_async.py
[2021-11-13 13:20:51,652] {processor.py:632} INFO - DAG(s) dict_keys(['example_time_delta_sensor_async']) retrieved from /home/airflow/.local/lib/python3.7/site-packages/airflow/example_dags/example_time_delta_sensor_async.py
[2021-11-13 13:20:51,661] {logging_mixin.py:109} INFO - [2021-11-13 13:20:51,661] {dag.py:2389} INFO - Sync 1 DAGs
[2021-11-13 13:20:51,674] {logging_mixin.py:109} INFO - [2021-11-13 13:20:51,674] {dag.py:2921} INFO - Setting next_dagrun for example_time_delta_sensor_async to None
[2021-11-13 13:20:51,683] {processor.py:171} INFO - Processing /home/airflow/.local/lib/python3.7/site-packages/airflow/example_dags/example_time_delta_sensor_async.py took 0.056 seconds
[2021-11-13 13:21:21,770] {processor.py:163} INFO - Started process (PID=567) to work on /home/airflow/.local/lib/python3.7/site-packages/airflow/example_dags/example_time_delta_sensor_async.py
[2021-11-13 13:21:21,771] {processor.py:620} INFO - Processing file /home/airflow/.local/lib/python3.7/site-packages/airflow/example_dags/example_time_delta_sensor_async.py for tasks to queue
[2021-11-13 13:21:21,772] {logging_mixin.py:109} INFO - [2021-11-13 13:21:21,772] {dagbag.py:500} INFO - Filling up the DagBag from /home/airflow/.local/lib/python3.7/site-packages/airflow/example_dags/example_time_delta_sensor_async.py
[2021-11-13 13:21:21,803] {processor.py:632} INFO - DAG(s) dict_keys(['example_time_delta_sensor_async']) retrieved from /home/airflow/.local/lib/python3.7/site-packages/airflow/example_dags/example_time_delta_sensor_async.py
[2021-11-13 13:21:21,812] {logging_mixin.py:109} INFO - [2021-11-13 13:21:21,812] {dag.py:2389} INFO - Sync 1 DAGs
[2021-11-13 13:21:21,828] {logging_mixin.py:109} INFO - [2021-11-13 13:21:21,828] {dag.py:2921} INFO - Setting next_dagrun for example_time_delta_sensor_async to None
[2021-11-13 13:21:21,837] {processor.py:171} INFO - Processing /home/airflow/.local/lib/python3.7/site-packages/airflow/example_dags/example_time_delta_sensor_async.py took 0.070 seconds
[2021-11-13 13:21:51,909] {processor.py:163} INFO - Started process (PID=625) to work on /home/airflow/.local/lib/python3.7/site-packages/airflow/example_dags/example_time_delta_sensor_async.py
[2021-11-13 13:21:51,910] {processor.py:620} INFO - Processing file /home/airflow/.local/lib/python3.7/site-packages/airflow/example_dags/example_time_delta_sensor_async.py for tasks to queue
[2021-11-13 13:21:51,910] {logging_mixin.py:109} INFO - [2021-11-13 13:21:51,910] {dagbag.py:500} INFO - Filling up the DagBag from /home/airflow/.local/lib/python3.7/site-packages/airflow/example_dags/example_time_delta_sensor_async.py
[2021-11-13 13:21:51,932] {processor.py:632} INFO - DAG(s) dict_keys(['example_time_delta_sensor_async']) retrieved from /home/airflow/.local/lib/python3.7/site-packages/airflow/example_dags/example_time_delta_sensor_async.py
[2021-11-13 13:21:51,941] {logging_mixin.py:109} INFO - [2021-11-13 13:21:51,940] {dag.py:2389} INFO - Sync 1 DAGs
[2021-11-13 13:21:51,958] {logging_mixin.py:109} INFO - [2021-11-13 13:21:51,958] {dag.py:2921} INFO - Setting next_dagrun for example_time_delta_sensor_async to None
[2021-11-13 13:21:51,969] {processor.py:171} INFO - Processing /home/airflow/.local/lib/python3.7/site-packages/airflow/example_dags/example_time_delta_sensor_async.py took 0.063 seconds
[2021-11-13 13:22:22,869] {processor.py:163} INFO - Started process (PID=674) to work on /home/airflow/.local/lib/python3.7/site-packages/airflow/example_dags/example_time_delta_sensor_async.py
[2021-11-13 13:22:22,878] {processor.py:620} INFO - Processing file /home/airflow/.local/lib/python3.7/site-packages/airflow/example_dags/example_time_delta_sensor_async.py for tasks to queue
[2021-11-13 13:22:22,879] {logging_mixin.py:109} INFO - [2021-11-13 13:22:22,879] {dagbag.py:500} INFO - Filling up the DagBag from /home/airflow/.local/lib/python3.7/site-packages/airflow/example_dags/example_time_delta_sensor_async.py
[2021-11-13 13:22:22,952] {processor.py:632} INFO - DAG(s) dict_keys(['example_time_delta_sensor_async']) retrieved from /home/airflow/.local/lib/python3.7/site-packages/airflow/example_dags/example_time_delta_sensor_async.py
[2021-11-13 13:22:22,964] {logging_mixin.py:109} INFO - [2021-11-13 13:22:22,964] {dag.py:2389} INFO - Sync 1 DAGs
[2021-11-13 13:22:22,986] {logging_mixin.py:109} INFO - [2021-11-13 13:22:22,986] {dag.py:2921} INFO - Setting next_dagrun for example_time_delta_sensor_async to None
[2021-11-13 13:22:22,997] {processor.py:171} INFO - Processing /home/airflow/.local/lib/python3.7/site-packages/airflow/example_dags/example_time_delta_sensor_async.py took 0.130 seconds
[2021-11-13 13:22:53,068] {processor.py:163} INFO - Started process (PID=730) to work on /home/airflow/.local/lib/python3.7/site-packages/airflow/example_dags/example_time_delta_sensor_async.py
[2021-11-13 13:22:53,069] {processor.py:620} INFO - Processing file /home/airflow/.local/lib/python3.7/site-packages/airflow/example_dags/example_time_delta_sensor_async.py for tasks to queue
[2021-11-13 13:22:53,070] {logging_mixin.py:109} INFO - [2021-11-13 13:22:53,070] {dagbag.py:500} INFO - Filling up the DagBag from /home/airflow/.local/lib/python3.7/site-packages/airflow/example_dags/example_time_delta_sensor_async.py
[2021-11-13 13:22:53,095] {processor.py:632} INFO - DAG(s) dict_keys(['example_time_delta_sensor_async']) retrieved from /home/airflow/.local/lib/python3.7/site-packages/airflow/example_dags/example_time_delta_sensor_async.py
[2021-11-13 13:22:53,105] {logging_mixin.py:109} INFO - [2021-11-13 13:22:53,105] {dag.py:2389} INFO - Sync 1 DAGs
[2021-11-13 13:22:53,125] {logging_mixin.py:109} INFO - [2021-11-13 13:22:53,125] {dag.py:2921} INFO - Setting next_dagrun for example_time_delta_sensor_async to None
[2021-11-13 13:22:53,136] {processor.py:171} INFO - Processing /home/airflow/.local/lib/python3.7/site-packages/airflow/example_dags/example_time_delta_sensor_async.py took 0.071 seconds
[2021-11-13 13:23:23,169] {processor.py:163} INFO - Started process (PID=779) to work on /home/airflow/.local/lib/python3.7/site-packages/airflow/example_dags/example_time_delta_sensor_async.py
[2021-11-13 13:23:23,171] {processor.py:620} INFO - Processing file /home/airflow/.local/lib/python3.7/site-packages/airflow/example_dags/example_time_delta_sensor_async.py for tasks to queue
[2021-11-13 13:23:23,171] {logging_mixin.py:109} INFO - [2021-11-13 13:23:23,171] {dagbag.py:500} INFO - Filling up the DagBag from /home/airflow/.local/lib/python3.7/site-packages/airflow/example_dags/example_time_delta_sensor_async.py
[2021-11-13 13:23:23,197] {processor.py:632} INFO - DAG(s) dict_keys(['example_time_delta_sensor_async']) retrieved from /home/airflow/.local/lib/python3.7/site-packages/airflow/example_dags/example_time_delta_sensor_async.py
[2021-11-13 13:23:23,210] {logging_mixin.py:109} INFO - [2021-11-13 13:23:23,210] {dag.py:2389} INFO - Sync 1 DAGs
[2021-11-13 13:23:23,227] {logging_mixin.py:109} INFO - [2021-11-13 13:23:23,227] {dag.py:2921} INFO - Setting next_dagrun for example_time_delta_sensor_async to None
[2021-11-13 13:23:23,236] {processor.py:171} INFO - Processing /home/airflow/.local/lib/python3.7/site-packages/airflow/example_dags/example_time_delta_sensor_async.py took 0.070 seconds
