[2021-11-13 13:19:02,875] {processor.py:163} INFO - Started process (PID=235) to work on /home/airflow/.local/lib/python3.7/site-packages/airflow/example_dags/example_skip_dag.py
[2021-11-13 13:19:02,876] {processor.py:620} INFO - Processing file /home/airflow/.local/lib/python3.7/site-packages/airflow/example_dags/example_skip_dag.py for tasks to queue
[2021-11-13 13:19:02,877] {logging_mixin.py:109} INFO - [2021-11-13 13:19:02,877] {dagbag.py:500} INFO - Filling up the DagBag from /home/airflow/.local/lib/python3.7/site-packages/airflow/example_dags/example_skip_dag.py
[2021-11-13 13:19:02,904] {processor.py:632} INFO - DAG(s) dict_keys(['example_skip_dag']) retrieved from /home/airflow/.local/lib/python3.7/site-packages/airflow/example_dags/example_skip_dag.py
[2021-11-13 13:19:05,098] {logging_mixin.py:109} INFO - [2021-11-13 13:19:05,098] {providers_manager.py:156} WARNING - Exception when importing 'airflow.providers.google.leveldb.hooks.leveldb.LevelDBHook' from 'apache-airflow-providers-google' package: No module named 'plyvel'
[2021-11-13 13:19:05,629] {logging_mixin.py:109} INFO - [2021-11-13 13:19:05,629] {providers_manager.py:156} WARNING - Exception when importing 'airflow.providers.google.leveldb.hooks.leveldb.LevelDBHook' from 'apache-airflow-providers-google' package: No module named 'plyvel'
[2021-11-13 13:19:05,650] {logging_mixin.py:109} INFO - [2021-11-13 13:19:05,650] {manager.py:496} INFO - Created Permission View: can read on DAG:example_skip_dag
[2021-11-13 13:19:05,658] {logging_mixin.py:109} INFO - [2021-11-13 13:19:05,658] {manager.py:496} INFO - Created Permission View: can edit on DAG:example_skip_dag
[2021-11-13 13:19:05,659] {logging_mixin.py:109} INFO - [2021-11-13 13:19:05,658] {dag.py:2389} INFO - Sync 1 DAGs
[2021-11-13 13:19:05,665] {logging_mixin.py:109} INFO - [2021-11-13 13:19:05,665] {dag.py:2408} INFO - Creating ORM DAG for example_skip_dag
[2021-11-13 13:19:05,674] {logging_mixin.py:109} INFO - [2021-11-13 13:19:05,674] {dag.py:2921} INFO - Setting next_dagrun for example_skip_dag to 2021-11-12T13:19:05.674058+00:00
[2021-11-13 13:19:05,686] {processor.py:171} INFO - Processing /home/airflow/.local/lib/python3.7/site-packages/airflow/example_dags/example_skip_dag.py took 2.814 seconds
[2021-11-13 13:19:35,791] {processor.py:163} INFO - Started process (PID=380) to work on /home/airflow/.local/lib/python3.7/site-packages/airflow/example_dags/example_skip_dag.py
[2021-11-13 13:19:35,795] {processor.py:620} INFO - Processing file /home/airflow/.local/lib/python3.7/site-packages/airflow/example_dags/example_skip_dag.py for tasks to queue
[2021-11-13 13:19:35,796] {logging_mixin.py:109} INFO - [2021-11-13 13:19:35,796] {dagbag.py:500} INFO - Filling up the DagBag from /home/airflow/.local/lib/python3.7/site-packages/airflow/example_dags/example_skip_dag.py
[2021-11-13 13:19:35,834] {processor.py:632} INFO - DAG(s) dict_keys(['example_skip_dag']) retrieved from /home/airflow/.local/lib/python3.7/site-packages/airflow/example_dags/example_skip_dag.py
[2021-11-13 13:19:35,845] {logging_mixin.py:109} INFO - [2021-11-13 13:19:35,845] {dag.py:2389} INFO - Sync 1 DAGs
[2021-11-13 13:19:35,860] {logging_mixin.py:109} INFO - [2021-11-13 13:19:35,860] {dag.py:2921} INFO - Setting next_dagrun for example_skip_dag to 2021-11-12T13:19:35.860355+00:00
[2021-11-13 13:19:35,870] {processor.py:171} INFO - Processing /home/airflow/.local/lib/python3.7/site-packages/airflow/example_dags/example_skip_dag.py took 0.087 seconds
[2021-11-13 13:20:06,004] {processor.py:163} INFO - Started process (PID=429) to work on /home/airflow/.local/lib/python3.7/site-packages/airflow/example_dags/example_skip_dag.py
[2021-11-13 13:20:06,006] {processor.py:620} INFO - Processing file /home/airflow/.local/lib/python3.7/site-packages/airflow/example_dags/example_skip_dag.py for tasks to queue
[2021-11-13 13:20:06,007] {logging_mixin.py:109} INFO - [2021-11-13 13:20:06,007] {dagbag.py:500} INFO - Filling up the DagBag from /home/airflow/.local/lib/python3.7/site-packages/airflow/example_dags/example_skip_dag.py
[2021-11-13 13:20:06,035] {processor.py:632} INFO - DAG(s) dict_keys(['example_skip_dag']) retrieved from /home/airflow/.local/lib/python3.7/site-packages/airflow/example_dags/example_skip_dag.py
[2021-11-13 13:20:06,048] {logging_mixin.py:109} INFO - [2021-11-13 13:20:06,048] {dag.py:2389} INFO - Sync 1 DAGs
[2021-11-13 13:20:06,064] {logging_mixin.py:109} INFO - [2021-11-13 13:20:06,063] {dag.py:2921} INFO - Setting next_dagrun for example_skip_dag to 2021-11-12T13:20:06.063690+00:00
[2021-11-13 13:20:06,072] {processor.py:171} INFO - Processing /home/airflow/.local/lib/python3.7/site-packages/airflow/example_dags/example_skip_dag.py took 0.070 seconds
[2021-11-13 13:20:36,405] {processor.py:163} INFO - Started process (PID=488) to work on /home/airflow/.local/lib/python3.7/site-packages/airflow/example_dags/example_skip_dag.py
[2021-11-13 13:20:36,406] {processor.py:620} INFO - Processing file /home/airflow/.local/lib/python3.7/site-packages/airflow/example_dags/example_skip_dag.py for tasks to queue
[2021-11-13 13:20:36,407] {logging_mixin.py:109} INFO - [2021-11-13 13:20:36,407] {dagbag.py:500} INFO - Filling up the DagBag from /home/airflow/.local/lib/python3.7/site-packages/airflow/example_dags/example_skip_dag.py
[2021-11-13 13:20:36,429] {processor.py:632} INFO - DAG(s) dict_keys(['example_skip_dag']) retrieved from /home/airflow/.local/lib/python3.7/site-packages/airflow/example_dags/example_skip_dag.py
[2021-11-13 13:20:36,440] {logging_mixin.py:109} INFO - [2021-11-13 13:20:36,440] {dag.py:2389} INFO - Sync 1 DAGs
[2021-11-13 13:20:36,459] {logging_mixin.py:109} INFO - [2021-11-13 13:20:36,459] {dag.py:2921} INFO - Setting next_dagrun for example_skip_dag to 2021-11-12T13:20:36.459333+00:00
[2021-11-13 13:20:36,469] {processor.py:171} INFO - Processing /home/airflow/.local/lib/python3.7/site-packages/airflow/example_dags/example_skip_dag.py took 0.067 seconds
[2021-11-13 13:21:06,597] {processor.py:163} INFO - Started process (PID=537) to work on /home/airflow/.local/lib/python3.7/site-packages/airflow/example_dags/example_skip_dag.py
[2021-11-13 13:21:06,599] {processor.py:620} INFO - Processing file /home/airflow/.local/lib/python3.7/site-packages/airflow/example_dags/example_skip_dag.py for tasks to queue
[2021-11-13 13:21:06,599] {logging_mixin.py:109} INFO - [2021-11-13 13:21:06,599] {dagbag.py:500} INFO - Filling up the DagBag from /home/airflow/.local/lib/python3.7/site-packages/airflow/example_dags/example_skip_dag.py
[2021-11-13 13:21:06,631] {processor.py:632} INFO - DAG(s) dict_keys(['example_skip_dag']) retrieved from /home/airflow/.local/lib/python3.7/site-packages/airflow/example_dags/example_skip_dag.py
[2021-11-13 13:21:06,644] {logging_mixin.py:109} INFO - [2021-11-13 13:21:06,644] {dag.py:2389} INFO - Sync 1 DAGs
[2021-11-13 13:21:06,658] {logging_mixin.py:109} INFO - [2021-11-13 13:21:06,658] {dag.py:2921} INFO - Setting next_dagrun for example_skip_dag to 2021-11-12T13:21:06.658649+00:00
[2021-11-13 13:21:06,668] {processor.py:171} INFO - Processing /home/airflow/.local/lib/python3.7/site-packages/airflow/example_dags/example_skip_dag.py took 0.074 seconds
[2021-11-13 13:21:37,416] {processor.py:163} INFO - Started process (PID=595) to work on /home/airflow/.local/lib/python3.7/site-packages/airflow/example_dags/example_skip_dag.py
[2021-11-13 13:21:37,418] {processor.py:620} INFO - Processing file /home/airflow/.local/lib/python3.7/site-packages/airflow/example_dags/example_skip_dag.py for tasks to queue
[2021-11-13 13:21:37,418] {logging_mixin.py:109} INFO - [2021-11-13 13:21:37,418] {dagbag.py:500} INFO - Filling up the DagBag from /home/airflow/.local/lib/python3.7/site-packages/airflow/example_dags/example_skip_dag.py
[2021-11-13 13:21:37,438] {processor.py:632} INFO - DAG(s) dict_keys(['example_skip_dag']) retrieved from /home/airflow/.local/lib/python3.7/site-packages/airflow/example_dags/example_skip_dag.py
[2021-11-13 13:21:37,451] {logging_mixin.py:109} INFO - [2021-11-13 13:21:37,451] {dag.py:2389} INFO - Sync 1 DAGs
[2021-11-13 13:21:37,464] {logging_mixin.py:109} INFO - [2021-11-13 13:21:37,464] {dag.py:2921} INFO - Setting next_dagrun for example_skip_dag to 2021-11-12T13:21:37.464662+00:00
[2021-11-13 13:21:37,473] {processor.py:171} INFO - Processing /home/airflow/.local/lib/python3.7/site-packages/airflow/example_dags/example_skip_dag.py took 0.059 seconds
[2021-11-13 13:22:07,614] {processor.py:163} INFO - Started process (PID=643) to work on /home/airflow/.local/lib/python3.7/site-packages/airflow/example_dags/example_skip_dag.py
[2021-11-13 13:22:07,615] {processor.py:620} INFO - Processing file /home/airflow/.local/lib/python3.7/site-packages/airflow/example_dags/example_skip_dag.py for tasks to queue
[2021-11-13 13:22:07,616] {logging_mixin.py:109} INFO - [2021-11-13 13:22:07,616] {dagbag.py:500} INFO - Filling up the DagBag from /home/airflow/.local/lib/python3.7/site-packages/airflow/example_dags/example_skip_dag.py
[2021-11-13 13:22:07,639] {processor.py:632} INFO - DAG(s) dict_keys(['example_skip_dag']) retrieved from /home/airflow/.local/lib/python3.7/site-packages/airflow/example_dags/example_skip_dag.py
[2021-11-13 13:22:07,651] {logging_mixin.py:109} INFO - [2021-11-13 13:22:07,651] {dag.py:2389} INFO - Sync 1 DAGs
[2021-11-13 13:22:07,670] {logging_mixin.py:109} INFO - [2021-11-13 13:22:07,670] {dag.py:2921} INFO - Setting next_dagrun for example_skip_dag to 2021-11-12T13:22:07.670494+00:00
[2021-11-13 13:22:07,681] {processor.py:171} INFO - Processing /home/airflow/.local/lib/python3.7/site-packages/airflow/example_dags/example_skip_dag.py took 0.070 seconds
[2021-11-13 13:22:37,823] {processor.py:163} INFO - Started process (PID=692) to work on /home/airflow/.local/lib/python3.7/site-packages/airflow/example_dags/example_skip_dag.py
[2021-11-13 13:22:37,825] {processor.py:620} INFO - Processing file /home/airflow/.local/lib/python3.7/site-packages/airflow/example_dags/example_skip_dag.py for tasks to queue
[2021-11-13 13:22:37,825] {logging_mixin.py:109} INFO - [2021-11-13 13:22:37,825] {dagbag.py:500} INFO - Filling up the DagBag from /home/airflow/.local/lib/python3.7/site-packages/airflow/example_dags/example_skip_dag.py
[2021-11-13 13:22:37,846] {processor.py:632} INFO - DAG(s) dict_keys(['example_skip_dag']) retrieved from /home/airflow/.local/lib/python3.7/site-packages/airflow/example_dags/example_skip_dag.py
[2021-11-13 13:22:37,857] {logging_mixin.py:109} INFO - [2021-11-13 13:22:37,857] {dag.py:2389} INFO - Sync 1 DAGs
[2021-11-13 13:22:37,872] {logging_mixin.py:109} INFO - [2021-11-13 13:22:37,872] {dag.py:2921} INFO - Setting next_dagrun for example_skip_dag to 2021-11-12T13:22:37.872308+00:00
[2021-11-13 13:22:37,882] {processor.py:171} INFO - Processing /home/airflow/.local/lib/python3.7/site-packages/airflow/example_dags/example_skip_dag.py took 0.061 seconds
[2021-11-13 13:23:08,219] {processor.py:163} INFO - Started process (PID=749) to work on /home/airflow/.local/lib/python3.7/site-packages/airflow/example_dags/example_skip_dag.py
[2021-11-13 13:23:08,221] {processor.py:620} INFO - Processing file /home/airflow/.local/lib/python3.7/site-packages/airflow/example_dags/example_skip_dag.py for tasks to queue
[2021-11-13 13:23:08,221] {logging_mixin.py:109} INFO - [2021-11-13 13:23:08,221] {dagbag.py:500} INFO - Filling up the DagBag from /home/airflow/.local/lib/python3.7/site-packages/airflow/example_dags/example_skip_dag.py
[2021-11-13 13:23:08,240] {processor.py:632} INFO - DAG(s) dict_keys(['example_skip_dag']) retrieved from /home/airflow/.local/lib/python3.7/site-packages/airflow/example_dags/example_skip_dag.py
[2021-11-13 13:23:08,249] {logging_mixin.py:109} INFO - [2021-11-13 13:23:08,249] {dag.py:2389} INFO - Sync 1 DAGs
[2021-11-13 13:23:08,262] {logging_mixin.py:109} INFO - [2021-11-13 13:23:08,262] {dag.py:2921} INFO - Setting next_dagrun for example_skip_dag to 2021-11-12T13:23:08.262582+00:00
[2021-11-13 13:23:08,270] {processor.py:171} INFO - Processing /home/airflow/.local/lib/python3.7/site-packages/airflow/example_dags/example_skip_dag.py took 0.053 seconds
[2021-11-13 13:23:38,283] {processor.py:163} INFO - Started process (PID=798) to work on /home/airflow/.local/lib/python3.7/site-packages/airflow/example_dags/example_skip_dag.py
[2021-11-13 13:23:38,284] {processor.py:620} INFO - Processing file /home/airflow/.local/lib/python3.7/site-packages/airflow/example_dags/example_skip_dag.py for tasks to queue
[2021-11-13 13:23:38,285] {logging_mixin.py:109} INFO - [2021-11-13 13:23:38,285] {dagbag.py:500} INFO - Filling up the DagBag from /home/airflow/.local/lib/python3.7/site-packages/airflow/example_dags/example_skip_dag.py
[2021-11-13 13:23:38,306] {processor.py:632} INFO - DAG(s) dict_keys(['example_skip_dag']) retrieved from /home/airflow/.local/lib/python3.7/site-packages/airflow/example_dags/example_skip_dag.py
[2021-11-13 13:23:38,316] {logging_mixin.py:109} INFO - [2021-11-13 13:23:38,316] {dag.py:2389} INFO - Sync 1 DAGs
[2021-11-13 13:23:38,331] {logging_mixin.py:109} INFO - [2021-11-13 13:23:38,331] {dag.py:2921} INFO - Setting next_dagrun for example_skip_dag to 2021-11-12T13:23:38.330843+00:00
[2021-11-13 13:23:38,340] {processor.py:171} INFO - Processing /home/airflow/.local/lib/python3.7/site-packages/airflow/example_dags/example_skip_dag.py took 0.060 seconds
