[2021-11-13 13:19:08,848] {processor.py:163} INFO - Started process (PID=279) to work on /home/airflow/.local/lib/python3.7/site-packages/airflow/example_dags/example_branch_python_dop_operator_3.py
[2021-11-13 13:19:08,849] {processor.py:620} INFO - Processing file /home/airflow/.local/lib/python3.7/site-packages/airflow/example_dags/example_branch_python_dop_operator_3.py for tasks to queue
[2021-11-13 13:19:08,850] {logging_mixin.py:109} INFO - [2021-11-13 13:19:08,850] {dagbag.py:500} INFO - Filling up the DagBag from /home/airflow/.local/lib/python3.7/site-packages/airflow/example_dags/example_branch_python_dop_operator_3.py
[2021-11-13 13:19:08,883] {processor.py:632} INFO - DAG(s) dict_keys(['example_branch_dop_operator_v3']) retrieved from /home/airflow/.local/lib/python3.7/site-packages/airflow/example_dags/example_branch_python_dop_operator_3.py
[2021-11-13 13:19:10,901] {logging_mixin.py:109} INFO - [2021-11-13 13:19:10,901] {providers_manager.py:156} WARNING - Exception when importing 'airflow.providers.google.leveldb.hooks.leveldb.LevelDBHook' from 'apache-airflow-providers-google' package: No module named 'plyvel'
[2021-11-13 13:19:11,381] {logging_mixin.py:109} INFO - [2021-11-13 13:19:11,381] {providers_manager.py:156} WARNING - Exception when importing 'airflow.providers.google.leveldb.hooks.leveldb.LevelDBHook' from 'apache-airflow-providers-google' package: No module named 'plyvel'
[2021-11-13 13:19:11,403] {logging_mixin.py:109} INFO - [2021-11-13 13:19:11,403] {manager.py:496} INFO - Created Permission View: can read on DAG:example_branch_dop_operator_v3
[2021-11-13 13:19:11,411] {logging_mixin.py:109} INFO - [2021-11-13 13:19:11,410] {manager.py:496} INFO - Created Permission View: can edit on DAG:example_branch_dop_operator_v3
[2021-11-13 13:19:11,411] {logging_mixin.py:109} INFO - [2021-11-13 13:19:11,411] {dag.py:2389} INFO - Sync 1 DAGs
[2021-11-13 13:19:11,417] {logging_mixin.py:109} INFO - [2021-11-13 13:19:11,417] {dag.py:2408} INFO - Creating ORM DAG for example_branch_dop_operator_v3
[2021-11-13 13:19:11,433] {logging_mixin.py:109} INFO - [2021-11-13 13:19:11,433] {dag.py:2921} INFO - Setting next_dagrun for example_branch_dop_operator_v3 to 2021-11-13T13:18:00+00:00
[2021-11-13 13:19:11,445] {processor.py:171} INFO - Processing /home/airflow/.local/lib/python3.7/site-packages/airflow/example_dags/example_branch_python_dop_operator_3.py took 2.599 seconds
[2021-11-13 13:19:42,042] {processor.py:163} INFO - Started process (PID=384) to work on /home/airflow/.local/lib/python3.7/site-packages/airflow/example_dags/example_branch_python_dop_operator_3.py
[2021-11-13 13:19:42,044] {processor.py:620} INFO - Processing file /home/airflow/.local/lib/python3.7/site-packages/airflow/example_dags/example_branch_python_dop_operator_3.py for tasks to queue
[2021-11-13 13:19:42,044] {logging_mixin.py:109} INFO - [2021-11-13 13:19:42,044] {dagbag.py:500} INFO - Filling up the DagBag from /home/airflow/.local/lib/python3.7/site-packages/airflow/example_dags/example_branch_python_dop_operator_3.py
[2021-11-13 13:19:42,070] {processor.py:632} INFO - DAG(s) dict_keys(['example_branch_dop_operator_v3']) retrieved from /home/airflow/.local/lib/python3.7/site-packages/airflow/example_dags/example_branch_python_dop_operator_3.py
[2021-11-13 13:19:42,079] {logging_mixin.py:109} INFO - [2021-11-13 13:19:42,079] {dag.py:2389} INFO - Sync 1 DAGs
[2021-11-13 13:19:42,102] {logging_mixin.py:109} INFO - [2021-11-13 13:19:42,102] {dag.py:2921} INFO - Setting next_dagrun for example_branch_dop_operator_v3 to 2021-11-13T13:18:00+00:00
[2021-11-13 13:19:42,110] {processor.py:171} INFO - Processing /home/airflow/.local/lib/python3.7/site-packages/airflow/example_dags/example_branch_python_dop_operator_3.py took 0.070 seconds
[2021-11-13 13:20:12,201] {processor.py:163} INFO - Started process (PID=441) to work on /home/airflow/.local/lib/python3.7/site-packages/airflow/example_dags/example_branch_python_dop_operator_3.py
[2021-11-13 13:20:12,203] {processor.py:620} INFO - Processing file /home/airflow/.local/lib/python3.7/site-packages/airflow/example_dags/example_branch_python_dop_operator_3.py for tasks to queue
[2021-11-13 13:20:12,203] {logging_mixin.py:109} INFO - [2021-11-13 13:20:12,203] {dagbag.py:500} INFO - Filling up the DagBag from /home/airflow/.local/lib/python3.7/site-packages/airflow/example_dags/example_branch_python_dop_operator_3.py
[2021-11-13 13:20:12,241] {processor.py:632} INFO - DAG(s) dict_keys(['example_branch_dop_operator_v3']) retrieved from /home/airflow/.local/lib/python3.7/site-packages/airflow/example_dags/example_branch_python_dop_operator_3.py
[2021-11-13 13:20:12,253] {logging_mixin.py:109} INFO - [2021-11-13 13:20:12,253] {dag.py:2389} INFO - Sync 1 DAGs
[2021-11-13 13:20:12,280] {logging_mixin.py:109} INFO - [2021-11-13 13:20:12,280] {dag.py:2921} INFO - Setting next_dagrun for example_branch_dop_operator_v3 to 2021-11-13T13:19:00+00:00
[2021-11-13 13:20:12,292] {processor.py:171} INFO - Processing /home/airflow/.local/lib/python3.7/site-packages/airflow/example_dags/example_branch_python_dop_operator_3.py took 0.097 seconds
[2021-11-13 13:20:42,573] {processor.py:163} INFO - Started process (PID=492) to work on /home/airflow/.local/lib/python3.7/site-packages/airflow/example_dags/example_branch_python_dop_operator_3.py
[2021-11-13 13:20:42,575] {processor.py:620} INFO - Processing file /home/airflow/.local/lib/python3.7/site-packages/airflow/example_dags/example_branch_python_dop_operator_3.py for tasks to queue
[2021-11-13 13:20:42,576] {logging_mixin.py:109} INFO - [2021-11-13 13:20:42,576] {dagbag.py:500} INFO - Filling up the DagBag from /home/airflow/.local/lib/python3.7/site-packages/airflow/example_dags/example_branch_python_dop_operator_3.py
[2021-11-13 13:20:42,607] {processor.py:632} INFO - DAG(s) dict_keys(['example_branch_dop_operator_v3']) retrieved from /home/airflow/.local/lib/python3.7/site-packages/airflow/example_dags/example_branch_python_dop_operator_3.py
[2021-11-13 13:20:42,616] {logging_mixin.py:109} INFO - [2021-11-13 13:20:42,616] {dag.py:2389} INFO - Sync 1 DAGs
[2021-11-13 13:20:42,637] {logging_mixin.py:109} INFO - [2021-11-13 13:20:42,637] {dag.py:2921} INFO - Setting next_dagrun for example_branch_dop_operator_v3 to 2021-11-13T13:19:00+00:00
[2021-11-13 13:20:42,646] {processor.py:171} INFO - Processing /home/airflow/.local/lib/python3.7/site-packages/airflow/example_dags/example_branch_python_dop_operator_3.py took 0.079 seconds
[2021-11-13 13:21:12,783] {processor.py:163} INFO - Started process (PID=549) to work on /home/airflow/.local/lib/python3.7/site-packages/airflow/example_dags/example_branch_python_dop_operator_3.py
[2021-11-13 13:21:12,784] {processor.py:620} INFO - Processing file /home/airflow/.local/lib/python3.7/site-packages/airflow/example_dags/example_branch_python_dop_operator_3.py for tasks to queue
[2021-11-13 13:21:12,785] {logging_mixin.py:109} INFO - [2021-11-13 13:21:12,785] {dagbag.py:500} INFO - Filling up the DagBag from /home/airflow/.local/lib/python3.7/site-packages/airflow/example_dags/example_branch_python_dop_operator_3.py
[2021-11-13 13:21:12,807] {processor.py:632} INFO - DAG(s) dict_keys(['example_branch_dop_operator_v3']) retrieved from /home/airflow/.local/lib/python3.7/site-packages/airflow/example_dags/example_branch_python_dop_operator_3.py
[2021-11-13 13:21:12,815] {logging_mixin.py:109} INFO - [2021-11-13 13:21:12,815] {dag.py:2389} INFO - Sync 1 DAGs
[2021-11-13 13:21:12,832] {logging_mixin.py:109} INFO - [2021-11-13 13:21:12,832] {dag.py:2921} INFO - Setting next_dagrun for example_branch_dop_operator_v3 to 2021-11-13T13:20:00+00:00
[2021-11-13 13:21:12,840] {processor.py:171} INFO - Processing /home/airflow/.local/lib/python3.7/site-packages/airflow/example_dags/example_branch_python_dop_operator_3.py took 0.060 seconds
[2021-11-13 13:21:43,699] {processor.py:163} INFO - Started process (PID=599) to work on /home/airflow/.local/lib/python3.7/site-packages/airflow/example_dags/example_branch_python_dop_operator_3.py
[2021-11-13 13:21:43,701] {processor.py:620} INFO - Processing file /home/airflow/.local/lib/python3.7/site-packages/airflow/example_dags/example_branch_python_dop_operator_3.py for tasks to queue
[2021-11-13 13:21:43,701] {logging_mixin.py:109} INFO - [2021-11-13 13:21:43,701] {dagbag.py:500} INFO - Filling up the DagBag from /home/airflow/.local/lib/python3.7/site-packages/airflow/example_dags/example_branch_python_dop_operator_3.py
[2021-11-13 13:21:43,724] {processor.py:632} INFO - DAG(s) dict_keys(['example_branch_dop_operator_v3']) retrieved from /home/airflow/.local/lib/python3.7/site-packages/airflow/example_dags/example_branch_python_dop_operator_3.py
[2021-11-13 13:21:43,733] {logging_mixin.py:109} INFO - [2021-11-13 13:21:43,733] {dag.py:2389} INFO - Sync 1 DAGs
[2021-11-13 13:21:43,753] {logging_mixin.py:109} INFO - [2021-11-13 13:21:43,753] {dag.py:2921} INFO - Setting next_dagrun for example_branch_dop_operator_v3 to 2021-11-13T13:20:00+00:00
[2021-11-13 13:21:43,762] {processor.py:171} INFO - Processing /home/airflow/.local/lib/python3.7/site-packages/airflow/example_dags/example_branch_python_dop_operator_3.py took 0.065 seconds
[2021-11-13 13:22:13,809] {processor.py:163} INFO - Started process (PID=654) to work on /home/airflow/.local/lib/python3.7/site-packages/airflow/example_dags/example_branch_python_dop_operator_3.py
[2021-11-13 13:22:13,811] {processor.py:620} INFO - Processing file /home/airflow/.local/lib/python3.7/site-packages/airflow/example_dags/example_branch_python_dop_operator_3.py for tasks to queue
[2021-11-13 13:22:13,811] {logging_mixin.py:109} INFO - [2021-11-13 13:22:13,811] {dagbag.py:500} INFO - Filling up the DagBag from /home/airflow/.local/lib/python3.7/site-packages/airflow/example_dags/example_branch_python_dop_operator_3.py
[2021-11-13 13:22:13,845] {processor.py:632} INFO - DAG(s) dict_keys(['example_branch_dop_operator_v3']) retrieved from /home/airflow/.local/lib/python3.7/site-packages/airflow/example_dags/example_branch_python_dop_operator_3.py
[2021-11-13 13:22:13,855] {logging_mixin.py:109} INFO - [2021-11-13 13:22:13,855] {dag.py:2389} INFO - Sync 1 DAGs
[2021-11-13 13:22:13,881] {logging_mixin.py:109} INFO - [2021-11-13 13:22:13,881] {dag.py:2921} INFO - Setting next_dagrun for example_branch_dop_operator_v3 to 2021-11-13T13:21:00+00:00
[2021-11-13 13:22:13,891] {processor.py:171} INFO - Processing /home/airflow/.local/lib/python3.7/site-packages/airflow/example_dags/example_branch_python_dop_operator_3.py took 0.085 seconds
[2021-11-13 13:22:44,055] {processor.py:163} INFO - Started process (PID=705) to work on /home/airflow/.local/lib/python3.7/site-packages/airflow/example_dags/example_branch_python_dop_operator_3.py
[2021-11-13 13:22:44,058] {processor.py:620} INFO - Processing file /home/airflow/.local/lib/python3.7/site-packages/airflow/example_dags/example_branch_python_dop_operator_3.py for tasks to queue
[2021-11-13 13:22:44,060] {logging_mixin.py:109} INFO - [2021-11-13 13:22:44,059] {dagbag.py:500} INFO - Filling up the DagBag from /home/airflow/.local/lib/python3.7/site-packages/airflow/example_dags/example_branch_python_dop_operator_3.py
[2021-11-13 13:22:44,098] {processor.py:632} INFO - DAG(s) dict_keys(['example_branch_dop_operator_v3']) retrieved from /home/airflow/.local/lib/python3.7/site-packages/airflow/example_dags/example_branch_python_dop_operator_3.py
[2021-11-13 13:22:44,107] {logging_mixin.py:109} INFO - [2021-11-13 13:22:44,107] {dag.py:2389} INFO - Sync 1 DAGs
[2021-11-13 13:22:44,126] {logging_mixin.py:109} INFO - [2021-11-13 13:22:44,126] {dag.py:2921} INFO - Setting next_dagrun for example_branch_dop_operator_v3 to 2021-11-13T13:21:00+00:00
[2021-11-13 13:22:44,135] {processor.py:171} INFO - Processing /home/airflow/.local/lib/python3.7/site-packages/airflow/example_dags/example_branch_python_dop_operator_3.py took 0.088 seconds
[2021-11-13 13:23:14,406] {processor.py:163} INFO - Started process (PID=754) to work on /home/airflow/.local/lib/python3.7/site-packages/airflow/example_dags/example_branch_python_dop_operator_3.py
[2021-11-13 13:23:14,408] {processor.py:620} INFO - Processing file /home/airflow/.local/lib/python3.7/site-packages/airflow/example_dags/example_branch_python_dop_operator_3.py for tasks to queue
[2021-11-13 13:23:14,408] {logging_mixin.py:109} INFO - [2021-11-13 13:23:14,408] {dagbag.py:500} INFO - Filling up the DagBag from /home/airflow/.local/lib/python3.7/site-packages/airflow/example_dags/example_branch_python_dop_operator_3.py
[2021-11-13 13:23:14,430] {processor.py:632} INFO - DAG(s) dict_keys(['example_branch_dop_operator_v3']) retrieved from /home/airflow/.local/lib/python3.7/site-packages/airflow/example_dags/example_branch_python_dop_operator_3.py
[2021-11-13 13:23:14,437] {logging_mixin.py:109} INFO - [2021-11-13 13:23:14,437] {dag.py:2389} INFO - Sync 1 DAGs
[2021-11-13 13:23:14,454] {logging_mixin.py:109} INFO - [2021-11-13 13:23:14,454] {dag.py:2921} INFO - Setting next_dagrun for example_branch_dop_operator_v3 to 2021-11-13T13:22:00+00:00
[2021-11-13 13:23:14,464] {processor.py:171} INFO - Processing /home/airflow/.local/lib/python3.7/site-packages/airflow/example_dags/example_branch_python_dop_operator_3.py took 0.060 seconds
