[2021-11-13 13:18:37,484] {processor.py:163} INFO - Started process (PID=82) to work on /home/airflow/.local/lib/python3.7/site-packages/airflow/example_dags/example_kubernetes_executor.py
[2021-11-13 13:18:37,486] {processor.py:620} INFO - Processing file /home/airflow/.local/lib/python3.7/site-packages/airflow/example_dags/example_kubernetes_executor.py for tasks to queue
[2021-11-13 13:18:37,487] {logging_mixin.py:109} INFO - [2021-11-13 13:18:37,487] {dagbag.py:500} INFO - Filling up the DagBag from /home/airflow/.local/lib/python3.7/site-packages/airflow/example_dags/example_kubernetes_executor.py
[2021-11-13 13:18:37,534] {processor.py:632} INFO - DAG(s) dict_keys(['example_kubernetes_executor']) retrieved from /home/airflow/.local/lib/python3.7/site-packages/airflow/example_dags/example_kubernetes_executor.py
[2021-11-13 13:18:40,923] {logging_mixin.py:109} INFO - [2021-11-13 13:18:40,923] {providers_manager.py:156} WARNING - Exception when importing 'airflow.providers.google.leveldb.hooks.leveldb.LevelDBHook' from 'apache-airflow-providers-google' package: No module named 'plyvel'
[2021-11-13 13:18:41,802] {logging_mixin.py:109} INFO - [2021-11-13 13:18:41,802] {providers_manager.py:156} WARNING - Exception when importing 'airflow.providers.google.leveldb.hooks.leveldb.LevelDBHook' from 'apache-airflow-providers-google' package: No module named 'plyvel'
[2021-11-13 13:18:41,838] {logging_mixin.py:109} INFO - [2021-11-13 13:18:41,838] {manager.py:496} INFO - Created Permission View: can read on DAG:example_kubernetes_executor
[2021-11-13 13:18:41,853] {logging_mixin.py:109} INFO - [2021-11-13 13:18:41,853] {manager.py:496} INFO - Created Permission View: can edit on DAG:example_kubernetes_executor
[2021-11-13 13:18:41,854] {logging_mixin.py:109} INFO - [2021-11-13 13:18:41,853] {dag.py:2389} INFO - Sync 1 DAGs
[2021-11-13 13:18:41,868] {logging_mixin.py:109} INFO - [2021-11-13 13:18:41,868] {dag.py:2408} INFO - Creating ORM DAG for example_kubernetes_executor
[2021-11-13 13:18:41,885] {logging_mixin.py:109} INFO - [2021-11-13 13:18:41,885] {dag.py:2921} INFO - Setting next_dagrun for example_kubernetes_executor to None
[2021-11-13 13:18:41,905] {processor.py:171} INFO - Processing /home/airflow/.local/lib/python3.7/site-packages/airflow/example_dags/example_kubernetes_executor.py took 4.424 seconds
[2021-11-13 13:19:17,448] {processor.py:163} INFO - Started process (PID=341) to work on /home/airflow/.local/lib/python3.7/site-packages/airflow/example_dags/example_kubernetes_executor.py
[2021-11-13 13:19:17,449] {processor.py:620} INFO - Processing file /home/airflow/.local/lib/python3.7/site-packages/airflow/example_dags/example_kubernetes_executor.py for tasks to queue
[2021-11-13 13:19:17,450] {logging_mixin.py:109} INFO - [2021-11-13 13:19:17,450] {dagbag.py:500} INFO - Filling up the DagBag from /home/airflow/.local/lib/python3.7/site-packages/airflow/example_dags/example_kubernetes_executor.py
[2021-11-13 13:19:17,486] {processor.py:632} INFO - DAG(s) dict_keys(['example_kubernetes_executor']) retrieved from /home/airflow/.local/lib/python3.7/site-packages/airflow/example_dags/example_kubernetes_executor.py
[2021-11-13 13:19:17,500] {logging_mixin.py:109} INFO - [2021-11-13 13:19:17,500] {dag.py:2389} INFO - Sync 1 DAGs
[2021-11-13 13:19:17,522] {logging_mixin.py:109} INFO - [2021-11-13 13:19:17,522] {dag.py:2921} INFO - Setting next_dagrun for example_kubernetes_executor to None
[2021-11-13 13:19:17,544] {processor.py:171} INFO - Processing /home/airflow/.local/lib/python3.7/site-packages/airflow/example_dags/example_kubernetes_executor.py took 0.101 seconds
[2021-11-13 13:19:48,109] {processor.py:163} INFO - Started process (PID=405) to work on /home/airflow/.local/lib/python3.7/site-packages/airflow/example_dags/example_kubernetes_executor.py
[2021-11-13 13:19:48,110] {processor.py:620} INFO - Processing file /home/airflow/.local/lib/python3.7/site-packages/airflow/example_dags/example_kubernetes_executor.py for tasks to queue
[2021-11-13 13:19:48,111] {logging_mixin.py:109} INFO - [2021-11-13 13:19:48,111] {dagbag.py:500} INFO - Filling up the DagBag from /home/airflow/.local/lib/python3.7/site-packages/airflow/example_dags/example_kubernetes_executor.py
[2021-11-13 13:19:48,156] {processor.py:632} INFO - DAG(s) dict_keys(['example_kubernetes_executor']) retrieved from /home/airflow/.local/lib/python3.7/site-packages/airflow/example_dags/example_kubernetes_executor.py
[2021-11-13 13:19:48,171] {logging_mixin.py:109} INFO - [2021-11-13 13:19:48,171] {dag.py:2389} INFO - Sync 1 DAGs
[2021-11-13 13:19:48,192] {logging_mixin.py:109} INFO - [2021-11-13 13:19:48,192] {dag.py:2921} INFO - Setting next_dagrun for example_kubernetes_executor to None
[2021-11-13 13:19:48,208] {processor.py:171} INFO - Processing /home/airflow/.local/lib/python3.7/site-packages/airflow/example_dags/example_kubernetes_executor.py took 0.104 seconds
[2021-11-13 13:20:18,912] {processor.py:163} INFO - Started process (PID=454) to work on /home/airflow/.local/lib/python3.7/site-packages/airflow/example_dags/example_kubernetes_executor.py
[2021-11-13 13:20:18,913] {processor.py:620} INFO - Processing file /home/airflow/.local/lib/python3.7/site-packages/airflow/example_dags/example_kubernetes_executor.py for tasks to queue
[2021-11-13 13:20:18,914] {logging_mixin.py:109} INFO - [2021-11-13 13:20:18,914] {dagbag.py:500} INFO - Filling up the DagBag from /home/airflow/.local/lib/python3.7/site-packages/airflow/example_dags/example_kubernetes_executor.py
[2021-11-13 13:20:18,939] {processor.py:632} INFO - DAG(s) dict_keys(['example_kubernetes_executor']) retrieved from /home/airflow/.local/lib/python3.7/site-packages/airflow/example_dags/example_kubernetes_executor.py
[2021-11-13 13:20:18,949] {logging_mixin.py:109} INFO - [2021-11-13 13:20:18,949] {dag.py:2389} INFO - Sync 1 DAGs
[2021-11-13 13:20:18,964] {logging_mixin.py:109} INFO - [2021-11-13 13:20:18,964] {dag.py:2921} INFO - Setting next_dagrun for example_kubernetes_executor to None
[2021-11-13 13:20:18,972] {processor.py:171} INFO - Processing /home/airflow/.local/lib/python3.7/site-packages/airflow/example_dags/example_kubernetes_executor.py took 0.062 seconds
[2021-11-13 13:20:49,049] {processor.py:163} INFO - Started process (PID=512) to work on /home/airflow/.local/lib/python3.7/site-packages/airflow/example_dags/example_kubernetes_executor.py
[2021-11-13 13:20:49,050] {processor.py:620} INFO - Processing file /home/airflow/.local/lib/python3.7/site-packages/airflow/example_dags/example_kubernetes_executor.py for tasks to queue
[2021-11-13 13:20:49,050] {logging_mixin.py:109} INFO - [2021-11-13 13:20:49,050] {dagbag.py:500} INFO - Filling up the DagBag from /home/airflow/.local/lib/python3.7/site-packages/airflow/example_dags/example_kubernetes_executor.py
[2021-11-13 13:20:49,075] {processor.py:632} INFO - DAG(s) dict_keys(['example_kubernetes_executor']) retrieved from /home/airflow/.local/lib/python3.7/site-packages/airflow/example_dags/example_kubernetes_executor.py
[2021-11-13 13:20:49,084] {logging_mixin.py:109} INFO - [2021-11-13 13:20:49,084] {dag.py:2389} INFO - Sync 1 DAGs
[2021-11-13 13:20:49,098] {logging_mixin.py:109} INFO - [2021-11-13 13:20:49,098] {dag.py:2921} INFO - Setting next_dagrun for example_kubernetes_executor to None
[2021-11-13 13:20:49,107] {processor.py:171} INFO - Processing /home/airflow/.local/lib/python3.7/site-packages/airflow/example_dags/example_kubernetes_executor.py took 0.061 seconds
[2021-11-13 13:21:19,246] {processor.py:163} INFO - Started process (PID=561) to work on /home/airflow/.local/lib/python3.7/site-packages/airflow/example_dags/example_kubernetes_executor.py
[2021-11-13 13:21:19,247] {processor.py:620} INFO - Processing file /home/airflow/.local/lib/python3.7/site-packages/airflow/example_dags/example_kubernetes_executor.py for tasks to queue
[2021-11-13 13:21:19,248] {logging_mixin.py:109} INFO - [2021-11-13 13:21:19,247] {dagbag.py:500} INFO - Filling up the DagBag from /home/airflow/.local/lib/python3.7/site-packages/airflow/example_dags/example_kubernetes_executor.py
[2021-11-13 13:21:19,300] {processor.py:632} INFO - DAG(s) dict_keys(['example_kubernetes_executor']) retrieved from /home/airflow/.local/lib/python3.7/site-packages/airflow/example_dags/example_kubernetes_executor.py
[2021-11-13 13:21:19,311] {logging_mixin.py:109} INFO - [2021-11-13 13:21:19,311] {dag.py:2389} INFO - Sync 1 DAGs
[2021-11-13 13:21:19,328] {logging_mixin.py:109} INFO - [2021-11-13 13:21:19,328] {dag.py:2921} INFO - Setting next_dagrun for example_kubernetes_executor to None
[2021-11-13 13:21:19,336] {processor.py:171} INFO - Processing /home/airflow/.local/lib/python3.7/site-packages/airflow/example_dags/example_kubernetes_executor.py took 0.094 seconds
[2021-11-13 13:21:49,360] {processor.py:163} INFO - Started process (PID=619) to work on /home/airflow/.local/lib/python3.7/site-packages/airflow/example_dags/example_kubernetes_executor.py
[2021-11-13 13:21:49,361] {processor.py:620} INFO - Processing file /home/airflow/.local/lib/python3.7/site-packages/airflow/example_dags/example_kubernetes_executor.py for tasks to queue
[2021-11-13 13:21:49,362] {logging_mixin.py:109} INFO - [2021-11-13 13:21:49,362] {dagbag.py:500} INFO - Filling up the DagBag from /home/airflow/.local/lib/python3.7/site-packages/airflow/example_dags/example_kubernetes_executor.py
[2021-11-13 13:21:49,384] {processor.py:632} INFO - DAG(s) dict_keys(['example_kubernetes_executor']) retrieved from /home/airflow/.local/lib/python3.7/site-packages/airflow/example_dags/example_kubernetes_executor.py
[2021-11-13 13:21:49,393] {logging_mixin.py:109} INFO - [2021-11-13 13:21:49,393] {dag.py:2389} INFO - Sync 1 DAGs
[2021-11-13 13:21:49,412] {logging_mixin.py:109} INFO - [2021-11-13 13:21:49,411] {dag.py:2921} INFO - Setting next_dagrun for example_kubernetes_executor to None
[2021-11-13 13:21:49,423] {processor.py:171} INFO - Processing /home/airflow/.local/lib/python3.7/site-packages/airflow/example_dags/example_kubernetes_executor.py took 0.066 seconds
[2021-11-13 13:22:19,542] {processor.py:163} INFO - Started process (PID=668) to work on /home/airflow/.local/lib/python3.7/site-packages/airflow/example_dags/example_kubernetes_executor.py
[2021-11-13 13:22:19,544] {processor.py:620} INFO - Processing file /home/airflow/.local/lib/python3.7/site-packages/airflow/example_dags/example_kubernetes_executor.py for tasks to queue
[2021-11-13 13:22:19,544] {logging_mixin.py:109} INFO - [2021-11-13 13:22:19,544] {dagbag.py:500} INFO - Filling up the DagBag from /home/airflow/.local/lib/python3.7/site-packages/airflow/example_dags/example_kubernetes_executor.py
[2021-11-13 13:22:19,574] {processor.py:632} INFO - DAG(s) dict_keys(['example_kubernetes_executor']) retrieved from /home/airflow/.local/lib/python3.7/site-packages/airflow/example_dags/example_kubernetes_executor.py
[2021-11-13 13:22:19,586] {logging_mixin.py:109} INFO - [2021-11-13 13:22:19,585] {dag.py:2389} INFO - Sync 1 DAGs
[2021-11-13 13:22:19,604] {logging_mixin.py:109} INFO - [2021-11-13 13:22:19,604] {dag.py:2921} INFO - Setting next_dagrun for example_kubernetes_executor to None
[2021-11-13 13:22:19,615] {processor.py:171} INFO - Processing /home/airflow/.local/lib/python3.7/site-packages/airflow/example_dags/example_kubernetes_executor.py took 0.077 seconds
[2021-11-13 13:22:49,819] {processor.py:163} INFO - Started process (PID=717) to work on /home/airflow/.local/lib/python3.7/site-packages/airflow/example_dags/example_kubernetes_executor.py
[2021-11-13 13:22:49,820] {processor.py:620} INFO - Processing file /home/airflow/.local/lib/python3.7/site-packages/airflow/example_dags/example_kubernetes_executor.py for tasks to queue
[2021-11-13 13:22:49,820] {logging_mixin.py:109} INFO - [2021-11-13 13:22:49,820] {dagbag.py:500} INFO - Filling up the DagBag from /home/airflow/.local/lib/python3.7/site-packages/airflow/example_dags/example_kubernetes_executor.py
[2021-11-13 13:22:49,847] {processor.py:632} INFO - DAG(s) dict_keys(['example_kubernetes_executor']) retrieved from /home/airflow/.local/lib/python3.7/site-packages/airflow/example_dags/example_kubernetes_executor.py
[2021-11-13 13:22:49,859] {logging_mixin.py:109} INFO - [2021-11-13 13:22:49,859] {dag.py:2389} INFO - Sync 1 DAGs
[2021-11-13 13:22:49,882] {logging_mixin.py:109} INFO - [2021-11-13 13:22:49,881] {dag.py:2921} INFO - Setting next_dagrun for example_kubernetes_executor to None
[2021-11-13 13:22:49,893] {processor.py:171} INFO - Processing /home/airflow/.local/lib/python3.7/site-packages/airflow/example_dags/example_kubernetes_executor.py took 0.077 seconds
[2021-11-13 13:23:20,006] {processor.py:163} INFO - Started process (PID=774) to work on /home/airflow/.local/lib/python3.7/site-packages/airflow/example_dags/example_kubernetes_executor.py
[2021-11-13 13:23:20,007] {processor.py:620} INFO - Processing file /home/airflow/.local/lib/python3.7/site-packages/airflow/example_dags/example_kubernetes_executor.py for tasks to queue
[2021-11-13 13:23:20,007] {logging_mixin.py:109} INFO - [2021-11-13 13:23:20,007] {dagbag.py:500} INFO - Filling up the DagBag from /home/airflow/.local/lib/python3.7/site-packages/airflow/example_dags/example_kubernetes_executor.py
[2021-11-13 13:23:20,029] {processor.py:632} INFO - DAG(s) dict_keys(['example_kubernetes_executor']) retrieved from /home/airflow/.local/lib/python3.7/site-packages/airflow/example_dags/example_kubernetes_executor.py
[2021-11-13 13:23:20,038] {logging_mixin.py:109} INFO - [2021-11-13 13:23:20,038] {dag.py:2389} INFO - Sync 1 DAGs
[2021-11-13 13:23:20,053] {logging_mixin.py:109} INFO - [2021-11-13 13:23:20,053] {dag.py:2921} INFO - Setting next_dagrun for example_kubernetes_executor to None
[2021-11-13 13:23:20,061] {processor.py:171} INFO - Processing /home/airflow/.local/lib/python3.7/site-packages/airflow/example_dags/example_kubernetes_executor.py took 0.058 seconds
