[2021-11-13 13:18:26,913] {processor.py:163} INFO - Started process (PID=39) to work on /home/airflow/.local/lib/python3.7/site-packages/airflow/example_dags/example_latest_only.py
[2021-11-13 13:18:26,915] {processor.py:620} INFO - Processing file /home/airflow/.local/lib/python3.7/site-packages/airflow/example_dags/example_latest_only.py for tasks to queue
[2021-11-13 13:18:26,916] {logging_mixin.py:109} INFO - [2021-11-13 13:18:26,915] {dagbag.py:500} INFO - Filling up the DagBag from /home/airflow/.local/lib/python3.7/site-packages/airflow/example_dags/example_latest_only.py
[2021-11-13 13:18:26,968] {processor.py:632} INFO - DAG(s) dict_keys(['latest_only']) retrieved from /home/airflow/.local/lib/python3.7/site-packages/airflow/example_dags/example_latest_only.py
[2021-11-13 13:18:32,524] {logging_mixin.py:109} INFO - [2021-11-13 13:18:32,524] {providers_manager.py:156} WARNING - Exception when importing 'airflow.providers.google.leveldb.hooks.leveldb.LevelDBHook' from 'apache-airflow-providers-google' package: No module named 'plyvel'
[2021-11-13 13:18:34,063] {logging_mixin.py:109} INFO - [2021-11-13 13:18:34,062] {providers_manager.py:156} WARNING - Exception when importing 'airflow.providers.google.leveldb.hooks.leveldb.LevelDBHook' from 'apache-airflow-providers-google' package: No module named 'plyvel'
[2021-11-13 13:18:34,085] {logging_mixin.py:109} INFO - [2021-11-13 13:18:34,085] {manager.py:496} INFO - Created Permission View: can read on DAG:latest_only
[2021-11-13 13:18:34,093] {logging_mixin.py:109} INFO - [2021-11-13 13:18:34,093] {manager.py:496} INFO - Created Permission View: can edit on DAG:latest_only
[2021-11-13 13:18:34,093] {logging_mixin.py:109} INFO - [2021-11-13 13:18:34,093] {dag.py:2389} INFO - Sync 1 DAGs
[2021-11-13 13:18:34,102] {logging_mixin.py:109} INFO - [2021-11-13 13:18:34,102] {dag.py:2408} INFO - Creating ORM DAG for latest_only
[2021-11-13 13:18:34,110] {logging_mixin.py:109} INFO - [2021-11-13 13:18:34,110] {dag.py:2921} INFO - Setting next_dagrun for latest_only to 2021-11-13T09:18:34.110114+00:00
[2021-11-13 13:18:34,122] {processor.py:171} INFO - Processing /home/airflow/.local/lib/python3.7/site-packages/airflow/example_dags/example_latest_only.py took 7.213 seconds
[2021-11-13 13:19:16,658] {processor.py:163} INFO - Started process (PID=337) to work on /home/airflow/.local/lib/python3.7/site-packages/airflow/example_dags/example_latest_only.py
[2021-11-13 13:19:16,659] {processor.py:620} INFO - Processing file /home/airflow/.local/lib/python3.7/site-packages/airflow/example_dags/example_latest_only.py for tasks to queue
[2021-11-13 13:19:16,659] {logging_mixin.py:109} INFO - [2021-11-13 13:19:16,659] {dagbag.py:500} INFO - Filling up the DagBag from /home/airflow/.local/lib/python3.7/site-packages/airflow/example_dags/example_latest_only.py
[2021-11-13 13:19:16,684] {processor.py:632} INFO - DAG(s) dict_keys(['latest_only']) retrieved from /home/airflow/.local/lib/python3.7/site-packages/airflow/example_dags/example_latest_only.py
[2021-11-13 13:19:16,699] {logging_mixin.py:109} INFO - [2021-11-13 13:19:16,699] {dag.py:2389} INFO - Sync 1 DAGs
[2021-11-13 13:19:16,721] {logging_mixin.py:109} INFO - [2021-11-13 13:19:16,721] {dag.py:2921} INFO - Setting next_dagrun for latest_only to 2021-11-13T09:19:16.721028+00:00
[2021-11-13 13:19:16,732] {processor.py:171} INFO - Processing /home/airflow/.local/lib/python3.7/site-packages/airflow/example_dags/example_latest_only.py took 0.077 seconds
[2021-11-13 13:19:47,207] {processor.py:163} INFO - Started process (PID=397) to work on /home/airflow/.local/lib/python3.7/site-packages/airflow/example_dags/example_latest_only.py
[2021-11-13 13:19:47,209] {processor.py:620} INFO - Processing file /home/airflow/.local/lib/python3.7/site-packages/airflow/example_dags/example_latest_only.py for tasks to queue
[2021-11-13 13:19:47,209] {logging_mixin.py:109} INFO - [2021-11-13 13:19:47,209] {dagbag.py:500} INFO - Filling up the DagBag from /home/airflow/.local/lib/python3.7/site-packages/airflow/example_dags/example_latest_only.py
[2021-11-13 13:19:47,242] {processor.py:632} INFO - DAG(s) dict_keys(['latest_only']) retrieved from /home/airflow/.local/lib/python3.7/site-packages/airflow/example_dags/example_latest_only.py
[2021-11-13 13:19:47,255] {logging_mixin.py:109} INFO - [2021-11-13 13:19:47,254] {dag.py:2389} INFO - Sync 1 DAGs
[2021-11-13 13:19:47,273] {logging_mixin.py:109} INFO - [2021-11-13 13:19:47,272] {dag.py:2921} INFO - Setting next_dagrun for latest_only to 2021-11-13T09:19:47.272759+00:00
[2021-11-13 13:19:47,282] {processor.py:171} INFO - Processing /home/airflow/.local/lib/python3.7/site-packages/airflow/example_dags/example_latest_only.py took 0.078 seconds
[2021-11-13 13:20:17,469] {processor.py:163} INFO - Started process (PID=446) to work on /home/airflow/.local/lib/python3.7/site-packages/airflow/example_dags/example_latest_only.py
[2021-11-13 13:20:17,471] {processor.py:620} INFO - Processing file /home/airflow/.local/lib/python3.7/site-packages/airflow/example_dags/example_latest_only.py for tasks to queue
[2021-11-13 13:20:17,473] {logging_mixin.py:109} INFO - [2021-11-13 13:20:17,472] {dagbag.py:500} INFO - Filling up the DagBag from /home/airflow/.local/lib/python3.7/site-packages/airflow/example_dags/example_latest_only.py
[2021-11-13 13:20:17,503] {processor.py:632} INFO - DAG(s) dict_keys(['latest_only']) retrieved from /home/airflow/.local/lib/python3.7/site-packages/airflow/example_dags/example_latest_only.py
[2021-11-13 13:20:17,513] {logging_mixin.py:109} INFO - [2021-11-13 13:20:17,513] {dag.py:2389} INFO - Sync 1 DAGs
[2021-11-13 13:20:17,529] {logging_mixin.py:109} INFO - [2021-11-13 13:20:17,529] {dag.py:2921} INFO - Setting next_dagrun for latest_only to 2021-11-13T09:20:17.528781+00:00
[2021-11-13 13:20:17,538] {processor.py:171} INFO - Processing /home/airflow/.local/lib/python3.7/site-packages/airflow/example_dags/example_latest_only.py took 0.078 seconds
[2021-11-13 13:20:47,748] {processor.py:163} INFO - Started process (PID=505) to work on /home/airflow/.local/lib/python3.7/site-packages/airflow/example_dags/example_latest_only.py
[2021-11-13 13:20:47,749] {processor.py:620} INFO - Processing file /home/airflow/.local/lib/python3.7/site-packages/airflow/example_dags/example_latest_only.py for tasks to queue
[2021-11-13 13:20:47,750] {logging_mixin.py:109} INFO - [2021-11-13 13:20:47,750] {dagbag.py:500} INFO - Filling up the DagBag from /home/airflow/.local/lib/python3.7/site-packages/airflow/example_dags/example_latest_only.py
[2021-11-13 13:20:47,770] {processor.py:632} INFO - DAG(s) dict_keys(['latest_only']) retrieved from /home/airflow/.local/lib/python3.7/site-packages/airflow/example_dags/example_latest_only.py
[2021-11-13 13:20:47,778] {logging_mixin.py:109} INFO - [2021-11-13 13:20:47,778] {dag.py:2389} INFO - Sync 1 DAGs
[2021-11-13 13:20:47,794] {logging_mixin.py:109} INFO - [2021-11-13 13:20:47,794] {dag.py:2921} INFO - Setting next_dagrun for latest_only to 2021-11-13T09:20:47.793904+00:00
[2021-11-13 13:20:47,804] {processor.py:171} INFO - Processing /home/airflow/.local/lib/python3.7/site-packages/airflow/example_dags/example_latest_only.py took 0.058 seconds
[2021-11-13 13:21:17,992] {processor.py:163} INFO - Started process (PID=554) to work on /home/airflow/.local/lib/python3.7/site-packages/airflow/example_dags/example_latest_only.py
[2021-11-13 13:21:17,993] {processor.py:620} INFO - Processing file /home/airflow/.local/lib/python3.7/site-packages/airflow/example_dags/example_latest_only.py for tasks to queue
[2021-11-13 13:21:17,993] {logging_mixin.py:109} INFO - [2021-11-13 13:21:17,993] {dagbag.py:500} INFO - Filling up the DagBag from /home/airflow/.local/lib/python3.7/site-packages/airflow/example_dags/example_latest_only.py
[2021-11-13 13:21:18,016] {processor.py:632} INFO - DAG(s) dict_keys(['latest_only']) retrieved from /home/airflow/.local/lib/python3.7/site-packages/airflow/example_dags/example_latest_only.py
[2021-11-13 13:21:18,025] {logging_mixin.py:109} INFO - [2021-11-13 13:21:18,025] {dag.py:2389} INFO - Sync 1 DAGs
[2021-11-13 13:21:18,040] {logging_mixin.py:109} INFO - [2021-11-13 13:21:18,040] {dag.py:2921} INFO - Setting next_dagrun for latest_only to 2021-11-13T09:21:18.040359+00:00
[2021-11-13 13:21:18,049] {processor.py:171} INFO - Processing /home/airflow/.local/lib/python3.7/site-packages/airflow/example_dags/example_latest_only.py took 0.060 seconds
[2021-11-13 13:21:48,070] {processor.py:163} INFO - Started process (PID=604) to work on /home/airflow/.local/lib/python3.7/site-packages/airflow/example_dags/example_latest_only.py
[2021-11-13 13:21:48,071] {processor.py:620} INFO - Processing file /home/airflow/.local/lib/python3.7/site-packages/airflow/example_dags/example_latest_only.py for tasks to queue
[2021-11-13 13:21:48,072] {logging_mixin.py:109} INFO - [2021-11-13 13:21:48,071] {dagbag.py:500} INFO - Filling up the DagBag from /home/airflow/.local/lib/python3.7/site-packages/airflow/example_dags/example_latest_only.py
[2021-11-13 13:21:48,091] {processor.py:632} INFO - DAG(s) dict_keys(['latest_only']) retrieved from /home/airflow/.local/lib/python3.7/site-packages/airflow/example_dags/example_latest_only.py
[2021-11-13 13:21:48,101] {logging_mixin.py:109} INFO - [2021-11-13 13:21:48,101] {dag.py:2389} INFO - Sync 1 DAGs
[2021-11-13 13:21:48,119] {logging_mixin.py:109} INFO - [2021-11-13 13:21:48,119] {dag.py:2921} INFO - Setting next_dagrun for latest_only to 2021-11-13T09:21:48.118997+00:00
[2021-11-13 13:21:48,129] {processor.py:171} INFO - Processing /home/airflow/.local/lib/python3.7/site-packages/airflow/example_dags/example_latest_only.py took 0.061 seconds
[2021-11-13 13:22:18,301] {processor.py:163} INFO - Started process (PID=661) to work on /home/airflow/.local/lib/python3.7/site-packages/airflow/example_dags/example_latest_only.py
[2021-11-13 13:22:18,304] {processor.py:620} INFO - Processing file /home/airflow/.local/lib/python3.7/site-packages/airflow/example_dags/example_latest_only.py for tasks to queue
[2021-11-13 13:22:18,305] {logging_mixin.py:109} INFO - [2021-11-13 13:22:18,305] {dagbag.py:500} INFO - Filling up the DagBag from /home/airflow/.local/lib/python3.7/site-packages/airflow/example_dags/example_latest_only.py
[2021-11-13 13:22:18,334] {processor.py:632} INFO - DAG(s) dict_keys(['latest_only']) retrieved from /home/airflow/.local/lib/python3.7/site-packages/airflow/example_dags/example_latest_only.py
[2021-11-13 13:22:18,343] {logging_mixin.py:109} INFO - [2021-11-13 13:22:18,343] {dag.py:2389} INFO - Sync 1 DAGs
[2021-11-13 13:22:18,358] {logging_mixin.py:109} INFO - [2021-11-13 13:22:18,358] {dag.py:2921} INFO - Setting next_dagrun for latest_only to 2021-11-13T09:22:18.358502+00:00
[2021-11-13 13:22:18,367] {processor.py:171} INFO - Processing /home/airflow/.local/lib/python3.7/site-packages/airflow/example_dags/example_latest_only.py took 0.075 seconds
[2021-11-13 13:22:48,551] {processor.py:163} INFO - Started process (PID=710) to work on /home/airflow/.local/lib/python3.7/site-packages/airflow/example_dags/example_latest_only.py
[2021-11-13 13:22:48,552] {processor.py:620} INFO - Processing file /home/airflow/.local/lib/python3.7/site-packages/airflow/example_dags/example_latest_only.py for tasks to queue
[2021-11-13 13:22:48,553] {logging_mixin.py:109} INFO - [2021-11-13 13:22:48,552] {dagbag.py:500} INFO - Filling up the DagBag from /home/airflow/.local/lib/python3.7/site-packages/airflow/example_dags/example_latest_only.py
[2021-11-13 13:22:48,574] {processor.py:632} INFO - DAG(s) dict_keys(['latest_only']) retrieved from /home/airflow/.local/lib/python3.7/site-packages/airflow/example_dags/example_latest_only.py
[2021-11-13 13:22:48,583] {logging_mixin.py:109} INFO - [2021-11-13 13:22:48,583] {dag.py:2389} INFO - Sync 1 DAGs
[2021-11-13 13:22:48,598] {logging_mixin.py:109} INFO - [2021-11-13 13:22:48,598] {dag.py:2921} INFO - Setting next_dagrun for latest_only to 2021-11-13T09:22:48.597868+00:00
[2021-11-13 13:22:48,608] {processor.py:171} INFO - Processing /home/airflow/.local/lib/python3.7/site-packages/airflow/example_dags/example_latest_only.py took 0.059 seconds
[2021-11-13 13:23:19,530] {processor.py:163} INFO - Started process (PID=766) to work on /home/airflow/.local/lib/python3.7/site-packages/airflow/example_dags/example_latest_only.py
[2021-11-13 13:23:19,532] {processor.py:620} INFO - Processing file /home/airflow/.local/lib/python3.7/site-packages/airflow/example_dags/example_latest_only.py for tasks to queue
[2021-11-13 13:23:19,533] {logging_mixin.py:109} INFO - [2021-11-13 13:23:19,533] {dagbag.py:500} INFO - Filling up the DagBag from /home/airflow/.local/lib/python3.7/site-packages/airflow/example_dags/example_latest_only.py
[2021-11-13 13:23:19,562] {processor.py:632} INFO - DAG(s) dict_keys(['latest_only']) retrieved from /home/airflow/.local/lib/python3.7/site-packages/airflow/example_dags/example_latest_only.py
[2021-11-13 13:23:19,572] {logging_mixin.py:109} INFO - [2021-11-13 13:23:19,572] {dag.py:2389} INFO - Sync 1 DAGs
[2021-11-13 13:23:19,588] {logging_mixin.py:109} INFO - [2021-11-13 13:23:19,588] {dag.py:2921} INFO - Setting next_dagrun for latest_only to 2021-11-13T09:23:19.587790+00:00
[2021-11-13 13:23:19,597] {processor.py:171} INFO - Processing /home/airflow/.local/lib/python3.7/site-packages/airflow/example_dags/example_latest_only.py took 0.070 seconds
