[2021-11-13 13:19:02,956] {processor.py:163} INFO - Started process (PID=236) to work on /home/airflow/.local/lib/python3.7/site-packages/airflow/example_dags/example_branch_operator.py
[2021-11-13 13:19:02,957] {processor.py:620} INFO - Processing file /home/airflow/.local/lib/python3.7/site-packages/airflow/example_dags/example_branch_operator.py for tasks to queue
[2021-11-13 13:19:02,957] {logging_mixin.py:109} INFO - [2021-11-13 13:19:02,957] {dagbag.py:500} INFO - Filling up the DagBag from /home/airflow/.local/lib/python3.7/site-packages/airflow/example_dags/example_branch_operator.py
[2021-11-13 13:19:02,989] {processor.py:632} INFO - DAG(s) dict_keys(['example_branch_operator']) retrieved from /home/airflow/.local/lib/python3.7/site-packages/airflow/example_dags/example_branch_operator.py
[2021-11-13 13:19:05,153] {logging_mixin.py:109} INFO - [2021-11-13 13:19:05,153] {providers_manager.py:156} WARNING - Exception when importing 'airflow.providers.google.leveldb.hooks.leveldb.LevelDBHook' from 'apache-airflow-providers-google' package: No module named 'plyvel'
[2021-11-13 13:19:05,717] {logging_mixin.py:109} INFO - [2021-11-13 13:19:05,717] {providers_manager.py:156} WARNING - Exception when importing 'airflow.providers.google.leveldb.hooks.leveldb.LevelDBHook' from 'apache-airflow-providers-google' package: No module named 'plyvel'
[2021-11-13 13:19:05,741] {logging_mixin.py:109} INFO - [2021-11-13 13:19:05,741] {manager.py:496} INFO - Created Permission View: can read on DAG:example_branch_operator
[2021-11-13 13:19:05,751] {logging_mixin.py:109} INFO - [2021-11-13 13:19:05,751] {manager.py:496} INFO - Created Permission View: can edit on DAG:example_branch_operator
[2021-11-13 13:19:05,751] {logging_mixin.py:109} INFO - [2021-11-13 13:19:05,751] {dag.py:2389} INFO - Sync 1 DAGs
[2021-11-13 13:19:05,763] {logging_mixin.py:109} INFO - [2021-11-13 13:19:05,762] {dag.py:2408} INFO - Creating ORM DAG for example_branch_operator
[2021-11-13 13:19:05,779] {logging_mixin.py:109} INFO - [2021-11-13 13:19:05,778] {dag.py:2921} INFO - Setting next_dagrun for example_branch_operator to 2021-11-12 00:00:00+00:00
[2021-11-13 13:19:05,794] {processor.py:171} INFO - Processing /home/airflow/.local/lib/python3.7/site-packages/airflow/example_dags/example_branch_operator.py took 2.841 seconds
[2021-11-13 13:19:35,882] {processor.py:163} INFO - Started process (PID=381) to work on /home/airflow/.local/lib/python3.7/site-packages/airflow/example_dags/example_branch_operator.py
[2021-11-13 13:19:35,883] {processor.py:620} INFO - Processing file /home/airflow/.local/lib/python3.7/site-packages/airflow/example_dags/example_branch_operator.py for tasks to queue
[2021-11-13 13:19:35,884] {logging_mixin.py:109} INFO - [2021-11-13 13:19:35,884] {dagbag.py:500} INFO - Filling up the DagBag from /home/airflow/.local/lib/python3.7/site-packages/airflow/example_dags/example_branch_operator.py
[2021-11-13 13:19:35,912] {processor.py:632} INFO - DAG(s) dict_keys(['example_branch_operator']) retrieved from /home/airflow/.local/lib/python3.7/site-packages/airflow/example_dags/example_branch_operator.py
[2021-11-13 13:19:35,923] {logging_mixin.py:109} INFO - [2021-11-13 13:19:35,923] {dag.py:2389} INFO - Sync 1 DAGs
[2021-11-13 13:19:35,940] {logging_mixin.py:109} INFO - [2021-11-13 13:19:35,940] {dag.py:2921} INFO - Setting next_dagrun for example_branch_operator to 2021-11-12 00:00:00+00:00
[2021-11-13 13:19:35,948] {processor.py:171} INFO - Processing /home/airflow/.local/lib/python3.7/site-packages/airflow/example_dags/example_branch_operator.py took 0.069 seconds
[2021-11-13 13:20:06,010] {processor.py:163} INFO - Started process (PID=430) to work on /home/airflow/.local/lib/python3.7/site-packages/airflow/example_dags/example_branch_operator.py
[2021-11-13 13:20:06,011] {processor.py:620} INFO - Processing file /home/airflow/.local/lib/python3.7/site-packages/airflow/example_dags/example_branch_operator.py for tasks to queue
[2021-11-13 13:20:06,012] {logging_mixin.py:109} INFO - [2021-11-13 13:20:06,012] {dagbag.py:500} INFO - Filling up the DagBag from /home/airflow/.local/lib/python3.7/site-packages/airflow/example_dags/example_branch_operator.py
[2021-11-13 13:20:06,044] {processor.py:632} INFO - DAG(s) dict_keys(['example_branch_operator']) retrieved from /home/airflow/.local/lib/python3.7/site-packages/airflow/example_dags/example_branch_operator.py
[2021-11-13 13:20:06,056] {logging_mixin.py:109} INFO - [2021-11-13 13:20:06,055] {dag.py:2389} INFO - Sync 1 DAGs
[2021-11-13 13:20:06,072] {logging_mixin.py:109} INFO - [2021-11-13 13:20:06,072] {dag.py:2921} INFO - Setting next_dagrun for example_branch_operator to 2021-11-12 00:00:00+00:00
[2021-11-13 13:20:06,080] {processor.py:171} INFO - Processing /home/airflow/.local/lib/python3.7/site-packages/airflow/example_dags/example_branch_operator.py took 0.074 seconds
[2021-11-13 13:20:36,408] {processor.py:163} INFO - Started process (PID=489) to work on /home/airflow/.local/lib/python3.7/site-packages/airflow/example_dags/example_branch_operator.py
[2021-11-13 13:20:36,409] {processor.py:620} INFO - Processing file /home/airflow/.local/lib/python3.7/site-packages/airflow/example_dags/example_branch_operator.py for tasks to queue
[2021-11-13 13:20:36,409] {logging_mixin.py:109} INFO - [2021-11-13 13:20:36,409] {dagbag.py:500} INFO - Filling up the DagBag from /home/airflow/.local/lib/python3.7/site-packages/airflow/example_dags/example_branch_operator.py
[2021-11-13 13:20:36,435] {processor.py:632} INFO - DAG(s) dict_keys(['example_branch_operator']) retrieved from /home/airflow/.local/lib/python3.7/site-packages/airflow/example_dags/example_branch_operator.py
[2021-11-13 13:20:36,447] {logging_mixin.py:109} INFO - [2021-11-13 13:20:36,447] {dag.py:2389} INFO - Sync 1 DAGs
[2021-11-13 13:20:36,462] {logging_mixin.py:109} INFO - [2021-11-13 13:20:36,462] {dag.py:2921} INFO - Setting next_dagrun for example_branch_operator to 2021-11-12 00:00:00+00:00
[2021-11-13 13:20:36,469] {processor.py:171} INFO - Processing /home/airflow/.local/lib/python3.7/site-packages/airflow/example_dags/example_branch_operator.py took 0.064 seconds
[2021-11-13 13:21:06,601] {processor.py:163} INFO - Started process (PID=538) to work on /home/airflow/.local/lib/python3.7/site-packages/airflow/example_dags/example_branch_operator.py
[2021-11-13 13:21:06,602] {processor.py:620} INFO - Processing file /home/airflow/.local/lib/python3.7/site-packages/airflow/example_dags/example_branch_operator.py for tasks to queue
[2021-11-13 13:21:06,603] {logging_mixin.py:109} INFO - [2021-11-13 13:21:06,602] {dagbag.py:500} INFO - Filling up the DagBag from /home/airflow/.local/lib/python3.7/site-packages/airflow/example_dags/example_branch_operator.py
[2021-11-13 13:21:06,635] {processor.py:632} INFO - DAG(s) dict_keys(['example_branch_operator']) retrieved from /home/airflow/.local/lib/python3.7/site-packages/airflow/example_dags/example_branch_operator.py
[2021-11-13 13:21:06,647] {logging_mixin.py:109} INFO - [2021-11-13 13:21:06,647] {dag.py:2389} INFO - Sync 1 DAGs
[2021-11-13 13:21:06,665] {logging_mixin.py:109} INFO - [2021-11-13 13:21:06,665] {dag.py:2921} INFO - Setting next_dagrun for example_branch_operator to 2021-11-12 00:00:00+00:00
[2021-11-13 13:21:06,674] {processor.py:171} INFO - Processing /home/airflow/.local/lib/python3.7/site-packages/airflow/example_dags/example_branch_operator.py took 0.076 seconds
[2021-11-13 13:21:37,484] {processor.py:163} INFO - Started process (PID=596) to work on /home/airflow/.local/lib/python3.7/site-packages/airflow/example_dags/example_branch_operator.py
[2021-11-13 13:21:37,485] {processor.py:620} INFO - Processing file /home/airflow/.local/lib/python3.7/site-packages/airflow/example_dags/example_branch_operator.py for tasks to queue
[2021-11-13 13:21:37,486] {logging_mixin.py:109} INFO - [2021-11-13 13:21:37,486] {dagbag.py:500} INFO - Filling up the DagBag from /home/airflow/.local/lib/python3.7/site-packages/airflow/example_dags/example_branch_operator.py
[2021-11-13 13:21:37,509] {processor.py:632} INFO - DAG(s) dict_keys(['example_branch_operator']) retrieved from /home/airflow/.local/lib/python3.7/site-packages/airflow/example_dags/example_branch_operator.py
[2021-11-13 13:21:37,518] {logging_mixin.py:109} INFO - [2021-11-13 13:21:37,518] {dag.py:2389} INFO - Sync 1 DAGs
[2021-11-13 13:21:37,533] {logging_mixin.py:109} INFO - [2021-11-13 13:21:37,533] {dag.py:2921} INFO - Setting next_dagrun for example_branch_operator to 2021-11-12 00:00:00+00:00
[2021-11-13 13:21:37,542] {processor.py:171} INFO - Processing /home/airflow/.local/lib/python3.7/site-packages/airflow/example_dags/example_branch_operator.py took 0.060 seconds
[2021-11-13 13:22:07,617] {processor.py:163} INFO - Started process (PID=644) to work on /home/airflow/.local/lib/python3.7/site-packages/airflow/example_dags/example_branch_operator.py
[2021-11-13 13:22:07,618] {processor.py:620} INFO - Processing file /home/airflow/.local/lib/python3.7/site-packages/airflow/example_dags/example_branch_operator.py for tasks to queue
[2021-11-13 13:22:07,619] {logging_mixin.py:109} INFO - [2021-11-13 13:22:07,619] {dagbag.py:500} INFO - Filling up the DagBag from /home/airflow/.local/lib/python3.7/site-packages/airflow/example_dags/example_branch_operator.py
[2021-11-13 13:22:07,647] {processor.py:632} INFO - DAG(s) dict_keys(['example_branch_operator']) retrieved from /home/airflow/.local/lib/python3.7/site-packages/airflow/example_dags/example_branch_operator.py
[2021-11-13 13:22:07,660] {logging_mixin.py:109} INFO - [2021-11-13 13:22:07,660] {dag.py:2389} INFO - Sync 1 DAGs
[2021-11-13 13:22:07,680] {logging_mixin.py:109} INFO - [2021-11-13 13:22:07,680] {dag.py:2921} INFO - Setting next_dagrun for example_branch_operator to 2021-11-12 00:00:00+00:00
[2021-11-13 13:22:07,689] {processor.py:171} INFO - Processing /home/airflow/.local/lib/python3.7/site-packages/airflow/example_dags/example_branch_operator.py took 0.074 seconds
[2021-11-13 13:22:37,826] {processor.py:163} INFO - Started process (PID=693) to work on /home/airflow/.local/lib/python3.7/site-packages/airflow/example_dags/example_branch_operator.py
[2021-11-13 13:22:37,827] {processor.py:620} INFO - Processing file /home/airflow/.local/lib/python3.7/site-packages/airflow/example_dags/example_branch_operator.py for tasks to queue
[2021-11-13 13:22:37,827] {logging_mixin.py:109} INFO - [2021-11-13 13:22:37,827] {dagbag.py:500} INFO - Filling up the DagBag from /home/airflow/.local/lib/python3.7/site-packages/airflow/example_dags/example_branch_operator.py
[2021-11-13 13:22:37,851] {processor.py:632} INFO - DAG(s) dict_keys(['example_branch_operator']) retrieved from /home/airflow/.local/lib/python3.7/site-packages/airflow/example_dags/example_branch_operator.py
[2021-11-13 13:22:37,863] {logging_mixin.py:109} INFO - [2021-11-13 13:22:37,863] {dag.py:2389} INFO - Sync 1 DAGs
[2021-11-13 13:22:37,882] {logging_mixin.py:109} INFO - [2021-11-13 13:22:37,882] {dag.py:2921} INFO - Setting next_dagrun for example_branch_operator to 2021-11-12 00:00:00+00:00
[2021-11-13 13:22:37,892] {processor.py:171} INFO - Processing /home/airflow/.local/lib/python3.7/site-packages/airflow/example_dags/example_branch_operator.py took 0.068 seconds
[2021-11-13 13:23:08,222] {processor.py:163} INFO - Started process (PID=750) to work on /home/airflow/.local/lib/python3.7/site-packages/airflow/example_dags/example_branch_operator.py
[2021-11-13 13:23:08,223] {processor.py:620} INFO - Processing file /home/airflow/.local/lib/python3.7/site-packages/airflow/example_dags/example_branch_operator.py for tasks to queue
[2021-11-13 13:23:08,223] {logging_mixin.py:109} INFO - [2021-11-13 13:23:08,223] {dagbag.py:500} INFO - Filling up the DagBag from /home/airflow/.local/lib/python3.7/site-packages/airflow/example_dags/example_branch_operator.py
[2021-11-13 13:23:08,247] {processor.py:632} INFO - DAG(s) dict_keys(['example_branch_operator']) retrieved from /home/airflow/.local/lib/python3.7/site-packages/airflow/example_dags/example_branch_operator.py
[2021-11-13 13:23:08,256] {logging_mixin.py:109} INFO - [2021-11-13 13:23:08,256] {dag.py:2389} INFO - Sync 1 DAGs
[2021-11-13 13:23:08,270] {logging_mixin.py:109} INFO - [2021-11-13 13:23:08,270] {dag.py:2921} INFO - Setting next_dagrun for example_branch_operator to 2021-11-12 00:00:00+00:00
[2021-11-13 13:23:08,278] {processor.py:171} INFO - Processing /home/airflow/.local/lib/python3.7/site-packages/airflow/example_dags/example_branch_operator.py took 0.059 seconds
[2021-11-13 13:23:38,352] {processor.py:163} INFO - Started process (PID=799) to work on /home/airflow/.local/lib/python3.7/site-packages/airflow/example_dags/example_branch_operator.py
[2021-11-13 13:23:38,354] {processor.py:620} INFO - Processing file /home/airflow/.local/lib/python3.7/site-packages/airflow/example_dags/example_branch_operator.py for tasks to queue
[2021-11-13 13:23:38,354] {logging_mixin.py:109} INFO - [2021-11-13 13:23:38,354] {dagbag.py:500} INFO - Filling up the DagBag from /home/airflow/.local/lib/python3.7/site-packages/airflow/example_dags/example_branch_operator.py
[2021-11-13 13:23:38,378] {processor.py:632} INFO - DAG(s) dict_keys(['example_branch_operator']) retrieved from /home/airflow/.local/lib/python3.7/site-packages/airflow/example_dags/example_branch_operator.py
[2021-11-13 13:23:38,388] {logging_mixin.py:109} INFO - [2021-11-13 13:23:38,388] {dag.py:2389} INFO - Sync 1 DAGs
[2021-11-13 13:23:38,404] {logging_mixin.py:109} INFO - [2021-11-13 13:23:38,404] {dag.py:2921} INFO - Setting next_dagrun for example_branch_operator to 2021-11-12 00:00:00+00:00
[2021-11-13 13:23:38,412] {processor.py:171} INFO - Processing /home/airflow/.local/lib/python3.7/site-packages/airflow/example_dags/example_branch_operator.py took 0.062 seconds
