[2021-11-13 13:18:49,440] {processor.py:163} INFO - Started process (PID=138) to work on /home/airflow/.local/lib/python3.7/site-packages/airflow/example_dags/example_short_circuit_operator.py
[2021-11-13 13:18:49,441] {processor.py:620} INFO - Processing file /home/airflow/.local/lib/python3.7/site-packages/airflow/example_dags/example_short_circuit_operator.py for tasks to queue
[2021-11-13 13:18:49,442] {logging_mixin.py:109} INFO - [2021-11-13 13:18:49,441] {dagbag.py:500} INFO - Filling up the DagBag from /home/airflow/.local/lib/python3.7/site-packages/airflow/example_dags/example_short_circuit_operator.py
[2021-11-13 13:18:49,471] {processor.py:632} INFO - DAG(s) dict_keys(['example_short_circuit_operator']) retrieved from /home/airflow/.local/lib/python3.7/site-packages/airflow/example_dags/example_short_circuit_operator.py
[2021-11-13 13:18:51,308] {logging_mixin.py:109} INFO - [2021-11-13 13:18:51,308] {providers_manager.py:156} WARNING - Exception when importing 'airflow.providers.google.leveldb.hooks.leveldb.LevelDBHook' from 'apache-airflow-providers-google' package: No module named 'plyvel'
[2021-11-13 13:18:51,752] {logging_mixin.py:109} INFO - [2021-11-13 13:18:51,752] {providers_manager.py:156} WARNING - Exception when importing 'airflow.providers.google.leveldb.hooks.leveldb.LevelDBHook' from 'apache-airflow-providers-google' package: No module named 'plyvel'
[2021-11-13 13:18:51,772] {logging_mixin.py:109} INFO - [2021-11-13 13:18:51,772] {manager.py:496} INFO - Created Permission View: can read on DAG:example_short_circuit_operator
[2021-11-13 13:18:51,781] {logging_mixin.py:109} INFO - [2021-11-13 13:18:51,781] {manager.py:496} INFO - Created Permission View: can edit on DAG:example_short_circuit_operator
[2021-11-13 13:18:51,781] {logging_mixin.py:109} INFO - [2021-11-13 13:18:51,781] {dag.py:2389} INFO - Sync 1 DAGs
[2021-11-13 13:18:51,788] {logging_mixin.py:109} INFO - [2021-11-13 13:18:51,788] {dag.py:2408} INFO - Creating ORM DAG for example_short_circuit_operator
[2021-11-13 13:18:51,797] {logging_mixin.py:109} INFO - [2021-11-13 13:18:51,797] {dag.py:2921} INFO - Setting next_dagrun for example_short_circuit_operator to 2021-11-12T13:18:51.797078+00:00
[2021-11-13 13:18:51,809] {processor.py:171} INFO - Processing /home/airflow/.local/lib/python3.7/site-packages/airflow/example_dags/example_short_circuit_operator.py took 2.372 seconds
[2021-11-13 13:19:21,875] {processor.py:163} INFO - Started process (PID=363) to work on /home/airflow/.local/lib/python3.7/site-packages/airflow/example_dags/example_short_circuit_operator.py
[2021-11-13 13:19:21,876] {processor.py:620} INFO - Processing file /home/airflow/.local/lib/python3.7/site-packages/airflow/example_dags/example_short_circuit_operator.py for tasks to queue
[2021-11-13 13:19:21,876] {logging_mixin.py:109} INFO - [2021-11-13 13:19:21,876] {dagbag.py:500} INFO - Filling up the DagBag from /home/airflow/.local/lib/python3.7/site-packages/airflow/example_dags/example_short_circuit_operator.py
[2021-11-13 13:19:21,901] {processor.py:632} INFO - DAG(s) dict_keys(['example_short_circuit_operator']) retrieved from /home/airflow/.local/lib/python3.7/site-packages/airflow/example_dags/example_short_circuit_operator.py
[2021-11-13 13:19:21,910] {logging_mixin.py:109} INFO - [2021-11-13 13:19:21,910] {dag.py:2389} INFO - Sync 1 DAGs
[2021-11-13 13:19:21,925] {logging_mixin.py:109} INFO - [2021-11-13 13:19:21,925] {dag.py:2921} INFO - Setting next_dagrun for example_short_circuit_operator to 2021-11-12T13:19:21.925386+00:00
[2021-11-13 13:19:21,934] {processor.py:171} INFO - Processing /home/airflow/.local/lib/python3.7/site-packages/airflow/example_dags/example_short_circuit_operator.py took 0.062 seconds
[2021-11-13 13:19:52,350] {processor.py:163} INFO - Started process (PID=412) to work on /home/airflow/.local/lib/python3.7/site-packages/airflow/example_dags/example_short_circuit_operator.py
[2021-11-13 13:19:52,352] {processor.py:620} INFO - Processing file /home/airflow/.local/lib/python3.7/site-packages/airflow/example_dags/example_short_circuit_operator.py for tasks to queue
[2021-11-13 13:19:52,352] {logging_mixin.py:109} INFO - [2021-11-13 13:19:52,352] {dagbag.py:500} INFO - Filling up the DagBag from /home/airflow/.local/lib/python3.7/site-packages/airflow/example_dags/example_short_circuit_operator.py
[2021-11-13 13:19:52,383] {processor.py:632} INFO - DAG(s) dict_keys(['example_short_circuit_operator']) retrieved from /home/airflow/.local/lib/python3.7/site-packages/airflow/example_dags/example_short_circuit_operator.py
[2021-11-13 13:19:52,393] {logging_mixin.py:109} INFO - [2021-11-13 13:19:52,393] {dag.py:2389} INFO - Sync 1 DAGs
[2021-11-13 13:19:52,409] {logging_mixin.py:109} INFO - [2021-11-13 13:19:52,409] {dag.py:2921} INFO - Setting next_dagrun for example_short_circuit_operator to 2021-11-12T13:19:52.409254+00:00
[2021-11-13 13:19:52,418] {processor.py:171} INFO - Processing /home/airflow/.local/lib/python3.7/site-packages/airflow/example_dags/example_short_circuit_operator.py took 0.071 seconds
[2021-11-13 13:20:23,329] {processor.py:163} INFO - Started process (PID=469) to work on /home/airflow/.local/lib/python3.7/site-packages/airflow/example_dags/example_short_circuit_operator.py
[2021-11-13 13:20:23,330] {processor.py:620} INFO - Processing file /home/airflow/.local/lib/python3.7/site-packages/airflow/example_dags/example_short_circuit_operator.py for tasks to queue
[2021-11-13 13:20:23,330] {logging_mixin.py:109} INFO - [2021-11-13 13:20:23,330] {dagbag.py:500} INFO - Filling up the DagBag from /home/airflow/.local/lib/python3.7/site-packages/airflow/example_dags/example_short_circuit_operator.py
[2021-11-13 13:20:23,356] {processor.py:632} INFO - DAG(s) dict_keys(['example_short_circuit_operator']) retrieved from /home/airflow/.local/lib/python3.7/site-packages/airflow/example_dags/example_short_circuit_operator.py
[2021-11-13 13:20:23,366] {logging_mixin.py:109} INFO - [2021-11-13 13:20:23,366] {dag.py:2389} INFO - Sync 1 DAGs
[2021-11-13 13:20:23,381] {logging_mixin.py:109} INFO - [2021-11-13 13:20:23,381] {dag.py:2921} INFO - Setting next_dagrun for example_short_circuit_operator to 2021-11-12T13:20:23.381525+00:00
[2021-11-13 13:20:23,390] {processor.py:171} INFO - Processing /home/airflow/.local/lib/python3.7/site-packages/airflow/example_dags/example_short_circuit_operator.py took 0.064 seconds
[2021-11-13 13:20:53,702] {processor.py:163} INFO - Started process (PID=520) to work on /home/airflow/.local/lib/python3.7/site-packages/airflow/example_dags/example_short_circuit_operator.py
[2021-11-13 13:20:53,703] {processor.py:620} INFO - Processing file /home/airflow/.local/lib/python3.7/site-packages/airflow/example_dags/example_short_circuit_operator.py for tasks to queue
[2021-11-13 13:20:53,704] {logging_mixin.py:109} INFO - [2021-11-13 13:20:53,704] {dagbag.py:500} INFO - Filling up the DagBag from /home/airflow/.local/lib/python3.7/site-packages/airflow/example_dags/example_short_circuit_operator.py
[2021-11-13 13:20:53,730] {processor.py:632} INFO - DAG(s) dict_keys(['example_short_circuit_operator']) retrieved from /home/airflow/.local/lib/python3.7/site-packages/airflow/example_dags/example_short_circuit_operator.py
[2021-11-13 13:20:53,740] {logging_mixin.py:109} INFO - [2021-11-13 13:20:53,740] {dag.py:2389} INFO - Sync 1 DAGs
[2021-11-13 13:20:53,755] {logging_mixin.py:109} INFO - [2021-11-13 13:20:53,755] {dag.py:2921} INFO - Setting next_dagrun for example_short_circuit_operator to 2021-11-12T13:20:53.755207+00:00
[2021-11-13 13:20:53,764] {processor.py:171} INFO - Processing /home/airflow/.local/lib/python3.7/site-packages/airflow/example_dags/example_short_circuit_operator.py took 0.064 seconds
[2021-11-13 13:21:23,865] {processor.py:163} INFO - Started process (PID=568) to work on /home/airflow/.local/lib/python3.7/site-packages/airflow/example_dags/example_short_circuit_operator.py
[2021-11-13 13:21:23,866] {processor.py:620} INFO - Processing file /home/airflow/.local/lib/python3.7/site-packages/airflow/example_dags/example_short_circuit_operator.py for tasks to queue
[2021-11-13 13:21:23,866] {logging_mixin.py:109} INFO - [2021-11-13 13:21:23,866] {dagbag.py:500} INFO - Filling up the DagBag from /home/airflow/.local/lib/python3.7/site-packages/airflow/example_dags/example_short_circuit_operator.py
[2021-11-13 13:21:23,888] {processor.py:632} INFO - DAG(s) dict_keys(['example_short_circuit_operator']) retrieved from /home/airflow/.local/lib/python3.7/site-packages/airflow/example_dags/example_short_circuit_operator.py
[2021-11-13 13:21:23,897] {logging_mixin.py:109} INFO - [2021-11-13 13:21:23,897] {dag.py:2389} INFO - Sync 1 DAGs
[2021-11-13 13:21:23,911] {logging_mixin.py:109} INFO - [2021-11-13 13:21:23,910] {dag.py:2921} INFO - Setting next_dagrun for example_short_circuit_operator to 2021-11-12T13:21:23.910721+00:00
[2021-11-13 13:21:23,921] {processor.py:171} INFO - Processing /home/airflow/.local/lib/python3.7/site-packages/airflow/example_dags/example_short_circuit_operator.py took 0.058 seconds
[2021-11-13 13:21:53,936] {processor.py:163} INFO - Started process (PID=626) to work on /home/airflow/.local/lib/python3.7/site-packages/airflow/example_dags/example_short_circuit_operator.py
[2021-11-13 13:21:53,938] {processor.py:620} INFO - Processing file /home/airflow/.local/lib/python3.7/site-packages/airflow/example_dags/example_short_circuit_operator.py for tasks to queue
[2021-11-13 13:21:53,939] {logging_mixin.py:109} INFO - [2021-11-13 13:21:53,939] {dagbag.py:500} INFO - Filling up the DagBag from /home/airflow/.local/lib/python3.7/site-packages/airflow/example_dags/example_short_circuit_operator.py
[2021-11-13 13:21:53,969] {processor.py:632} INFO - DAG(s) dict_keys(['example_short_circuit_operator']) retrieved from /home/airflow/.local/lib/python3.7/site-packages/airflow/example_dags/example_short_circuit_operator.py
[2021-11-13 13:21:53,981] {logging_mixin.py:109} INFO - [2021-11-13 13:21:53,980] {dag.py:2389} INFO - Sync 1 DAGs
[2021-11-13 13:21:53,996] {logging_mixin.py:109} INFO - [2021-11-13 13:21:53,996] {dag.py:2921} INFO - Setting next_dagrun for example_short_circuit_operator to 2021-11-12T13:21:53.996147+00:00
[2021-11-13 13:21:54,006] {processor.py:171} INFO - Processing /home/airflow/.local/lib/python3.7/site-packages/airflow/example_dags/example_short_circuit_operator.py took 0.072 seconds
[2021-11-13 13:22:24,311] {processor.py:163} INFO - Started process (PID=675) to work on /home/airflow/.local/lib/python3.7/site-packages/airflow/example_dags/example_short_circuit_operator.py
[2021-11-13 13:22:24,312] {processor.py:620} INFO - Processing file /home/airflow/.local/lib/python3.7/site-packages/airflow/example_dags/example_short_circuit_operator.py for tasks to queue
[2021-11-13 13:22:24,313] {logging_mixin.py:109} INFO - [2021-11-13 13:22:24,313] {dagbag.py:500} INFO - Filling up the DagBag from /home/airflow/.local/lib/python3.7/site-packages/airflow/example_dags/example_short_circuit_operator.py
[2021-11-13 13:22:24,341] {processor.py:632} INFO - DAG(s) dict_keys(['example_short_circuit_operator']) retrieved from /home/airflow/.local/lib/python3.7/site-packages/airflow/example_dags/example_short_circuit_operator.py
[2021-11-13 13:22:24,354] {logging_mixin.py:109} INFO - [2021-11-13 13:22:24,354] {dag.py:2389} INFO - Sync 1 DAGs
[2021-11-13 13:22:24,375] {logging_mixin.py:109} INFO - [2021-11-13 13:22:24,375] {dag.py:2921} INFO - Setting next_dagrun for example_short_circuit_operator to 2021-11-12T13:22:24.375133+00:00
[2021-11-13 13:22:24,386] {processor.py:171} INFO - Processing /home/airflow/.local/lib/python3.7/site-packages/airflow/example_dags/example_short_circuit_operator.py took 0.077 seconds
[2021-11-13 13:22:54,469] {processor.py:163} INFO - Started process (PID=732) to work on /home/airflow/.local/lib/python3.7/site-packages/airflow/example_dags/example_short_circuit_operator.py
[2021-11-13 13:22:54,470] {processor.py:620} INFO - Processing file /home/airflow/.local/lib/python3.7/site-packages/airflow/example_dags/example_short_circuit_operator.py for tasks to queue
[2021-11-13 13:22:54,471] {logging_mixin.py:109} INFO - [2021-11-13 13:22:54,471] {dagbag.py:500} INFO - Filling up the DagBag from /home/airflow/.local/lib/python3.7/site-packages/airflow/example_dags/example_short_circuit_operator.py
[2021-11-13 13:22:54,492] {processor.py:632} INFO - DAG(s) dict_keys(['example_short_circuit_operator']) retrieved from /home/airflow/.local/lib/python3.7/site-packages/airflow/example_dags/example_short_circuit_operator.py
[2021-11-13 13:22:54,500] {logging_mixin.py:109} INFO - [2021-11-13 13:22:54,500] {dag.py:2389} INFO - Sync 1 DAGs
[2021-11-13 13:22:54,513] {logging_mixin.py:109} INFO - [2021-11-13 13:22:54,513] {dag.py:2921} INFO - Setting next_dagrun for example_short_circuit_operator to 2021-11-12T13:22:54.513557+00:00
[2021-11-13 13:22:54,521] {processor.py:171} INFO - Processing /home/airflow/.local/lib/python3.7/site-packages/airflow/example_dags/example_short_circuit_operator.py took 0.054 seconds
[2021-11-13 13:23:25,259] {processor.py:163} INFO - Started process (PID=781) to work on /home/airflow/.local/lib/python3.7/site-packages/airflow/example_dags/example_short_circuit_operator.py
[2021-11-13 13:23:25,261] {processor.py:620} INFO - Processing file /home/airflow/.local/lib/python3.7/site-packages/airflow/example_dags/example_short_circuit_operator.py for tasks to queue
[2021-11-13 13:23:25,261] {logging_mixin.py:109} INFO - [2021-11-13 13:23:25,261] {dagbag.py:500} INFO - Filling up the DagBag from /home/airflow/.local/lib/python3.7/site-packages/airflow/example_dags/example_short_circuit_operator.py
[2021-11-13 13:23:25,288] {processor.py:632} INFO - DAG(s) dict_keys(['example_short_circuit_operator']) retrieved from /home/airflow/.local/lib/python3.7/site-packages/airflow/example_dags/example_short_circuit_operator.py
[2021-11-13 13:23:25,298] {logging_mixin.py:109} INFO - [2021-11-13 13:23:25,298] {dag.py:2389} INFO - Sync 1 DAGs
[2021-11-13 13:23:25,313] {logging_mixin.py:109} INFO - [2021-11-13 13:23:25,313] {dag.py:2921} INFO - Setting next_dagrun for example_short_circuit_operator to 2021-11-12T13:23:25.313613+00:00
[2021-11-13 13:23:25,322] {processor.py:171} INFO - Processing /home/airflow/.local/lib/python3.7/site-packages/airflow/example_dags/example_short_circuit_operator.py took 0.066 seconds
