[2021-11-13 13:19:13,892] {processor.py:163} INFO - Started process (PID=315) to work on /home/airflow/.local/lib/python3.7/site-packages/airflow/example_dags/example_branch_labels.py
[2021-11-13 13:19:13,893] {processor.py:620} INFO - Processing file /home/airflow/.local/lib/python3.7/site-packages/airflow/example_dags/example_branch_labels.py for tasks to queue
[2021-11-13 13:19:13,894] {logging_mixin.py:109} INFO - [2021-11-13 13:19:13,894] {dagbag.py:500} INFO - Filling up the DagBag from /home/airflow/.local/lib/python3.7/site-packages/airflow/example_dags/example_branch_labels.py
[2021-11-13 13:19:13,921] {processor.py:632} INFO - DAG(s) dict_keys(['example_branch_labels']) retrieved from /home/airflow/.local/lib/python3.7/site-packages/airflow/example_dags/example_branch_labels.py
[2021-11-13 13:19:15,913] {logging_mixin.py:109} INFO - [2021-11-13 13:19:15,913] {providers_manager.py:156} WARNING - Exception when importing 'airflow.providers.google.leveldb.hooks.leveldb.LevelDBHook' from 'apache-airflow-providers-google' package: No module named 'plyvel'
[2021-11-13 13:19:16,400] {logging_mixin.py:109} INFO - [2021-11-13 13:19:16,400] {providers_manager.py:156} WARNING - Exception when importing 'airflow.providers.google.leveldb.hooks.leveldb.LevelDBHook' from 'apache-airflow-providers-google' package: No module named 'plyvel'
[2021-11-13 13:19:16,423] {logging_mixin.py:109} INFO - [2021-11-13 13:19:16,423] {manager.py:496} INFO - Created Permission View: can read on DAG:example_branch_labels
[2021-11-13 13:19:16,432] {logging_mixin.py:109} INFO - [2021-11-13 13:19:16,432] {manager.py:496} INFO - Created Permission View: can edit on DAG:example_branch_labels
[2021-11-13 13:19:16,433] {logging_mixin.py:109} INFO - [2021-11-13 13:19:16,432] {dag.py:2389} INFO - Sync 1 DAGs
[2021-11-13 13:19:16,440] {logging_mixin.py:109} INFO - [2021-11-13 13:19:16,440] {dag.py:2408} INFO - Creating ORM DAG for example_branch_labels
[2021-11-13 13:19:16,451] {logging_mixin.py:109} INFO - [2021-11-13 13:19:16,451] {dag.py:2921} INFO - Setting next_dagrun for example_branch_labels to 2021-11-12 00:00:00+00:00
[2021-11-13 13:19:16,463] {processor.py:171} INFO - Processing /home/airflow/.local/lib/python3.7/site-packages/airflow/example_dags/example_branch_labels.py took 2.573 seconds
[2021-11-13 13:19:47,302] {processor.py:163} INFO - Started process (PID=399) to work on /home/airflow/.local/lib/python3.7/site-packages/airflow/example_dags/example_branch_labels.py
[2021-11-13 13:19:47,303] {processor.py:620} INFO - Processing file /home/airflow/.local/lib/python3.7/site-packages/airflow/example_dags/example_branch_labels.py for tasks to queue
[2021-11-13 13:19:47,303] {logging_mixin.py:109} INFO - [2021-11-13 13:19:47,303] {dagbag.py:500} INFO - Filling up the DagBag from /home/airflow/.local/lib/python3.7/site-packages/airflow/example_dags/example_branch_labels.py
[2021-11-13 13:19:47,331] {processor.py:632} INFO - DAG(s) dict_keys(['example_branch_labels']) retrieved from /home/airflow/.local/lib/python3.7/site-packages/airflow/example_dags/example_branch_labels.py
[2021-11-13 13:19:47,343] {logging_mixin.py:109} INFO - [2021-11-13 13:19:47,343] {dag.py:2389} INFO - Sync 1 DAGs
[2021-11-13 13:19:47,365] {logging_mixin.py:109} INFO - [2021-11-13 13:19:47,365] {dag.py:2921} INFO - Setting next_dagrun for example_branch_labels to 2021-11-12 00:00:00+00:00
[2021-11-13 13:19:47,375] {processor.py:171} INFO - Processing /home/airflow/.local/lib/python3.7/site-packages/airflow/example_dags/example_branch_labels.py took 0.076 seconds
[2021-11-13 13:20:17,625] {processor.py:163} INFO - Started process (PID=448) to work on /home/airflow/.local/lib/python3.7/site-packages/airflow/example_dags/example_branch_labels.py
[2021-11-13 13:20:17,627] {processor.py:620} INFO - Processing file /home/airflow/.local/lib/python3.7/site-packages/airflow/example_dags/example_branch_labels.py for tasks to queue
[2021-11-13 13:20:17,627] {logging_mixin.py:109} INFO - [2021-11-13 13:20:17,627] {dagbag.py:500} INFO - Filling up the DagBag from /home/airflow/.local/lib/python3.7/site-packages/airflow/example_dags/example_branch_labels.py
[2021-11-13 13:20:17,651] {processor.py:632} INFO - DAG(s) dict_keys(['example_branch_labels']) retrieved from /home/airflow/.local/lib/python3.7/site-packages/airflow/example_dags/example_branch_labels.py
[2021-11-13 13:20:17,660] {logging_mixin.py:109} INFO - [2021-11-13 13:20:17,660] {dag.py:2389} INFO - Sync 1 DAGs
[2021-11-13 13:20:17,676] {logging_mixin.py:109} INFO - [2021-11-13 13:20:17,676] {dag.py:2921} INFO - Setting next_dagrun for example_branch_labels to 2021-11-12 00:00:00+00:00
[2021-11-13 13:20:17,684] {processor.py:171} INFO - Processing /home/airflow/.local/lib/python3.7/site-packages/airflow/example_dags/example_branch_labels.py took 0.062 seconds
[2021-11-13 13:20:47,825] {processor.py:163} INFO - Started process (PID=507) to work on /home/airflow/.local/lib/python3.7/site-packages/airflow/example_dags/example_branch_labels.py
[2021-11-13 13:20:47,826] {processor.py:620} INFO - Processing file /home/airflow/.local/lib/python3.7/site-packages/airflow/example_dags/example_branch_labels.py for tasks to queue
[2021-11-13 13:20:47,827] {logging_mixin.py:109} INFO - [2021-11-13 13:20:47,827] {dagbag.py:500} INFO - Filling up the DagBag from /home/airflow/.local/lib/python3.7/site-packages/airflow/example_dags/example_branch_labels.py
[2021-11-13 13:20:47,852] {processor.py:632} INFO - DAG(s) dict_keys(['example_branch_labels']) retrieved from /home/airflow/.local/lib/python3.7/site-packages/airflow/example_dags/example_branch_labels.py
[2021-11-13 13:20:47,861] {logging_mixin.py:109} INFO - [2021-11-13 13:20:47,861] {dag.py:2389} INFO - Sync 1 DAGs
[2021-11-13 13:20:47,876] {logging_mixin.py:109} INFO - [2021-11-13 13:20:47,876] {dag.py:2921} INFO - Setting next_dagrun for example_branch_labels to 2021-11-12 00:00:00+00:00
[2021-11-13 13:20:47,884] {processor.py:171} INFO - Processing /home/airflow/.local/lib/python3.7/site-packages/airflow/example_dags/example_branch_labels.py took 0.062 seconds
[2021-11-13 13:21:18,131] {processor.py:163} INFO - Started process (PID=556) to work on /home/airflow/.local/lib/python3.7/site-packages/airflow/example_dags/example_branch_labels.py
[2021-11-13 13:21:18,133] {processor.py:620} INFO - Processing file /home/airflow/.local/lib/python3.7/site-packages/airflow/example_dags/example_branch_labels.py for tasks to queue
[2021-11-13 13:21:18,133] {logging_mixin.py:109} INFO - [2021-11-13 13:21:18,133] {dagbag.py:500} INFO - Filling up the DagBag from /home/airflow/.local/lib/python3.7/site-packages/airflow/example_dags/example_branch_labels.py
[2021-11-13 13:21:18,157] {processor.py:632} INFO - DAG(s) dict_keys(['example_branch_labels']) retrieved from /home/airflow/.local/lib/python3.7/site-packages/airflow/example_dags/example_branch_labels.py
[2021-11-13 13:21:18,166] {logging_mixin.py:109} INFO - [2021-11-13 13:21:18,166] {dag.py:2389} INFO - Sync 1 DAGs
[2021-11-13 13:21:18,182] {logging_mixin.py:109} INFO - [2021-11-13 13:21:18,182] {dag.py:2921} INFO - Setting next_dagrun for example_branch_labels to 2021-11-12 00:00:00+00:00
[2021-11-13 13:21:18,190] {processor.py:171} INFO - Processing /home/airflow/.local/lib/python3.7/site-packages/airflow/example_dags/example_branch_labels.py took 0.061 seconds
[2021-11-13 13:21:48,215] {processor.py:163} INFO - Started process (PID=606) to work on /home/airflow/.local/lib/python3.7/site-packages/airflow/example_dags/example_branch_labels.py
[2021-11-13 13:21:48,216] {processor.py:620} INFO - Processing file /home/airflow/.local/lib/python3.7/site-packages/airflow/example_dags/example_branch_labels.py for tasks to queue
[2021-11-13 13:21:48,216] {logging_mixin.py:109} INFO - [2021-11-13 13:21:48,216] {dagbag.py:500} INFO - Filling up the DagBag from /home/airflow/.local/lib/python3.7/site-packages/airflow/example_dags/example_branch_labels.py
[2021-11-13 13:21:48,239] {processor.py:632} INFO - DAG(s) dict_keys(['example_branch_labels']) retrieved from /home/airflow/.local/lib/python3.7/site-packages/airflow/example_dags/example_branch_labels.py
[2021-11-13 13:21:48,249] {logging_mixin.py:109} INFO - [2021-11-13 13:21:48,249] {dag.py:2389} INFO - Sync 1 DAGs
[2021-11-13 13:21:48,266] {logging_mixin.py:109} INFO - [2021-11-13 13:21:48,266] {dag.py:2921} INFO - Setting next_dagrun for example_branch_labels to 2021-11-12 00:00:00+00:00
[2021-11-13 13:21:48,275] {processor.py:171} INFO - Processing /home/airflow/.local/lib/python3.7/site-packages/airflow/example_dags/example_branch_labels.py took 0.063 seconds
[2021-11-13 13:22:18,388] {processor.py:163} INFO - Started process (PID=663) to work on /home/airflow/.local/lib/python3.7/site-packages/airflow/example_dags/example_branch_labels.py
[2021-11-13 13:22:18,389] {processor.py:620} INFO - Processing file /home/airflow/.local/lib/python3.7/site-packages/airflow/example_dags/example_branch_labels.py for tasks to queue
[2021-11-13 13:22:18,389] {logging_mixin.py:109} INFO - [2021-11-13 13:22:18,389] {dagbag.py:500} INFO - Filling up the DagBag from /home/airflow/.local/lib/python3.7/site-packages/airflow/example_dags/example_branch_labels.py
[2021-11-13 13:22:18,414] {processor.py:632} INFO - DAG(s) dict_keys(['example_branch_labels']) retrieved from /home/airflow/.local/lib/python3.7/site-packages/airflow/example_dags/example_branch_labels.py
[2021-11-13 13:22:18,424] {logging_mixin.py:109} INFO - [2021-11-13 13:22:18,424] {dag.py:2389} INFO - Sync 1 DAGs
[2021-11-13 13:22:18,440] {logging_mixin.py:109} INFO - [2021-11-13 13:22:18,440] {dag.py:2921} INFO - Setting next_dagrun for example_branch_labels to 2021-11-12 00:00:00+00:00
[2021-11-13 13:22:18,449] {processor.py:171} INFO - Processing /home/airflow/.local/lib/python3.7/site-packages/airflow/example_dags/example_branch_labels.py took 0.064 seconds
[2021-11-13 13:22:48,705] {processor.py:163} INFO - Started process (PID=712) to work on /home/airflow/.local/lib/python3.7/site-packages/airflow/example_dags/example_branch_labels.py
[2021-11-13 13:22:48,707] {processor.py:620} INFO - Processing file /home/airflow/.local/lib/python3.7/site-packages/airflow/example_dags/example_branch_labels.py for tasks to queue
[2021-11-13 13:22:48,707] {logging_mixin.py:109} INFO - [2021-11-13 13:22:48,707] {dagbag.py:500} INFO - Filling up the DagBag from /home/airflow/.local/lib/python3.7/site-packages/airflow/example_dags/example_branch_labels.py
[2021-11-13 13:22:48,732] {processor.py:632} INFO - DAG(s) dict_keys(['example_branch_labels']) retrieved from /home/airflow/.local/lib/python3.7/site-packages/airflow/example_dags/example_branch_labels.py
[2021-11-13 13:22:48,743] {logging_mixin.py:109} INFO - [2021-11-13 13:22:48,743] {dag.py:2389} INFO - Sync 1 DAGs
[2021-11-13 13:22:48,759] {logging_mixin.py:109} INFO - [2021-11-13 13:22:48,759] {dag.py:2921} INFO - Setting next_dagrun for example_branch_labels to 2021-11-12 00:00:00+00:00
[2021-11-13 13:22:48,767] {processor.py:171} INFO - Processing /home/airflow/.local/lib/python3.7/site-packages/airflow/example_dags/example_branch_labels.py took 0.066 seconds
[2021-11-13 13:23:19,686] {processor.py:163} INFO - Started process (PID=769) to work on /home/airflow/.local/lib/python3.7/site-packages/airflow/example_dags/example_branch_labels.py
[2021-11-13 13:23:19,687] {processor.py:620} INFO - Processing file /home/airflow/.local/lib/python3.7/site-packages/airflow/example_dags/example_branch_labels.py for tasks to queue
[2021-11-13 13:23:19,688] {logging_mixin.py:109} INFO - [2021-11-13 13:23:19,688] {dagbag.py:500} INFO - Filling up the DagBag from /home/airflow/.local/lib/python3.7/site-packages/airflow/example_dags/example_branch_labels.py
[2021-11-13 13:23:19,710] {processor.py:632} INFO - DAG(s) dict_keys(['example_branch_labels']) retrieved from /home/airflow/.local/lib/python3.7/site-packages/airflow/example_dags/example_branch_labels.py
[2021-11-13 13:23:19,719] {logging_mixin.py:109} INFO - [2021-11-13 13:23:19,719] {dag.py:2389} INFO - Sync 1 DAGs
[2021-11-13 13:23:19,736] {logging_mixin.py:109} INFO - [2021-11-13 13:23:19,735] {dag.py:2921} INFO - Setting next_dagrun for example_branch_labels to 2021-11-12 00:00:00+00:00
[2021-11-13 13:23:19,744] {processor.py:171} INFO - Processing /home/airflow/.local/lib/python3.7/site-packages/airflow/example_dags/example_branch_labels.py took 0.061 seconds
