[2021-11-13 13:19:16,488] {processor.py:163} INFO - Started process (PID=333) to work on /home/airflow/.local/lib/python3.7/site-packages/airflow/example_dags/example_latest_only_with_trigger.py
[2021-11-13 13:19:16,489] {processor.py:620} INFO - Processing file /home/airflow/.local/lib/python3.7/site-packages/airflow/example_dags/example_latest_only_with_trigger.py for tasks to queue
[2021-11-13 13:19:16,489] {logging_mixin.py:109} INFO - [2021-11-13 13:19:16,489] {dagbag.py:500} INFO - Filling up the DagBag from /home/airflow/.local/lib/python3.7/site-packages/airflow/example_dags/example_latest_only_with_trigger.py
[2021-11-13 13:19:16,519] {processor.py:632} INFO - DAG(s) dict_keys(['latest_only_with_trigger']) retrieved from /home/airflow/.local/lib/python3.7/site-packages/airflow/example_dags/example_latest_only_with_trigger.py
[2021-11-13 13:19:18,494] {logging_mixin.py:109} INFO - [2021-11-13 13:19:18,493] {providers_manager.py:156} WARNING - Exception when importing 'airflow.providers.google.leveldb.hooks.leveldb.LevelDBHook' from 'apache-airflow-providers-google' package: No module named 'plyvel'
[2021-11-13 13:19:18,959] {logging_mixin.py:109} INFO - [2021-11-13 13:19:18,959] {providers_manager.py:156} WARNING - Exception when importing 'airflow.providers.google.leveldb.hooks.leveldb.LevelDBHook' from 'apache-airflow-providers-google' package: No module named 'plyvel'
[2021-11-13 13:19:18,982] {logging_mixin.py:109} INFO - [2021-11-13 13:19:18,982] {manager.py:496} INFO - Created Permission View: can read on DAG:latest_only_with_trigger
[2021-11-13 13:19:18,990] {logging_mixin.py:109} INFO - [2021-11-13 13:19:18,990] {manager.py:496} INFO - Created Permission View: can edit on DAG:latest_only_with_trigger
[2021-11-13 13:19:18,991] {logging_mixin.py:109} INFO - [2021-11-13 13:19:18,990] {dag.py:2389} INFO - Sync 1 DAGs
[2021-11-13 13:19:18,999] {logging_mixin.py:109} INFO - [2021-11-13 13:19:18,999] {dag.py:2408} INFO - Creating ORM DAG for latest_only_with_trigger
[2021-11-13 13:19:19,008] {logging_mixin.py:109} INFO - [2021-11-13 13:19:19,008] {dag.py:2921} INFO - Setting next_dagrun for latest_only_with_trigger to 2021-11-13T09:19:19.007883+00:00
[2021-11-13 13:19:19,022] {processor.py:171} INFO - Processing /home/airflow/.local/lib/python3.7/site-packages/airflow/example_dags/example_latest_only_with_trigger.py took 2.537 seconds
[2021-11-13 13:19:49,240] {processor.py:163} INFO - Started process (PID=408) to work on /home/airflow/.local/lib/python3.7/site-packages/airflow/example_dags/example_latest_only_with_trigger.py
[2021-11-13 13:19:49,242] {processor.py:620} INFO - Processing file /home/airflow/.local/lib/python3.7/site-packages/airflow/example_dags/example_latest_only_with_trigger.py for tasks to queue
[2021-11-13 13:19:49,242] {logging_mixin.py:109} INFO - [2021-11-13 13:19:49,242] {dagbag.py:500} INFO - Filling up the DagBag from /home/airflow/.local/lib/python3.7/site-packages/airflow/example_dags/example_latest_only_with_trigger.py
[2021-11-13 13:19:49,268] {processor.py:632} INFO - DAG(s) dict_keys(['latest_only_with_trigger']) retrieved from /home/airflow/.local/lib/python3.7/site-packages/airflow/example_dags/example_latest_only_with_trigger.py
[2021-11-13 13:19:49,278] {logging_mixin.py:109} INFO - [2021-11-13 13:19:49,278] {dag.py:2389} INFO - Sync 1 DAGs
[2021-11-13 13:19:49,296] {logging_mixin.py:109} INFO - [2021-11-13 13:19:49,295] {dag.py:2921} INFO - Setting next_dagrun for latest_only_with_trigger to 2021-11-13T09:19:49.295645+00:00
[2021-11-13 13:19:49,307] {processor.py:171} INFO - Processing /home/airflow/.local/lib/python3.7/site-packages/airflow/example_dags/example_latest_only_with_trigger.py took 0.069 seconds
[2021-11-13 13:20:20,188] {processor.py:163} INFO - Started process (PID=457) to work on /home/airflow/.local/lib/python3.7/site-packages/airflow/example_dags/example_latest_only_with_trigger.py
[2021-11-13 13:20:20,192] {processor.py:620} INFO - Processing file /home/airflow/.local/lib/python3.7/site-packages/airflow/example_dags/example_latest_only_with_trigger.py for tasks to queue
[2021-11-13 13:20:20,194] {logging_mixin.py:109} INFO - [2021-11-13 13:20:20,194] {dagbag.py:500} INFO - Filling up the DagBag from /home/airflow/.local/lib/python3.7/site-packages/airflow/example_dags/example_latest_only_with_trigger.py
[2021-11-13 13:20:20,231] {processor.py:632} INFO - DAG(s) dict_keys(['latest_only_with_trigger']) retrieved from /home/airflow/.local/lib/python3.7/site-packages/airflow/example_dags/example_latest_only_with_trigger.py
[2021-11-13 13:20:20,241] {logging_mixin.py:109} INFO - [2021-11-13 13:20:20,241] {dag.py:2389} INFO - Sync 1 DAGs
[2021-11-13 13:20:20,258] {logging_mixin.py:109} INFO - [2021-11-13 13:20:20,258] {dag.py:2921} INFO - Setting next_dagrun for latest_only_with_trigger to 2021-11-13T09:20:20.257781+00:00
[2021-11-13 13:20:20,268] {processor.py:171} INFO - Processing /home/airflow/.local/lib/python3.7/site-packages/airflow/example_dags/example_latest_only_with_trigger.py took 0.090 seconds
[2021-11-13 13:20:50,614] {processor.py:163} INFO - Started process (PID=516) to work on /home/airflow/.local/lib/python3.7/site-packages/airflow/example_dags/example_latest_only_with_trigger.py
[2021-11-13 13:20:50,615] {processor.py:620} INFO - Processing file /home/airflow/.local/lib/python3.7/site-packages/airflow/example_dags/example_latest_only_with_trigger.py for tasks to queue
[2021-11-13 13:20:50,616] {logging_mixin.py:109} INFO - [2021-11-13 13:20:50,615] {dagbag.py:500} INFO - Filling up the DagBag from /home/airflow/.local/lib/python3.7/site-packages/airflow/example_dags/example_latest_only_with_trigger.py
[2021-11-13 13:20:50,640] {processor.py:632} INFO - DAG(s) dict_keys(['latest_only_with_trigger']) retrieved from /home/airflow/.local/lib/python3.7/site-packages/airflow/example_dags/example_latest_only_with_trigger.py
[2021-11-13 13:20:50,648] {logging_mixin.py:109} INFO - [2021-11-13 13:20:50,648] {dag.py:2389} INFO - Sync 1 DAGs
[2021-11-13 13:20:50,661] {logging_mixin.py:109} INFO - [2021-11-13 13:20:50,661] {dag.py:2921} INFO - Setting next_dagrun for latest_only_with_trigger to 2021-11-13T09:20:50.660978+00:00
[2021-11-13 13:20:50,669] {processor.py:171} INFO - Processing /home/airflow/.local/lib/python3.7/site-packages/airflow/example_dags/example_latest_only_with_trigger.py took 0.058 seconds
[2021-11-13 13:21:20,748] {processor.py:163} INFO - Started process (PID=565) to work on /home/airflow/.local/lib/python3.7/site-packages/airflow/example_dags/example_latest_only_with_trigger.py
[2021-11-13 13:21:20,749] {processor.py:620} INFO - Processing file /home/airflow/.local/lib/python3.7/site-packages/airflow/example_dags/example_latest_only_with_trigger.py for tasks to queue
[2021-11-13 13:21:20,749] {logging_mixin.py:109} INFO - [2021-11-13 13:21:20,749] {dagbag.py:500} INFO - Filling up the DagBag from /home/airflow/.local/lib/python3.7/site-packages/airflow/example_dags/example_latest_only_with_trigger.py
[2021-11-13 13:21:20,773] {processor.py:632} INFO - DAG(s) dict_keys(['latest_only_with_trigger']) retrieved from /home/airflow/.local/lib/python3.7/site-packages/airflow/example_dags/example_latest_only_with_trigger.py
[2021-11-13 13:21:20,783] {logging_mixin.py:109} INFO - [2021-11-13 13:21:20,783] {dag.py:2389} INFO - Sync 1 DAGs
[2021-11-13 13:21:20,802] {logging_mixin.py:109} INFO - [2021-11-13 13:21:20,801] {dag.py:2921} INFO - Setting next_dagrun for latest_only_with_trigger to 2021-11-13T09:21:20.801699+00:00
[2021-11-13 13:21:20,810] {processor.py:171} INFO - Processing /home/airflow/.local/lib/python3.7/site-packages/airflow/example_dags/example_latest_only_with_trigger.py took 0.065 seconds
[2021-11-13 13:21:51,552] {processor.py:163} INFO - Started process (PID=623) to work on /home/airflow/.local/lib/python3.7/site-packages/airflow/example_dags/example_latest_only_with_trigger.py
[2021-11-13 13:21:51,555] {processor.py:620} INFO - Processing file /home/airflow/.local/lib/python3.7/site-packages/airflow/example_dags/example_latest_only_with_trigger.py for tasks to queue
[2021-11-13 13:21:51,556] {logging_mixin.py:109} INFO - [2021-11-13 13:21:51,556] {dagbag.py:500} INFO - Filling up the DagBag from /home/airflow/.local/lib/python3.7/site-packages/airflow/example_dags/example_latest_only_with_trigger.py
[2021-11-13 13:21:51,587] {processor.py:632} INFO - DAG(s) dict_keys(['latest_only_with_trigger']) retrieved from /home/airflow/.local/lib/python3.7/site-packages/airflow/example_dags/example_latest_only_with_trigger.py
[2021-11-13 13:21:51,597] {logging_mixin.py:109} INFO - [2021-11-13 13:21:51,597] {dag.py:2389} INFO - Sync 1 DAGs
[2021-11-13 13:21:51,613] {logging_mixin.py:109} INFO - [2021-11-13 13:21:51,613] {dag.py:2921} INFO - Setting next_dagrun for latest_only_with_trigger to 2021-11-13T09:21:51.613256+00:00
[2021-11-13 13:21:51,622] {processor.py:171} INFO - Processing /home/airflow/.local/lib/python3.7/site-packages/airflow/example_dags/example_latest_only_with_trigger.py took 0.079 seconds
[2021-11-13 13:22:21,731] {processor.py:163} INFO - Started process (PID=671) to work on /home/airflow/.local/lib/python3.7/site-packages/airflow/example_dags/example_latest_only_with_trigger.py
[2021-11-13 13:22:21,733] {processor.py:620} INFO - Processing file /home/airflow/.local/lib/python3.7/site-packages/airflow/example_dags/example_latest_only_with_trigger.py for tasks to queue
[2021-11-13 13:22:21,733] {logging_mixin.py:109} INFO - [2021-11-13 13:22:21,733] {dagbag.py:500} INFO - Filling up the DagBag from /home/airflow/.local/lib/python3.7/site-packages/airflow/example_dags/example_latest_only_with_trigger.py
[2021-11-13 13:22:21,755] {processor.py:632} INFO - DAG(s) dict_keys(['latest_only_with_trigger']) retrieved from /home/airflow/.local/lib/python3.7/site-packages/airflow/example_dags/example_latest_only_with_trigger.py
[2021-11-13 13:22:21,765] {logging_mixin.py:109} INFO - [2021-11-13 13:22:21,765] {dag.py:2389} INFO - Sync 1 DAGs
[2021-11-13 13:22:21,780] {logging_mixin.py:109} INFO - [2021-11-13 13:22:21,780] {dag.py:2921} INFO - Setting next_dagrun for latest_only_with_trigger to 2021-11-13T09:22:21.780008+00:00
[2021-11-13 13:22:21,789] {processor.py:171} INFO - Processing /home/airflow/.local/lib/python3.7/site-packages/airflow/example_dags/example_latest_only_with_trigger.py took 0.060 seconds
[2021-11-13 13:22:51,999] {processor.py:163} INFO - Started process (PID=728) to work on /home/airflow/.local/lib/python3.7/site-packages/airflow/example_dags/example_latest_only_with_trigger.py
[2021-11-13 13:22:52,001] {processor.py:620} INFO - Processing file /home/airflow/.local/lib/python3.7/site-packages/airflow/example_dags/example_latest_only_with_trigger.py for tasks to queue
[2021-11-13 13:22:52,001] {logging_mixin.py:109} INFO - [2021-11-13 13:22:52,001] {dagbag.py:500} INFO - Filling up the DagBag from /home/airflow/.local/lib/python3.7/site-packages/airflow/example_dags/example_latest_only_with_trigger.py
[2021-11-13 13:22:52,021] {processor.py:632} INFO - DAG(s) dict_keys(['latest_only_with_trigger']) retrieved from /home/airflow/.local/lib/python3.7/site-packages/airflow/example_dags/example_latest_only_with_trigger.py
[2021-11-13 13:22:52,029] {logging_mixin.py:109} INFO - [2021-11-13 13:22:52,029] {dag.py:2389} INFO - Sync 1 DAGs
[2021-11-13 13:22:52,043] {logging_mixin.py:109} INFO - [2021-11-13 13:22:52,043] {dag.py:2921} INFO - Setting next_dagrun for latest_only_with_trigger to 2021-11-13T09:22:52.043575+00:00
[2021-11-13 13:22:52,052] {processor.py:171} INFO - Processing /home/airflow/.local/lib/python3.7/site-packages/airflow/example_dags/example_latest_only_with_trigger.py took 0.054 seconds
[2021-11-13 13:23:22,133] {processor.py:163} INFO - Started process (PID=777) to work on /home/airflow/.local/lib/python3.7/site-packages/airflow/example_dags/example_latest_only_with_trigger.py
[2021-11-13 13:23:22,134] {processor.py:620} INFO - Processing file /home/airflow/.local/lib/python3.7/site-packages/airflow/example_dags/example_latest_only_with_trigger.py for tasks to queue
[2021-11-13 13:23:22,135] {logging_mixin.py:109} INFO - [2021-11-13 13:23:22,135] {dagbag.py:500} INFO - Filling up the DagBag from /home/airflow/.local/lib/python3.7/site-packages/airflow/example_dags/example_latest_only_with_trigger.py
[2021-11-13 13:23:22,156] {processor.py:632} INFO - DAG(s) dict_keys(['latest_only_with_trigger']) retrieved from /home/airflow/.local/lib/python3.7/site-packages/airflow/example_dags/example_latest_only_with_trigger.py
[2021-11-13 13:23:22,165] {logging_mixin.py:109} INFO - [2021-11-13 13:23:22,165] {dag.py:2389} INFO - Sync 1 DAGs
[2021-11-13 13:23:22,178] {logging_mixin.py:109} INFO - [2021-11-13 13:23:22,178] {dag.py:2921} INFO - Setting next_dagrun for latest_only_with_trigger to 2021-11-13T09:23:22.178590+00:00
[2021-11-13 13:23:22,187] {processor.py:171} INFO - Processing /home/airflow/.local/lib/python3.7/site-packages/airflow/example_dags/example_latest_only_with_trigger.py took 0.057 seconds
