[2021-11-13 13:19:11,441] {processor.py:163} INFO - Started process (PID=297) to work on /home/airflow/.local/lib/python3.7/site-packages/airflow/example_dags/example_trigger_controller_dag.py
[2021-11-13 13:19:11,442] {processor.py:620} INFO - Processing file /home/airflow/.local/lib/python3.7/site-packages/airflow/example_dags/example_trigger_controller_dag.py for tasks to queue
[2021-11-13 13:19:11,443] {logging_mixin.py:109} INFO - [2021-11-13 13:19:11,443] {dagbag.py:500} INFO - Filling up the DagBag from /home/airflow/.local/lib/python3.7/site-packages/airflow/example_dags/example_trigger_controller_dag.py
[2021-11-13 13:19:11,469] {processor.py:632} INFO - DAG(s) dict_keys(['example_trigger_controller_dag']) retrieved from /home/airflow/.local/lib/python3.7/site-packages/airflow/example_dags/example_trigger_controller_dag.py
[2021-11-13 13:19:13,342] {logging_mixin.py:109} INFO - [2021-11-13 13:19:13,342] {providers_manager.py:156} WARNING - Exception when importing 'airflow.providers.google.leveldb.hooks.leveldb.LevelDBHook' from 'apache-airflow-providers-google' package: No module named 'plyvel'
[2021-11-13 13:19:13,791] {logging_mixin.py:109} INFO - [2021-11-13 13:19:13,791] {providers_manager.py:156} WARNING - Exception when importing 'airflow.providers.google.leveldb.hooks.leveldb.LevelDBHook' from 'apache-airflow-providers-google' package: No module named 'plyvel'
[2021-11-13 13:19:13,813] {logging_mixin.py:109} INFO - [2021-11-13 13:19:13,813] {manager.py:496} INFO - Created Permission View: can read on DAG:example_trigger_controller_dag
[2021-11-13 13:19:13,822] {logging_mixin.py:109} INFO - [2021-11-13 13:19:13,822] {manager.py:496} INFO - Created Permission View: can edit on DAG:example_trigger_controller_dag
[2021-11-13 13:19:13,823] {logging_mixin.py:109} INFO - [2021-11-13 13:19:13,822] {dag.py:2389} INFO - Sync 1 DAGs
[2021-11-13 13:19:13,830] {logging_mixin.py:109} INFO - [2021-11-13 13:19:13,830] {dag.py:2408} INFO - Creating ORM DAG for example_trigger_controller_dag
[2021-11-13 13:19:13,840] {logging_mixin.py:109} INFO - [2021-11-13 13:19:13,840] {dag.py:2921} INFO - Setting next_dagrun for example_trigger_controller_dag to 2021-01-01T00:00:00+00:00
[2021-11-13 13:19:13,867] {processor.py:171} INFO - Processing /home/airflow/.local/lib/python3.7/site-packages/airflow/example_dags/example_trigger_controller_dag.py took 2.428 seconds
[2021-11-13 13:19:44,128] {processor.py:163} INFO - Started process (PID=386) to work on /home/airflow/.local/lib/python3.7/site-packages/airflow/example_dags/example_trigger_controller_dag.py
[2021-11-13 13:19:44,129] {processor.py:620} INFO - Processing file /home/airflow/.local/lib/python3.7/site-packages/airflow/example_dags/example_trigger_controller_dag.py for tasks to queue
[2021-11-13 13:19:44,130] {logging_mixin.py:109} INFO - [2021-11-13 13:19:44,130] {dagbag.py:500} INFO - Filling up the DagBag from /home/airflow/.local/lib/python3.7/site-packages/airflow/example_dags/example_trigger_controller_dag.py
[2021-11-13 13:19:44,150] {processor.py:632} INFO - DAG(s) dict_keys(['example_trigger_controller_dag']) retrieved from /home/airflow/.local/lib/python3.7/site-packages/airflow/example_dags/example_trigger_controller_dag.py
[2021-11-13 13:19:44,160] {logging_mixin.py:109} INFO - [2021-11-13 13:19:44,160] {dag.py:2389} INFO - Sync 1 DAGs
[2021-11-13 13:19:44,174] {logging_mixin.py:109} INFO - [2021-11-13 13:19:44,174] {dag.py:2921} INFO - Setting next_dagrun for example_trigger_controller_dag to 2021-01-01T00:00:00+00:00
[2021-11-13 13:19:44,182] {processor.py:171} INFO - Processing /home/airflow/.local/lib/python3.7/site-packages/airflow/example_dags/example_trigger_controller_dag.py took 0.057 seconds
[2021-11-13 13:20:14,330] {processor.py:163} INFO - Started process (PID=443) to work on /home/airflow/.local/lib/python3.7/site-packages/airflow/example_dags/example_trigger_controller_dag.py
[2021-11-13 13:20:14,334] {processor.py:620} INFO - Processing file /home/airflow/.local/lib/python3.7/site-packages/airflow/example_dags/example_trigger_controller_dag.py for tasks to queue
[2021-11-13 13:20:14,336] {logging_mixin.py:109} INFO - [2021-11-13 13:20:14,336] {dagbag.py:500} INFO - Filling up the DagBag from /home/airflow/.local/lib/python3.7/site-packages/airflow/example_dags/example_trigger_controller_dag.py
[2021-11-13 13:20:14,373] {processor.py:632} INFO - DAG(s) dict_keys(['example_trigger_controller_dag']) retrieved from /home/airflow/.local/lib/python3.7/site-packages/airflow/example_dags/example_trigger_controller_dag.py
[2021-11-13 13:20:14,386] {logging_mixin.py:109} INFO - [2021-11-13 13:20:14,386] {dag.py:2389} INFO - Sync 1 DAGs
[2021-11-13 13:20:14,409] {logging_mixin.py:109} INFO - [2021-11-13 13:20:14,409] {dag.py:2921} INFO - Setting next_dagrun for example_trigger_controller_dag to 2021-01-01T00:00:00+00:00
[2021-11-13 13:20:14,419] {processor.py:171} INFO - Processing /home/airflow/.local/lib/python3.7/site-packages/airflow/example_dags/example_trigger_controller_dag.py took 0.099 seconds
[2021-11-13 13:20:44,665] {processor.py:163} INFO - Started process (PID=494) to work on /home/airflow/.local/lib/python3.7/site-packages/airflow/example_dags/example_trigger_controller_dag.py
[2021-11-13 13:20:44,667] {processor.py:620} INFO - Processing file /home/airflow/.local/lib/python3.7/site-packages/airflow/example_dags/example_trigger_controller_dag.py for tasks to queue
[2021-11-13 13:20:44,667] {logging_mixin.py:109} INFO - [2021-11-13 13:20:44,667] {dagbag.py:500} INFO - Filling up the DagBag from /home/airflow/.local/lib/python3.7/site-packages/airflow/example_dags/example_trigger_controller_dag.py
[2021-11-13 13:20:44,691] {processor.py:632} INFO - DAG(s) dict_keys(['example_trigger_controller_dag']) retrieved from /home/airflow/.local/lib/python3.7/site-packages/airflow/example_dags/example_trigger_controller_dag.py
[2021-11-13 13:20:44,700] {logging_mixin.py:109} INFO - [2021-11-13 13:20:44,700] {dag.py:2389} INFO - Sync 1 DAGs
[2021-11-13 13:20:44,716] {logging_mixin.py:109} INFO - [2021-11-13 13:20:44,716] {dag.py:2921} INFO - Setting next_dagrun for example_trigger_controller_dag to 2021-01-01T00:00:00+00:00
[2021-11-13 13:20:44,725] {processor.py:171} INFO - Processing /home/airflow/.local/lib/python3.7/site-packages/airflow/example_dags/example_trigger_controller_dag.py took 0.062 seconds
[2021-11-13 13:21:14,831] {processor.py:163} INFO - Started process (PID=551) to work on /home/airflow/.local/lib/python3.7/site-packages/airflow/example_dags/example_trigger_controller_dag.py
[2021-11-13 13:21:14,834] {processor.py:620} INFO - Processing file /home/airflow/.local/lib/python3.7/site-packages/airflow/example_dags/example_trigger_controller_dag.py for tasks to queue
[2021-11-13 13:21:14,835] {logging_mixin.py:109} INFO - [2021-11-13 13:21:14,835] {dagbag.py:500} INFO - Filling up the DagBag from /home/airflow/.local/lib/python3.7/site-packages/airflow/example_dags/example_trigger_controller_dag.py
[2021-11-13 13:21:14,867] {processor.py:632} INFO - DAG(s) dict_keys(['example_trigger_controller_dag']) retrieved from /home/airflow/.local/lib/python3.7/site-packages/airflow/example_dags/example_trigger_controller_dag.py
[2021-11-13 13:21:14,876] {logging_mixin.py:109} INFO - [2021-11-13 13:21:14,876] {dag.py:2389} INFO - Sync 1 DAGs
[2021-11-13 13:21:14,890] {logging_mixin.py:109} INFO - [2021-11-13 13:21:14,890] {dag.py:2921} INFO - Setting next_dagrun for example_trigger_controller_dag to 2021-01-01T00:00:00+00:00
[2021-11-13 13:21:14,900] {processor.py:171} INFO - Processing /home/airflow/.local/lib/python3.7/site-packages/airflow/example_dags/example_trigger_controller_dag.py took 0.078 seconds
[2021-11-13 13:21:45,730] {processor.py:163} INFO - Started process (PID=601) to work on /home/airflow/.local/lib/python3.7/site-packages/airflow/example_dags/example_trigger_controller_dag.py
[2021-11-13 13:21:45,732] {processor.py:620} INFO - Processing file /home/airflow/.local/lib/python3.7/site-packages/airflow/example_dags/example_trigger_controller_dag.py for tasks to queue
[2021-11-13 13:21:45,732] {logging_mixin.py:109} INFO - [2021-11-13 13:21:45,732] {dagbag.py:500} INFO - Filling up the DagBag from /home/airflow/.local/lib/python3.7/site-packages/airflow/example_dags/example_trigger_controller_dag.py
[2021-11-13 13:21:45,757] {processor.py:632} INFO - DAG(s) dict_keys(['example_trigger_controller_dag']) retrieved from /home/airflow/.local/lib/python3.7/site-packages/airflow/example_dags/example_trigger_controller_dag.py
[2021-11-13 13:21:45,767] {logging_mixin.py:109} INFO - [2021-11-13 13:21:45,767] {dag.py:2389} INFO - Sync 1 DAGs
[2021-11-13 13:21:45,785] {logging_mixin.py:109} INFO - [2021-11-13 13:21:45,785] {dag.py:2921} INFO - Setting next_dagrun for example_trigger_controller_dag to 2021-01-01T00:00:00+00:00
[2021-11-13 13:21:45,793] {processor.py:171} INFO - Processing /home/airflow/.local/lib/python3.7/site-packages/airflow/example_dags/example_trigger_controller_dag.py took 0.066 seconds
[2021-11-13 13:22:15,851] {processor.py:163} INFO - Started process (PID=657) to work on /home/airflow/.local/lib/python3.7/site-packages/airflow/example_dags/example_trigger_controller_dag.py
[2021-11-13 13:22:15,853] {processor.py:620} INFO - Processing file /home/airflow/.local/lib/python3.7/site-packages/airflow/example_dags/example_trigger_controller_dag.py for tasks to queue
[2021-11-13 13:22:15,853] {logging_mixin.py:109} INFO - [2021-11-13 13:22:15,853] {dagbag.py:500} INFO - Filling up the DagBag from /home/airflow/.local/lib/python3.7/site-packages/airflow/example_dags/example_trigger_controller_dag.py
[2021-11-13 13:22:15,878] {processor.py:632} INFO - DAG(s) dict_keys(['example_trigger_controller_dag']) retrieved from /home/airflow/.local/lib/python3.7/site-packages/airflow/example_dags/example_trigger_controller_dag.py
[2021-11-13 13:22:15,887] {logging_mixin.py:109} INFO - [2021-11-13 13:22:15,886] {dag.py:2389} INFO - Sync 1 DAGs
[2021-11-13 13:22:15,901] {logging_mixin.py:109} INFO - [2021-11-13 13:22:15,901] {dag.py:2921} INFO - Setting next_dagrun for example_trigger_controller_dag to 2021-01-01T00:00:00+00:00
[2021-11-13 13:22:15,911] {processor.py:171} INFO - Processing /home/airflow/.local/lib/python3.7/site-packages/airflow/example_dags/example_trigger_controller_dag.py took 0.062 seconds
[2021-11-13 13:22:46,113] {processor.py:163} INFO - Started process (PID=706) to work on /home/airflow/.local/lib/python3.7/site-packages/airflow/example_dags/example_trigger_controller_dag.py
[2021-11-13 13:22:46,115] {processor.py:620} INFO - Processing file /home/airflow/.local/lib/python3.7/site-packages/airflow/example_dags/example_trigger_controller_dag.py for tasks to queue
[2021-11-13 13:22:46,115] {logging_mixin.py:109} INFO - [2021-11-13 13:22:46,115] {dagbag.py:500} INFO - Filling up the DagBag from /home/airflow/.local/lib/python3.7/site-packages/airflow/example_dags/example_trigger_controller_dag.py
[2021-11-13 13:22:46,138] {processor.py:632} INFO - DAG(s) dict_keys(['example_trigger_controller_dag']) retrieved from /home/airflow/.local/lib/python3.7/site-packages/airflow/example_dags/example_trigger_controller_dag.py
[2021-11-13 13:22:46,148] {logging_mixin.py:109} INFO - [2021-11-13 13:22:46,148] {dag.py:2389} INFO - Sync 1 DAGs
[2021-11-13 13:22:46,163] {logging_mixin.py:109} INFO - [2021-11-13 13:22:46,163] {dag.py:2921} INFO - Setting next_dagrun for example_trigger_controller_dag to 2021-01-01T00:00:00+00:00
[2021-11-13 13:22:46,172] {processor.py:171} INFO - Processing /home/airflow/.local/lib/python3.7/site-packages/airflow/example_dags/example_trigger_controller_dag.py took 0.061 seconds
[2021-11-13 13:23:16,432] {processor.py:163} INFO - Started process (PID=755) to work on /home/airflow/.local/lib/python3.7/site-packages/airflow/example_dags/example_trigger_controller_dag.py
[2021-11-13 13:23:16,433] {processor.py:620} INFO - Processing file /home/airflow/.local/lib/python3.7/site-packages/airflow/example_dags/example_trigger_controller_dag.py for tasks to queue
[2021-11-13 13:23:16,434] {logging_mixin.py:109} INFO - [2021-11-13 13:23:16,434] {dagbag.py:500} INFO - Filling up the DagBag from /home/airflow/.local/lib/python3.7/site-packages/airflow/example_dags/example_trigger_controller_dag.py
[2021-11-13 13:23:16,459] {processor.py:632} INFO - DAG(s) dict_keys(['example_trigger_controller_dag']) retrieved from /home/airflow/.local/lib/python3.7/site-packages/airflow/example_dags/example_trigger_controller_dag.py
[2021-11-13 13:23:16,469] {logging_mixin.py:109} INFO - [2021-11-13 13:23:16,469] {dag.py:2389} INFO - Sync 1 DAGs
[2021-11-13 13:23:16,487] {logging_mixin.py:109} INFO - [2021-11-13 13:23:16,487] {dag.py:2921} INFO - Setting next_dagrun for example_trigger_controller_dag to 2021-01-01T00:00:00+00:00
[2021-11-13 13:23:16,496] {processor.py:171} INFO - Processing /home/airflow/.local/lib/python3.7/site-packages/airflow/example_dags/example_trigger_controller_dag.py took 0.067 seconds
