[2021-11-13 13:19:00,287] {processor.py:163} INFO - Started process (PID=218) to work on /home/airflow/.local/lib/python3.7/site-packages/airflow/example_dags/example_external_task_marker_dag.py
[2021-11-13 13:19:00,287] {processor.py:620} INFO - Processing file /home/airflow/.local/lib/python3.7/site-packages/airflow/example_dags/example_external_task_marker_dag.py for tasks to queue
[2021-11-13 13:19:00,288] {logging_mixin.py:109} INFO - [2021-11-13 13:19:00,288] {dagbag.py:500} INFO - Filling up the DagBag from /home/airflow/.local/lib/python3.7/site-packages/airflow/example_dags/example_external_task_marker_dag.py
[2021-11-13 13:19:00,318] {processor.py:632} INFO - DAG(s) dict_keys(['example_external_task_marker_parent', 'example_external_task_marker_child']) retrieved from /home/airflow/.local/lib/python3.7/site-packages/airflow/example_dags/example_external_task_marker_dag.py
[2021-11-13 13:19:02,350] {logging_mixin.py:109} INFO - [2021-11-13 13:19:02,350] {providers_manager.py:156} WARNING - Exception when importing 'airflow.providers.google.leveldb.hooks.leveldb.LevelDBHook' from 'apache-airflow-providers-google' package: No module named 'plyvel'
[2021-11-13 13:19:02,839] {logging_mixin.py:109} INFO - [2021-11-13 13:19:02,839] {providers_manager.py:156} WARNING - Exception when importing 'airflow.providers.google.leveldb.hooks.leveldb.LevelDBHook' from 'apache-airflow-providers-google' package: No module named 'plyvel'
[2021-11-13 13:19:02,866] {logging_mixin.py:109} INFO - [2021-11-13 13:19:02,866] {manager.py:496} INFO - Created Permission View: can read on DAG:example_external_task_marker_parent
[2021-11-13 13:19:02,876] {logging_mixin.py:109} INFO - [2021-11-13 13:19:02,875] {manager.py:496} INFO - Created Permission View: can edit on DAG:example_external_task_marker_parent
[2021-11-13 13:19:02,894] {logging_mixin.py:109} INFO - [2021-11-13 13:19:02,894] {manager.py:496} INFO - Created Permission View: can read on DAG:example_external_task_marker_child
[2021-11-13 13:19:02,903] {logging_mixin.py:109} INFO - [2021-11-13 13:19:02,903] {manager.py:496} INFO - Created Permission View: can edit on DAG:example_external_task_marker_child
[2021-11-13 13:19:02,903] {logging_mixin.py:109} INFO - [2021-11-13 13:19:02,903] {dag.py:2389} INFO - Sync 2 DAGs
[2021-11-13 13:19:02,911] {logging_mixin.py:109} INFO - [2021-11-13 13:19:02,911] {dag.py:2408} INFO - Creating ORM DAG for example_external_task_marker_parent
[2021-11-13 13:19:02,912] {logging_mixin.py:109} INFO - [2021-11-13 13:19:02,912] {dag.py:2408} INFO - Creating ORM DAG for example_external_task_marker_child
[2021-11-13 13:19:02,920] {logging_mixin.py:109} INFO - [2021-11-13 13:19:02,920] {dag.py:2921} INFO - Setting next_dagrun for example_external_task_marker_child to None
[2021-11-13 13:19:02,921] {logging_mixin.py:109} INFO - [2021-11-13 13:19:02,921] {dag.py:2921} INFO - Setting next_dagrun for example_external_task_marker_parent to None
[2021-11-13 13:19:02,935] {processor.py:171} INFO - Processing /home/airflow/.local/lib/python3.7/site-packages/airflow/example_dags/example_external_task_marker_dag.py took 2.651 seconds
[2021-11-13 13:19:33,424] {processor.py:163} INFO - Started process (PID=379) to work on /home/airflow/.local/lib/python3.7/site-packages/airflow/example_dags/example_external_task_marker_dag.py
[2021-11-13 13:19:33,425] {processor.py:620} INFO - Processing file /home/airflow/.local/lib/python3.7/site-packages/airflow/example_dags/example_external_task_marker_dag.py for tasks to queue
[2021-11-13 13:19:33,426] {logging_mixin.py:109} INFO - [2021-11-13 13:19:33,425] {dagbag.py:500} INFO - Filling up the DagBag from /home/airflow/.local/lib/python3.7/site-packages/airflow/example_dags/example_external_task_marker_dag.py
[2021-11-13 13:19:33,453] {processor.py:632} INFO - DAG(s) dict_keys(['example_external_task_marker_parent', 'example_external_task_marker_child']) retrieved from /home/airflow/.local/lib/python3.7/site-packages/airflow/example_dags/example_external_task_marker_dag.py
[2021-11-13 13:19:33,465] {logging_mixin.py:109} INFO - [2021-11-13 13:19:33,465] {dag.py:2389} INFO - Sync 2 DAGs
[2021-11-13 13:19:33,480] {logging_mixin.py:109} INFO - [2021-11-13 13:19:33,480] {dag.py:2921} INFO - Setting next_dagrun for example_external_task_marker_child to None
[2021-11-13 13:19:33,481] {logging_mixin.py:109} INFO - [2021-11-13 13:19:33,481] {dag.py:2921} INFO - Setting next_dagrun for example_external_task_marker_parent to None
[2021-11-13 13:19:33,490] {processor.py:171} INFO - Processing /home/airflow/.local/lib/python3.7/site-packages/airflow/example_dags/example_external_task_marker_dag.py took 0.069 seconds
[2021-11-13 13:20:03,656] {processor.py:163} INFO - Started process (PID=427) to work on /home/airflow/.local/lib/python3.7/site-packages/airflow/example_dags/example_external_task_marker_dag.py
[2021-11-13 13:20:03,657] {processor.py:620} INFO - Processing file /home/airflow/.local/lib/python3.7/site-packages/airflow/example_dags/example_external_task_marker_dag.py for tasks to queue
[2021-11-13 13:20:03,658] {logging_mixin.py:109} INFO - [2021-11-13 13:20:03,658] {dagbag.py:500} INFO - Filling up the DagBag from /home/airflow/.local/lib/python3.7/site-packages/airflow/example_dags/example_external_task_marker_dag.py
[2021-11-13 13:20:03,679] {processor.py:632} INFO - DAG(s) dict_keys(['example_external_task_marker_parent', 'example_external_task_marker_child']) retrieved from /home/airflow/.local/lib/python3.7/site-packages/airflow/example_dags/example_external_task_marker_dag.py
[2021-11-13 13:20:03,692] {logging_mixin.py:109} INFO - [2021-11-13 13:20:03,692] {dag.py:2389} INFO - Sync 2 DAGs
[2021-11-13 13:20:03,707] {logging_mixin.py:109} INFO - [2021-11-13 13:20:03,706] {dag.py:2921} INFO - Setting next_dagrun for example_external_task_marker_child to None
[2021-11-13 13:20:03,707] {logging_mixin.py:109} INFO - [2021-11-13 13:20:03,707] {dag.py:2921} INFO - Setting next_dagrun for example_external_task_marker_parent to None
[2021-11-13 13:20:03,717] {processor.py:171} INFO - Processing /home/airflow/.local/lib/python3.7/site-packages/airflow/example_dags/example_external_task_marker_dag.py took 0.064 seconds
[2021-11-13 13:20:33,941] {processor.py:163} INFO - Started process (PID=476) to work on /home/airflow/.local/lib/python3.7/site-packages/airflow/example_dags/example_external_task_marker_dag.py
[2021-11-13 13:20:33,943] {processor.py:620} INFO - Processing file /home/airflow/.local/lib/python3.7/site-packages/airflow/example_dags/example_external_task_marker_dag.py for tasks to queue
[2021-11-13 13:20:33,943] {logging_mixin.py:109} INFO - [2021-11-13 13:20:33,943] {dagbag.py:500} INFO - Filling up the DagBag from /home/airflow/.local/lib/python3.7/site-packages/airflow/example_dags/example_external_task_marker_dag.py
[2021-11-13 13:20:33,965] {processor.py:632} INFO - DAG(s) dict_keys(['example_external_task_marker_parent', 'example_external_task_marker_child']) retrieved from /home/airflow/.local/lib/python3.7/site-packages/airflow/example_dags/example_external_task_marker_dag.py
[2021-11-13 13:20:33,975] {logging_mixin.py:109} INFO - [2021-11-13 13:20:33,975] {dag.py:2389} INFO - Sync 2 DAGs
[2021-11-13 13:20:33,988] {logging_mixin.py:109} INFO - [2021-11-13 13:20:33,988] {dag.py:2921} INFO - Setting next_dagrun for example_external_task_marker_child to None
[2021-11-13 13:20:33,988] {logging_mixin.py:109} INFO - [2021-11-13 13:20:33,988] {dag.py:2921} INFO - Setting next_dagrun for example_external_task_marker_parent to None
[2021-11-13 13:20:33,996] {processor.py:171} INFO - Processing /home/airflow/.local/lib/python3.7/site-packages/airflow/example_dags/example_external_task_marker_dag.py took 0.057 seconds
[2021-11-13 13:21:04,216] {processor.py:163} INFO - Started process (PID=535) to work on /home/airflow/.local/lib/python3.7/site-packages/airflow/example_dags/example_external_task_marker_dag.py
[2021-11-13 13:21:04,217] {processor.py:620} INFO - Processing file /home/airflow/.local/lib/python3.7/site-packages/airflow/example_dags/example_external_task_marker_dag.py for tasks to queue
[2021-11-13 13:21:04,218] {logging_mixin.py:109} INFO - [2021-11-13 13:21:04,218] {dagbag.py:500} INFO - Filling up the DagBag from /home/airflow/.local/lib/python3.7/site-packages/airflow/example_dags/example_external_task_marker_dag.py
[2021-11-13 13:21:04,239] {processor.py:632} INFO - DAG(s) dict_keys(['example_external_task_marker_parent', 'example_external_task_marker_child']) retrieved from /home/airflow/.local/lib/python3.7/site-packages/airflow/example_dags/example_external_task_marker_dag.py
[2021-11-13 13:21:04,250] {logging_mixin.py:109} INFO - [2021-11-13 13:21:04,250] {dag.py:2389} INFO - Sync 2 DAGs
[2021-11-13 13:21:04,264] {logging_mixin.py:109} INFO - [2021-11-13 13:21:04,264] {dag.py:2921} INFO - Setting next_dagrun for example_external_task_marker_child to None
[2021-11-13 13:21:04,264] {logging_mixin.py:109} INFO - [2021-11-13 13:21:04,264] {dag.py:2921} INFO - Setting next_dagrun for example_external_task_marker_parent to None
[2021-11-13 13:21:04,272] {processor.py:171} INFO - Processing /home/airflow/.local/lib/python3.7/site-packages/airflow/example_dags/example_external_task_marker_dag.py took 0.059 seconds
[2021-11-13 13:21:34,323] {processor.py:163} INFO - Started process (PID=584) to work on /home/airflow/.local/lib/python3.7/site-packages/airflow/example_dags/example_external_task_marker_dag.py
[2021-11-13 13:21:34,325] {processor.py:620} INFO - Processing file /home/airflow/.local/lib/python3.7/site-packages/airflow/example_dags/example_external_task_marker_dag.py for tasks to queue
[2021-11-13 13:21:34,326] {logging_mixin.py:109} INFO - [2021-11-13 13:21:34,326] {dagbag.py:500} INFO - Filling up the DagBag from /home/airflow/.local/lib/python3.7/site-packages/airflow/example_dags/example_external_task_marker_dag.py
[2021-11-13 13:21:34,352] {processor.py:632} INFO - DAG(s) dict_keys(['example_external_task_marker_parent', 'example_external_task_marker_child']) retrieved from /home/airflow/.local/lib/python3.7/site-packages/airflow/example_dags/example_external_task_marker_dag.py
[2021-11-13 13:21:34,366] {logging_mixin.py:109} INFO - [2021-11-13 13:21:34,366] {dag.py:2389} INFO - Sync 2 DAGs
[2021-11-13 13:21:34,383] {logging_mixin.py:109} INFO - [2021-11-13 13:21:34,383] {dag.py:2921} INFO - Setting next_dagrun for example_external_task_marker_child to None
[2021-11-13 13:21:34,383] {logging_mixin.py:109} INFO - [2021-11-13 13:21:34,383] {dag.py:2921} INFO - Setting next_dagrun for example_external_task_marker_parent to None
[2021-11-13 13:21:34,394] {processor.py:171} INFO - Processing /home/airflow/.local/lib/python3.7/site-packages/airflow/example_dags/example_external_task_marker_dag.py took 0.073 seconds
[2021-11-13 13:22:04,529] {processor.py:163} INFO - Started process (PID=642) to work on /home/airflow/.local/lib/python3.7/site-packages/airflow/example_dags/example_external_task_marker_dag.py
[2021-11-13 13:22:04,531] {processor.py:620} INFO - Processing file /home/airflow/.local/lib/python3.7/site-packages/airflow/example_dags/example_external_task_marker_dag.py for tasks to queue
[2021-11-13 13:22:04,531] {logging_mixin.py:109} INFO - [2021-11-13 13:22:04,531] {dagbag.py:500} INFO - Filling up the DagBag from /home/airflow/.local/lib/python3.7/site-packages/airflow/example_dags/example_external_task_marker_dag.py
[2021-11-13 13:22:04,558] {processor.py:632} INFO - DAG(s) dict_keys(['example_external_task_marker_parent', 'example_external_task_marker_child']) retrieved from /home/airflow/.local/lib/python3.7/site-packages/airflow/example_dags/example_external_task_marker_dag.py
[2021-11-13 13:22:04,570] {logging_mixin.py:109} INFO - [2021-11-13 13:22:04,570] {dag.py:2389} INFO - Sync 2 DAGs
[2021-11-13 13:22:04,587] {logging_mixin.py:109} INFO - [2021-11-13 13:22:04,587] {dag.py:2921} INFO - Setting next_dagrun for example_external_task_marker_child to None
[2021-11-13 13:22:04,587] {logging_mixin.py:109} INFO - [2021-11-13 13:22:04,587] {dag.py:2921} INFO - Setting next_dagrun for example_external_task_marker_parent to None
[2021-11-13 13:22:04,595] {processor.py:171} INFO - Processing /home/airflow/.local/lib/python3.7/site-packages/airflow/example_dags/example_external_task_marker_dag.py took 0.069 seconds
[2021-11-13 13:22:34,733] {processor.py:163} INFO - Started process (PID=690) to work on /home/airflow/.local/lib/python3.7/site-packages/airflow/example_dags/example_external_task_marker_dag.py
[2021-11-13 13:22:34,736] {processor.py:620} INFO - Processing file /home/airflow/.local/lib/python3.7/site-packages/airflow/example_dags/example_external_task_marker_dag.py for tasks to queue
[2021-11-13 13:22:34,737] {logging_mixin.py:109} INFO - [2021-11-13 13:22:34,737] {dagbag.py:500} INFO - Filling up the DagBag from /home/airflow/.local/lib/python3.7/site-packages/airflow/example_dags/example_external_task_marker_dag.py
[2021-11-13 13:22:34,766] {processor.py:632} INFO - DAG(s) dict_keys(['example_external_task_marker_parent', 'example_external_task_marker_child']) retrieved from /home/airflow/.local/lib/python3.7/site-packages/airflow/example_dags/example_external_task_marker_dag.py
[2021-11-13 13:22:34,778] {logging_mixin.py:109} INFO - [2021-11-13 13:22:34,778] {dag.py:2389} INFO - Sync 2 DAGs
[2021-11-13 13:22:34,793] {logging_mixin.py:109} INFO - [2021-11-13 13:22:34,793] {dag.py:2921} INFO - Setting next_dagrun for example_external_task_marker_child to None
[2021-11-13 13:22:34,794] {logging_mixin.py:109} INFO - [2021-11-13 13:22:34,794] {dag.py:2921} INFO - Setting next_dagrun for example_external_task_marker_parent to None
[2021-11-13 13:22:34,803] {processor.py:171} INFO - Processing /home/airflow/.local/lib/python3.7/site-packages/airflow/example_dags/example_external_task_marker_dag.py took 0.082 seconds
[2021-11-13 13:23:05,147] {processor.py:163} INFO - Started process (PID=747) to work on /home/airflow/.local/lib/python3.7/site-packages/airflow/example_dags/example_external_task_marker_dag.py
[2021-11-13 13:23:05,148] {processor.py:620} INFO - Processing file /home/airflow/.local/lib/python3.7/site-packages/airflow/example_dags/example_external_task_marker_dag.py for tasks to queue
[2021-11-13 13:23:05,148] {logging_mixin.py:109} INFO - [2021-11-13 13:23:05,148] {dagbag.py:500} INFO - Filling up the DagBag from /home/airflow/.local/lib/python3.7/site-packages/airflow/example_dags/example_external_task_marker_dag.py
[2021-11-13 13:23:05,168] {processor.py:632} INFO - DAG(s) dict_keys(['example_external_task_marker_parent', 'example_external_task_marker_child']) retrieved from /home/airflow/.local/lib/python3.7/site-packages/airflow/example_dags/example_external_task_marker_dag.py
[2021-11-13 13:23:05,179] {logging_mixin.py:109} INFO - [2021-11-13 13:23:05,179] {dag.py:2389} INFO - Sync 2 DAGs
[2021-11-13 13:23:05,192] {logging_mixin.py:109} INFO - [2021-11-13 13:23:05,192] {dag.py:2921} INFO - Setting next_dagrun for example_external_task_marker_child to None
[2021-11-13 13:23:05,192] {logging_mixin.py:109} INFO - [2021-11-13 13:23:05,192] {dag.py:2921} INFO - Setting next_dagrun for example_external_task_marker_parent to None
[2021-11-13 13:23:05,201] {processor.py:171} INFO - Processing /home/airflow/.local/lib/python3.7/site-packages/airflow/example_dags/example_external_task_marker_dag.py took 0.056 seconds
[2021-11-13 13:23:35,867] {processor.py:163} INFO - Started process (PID=796) to work on /home/airflow/.local/lib/python3.7/site-packages/airflow/example_dags/example_external_task_marker_dag.py
[2021-11-13 13:23:35,868] {processor.py:620} INFO - Processing file /home/airflow/.local/lib/python3.7/site-packages/airflow/example_dags/example_external_task_marker_dag.py for tasks to queue
[2021-11-13 13:23:35,869] {logging_mixin.py:109} INFO - [2021-11-13 13:23:35,868] {dagbag.py:500} INFO - Filling up the DagBag from /home/airflow/.local/lib/python3.7/site-packages/airflow/example_dags/example_external_task_marker_dag.py
[2021-11-13 13:23:35,888] {processor.py:632} INFO - DAG(s) dict_keys(['example_external_task_marker_parent', 'example_external_task_marker_child']) retrieved from /home/airflow/.local/lib/python3.7/site-packages/airflow/example_dags/example_external_task_marker_dag.py
[2021-11-13 13:23:35,899] {logging_mixin.py:109} INFO - [2021-11-13 13:23:35,899] {dag.py:2389} INFO - Sync 2 DAGs
[2021-11-13 13:23:35,913] {logging_mixin.py:109} INFO - [2021-11-13 13:23:35,913] {dag.py:2921} INFO - Setting next_dagrun for example_external_task_marker_child to None
[2021-11-13 13:23:35,913] {logging_mixin.py:109} INFO - [2021-11-13 13:23:35,913] {dag.py:2921} INFO - Setting next_dagrun for example_external_task_marker_parent to None
[2021-11-13 13:23:35,922] {processor.py:171} INFO - Processing /home/airflow/.local/lib/python3.7/site-packages/airflow/example_dags/example_external_task_marker_dag.py took 0.057 seconds
