[2021-11-13 13:18:41,983] {processor.py:163} INFO - Started process (PID=102) to work on /home/airflow/.local/lib/python3.7/site-packages/airflow/example_dags/example_kubernetes_executor_config.py
[2021-11-13 13:18:41,984] {processor.py:620} INFO - Processing file /home/airflow/.local/lib/python3.7/site-packages/airflow/example_dags/example_kubernetes_executor_config.py for tasks to queue
[2021-11-13 13:18:41,985] {logging_mixin.py:109} INFO - [2021-11-13 13:18:41,985] {dagbag.py:500} INFO - Filling up the DagBag from /home/airflow/.local/lib/python3.7/site-packages/airflow/example_dags/example_kubernetes_executor_config.py
[2021-11-13 13:18:42,040] {processor.py:632} INFO - DAG(s) dict_keys(['example_kubernetes_executor_config']) retrieved from /home/airflow/.local/lib/python3.7/site-packages/airflow/example_dags/example_kubernetes_executor_config.py
[2021-11-13 13:18:45,164] {logging_mixin.py:109} INFO - [2021-11-13 13:18:45,164] {providers_manager.py:156} WARNING - Exception when importing 'airflow.providers.google.leveldb.hooks.leveldb.LevelDBHook' from 'apache-airflow-providers-google' package: No module named 'plyvel'
[2021-11-13 13:18:45,883] {logging_mixin.py:109} INFO - [2021-11-13 13:18:45,883] {providers_manager.py:156} WARNING - Exception when importing 'airflow.providers.google.leveldb.hooks.leveldb.LevelDBHook' from 'apache-airflow-providers-google' package: No module named 'plyvel'
[2021-11-13 13:18:45,909] {logging_mixin.py:109} INFO - [2021-11-13 13:18:45,909] {manager.py:496} INFO - Created Permission View: can read on DAG:example_kubernetes_executor_config
[2021-11-13 13:18:45,919] {logging_mixin.py:109} INFO - [2021-11-13 13:18:45,919] {manager.py:496} INFO - Created Permission View: can edit on DAG:example_kubernetes_executor_config
[2021-11-13 13:18:45,919] {logging_mixin.py:109} INFO - [2021-11-13 13:18:45,919] {dag.py:2389} INFO - Sync 1 DAGs
[2021-11-13 13:18:45,928] {logging_mixin.py:109} INFO - [2021-11-13 13:18:45,928] {dag.py:2408} INFO - Creating ORM DAG for example_kubernetes_executor_config
[2021-11-13 13:18:45,939] {logging_mixin.py:109} INFO - [2021-11-13 13:18:45,939] {dag.py:2921} INFO - Setting next_dagrun for example_kubernetes_executor_config to None
[2021-11-13 13:18:45,954] {processor.py:171} INFO - Processing /home/airflow/.local/lib/python3.7/site-packages/airflow/example_dags/example_kubernetes_executor_config.py took 3.984 seconds
[2021-11-13 13:19:17,689] {processor.py:163} INFO - Started process (PID=350) to work on /home/airflow/.local/lib/python3.7/site-packages/airflow/example_dags/example_kubernetes_executor_config.py
[2021-11-13 13:19:17,691] {processor.py:620} INFO - Processing file /home/airflow/.local/lib/python3.7/site-packages/airflow/example_dags/example_kubernetes_executor_config.py for tasks to queue
[2021-11-13 13:19:17,691] {logging_mixin.py:109} INFO - [2021-11-13 13:19:17,691] {dagbag.py:500} INFO - Filling up the DagBag from /home/airflow/.local/lib/python3.7/site-packages/airflow/example_dags/example_kubernetes_executor_config.py
[2021-11-13 13:19:17,724] {processor.py:632} INFO - DAG(s) dict_keys(['example_kubernetes_executor_config']) retrieved from /home/airflow/.local/lib/python3.7/site-packages/airflow/example_dags/example_kubernetes_executor_config.py
[2021-11-13 13:19:17,738] {logging_mixin.py:109} INFO - [2021-11-13 13:19:17,738] {dag.py:2389} INFO - Sync 1 DAGs
[2021-11-13 13:19:17,756] {logging_mixin.py:109} INFO - [2021-11-13 13:19:17,756] {dag.py:2921} INFO - Setting next_dagrun for example_kubernetes_executor_config to None
[2021-11-13 13:19:17,767] {processor.py:171} INFO - Processing /home/airflow/.local/lib/python3.7/site-packages/airflow/example_dags/example_kubernetes_executor_config.py took 0.081 seconds
[2021-11-13 13:19:48,222] {processor.py:163} INFO - Started process (PID=407) to work on /home/airflow/.local/lib/python3.7/site-packages/airflow/example_dags/example_kubernetes_executor_config.py
[2021-11-13 13:19:48,224] {processor.py:620} INFO - Processing file /home/airflow/.local/lib/python3.7/site-packages/airflow/example_dags/example_kubernetes_executor_config.py for tasks to queue
[2021-11-13 13:19:48,225] {logging_mixin.py:109} INFO - [2021-11-13 13:19:48,225] {dagbag.py:500} INFO - Filling up the DagBag from /home/airflow/.local/lib/python3.7/site-packages/airflow/example_dags/example_kubernetes_executor_config.py
[2021-11-13 13:19:48,280] {processor.py:632} INFO - DAG(s) dict_keys(['example_kubernetes_executor_config']) retrieved from /home/airflow/.local/lib/python3.7/site-packages/airflow/example_dags/example_kubernetes_executor_config.py
[2021-11-13 13:19:48,299] {logging_mixin.py:109} INFO - [2021-11-13 13:19:48,299] {dag.py:2389} INFO - Sync 1 DAGs
[2021-11-13 13:19:48,326] {logging_mixin.py:109} INFO - [2021-11-13 13:19:48,326] {dag.py:2921} INFO - Setting next_dagrun for example_kubernetes_executor_config to None
[2021-11-13 13:19:48,341] {processor.py:171} INFO - Processing /home/airflow/.local/lib/python3.7/site-packages/airflow/example_dags/example_kubernetes_executor_config.py took 0.124 seconds
[2021-11-13 13:20:19,063] {processor.py:163} INFO - Started process (PID=456) to work on /home/airflow/.local/lib/python3.7/site-packages/airflow/example_dags/example_kubernetes_executor_config.py
[2021-11-13 13:20:19,065] {processor.py:620} INFO - Processing file /home/airflow/.local/lib/python3.7/site-packages/airflow/example_dags/example_kubernetes_executor_config.py for tasks to queue
[2021-11-13 13:20:19,065] {logging_mixin.py:109} INFO - [2021-11-13 13:20:19,065] {dagbag.py:500} INFO - Filling up the DagBag from /home/airflow/.local/lib/python3.7/site-packages/airflow/example_dags/example_kubernetes_executor_config.py
[2021-11-13 13:20:19,117] {processor.py:632} INFO - DAG(s) dict_keys(['example_kubernetes_executor_config']) retrieved from /home/airflow/.local/lib/python3.7/site-packages/airflow/example_dags/example_kubernetes_executor_config.py
[2021-11-13 13:20:19,128] {logging_mixin.py:109} INFO - [2021-11-13 13:20:19,128] {dag.py:2389} INFO - Sync 1 DAGs
[2021-11-13 13:20:19,143] {logging_mixin.py:109} INFO - [2021-11-13 13:20:19,143] {dag.py:2921} INFO - Setting next_dagrun for example_kubernetes_executor_config to None
[2021-11-13 13:20:19,152] {processor.py:171} INFO - Processing /home/airflow/.local/lib/python3.7/site-packages/airflow/example_dags/example_kubernetes_executor_config.py took 0.092 seconds
[2021-11-13 13:20:49,189] {processor.py:163} INFO - Started process (PID=514) to work on /home/airflow/.local/lib/python3.7/site-packages/airflow/example_dags/example_kubernetes_executor_config.py
[2021-11-13 13:20:49,190] {processor.py:620} INFO - Processing file /home/airflow/.local/lib/python3.7/site-packages/airflow/example_dags/example_kubernetes_executor_config.py for tasks to queue
[2021-11-13 13:20:49,191] {logging_mixin.py:109} INFO - [2021-11-13 13:20:49,191] {dagbag.py:500} INFO - Filling up the DagBag from /home/airflow/.local/lib/python3.7/site-packages/airflow/example_dags/example_kubernetes_executor_config.py
[2021-11-13 13:20:49,218] {processor.py:632} INFO - DAG(s) dict_keys(['example_kubernetes_executor_config']) retrieved from /home/airflow/.local/lib/python3.7/site-packages/airflow/example_dags/example_kubernetes_executor_config.py
[2021-11-13 13:20:49,229] {logging_mixin.py:109} INFO - [2021-11-13 13:20:49,228] {dag.py:2389} INFO - Sync 1 DAGs
[2021-11-13 13:20:49,243] {logging_mixin.py:109} INFO - [2021-11-13 13:20:49,243] {dag.py:2921} INFO - Setting next_dagrun for example_kubernetes_executor_config to None
[2021-11-13 13:20:49,252] {processor.py:171} INFO - Processing /home/airflow/.local/lib/python3.7/site-packages/airflow/example_dags/example_kubernetes_executor_config.py took 0.065 seconds
[2021-11-13 13:21:19,419] {processor.py:163} INFO - Started process (PID=563) to work on /home/airflow/.local/lib/python3.7/site-packages/airflow/example_dags/example_kubernetes_executor_config.py
[2021-11-13 13:21:19,420] {processor.py:620} INFO - Processing file /home/airflow/.local/lib/python3.7/site-packages/airflow/example_dags/example_kubernetes_executor_config.py for tasks to queue
[2021-11-13 13:21:19,421] {logging_mixin.py:109} INFO - [2021-11-13 13:21:19,421] {dagbag.py:500} INFO - Filling up the DagBag from /home/airflow/.local/lib/python3.7/site-packages/airflow/example_dags/example_kubernetes_executor_config.py
[2021-11-13 13:21:19,444] {processor.py:632} INFO - DAG(s) dict_keys(['example_kubernetes_executor_config']) retrieved from /home/airflow/.local/lib/python3.7/site-packages/airflow/example_dags/example_kubernetes_executor_config.py
[2021-11-13 13:21:19,454] {logging_mixin.py:109} INFO - [2021-11-13 13:21:19,454] {dag.py:2389} INFO - Sync 1 DAGs
[2021-11-13 13:21:19,467] {logging_mixin.py:109} INFO - [2021-11-13 13:21:19,467] {dag.py:2921} INFO - Setting next_dagrun for example_kubernetes_executor_config to None
[2021-11-13 13:21:19,475] {processor.py:171} INFO - Processing /home/airflow/.local/lib/python3.7/site-packages/airflow/example_dags/example_kubernetes_executor_config.py took 0.058 seconds
[2021-11-13 13:21:49,516] {processor.py:163} INFO - Started process (PID=621) to work on /home/airflow/.local/lib/python3.7/site-packages/airflow/example_dags/example_kubernetes_executor_config.py
[2021-11-13 13:21:49,518] {processor.py:620} INFO - Processing file /home/airflow/.local/lib/python3.7/site-packages/airflow/example_dags/example_kubernetes_executor_config.py for tasks to queue
[2021-11-13 13:21:49,518] {logging_mixin.py:109} INFO - [2021-11-13 13:21:49,518] {dagbag.py:500} INFO - Filling up the DagBag from /home/airflow/.local/lib/python3.7/site-packages/airflow/example_dags/example_kubernetes_executor_config.py
[2021-11-13 13:21:49,541] {processor.py:632} INFO - DAG(s) dict_keys(['example_kubernetes_executor_config']) retrieved from /home/airflow/.local/lib/python3.7/site-packages/airflow/example_dags/example_kubernetes_executor_config.py
[2021-11-13 13:21:49,553] {logging_mixin.py:109} INFO - [2021-11-13 13:21:49,552] {dag.py:2389} INFO - Sync 1 DAGs
[2021-11-13 13:21:49,568] {logging_mixin.py:109} INFO - [2021-11-13 13:21:49,568] {dag.py:2921} INFO - Setting next_dagrun for example_kubernetes_executor_config to None
[2021-11-13 13:21:49,576] {processor.py:171} INFO - Processing /home/airflow/.local/lib/python3.7/site-packages/airflow/example_dags/example_kubernetes_executor_config.py took 0.062 seconds
[2021-11-13 13:22:19,637] {processor.py:163} INFO - Started process (PID=670) to work on /home/airflow/.local/lib/python3.7/site-packages/airflow/example_dags/example_kubernetes_executor_config.py
[2021-11-13 13:22:19,638] {processor.py:620} INFO - Processing file /home/airflow/.local/lib/python3.7/site-packages/airflow/example_dags/example_kubernetes_executor_config.py for tasks to queue
[2021-11-13 13:22:19,638] {logging_mixin.py:109} INFO - [2021-11-13 13:22:19,638] {dagbag.py:500} INFO - Filling up the DagBag from /home/airflow/.local/lib/python3.7/site-packages/airflow/example_dags/example_kubernetes_executor_config.py
[2021-11-13 13:22:19,674] {processor.py:632} INFO - DAG(s) dict_keys(['example_kubernetes_executor_config']) retrieved from /home/airflow/.local/lib/python3.7/site-packages/airflow/example_dags/example_kubernetes_executor_config.py
[2021-11-13 13:22:19,689] {logging_mixin.py:109} INFO - [2021-11-13 13:22:19,689] {dag.py:2389} INFO - Sync 1 DAGs
[2021-11-13 13:22:19,710] {logging_mixin.py:109} INFO - [2021-11-13 13:22:19,710] {dag.py:2921} INFO - Setting next_dagrun for example_kubernetes_executor_config to None
[2021-11-13 13:22:19,720] {processor.py:171} INFO - Processing /home/airflow/.local/lib/python3.7/site-packages/airflow/example_dags/example_kubernetes_executor_config.py took 0.087 seconds
[2021-11-13 13:22:49,915] {processor.py:163} INFO - Started process (PID=719) to work on /home/airflow/.local/lib/python3.7/site-packages/airflow/example_dags/example_kubernetes_executor_config.py
[2021-11-13 13:22:49,917] {processor.py:620} INFO - Processing file /home/airflow/.local/lib/python3.7/site-packages/airflow/example_dags/example_kubernetes_executor_config.py for tasks to queue
[2021-11-13 13:22:49,918] {logging_mixin.py:109} INFO - [2021-11-13 13:22:49,917] {dagbag.py:500} INFO - Filling up the DagBag from /home/airflow/.local/lib/python3.7/site-packages/airflow/example_dags/example_kubernetes_executor_config.py
[2021-11-13 13:22:49,949] {processor.py:632} INFO - DAG(s) dict_keys(['example_kubernetes_executor_config']) retrieved from /home/airflow/.local/lib/python3.7/site-packages/airflow/example_dags/example_kubernetes_executor_config.py
[2021-11-13 13:22:49,961] {logging_mixin.py:109} INFO - [2021-11-13 13:22:49,961] {dag.py:2389} INFO - Sync 1 DAGs
[2021-11-13 13:22:49,978] {logging_mixin.py:109} INFO - [2021-11-13 13:22:49,978] {dag.py:2921} INFO - Setting next_dagrun for example_kubernetes_executor_config to None
[2021-11-13 13:22:49,987] {processor.py:171} INFO - Processing /home/airflow/.local/lib/python3.7/site-packages/airflow/example_dags/example_kubernetes_executor_config.py took 0.075 seconds
[2021-11-13 13:23:20,073] {processor.py:163} INFO - Started process (PID=776) to work on /home/airflow/.local/lib/python3.7/site-packages/airflow/example_dags/example_kubernetes_executor_config.py
[2021-11-13 13:23:20,074] {processor.py:620} INFO - Processing file /home/airflow/.local/lib/python3.7/site-packages/airflow/example_dags/example_kubernetes_executor_config.py for tasks to queue
[2021-11-13 13:23:20,075] {logging_mixin.py:109} INFO - [2021-11-13 13:23:20,075] {dagbag.py:500} INFO - Filling up the DagBag from /home/airflow/.local/lib/python3.7/site-packages/airflow/example_dags/example_kubernetes_executor_config.py
[2021-11-13 13:23:20,100] {processor.py:632} INFO - DAG(s) dict_keys(['example_kubernetes_executor_config']) retrieved from /home/airflow/.local/lib/python3.7/site-packages/airflow/example_dags/example_kubernetes_executor_config.py
[2021-11-13 13:23:20,114] {logging_mixin.py:109} INFO - [2021-11-13 13:23:20,114] {dag.py:2389} INFO - Sync 1 DAGs
[2021-11-13 13:23:20,133] {logging_mixin.py:109} INFO - [2021-11-13 13:23:20,133] {dag.py:2921} INFO - Setting next_dagrun for example_kubernetes_executor_config to None
[2021-11-13 13:23:20,143] {processor.py:171} INFO - Processing /home/airflow/.local/lib/python3.7/site-packages/airflow/example_dags/example_kubernetes_executor_config.py took 0.073 seconds
