[2021-11-13 13:19:13,937] {processor.py:163} INFO - Started process (PID=316) to work on /home/airflow/.local/lib/python3.7/site-packages/airflow/example_dags/example_python_operator.py
[2021-11-13 13:19:13,938] {processor.py:620} INFO - Processing file /home/airflow/.local/lib/python3.7/site-packages/airflow/example_dags/example_python_operator.py for tasks to queue
[2021-11-13 13:19:13,939] {logging_mixin.py:109} INFO - [2021-11-13 13:19:13,939] {dagbag.py:500} INFO - Filling up the DagBag from /home/airflow/.local/lib/python3.7/site-packages/airflow/example_dags/example_python_operator.py
[2021-11-13 13:19:13,968] {processor.py:632} INFO - DAG(s) dict_keys(['example_python_operator']) retrieved from /home/airflow/.local/lib/python3.7/site-packages/airflow/example_dags/example_python_operator.py
[2021-11-13 13:19:15,916] {logging_mixin.py:109} INFO - [2021-11-13 13:19:15,915] {providers_manager.py:156} WARNING - Exception when importing 'airflow.providers.google.leveldb.hooks.leveldb.LevelDBHook' from 'apache-airflow-providers-google' package: No module named 'plyvel'
[2021-11-13 13:19:16,411] {logging_mixin.py:109} INFO - [2021-11-13 13:19:16,410] {providers_manager.py:156} WARNING - Exception when importing 'airflow.providers.google.leveldb.hooks.leveldb.LevelDBHook' from 'apache-airflow-providers-google' package: No module named 'plyvel'
[2021-11-13 13:19:16,433] {logging_mixin.py:109} INFO - [2021-11-13 13:19:16,433] {manager.py:496} INFO - Created Permission View: can read on DAG:example_python_operator
[2021-11-13 13:19:16,442] {logging_mixin.py:109} INFO - [2021-11-13 13:19:16,442] {manager.py:496} INFO - Created Permission View: can edit on DAG:example_python_operator
[2021-11-13 13:19:16,442] {logging_mixin.py:109} INFO - [2021-11-13 13:19:16,442] {dag.py:2389} INFO - Sync 1 DAGs
[2021-11-13 13:19:16,450] {logging_mixin.py:109} INFO - [2021-11-13 13:19:16,449] {dag.py:2408} INFO - Creating ORM DAG for example_python_operator
[2021-11-13 13:19:16,459] {logging_mixin.py:109} INFO - [2021-11-13 13:19:16,458] {dag.py:2921} INFO - Setting next_dagrun for example_python_operator to None
[2021-11-13 13:19:16,472] {processor.py:171} INFO - Processing /home/airflow/.local/lib/python3.7/site-packages/airflow/example_dags/example_python_operator.py took 2.538 seconds
[2021-11-13 13:19:47,388] {processor.py:163} INFO - Started process (PID=400) to work on /home/airflow/.local/lib/python3.7/site-packages/airflow/example_dags/example_python_operator.py
[2021-11-13 13:19:47,389] {processor.py:620} INFO - Processing file /home/airflow/.local/lib/python3.7/site-packages/airflow/example_dags/example_python_operator.py for tasks to queue
[2021-11-13 13:19:47,390] {logging_mixin.py:109} INFO - [2021-11-13 13:19:47,389] {dagbag.py:500} INFO - Filling up the DagBag from /home/airflow/.local/lib/python3.7/site-packages/airflow/example_dags/example_python_operator.py
[2021-11-13 13:19:47,422] {processor.py:632} INFO - DAG(s) dict_keys(['example_python_operator']) retrieved from /home/airflow/.local/lib/python3.7/site-packages/airflow/example_dags/example_python_operator.py
[2021-11-13 13:19:47,434] {logging_mixin.py:109} INFO - [2021-11-13 13:19:47,434] {dag.py:2389} INFO - Sync 1 DAGs
[2021-11-13 13:19:47,451] {logging_mixin.py:109} INFO - [2021-11-13 13:19:47,451] {dag.py:2921} INFO - Setting next_dagrun for example_python_operator to None
[2021-11-13 13:19:47,461] {processor.py:171} INFO - Processing /home/airflow/.local/lib/python3.7/site-packages/airflow/example_dags/example_python_operator.py took 0.077 seconds
[2021-11-13 13:20:17,696] {processor.py:163} INFO - Started process (PID=449) to work on /home/airflow/.local/lib/python3.7/site-packages/airflow/example_dags/example_python_operator.py
[2021-11-13 13:20:17,697] {processor.py:620} INFO - Processing file /home/airflow/.local/lib/python3.7/site-packages/airflow/example_dags/example_python_operator.py for tasks to queue
[2021-11-13 13:20:17,698] {logging_mixin.py:109} INFO - [2021-11-13 13:20:17,698] {dagbag.py:500} INFO - Filling up the DagBag from /home/airflow/.local/lib/python3.7/site-packages/airflow/example_dags/example_python_operator.py
[2021-11-13 13:20:17,759] {processor.py:632} INFO - DAG(s) dict_keys(['example_python_operator']) retrieved from /home/airflow/.local/lib/python3.7/site-packages/airflow/example_dags/example_python_operator.py
[2021-11-13 13:20:17,768] {logging_mixin.py:109} INFO - [2021-11-13 13:20:17,768] {dag.py:2389} INFO - Sync 1 DAGs
[2021-11-13 13:20:17,783] {logging_mixin.py:109} INFO - [2021-11-13 13:20:17,783] {dag.py:2921} INFO - Setting next_dagrun for example_python_operator to None
[2021-11-13 13:20:17,792] {processor.py:171} INFO - Processing /home/airflow/.local/lib/python3.7/site-packages/airflow/example_dags/example_python_operator.py took 0.098 seconds
[2021-11-13 13:20:47,893] {processor.py:163} INFO - Started process (PID=508) to work on /home/airflow/.local/lib/python3.7/site-packages/airflow/example_dags/example_python_operator.py
[2021-11-13 13:20:47,894] {processor.py:620} INFO - Processing file /home/airflow/.local/lib/python3.7/site-packages/airflow/example_dags/example_python_operator.py for tasks to queue
[2021-11-13 13:20:47,894] {logging_mixin.py:109} INFO - [2021-11-13 13:20:47,894] {dagbag.py:500} INFO - Filling up the DagBag from /home/airflow/.local/lib/python3.7/site-packages/airflow/example_dags/example_python_operator.py
[2021-11-13 13:20:47,927] {processor.py:632} INFO - DAG(s) dict_keys(['example_python_operator']) retrieved from /home/airflow/.local/lib/python3.7/site-packages/airflow/example_dags/example_python_operator.py
[2021-11-13 13:20:47,940] {logging_mixin.py:109} INFO - [2021-11-13 13:20:47,940] {dag.py:2389} INFO - Sync 1 DAGs
[2021-11-13 13:20:47,958] {logging_mixin.py:109} INFO - [2021-11-13 13:20:47,958] {dag.py:2921} INFO - Setting next_dagrun for example_python_operator to None
[2021-11-13 13:20:47,967] {processor.py:171} INFO - Processing /home/airflow/.local/lib/python3.7/site-packages/airflow/example_dags/example_python_operator.py took 0.077 seconds
[2021-11-13 13:21:18,134] {processor.py:163} INFO - Started process (PID=557) to work on /home/airflow/.local/lib/python3.7/site-packages/airflow/example_dags/example_python_operator.py
[2021-11-13 13:21:18,135] {processor.py:620} INFO - Processing file /home/airflow/.local/lib/python3.7/site-packages/airflow/example_dags/example_python_operator.py for tasks to queue
[2021-11-13 13:21:18,136] {logging_mixin.py:109} INFO - [2021-11-13 13:21:18,136] {dagbag.py:500} INFO - Filling up the DagBag from /home/airflow/.local/lib/python3.7/site-packages/airflow/example_dags/example_python_operator.py
[2021-11-13 13:21:18,160] {processor.py:632} INFO - DAG(s) dict_keys(['example_python_operator']) retrieved from /home/airflow/.local/lib/python3.7/site-packages/airflow/example_dags/example_python_operator.py
[2021-11-13 13:21:18,169] {logging_mixin.py:109} INFO - [2021-11-13 13:21:18,169] {dag.py:2389} INFO - Sync 1 DAGs
[2021-11-13 13:21:18,183] {logging_mixin.py:109} INFO - [2021-11-13 13:21:18,183] {dag.py:2921} INFO - Setting next_dagrun for example_python_operator to None
[2021-11-13 13:21:18,191] {processor.py:171} INFO - Processing /home/airflow/.local/lib/python3.7/site-packages/airflow/example_dags/example_python_operator.py took 0.059 seconds
[2021-11-13 13:21:48,218] {processor.py:163} INFO - Started process (PID=607) to work on /home/airflow/.local/lib/python3.7/site-packages/airflow/example_dags/example_python_operator.py
[2021-11-13 13:21:48,219] {processor.py:620} INFO - Processing file /home/airflow/.local/lib/python3.7/site-packages/airflow/example_dags/example_python_operator.py for tasks to queue
[2021-11-13 13:21:48,220] {logging_mixin.py:109} INFO - [2021-11-13 13:21:48,220] {dagbag.py:500} INFO - Filling up the DagBag from /home/airflow/.local/lib/python3.7/site-packages/airflow/example_dags/example_python_operator.py
[2021-11-13 13:21:48,244] {processor.py:632} INFO - DAG(s) dict_keys(['example_python_operator']) retrieved from /home/airflow/.local/lib/python3.7/site-packages/airflow/example_dags/example_python_operator.py
[2021-11-13 13:21:48,253] {logging_mixin.py:109} INFO - [2021-11-13 13:21:48,253] {dag.py:2389} INFO - Sync 1 DAGs
[2021-11-13 13:21:48,269] {logging_mixin.py:109} INFO - [2021-11-13 13:21:48,269] {dag.py:2921} INFO - Setting next_dagrun for example_python_operator to None
[2021-11-13 13:21:48,278] {processor.py:171} INFO - Processing /home/airflow/.local/lib/python3.7/site-packages/airflow/example_dags/example_python_operator.py took 0.063 seconds
[2021-11-13 13:22:18,458] {processor.py:163} INFO - Started process (PID=664) to work on /home/airflow/.local/lib/python3.7/site-packages/airflow/example_dags/example_python_operator.py
[2021-11-13 13:22:18,460] {processor.py:620} INFO - Processing file /home/airflow/.local/lib/python3.7/site-packages/airflow/example_dags/example_python_operator.py for tasks to queue
[2021-11-13 13:22:18,460] {logging_mixin.py:109} INFO - [2021-11-13 13:22:18,460] {dagbag.py:500} INFO - Filling up the DagBag from /home/airflow/.local/lib/python3.7/site-packages/airflow/example_dags/example_python_operator.py
[2021-11-13 13:22:18,484] {processor.py:632} INFO - DAG(s) dict_keys(['example_python_operator']) retrieved from /home/airflow/.local/lib/python3.7/site-packages/airflow/example_dags/example_python_operator.py
[2021-11-13 13:22:18,494] {logging_mixin.py:109} INFO - [2021-11-13 13:22:18,494] {dag.py:2389} INFO - Sync 1 DAGs
[2021-11-13 13:22:18,508] {logging_mixin.py:109} INFO - [2021-11-13 13:22:18,508] {dag.py:2921} INFO - Setting next_dagrun for example_python_operator to None
[2021-11-13 13:22:18,518] {processor.py:171} INFO - Processing /home/airflow/.local/lib/python3.7/site-packages/airflow/example_dags/example_python_operator.py took 0.062 seconds
[2021-11-13 13:22:48,708] {processor.py:163} INFO - Started process (PID=713) to work on /home/airflow/.local/lib/python3.7/site-packages/airflow/example_dags/example_python_operator.py
[2021-11-13 13:22:48,709] {processor.py:620} INFO - Processing file /home/airflow/.local/lib/python3.7/site-packages/airflow/example_dags/example_python_operator.py for tasks to queue
[2021-11-13 13:22:48,710] {logging_mixin.py:109} INFO - [2021-11-13 13:22:48,710] {dagbag.py:500} INFO - Filling up the DagBag from /home/airflow/.local/lib/python3.7/site-packages/airflow/example_dags/example_python_operator.py
[2021-11-13 13:22:48,738] {processor.py:632} INFO - DAG(s) dict_keys(['example_python_operator']) retrieved from /home/airflow/.local/lib/python3.7/site-packages/airflow/example_dags/example_python_operator.py
[2021-11-13 13:22:48,748] {logging_mixin.py:109} INFO - [2021-11-13 13:22:48,748] {dag.py:2389} INFO - Sync 1 DAGs
[2021-11-13 13:22:48,763] {logging_mixin.py:109} INFO - [2021-11-13 13:22:48,763] {dag.py:2921} INFO - Setting next_dagrun for example_python_operator to None
[2021-11-13 13:22:48,772] {processor.py:171} INFO - Processing /home/airflow/.local/lib/python3.7/site-packages/airflow/example_dags/example_python_operator.py took 0.067 seconds
[2021-11-13 13:23:19,755] {processor.py:163} INFO - Started process (PID=770) to work on /home/airflow/.local/lib/python3.7/site-packages/airflow/example_dags/example_python_operator.py
[2021-11-13 13:23:19,756] {processor.py:620} INFO - Processing file /home/airflow/.local/lib/python3.7/site-packages/airflow/example_dags/example_python_operator.py for tasks to queue
[2021-11-13 13:23:19,757] {logging_mixin.py:109} INFO - [2021-11-13 13:23:19,757] {dagbag.py:500} INFO - Filling up the DagBag from /home/airflow/.local/lib/python3.7/site-packages/airflow/example_dags/example_python_operator.py
[2021-11-13 13:23:19,779] {processor.py:632} INFO - DAG(s) dict_keys(['example_python_operator']) retrieved from /home/airflow/.local/lib/python3.7/site-packages/airflow/example_dags/example_python_operator.py
[2021-11-13 13:23:19,789] {logging_mixin.py:109} INFO - [2021-11-13 13:23:19,789] {dag.py:2389} INFO - Sync 1 DAGs
[2021-11-13 13:23:19,803] {logging_mixin.py:109} INFO - [2021-11-13 13:23:19,803] {dag.py:2921} INFO - Setting next_dagrun for example_python_operator to None
[2021-11-13 13:23:19,812] {processor.py:171} INFO - Processing /home/airflow/.local/lib/python3.7/site-packages/airflow/example_dags/example_python_operator.py took 0.059 seconds
