[2021-11-13 13:19:11,468] {processor.py:163} INFO - Started process (PID=298) to work on /home/airflow/.local/lib/python3.7/site-packages/airflow/example_dags/example_branch_day_of_week_operator.py
[2021-11-13 13:19:11,468] {processor.py:620} INFO - Processing file /home/airflow/.local/lib/python3.7/site-packages/airflow/example_dags/example_branch_day_of_week_operator.py for tasks to queue
[2021-11-13 13:19:11,469] {logging_mixin.py:109} INFO - [2021-11-13 13:19:11,469] {dagbag.py:500} INFO - Filling up the DagBag from /home/airflow/.local/lib/python3.7/site-packages/airflow/example_dags/example_branch_day_of_week_operator.py
[2021-11-13 13:19:11,500] {processor.py:632} INFO - DAG(s) dict_keys(['example_weekday_branch_operator']) retrieved from /home/airflow/.local/lib/python3.7/site-packages/airflow/example_dags/example_branch_day_of_week_operator.py
[2021-11-13 13:19:13,354] {logging_mixin.py:109} INFO - [2021-11-13 13:19:13,354] {providers_manager.py:156} WARNING - Exception when importing 'airflow.providers.google.leveldb.hooks.leveldb.LevelDBHook' from 'apache-airflow-providers-google' package: No module named 'plyvel'
[2021-11-13 13:19:13,803] {logging_mixin.py:109} INFO - [2021-11-13 13:19:13,803] {providers_manager.py:156} WARNING - Exception when importing 'airflow.providers.google.leveldb.hooks.leveldb.LevelDBHook' from 'apache-airflow-providers-google' package: No module named 'plyvel'
[2021-11-13 13:19:13,843] {logging_mixin.py:109} INFO - [2021-11-13 13:19:13,842] {manager.py:496} INFO - Created Permission View: can read on DAG:example_weekday_branch_operator
[2021-11-13 13:19:13,873] {logging_mixin.py:109} INFO - [2021-11-13 13:19:13,873] {manager.py:496} INFO - Created Permission View: can edit on DAG:example_weekday_branch_operator
[2021-11-13 13:19:13,873] {logging_mixin.py:109} INFO - [2021-11-13 13:19:13,873] {dag.py:2389} INFO - Sync 1 DAGs
[2021-11-13 13:19:13,883] {logging_mixin.py:109} INFO - [2021-11-13 13:19:13,883] {dag.py:2408} INFO - Creating ORM DAG for example_weekday_branch_operator
[2021-11-13 13:19:13,893] {logging_mixin.py:109} INFO - [2021-11-13 13:19:13,893] {dag.py:2921} INFO - Setting next_dagrun for example_weekday_branch_operator to 2021-11-12 00:00:00+00:00
[2021-11-13 13:19:13,913] {processor.py:171} INFO - Processing /home/airflow/.local/lib/python3.7/site-packages/airflow/example_dags/example_branch_day_of_week_operator.py took 2.448 seconds
[2021-11-13 13:19:44,131] {processor.py:163} INFO - Started process (PID=387) to work on /home/airflow/.local/lib/python3.7/site-packages/airflow/example_dags/example_branch_day_of_week_operator.py
[2021-11-13 13:19:44,132] {processor.py:620} INFO - Processing file /home/airflow/.local/lib/python3.7/site-packages/airflow/example_dags/example_branch_day_of_week_operator.py for tasks to queue
[2021-11-13 13:19:44,133] {logging_mixin.py:109} INFO - [2021-11-13 13:19:44,132] {dagbag.py:500} INFO - Filling up the DagBag from /home/airflow/.local/lib/python3.7/site-packages/airflow/example_dags/example_branch_day_of_week_operator.py
[2021-11-13 13:19:44,158] {processor.py:632} INFO - DAG(s) dict_keys(['example_weekday_branch_operator']) retrieved from /home/airflow/.local/lib/python3.7/site-packages/airflow/example_dags/example_branch_day_of_week_operator.py
[2021-11-13 13:19:44,166] {logging_mixin.py:109} INFO - [2021-11-13 13:19:44,166] {dag.py:2389} INFO - Sync 1 DAGs
[2021-11-13 13:19:44,181] {logging_mixin.py:109} INFO - [2021-11-13 13:19:44,181] {dag.py:2921} INFO - Setting next_dagrun for example_weekday_branch_operator to 2021-11-12 00:00:00+00:00
[2021-11-13 13:19:44,189] {processor.py:171} INFO - Processing /home/airflow/.local/lib/python3.7/site-packages/airflow/example_dags/example_branch_day_of_week_operator.py took 0.061 seconds
[2021-11-13 13:20:14,338] {processor.py:163} INFO - Started process (PID=444) to work on /home/airflow/.local/lib/python3.7/site-packages/airflow/example_dags/example_branch_day_of_week_operator.py
[2021-11-13 13:20:14,340] {processor.py:620} INFO - Processing file /home/airflow/.local/lib/python3.7/site-packages/airflow/example_dags/example_branch_day_of_week_operator.py for tasks to queue
[2021-11-13 13:20:14,341] {logging_mixin.py:109} INFO - [2021-11-13 13:20:14,341] {dagbag.py:500} INFO - Filling up the DagBag from /home/airflow/.local/lib/python3.7/site-packages/airflow/example_dags/example_branch_day_of_week_operator.py
[2021-11-13 13:20:14,374] {processor.py:632} INFO - DAG(s) dict_keys(['example_weekday_branch_operator']) retrieved from /home/airflow/.local/lib/python3.7/site-packages/airflow/example_dags/example_branch_day_of_week_operator.py
[2021-11-13 13:20:14,388] {logging_mixin.py:109} INFO - [2021-11-13 13:20:14,388] {dag.py:2389} INFO - Sync 1 DAGs
[2021-11-13 13:20:14,412] {logging_mixin.py:109} INFO - [2021-11-13 13:20:14,412] {dag.py:2921} INFO - Setting next_dagrun for example_weekday_branch_operator to 2021-11-12 00:00:00+00:00
[2021-11-13 13:20:14,422] {processor.py:171} INFO - Processing /home/airflow/.local/lib/python3.7/site-packages/airflow/example_dags/example_branch_day_of_week_operator.py took 0.091 seconds
[2021-11-13 13:20:44,668] {processor.py:163} INFO - Started process (PID=495) to work on /home/airflow/.local/lib/python3.7/site-packages/airflow/example_dags/example_branch_day_of_week_operator.py
[2021-11-13 13:20:44,669] {processor.py:620} INFO - Processing file /home/airflow/.local/lib/python3.7/site-packages/airflow/example_dags/example_branch_day_of_week_operator.py for tasks to queue
[2021-11-13 13:20:44,669] {logging_mixin.py:109} INFO - [2021-11-13 13:20:44,669] {dagbag.py:500} INFO - Filling up the DagBag from /home/airflow/.local/lib/python3.7/site-packages/airflow/example_dags/example_branch_day_of_week_operator.py
[2021-11-13 13:20:44,696] {processor.py:632} INFO - DAG(s) dict_keys(['example_weekday_branch_operator']) retrieved from /home/airflow/.local/lib/python3.7/site-packages/airflow/example_dags/example_branch_day_of_week_operator.py
[2021-11-13 13:20:44,705] {logging_mixin.py:109} INFO - [2021-11-13 13:20:44,705] {dag.py:2389} INFO - Sync 1 DAGs
[2021-11-13 13:20:44,722] {logging_mixin.py:109} INFO - [2021-11-13 13:20:44,722] {dag.py:2921} INFO - Setting next_dagrun for example_weekday_branch_operator to 2021-11-12 00:00:00+00:00
[2021-11-13 13:20:44,732] {processor.py:171} INFO - Processing /home/airflow/.local/lib/python3.7/site-packages/airflow/example_dags/example_branch_day_of_week_operator.py took 0.067 seconds
[2021-11-13 13:21:14,911] {processor.py:163} INFO - Started process (PID=552) to work on /home/airflow/.local/lib/python3.7/site-packages/airflow/example_dags/example_branch_day_of_week_operator.py
[2021-11-13 13:21:14,913] {processor.py:620} INFO - Processing file /home/airflow/.local/lib/python3.7/site-packages/airflow/example_dags/example_branch_day_of_week_operator.py for tasks to queue
[2021-11-13 13:21:14,913] {logging_mixin.py:109} INFO - [2021-11-13 13:21:14,913] {dagbag.py:500} INFO - Filling up the DagBag from /home/airflow/.local/lib/python3.7/site-packages/airflow/example_dags/example_branch_day_of_week_operator.py
[2021-11-13 13:21:14,939] {processor.py:632} INFO - DAG(s) dict_keys(['example_weekday_branch_operator']) retrieved from /home/airflow/.local/lib/python3.7/site-packages/airflow/example_dags/example_branch_day_of_week_operator.py
[2021-11-13 13:21:14,947] {logging_mixin.py:109} INFO - [2021-11-13 13:21:14,947] {dag.py:2389} INFO - Sync 1 DAGs
[2021-11-13 13:21:14,962] {logging_mixin.py:109} INFO - [2021-11-13 13:21:14,962] {dag.py:2921} INFO - Setting next_dagrun for example_weekday_branch_operator to 2021-11-12 00:00:00+00:00
[2021-11-13 13:21:14,971] {processor.py:171} INFO - Processing /home/airflow/.local/lib/python3.7/site-packages/airflow/example_dags/example_branch_day_of_week_operator.py took 0.062 seconds
[2021-11-13 13:21:45,804] {processor.py:163} INFO - Started process (PID=602) to work on /home/airflow/.local/lib/python3.7/site-packages/airflow/example_dags/example_branch_day_of_week_operator.py
[2021-11-13 13:21:45,806] {processor.py:620} INFO - Processing file /home/airflow/.local/lib/python3.7/site-packages/airflow/example_dags/example_branch_day_of_week_operator.py for tasks to queue
[2021-11-13 13:21:45,806] {logging_mixin.py:109} INFO - [2021-11-13 13:21:45,806] {dagbag.py:500} INFO - Filling up the DagBag from /home/airflow/.local/lib/python3.7/site-packages/airflow/example_dags/example_branch_day_of_week_operator.py
[2021-11-13 13:21:45,828] {processor.py:632} INFO - DAG(s) dict_keys(['example_weekday_branch_operator']) retrieved from /home/airflow/.local/lib/python3.7/site-packages/airflow/example_dags/example_branch_day_of_week_operator.py
[2021-11-13 13:21:45,837] {logging_mixin.py:109} INFO - [2021-11-13 13:21:45,837] {dag.py:2389} INFO - Sync 1 DAGs
[2021-11-13 13:21:45,853] {logging_mixin.py:109} INFO - [2021-11-13 13:21:45,853] {dag.py:2921} INFO - Setting next_dagrun for example_weekday_branch_operator to 2021-11-12 00:00:00+00:00
[2021-11-13 13:21:45,861] {processor.py:171} INFO - Processing /home/airflow/.local/lib/python3.7/site-packages/airflow/example_dags/example_branch_day_of_week_operator.py took 0.060 seconds
[2021-11-13 13:22:15,910] {processor.py:163} INFO - Started process (PID=658) to work on /home/airflow/.local/lib/python3.7/site-packages/airflow/example_dags/example_branch_day_of_week_operator.py
[2021-11-13 13:22:15,911] {processor.py:620} INFO - Processing file /home/airflow/.local/lib/python3.7/site-packages/airflow/example_dags/example_branch_day_of_week_operator.py for tasks to queue
[2021-11-13 13:22:15,912] {logging_mixin.py:109} INFO - [2021-11-13 13:22:15,912] {dagbag.py:500} INFO - Filling up the DagBag from /home/airflow/.local/lib/python3.7/site-packages/airflow/example_dags/example_branch_day_of_week_operator.py
[2021-11-13 13:22:15,935] {processor.py:632} INFO - DAG(s) dict_keys(['example_weekday_branch_operator']) retrieved from /home/airflow/.local/lib/python3.7/site-packages/airflow/example_dags/example_branch_day_of_week_operator.py
[2021-11-13 13:22:15,943] {logging_mixin.py:109} INFO - [2021-11-13 13:22:15,943] {dag.py:2389} INFO - Sync 1 DAGs
[2021-11-13 13:22:15,958] {logging_mixin.py:109} INFO - [2021-11-13 13:22:15,958] {dag.py:2921} INFO - Setting next_dagrun for example_weekday_branch_operator to 2021-11-12 00:00:00+00:00
[2021-11-13 13:22:15,966] {processor.py:171} INFO - Processing /home/airflow/.local/lib/python3.7/site-packages/airflow/example_dags/example_branch_day_of_week_operator.py took 0.059 seconds
[2021-11-13 13:22:46,117] {processor.py:163} INFO - Started process (PID=707) to work on /home/airflow/.local/lib/python3.7/site-packages/airflow/example_dags/example_branch_day_of_week_operator.py
[2021-11-13 13:22:46,118] {processor.py:620} INFO - Processing file /home/airflow/.local/lib/python3.7/site-packages/airflow/example_dags/example_branch_day_of_week_operator.py for tasks to queue
[2021-11-13 13:22:46,119] {logging_mixin.py:109} INFO - [2021-11-13 13:22:46,119] {dagbag.py:500} INFO - Filling up the DagBag from /home/airflow/.local/lib/python3.7/site-packages/airflow/example_dags/example_branch_day_of_week_operator.py
[2021-11-13 13:22:46,144] {processor.py:632} INFO - DAG(s) dict_keys(['example_weekday_branch_operator']) retrieved from /home/airflow/.local/lib/python3.7/site-packages/airflow/example_dags/example_branch_day_of_week_operator.py
[2021-11-13 13:22:46,154] {logging_mixin.py:109} INFO - [2021-11-13 13:22:46,154] {dag.py:2389} INFO - Sync 1 DAGs
[2021-11-13 13:22:46,170] {logging_mixin.py:109} INFO - [2021-11-13 13:22:46,170] {dag.py:2921} INFO - Setting next_dagrun for example_weekday_branch_operator to 2021-11-12 00:00:00+00:00
[2021-11-13 13:22:46,181] {processor.py:171} INFO - Processing /home/airflow/.local/lib/python3.7/site-packages/airflow/example_dags/example_branch_day_of_week_operator.py took 0.066 seconds
[2021-11-13 13:23:16,435] {processor.py:163} INFO - Started process (PID=756) to work on /home/airflow/.local/lib/python3.7/site-packages/airflow/example_dags/example_branch_day_of_week_operator.py
[2021-11-13 13:23:16,436] {processor.py:620} INFO - Processing file /home/airflow/.local/lib/python3.7/site-packages/airflow/example_dags/example_branch_day_of_week_operator.py for tasks to queue
[2021-11-13 13:23:16,437] {logging_mixin.py:109} INFO - [2021-11-13 13:23:16,437] {dagbag.py:500} INFO - Filling up the DagBag from /home/airflow/.local/lib/python3.7/site-packages/airflow/example_dags/example_branch_day_of_week_operator.py
[2021-11-13 13:23:16,465] {processor.py:632} INFO - DAG(s) dict_keys(['example_weekday_branch_operator']) retrieved from /home/airflow/.local/lib/python3.7/site-packages/airflow/example_dags/example_branch_day_of_week_operator.py
[2021-11-13 13:23:16,476] {logging_mixin.py:109} INFO - [2021-11-13 13:23:16,476] {dag.py:2389} INFO - Sync 1 DAGs
[2021-11-13 13:23:16,496] {logging_mixin.py:109} INFO - [2021-11-13 13:23:16,496] {dag.py:2921} INFO - Setting next_dagrun for example_weekday_branch_operator to 2021-11-12 00:00:00+00:00
[2021-11-13 13:23:16,506] {processor.py:171} INFO - Processing /home/airflow/.local/lib/python3.7/site-packages/airflow/example_dags/example_branch_day_of_week_operator.py took 0.074 seconds
