[2021-11-13 13:18:41,947] {processor.py:163} INFO - Started process (PID=101) to work on /home/airflow/.local/lib/python3.7/site-packages/airflow/example_dags/example_branch_datetime_operator.py
[2021-11-13 13:18:41,949] {processor.py:620} INFO - Processing file /home/airflow/.local/lib/python3.7/site-packages/airflow/example_dags/example_branch_datetime_operator.py for tasks to queue
[2021-11-13 13:18:41,950] {logging_mixin.py:109} INFO - [2021-11-13 13:18:41,950] {dagbag.py:500} INFO - Filling up the DagBag from /home/airflow/.local/lib/python3.7/site-packages/airflow/example_dags/example_branch_datetime_operator.py
[2021-11-13 13:18:42,015] {processor.py:632} INFO - DAG(s) dict_keys(['example_branch_datetime_operator_2']) retrieved from /home/airflow/.local/lib/python3.7/site-packages/airflow/example_dags/example_branch_datetime_operator.py
[2021-11-13 13:18:45,226] {logging_mixin.py:109} INFO - [2021-11-13 13:18:45,226] {providers_manager.py:156} WARNING - Exception when importing 'airflow.providers.google.leveldb.hooks.leveldb.LevelDBHook' from 'apache-airflow-providers-google' package: No module named 'plyvel'
[2021-11-13 13:18:46,071] {logging_mixin.py:109} INFO - [2021-11-13 13:18:46,071] {providers_manager.py:156} WARNING - Exception when importing 'airflow.providers.google.leveldb.hooks.leveldb.LevelDBHook' from 'apache-airflow-providers-google' package: No module named 'plyvel'
[2021-11-13 13:18:46,103] {logging_mixin.py:109} INFO - [2021-11-13 13:18:46,103] {manager.py:496} INFO - Created Permission View: can read on DAG:example_branch_datetime_operator_2
[2021-11-13 13:18:46,116] {logging_mixin.py:109} INFO - [2021-11-13 13:18:46,116] {manager.py:496} INFO - Created Permission View: can edit on DAG:example_branch_datetime_operator_2
[2021-11-13 13:18:46,117] {logging_mixin.py:109} INFO - [2021-11-13 13:18:46,116] {dag.py:2389} INFO - Sync 1 DAGs
[2021-11-13 13:18:46,128] {logging_mixin.py:109} INFO - [2021-11-13 13:18:46,128] {dag.py:2408} INFO - Creating ORM DAG for example_branch_datetime_operator_2
[2021-11-13 13:18:46,145] {logging_mixin.py:109} INFO - [2021-11-13 13:18:46,145] {dag.py:2921} INFO - Setting next_dagrun for example_branch_datetime_operator_2 to 2021-11-12 00:00:00+00:00
[2021-11-13 13:18:46,164] {processor.py:171} INFO - Processing /home/airflow/.local/lib/python3.7/site-packages/airflow/example_dags/example_branch_datetime_operator.py took 4.230 seconds
[2021-11-13 13:19:17,567] {processor.py:163} INFO - Started process (PID=349) to work on /home/airflow/.local/lib/python3.7/site-packages/airflow/example_dags/example_branch_datetime_operator.py
[2021-11-13 13:19:17,569] {processor.py:620} INFO - Processing file /home/airflow/.local/lib/python3.7/site-packages/airflow/example_dags/example_branch_datetime_operator.py for tasks to queue
[2021-11-13 13:19:17,570] {logging_mixin.py:109} INFO - [2021-11-13 13:19:17,570] {dagbag.py:500} INFO - Filling up the DagBag from /home/airflow/.local/lib/python3.7/site-packages/airflow/example_dags/example_branch_datetime_operator.py
[2021-11-13 13:19:17,615] {processor.py:632} INFO - DAG(s) dict_keys(['example_branch_datetime_operator_2']) retrieved from /home/airflow/.local/lib/python3.7/site-packages/airflow/example_dags/example_branch_datetime_operator.py
[2021-11-13 13:19:17,634] {logging_mixin.py:109} INFO - [2021-11-13 13:19:17,634] {dag.py:2389} INFO - Sync 1 DAGs
[2021-11-13 13:19:17,664] {logging_mixin.py:109} INFO - [2021-11-13 13:19:17,664] {dag.py:2921} INFO - Setting next_dagrun for example_branch_datetime_operator_2 to 2021-11-12 00:00:00+00:00
[2021-11-13 13:19:17,675] {processor.py:171} INFO - Processing /home/airflow/.local/lib/python3.7/site-packages/airflow/example_dags/example_branch_datetime_operator.py took 0.113 seconds
[2021-11-13 13:19:48,111] {processor.py:163} INFO - Started process (PID=406) to work on /home/airflow/.local/lib/python3.7/site-packages/airflow/example_dags/example_branch_datetime_operator.py
[2021-11-13 13:19:48,113] {processor.py:620} INFO - Processing file /home/airflow/.local/lib/python3.7/site-packages/airflow/example_dags/example_branch_datetime_operator.py for tasks to queue
[2021-11-13 13:19:48,113] {logging_mixin.py:109} INFO - [2021-11-13 13:19:48,113] {dagbag.py:500} INFO - Filling up the DagBag from /home/airflow/.local/lib/python3.7/site-packages/airflow/example_dags/example_branch_datetime_operator.py
[2021-11-13 13:19:48,149] {processor.py:632} INFO - DAG(s) dict_keys(['example_branch_datetime_operator_2']) retrieved from /home/airflow/.local/lib/python3.7/site-packages/airflow/example_dags/example_branch_datetime_operator.py
[2021-11-13 13:19:48,163] {logging_mixin.py:109} INFO - [2021-11-13 13:19:48,162] {dag.py:2389} INFO - Sync 1 DAGs
[2021-11-13 13:19:48,186] {logging_mixin.py:109} INFO - [2021-11-13 13:19:48,186] {dag.py:2921} INFO - Setting next_dagrun for example_branch_datetime_operator_2 to 2021-11-12 00:00:00+00:00
[2021-11-13 13:19:48,199] {processor.py:171} INFO - Processing /home/airflow/.local/lib/python3.7/site-packages/airflow/example_dags/example_branch_datetime_operator.py took 0.091 seconds
[2021-11-13 13:20:18,983] {processor.py:163} INFO - Started process (PID=455) to work on /home/airflow/.local/lib/python3.7/site-packages/airflow/example_dags/example_branch_datetime_operator.py
[2021-11-13 13:20:18,984] {processor.py:620} INFO - Processing file /home/airflow/.local/lib/python3.7/site-packages/airflow/example_dags/example_branch_datetime_operator.py for tasks to queue
[2021-11-13 13:20:18,985] {logging_mixin.py:109} INFO - [2021-11-13 13:20:18,985] {dagbag.py:500} INFO - Filling up the DagBag from /home/airflow/.local/lib/python3.7/site-packages/airflow/example_dags/example_branch_datetime_operator.py
[2021-11-13 13:20:19,010] {processor.py:632} INFO - DAG(s) dict_keys(['example_branch_datetime_operator_2']) retrieved from /home/airflow/.local/lib/python3.7/site-packages/airflow/example_dags/example_branch_datetime_operator.py
[2021-11-13 13:20:19,019] {logging_mixin.py:109} INFO - [2021-11-13 13:20:19,019] {dag.py:2389} INFO - Sync 1 DAGs
[2021-11-13 13:20:19,038] {logging_mixin.py:109} INFO - [2021-11-13 13:20:19,038] {dag.py:2921} INFO - Setting next_dagrun for example_branch_datetime_operator_2 to 2021-11-12 00:00:00+00:00
[2021-11-13 13:20:19,049] {processor.py:171} INFO - Processing /home/airflow/.local/lib/python3.7/site-packages/airflow/example_dags/example_branch_datetime_operator.py took 0.068 seconds
[2021-11-13 13:20:49,119] {processor.py:163} INFO - Started process (PID=513) to work on /home/airflow/.local/lib/python3.7/site-packages/airflow/example_dags/example_branch_datetime_operator.py
[2021-11-13 13:20:49,120] {processor.py:620} INFO - Processing file /home/airflow/.local/lib/python3.7/site-packages/airflow/example_dags/example_branch_datetime_operator.py for tasks to queue
[2021-11-13 13:20:49,120] {logging_mixin.py:109} INFO - [2021-11-13 13:20:49,120] {dagbag.py:500} INFO - Filling up the DagBag from /home/airflow/.local/lib/python3.7/site-packages/airflow/example_dags/example_branch_datetime_operator.py
[2021-11-13 13:20:49,145] {processor.py:632} INFO - DAG(s) dict_keys(['example_branch_datetime_operator_2']) retrieved from /home/airflow/.local/lib/python3.7/site-packages/airflow/example_dags/example_branch_datetime_operator.py
[2021-11-13 13:20:49,153] {logging_mixin.py:109} INFO - [2021-11-13 13:20:49,153] {dag.py:2389} INFO - Sync 1 DAGs
[2021-11-13 13:20:49,169] {logging_mixin.py:109} INFO - [2021-11-13 13:20:49,168] {dag.py:2921} INFO - Setting next_dagrun for example_branch_datetime_operator_2 to 2021-11-12 00:00:00+00:00
[2021-11-13 13:20:49,177] {processor.py:171} INFO - Processing /home/airflow/.local/lib/python3.7/site-packages/airflow/example_dags/example_branch_datetime_operator.py took 0.061 seconds
[2021-11-13 13:21:19,351] {processor.py:163} INFO - Started process (PID=562) to work on /home/airflow/.local/lib/python3.7/site-packages/airflow/example_dags/example_branch_datetime_operator.py
[2021-11-13 13:21:19,352] {processor.py:620} INFO - Processing file /home/airflow/.local/lib/python3.7/site-packages/airflow/example_dags/example_branch_datetime_operator.py for tasks to queue
[2021-11-13 13:21:19,352] {logging_mixin.py:109} INFO - [2021-11-13 13:21:19,352] {dagbag.py:500} INFO - Filling up the DagBag from /home/airflow/.local/lib/python3.7/site-packages/airflow/example_dags/example_branch_datetime_operator.py
[2021-11-13 13:21:19,378] {processor.py:632} INFO - DAG(s) dict_keys(['example_branch_datetime_operator_2']) retrieved from /home/airflow/.local/lib/python3.7/site-packages/airflow/example_dags/example_branch_datetime_operator.py
[2021-11-13 13:21:19,386] {logging_mixin.py:109} INFO - [2021-11-13 13:21:19,386] {dag.py:2389} INFO - Sync 1 DAGs
[2021-11-13 13:21:19,401] {logging_mixin.py:109} INFO - [2021-11-13 13:21:19,401] {dag.py:2921} INFO - Setting next_dagrun for example_branch_datetime_operator_2 to 2021-11-12 00:00:00+00:00
[2021-11-13 13:21:19,409] {processor.py:171} INFO - Processing /home/airflow/.local/lib/python3.7/site-packages/airflow/example_dags/example_branch_datetime_operator.py took 0.061 seconds
[2021-11-13 13:21:49,438] {processor.py:163} INFO - Started process (PID=620) to work on /home/airflow/.local/lib/python3.7/site-packages/airflow/example_dags/example_branch_datetime_operator.py
[2021-11-13 13:21:49,439] {processor.py:620} INFO - Processing file /home/airflow/.local/lib/python3.7/site-packages/airflow/example_dags/example_branch_datetime_operator.py for tasks to queue
[2021-11-13 13:21:49,440] {logging_mixin.py:109} INFO - [2021-11-13 13:21:49,440] {dagbag.py:500} INFO - Filling up the DagBag from /home/airflow/.local/lib/python3.7/site-packages/airflow/example_dags/example_branch_datetime_operator.py
[2021-11-13 13:21:49,464] {processor.py:632} INFO - DAG(s) dict_keys(['example_branch_datetime_operator_2']) retrieved from /home/airflow/.local/lib/python3.7/site-packages/airflow/example_dags/example_branch_datetime_operator.py
[2021-11-13 13:21:49,475] {logging_mixin.py:109} INFO - [2021-11-13 13:21:49,475] {dag.py:2389} INFO - Sync 1 DAGs
[2021-11-13 13:21:49,495] {logging_mixin.py:109} INFO - [2021-11-13 13:21:49,495] {dag.py:2921} INFO - Setting next_dagrun for example_branch_datetime_operator_2 to 2021-11-12 00:00:00+00:00
[2021-11-13 13:21:49,504] {processor.py:171} INFO - Processing /home/airflow/.local/lib/python3.7/site-packages/airflow/example_dags/example_branch_datetime_operator.py took 0.069 seconds
[2021-11-13 13:22:19,631] {processor.py:163} INFO - Started process (PID=669) to work on /home/airflow/.local/lib/python3.7/site-packages/airflow/example_dags/example_branch_datetime_operator.py
[2021-11-13 13:22:19,633] {processor.py:620} INFO - Processing file /home/airflow/.local/lib/python3.7/site-packages/airflow/example_dags/example_branch_datetime_operator.py for tasks to queue
[2021-11-13 13:22:19,633] {logging_mixin.py:109} INFO - [2021-11-13 13:22:19,633] {dagbag.py:500} INFO - Filling up the DagBag from /home/airflow/.local/lib/python3.7/site-packages/airflow/example_dags/example_branch_datetime_operator.py
[2021-11-13 13:22:19,667] {processor.py:632} INFO - DAG(s) dict_keys(['example_branch_datetime_operator_2']) retrieved from /home/airflow/.local/lib/python3.7/site-packages/airflow/example_dags/example_branch_datetime_operator.py
[2021-11-13 13:22:19,679] {logging_mixin.py:109} INFO - [2021-11-13 13:22:19,679] {dag.py:2389} INFO - Sync 1 DAGs
[2021-11-13 13:22:19,702] {logging_mixin.py:109} INFO - [2021-11-13 13:22:19,702] {dag.py:2921} INFO - Setting next_dagrun for example_branch_datetime_operator_2 to 2021-11-12 00:00:00+00:00
[2021-11-13 13:22:19,712] {processor.py:171} INFO - Processing /home/airflow/.local/lib/python3.7/site-packages/airflow/example_dags/example_branch_datetime_operator.py took 0.085 seconds
[2021-11-13 13:22:49,909] {processor.py:163} INFO - Started process (PID=718) to work on /home/airflow/.local/lib/python3.7/site-packages/airflow/example_dags/example_branch_datetime_operator.py
[2021-11-13 13:22:49,912] {processor.py:620} INFO - Processing file /home/airflow/.local/lib/python3.7/site-packages/airflow/example_dags/example_branch_datetime_operator.py for tasks to queue
[2021-11-13 13:22:49,913] {logging_mixin.py:109} INFO - [2021-11-13 13:22:49,912] {dagbag.py:500} INFO - Filling up the DagBag from /home/airflow/.local/lib/python3.7/site-packages/airflow/example_dags/example_branch_datetime_operator.py
[2021-11-13 13:22:49,946] {processor.py:632} INFO - DAG(s) dict_keys(['example_branch_datetime_operator_2']) retrieved from /home/airflow/.local/lib/python3.7/site-packages/airflow/example_dags/example_branch_datetime_operator.py
[2021-11-13 13:22:49,956] {logging_mixin.py:109} INFO - [2021-11-13 13:22:49,956] {dag.py:2389} INFO - Sync 1 DAGs
[2021-11-13 13:22:49,973] {logging_mixin.py:109} INFO - [2021-11-13 13:22:49,973] {dag.py:2921} INFO - Setting next_dagrun for example_branch_datetime_operator_2 to 2021-11-12 00:00:00+00:00
[2021-11-13 13:22:49,983] {processor.py:171} INFO - Processing /home/airflow/.local/lib/python3.7/site-packages/airflow/example_dags/example_branch_datetime_operator.py took 0.078 seconds
[2021-11-13 13:23:20,060] {processor.py:163} INFO - Started process (PID=775) to work on /home/airflow/.local/lib/python3.7/site-packages/airflow/example_dags/example_branch_datetime_operator.py
[2021-11-13 13:23:20,061] {processor.py:620} INFO - Processing file /home/airflow/.local/lib/python3.7/site-packages/airflow/example_dags/example_branch_datetime_operator.py for tasks to queue
[2021-11-13 13:23:20,062] {logging_mixin.py:109} INFO - [2021-11-13 13:23:20,062] {dagbag.py:500} INFO - Filling up the DagBag from /home/airflow/.local/lib/python3.7/site-packages/airflow/example_dags/example_branch_datetime_operator.py
[2021-11-13 13:23:20,085] {processor.py:632} INFO - DAG(s) dict_keys(['example_branch_datetime_operator_2']) retrieved from /home/airflow/.local/lib/python3.7/site-packages/airflow/example_dags/example_branch_datetime_operator.py
[2021-11-13 13:23:20,093] {logging_mixin.py:109} INFO - [2021-11-13 13:23:20,093] {dag.py:2389} INFO - Sync 1 DAGs
[2021-11-13 13:23:20,109] {logging_mixin.py:109} INFO - [2021-11-13 13:23:20,109] {dag.py:2921} INFO - Setting next_dagrun for example_branch_datetime_operator_2 to 2021-11-12 00:00:00+00:00
[2021-11-13 13:23:20,117] {processor.py:171} INFO - Processing /home/airflow/.local/lib/python3.7/site-packages/airflow/example_dags/example_branch_datetime_operator.py took 0.059 seconds
