[2021-11-13 13:18:26,910] {processor.py:163} INFO - Started process (PID=38) to work on /home/airflow/.local/lib/python3.7/site-packages/airflow/example_dags/example_bash_operator.py
[2021-11-13 13:18:26,912] {processor.py:620} INFO - Processing file /home/airflow/.local/lib/python3.7/site-packages/airflow/example_dags/example_bash_operator.py for tasks to queue
[2021-11-13 13:18:26,913] {logging_mixin.py:109} INFO - [2021-11-13 13:18:26,913] {dagbag.py:500} INFO - Filling up the DagBag from /home/airflow/.local/lib/python3.7/site-packages/airflow/example_dags/example_bash_operator.py
[2021-11-13 13:18:26,970] {processor.py:632} INFO - DAG(s) dict_keys(['example_bash_operator']) retrieved from /home/airflow/.local/lib/python3.7/site-packages/airflow/example_dags/example_bash_operator.py
[2021-11-13 13:18:32,524] {logging_mixin.py:109} INFO - [2021-11-13 13:18:32,524] {providers_manager.py:156} WARNING - Exception when importing 'airflow.providers.google.leveldb.hooks.leveldb.LevelDBHook' from 'apache-airflow-providers-google' package: No module named 'plyvel'
[2021-11-13 13:18:34,063] {logging_mixin.py:109} INFO - [2021-11-13 13:18:34,063] {providers_manager.py:156} WARNING - Exception when importing 'airflow.providers.google.leveldb.hooks.leveldb.LevelDBHook' from 'apache-airflow-providers-google' package: No module named 'plyvel'
[2021-11-13 13:18:34,086] {logging_mixin.py:109} INFO - [2021-11-13 13:18:34,085] {manager.py:496} INFO - Created Permission View: can read on DAG:example_bash_operator
[2021-11-13 13:18:34,098] {logging_mixin.py:109} INFO - [2021-11-13 13:18:34,098] {manager.py:496} INFO - Created Permission View: can edit on DAG:example_bash_operator
[2021-11-13 13:18:34,099] {logging_mixin.py:109} INFO - [2021-11-13 13:18:34,098] {dag.py:2389} INFO - Sync 1 DAGs
[2021-11-13 13:18:34,108] {logging_mixin.py:109} INFO - [2021-11-13 13:18:34,108] {dag.py:2408} INFO - Creating ORM DAG for example_bash_operator
[2021-11-13 13:18:34,122] {logging_mixin.py:109} INFO - [2021-11-13 13:18:34,121] {dag.py:2921} INFO - Setting next_dagrun for example_bash_operator to 2021-11-12 00:00:00+00:00
[2021-11-13 13:18:34,137] {processor.py:171} INFO - Processing /home/airflow/.local/lib/python3.7/site-packages/airflow/example_dags/example_bash_operator.py took 7.231 seconds
[2021-11-13 13:19:16,574] {processor.py:163} INFO - Started process (PID=336) to work on /home/airflow/.local/lib/python3.7/site-packages/airflow/example_dags/example_bash_operator.py
[2021-11-13 13:19:16,576] {processor.py:620} INFO - Processing file /home/airflow/.local/lib/python3.7/site-packages/airflow/example_dags/example_bash_operator.py for tasks to queue
[2021-11-13 13:19:16,577] {logging_mixin.py:109} INFO - [2021-11-13 13:19:16,576] {dagbag.py:500} INFO - Filling up the DagBag from /home/airflow/.local/lib/python3.7/site-packages/airflow/example_dags/example_bash_operator.py
[2021-11-13 13:19:16,607] {processor.py:632} INFO - DAG(s) dict_keys(['example_bash_operator']) retrieved from /home/airflow/.local/lib/python3.7/site-packages/airflow/example_dags/example_bash_operator.py
[2021-11-13 13:19:16,617] {logging_mixin.py:109} INFO - [2021-11-13 13:19:16,617] {dag.py:2389} INFO - Sync 1 DAGs
[2021-11-13 13:19:16,635] {logging_mixin.py:109} INFO - [2021-11-13 13:19:16,635] {dag.py:2921} INFO - Setting next_dagrun for example_bash_operator to 2021-11-12 00:00:00+00:00
[2021-11-13 13:19:16,645] {processor.py:171} INFO - Processing /home/airflow/.local/lib/python3.7/site-packages/airflow/example_dags/example_bash_operator.py took 0.073 seconds
[2021-11-13 13:19:47,204] {processor.py:163} INFO - Started process (PID=396) to work on /home/airflow/.local/lib/python3.7/site-packages/airflow/example_dags/example_bash_operator.py
[2021-11-13 13:19:47,206] {processor.py:620} INFO - Processing file /home/airflow/.local/lib/python3.7/site-packages/airflow/example_dags/example_bash_operator.py for tasks to queue
[2021-11-13 13:19:47,206] {logging_mixin.py:109} INFO - [2021-11-13 13:19:47,206] {dagbag.py:500} INFO - Filling up the DagBag from /home/airflow/.local/lib/python3.7/site-packages/airflow/example_dags/example_bash_operator.py
[2021-11-13 13:19:47,246] {processor.py:632} INFO - DAG(s) dict_keys(['example_bash_operator']) retrieved from /home/airflow/.local/lib/python3.7/site-packages/airflow/example_dags/example_bash_operator.py
[2021-11-13 13:19:47,259] {logging_mixin.py:109} INFO - [2021-11-13 13:19:47,259] {dag.py:2389} INFO - Sync 1 DAGs
[2021-11-13 13:19:47,278] {logging_mixin.py:109} INFO - [2021-11-13 13:19:47,278] {dag.py:2921} INFO - Setting next_dagrun for example_bash_operator to 2021-11-12 00:00:00+00:00
[2021-11-13 13:19:47,288] {processor.py:171} INFO - Processing /home/airflow/.local/lib/python3.7/site-packages/airflow/example_dags/example_bash_operator.py took 0.086 seconds
[2021-11-13 13:20:17,460] {processor.py:163} INFO - Started process (PID=445) to work on /home/airflow/.local/lib/python3.7/site-packages/airflow/example_dags/example_bash_operator.py
[2021-11-13 13:20:17,464] {processor.py:620} INFO - Processing file /home/airflow/.local/lib/python3.7/site-packages/airflow/example_dags/example_bash_operator.py for tasks to queue
[2021-11-13 13:20:17,466] {logging_mixin.py:109} INFO - [2021-11-13 13:20:17,466] {dagbag.py:500} INFO - Filling up the DagBag from /home/airflow/.local/lib/python3.7/site-packages/airflow/example_dags/example_bash_operator.py
[2021-11-13 13:20:17,504] {processor.py:632} INFO - DAG(s) dict_keys(['example_bash_operator']) retrieved from /home/airflow/.local/lib/python3.7/site-packages/airflow/example_dags/example_bash_operator.py
[2021-11-13 13:20:17,514] {logging_mixin.py:109} INFO - [2021-11-13 13:20:17,514] {dag.py:2389} INFO - Sync 1 DAGs
[2021-11-13 13:20:17,531] {logging_mixin.py:109} INFO - [2021-11-13 13:20:17,531] {dag.py:2921} INFO - Setting next_dagrun for example_bash_operator to 2021-11-12 00:00:00+00:00
[2021-11-13 13:20:17,540] {processor.py:171} INFO - Processing /home/airflow/.local/lib/python3.7/site-packages/airflow/example_dags/example_bash_operator.py took 0.089 seconds
[2021-11-13 13:20:47,745] {processor.py:163} INFO - Started process (PID=504) to work on /home/airflow/.local/lib/python3.7/site-packages/airflow/example_dags/example_bash_operator.py
[2021-11-13 13:20:47,747] {processor.py:620} INFO - Processing file /home/airflow/.local/lib/python3.7/site-packages/airflow/example_dags/example_bash_operator.py for tasks to queue
[2021-11-13 13:20:47,747] {logging_mixin.py:109} INFO - [2021-11-13 13:20:47,747] {dagbag.py:500} INFO - Filling up the DagBag from /home/airflow/.local/lib/python3.7/site-packages/airflow/example_dags/example_bash_operator.py
[2021-11-13 13:20:47,773] {processor.py:632} INFO - DAG(s) dict_keys(['example_bash_operator']) retrieved from /home/airflow/.local/lib/python3.7/site-packages/airflow/example_dags/example_bash_operator.py
[2021-11-13 13:20:47,783] {logging_mixin.py:109} INFO - [2021-11-13 13:20:47,783] {dag.py:2389} INFO - Sync 1 DAGs
[2021-11-13 13:20:47,802] {logging_mixin.py:109} INFO - [2021-11-13 13:20:47,802] {dag.py:2921} INFO - Setting next_dagrun for example_bash_operator to 2021-11-12 00:00:00+00:00
[2021-11-13 13:20:47,812] {processor.py:171} INFO - Processing /home/airflow/.local/lib/python3.7/site-packages/airflow/example_dags/example_bash_operator.py took 0.069 seconds
[2021-11-13 13:21:17,989] {processor.py:163} INFO - Started process (PID=553) to work on /home/airflow/.local/lib/python3.7/site-packages/airflow/example_dags/example_bash_operator.py
[2021-11-13 13:21:17,990] {processor.py:620} INFO - Processing file /home/airflow/.local/lib/python3.7/site-packages/airflow/example_dags/example_bash_operator.py for tasks to queue
[2021-11-13 13:21:17,991] {logging_mixin.py:109} INFO - [2021-11-13 13:21:17,991] {dagbag.py:500} INFO - Filling up the DagBag from /home/airflow/.local/lib/python3.7/site-packages/airflow/example_dags/example_bash_operator.py
[2021-11-13 13:21:18,017] {processor.py:632} INFO - DAG(s) dict_keys(['example_bash_operator']) retrieved from /home/airflow/.local/lib/python3.7/site-packages/airflow/example_dags/example_bash_operator.py
[2021-11-13 13:21:18,027] {logging_mixin.py:109} INFO - [2021-11-13 13:21:18,027] {dag.py:2389} INFO - Sync 1 DAGs
[2021-11-13 13:21:18,043] {logging_mixin.py:109} INFO - [2021-11-13 13:21:18,043] {dag.py:2921} INFO - Setting next_dagrun for example_bash_operator to 2021-11-12 00:00:00+00:00
[2021-11-13 13:21:18,052] {processor.py:171} INFO - Processing /home/airflow/.local/lib/python3.7/site-packages/airflow/example_dags/example_bash_operator.py took 0.065 seconds
[2021-11-13 13:21:48,068] {processor.py:163} INFO - Started process (PID=603) to work on /home/airflow/.local/lib/python3.7/site-packages/airflow/example_dags/example_bash_operator.py
[2021-11-13 13:21:48,069] {processor.py:620} INFO - Processing file /home/airflow/.local/lib/python3.7/site-packages/airflow/example_dags/example_bash_operator.py for tasks to queue
[2021-11-13 13:21:48,069] {logging_mixin.py:109} INFO - [2021-11-13 13:21:48,069] {dagbag.py:500} INFO - Filling up the DagBag from /home/airflow/.local/lib/python3.7/site-packages/airflow/example_dags/example_bash_operator.py
[2021-11-13 13:21:48,091] {processor.py:632} INFO - DAG(s) dict_keys(['example_bash_operator']) retrieved from /home/airflow/.local/lib/python3.7/site-packages/airflow/example_dags/example_bash_operator.py
[2021-11-13 13:21:48,099] {logging_mixin.py:109} INFO - [2021-11-13 13:21:48,099] {dag.py:2389} INFO - Sync 1 DAGs
[2021-11-13 13:21:48,112] {logging_mixin.py:109} INFO - [2021-11-13 13:21:48,112] {dag.py:2921} INFO - Setting next_dagrun for example_bash_operator to 2021-11-12 00:00:00+00:00
[2021-11-13 13:21:48,120] {processor.py:171} INFO - Processing /home/airflow/.local/lib/python3.7/site-packages/airflow/example_dags/example_bash_operator.py took 0.054 seconds
[2021-11-13 13:22:18,293] {processor.py:163} INFO - Started process (PID=660) to work on /home/airflow/.local/lib/python3.7/site-packages/airflow/example_dags/example_bash_operator.py
[2021-11-13 13:22:18,296] {processor.py:620} INFO - Processing file /home/airflow/.local/lib/python3.7/site-packages/airflow/example_dags/example_bash_operator.py for tasks to queue
[2021-11-13 13:22:18,298] {logging_mixin.py:109} INFO - [2021-11-13 13:22:18,298] {dagbag.py:500} INFO - Filling up the DagBag from /home/airflow/.local/lib/python3.7/site-packages/airflow/example_dags/example_bash_operator.py
[2021-11-13 13:22:18,336] {processor.py:632} INFO - DAG(s) dict_keys(['example_bash_operator']) retrieved from /home/airflow/.local/lib/python3.7/site-packages/airflow/example_dags/example_bash_operator.py
[2021-11-13 13:22:18,346] {logging_mixin.py:109} INFO - [2021-11-13 13:22:18,346] {dag.py:2389} INFO - Sync 1 DAGs
[2021-11-13 13:22:18,363] {logging_mixin.py:109} INFO - [2021-11-13 13:22:18,363] {dag.py:2921} INFO - Setting next_dagrun for example_bash_operator to 2021-11-12 00:00:00+00:00
[2021-11-13 13:22:18,372] {processor.py:171} INFO - Processing /home/airflow/.local/lib/python3.7/site-packages/airflow/example_dags/example_bash_operator.py took 0.088 seconds
[2021-11-13 13:22:48,548] {processor.py:163} INFO - Started process (PID=709) to work on /home/airflow/.local/lib/python3.7/site-packages/airflow/example_dags/example_bash_operator.py
[2021-11-13 13:22:48,549] {processor.py:620} INFO - Processing file /home/airflow/.local/lib/python3.7/site-packages/airflow/example_dags/example_bash_operator.py for tasks to queue
[2021-11-13 13:22:48,550] {logging_mixin.py:109} INFO - [2021-11-13 13:22:48,550] {dagbag.py:500} INFO - Filling up the DagBag from /home/airflow/.local/lib/python3.7/site-packages/airflow/example_dags/example_bash_operator.py
[2021-11-13 13:22:48,574] {processor.py:632} INFO - DAG(s) dict_keys(['example_bash_operator']) retrieved from /home/airflow/.local/lib/python3.7/site-packages/airflow/example_dags/example_bash_operator.py
[2021-11-13 13:22:48,583] {logging_mixin.py:109} INFO - [2021-11-13 13:22:48,583] {dag.py:2389} INFO - Sync 1 DAGs
[2021-11-13 13:22:48,599] {logging_mixin.py:109} INFO - [2021-11-13 13:22:48,599] {dag.py:2921} INFO - Setting next_dagrun for example_bash_operator to 2021-11-12 00:00:00+00:00
[2021-11-13 13:22:48,608] {processor.py:171} INFO - Processing /home/airflow/.local/lib/python3.7/site-packages/airflow/example_dags/example_bash_operator.py took 0.063 seconds
[2021-11-13 13:23:19,527] {processor.py:163} INFO - Started process (PID=765) to work on /home/airflow/.local/lib/python3.7/site-packages/airflow/example_dags/example_bash_operator.py
[2021-11-13 13:23:19,529] {processor.py:620} INFO - Processing file /home/airflow/.local/lib/python3.7/site-packages/airflow/example_dags/example_bash_operator.py for tasks to queue
[2021-11-13 13:23:19,529] {logging_mixin.py:109} INFO - [2021-11-13 13:23:19,529] {dagbag.py:500} INFO - Filling up the DagBag from /home/airflow/.local/lib/python3.7/site-packages/airflow/example_dags/example_bash_operator.py
[2021-11-13 13:23:19,563] {processor.py:632} INFO - DAG(s) dict_keys(['example_bash_operator']) retrieved from /home/airflow/.local/lib/python3.7/site-packages/airflow/example_dags/example_bash_operator.py
[2021-11-13 13:23:19,573] {logging_mixin.py:109} INFO - [2021-11-13 13:23:19,573] {dag.py:2389} INFO - Sync 1 DAGs
[2021-11-13 13:23:19,590] {logging_mixin.py:109} INFO - [2021-11-13 13:23:19,590] {dag.py:2921} INFO - Setting next_dagrun for example_bash_operator to 2021-11-12 00:00:00+00:00
[2021-11-13 13:23:19,599] {processor.py:171} INFO - Processing /home/airflow/.local/lib/python3.7/site-packages/airflow/example_dags/example_bash_operator.py took 0.076 seconds
