[2021-11-13 13:18:49,246] {processor.py:163} INFO - Started process (PID=137) to work on /home/airflow/.local/lib/python3.7/site-packages/airflow/example_dags/example_xcomargs.py
[2021-11-13 13:18:49,247] {processor.py:620} INFO - Processing file /home/airflow/.local/lib/python3.7/site-packages/airflow/example_dags/example_xcomargs.py for tasks to queue
[2021-11-13 13:18:49,247] {logging_mixin.py:109} INFO - [2021-11-13 13:18:49,247] {dagbag.py:500} INFO - Filling up the DagBag from /home/airflow/.local/lib/python3.7/site-packages/airflow/example_dags/example_xcomargs.py
[2021-11-13 13:18:49,277] {processor.py:632} INFO - DAG(s) dict_keys(['example_xcom_args', 'example_xcom_args_with_operators']) retrieved from /home/airflow/.local/lib/python3.7/site-packages/airflow/example_dags/example_xcomargs.py
[2021-11-13 13:18:51,068] {logging_mixin.py:109} INFO - [2021-11-13 13:18:51,068] {providers_manager.py:156} WARNING - Exception when importing 'airflow.providers.google.leveldb.hooks.leveldb.LevelDBHook' from 'apache-airflow-providers-google' package: No module named 'plyvel'
[2021-11-13 13:18:51,520] {logging_mixin.py:109} INFO - [2021-11-13 13:18:51,520] {providers_manager.py:156} WARNING - Exception when importing 'airflow.providers.google.leveldb.hooks.leveldb.LevelDBHook' from 'apache-airflow-providers-google' package: No module named 'plyvel'
[2021-11-13 13:18:51,537] {logging_mixin.py:109} INFO - [2021-11-13 13:18:51,537] {manager.py:496} INFO - Created Permission View: can read on DAG:example_xcom_args
[2021-11-13 13:18:51,544] {logging_mixin.py:109} INFO - [2021-11-13 13:18:51,544] {manager.py:496} INFO - Created Permission View: can edit on DAG:example_xcom_args
[2021-11-13 13:18:51,560] {logging_mixin.py:109} INFO - [2021-11-13 13:18:51,560] {manager.py:496} INFO - Created Permission View: can read on DAG:example_xcom_args_with_operators
[2021-11-13 13:18:51,568] {logging_mixin.py:109} INFO - [2021-11-13 13:18:51,568] {manager.py:496} INFO - Created Permission View: can edit on DAG:example_xcom_args_with_operators
[2021-11-13 13:18:51,569] {logging_mixin.py:109} INFO - [2021-11-13 13:18:51,568] {dag.py:2389} INFO - Sync 2 DAGs
[2021-11-13 13:18:51,579] {logging_mixin.py:109} INFO - [2021-11-13 13:18:51,579] {dag.py:2408} INFO - Creating ORM DAG for example_xcom_args
[2021-11-13 13:18:51,580] {logging_mixin.py:109} INFO - [2021-11-13 13:18:51,580] {dag.py:2408} INFO - Creating ORM DAG for example_xcom_args_with_operators
[2021-11-13 13:18:51,588] {logging_mixin.py:109} INFO - [2021-11-13 13:18:51,588] {dag.py:2921} INFO - Setting next_dagrun for example_xcom_args to None
[2021-11-13 13:18:51,589] {logging_mixin.py:109} INFO - [2021-11-13 13:18:51,588] {dag.py:2921} INFO - Setting next_dagrun for example_xcom_args_with_operators to None
[2021-11-13 13:18:51,600] {processor.py:171} INFO - Processing /home/airflow/.local/lib/python3.7/site-packages/airflow/example_dags/example_xcomargs.py took 2.356 seconds
[2021-11-13 13:19:21,871] {processor.py:163} INFO - Started process (PID=362) to work on /home/airflow/.local/lib/python3.7/site-packages/airflow/example_dags/example_xcomargs.py
[2021-11-13 13:19:21,873] {processor.py:620} INFO - Processing file /home/airflow/.local/lib/python3.7/site-packages/airflow/example_dags/example_xcomargs.py for tasks to queue
[2021-11-13 13:19:21,873] {logging_mixin.py:109} INFO - [2021-11-13 13:19:21,873] {dagbag.py:500} INFO - Filling up the DagBag from /home/airflow/.local/lib/python3.7/site-packages/airflow/example_dags/example_xcomargs.py
[2021-11-13 13:19:21,901] {processor.py:632} INFO - DAG(s) dict_keys(['example_xcom_args', 'example_xcom_args_with_operators']) retrieved from /home/airflow/.local/lib/python3.7/site-packages/airflow/example_dags/example_xcomargs.py
[2021-11-13 13:19:22,196] {logging_mixin.py:109} INFO - [2021-11-13 13:19:22,196] {dag.py:2389} INFO - Sync 2 DAGs
[2021-11-13 13:19:22,213] {logging_mixin.py:109} INFO - [2021-11-13 13:19:22,213] {dag.py:2921} INFO - Setting next_dagrun for example_xcom_args to None
[2021-11-13 13:19:22,214] {logging_mixin.py:109} INFO - [2021-11-13 13:19:22,214] {dag.py:2921} INFO - Setting next_dagrun for example_xcom_args_with_operators to None
[2021-11-13 13:19:22,224] {processor.py:171} INFO - Processing /home/airflow/.local/lib/python3.7/site-packages/airflow/example_dags/example_xcomargs.py took 0.355 seconds
[2021-11-13 13:19:52,347] {processor.py:163} INFO - Started process (PID=411) to work on /home/airflow/.local/lib/python3.7/site-packages/airflow/example_dags/example_xcomargs.py
[2021-11-13 13:19:52,349] {processor.py:620} INFO - Processing file /home/airflow/.local/lib/python3.7/site-packages/airflow/example_dags/example_xcomargs.py for tasks to queue
[2021-11-13 13:19:52,349] {logging_mixin.py:109} INFO - [2021-11-13 13:19:52,349] {dagbag.py:500} INFO - Filling up the DagBag from /home/airflow/.local/lib/python3.7/site-packages/airflow/example_dags/example_xcomargs.py
[2021-11-13 13:19:52,385] {processor.py:632} INFO - DAG(s) dict_keys(['example_xcom_args', 'example_xcom_args_with_operators']) retrieved from /home/airflow/.local/lib/python3.7/site-packages/airflow/example_dags/example_xcomargs.py
[2021-11-13 13:19:52,643] {logging_mixin.py:109} INFO - [2021-11-13 13:19:52,643] {dag.py:2389} INFO - Sync 2 DAGs
[2021-11-13 13:19:52,659] {logging_mixin.py:109} INFO - [2021-11-13 13:19:52,659] {dag.py:2921} INFO - Setting next_dagrun for example_xcom_args to None
[2021-11-13 13:19:52,660] {logging_mixin.py:109} INFO - [2021-11-13 13:19:52,660] {dag.py:2921} INFO - Setting next_dagrun for example_xcom_args_with_operators to None
[2021-11-13 13:19:52,670] {processor.py:171} INFO - Processing /home/airflow/.local/lib/python3.7/site-packages/airflow/example_dags/example_xcomargs.py took 0.327 seconds
[2021-11-13 13:20:23,325] {processor.py:163} INFO - Started process (PID=468) to work on /home/airflow/.local/lib/python3.7/site-packages/airflow/example_dags/example_xcomargs.py
[2021-11-13 13:20:23,326] {processor.py:620} INFO - Processing file /home/airflow/.local/lib/python3.7/site-packages/airflow/example_dags/example_xcomargs.py for tasks to queue
[2021-11-13 13:20:23,327] {logging_mixin.py:109} INFO - [2021-11-13 13:20:23,327] {dagbag.py:500} INFO - Filling up the DagBag from /home/airflow/.local/lib/python3.7/site-packages/airflow/example_dags/example_xcomargs.py
[2021-11-13 13:20:23,360] {processor.py:632} INFO - DAG(s) dict_keys(['example_xcom_args', 'example_xcom_args_with_operators']) retrieved from /home/airflow/.local/lib/python3.7/site-packages/airflow/example_dags/example_xcomargs.py
[2021-11-13 13:20:23,632] {logging_mixin.py:109} INFO - [2021-11-13 13:20:23,632] {dag.py:2389} INFO - Sync 2 DAGs
[2021-11-13 13:20:23,644] {logging_mixin.py:109} INFO - [2021-11-13 13:20:23,644] {dag.py:2921} INFO - Setting next_dagrun for example_xcom_args to None
[2021-11-13 13:20:23,644] {logging_mixin.py:109} INFO - [2021-11-13 13:20:23,644] {dag.py:2921} INFO - Setting next_dagrun for example_xcom_args_with_operators to None
[2021-11-13 13:20:23,653] {processor.py:171} INFO - Processing /home/airflow/.local/lib/python3.7/site-packages/airflow/example_dags/example_xcomargs.py took 0.331 seconds
[2021-11-13 13:20:53,699] {processor.py:163} INFO - Started process (PID=519) to work on /home/airflow/.local/lib/python3.7/site-packages/airflow/example_dags/example_xcomargs.py
[2021-11-13 13:20:53,700] {processor.py:620} INFO - Processing file /home/airflow/.local/lib/python3.7/site-packages/airflow/example_dags/example_xcomargs.py for tasks to queue
[2021-11-13 13:20:53,701] {logging_mixin.py:109} INFO - [2021-11-13 13:20:53,701] {dagbag.py:500} INFO - Filling up the DagBag from /home/airflow/.local/lib/python3.7/site-packages/airflow/example_dags/example_xcomargs.py
[2021-11-13 13:20:53,732] {processor.py:632} INFO - DAG(s) dict_keys(['example_xcom_args', 'example_xcom_args_with_operators']) retrieved from /home/airflow/.local/lib/python3.7/site-packages/airflow/example_dags/example_xcomargs.py
[2021-11-13 13:20:54,001] {logging_mixin.py:109} INFO - [2021-11-13 13:20:54,001] {dag.py:2389} INFO - Sync 2 DAGs
[2021-11-13 13:20:54,013] {logging_mixin.py:109} INFO - [2021-11-13 13:20:54,012] {dag.py:2921} INFO - Setting next_dagrun for example_xcom_args to None
[2021-11-13 13:20:54,013] {logging_mixin.py:109} INFO - [2021-11-13 13:20:54,013] {dag.py:2921} INFO - Setting next_dagrun for example_xcom_args_with_operators to None
[2021-11-13 13:20:54,023] {processor.py:171} INFO - Processing /home/airflow/.local/lib/python3.7/site-packages/airflow/example_dags/example_xcomargs.py took 0.326 seconds
[2021-11-13 13:21:24,872] {processor.py:163} INFO - Started process (PID=577) to work on /home/airflow/.local/lib/python3.7/site-packages/airflow/example_dags/example_xcomargs.py
[2021-11-13 13:21:24,874] {processor.py:620} INFO - Processing file /home/airflow/.local/lib/python3.7/site-packages/airflow/example_dags/example_xcomargs.py for tasks to queue
[2021-11-13 13:21:24,875] {logging_mixin.py:109} INFO - [2021-11-13 13:21:24,875] {dagbag.py:500} INFO - Filling up the DagBag from /home/airflow/.local/lib/python3.7/site-packages/airflow/example_dags/example_xcomargs.py
[2021-11-13 13:21:24,902] {processor.py:632} INFO - DAG(s) dict_keys(['example_xcom_args', 'example_xcom_args_with_operators']) retrieved from /home/airflow/.local/lib/python3.7/site-packages/airflow/example_dags/example_xcomargs.py
[2021-11-13 13:21:25,149] {logging_mixin.py:109} INFO - [2021-11-13 13:21:25,149] {dag.py:2389} INFO - Sync 2 DAGs
[2021-11-13 13:21:25,161] {logging_mixin.py:109} INFO - [2021-11-13 13:21:25,161] {dag.py:2921} INFO - Setting next_dagrun for example_xcom_args to None
[2021-11-13 13:21:25,161] {logging_mixin.py:109} INFO - [2021-11-13 13:21:25,161] {dag.py:2921} INFO - Setting next_dagrun for example_xcom_args_with_operators to None
[2021-11-13 13:21:25,170] {processor.py:171} INFO - Processing /home/airflow/.local/lib/python3.7/site-packages/airflow/example_dags/example_xcomargs.py took 0.300 seconds
[2021-11-13 13:21:55,952] {processor.py:163} INFO - Started process (PID=627) to work on /home/airflow/.local/lib/python3.7/site-packages/airflow/example_dags/example_xcomargs.py
[2021-11-13 13:21:55,954] {processor.py:620} INFO - Processing file /home/airflow/.local/lib/python3.7/site-packages/airflow/example_dags/example_xcomargs.py for tasks to queue
[2021-11-13 13:21:55,955] {logging_mixin.py:109} INFO - [2021-11-13 13:21:55,955] {dagbag.py:500} INFO - Filling up the DagBag from /home/airflow/.local/lib/python3.7/site-packages/airflow/example_dags/example_xcomargs.py
[2021-11-13 13:21:55,994] {processor.py:632} INFO - DAG(s) dict_keys(['example_xcom_args', 'example_xcom_args_with_operators']) retrieved from /home/airflow/.local/lib/python3.7/site-packages/airflow/example_dags/example_xcomargs.py
[2021-11-13 13:21:56,280] {logging_mixin.py:109} INFO - [2021-11-13 13:21:56,279] {dag.py:2389} INFO - Sync 2 DAGs
[2021-11-13 13:21:56,293] {logging_mixin.py:109} INFO - [2021-11-13 13:21:56,293] {dag.py:2921} INFO - Setting next_dagrun for example_xcom_args to None
[2021-11-13 13:21:56,294] {logging_mixin.py:109} INFO - [2021-11-13 13:21:56,294] {dag.py:2921} INFO - Setting next_dagrun for example_xcom_args_with_operators to None
[2021-11-13 13:21:56,303] {processor.py:171} INFO - Processing /home/airflow/.local/lib/python3.7/site-packages/airflow/example_dags/example_xcomargs.py took 0.356 seconds
[2021-11-13 13:22:26,337] {processor.py:163} INFO - Started process (PID=681) to work on /home/airflow/.local/lib/python3.7/site-packages/airflow/example_dags/example_xcomargs.py
[2021-11-13 13:22:26,339] {processor.py:620} INFO - Processing file /home/airflow/.local/lib/python3.7/site-packages/airflow/example_dags/example_xcomargs.py for tasks to queue
[2021-11-13 13:22:26,340] {logging_mixin.py:109} INFO - [2021-11-13 13:22:26,340] {dagbag.py:500} INFO - Filling up the DagBag from /home/airflow/.local/lib/python3.7/site-packages/airflow/example_dags/example_xcomargs.py
[2021-11-13 13:22:26,394] {processor.py:632} INFO - DAG(s) dict_keys(['example_xcom_args', 'example_xcom_args_with_operators']) retrieved from /home/airflow/.local/lib/python3.7/site-packages/airflow/example_dags/example_xcomargs.py
[2021-11-13 13:22:26,418] {logging_mixin.py:109} INFO - [2021-11-13 13:22:26,418] {dag.py:2389} INFO - Sync 2 DAGs
[2021-11-13 13:22:26,448] {logging_mixin.py:109} INFO - [2021-11-13 13:22:26,448] {dag.py:2921} INFO - Setting next_dagrun for example_xcom_args to None
[2021-11-13 13:22:26,448] {logging_mixin.py:109} INFO - [2021-11-13 13:22:26,448] {dag.py:2921} INFO - Setting next_dagrun for example_xcom_args_with_operators to None
[2021-11-13 13:22:26,462] {processor.py:171} INFO - Processing /home/airflow/.local/lib/python3.7/site-packages/airflow/example_dags/example_xcomargs.py took 0.129 seconds
[2021-11-13 13:22:56,485] {processor.py:163} INFO - Started process (PID=733) to work on /home/airflow/.local/lib/python3.7/site-packages/airflow/example_dags/example_xcomargs.py
[2021-11-13 13:22:56,487] {processor.py:620} INFO - Processing file /home/airflow/.local/lib/python3.7/site-packages/airflow/example_dags/example_xcomargs.py for tasks to queue
[2021-11-13 13:22:56,487] {logging_mixin.py:109} INFO - [2021-11-13 13:22:56,487] {dagbag.py:500} INFO - Filling up the DagBag from /home/airflow/.local/lib/python3.7/site-packages/airflow/example_dags/example_xcomargs.py
[2021-11-13 13:22:56,519] {processor.py:632} INFO - DAG(s) dict_keys(['example_xcom_args', 'example_xcom_args_with_operators']) retrieved from /home/airflow/.local/lib/python3.7/site-packages/airflow/example_dags/example_xcomargs.py
[2021-11-13 13:22:56,791] {logging_mixin.py:109} INFO - [2021-11-13 13:22:56,791] {dag.py:2389} INFO - Sync 2 DAGs
[2021-11-13 13:22:56,803] {logging_mixin.py:109} INFO - [2021-11-13 13:22:56,803] {dag.py:2921} INFO - Setting next_dagrun for example_xcom_args to None
[2021-11-13 13:22:56,803] {logging_mixin.py:109} INFO - [2021-11-13 13:22:56,803] {dag.py:2921} INFO - Setting next_dagrun for example_xcom_args_with_operators to None
[2021-11-13 13:22:56,812] {processor.py:171} INFO - Processing /home/airflow/.local/lib/python3.7/site-packages/airflow/example_dags/example_xcomargs.py took 0.329 seconds
[2021-11-13 13:23:27,364] {processor.py:163} INFO - Started process (PID=782) to work on /home/airflow/.local/lib/python3.7/site-packages/airflow/example_dags/example_xcomargs.py
[2021-11-13 13:23:27,366] {processor.py:620} INFO - Processing file /home/airflow/.local/lib/python3.7/site-packages/airflow/example_dags/example_xcomargs.py for tasks to queue
[2021-11-13 13:23:27,367] {logging_mixin.py:109} INFO - [2021-11-13 13:23:27,367] {dagbag.py:500} INFO - Filling up the DagBag from /home/airflow/.local/lib/python3.7/site-packages/airflow/example_dags/example_xcomargs.py
[2021-11-13 13:23:27,394] {processor.py:632} INFO - DAG(s) dict_keys(['example_xcom_args', 'example_xcom_args_with_operators']) retrieved from /home/airflow/.local/lib/python3.7/site-packages/airflow/example_dags/example_xcomargs.py
[2021-11-13 13:23:27,731] {logging_mixin.py:109} INFO - [2021-11-13 13:23:27,731] {dag.py:2389} INFO - Sync 2 DAGs
[2021-11-13 13:23:27,744] {logging_mixin.py:109} INFO - [2021-11-13 13:23:27,744] {dag.py:2921} INFO - Setting next_dagrun for example_xcom_args to None
[2021-11-13 13:23:27,744] {logging_mixin.py:109} INFO - [2021-11-13 13:23:27,744] {dag.py:2921} INFO - Setting next_dagrun for example_xcom_args_with_operators to None
[2021-11-13 13:23:27,753] {processor.py:171} INFO - Processing /home/airflow/.local/lib/python3.7/site-packages/airflow/example_dags/example_xcomargs.py took 0.391 seconds
