[2021-11-13 13:18:37,381] {processor.py:163} INFO - Started process (PID=80) to work on /home/airflow/.local/lib/python3.7/site-packages/airflow/example_dags/example_nested_branch_dag.py
[2021-11-13 13:18:37,383] {processor.py:620} INFO - Processing file /home/airflow/.local/lib/python3.7/site-packages/airflow/example_dags/example_nested_branch_dag.py for tasks to queue
[2021-11-13 13:18:37,384] {logging_mixin.py:109} INFO - [2021-11-13 13:18:37,384] {dagbag.py:500} INFO - Filling up the DagBag from /home/airflow/.local/lib/python3.7/site-packages/airflow/example_dags/example_nested_branch_dag.py
[2021-11-13 13:18:37,433] {processor.py:632} INFO - DAG(s) dict_keys(['example_nested_branch_dag']) retrieved from /home/airflow/.local/lib/python3.7/site-packages/airflow/example_dags/example_nested_branch_dag.py
[2021-11-13 13:18:40,904] {logging_mixin.py:109} INFO - [2021-11-13 13:18:40,904] {providers_manager.py:156} WARNING - Exception when importing 'airflow.providers.google.leveldb.hooks.leveldb.LevelDBHook' from 'apache-airflow-providers-google' package: No module named 'plyvel'
[2021-11-13 13:18:41,777] {logging_mixin.py:109} INFO - [2021-11-13 13:18:41,777] {providers_manager.py:156} WARNING - Exception when importing 'airflow.providers.google.leveldb.hooks.leveldb.LevelDBHook' from 'apache-airflow-providers-google' package: No module named 'plyvel'
[2021-11-13 13:18:41,864] {logging_mixin.py:109} INFO - [2021-11-13 13:18:41,864] {manager.py:496} INFO - Created Permission View: can read on DAG:example_nested_branch_dag
[2021-11-13 13:18:41,881] {logging_mixin.py:109} INFO - [2021-11-13 13:18:41,881] {manager.py:496} INFO - Created Permission View: can edit on DAG:example_nested_branch_dag
[2021-11-13 13:18:41,881] {logging_mixin.py:109} INFO - [2021-11-13 13:18:41,881] {dag.py:2389} INFO - Sync 1 DAGs
[2021-11-13 13:18:41,896] {logging_mixin.py:109} INFO - [2021-11-13 13:18:41,896] {dag.py:2408} INFO - Creating ORM DAG for example_nested_branch_dag
[2021-11-13 13:18:41,914] {logging_mixin.py:109} INFO - [2021-11-13 13:18:41,914] {dag.py:2921} INFO - Setting next_dagrun for example_nested_branch_dag to 2021-11-12 00:00:00+00:00
[2021-11-13 13:18:41,936] {processor.py:171} INFO - Processing /home/airflow/.local/lib/python3.7/site-packages/airflow/example_dags/example_nested_branch_dag.py took 4.559 seconds
[2021-11-13 13:19:17,326] {processor.py:163} INFO - Started process (PID=340) to work on /home/airflow/.local/lib/python3.7/site-packages/airflow/example_dags/example_nested_branch_dag.py
[2021-11-13 13:19:17,328] {processor.py:620} INFO - Processing file /home/airflow/.local/lib/python3.7/site-packages/airflow/example_dags/example_nested_branch_dag.py for tasks to queue
[2021-11-13 13:19:17,329] {logging_mixin.py:109} INFO - [2021-11-13 13:19:17,329] {dagbag.py:500} INFO - Filling up the DagBag from /home/airflow/.local/lib/python3.7/site-packages/airflow/example_dags/example_nested_branch_dag.py
[2021-11-13 13:19:17,368] {processor.py:632} INFO - DAG(s) dict_keys(['example_nested_branch_dag']) retrieved from /home/airflow/.local/lib/python3.7/site-packages/airflow/example_dags/example_nested_branch_dag.py
[2021-11-13 13:19:17,385] {logging_mixin.py:109} INFO - [2021-11-13 13:19:17,385] {dag.py:2389} INFO - Sync 1 DAGs
[2021-11-13 13:19:17,416] {logging_mixin.py:109} INFO - [2021-11-13 13:19:17,416] {dag.py:2921} INFO - Setting next_dagrun for example_nested_branch_dag to 2021-11-12 00:00:00+00:00
[2021-11-13 13:19:17,430] {processor.py:171} INFO - Processing /home/airflow/.local/lib/python3.7/site-packages/airflow/example_dags/example_nested_branch_dag.py took 0.107 seconds
[2021-11-13 13:19:48,001] {processor.py:163} INFO - Started process (PID=404) to work on /home/airflow/.local/lib/python3.7/site-packages/airflow/example_dags/example_nested_branch_dag.py
[2021-11-13 13:19:48,005] {processor.py:620} INFO - Processing file /home/airflow/.local/lib/python3.7/site-packages/airflow/example_dags/example_nested_branch_dag.py for tasks to queue
[2021-11-13 13:19:48,006] {logging_mixin.py:109} INFO - [2021-11-13 13:19:48,006] {dagbag.py:500} INFO - Filling up the DagBag from /home/airflow/.local/lib/python3.7/site-packages/airflow/example_dags/example_nested_branch_dag.py
[2021-11-13 13:19:48,045] {processor.py:632} INFO - DAG(s) dict_keys(['example_nested_branch_dag']) retrieved from /home/airflow/.local/lib/python3.7/site-packages/airflow/example_dags/example_nested_branch_dag.py
[2021-11-13 13:19:48,056] {logging_mixin.py:109} INFO - [2021-11-13 13:19:48,056] {dag.py:2389} INFO - Sync 1 DAGs
[2021-11-13 13:19:48,080] {logging_mixin.py:109} INFO - [2021-11-13 13:19:48,080] {dag.py:2921} INFO - Setting next_dagrun for example_nested_branch_dag to 2021-11-12 00:00:00+00:00
[2021-11-13 13:19:48,092] {processor.py:171} INFO - Processing /home/airflow/.local/lib/python3.7/site-packages/airflow/example_dags/example_nested_branch_dag.py took 0.094 seconds
[2021-11-13 13:20:18,824] {processor.py:163} INFO - Started process (PID=453) to work on /home/airflow/.local/lib/python3.7/site-packages/airflow/example_dags/example_nested_branch_dag.py
[2021-11-13 13:20:18,827] {processor.py:620} INFO - Processing file /home/airflow/.local/lib/python3.7/site-packages/airflow/example_dags/example_nested_branch_dag.py for tasks to queue
[2021-11-13 13:20:18,828] {logging_mixin.py:109} INFO - [2021-11-13 13:20:18,828] {dagbag.py:500} INFO - Filling up the DagBag from /home/airflow/.local/lib/python3.7/site-packages/airflow/example_dags/example_nested_branch_dag.py
[2021-11-13 13:20:18,864] {processor.py:632} INFO - DAG(s) dict_keys(['example_nested_branch_dag']) retrieved from /home/airflow/.local/lib/python3.7/site-packages/airflow/example_dags/example_nested_branch_dag.py
[2021-11-13 13:20:18,875] {logging_mixin.py:109} INFO - [2021-11-13 13:20:18,874] {dag.py:2389} INFO - Sync 1 DAGs
[2021-11-13 13:20:18,891] {logging_mixin.py:109} INFO - [2021-11-13 13:20:18,891] {dag.py:2921} INFO - Setting next_dagrun for example_nested_branch_dag to 2021-11-12 00:00:00+00:00
[2021-11-13 13:20:18,901] {processor.py:171} INFO - Processing /home/airflow/.local/lib/python3.7/site-packages/airflow/example_dags/example_nested_branch_dag.py took 0.086 seconds
[2021-11-13 13:20:48,973] {processor.py:163} INFO - Started process (PID=511) to work on /home/airflow/.local/lib/python3.7/site-packages/airflow/example_dags/example_nested_branch_dag.py
[2021-11-13 13:20:48,975] {processor.py:620} INFO - Processing file /home/airflow/.local/lib/python3.7/site-packages/airflow/example_dags/example_nested_branch_dag.py for tasks to queue
[2021-11-13 13:20:48,975] {logging_mixin.py:109} INFO - [2021-11-13 13:20:48,975] {dagbag.py:500} INFO - Filling up the DagBag from /home/airflow/.local/lib/python3.7/site-packages/airflow/example_dags/example_nested_branch_dag.py
[2021-11-13 13:20:49,002] {processor.py:632} INFO - DAG(s) dict_keys(['example_nested_branch_dag']) retrieved from /home/airflow/.local/lib/python3.7/site-packages/airflow/example_dags/example_nested_branch_dag.py
[2021-11-13 13:20:49,012] {logging_mixin.py:109} INFO - [2021-11-13 13:20:49,012] {dag.py:2389} INFO - Sync 1 DAGs
[2021-11-13 13:20:49,028] {logging_mixin.py:109} INFO - [2021-11-13 13:20:49,027] {dag.py:2921} INFO - Setting next_dagrun for example_nested_branch_dag to 2021-11-12 00:00:00+00:00
[2021-11-13 13:20:49,036] {processor.py:171} INFO - Processing /home/airflow/.local/lib/python3.7/site-packages/airflow/example_dags/example_nested_branch_dag.py took 0.065 seconds
[2021-11-13 13:21:19,244] {processor.py:163} INFO - Started process (PID=560) to work on /home/airflow/.local/lib/python3.7/site-packages/airflow/example_dags/example_nested_branch_dag.py
[2021-11-13 13:21:19,245] {processor.py:620} INFO - Processing file /home/airflow/.local/lib/python3.7/site-packages/airflow/example_dags/example_nested_branch_dag.py for tasks to queue
[2021-11-13 13:21:19,246] {logging_mixin.py:109} INFO - [2021-11-13 13:21:19,246] {dagbag.py:500} INFO - Filling up the DagBag from /home/airflow/.local/lib/python3.7/site-packages/airflow/example_dags/example_nested_branch_dag.py
[2021-11-13 13:21:19,300] {processor.py:632} INFO - DAG(s) dict_keys(['example_nested_branch_dag']) retrieved from /home/airflow/.local/lib/python3.7/site-packages/airflow/example_dags/example_nested_branch_dag.py
[2021-11-13 13:21:19,312] {logging_mixin.py:109} INFO - [2021-11-13 13:21:19,312] {dag.py:2389} INFO - Sync 1 DAGs
[2021-11-13 13:21:19,331] {logging_mixin.py:109} INFO - [2021-11-13 13:21:19,331] {dag.py:2921} INFO - Setting next_dagrun for example_nested_branch_dag to 2021-11-12 00:00:00+00:00
[2021-11-13 13:21:19,339] {processor.py:171} INFO - Processing /home/airflow/.local/lib/python3.7/site-packages/airflow/example_dags/example_nested_branch_dag.py took 0.099 seconds
[2021-11-13 13:21:49,357] {processor.py:163} INFO - Started process (PID=618) to work on /home/airflow/.local/lib/python3.7/site-packages/airflow/example_dags/example_nested_branch_dag.py
[2021-11-13 13:21:49,359] {processor.py:620} INFO - Processing file /home/airflow/.local/lib/python3.7/site-packages/airflow/example_dags/example_nested_branch_dag.py for tasks to queue
[2021-11-13 13:21:49,359] {logging_mixin.py:109} INFO - [2021-11-13 13:21:49,359] {dagbag.py:500} INFO - Filling up the DagBag from /home/airflow/.local/lib/python3.7/site-packages/airflow/example_dags/example_nested_branch_dag.py
[2021-11-13 13:21:49,388] {processor.py:632} INFO - DAG(s) dict_keys(['example_nested_branch_dag']) retrieved from /home/airflow/.local/lib/python3.7/site-packages/airflow/example_dags/example_nested_branch_dag.py
[2021-11-13 13:21:49,399] {logging_mixin.py:109} INFO - [2021-11-13 13:21:49,399] {dag.py:2389} INFO - Sync 1 DAGs
[2021-11-13 13:21:49,417] {logging_mixin.py:109} INFO - [2021-11-13 13:21:49,417] {dag.py:2921} INFO - Setting next_dagrun for example_nested_branch_dag to 2021-11-12 00:00:00+00:00
[2021-11-13 13:21:49,427] {processor.py:171} INFO - Processing /home/airflow/.local/lib/python3.7/site-packages/airflow/example_dags/example_nested_branch_dag.py took 0.072 seconds
[2021-11-13 13:22:19,538] {processor.py:163} INFO - Started process (PID=667) to work on /home/airflow/.local/lib/python3.7/site-packages/airflow/example_dags/example_nested_branch_dag.py
[2021-11-13 13:22:19,539] {processor.py:620} INFO - Processing file /home/airflow/.local/lib/python3.7/site-packages/airflow/example_dags/example_nested_branch_dag.py for tasks to queue
[2021-11-13 13:22:19,540] {logging_mixin.py:109} INFO - [2021-11-13 13:22:19,540] {dagbag.py:500} INFO - Filling up the DagBag from /home/airflow/.local/lib/python3.7/site-packages/airflow/example_dags/example_nested_branch_dag.py
[2021-11-13 13:22:19,573] {processor.py:632} INFO - DAG(s) dict_keys(['example_nested_branch_dag']) retrieved from /home/airflow/.local/lib/python3.7/site-packages/airflow/example_dags/example_nested_branch_dag.py
[2021-11-13 13:22:19,587] {logging_mixin.py:109} INFO - [2021-11-13 13:22:19,587] {dag.py:2389} INFO - Sync 1 DAGs
[2021-11-13 13:22:19,608] {logging_mixin.py:109} INFO - [2021-11-13 13:22:19,608] {dag.py:2921} INFO - Setting next_dagrun for example_nested_branch_dag to 2021-11-12 00:00:00+00:00
[2021-11-13 13:22:19,619] {processor.py:171} INFO - Processing /home/airflow/.local/lib/python3.7/site-packages/airflow/example_dags/example_nested_branch_dag.py took 0.084 seconds
[2021-11-13 13:22:49,816] {processor.py:163} INFO - Started process (PID=716) to work on /home/airflow/.local/lib/python3.7/site-packages/airflow/example_dags/example_nested_branch_dag.py
[2021-11-13 13:22:49,817] {processor.py:620} INFO - Processing file /home/airflow/.local/lib/python3.7/site-packages/airflow/example_dags/example_nested_branch_dag.py for tasks to queue
[2021-11-13 13:22:49,818] {logging_mixin.py:109} INFO - [2021-11-13 13:22:49,818] {dagbag.py:500} INFO - Filling up the DagBag from /home/airflow/.local/lib/python3.7/site-packages/airflow/example_dags/example_nested_branch_dag.py
[2021-11-13 13:22:49,845] {processor.py:632} INFO - DAG(s) dict_keys(['example_nested_branch_dag']) retrieved from /home/airflow/.local/lib/python3.7/site-packages/airflow/example_dags/example_nested_branch_dag.py
[2021-11-13 13:22:49,861] {logging_mixin.py:109} INFO - [2021-11-13 13:22:49,860] {dag.py:2389} INFO - Sync 1 DAGs
[2021-11-13 13:22:49,886] {logging_mixin.py:109} INFO - [2021-11-13 13:22:49,886] {dag.py:2921} INFO - Setting next_dagrun for example_nested_branch_dag to 2021-11-12 00:00:00+00:00
[2021-11-13 13:22:49,899] {processor.py:171} INFO - Processing /home/airflow/.local/lib/python3.7/site-packages/airflow/example_dags/example_nested_branch_dag.py took 0.085 seconds
[2021-11-13 13:23:19,918] {processor.py:163} INFO - Started process (PID=773) to work on /home/airflow/.local/lib/python3.7/site-packages/airflow/example_dags/example_nested_branch_dag.py
[2021-11-13 13:23:19,919] {processor.py:620} INFO - Processing file /home/airflow/.local/lib/python3.7/site-packages/airflow/example_dags/example_nested_branch_dag.py for tasks to queue
[2021-11-13 13:23:19,920] {logging_mixin.py:109} INFO - [2021-11-13 13:23:19,920] {dagbag.py:500} INFO - Filling up the DagBag from /home/airflow/.local/lib/python3.7/site-packages/airflow/example_dags/example_nested_branch_dag.py
[2021-11-13 13:23:19,946] {processor.py:632} INFO - DAG(s) dict_keys(['example_nested_branch_dag']) retrieved from /home/airflow/.local/lib/python3.7/site-packages/airflow/example_dags/example_nested_branch_dag.py
[2021-11-13 13:23:19,960] {logging_mixin.py:109} INFO - [2021-11-13 13:23:19,959] {dag.py:2389} INFO - Sync 1 DAGs
[2021-11-13 13:23:19,982] {logging_mixin.py:109} INFO - [2021-11-13 13:23:19,982] {dag.py:2921} INFO - Setting next_dagrun for example_nested_branch_dag to 2021-11-12 00:00:00+00:00
[2021-11-13 13:23:19,992] {processor.py:171} INFO - Processing /home/airflow/.local/lib/python3.7/site-packages/airflow/example_dags/example_nested_branch_dag.py took 0.077 seconds
