[2021-11-13 13:19:08,876] {processor.py:163} INFO - Started process (PID=280) to work on /home/airflow/.local/lib/python3.7/site-packages/airflow/example_dags/example_xcom.py
[2021-11-13 13:19:08,878] {processor.py:620} INFO - Processing file /home/airflow/.local/lib/python3.7/site-packages/airflow/example_dags/example_xcom.py for tasks to queue
[2021-11-13 13:19:08,879] {logging_mixin.py:109} INFO - [2021-11-13 13:19:08,878] {dagbag.py:500} INFO - Filling up the DagBag from /home/airflow/.local/lib/python3.7/site-packages/airflow/example_dags/example_xcom.py
[2021-11-13 13:19:08,918] {processor.py:632} INFO - DAG(s) dict_keys(['example_xcom']) retrieved from /home/airflow/.local/lib/python3.7/site-packages/airflow/example_dags/example_xcom.py
[2021-11-13 13:19:10,879] {logging_mixin.py:109} INFO - [2021-11-13 13:19:10,879] {providers_manager.py:156} WARNING - Exception when importing 'airflow.providers.google.leveldb.hooks.leveldb.LevelDBHook' from 'apache-airflow-providers-google' package: No module named 'plyvel'
[2021-11-13 13:19:11,367] {logging_mixin.py:109} INFO - [2021-11-13 13:19:11,367] {providers_manager.py:156} WARNING - Exception when importing 'airflow.providers.google.leveldb.hooks.leveldb.LevelDBHook' from 'apache-airflow-providers-google' package: No module named 'plyvel'
[2021-11-13 13:19:11,387] {logging_mixin.py:109} INFO - [2021-11-13 13:19:11,387] {manager.py:496} INFO - Created Permission View: can read on DAG:example_xcom
[2021-11-13 13:19:11,396] {logging_mixin.py:109} INFO - [2021-11-13 13:19:11,396] {manager.py:496} INFO - Created Permission View: can edit on DAG:example_xcom
[2021-11-13 13:19:11,396] {logging_mixin.py:109} INFO - [2021-11-13 13:19:11,396] {dag.py:2389} INFO - Sync 1 DAGs
[2021-11-13 13:19:11,402] {logging_mixin.py:109} INFO - [2021-11-13 13:19:11,402] {dag.py:2408} INFO - Creating ORM DAG for example_xcom
[2021-11-13 13:19:11,410] {logging_mixin.py:109} INFO - [2021-11-13 13:19:11,410] {dag.py:2921} INFO - Setting next_dagrun for example_xcom to 2021-01-01T00:00:00+00:00
[2021-11-13 13:19:11,420] {processor.py:171} INFO - Processing /home/airflow/.local/lib/python3.7/site-packages/airflow/example_dags/example_xcom.py took 2.547 seconds
[2021-11-13 13:19:42,045] {processor.py:163} INFO - Started process (PID=385) to work on /home/airflow/.local/lib/python3.7/site-packages/airflow/example_dags/example_xcom.py
[2021-11-13 13:19:42,046] {processor.py:620} INFO - Processing file /home/airflow/.local/lib/python3.7/site-packages/airflow/example_dags/example_xcom.py for tasks to queue
[2021-11-13 13:19:42,046] {logging_mixin.py:109} INFO - [2021-11-13 13:19:42,046] {dagbag.py:500} INFO - Filling up the DagBag from /home/airflow/.local/lib/python3.7/site-packages/airflow/example_dags/example_xcom.py
[2021-11-13 13:19:42,072] {processor.py:632} INFO - DAG(s) dict_keys(['example_xcom']) retrieved from /home/airflow/.local/lib/python3.7/site-packages/airflow/example_dags/example_xcom.py
[2021-11-13 13:19:42,344] {logging_mixin.py:109} INFO - [2021-11-13 13:19:42,344] {dag.py:2389} INFO - Sync 1 DAGs
[2021-11-13 13:19:42,357] {logging_mixin.py:109} INFO - [2021-11-13 13:19:42,357] {dag.py:2921} INFO - Setting next_dagrun for example_xcom to 2021-01-01T00:00:00+00:00
[2021-11-13 13:19:42,366] {processor.py:171} INFO - Processing /home/airflow/.local/lib/python3.7/site-packages/airflow/example_dags/example_xcom.py took 0.324 seconds
[2021-11-13 13:20:13,221] {processor.py:163} INFO - Started process (PID=442) to work on /home/airflow/.local/lib/python3.7/site-packages/airflow/example_dags/example_xcom.py
[2021-11-13 13:20:13,224] {processor.py:620} INFO - Processing file /home/airflow/.local/lib/python3.7/site-packages/airflow/example_dags/example_xcom.py for tasks to queue
[2021-11-13 13:20:13,225] {logging_mixin.py:109} INFO - [2021-11-13 13:20:13,224] {dagbag.py:500} INFO - Filling up the DagBag from /home/airflow/.local/lib/python3.7/site-packages/airflow/example_dags/example_xcom.py
[2021-11-13 13:20:13,263] {processor.py:632} INFO - DAG(s) dict_keys(['example_xcom']) retrieved from /home/airflow/.local/lib/python3.7/site-packages/airflow/example_dags/example_xcom.py
[2021-11-13 13:20:13,550] {logging_mixin.py:109} INFO - [2021-11-13 13:20:13,550] {dag.py:2389} INFO - Sync 1 DAGs
[2021-11-13 13:20:13,563] {logging_mixin.py:109} INFO - [2021-11-13 13:20:13,563] {dag.py:2921} INFO - Setting next_dagrun for example_xcom to 2021-01-01T00:00:00+00:00
[2021-11-13 13:20:13,572] {processor.py:171} INFO - Processing /home/airflow/.local/lib/python3.7/site-packages/airflow/example_dags/example_xcom.py took 0.355 seconds
[2021-11-13 13:20:43,659] {processor.py:163} INFO - Started process (PID=493) to work on /home/airflow/.local/lib/python3.7/site-packages/airflow/example_dags/example_xcom.py
[2021-11-13 13:20:43,661] {processor.py:620} INFO - Processing file /home/airflow/.local/lib/python3.7/site-packages/airflow/example_dags/example_xcom.py for tasks to queue
[2021-11-13 13:20:43,661] {logging_mixin.py:109} INFO - [2021-11-13 13:20:43,661] {dagbag.py:500} INFO - Filling up the DagBag from /home/airflow/.local/lib/python3.7/site-packages/airflow/example_dags/example_xcom.py
[2021-11-13 13:20:43,688] {processor.py:632} INFO - DAG(s) dict_keys(['example_xcom']) retrieved from /home/airflow/.local/lib/python3.7/site-packages/airflow/example_dags/example_xcom.py
[2021-11-13 13:20:43,954] {logging_mixin.py:109} INFO - [2021-11-13 13:20:43,954] {dag.py:2389} INFO - Sync 1 DAGs
[2021-11-13 13:20:43,968] {logging_mixin.py:109} INFO - [2021-11-13 13:20:43,968] {dag.py:2921} INFO - Setting next_dagrun for example_xcom to 2021-01-01T00:00:00+00:00
[2021-11-13 13:20:43,979] {processor.py:171} INFO - Processing /home/airflow/.local/lib/python3.7/site-packages/airflow/example_dags/example_xcom.py took 0.322 seconds
[2021-11-13 13:21:14,823] {processor.py:163} INFO - Started process (PID=550) to work on /home/airflow/.local/lib/python3.7/site-packages/airflow/example_dags/example_xcom.py
[2021-11-13 13:21:14,827] {processor.py:620} INFO - Processing file /home/airflow/.local/lib/python3.7/site-packages/airflow/example_dags/example_xcom.py for tasks to queue
[2021-11-13 13:21:14,828] {logging_mixin.py:109} INFO - [2021-11-13 13:21:14,828] {dagbag.py:500} INFO - Filling up the DagBag from /home/airflow/.local/lib/python3.7/site-packages/airflow/example_dags/example_xcom.py
[2021-11-13 13:21:14,869] {processor.py:632} INFO - DAG(s) dict_keys(['example_xcom']) retrieved from /home/airflow/.local/lib/python3.7/site-packages/airflow/example_dags/example_xcom.py
[2021-11-13 13:21:15,136] {logging_mixin.py:109} INFO - [2021-11-13 13:21:15,136] {dag.py:2389} INFO - Sync 1 DAGs
[2021-11-13 13:21:15,148] {logging_mixin.py:109} INFO - [2021-11-13 13:21:15,148] {dag.py:2921} INFO - Setting next_dagrun for example_xcom to 2021-01-01T00:00:00+00:00
[2021-11-13 13:21:15,157] {processor.py:171} INFO - Processing /home/airflow/.local/lib/python3.7/site-packages/airflow/example_dags/example_xcom.py took 0.342 seconds
[2021-11-13 13:21:45,727] {processor.py:163} INFO - Started process (PID=600) to work on /home/airflow/.local/lib/python3.7/site-packages/airflow/example_dags/example_xcom.py
[2021-11-13 13:21:45,729] {processor.py:620} INFO - Processing file /home/airflow/.local/lib/python3.7/site-packages/airflow/example_dags/example_xcom.py for tasks to queue
[2021-11-13 13:21:45,729] {logging_mixin.py:109} INFO - [2021-11-13 13:21:45,729] {dagbag.py:500} INFO - Filling up the DagBag from /home/airflow/.local/lib/python3.7/site-packages/airflow/example_dags/example_xcom.py
[2021-11-13 13:21:45,760] {processor.py:632} INFO - DAG(s) dict_keys(['example_xcom']) retrieved from /home/airflow/.local/lib/python3.7/site-packages/airflow/example_dags/example_xcom.py
[2021-11-13 13:21:46,030] {logging_mixin.py:109} INFO - [2021-11-13 13:21:46,030] {dag.py:2389} INFO - Sync 1 DAGs
[2021-11-13 13:21:46,041] {logging_mixin.py:109} INFO - [2021-11-13 13:21:46,041] {dag.py:2921} INFO - Setting next_dagrun for example_xcom to 2021-01-01T00:00:00+00:00
[2021-11-13 13:21:46,051] {processor.py:171} INFO - Processing /home/airflow/.local/lib/python3.7/site-packages/airflow/example_dags/example_xcom.py took 0.327 seconds
[2021-11-13 13:22:16,945] {processor.py:163} INFO - Started process (PID=659) to work on /home/airflow/.local/lib/python3.7/site-packages/airflow/example_dags/example_xcom.py
[2021-11-13 13:22:16,947] {processor.py:620} INFO - Processing file /home/airflow/.local/lib/python3.7/site-packages/airflow/example_dags/example_xcom.py for tasks to queue
[2021-11-13 13:22:16,948] {logging_mixin.py:109} INFO - [2021-11-13 13:22:16,948] {dagbag.py:500} INFO - Filling up the DagBag from /home/airflow/.local/lib/python3.7/site-packages/airflow/example_dags/example_xcom.py
[2021-11-13 13:22:16,978] {processor.py:632} INFO - DAG(s) dict_keys(['example_xcom']) retrieved from /home/airflow/.local/lib/python3.7/site-packages/airflow/example_dags/example_xcom.py
[2021-11-13 13:22:17,234] {logging_mixin.py:109} INFO - [2021-11-13 13:22:17,234] {dag.py:2389} INFO - Sync 1 DAGs
[2021-11-13 13:22:17,247] {logging_mixin.py:109} INFO - [2021-11-13 13:22:17,246] {dag.py:2921} INFO - Setting next_dagrun for example_xcom to 2021-01-01T00:00:00+00:00
[2021-11-13 13:22:17,256] {processor.py:171} INFO - Processing /home/airflow/.local/lib/python3.7/site-packages/airflow/example_dags/example_xcom.py took 0.318 seconds
[2021-11-13 13:22:48,193] {processor.py:163} INFO - Started process (PID=708) to work on /home/airflow/.local/lib/python3.7/site-packages/airflow/example_dags/example_xcom.py
[2021-11-13 13:22:48,195] {processor.py:620} INFO - Processing file /home/airflow/.local/lib/python3.7/site-packages/airflow/example_dags/example_xcom.py for tasks to queue
[2021-11-13 13:22:48,195] {logging_mixin.py:109} INFO - [2021-11-13 13:22:48,195] {dagbag.py:500} INFO - Filling up the DagBag from /home/airflow/.local/lib/python3.7/site-packages/airflow/example_dags/example_xcom.py
[2021-11-13 13:22:48,226] {processor.py:632} INFO - DAG(s) dict_keys(['example_xcom']) retrieved from /home/airflow/.local/lib/python3.7/site-packages/airflow/example_dags/example_xcom.py
[2021-11-13 13:22:48,511] {logging_mixin.py:109} INFO - [2021-11-13 13:22:48,511] {dag.py:2389} INFO - Sync 1 DAGs
[2021-11-13 13:22:48,524] {logging_mixin.py:109} INFO - [2021-11-13 13:22:48,523] {dag.py:2921} INFO - Setting next_dagrun for example_xcom to 2021-01-01T00:00:00+00:00
[2021-11-13 13:22:48,534] {processor.py:171} INFO - Processing /home/airflow/.local/lib/python3.7/site-packages/airflow/example_dags/example_xcom.py took 0.345 seconds
[2021-11-13 13:23:19,684] {processor.py:163} INFO - Started process (PID=768) to work on /home/airflow/.local/lib/python3.7/site-packages/airflow/example_dags/example_xcom.py
[2021-11-13 13:23:19,685] {processor.py:620} INFO - Processing file /home/airflow/.local/lib/python3.7/site-packages/airflow/example_dags/example_xcom.py for tasks to queue
[2021-11-13 13:23:19,685] {logging_mixin.py:109} INFO - [2021-11-13 13:23:19,685] {dagbag.py:500} INFO - Filling up the DagBag from /home/airflow/.local/lib/python3.7/site-packages/airflow/example_dags/example_xcom.py
[2021-11-13 13:23:19,710] {processor.py:632} INFO - DAG(s) dict_keys(['example_xcom']) retrieved from /home/airflow/.local/lib/python3.7/site-packages/airflow/example_dags/example_xcom.py
[2021-11-13 13:23:20,021] {logging_mixin.py:109} INFO - [2021-11-13 13:23:20,021] {dag.py:2389} INFO - Sync 1 DAGs
[2021-11-13 13:23:20,035] {logging_mixin.py:109} INFO - [2021-11-13 13:23:20,034] {dag.py:2921} INFO - Setting next_dagrun for example_xcom to 2021-01-01T00:00:00+00:00
[2021-11-13 13:23:20,045] {processor.py:171} INFO - Processing /home/airflow/.local/lib/python3.7/site-packages/airflow/example_dags/example_xcom.py took 0.364 seconds
