[2021-11-13 13:18:45,980] {processor.py:163} INFO - Started process (PID=119) to work on /home/airflow/.local/lib/python3.7/site-packages/airflow/example_dags/example_complex.py
[2021-11-13 13:18:45,981] {processor.py:620} INFO - Processing file /home/airflow/.local/lib/python3.7/site-packages/airflow/example_dags/example_complex.py for tasks to queue
[2021-11-13 13:18:45,982] {logging_mixin.py:109} INFO - [2021-11-13 13:18:45,982] {dagbag.py:500} INFO - Filling up the DagBag from /home/airflow/.local/lib/python3.7/site-packages/airflow/example_dags/example_complex.py
[2021-11-13 13:18:46,027] {processor.py:632} INFO - DAG(s) dict_keys(['example_complex']) retrieved from /home/airflow/.local/lib/python3.7/site-packages/airflow/example_dags/example_complex.py
[2021-11-13 13:18:48,752] {logging_mixin.py:109} INFO - [2021-11-13 13:18:48,752] {providers_manager.py:156} WARNING - Exception when importing 'airflow.providers.google.leveldb.hooks.leveldb.LevelDBHook' from 'apache-airflow-providers-google' package: No module named 'plyvel'
[2021-11-13 13:18:49,176] {logging_mixin.py:109} INFO - [2021-11-13 13:18:49,176] {providers_manager.py:156} WARNING - Exception when importing 'airflow.providers.google.leveldb.hooks.leveldb.LevelDBHook' from 'apache-airflow-providers-google' package: No module named 'plyvel'
[2021-11-13 13:18:49,196] {logging_mixin.py:109} INFO - [2021-11-13 13:18:49,196] {manager.py:496} INFO - Created Permission View: can read on DAG:example_complex
[2021-11-13 13:18:49,203] {logging_mixin.py:109} INFO - [2021-11-13 13:18:49,203] {manager.py:496} INFO - Created Permission View: can edit on DAG:example_complex
[2021-11-13 13:18:49,203] {logging_mixin.py:109} INFO - [2021-11-13 13:18:49,203] {dag.py:2389} INFO - Sync 1 DAGs
[2021-11-13 13:18:49,209] {logging_mixin.py:109} INFO - [2021-11-13 13:18:49,209] {dag.py:2408} INFO - Creating ORM DAG for example_complex
[2021-11-13 13:18:49,216] {logging_mixin.py:109} INFO - [2021-11-13 13:18:49,216] {dag.py:2921} INFO - Setting next_dagrun for example_complex to None
[2021-11-13 13:18:49,228] {processor.py:171} INFO - Processing /home/airflow/.local/lib/python3.7/site-packages/airflow/example_dags/example_complex.py took 3.252 seconds
[2021-11-13 13:19:19,800] {processor.py:163} INFO - Started process (PID=352) to work on /home/airflow/.local/lib/python3.7/site-packages/airflow/example_dags/example_complex.py
[2021-11-13 13:19:19,802] {processor.py:620} INFO - Processing file /home/airflow/.local/lib/python3.7/site-packages/airflow/example_dags/example_complex.py for tasks to queue
[2021-11-13 13:19:19,802] {logging_mixin.py:109} INFO - [2021-11-13 13:19:19,802] {dagbag.py:500} INFO - Filling up the DagBag from /home/airflow/.local/lib/python3.7/site-packages/airflow/example_dags/example_complex.py
[2021-11-13 13:19:19,833] {processor.py:632} INFO - DAG(s) dict_keys(['example_complex']) retrieved from /home/airflow/.local/lib/python3.7/site-packages/airflow/example_dags/example_complex.py
[2021-11-13 13:19:19,848] {logging_mixin.py:109} INFO - [2021-11-13 13:19:19,848] {dag.py:2389} INFO - Sync 1 DAGs
[2021-11-13 13:19:19,862] {logging_mixin.py:109} INFO - [2021-11-13 13:19:19,861] {dag.py:2921} INFO - Setting next_dagrun for example_complex to None
[2021-11-13 13:19:19,869] {processor.py:171} INFO - Processing /home/airflow/.local/lib/python3.7/site-packages/airflow/example_dags/example_complex.py took 0.071 seconds
[2021-11-13 13:19:50,248] {processor.py:163} INFO - Started process (PID=409) to work on /home/airflow/.local/lib/python3.7/site-packages/airflow/example_dags/example_complex.py
[2021-11-13 13:19:50,249] {processor.py:620} INFO - Processing file /home/airflow/.local/lib/python3.7/site-packages/airflow/example_dags/example_complex.py for tasks to queue
[2021-11-13 13:19:50,250] {logging_mixin.py:109} INFO - [2021-11-13 13:19:50,250] {dagbag.py:500} INFO - Filling up the DagBag from /home/airflow/.local/lib/python3.7/site-packages/airflow/example_dags/example_complex.py
[2021-11-13 13:19:50,294] {processor.py:632} INFO - DAG(s) dict_keys(['example_complex']) retrieved from /home/airflow/.local/lib/python3.7/site-packages/airflow/example_dags/example_complex.py
[2021-11-13 13:19:50,317] {logging_mixin.py:109} INFO - [2021-11-13 13:19:50,317] {dag.py:2389} INFO - Sync 1 DAGs
[2021-11-13 13:19:50,337] {logging_mixin.py:109} INFO - [2021-11-13 13:19:50,337] {dag.py:2921} INFO - Setting next_dagrun for example_complex to None
[2021-11-13 13:19:50,349] {processor.py:171} INFO - Processing /home/airflow/.local/lib/python3.7/site-packages/airflow/example_dags/example_complex.py took 0.105 seconds
[2021-11-13 13:20:21,238] {processor.py:163} INFO - Started process (PID=458) to work on /home/airflow/.local/lib/python3.7/site-packages/airflow/example_dags/example_complex.py
[2021-11-13 13:20:21,239] {processor.py:620} INFO - Processing file /home/airflow/.local/lib/python3.7/site-packages/airflow/example_dags/example_complex.py for tasks to queue
[2021-11-13 13:20:21,240] {logging_mixin.py:109} INFO - [2021-11-13 13:20:21,240] {dagbag.py:500} INFO - Filling up the DagBag from /home/airflow/.local/lib/python3.7/site-packages/airflow/example_dags/example_complex.py
[2021-11-13 13:20:21,279] {processor.py:632} INFO - DAG(s) dict_keys(['example_complex']) retrieved from /home/airflow/.local/lib/python3.7/site-packages/airflow/example_dags/example_complex.py
[2021-11-13 13:20:21,296] {logging_mixin.py:109} INFO - [2021-11-13 13:20:21,296] {dag.py:2389} INFO - Sync 1 DAGs
[2021-11-13 13:20:21,310] {logging_mixin.py:109} INFO - [2021-11-13 13:20:21,310] {dag.py:2921} INFO - Setting next_dagrun for example_complex to None
[2021-11-13 13:20:21,319] {processor.py:171} INFO - Processing /home/airflow/.local/lib/python3.7/site-packages/airflow/example_dags/example_complex.py took 0.084 seconds
[2021-11-13 13:20:51,626] {processor.py:163} INFO - Started process (PID=517) to work on /home/airflow/.local/lib/python3.7/site-packages/airflow/example_dags/example_complex.py
[2021-11-13 13:20:51,628] {processor.py:620} INFO - Processing file /home/airflow/.local/lib/python3.7/site-packages/airflow/example_dags/example_complex.py for tasks to queue
[2021-11-13 13:20:51,628] {logging_mixin.py:109} INFO - [2021-11-13 13:20:51,628] {dagbag.py:500} INFO - Filling up the DagBag from /home/airflow/.local/lib/python3.7/site-packages/airflow/example_dags/example_complex.py
[2021-11-13 13:20:51,660] {processor.py:632} INFO - DAG(s) dict_keys(['example_complex']) retrieved from /home/airflow/.local/lib/python3.7/site-packages/airflow/example_dags/example_complex.py
[2021-11-13 13:20:51,676] {logging_mixin.py:109} INFO - [2021-11-13 13:20:51,676] {dag.py:2389} INFO - Sync 1 DAGs
[2021-11-13 13:20:51,690] {logging_mixin.py:109} INFO - [2021-11-13 13:20:51,690] {dag.py:2921} INFO - Setting next_dagrun for example_complex to None
[2021-11-13 13:20:51,697] {processor.py:171} INFO - Processing /home/airflow/.local/lib/python3.7/site-packages/airflow/example_dags/example_complex.py took 0.073 seconds
[2021-11-13 13:21:21,767] {processor.py:163} INFO - Started process (PID=566) to work on /home/airflow/.local/lib/python3.7/site-packages/airflow/example_dags/example_complex.py
[2021-11-13 13:21:21,769] {processor.py:620} INFO - Processing file /home/airflow/.local/lib/python3.7/site-packages/airflow/example_dags/example_complex.py for tasks to queue
[2021-11-13 13:21:21,769] {logging_mixin.py:109} INFO - [2021-11-13 13:21:21,769] {dagbag.py:500} INFO - Filling up the DagBag from /home/airflow/.local/lib/python3.7/site-packages/airflow/example_dags/example_complex.py
[2021-11-13 13:21:21,812] {processor.py:632} INFO - DAG(s) dict_keys(['example_complex']) retrieved from /home/airflow/.local/lib/python3.7/site-packages/airflow/example_dags/example_complex.py
[2021-11-13 13:21:21,831] {logging_mixin.py:109} INFO - [2021-11-13 13:21:21,830] {dag.py:2389} INFO - Sync 1 DAGs
[2021-11-13 13:21:21,846] {logging_mixin.py:109} INFO - [2021-11-13 13:21:21,846] {dag.py:2921} INFO - Setting next_dagrun for example_complex to None
[2021-11-13 13:21:21,854] {processor.py:171} INFO - Processing /home/airflow/.local/lib/python3.7/site-packages/airflow/example_dags/example_complex.py took 0.093 seconds
[2021-11-13 13:21:51,907] {processor.py:163} INFO - Started process (PID=624) to work on /home/airflow/.local/lib/python3.7/site-packages/airflow/example_dags/example_complex.py
[2021-11-13 13:21:51,908] {processor.py:620} INFO - Processing file /home/airflow/.local/lib/python3.7/site-packages/airflow/example_dags/example_complex.py for tasks to queue
[2021-11-13 13:21:51,908] {logging_mixin.py:109} INFO - [2021-11-13 13:21:51,908] {dagbag.py:500} INFO - Filling up the DagBag from /home/airflow/.local/lib/python3.7/site-packages/airflow/example_dags/example_complex.py
[2021-11-13 13:21:51,942] {processor.py:632} INFO - DAG(s) dict_keys(['example_complex']) retrieved from /home/airflow/.local/lib/python3.7/site-packages/airflow/example_dags/example_complex.py
[2021-11-13 13:21:51,962] {logging_mixin.py:109} INFO - [2021-11-13 13:21:51,962] {dag.py:2389} INFO - Sync 1 DAGs
[2021-11-13 13:21:51,977] {logging_mixin.py:109} INFO - [2021-11-13 13:21:51,976] {dag.py:2921} INFO - Setting next_dagrun for example_complex to None
[2021-11-13 13:21:51,984] {processor.py:171} INFO - Processing /home/airflow/.local/lib/python3.7/site-packages/airflow/example_dags/example_complex.py took 0.080 seconds
[2021-11-13 13:22:22,751] {processor.py:163} INFO - Started process (PID=673) to work on /home/airflow/.local/lib/python3.7/site-packages/airflow/example_dags/example_complex.py
[2021-11-13 13:22:22,753] {processor.py:620} INFO - Processing file /home/airflow/.local/lib/python3.7/site-packages/airflow/example_dags/example_complex.py for tasks to queue
[2021-11-13 13:22:22,753] {logging_mixin.py:109} INFO - [2021-11-13 13:22:22,753] {dagbag.py:500} INFO - Filling up the DagBag from /home/airflow/.local/lib/python3.7/site-packages/airflow/example_dags/example_complex.py
[2021-11-13 13:22:22,804] {processor.py:632} INFO - DAG(s) dict_keys(['example_complex']) retrieved from /home/airflow/.local/lib/python3.7/site-packages/airflow/example_dags/example_complex.py
[2021-11-13 13:22:22,826] {logging_mixin.py:109} INFO - [2021-11-13 13:22:22,826] {dag.py:2389} INFO - Sync 1 DAGs
[2021-11-13 13:22:22,845] {logging_mixin.py:109} INFO - [2021-11-13 13:22:22,845] {dag.py:2921} INFO - Setting next_dagrun for example_complex to None
[2021-11-13 13:22:22,854] {processor.py:171} INFO - Processing /home/airflow/.local/lib/python3.7/site-packages/airflow/example_dags/example_complex.py took 0.106 seconds
[2021-11-13 13:22:53,007] {processor.py:163} INFO - Started process (PID=729) to work on /home/airflow/.local/lib/python3.7/site-packages/airflow/example_dags/example_complex.py
[2021-11-13 13:22:53,008] {processor.py:620} INFO - Processing file /home/airflow/.local/lib/python3.7/site-packages/airflow/example_dags/example_complex.py for tasks to queue
[2021-11-13 13:22:53,009] {logging_mixin.py:109} INFO - [2021-11-13 13:22:53,009] {dagbag.py:500} INFO - Filling up the DagBag from /home/airflow/.local/lib/python3.7/site-packages/airflow/example_dags/example_complex.py
[2021-11-13 13:22:53,044] {processor.py:632} INFO - DAG(s) dict_keys(['example_complex']) retrieved from /home/airflow/.local/lib/python3.7/site-packages/airflow/example_dags/example_complex.py
[2021-11-13 13:22:53,064] {logging_mixin.py:109} INFO - [2021-11-13 13:22:53,064] {dag.py:2389} INFO - Sync 1 DAGs
[2021-11-13 13:22:53,082] {logging_mixin.py:109} INFO - [2021-11-13 13:22:53,082] {dag.py:2921} INFO - Setting next_dagrun for example_complex to None
[2021-11-13 13:22:53,092] {processor.py:171} INFO - Processing /home/airflow/.local/lib/python3.7/site-packages/airflow/example_dags/example_complex.py took 0.088 seconds
[2021-11-13 13:23:23,166] {processor.py:163} INFO - Started process (PID=778) to work on /home/airflow/.local/lib/python3.7/site-packages/airflow/example_dags/example_complex.py
[2021-11-13 13:23:23,168] {processor.py:620} INFO - Processing file /home/airflow/.local/lib/python3.7/site-packages/airflow/example_dags/example_complex.py for tasks to queue
[2021-11-13 13:23:23,168] {logging_mixin.py:109} INFO - [2021-11-13 13:23:23,168] {dagbag.py:500} INFO - Filling up the DagBag from /home/airflow/.local/lib/python3.7/site-packages/airflow/example_dags/example_complex.py
[2021-11-13 13:23:23,210] {processor.py:632} INFO - DAG(s) dict_keys(['example_complex']) retrieved from /home/airflow/.local/lib/python3.7/site-packages/airflow/example_dags/example_complex.py
[2021-11-13 13:23:23,229] {logging_mixin.py:109} INFO - [2021-11-13 13:23:23,229] {dag.py:2389} INFO - Sync 1 DAGs
[2021-11-13 13:23:23,244] {logging_mixin.py:109} INFO - [2021-11-13 13:23:23,244] {dag.py:2921} INFO - Setting next_dagrun for example_complex to None
[2021-11-13 13:23:23,254] {processor.py:171} INFO - Processing /home/airflow/.local/lib/python3.7/site-packages/airflow/example_dags/example_complex.py took 0.091 seconds
