[2021-11-13 13:18:54,750] {processor.py:163} INFO - Started process (PID=182) to work on /home/airflow/.local/lib/python3.7/site-packages/airflow/example_dags/tutorial_etl_dag.py
[2021-11-13 13:18:54,751] {processor.py:620} INFO - Processing file /home/airflow/.local/lib/python3.7/site-packages/airflow/example_dags/tutorial_etl_dag.py for tasks to queue
[2021-11-13 13:18:54,751] {logging_mixin.py:109} INFO - [2021-11-13 13:18:54,751] {dagbag.py:500} INFO - Filling up the DagBag from /home/airflow/.local/lib/python3.7/site-packages/airflow/example_dags/tutorial_etl_dag.py
[2021-11-13 13:18:54,783] {processor.py:632} INFO - DAG(s) dict_keys(['tutorial_etl_dag']) retrieved from /home/airflow/.local/lib/python3.7/site-packages/airflow/example_dags/tutorial_etl_dag.py
[2021-11-13 13:18:57,116] {logging_mixin.py:109} INFO - [2021-11-13 13:18:57,116] {providers_manager.py:156} WARNING - Exception when importing 'airflow.providers.google.leveldb.hooks.leveldb.LevelDBHook' from 'apache-airflow-providers-google' package: No module named 'plyvel'
[2021-11-13 13:18:57,705] {logging_mixin.py:109} INFO - [2021-11-13 13:18:57,705] {providers_manager.py:156} WARNING - Exception when importing 'airflow.providers.google.leveldb.hooks.leveldb.LevelDBHook' from 'apache-airflow-providers-google' package: No module named 'plyvel'
[2021-11-13 13:18:57,726] {logging_mixin.py:109} INFO - [2021-11-13 13:18:57,726] {manager.py:496} INFO - Created Permission View: can read on DAG:tutorial_etl_dag
[2021-11-13 13:18:57,735] {logging_mixin.py:109} INFO - [2021-11-13 13:18:57,735] {manager.py:496} INFO - Created Permission View: can edit on DAG:tutorial_etl_dag
[2021-11-13 13:18:57,736] {logging_mixin.py:109} INFO - [2021-11-13 13:18:57,735] {dag.py:2389} INFO - Sync 1 DAGs
[2021-11-13 13:18:57,743] {logging_mixin.py:109} INFO - [2021-11-13 13:18:57,742] {dag.py:2408} INFO - Creating ORM DAG for tutorial_etl_dag
[2021-11-13 13:18:57,751] {logging_mixin.py:109} INFO - [2021-11-13 13:18:57,751] {dag.py:2921} INFO - Setting next_dagrun for tutorial_etl_dag to None
[2021-11-13 13:18:57,763] {processor.py:171} INFO - Processing /home/airflow/.local/lib/python3.7/site-packages/airflow/example_dags/tutorial_etl_dag.py took 3.016 seconds
[2021-11-13 13:19:27,997] {processor.py:163} INFO - Started process (PID=367) to work on /home/airflow/.local/lib/python3.7/site-packages/airflow/example_dags/tutorial_etl_dag.py
[2021-11-13 13:19:27,998] {processor.py:620} INFO - Processing file /home/airflow/.local/lib/python3.7/site-packages/airflow/example_dags/tutorial_etl_dag.py for tasks to queue
[2021-11-13 13:19:27,999] {logging_mixin.py:109} INFO - [2021-11-13 13:19:27,999] {dagbag.py:500} INFO - Filling up the DagBag from /home/airflow/.local/lib/python3.7/site-packages/airflow/example_dags/tutorial_etl_dag.py
[2021-11-13 13:19:28,033] {processor.py:632} INFO - DAG(s) dict_keys(['tutorial_etl_dag']) retrieved from /home/airflow/.local/lib/python3.7/site-packages/airflow/example_dags/tutorial_etl_dag.py
[2021-11-13 13:19:28,047] {logging_mixin.py:109} INFO - [2021-11-13 13:19:28,047] {dag.py:2389} INFO - Sync 1 DAGs
[2021-11-13 13:19:28,066] {logging_mixin.py:109} INFO - [2021-11-13 13:19:28,066] {dag.py:2921} INFO - Setting next_dagrun for tutorial_etl_dag to None
[2021-11-13 13:19:28,075] {processor.py:171} INFO - Processing /home/airflow/.local/lib/python3.7/site-packages/airflow/example_dags/tutorial_etl_dag.py took 0.082 seconds
[2021-11-13 13:19:58,456] {processor.py:163} INFO - Started process (PID=424) to work on /home/airflow/.local/lib/python3.7/site-packages/airflow/example_dags/tutorial_etl_dag.py
[2021-11-13 13:19:58,458] {processor.py:620} INFO - Processing file /home/airflow/.local/lib/python3.7/site-packages/airflow/example_dags/tutorial_etl_dag.py for tasks to queue
[2021-11-13 13:19:58,458] {logging_mixin.py:109} INFO - [2021-11-13 13:19:58,458] {dagbag.py:500} INFO - Filling up the DagBag from /home/airflow/.local/lib/python3.7/site-packages/airflow/example_dags/tutorial_etl_dag.py
[2021-11-13 13:19:58,488] {processor.py:632} INFO - DAG(s) dict_keys(['tutorial_etl_dag']) retrieved from /home/airflow/.local/lib/python3.7/site-packages/airflow/example_dags/tutorial_etl_dag.py
[2021-11-13 13:19:58,499] {logging_mixin.py:109} INFO - [2021-11-13 13:19:58,499] {dag.py:2389} INFO - Sync 1 DAGs
[2021-11-13 13:19:58,520] {logging_mixin.py:109} INFO - [2021-11-13 13:19:58,520] {dag.py:2921} INFO - Setting next_dagrun for tutorial_etl_dag to None
[2021-11-13 13:19:58,533] {processor.py:171} INFO - Processing /home/airflow/.local/lib/python3.7/site-packages/airflow/example_dags/tutorial_etl_dag.py took 0.079 seconds
[2021-11-13 13:20:28,705] {processor.py:163} INFO - Started process (PID=472) to work on /home/airflow/.local/lib/python3.7/site-packages/airflow/example_dags/tutorial_etl_dag.py
[2021-11-13 13:20:28,708] {processor.py:620} INFO - Processing file /home/airflow/.local/lib/python3.7/site-packages/airflow/example_dags/tutorial_etl_dag.py for tasks to queue
[2021-11-13 13:20:28,709] {logging_mixin.py:109} INFO - [2021-11-13 13:20:28,709] {dagbag.py:500} INFO - Filling up the DagBag from /home/airflow/.local/lib/python3.7/site-packages/airflow/example_dags/tutorial_etl_dag.py
[2021-11-13 13:20:28,740] {processor.py:632} INFO - DAG(s) dict_keys(['tutorial_etl_dag']) retrieved from /home/airflow/.local/lib/python3.7/site-packages/airflow/example_dags/tutorial_etl_dag.py
[2021-11-13 13:20:28,749] {logging_mixin.py:109} INFO - [2021-11-13 13:20:28,749] {dag.py:2389} INFO - Sync 1 DAGs
[2021-11-13 13:20:28,766] {logging_mixin.py:109} INFO - [2021-11-13 13:20:28,766] {dag.py:2921} INFO - Setting next_dagrun for tutorial_etl_dag to None
[2021-11-13 13:20:28,775] {processor.py:171} INFO - Processing /home/airflow/.local/lib/python3.7/site-packages/airflow/example_dags/tutorial_etl_dag.py took 0.079 seconds
[2021-11-13 13:20:58,811] {processor.py:163} INFO - Started process (PID=523) to work on /home/airflow/.local/lib/python3.7/site-packages/airflow/example_dags/tutorial_etl_dag.py
[2021-11-13 13:20:58,812] {processor.py:620} INFO - Processing file /home/airflow/.local/lib/python3.7/site-packages/airflow/example_dags/tutorial_etl_dag.py for tasks to queue
[2021-11-13 13:20:58,813] {logging_mixin.py:109} INFO - [2021-11-13 13:20:58,813] {dagbag.py:500} INFO - Filling up the DagBag from /home/airflow/.local/lib/python3.7/site-packages/airflow/example_dags/tutorial_etl_dag.py
[2021-11-13 13:20:58,839] {processor.py:632} INFO - DAG(s) dict_keys(['tutorial_etl_dag']) retrieved from /home/airflow/.local/lib/python3.7/site-packages/airflow/example_dags/tutorial_etl_dag.py
[2021-11-13 13:20:58,850] {logging_mixin.py:109} INFO - [2021-11-13 13:20:58,850] {dag.py:2389} INFO - Sync 1 DAGs
[2021-11-13 13:20:58,867] {logging_mixin.py:109} INFO - [2021-11-13 13:20:58,867] {dag.py:2921} INFO - Setting next_dagrun for tutorial_etl_dag to None
[2021-11-13 13:20:58,876] {processor.py:171} INFO - Processing /home/airflow/.local/lib/python3.7/site-packages/airflow/example_dags/tutorial_etl_dag.py took 0.068 seconds
[2021-11-13 13:21:28,967] {processor.py:163} INFO - Started process (PID=580) to work on /home/airflow/.local/lib/python3.7/site-packages/airflow/example_dags/tutorial_etl_dag.py
[2021-11-13 13:21:28,968] {processor.py:620} INFO - Processing file /home/airflow/.local/lib/python3.7/site-packages/airflow/example_dags/tutorial_etl_dag.py for tasks to queue
[2021-11-13 13:21:28,969] {logging_mixin.py:109} INFO - [2021-11-13 13:21:28,969] {dagbag.py:500} INFO - Filling up the DagBag from /home/airflow/.local/lib/python3.7/site-packages/airflow/example_dags/tutorial_etl_dag.py
[2021-11-13 13:21:28,995] {processor.py:632} INFO - DAG(s) dict_keys(['tutorial_etl_dag']) retrieved from /home/airflow/.local/lib/python3.7/site-packages/airflow/example_dags/tutorial_etl_dag.py
[2021-11-13 13:21:29,006] {logging_mixin.py:109} INFO - [2021-11-13 13:21:29,006] {dag.py:2389} INFO - Sync 1 DAGs
[2021-11-13 13:21:29,023] {logging_mixin.py:109} INFO - [2021-11-13 13:21:29,023] {dag.py:2921} INFO - Setting next_dagrun for tutorial_etl_dag to None
[2021-11-13 13:21:29,033] {processor.py:171} INFO - Processing /home/airflow/.local/lib/python3.7/site-packages/airflow/example_dags/tutorial_etl_dag.py took 0.069 seconds
[2021-11-13 13:21:59,409] {processor.py:163} INFO - Started process (PID=630) to work on /home/airflow/.local/lib/python3.7/site-packages/airflow/example_dags/tutorial_etl_dag.py
[2021-11-13 13:21:59,411] {processor.py:620} INFO - Processing file /home/airflow/.local/lib/python3.7/site-packages/airflow/example_dags/tutorial_etl_dag.py for tasks to queue
[2021-11-13 13:21:59,411] {logging_mixin.py:109} INFO - [2021-11-13 13:21:59,411] {dagbag.py:500} INFO - Filling up the DagBag from /home/airflow/.local/lib/python3.7/site-packages/airflow/example_dags/tutorial_etl_dag.py
[2021-11-13 13:21:59,431] {processor.py:632} INFO - DAG(s) dict_keys(['tutorial_etl_dag']) retrieved from /home/airflow/.local/lib/python3.7/site-packages/airflow/example_dags/tutorial_etl_dag.py
[2021-11-13 13:21:59,439] {logging_mixin.py:109} INFO - [2021-11-13 13:21:59,439] {dag.py:2389} INFO - Sync 1 DAGs
[2021-11-13 13:21:59,452] {logging_mixin.py:109} INFO - [2021-11-13 13:21:59,452] {dag.py:2921} INFO - Setting next_dagrun for tutorial_etl_dag to None
[2021-11-13 13:21:59,460] {processor.py:171} INFO - Processing /home/airflow/.local/lib/python3.7/site-packages/airflow/example_dags/tutorial_etl_dag.py took 0.053 seconds
[2021-11-13 13:22:29,534] {processor.py:163} INFO - Started process (PID=687) to work on /home/airflow/.local/lib/python3.7/site-packages/airflow/example_dags/tutorial_etl_dag.py
[2021-11-13 13:22:29,537] {processor.py:620} INFO - Processing file /home/airflow/.local/lib/python3.7/site-packages/airflow/example_dags/tutorial_etl_dag.py for tasks to queue
[2021-11-13 13:22:29,538] {logging_mixin.py:109} INFO - [2021-11-13 13:22:29,538] {dagbag.py:500} INFO - Filling up the DagBag from /home/airflow/.local/lib/python3.7/site-packages/airflow/example_dags/tutorial_etl_dag.py
[2021-11-13 13:22:29,566] {processor.py:632} INFO - DAG(s) dict_keys(['tutorial_etl_dag']) retrieved from /home/airflow/.local/lib/python3.7/site-packages/airflow/example_dags/tutorial_etl_dag.py
[2021-11-13 13:22:29,574] {logging_mixin.py:109} INFO - [2021-11-13 13:22:29,574] {dag.py:2389} INFO - Sync 1 DAGs
[2021-11-13 13:22:29,589] {logging_mixin.py:109} INFO - [2021-11-13 13:22:29,589] {dag.py:2921} INFO - Setting next_dagrun for tutorial_etl_dag to None
[2021-11-13 13:22:29,598] {processor.py:171} INFO - Processing /home/airflow/.local/lib/python3.7/site-packages/airflow/example_dags/tutorial_etl_dag.py took 0.072 seconds
[2021-11-13 13:22:59,705] {processor.py:163} INFO - Started process (PID=736) to work on /home/airflow/.local/lib/python3.7/site-packages/airflow/example_dags/tutorial_etl_dag.py
[2021-11-13 13:22:59,708] {processor.py:620} INFO - Processing file /home/airflow/.local/lib/python3.7/site-packages/airflow/example_dags/tutorial_etl_dag.py for tasks to queue
[2021-11-13 13:22:59,709] {logging_mixin.py:109} INFO - [2021-11-13 13:22:59,709] {dagbag.py:500} INFO - Filling up the DagBag from /home/airflow/.local/lib/python3.7/site-packages/airflow/example_dags/tutorial_etl_dag.py
[2021-11-13 13:22:59,736] {processor.py:632} INFO - DAG(s) dict_keys(['tutorial_etl_dag']) retrieved from /home/airflow/.local/lib/python3.7/site-packages/airflow/example_dags/tutorial_etl_dag.py
[2021-11-13 13:22:59,746] {logging_mixin.py:109} INFO - [2021-11-13 13:22:59,746] {dag.py:2389} INFO - Sync 1 DAGs
[2021-11-13 13:22:59,760] {logging_mixin.py:109} INFO - [2021-11-13 13:22:59,760] {dag.py:2921} INFO - Setting next_dagrun for tutorial_etl_dag to None
[2021-11-13 13:22:59,769] {processor.py:171} INFO - Processing /home/airflow/.local/lib/python3.7/site-packages/airflow/example_dags/tutorial_etl_dag.py took 0.072 seconds
[2021-11-13 13:23:29,781] {processor.py:163} INFO - Started process (PID=793) to work on /home/airflow/.local/lib/python3.7/site-packages/airflow/example_dags/tutorial_etl_dag.py
[2021-11-13 13:23:29,783] {processor.py:620} INFO - Processing file /home/airflow/.local/lib/python3.7/site-packages/airflow/example_dags/tutorial_etl_dag.py for tasks to queue
[2021-11-13 13:23:29,783] {logging_mixin.py:109} INFO - [2021-11-13 13:23:29,783] {dagbag.py:500} INFO - Filling up the DagBag from /home/airflow/.local/lib/python3.7/site-packages/airflow/example_dags/tutorial_etl_dag.py
[2021-11-13 13:23:29,802] {processor.py:632} INFO - DAG(s) dict_keys(['tutorial_etl_dag']) retrieved from /home/airflow/.local/lib/python3.7/site-packages/airflow/example_dags/tutorial_etl_dag.py
[2021-11-13 13:23:29,810] {logging_mixin.py:109} INFO - [2021-11-13 13:23:29,810] {dag.py:2389} INFO - Sync 1 DAGs
[2021-11-13 13:23:29,823] {logging_mixin.py:109} INFO - [2021-11-13 13:23:29,823] {dag.py:2921} INFO - Setting next_dagrun for tutorial_etl_dag to None
[2021-11-13 13:23:29,831] {processor.py:171} INFO - Processing /home/airflow/.local/lib/python3.7/site-packages/airflow/example_dags/tutorial_etl_dag.py took 0.052 seconds
