[2021-11-13 13:19:00,247] {processor.py:163} INFO - Started process (PID=217) to work on /home/airflow/.local/lib/python3.7/site-packages/airflow/example_dags/tutorial_taskflow_api_etl.py
[2021-11-13 13:19:00,248] {processor.py:620} INFO - Processing file /home/airflow/.local/lib/python3.7/site-packages/airflow/example_dags/tutorial_taskflow_api_etl.py for tasks to queue
[2021-11-13 13:19:00,249] {logging_mixin.py:109} INFO - [2021-11-13 13:19:00,249] {dagbag.py:500} INFO - Filling up the DagBag from /home/airflow/.local/lib/python3.7/site-packages/airflow/example_dags/tutorial_taskflow_api_etl.py
[2021-11-13 13:19:00,280] {processor.py:632} INFO - DAG(s) dict_keys(['tutorial_taskflow_api_etl']) retrieved from /home/airflow/.local/lib/python3.7/site-packages/airflow/example_dags/tutorial_taskflow_api_etl.py
[2021-11-13 13:19:02,287] {logging_mixin.py:109} INFO - [2021-11-13 13:19:02,287] {providers_manager.py:156} WARNING - Exception when importing 'airflow.providers.google.leveldb.hooks.leveldb.LevelDBHook' from 'apache-airflow-providers-google' package: No module named 'plyvel'
[2021-11-13 13:19:02,786] {logging_mixin.py:109} INFO - [2021-11-13 13:19:02,786] {providers_manager.py:156} WARNING - Exception when importing 'airflow.providers.google.leveldb.hooks.leveldb.LevelDBHook' from 'apache-airflow-providers-google' package: No module named 'plyvel'
[2021-11-13 13:19:02,810] {logging_mixin.py:109} INFO - [2021-11-13 13:19:02,810] {manager.py:496} INFO - Created Permission View: can read on DAG:tutorial_taskflow_api_etl
[2021-11-13 13:19:02,819] {logging_mixin.py:109} INFO - [2021-11-13 13:19:02,819] {manager.py:496} INFO - Created Permission View: can edit on DAG:tutorial_taskflow_api_etl
[2021-11-13 13:19:02,820] {logging_mixin.py:109} INFO - [2021-11-13 13:19:02,819] {dag.py:2389} INFO - Sync 1 DAGs
[2021-11-13 13:19:02,828] {logging_mixin.py:109} INFO - [2021-11-13 13:19:02,828] {dag.py:2408} INFO - Creating ORM DAG for tutorial_taskflow_api_etl
[2021-11-13 13:19:02,837] {logging_mixin.py:109} INFO - [2021-11-13 13:19:02,837] {dag.py:2921} INFO - Setting next_dagrun for tutorial_taskflow_api_etl to None
[2021-11-13 13:19:02,851] {processor.py:171} INFO - Processing /home/airflow/.local/lib/python3.7/site-packages/airflow/example_dags/tutorial_taskflow_api_etl.py took 2.607 seconds
[2021-11-13 13:19:33,421] {processor.py:163} INFO - Started process (PID=378) to work on /home/airflow/.local/lib/python3.7/site-packages/airflow/example_dags/tutorial_taskflow_api_etl.py
[2021-11-13 13:19:33,424] {processor.py:620} INFO - Processing file /home/airflow/.local/lib/python3.7/site-packages/airflow/example_dags/tutorial_taskflow_api_etl.py for tasks to queue
[2021-11-13 13:19:33,424] {logging_mixin.py:109} INFO - [2021-11-13 13:19:33,424] {dagbag.py:500} INFO - Filling up the DagBag from /home/airflow/.local/lib/python3.7/site-packages/airflow/example_dags/tutorial_taskflow_api_etl.py
[2021-11-13 13:19:33,454] {processor.py:632} INFO - DAG(s) dict_keys(['tutorial_taskflow_api_etl']) retrieved from /home/airflow/.local/lib/python3.7/site-packages/airflow/example_dags/tutorial_taskflow_api_etl.py
[2021-11-13 13:19:33,735] {logging_mixin.py:109} INFO - [2021-11-13 13:19:33,735] {dag.py:2389} INFO - Sync 1 DAGs
[2021-11-13 13:19:33,748] {logging_mixin.py:109} INFO - [2021-11-13 13:19:33,748] {dag.py:2921} INFO - Setting next_dagrun for tutorial_taskflow_api_etl to None
[2021-11-13 13:19:33,757] {processor.py:171} INFO - Processing /home/airflow/.local/lib/python3.7/site-packages/airflow/example_dags/tutorial_taskflow_api_etl.py took 0.339 seconds
[2021-11-13 13:20:04,662] {processor.py:163} INFO - Started process (PID=428) to work on /home/airflow/.local/lib/python3.7/site-packages/airflow/example_dags/tutorial_taskflow_api_etl.py
[2021-11-13 13:20:04,664] {processor.py:620} INFO - Processing file /home/airflow/.local/lib/python3.7/site-packages/airflow/example_dags/tutorial_taskflow_api_etl.py for tasks to queue
[2021-11-13 13:20:04,664] {logging_mixin.py:109} INFO - [2021-11-13 13:20:04,664] {dagbag.py:500} INFO - Filling up the DagBag from /home/airflow/.local/lib/python3.7/site-packages/airflow/example_dags/tutorial_taskflow_api_etl.py
[2021-11-13 13:20:04,692] {processor.py:632} INFO - DAG(s) dict_keys(['tutorial_taskflow_api_etl']) retrieved from /home/airflow/.local/lib/python3.7/site-packages/airflow/example_dags/tutorial_taskflow_api_etl.py
[2021-11-13 13:20:04,960] {logging_mixin.py:109} INFO - [2021-11-13 13:20:04,960] {dag.py:2389} INFO - Sync 1 DAGs
[2021-11-13 13:20:04,972] {logging_mixin.py:109} INFO - [2021-11-13 13:20:04,972] {dag.py:2921} INFO - Setting next_dagrun for tutorial_taskflow_api_etl to None
[2021-11-13 13:20:04,982] {processor.py:171} INFO - Processing /home/airflow/.local/lib/python3.7/site-packages/airflow/example_dags/tutorial_taskflow_api_etl.py took 0.323 seconds
[2021-11-13 13:20:35,013] {processor.py:163} INFO - Started process (PID=477) to work on /home/airflow/.local/lib/python3.7/site-packages/airflow/example_dags/tutorial_taskflow_api_etl.py
[2021-11-13 13:20:35,015] {processor.py:620} INFO - Processing file /home/airflow/.local/lib/python3.7/site-packages/airflow/example_dags/tutorial_taskflow_api_etl.py for tasks to queue
[2021-11-13 13:20:35,016] {logging_mixin.py:109} INFO - [2021-11-13 13:20:35,016] {dagbag.py:500} INFO - Filling up the DagBag from /home/airflow/.local/lib/python3.7/site-packages/airflow/example_dags/tutorial_taskflow_api_etl.py
[2021-11-13 13:20:35,056] {processor.py:632} INFO - DAG(s) dict_keys(['tutorial_taskflow_api_etl']) retrieved from /home/airflow/.local/lib/python3.7/site-packages/airflow/example_dags/tutorial_taskflow_api_etl.py
[2021-11-13 13:20:35,364] {logging_mixin.py:109} INFO - [2021-11-13 13:20:35,363] {dag.py:2389} INFO - Sync 1 DAGs
[2021-11-13 13:20:35,378] {logging_mixin.py:109} INFO - [2021-11-13 13:20:35,378] {dag.py:2921} INFO - Setting next_dagrun for tutorial_taskflow_api_etl to None
[2021-11-13 13:20:35,387] {processor.py:171} INFO - Processing /home/airflow/.local/lib/python3.7/site-packages/airflow/example_dags/tutorial_taskflow_api_etl.py took 0.378 seconds
[2021-11-13 13:21:06,222] {processor.py:163} INFO - Started process (PID=536) to work on /home/airflow/.local/lib/python3.7/site-packages/airflow/example_dags/tutorial_taskflow_api_etl.py
[2021-11-13 13:21:06,223] {processor.py:620} INFO - Processing file /home/airflow/.local/lib/python3.7/site-packages/airflow/example_dags/tutorial_taskflow_api_etl.py for tasks to queue
[2021-11-13 13:21:06,224] {logging_mixin.py:109} INFO - [2021-11-13 13:21:06,224] {dagbag.py:500} INFO - Filling up the DagBag from /home/airflow/.local/lib/python3.7/site-packages/airflow/example_dags/tutorial_taskflow_api_etl.py
[2021-11-13 13:21:06,248] {processor.py:632} INFO - DAG(s) dict_keys(['tutorial_taskflow_api_etl']) retrieved from /home/airflow/.local/lib/python3.7/site-packages/airflow/example_dags/tutorial_taskflow_api_etl.py
[2021-11-13 13:21:06,550] {logging_mixin.py:109} INFO - [2021-11-13 13:21:06,550] {dag.py:2389} INFO - Sync 1 DAGs
[2021-11-13 13:21:06,568] {logging_mixin.py:109} INFO - [2021-11-13 13:21:06,568] {dag.py:2921} INFO - Setting next_dagrun for tutorial_taskflow_api_etl to None
[2021-11-13 13:21:06,580] {processor.py:171} INFO - Processing /home/airflow/.local/lib/python3.7/site-packages/airflow/example_dags/tutorial_taskflow_api_etl.py took 0.360 seconds
[2021-11-13 13:21:37,413] {processor.py:163} INFO - Started process (PID=594) to work on /home/airflow/.local/lib/python3.7/site-packages/airflow/example_dags/tutorial_taskflow_api_etl.py
[2021-11-13 13:21:37,415] {processor.py:620} INFO - Processing file /home/airflow/.local/lib/python3.7/site-packages/airflow/example_dags/tutorial_taskflow_api_etl.py for tasks to queue
[2021-11-13 13:21:37,415] {logging_mixin.py:109} INFO - [2021-11-13 13:21:37,415] {dagbag.py:500} INFO - Filling up the DagBag from /home/airflow/.local/lib/python3.7/site-packages/airflow/example_dags/tutorial_taskflow_api_etl.py
[2021-11-13 13:21:37,438] {processor.py:632} INFO - DAG(s) dict_keys(['tutorial_taskflow_api_etl']) retrieved from /home/airflow/.local/lib/python3.7/site-packages/airflow/example_dags/tutorial_taskflow_api_etl.py
[2021-11-13 13:21:37,680] {logging_mixin.py:109} INFO - [2021-11-13 13:21:37,680] {dag.py:2389} INFO - Sync 1 DAGs
[2021-11-13 13:21:37,692] {logging_mixin.py:109} INFO - [2021-11-13 13:21:37,692] {dag.py:2921} INFO - Setting next_dagrun for tutorial_taskflow_api_etl to None
[2021-11-13 13:21:37,701] {processor.py:171} INFO - Processing /home/airflow/.local/lib/python3.7/site-packages/airflow/example_dags/tutorial_taskflow_api_etl.py took 0.290 seconds
[2021-11-13 13:22:08,712] {processor.py:163} INFO - Started process (PID=645) to work on /home/airflow/.local/lib/python3.7/site-packages/airflow/example_dags/tutorial_taskflow_api_etl.py
[2021-11-13 13:22:08,716] {processor.py:620} INFO - Processing file /home/airflow/.local/lib/python3.7/site-packages/airflow/example_dags/tutorial_taskflow_api_etl.py for tasks to queue
[2021-11-13 13:22:08,717] {logging_mixin.py:109} INFO - [2021-11-13 13:22:08,717] {dagbag.py:500} INFO - Filling up the DagBag from /home/airflow/.local/lib/python3.7/site-packages/airflow/example_dags/tutorial_taskflow_api_etl.py
[2021-11-13 13:22:08,755] {processor.py:632} INFO - DAG(s) dict_keys(['tutorial_taskflow_api_etl']) retrieved from /home/airflow/.local/lib/python3.7/site-packages/airflow/example_dags/tutorial_taskflow_api_etl.py
[2021-11-13 13:22:09,039] {logging_mixin.py:109} INFO - [2021-11-13 13:22:09,039] {dag.py:2389} INFO - Sync 1 DAGs
[2021-11-13 13:22:09,051] {logging_mixin.py:109} INFO - [2021-11-13 13:22:09,051] {dag.py:2921} INFO - Setting next_dagrun for tutorial_taskflow_api_etl to None
[2021-11-13 13:22:09,061] {processor.py:171} INFO - Processing /home/airflow/.local/lib/python3.7/site-packages/airflow/example_dags/tutorial_taskflow_api_etl.py took 0.357 seconds
[2021-11-13 13:22:39,899] {processor.py:163} INFO - Started process (PID=702) to work on /home/airflow/.local/lib/python3.7/site-packages/airflow/example_dags/tutorial_taskflow_api_etl.py
[2021-11-13 13:22:39,900] {processor.py:620} INFO - Processing file /home/airflow/.local/lib/python3.7/site-packages/airflow/example_dags/tutorial_taskflow_api_etl.py for tasks to queue
[2021-11-13 13:22:39,901] {logging_mixin.py:109} INFO - [2021-11-13 13:22:39,901] {dagbag.py:500} INFO - Filling up the DagBag from /home/airflow/.local/lib/python3.7/site-packages/airflow/example_dags/tutorial_taskflow_api_etl.py
[2021-11-13 13:22:39,929] {processor.py:632} INFO - DAG(s) dict_keys(['tutorial_taskflow_api_etl']) retrieved from /home/airflow/.local/lib/python3.7/site-packages/airflow/example_dags/tutorial_taskflow_api_etl.py
[2021-11-13 13:22:40,205] {logging_mixin.py:109} INFO - [2021-11-13 13:22:40,205] {dag.py:2389} INFO - Sync 1 DAGs
[2021-11-13 13:22:40,219] {logging_mixin.py:109} INFO - [2021-11-13 13:22:40,219] {dag.py:2921} INFO - Setting next_dagrun for tutorial_taskflow_api_etl to None
[2021-11-13 13:22:40,231] {processor.py:171} INFO - Processing /home/airflow/.local/lib/python3.7/site-packages/airflow/example_dags/tutorial_taskflow_api_etl.py took 0.334 seconds
[2021-11-13 13:23:10,305] {processor.py:163} INFO - Started process (PID=751) to work on /home/airflow/.local/lib/python3.7/site-packages/airflow/example_dags/tutorial_taskflow_api_etl.py
[2021-11-13 13:23:10,309] {processor.py:620} INFO - Processing file /home/airflow/.local/lib/python3.7/site-packages/airflow/example_dags/tutorial_taskflow_api_etl.py for tasks to queue
[2021-11-13 13:23:10,310] {logging_mixin.py:109} INFO - [2021-11-13 13:23:10,310] {dagbag.py:500} INFO - Filling up the DagBag from /home/airflow/.local/lib/python3.7/site-packages/airflow/example_dags/tutorial_taskflow_api_etl.py
[2021-11-13 13:23:10,348] {processor.py:632} INFO - DAG(s) dict_keys(['tutorial_taskflow_api_etl']) retrieved from /home/airflow/.local/lib/python3.7/site-packages/airflow/example_dags/tutorial_taskflow_api_etl.py
[2021-11-13 13:23:10,623] {logging_mixin.py:109} INFO - [2021-11-13 13:23:10,623] {dag.py:2389} INFO - Sync 1 DAGs
[2021-11-13 13:23:10,634] {logging_mixin.py:109} INFO - [2021-11-13 13:23:10,634] {dag.py:2921} INFO - Setting next_dagrun for tutorial_taskflow_api_etl to None
[2021-11-13 13:23:10,643] {processor.py:171} INFO - Processing /home/airflow/.local/lib/python3.7/site-packages/airflow/example_dags/tutorial_taskflow_api_etl.py took 0.346 seconds
