[2021-11-13 13:18:51,642] {processor.py:163} INFO - Started process (PID=155) to work on /home/airflow/.local/lib/python3.7/site-packages/airflow/example_dags/tutorial.py
[2021-11-13 13:18:51,643] {processor.py:620} INFO - Processing file /home/airflow/.local/lib/python3.7/site-packages/airflow/example_dags/tutorial.py for tasks to queue
[2021-11-13 13:18:51,644] {logging_mixin.py:109} INFO - [2021-11-13 13:18:51,644] {dagbag.py:500} INFO - Filling up the DagBag from /home/airflow/.local/lib/python3.7/site-packages/airflow/example_dags/tutorial.py
[2021-11-13 13:18:51,669] {processor.py:632} INFO - DAG(s) dict_keys(['tutorial']) retrieved from /home/airflow/.local/lib/python3.7/site-packages/airflow/example_dags/tutorial.py
[2021-11-13 13:18:53,858] {logging_mixin.py:109} INFO - [2021-11-13 13:18:53,858] {providers_manager.py:156} WARNING - Exception when importing 'airflow.providers.google.leveldb.hooks.leveldb.LevelDBHook' from 'apache-airflow-providers-google' package: No module named 'plyvel'
[2021-11-13 13:18:54,512] {logging_mixin.py:109} INFO - [2021-11-13 13:18:54,512] {providers_manager.py:156} WARNING - Exception when importing 'airflow.providers.google.leveldb.hooks.leveldb.LevelDBHook' from 'apache-airflow-providers-google' package: No module named 'plyvel'
[2021-11-13 13:18:54,544] {logging_mixin.py:109} INFO - [2021-11-13 13:18:54,544] {manager.py:496} INFO - Created Permission View: can read on DAG:tutorial
[2021-11-13 13:18:54,557] {logging_mixin.py:109} INFO - [2021-11-13 13:18:54,556] {manager.py:496} INFO - Created Permission View: can edit on DAG:tutorial
[2021-11-13 13:18:54,557] {logging_mixin.py:109} INFO - [2021-11-13 13:18:54,557] {dag.py:2389} INFO - Sync 1 DAGs
[2021-11-13 13:18:54,569] {logging_mixin.py:109} INFO - [2021-11-13 13:18:54,568] {dag.py:2408} INFO - Creating ORM DAG for tutorial
[2021-11-13 13:18:54,583] {logging_mixin.py:109} INFO - [2021-11-13 13:18:54,583] {dag.py:2921} INFO - Setting next_dagrun for tutorial to 2021-11-12T13:18:54.582900+00:00
[2021-11-13 13:18:54,601] {processor.py:171} INFO - Processing /home/airflow/.local/lib/python3.7/site-packages/airflow/example_dags/tutorial.py took 2.961 seconds
[2021-11-13 13:19:24,964] {processor.py:163} INFO - Started process (PID=364) to work on /home/airflow/.local/lib/python3.7/site-packages/airflow/example_dags/tutorial.py
[2021-11-13 13:19:24,966] {processor.py:620} INFO - Processing file /home/airflow/.local/lib/python3.7/site-packages/airflow/example_dags/tutorial.py for tasks to queue
[2021-11-13 13:19:24,967] {logging_mixin.py:109} INFO - [2021-11-13 13:19:24,967] {dagbag.py:500} INFO - Filling up the DagBag from /home/airflow/.local/lib/python3.7/site-packages/airflow/example_dags/tutorial.py
[2021-11-13 13:19:25,001] {processor.py:632} INFO - DAG(s) dict_keys(['tutorial']) retrieved from /home/airflow/.local/lib/python3.7/site-packages/airflow/example_dags/tutorial.py
[2021-11-13 13:19:25,012] {logging_mixin.py:109} INFO - [2021-11-13 13:19:25,012] {dag.py:2389} INFO - Sync 1 DAGs
[2021-11-13 13:19:25,031] {logging_mixin.py:109} INFO - [2021-11-13 13:19:25,031] {dag.py:2921} INFO - Setting next_dagrun for tutorial to 2021-11-12T13:19:25.031307+00:00
[2021-11-13 13:19:25,042] {processor.py:171} INFO - Processing /home/airflow/.local/lib/python3.7/site-packages/airflow/example_dags/tutorial.py took 0.081 seconds
[2021-11-13 13:19:55,440] {processor.py:163} INFO - Started process (PID=413) to work on /home/airflow/.local/lib/python3.7/site-packages/airflow/example_dags/tutorial.py
[2021-11-13 13:19:55,442] {processor.py:620} INFO - Processing file /home/airflow/.local/lib/python3.7/site-packages/airflow/example_dags/tutorial.py for tasks to queue
[2021-11-13 13:19:55,442] {logging_mixin.py:109} INFO - [2021-11-13 13:19:55,442] {dagbag.py:500} INFO - Filling up the DagBag from /home/airflow/.local/lib/python3.7/site-packages/airflow/example_dags/tutorial.py
[2021-11-13 13:19:55,465] {processor.py:632} INFO - DAG(s) dict_keys(['tutorial']) retrieved from /home/airflow/.local/lib/python3.7/site-packages/airflow/example_dags/tutorial.py
[2021-11-13 13:19:55,472] {logging_mixin.py:109} INFO - [2021-11-13 13:19:55,472] {dag.py:2389} INFO - Sync 1 DAGs
[2021-11-13 13:19:55,486] {logging_mixin.py:109} INFO - [2021-11-13 13:19:55,486] {dag.py:2921} INFO - Setting next_dagrun for tutorial to 2021-11-12T13:19:55.486397+00:00
[2021-11-13 13:19:55,495] {processor.py:171} INFO - Processing /home/airflow/.local/lib/python3.7/site-packages/airflow/example_dags/tutorial.py took 0.057 seconds
[2021-11-13 13:20:25,671] {processor.py:163} INFO - Started process (PID=470) to work on /home/airflow/.local/lib/python3.7/site-packages/airflow/example_dags/tutorial.py
[2021-11-13 13:20:25,672] {processor.py:620} INFO - Processing file /home/airflow/.local/lib/python3.7/site-packages/airflow/example_dags/tutorial.py for tasks to queue
[2021-11-13 13:20:25,673] {logging_mixin.py:109} INFO - [2021-11-13 13:20:25,673] {dagbag.py:500} INFO - Filling up the DagBag from /home/airflow/.local/lib/python3.7/site-packages/airflow/example_dags/tutorial.py
[2021-11-13 13:20:25,698] {processor.py:632} INFO - DAG(s) dict_keys(['tutorial']) retrieved from /home/airflow/.local/lib/python3.7/site-packages/airflow/example_dags/tutorial.py
[2021-11-13 13:20:25,707] {logging_mixin.py:109} INFO - [2021-11-13 13:20:25,707] {dag.py:2389} INFO - Sync 1 DAGs
[2021-11-13 13:20:25,721] {logging_mixin.py:109} INFO - [2021-11-13 13:20:25,721] {dag.py:2921} INFO - Setting next_dagrun for tutorial to 2021-11-12T13:20:25.721388+00:00
[2021-11-13 13:20:25,731] {processor.py:171} INFO - Processing /home/airflow/.local/lib/python3.7/site-packages/airflow/example_dags/tutorial.py took 0.062 seconds
[2021-11-13 13:20:55,803] {processor.py:163} INFO - Started process (PID=521) to work on /home/airflow/.local/lib/python3.7/site-packages/airflow/example_dags/tutorial.py
[2021-11-13 13:20:55,807] {processor.py:620} INFO - Processing file /home/airflow/.local/lib/python3.7/site-packages/airflow/example_dags/tutorial.py for tasks to queue
[2021-11-13 13:20:55,809] {logging_mixin.py:109} INFO - [2021-11-13 13:20:55,809] {dagbag.py:500} INFO - Filling up the DagBag from /home/airflow/.local/lib/python3.7/site-packages/airflow/example_dags/tutorial.py
[2021-11-13 13:20:55,852] {processor.py:632} INFO - DAG(s) dict_keys(['tutorial']) retrieved from /home/airflow/.local/lib/python3.7/site-packages/airflow/example_dags/tutorial.py
[2021-11-13 13:20:55,862] {logging_mixin.py:109} INFO - [2021-11-13 13:20:55,862] {dag.py:2389} INFO - Sync 1 DAGs
[2021-11-13 13:20:55,878] {logging_mixin.py:109} INFO - [2021-11-13 13:20:55,878] {dag.py:2921} INFO - Setting next_dagrun for tutorial to 2021-11-12T13:20:55.878534+00:00
[2021-11-13 13:20:55,888] {processor.py:171} INFO - Processing /home/airflow/.local/lib/python3.7/site-packages/airflow/example_dags/tutorial.py took 0.094 seconds
[2021-11-13 13:21:25,937] {processor.py:163} INFO - Started process (PID=578) to work on /home/airflow/.local/lib/python3.7/site-packages/airflow/example_dags/tutorial.py
[2021-11-13 13:21:25,938] {processor.py:620} INFO - Processing file /home/airflow/.local/lib/python3.7/site-packages/airflow/example_dags/tutorial.py for tasks to queue
[2021-11-13 13:21:25,939] {logging_mixin.py:109} INFO - [2021-11-13 13:21:25,939] {dagbag.py:500} INFO - Filling up the DagBag from /home/airflow/.local/lib/python3.7/site-packages/airflow/example_dags/tutorial.py
[2021-11-13 13:21:25,963] {processor.py:632} INFO - DAG(s) dict_keys(['tutorial']) retrieved from /home/airflow/.local/lib/python3.7/site-packages/airflow/example_dags/tutorial.py
[2021-11-13 13:21:25,972] {logging_mixin.py:109} INFO - [2021-11-13 13:21:25,972] {dag.py:2389} INFO - Sync 1 DAGs
[2021-11-13 13:21:26,005] {logging_mixin.py:109} INFO - [2021-11-13 13:21:26,005] {dag.py:2921} INFO - Setting next_dagrun for tutorial to 2021-11-12T13:21:26.004855+00:00
[2021-11-13 13:21:26,013] {processor.py:171} INFO - Processing /home/airflow/.local/lib/python3.7/site-packages/airflow/example_dags/tutorial.py took 0.078 seconds
[2021-11-13 13:21:56,319] {processor.py:163} INFO - Started process (PID=628) to work on /home/airflow/.local/lib/python3.7/site-packages/airflow/example_dags/tutorial.py
[2021-11-13 13:21:56,320] {processor.py:620} INFO - Processing file /home/airflow/.local/lib/python3.7/site-packages/airflow/example_dags/tutorial.py for tasks to queue
[2021-11-13 13:21:56,321] {logging_mixin.py:109} INFO - [2021-11-13 13:21:56,321] {dagbag.py:500} INFO - Filling up the DagBag from /home/airflow/.local/lib/python3.7/site-packages/airflow/example_dags/tutorial.py
[2021-11-13 13:21:56,348] {processor.py:632} INFO - DAG(s) dict_keys(['tutorial']) retrieved from /home/airflow/.local/lib/python3.7/site-packages/airflow/example_dags/tutorial.py
[2021-11-13 13:21:56,359] {logging_mixin.py:109} INFO - [2021-11-13 13:21:56,359] {dag.py:2389} INFO - Sync 1 DAGs
[2021-11-13 13:21:56,376] {logging_mixin.py:109} INFO - [2021-11-13 13:21:56,376] {dag.py:2921} INFO - Setting next_dagrun for tutorial to 2021-11-12T13:21:56.376040+00:00
[2021-11-13 13:21:56,394] {processor.py:171} INFO - Processing /home/airflow/.local/lib/python3.7/site-packages/airflow/example_dags/tutorial.py took 0.078 seconds
[2021-11-13 13:22:26,482] {processor.py:163} INFO - Started process (PID=684) to work on /home/airflow/.local/lib/python3.7/site-packages/airflow/example_dags/tutorial.py
[2021-11-13 13:22:26,484] {processor.py:620} INFO - Processing file /home/airflow/.local/lib/python3.7/site-packages/airflow/example_dags/tutorial.py for tasks to queue
[2021-11-13 13:22:26,484] {logging_mixin.py:109} INFO - [2021-11-13 13:22:26,484] {dagbag.py:500} INFO - Filling up the DagBag from /home/airflow/.local/lib/python3.7/site-packages/airflow/example_dags/tutorial.py
[2021-11-13 13:22:26,520] {processor.py:632} INFO - DAG(s) dict_keys(['tutorial']) retrieved from /home/airflow/.local/lib/python3.7/site-packages/airflow/example_dags/tutorial.py
[2021-11-13 13:22:26,533] {logging_mixin.py:109} INFO - [2021-11-13 13:22:26,533] {dag.py:2389} INFO - Sync 1 DAGs
[2021-11-13 13:22:26,555] {logging_mixin.py:109} INFO - [2021-11-13 13:22:26,555] {dag.py:2921} INFO - Setting next_dagrun for tutorial to 2021-11-12T13:22:26.554828+00:00
[2021-11-13 13:22:26,569] {processor.py:171} INFO - Processing /home/airflow/.local/lib/python3.7/site-packages/airflow/example_dags/tutorial.py took 0.091 seconds
[2021-11-13 13:22:56,607] {processor.py:163} INFO - Started process (PID=735) to work on /home/airflow/.local/lib/python3.7/site-packages/airflow/example_dags/tutorial.py
[2021-11-13 13:22:56,608] {processor.py:620} INFO - Processing file /home/airflow/.local/lib/python3.7/site-packages/airflow/example_dags/tutorial.py for tasks to queue
[2021-11-13 13:22:56,609] {logging_mixin.py:109} INFO - [2021-11-13 13:22:56,608] {dagbag.py:500} INFO - Filling up the DagBag from /home/airflow/.local/lib/python3.7/site-packages/airflow/example_dags/tutorial.py
[2021-11-13 13:22:56,632] {processor.py:632} INFO - DAG(s) dict_keys(['tutorial']) retrieved from /home/airflow/.local/lib/python3.7/site-packages/airflow/example_dags/tutorial.py
[2021-11-13 13:22:56,641] {logging_mixin.py:109} INFO - [2021-11-13 13:22:56,641] {dag.py:2389} INFO - Sync 1 DAGs
[2021-11-13 13:22:56,656] {logging_mixin.py:109} INFO - [2021-11-13 13:22:56,656] {dag.py:2921} INFO - Setting next_dagrun for tutorial to 2021-11-12T13:22:56.655736+00:00
[2021-11-13 13:22:56,665] {processor.py:171} INFO - Processing /home/airflow/.local/lib/python3.7/site-packages/airflow/example_dags/tutorial.py took 0.061 seconds
[2021-11-13 13:23:27,367] {processor.py:163} INFO - Started process (PID=783) to work on /home/airflow/.local/lib/python3.7/site-packages/airflow/example_dags/tutorial.py
[2021-11-13 13:23:27,368] {processor.py:620} INFO - Processing file /home/airflow/.local/lib/python3.7/site-packages/airflow/example_dags/tutorial.py for tasks to queue
[2021-11-13 13:23:27,369] {logging_mixin.py:109} INFO - [2021-11-13 13:23:27,369] {dagbag.py:500} INFO - Filling up the DagBag from /home/airflow/.local/lib/python3.7/site-packages/airflow/example_dags/tutorial.py
[2021-11-13 13:23:27,390] {processor.py:632} INFO - DAG(s) dict_keys(['tutorial']) retrieved from /home/airflow/.local/lib/python3.7/site-packages/airflow/example_dags/tutorial.py
[2021-11-13 13:23:27,399] {logging_mixin.py:109} INFO - [2021-11-13 13:23:27,399] {dag.py:2389} INFO - Sync 1 DAGs
[2021-11-13 13:23:27,413] {logging_mixin.py:109} INFO - [2021-11-13 13:23:27,413] {dag.py:2921} INFO - Setting next_dagrun for tutorial to 2021-11-12T13:23:27.413619+00:00
[2021-11-13 13:23:27,422] {processor.py:171} INFO - Processing /home/airflow/.local/lib/python3.7/site-packages/airflow/example_dags/tutorial.py took 0.057 seconds
