[2021-11-15 20:13:14,354] {taskinstance.py:1035} INFO - Dependencies all met for <TaskInstance: covid_ingestion.process_BE_cases manual__2021-11-15T20:13:11.630119+00:00 [queued]>
[2021-11-15 20:13:14,367] {taskinstance.py:1035} INFO - Dependencies all met for <TaskInstance: covid_ingestion.process_BE_cases manual__2021-11-15T20:13:11.630119+00:00 [queued]>
[2021-11-15 20:13:14,367] {taskinstance.py:1241} INFO - 
--------------------------------------------------------------------------------
[2021-11-15 20:13:14,368] {taskinstance.py:1242} INFO - Starting attempt 1 of 1
[2021-11-15 20:13:14,368] {taskinstance.py:1243} INFO - 
--------------------------------------------------------------------------------
[2021-11-15 20:13:14,385] {taskinstance.py:1262} INFO - Executing <Task(PythonOperator): process_BE_cases> on 2021-11-15 20:13:11.630119+00:00
[2021-11-15 20:13:14,388] {standard_task_runner.py:52} INFO - Started process 1297 to run task
[2021-11-15 20:13:14,391] {standard_task_runner.py:76} INFO - Running: ['***', 'tasks', 'run', 'covid_ingestion', 'process_BE_cases', 'manual__2021-11-15T20:13:11.630119+00:00', '--job-id', '70', '--raw', '--subdir', 'DAGS_FOLDER/covid_ingestion.py', '--cfg-path', '/tmp/tmp6m2oa1tk', '--error-file', '/tmp/tmp704niww_']
[2021-11-15 20:13:14,392] {standard_task_runner.py:77} INFO - Job 70: Subtask process_BE_cases
[2021-11-15 20:13:14,429] {logging_mixin.py:109} INFO - Running <TaskInstance: covid_ingestion.process_BE_cases manual__2021-11-15T20:13:11.630119+00:00 [running]> on host e693d79b64a2
[2021-11-15 20:13:14,475] {taskinstance.py:1429} INFO - Exporting the following env vars:
AIRFLOW_CTX_DAG_OWNER=***
AIRFLOW_CTX_DAG_ID=covid_ingestion
AIRFLOW_CTX_TASK_ID=process_BE_cases
AIRFLOW_CTX_EXECUTION_DATE=2021-11-15T20:13:11.630119+00:00
AIRFLOW_CTX_DAG_RUN_ID=manual__2021-11-15T20:13:11.630119+00:00
[2021-11-15 20:13:14,494] {warnings.py:110} WARNING - /home/***/.local/lib/python3.7/site-packages/pandas/core/series.py:1056: SettingWithCopyWarning: 
A value is trying to be set on a copy of a slice from a DataFrame

See the caveats in the documentation: https://pandas.pydata.org/pandas-docs/stable/user_guide/indexing.html#returning-a-view-versus-a-copy
  cacher_needs_updating = self._check_is_chained_assignment_possible()

[2021-11-15 20:13:14,496] {warnings.py:110} WARNING - /home/***/.local/lib/python3.7/site-packages/pandas/core/indexing.py:1724: SettingWithCopyWarning: 
A value is trying to be set on a copy of a slice from a DataFrame

See the caveats in the documentation: https://pandas.pydata.org/pandas-docs/stable/user_guide/indexing.html#returning-a-view-versus-a-copy
  self._setitem_with_indexer_missing(indexer, value)

[2021-11-15 20:13:14,532] {python.py:152} INFO - Done. Returned value was: {'date': '2021-11-15', 'deaths': 0.0, 'infections': 1.0, 'canton': 'BE'}
[2021-11-15 20:13:14,552] {taskinstance.py:1280} INFO - Marking task as SUCCESS. dag_id=covid_ingestion, task_id=process_BE_cases, execution_date=20211115T201311, start_date=20211115T201314, end_date=20211115T201314
[2021-11-15 20:13:14,603] {local_task_job.py:154} INFO - Task exited with return code 0
[2021-11-15 20:13:14,633] {local_task_job.py:264} INFO - 1 downstream tasks scheduled from follow-on schedule check
